[2025-03-07T16:04:51.172+0100] {local_task_job_runner.py:123} INFO - ::group::Pre task execution logs
[2025-03-07T16:04:51.179+0100] {taskinstance.py:2614} INFO - Dependencies all met for dep_context=non-requeueable deps ti=<TaskInstance: climate_data_pipeline.extract_climate_trace_data manual__2025-03-07T15:04:34.281799+00:00 [queued]>
[2025-03-07T16:04:51.182+0100] {taskinstance.py:2614} INFO - Dependencies all met for dep_context=requeueable deps ti=<TaskInstance: climate_data_pipeline.extract_climate_trace_data manual__2025-03-07T15:04:34.281799+00:00 [queued]>
[2025-03-07T16:04:51.183+0100] {taskinstance.py:2867} INFO - Starting attempt 1 of 2
[2025-03-07T16:04:51.190+0100] {taskinstance.py:2890} INFO - Executing <Task(PythonOperator): extract_climate_trace_data> on 2025-03-07 15:04:34.281799+00:00
[2025-03-07T16:04:51.196+0100] {standard_task_runner.py:72} INFO - Started process 13903 to run task
[2025-03-07T16:04:51.202+0100] {standard_task_runner.py:104} INFO - Running: ['airflow', 'tasks', 'run', 'climate_data_pipeline', 'extract_climate_trace_data', 'manual__2025-03-07T15:04:34.281799+00:00', '--job-id', '50', '--raw', '--subdir', 'DAGS_FOLDER/climate-data-dag.py', '--cfg-path', '/var/folders/55/x1yqz6851xj6j2f0smdhs4jh0000gn/T/tmpgfqm96yw']
[2025-03-07T16:04:51.204+0100] {standard_task_runner.py:105} INFO - Job 50: Subtask extract_climate_trace_data
[2025-03-07T16:04:51.238+0100] {task_command.py:467} INFO - Running <TaskInstance: climate_data_pipeline.extract_climate_trace_data manual__2025-03-07T15:04:34.281799+00:00 [running]> on host gabis-imac-pro.local
[2025-03-07T16:04:51.281+0100] {taskinstance.py:3134} INFO - Exporting env vars: AIRFLOW_CTX_DAG_OWNER='zoomcamp' AIRFLOW_CTX_DAG_ID='climate_data_pipeline' AIRFLOW_CTX_TASK_ID='extract_climate_trace_data' AIRFLOW_CTX_EXECUTION_DATE='2025-03-07T15:04:34.281799+00:00' AIRFLOW_CTX_TRY_NUMBER='1' AIRFLOW_CTX_DAG_RUN_ID='manual__2025-03-07T15:04:34.281799+00:00'
[2025-03-07T16:04:51.282+0100] {logging_mixin.py:190} INFO - Task instance is in running state
[2025-03-07T16:04:51.283+0100] {logging_mixin.py:190} INFO -  Previous state of the Task instance: queued
[2025-03-07T16:04:51.283+0100] {logging_mixin.py:190} INFO - Current task name:extract_climate_trace_data state:running start_date:2025-03-07 15:04:51.179250+00:00
[2025-03-07T16:04:51.284+0100] {logging_mixin.py:190} INFO - Dag name:climate_data_pipeline and current dag run status:running
[2025-03-07T16:04:51.284+0100] {taskinstance.py:732} INFO - ::endgroup::
[2025-03-07T16:04:51.285+0100] {logging_mixin.py:190} INFO - Fetching list of countries from Climate Trace API
[2025-03-07T16:04:51.437+0100] {logging_mixin.py:190} INFO - Processing batch of 10 countries...
[2025-03-07T16:04:52.592+0100] {logging_mixin.py:190} INFO - Processing batch of 10 countries...
[2025-03-07T16:04:53.637+0100] {logging_mixin.py:190} INFO - Processing batch of 10 countries...
[2025-03-07T16:04:54.718+0100] {logging_mixin.py:190} INFO - Processing batch of 10 countries...
[2025-03-07T16:04:55.871+0100] {logging_mixin.py:190} INFO - Processing batch of 10 countries...
[2025-03-07T16:04:56.997+0100] {logging_mixin.py:190} INFO - Processing batch of 10 countries...
[2025-03-07T16:04:57.737+0100] {logging_mixin.py:190} INFO - Processing batch of 10 countries...
[2025-03-07T16:04:58.840+0100] {logging_mixin.py:190} INFO - Processing batch of 10 countries...
[2025-03-07T16:04:59.965+0100] {logging_mixin.py:190} INFO - Processing batch of 10 countries...
[2025-03-07T16:05:00.714+0100] {logging_mixin.py:190} INFO - Processing batch of 10 countries...
[2025-03-07T16:05:01.457+0100] {logging_mixin.py:190} INFO - Processing batch of 10 countries...
[2025-03-07T16:05:02.526+0100] {logging_mixin.py:190} INFO - Processing batch of 10 countries...
[2025-03-07T16:05:03.263+0100] {logging_mixin.py:190} INFO - Processing batch of 10 countries...
[2025-03-07T16:05:04.004+0100] {logging_mixin.py:190} INFO - Processing batch of 10 countries...
[2025-03-07T16:05:05.054+0100] {logging_mixin.py:190} INFO - Processing batch of 10 countries...
[2025-03-07T16:05:06.211+0100] {logging_mixin.py:190} INFO - Processing batch of 10 countries...
[2025-03-07T16:05:07.338+0100] {logging_mixin.py:190} INFO - Processing batch of 10 countries...
[2025-03-07T16:05:08.079+0100] {logging_mixin.py:190} INFO - Processing batch of 10 countries...
[2025-03-07T16:05:09.182+0100] {logging_mixin.py:190} INFO - Processing batch of 10 countries...
[2025-03-07T16:05:10.293+0100] {logging_mixin.py:190} INFO - Processing batch of 10 countries...
[2025-03-07T16:05:11.435+0100] {logging_mixin.py:190} INFO - Processing batch of 10 countries...
[2025-03-07T16:05:12.562+0100] {logging_mixin.py:190} INFO - Processing batch of 10 countries...
[2025-03-07T16:05:13.597+0100] {logging_mixin.py:190} INFO - Processing batch of 10 countries...
[2025-03-07T16:05:14.711+0100] {logging_mixin.py:190} INFO - Processing batch of 10 countries...
[2025-03-07T16:05:15.448+0100] {logging_mixin.py:190} INFO - Processing batch of 10 countries...
[2025-03-07T16:05:16.555+0100] {logging_mixin.py:190} INFO - Processing batch of 2 countries...
[2025-03-07T16:05:17.586+0100] {logging_mixin.py:190} INFO - Saved Climate Trace emissions to: /Users/gabi/codes/climate_trace/climate_data_pipeline/data/climate_trace/global_emissions_2018.csv
[2025-03-07T16:05:17.587+0100] {python.py:240} INFO - Done. Returned value was: /Users/gabi/codes/climate_trace/climate_data_pipeline/data/climate_trace/global_emissions_2018.csv
[2025-03-07T16:05:17.597+0100] {taskinstance.py:341} INFO - ::group::Post task execution logs
[2025-03-07T16:05:17.598+0100] {taskinstance.py:353} INFO - Marking task as SUCCESS. dag_id=climate_data_pipeline, task_id=extract_climate_trace_data, run_id=manual__2025-03-07T15:04:34.281799+00:00, execution_date=20250307T150434, start_date=20250307T150451, end_date=20250307T150517
[2025-03-07T16:05:17.778+0100] {logging_mixin.py:190} INFO - Task instance in success state
[2025-03-07T16:05:17.778+0100] {logging_mixin.py:190} INFO -  Previous state of the Task instance: running
[2025-03-07T16:05:17.779+0100] {logging_mixin.py:190} INFO - Dag name:climate_data_pipeline queued_at:2025-03-07 15:04:34.290987+00:00
[2025-03-07T16:05:17.779+0100] {logging_mixin.py:190} INFO - Task hostname:gabis-imac-pro.local operator:PythonOperator
[2025-03-07T16:05:17.822+0100] {local_task_job_runner.py:266} INFO - Task exited with return code 0
[2025-03-07T16:05:17.835+0100] {taskinstance.py:3901} INFO - 1 downstream tasks scheduled from follow-on schedule check
[2025-03-07T16:05:17.836+0100] {local_task_job_runner.py:245} INFO - ::endgroup::
