[2025-03-07T16:07:51.392+0100] {local_task_job_runner.py:123} INFO - ::group::Pre task execution logs
[2025-03-07T16:07:51.399+0100] {taskinstance.py:2614} INFO - Dependencies all met for dep_context=non-requeueable deps ti=<TaskInstance: climate_data_pipeline.extract_climate_trace_data manual__2025-03-07T15:07:35.130949+00:00 [queued]>
[2025-03-07T16:07:51.402+0100] {taskinstance.py:2614} INFO - Dependencies all met for dep_context=requeueable deps ti=<TaskInstance: climate_data_pipeline.extract_climate_trace_data manual__2025-03-07T15:07:35.130949+00:00 [queued]>
[2025-03-07T16:07:51.403+0100] {taskinstance.py:2867} INFO - Starting attempt 1 of 2
[2025-03-07T16:07:51.410+0100] {taskinstance.py:2890} INFO - Executing <Task(PythonOperator): extract_climate_trace_data> on 2025-03-07 15:07:35.130949+00:00
[2025-03-07T16:07:51.416+0100] {standard_task_runner.py:72} INFO - Started process 14211 to run task
[2025-03-07T16:07:51.422+0100] {standard_task_runner.py:104} INFO - Running: ['airflow', 'tasks', 'run', 'climate_data_pipeline', 'extract_climate_trace_data', 'manual__2025-03-07T15:07:35.130949+00:00', '--job-id', '54', '--raw', '--subdir', 'DAGS_FOLDER/climate-data-dag.py', '--cfg-path', '/var/folders/55/x1yqz6851xj6j2f0smdhs4jh0000gn/T/tmpjmk7tw39']
[2025-03-07T16:07:51.424+0100] {standard_task_runner.py:105} INFO - Job 54: Subtask extract_climate_trace_data
[2025-03-07T16:07:51.456+0100] {task_command.py:467} INFO - Running <TaskInstance: climate_data_pipeline.extract_climate_trace_data manual__2025-03-07T15:07:35.130949+00:00 [running]> on host gabis-imac-pro.local
[2025-03-07T16:07:51.494+0100] {taskinstance.py:3134} INFO - Exporting env vars: AIRFLOW_CTX_DAG_OWNER='zoomcamp' AIRFLOW_CTX_DAG_ID='climate_data_pipeline' AIRFLOW_CTX_TASK_ID='extract_climate_trace_data' AIRFLOW_CTX_EXECUTION_DATE='2025-03-07T15:07:35.130949+00:00' AIRFLOW_CTX_TRY_NUMBER='1' AIRFLOW_CTX_DAG_RUN_ID='manual__2025-03-07T15:07:35.130949+00:00'
[2025-03-07T16:07:51.496+0100] {logging_mixin.py:190} INFO - Task instance is in running state
[2025-03-07T16:07:51.496+0100] {logging_mixin.py:190} INFO -  Previous state of the Task instance: queued
[2025-03-07T16:07:51.496+0100] {logging_mixin.py:190} INFO - Current task name:extract_climate_trace_data state:running start_date:2025-03-07 15:07:51.399382+00:00
[2025-03-07T16:07:51.497+0100] {logging_mixin.py:190} INFO - Dag name:climate_data_pipeline and current dag run status:running
[2025-03-07T16:07:51.497+0100] {taskinstance.py:732} INFO - ::endgroup::
[2025-03-07T16:07:51.498+0100] {logging_mixin.py:190} INFO - Fetching list of countries from Climate Trace API
[2025-03-07T16:07:51.647+0100] {logging_mixin.py:190} INFO - Processing batch of 10 countries...
[2025-03-07T16:07:52.709+0100] {logging_mixin.py:190} INFO - Processing batch of 10 countries...
[2025-03-07T16:07:53.445+0100] {logging_mixin.py:190} INFO - Processing batch of 10 countries...
[2025-03-07T16:07:54.549+0100] {logging_mixin.py:190} INFO - Processing batch of 10 countries...
[2025-03-07T16:07:55.678+0100] {logging_mixin.py:190} INFO - Processing batch of 10 countries...
[2025-03-07T16:07:56.806+0100] {logging_mixin.py:190} INFO - Processing batch of 10 countries...
[2025-03-07T16:07:57.931+0100] {logging_mixin.py:190} INFO - Processing batch of 10 countries...
[2025-03-07T16:07:59.055+0100] {logging_mixin.py:190} INFO - Processing batch of 10 countries...
[2025-03-07T16:08:00.105+0100] {logging_mixin.py:190} INFO - Processing batch of 10 countries...
[2025-03-07T16:08:01.157+0100] {logging_mixin.py:190} INFO - Processing batch of 10 countries...
[2025-03-07T16:08:02.232+0100] {logging_mixin.py:190} INFO - Processing batch of 10 countries...
[2025-03-07T16:08:03.359+0100] {logging_mixin.py:190} INFO - Processing batch of 10 countries...
[2025-03-07T16:08:04.485+0100] {logging_mixin.py:190} INFO - Processing batch of 10 countries...
[2025-03-07T16:08:05.610+0100] {logging_mixin.py:190} INFO - Processing batch of 10 countries...
[2025-03-07T16:08:06.738+0100] {logging_mixin.py:190} INFO - Processing batch of 10 countries...
[2025-03-07T16:08:07.864+0100] {logging_mixin.py:190} INFO - Processing batch of 10 countries...
[2025-03-07T16:08:08.990+0100] {logging_mixin.py:190} INFO - Processing batch of 10 countries...
[2025-03-07T16:08:10.031+0100] {logging_mixin.py:190} INFO - Processing batch of 10 countries...
[2025-03-07T16:08:11.139+0100] {logging_mixin.py:190} INFO - Processing batch of 10 countries...
[2025-03-07T16:08:12.197+0100] {logging_mixin.py:190} INFO - Processing batch of 10 countries...
[2025-03-07T16:08:13.248+0100] {logging_mixin.py:190} INFO - Processing batch of 10 countries...
[2025-03-07T16:08:14.299+0100] {logging_mixin.py:190} INFO - Processing batch of 10 countries...
[2025-03-07T16:08:15.440+0100] {logging_mixin.py:190} INFO - Processing batch of 10 countries...
[2025-03-07T16:08:16.477+0100] {logging_mixin.py:190} INFO - Processing batch of 10 countries...
[2025-03-07T16:08:17.215+0100] {logging_mixin.py:190} INFO - Processing batch of 10 countries...
[2025-03-07T16:08:17.949+0100] {logging_mixin.py:190} INFO - Processing batch of 2 countries...
[2025-03-07T16:08:19.037+0100] {logging_mixin.py:190} INFO - Saved Climate Trace emissions to: /Users/gabi/codes/climate_trace/climate_data_pipeline/data/climate_trace/global_emissions_2019.csv
[2025-03-07T16:08:19.037+0100] {python.py:240} INFO - Done. Returned value was: /Users/gabi/codes/climate_trace/climate_data_pipeline/data/climate_trace/global_emissions_2019.csv
[2025-03-07T16:08:19.048+0100] {taskinstance.py:341} INFO - ::group::Post task execution logs
[2025-03-07T16:08:19.049+0100] {taskinstance.py:353} INFO - Marking task as SUCCESS. dag_id=climate_data_pipeline, task_id=extract_climate_trace_data, run_id=manual__2025-03-07T15:07:35.130949+00:00, execution_date=20250307T150735, start_date=20250307T150751, end_date=20250307T150819
[2025-03-07T16:08:19.229+0100] {logging_mixin.py:190} INFO - Task instance in success state
[2025-03-07T16:08:19.230+0100] {logging_mixin.py:190} INFO -  Previous state of the Task instance: running
[2025-03-07T16:08:19.230+0100] {logging_mixin.py:190} INFO - Dag name:climate_data_pipeline queued_at:2025-03-07 15:07:35.140239+00:00
[2025-03-07T16:08:19.230+0100] {logging_mixin.py:190} INFO - Task hostname:gabis-imac-pro.local operator:PythonOperator
[2025-03-07T16:08:19.248+0100] {local_task_job_runner.py:266} INFO - Task exited with return code 0
[2025-03-07T16:08:19.262+0100] {taskinstance.py:3901} INFO - 1 downstream tasks scheduled from follow-on schedule check
[2025-03-07T16:08:19.263+0100] {local_task_job_runner.py:245} INFO - ::endgroup::
