[2025-03-07T16:09:40.291+0100] {local_task_job_runner.py:123} INFO - ::group::Pre task execution logs
[2025-03-07T16:09:40.298+0100] {taskinstance.py:2614} INFO - Dependencies all met for dep_context=non-requeueable deps ti=<TaskInstance: climate_data_pipeline.extract_climate_trace_data manual__2025-03-07T15:09:24.615494+00:00 [queued]>
[2025-03-07T16:09:40.302+0100] {taskinstance.py:2614} INFO - Dependencies all met for dep_context=requeueable deps ti=<TaskInstance: climate_data_pipeline.extract_climate_trace_data manual__2025-03-07T15:09:24.615494+00:00 [queued]>
[2025-03-07T16:09:40.302+0100] {taskinstance.py:2867} INFO - Starting attempt 1 of 2
[2025-03-07T16:09:40.309+0100] {taskinstance.py:2890} INFO - Executing <Task(PythonOperator): extract_climate_trace_data> on 2025-03-07 15:09:24.615494+00:00
[2025-03-07T16:09:40.316+0100] {standard_task_runner.py:72} INFO - Started process 14355 to run task
[2025-03-07T16:09:40.321+0100] {standard_task_runner.py:104} INFO - Running: ['airflow', 'tasks', 'run', 'climate_data_pipeline', 'extract_climate_trace_data', 'manual__2025-03-07T15:09:24.615494+00:00', '--job-id', '58', '--raw', '--subdir', 'DAGS_FOLDER/climate-data-dag.py', '--cfg-path', '/var/folders/55/x1yqz6851xj6j2f0smdhs4jh0000gn/T/tmpbt1erxyg']
[2025-03-07T16:09:40.323+0100] {standard_task_runner.py:105} INFO - Job 58: Subtask extract_climate_trace_data
[2025-03-07T16:09:40.356+0100] {task_command.py:467} INFO - Running <TaskInstance: climate_data_pipeline.extract_climate_trace_data manual__2025-03-07T15:09:24.615494+00:00 [running]> on host gabis-imac-pro.local
[2025-03-07T16:09:40.395+0100] {taskinstance.py:3134} INFO - Exporting env vars: AIRFLOW_CTX_DAG_OWNER='zoomcamp' AIRFLOW_CTX_DAG_ID='climate_data_pipeline' AIRFLOW_CTX_TASK_ID='extract_climate_trace_data' AIRFLOW_CTX_EXECUTION_DATE='2025-03-07T15:09:24.615494+00:00' AIRFLOW_CTX_TRY_NUMBER='1' AIRFLOW_CTX_DAG_RUN_ID='manual__2025-03-07T15:09:24.615494+00:00'
[2025-03-07T16:09:40.397+0100] {logging_mixin.py:190} INFO - Task instance is in running state
[2025-03-07T16:09:40.397+0100] {logging_mixin.py:190} INFO -  Previous state of the Task instance: queued
[2025-03-07T16:09:40.397+0100] {logging_mixin.py:190} INFO - Current task name:extract_climate_trace_data state:running start_date:2025-03-07 15:09:40.298692+00:00
[2025-03-07T16:09:40.398+0100] {logging_mixin.py:190} INFO - Dag name:climate_data_pipeline and current dag run status:running
[2025-03-07T16:09:40.398+0100] {taskinstance.py:732} INFO - ::endgroup::
[2025-03-07T16:09:40.399+0100] {logging_mixin.py:190} INFO - Fetching list of countries from Climate Trace API
[2025-03-07T16:09:40.549+0100] {logging_mixin.py:190} INFO - Processing batch of 10 countries...
[2025-03-07T16:09:41.658+0100] {logging_mixin.py:190} INFO - Processing batch of 10 countries...
[2025-03-07T16:09:42.785+0100] {logging_mixin.py:190} INFO - Processing batch of 10 countries...
[2025-03-07T16:09:43.912+0100] {logging_mixin.py:190} INFO - Processing batch of 10 countries...
[2025-03-07T16:09:45.038+0100] {logging_mixin.py:190} INFO - Processing batch of 10 countries...
[2025-03-07T16:09:46.165+0100] {logging_mixin.py:190} INFO - Processing batch of 10 countries...
[2025-03-07T16:09:47.291+0100] {logging_mixin.py:190} INFO - Processing batch of 10 countries...
[2025-03-07T16:09:48.419+0100] {logging_mixin.py:190} INFO - Processing batch of 10 countries...
[2025-03-07T16:09:49.543+0100] {logging_mixin.py:190} INFO - Processing batch of 10 countries...
[2025-03-07T16:09:50.287+0100] {logging_mixin.py:190} INFO - Processing batch of 10 countries...
[2025-03-07T16:09:51.388+0100] {logging_mixin.py:190} INFO - Processing batch of 10 countries...
[2025-03-07T16:09:52.515+0100] {logging_mixin.py:190} INFO - Processing batch of 10 countries...
[2025-03-07T16:09:53.639+0100] {logging_mixin.py:190} INFO - Processing batch of 10 countries...
[2025-03-07T16:09:54.766+0100] {logging_mixin.py:190} INFO - Processing batch of 10 countries...
[2025-03-07T16:09:55.507+0100] {logging_mixin.py:190} INFO - Processing batch of 10 countries...
[2025-03-07T16:09:56.610+0100] {logging_mixin.py:190} INFO - Processing batch of 10 countries...
[2025-03-07T16:09:57.736+0100] {logging_mixin.py:190} INFO - Processing batch of 10 countries...
[2025-03-07T16:09:58.865+0100] {logging_mixin.py:190} INFO - Processing batch of 10 countries...
[2025-03-07T16:09:59.613+0100] {logging_mixin.py:190} INFO - Processing batch of 10 countries...
[2025-03-07T16:10:00.706+0100] {logging_mixin.py:190} INFO - Processing batch of 10 countries...
[2025-03-07T16:10:01.832+0100] {logging_mixin.py:190} INFO - Processing batch of 10 countries...
[2025-03-07T16:10:02.880+0100] {logging_mixin.py:190} INFO - Processing batch of 10 countries...
[2025-03-07T16:10:03.982+0100] {logging_mixin.py:190} INFO - Processing batch of 10 countries...
[2025-03-07T16:10:05.105+0100] {logging_mixin.py:190} INFO - Processing batch of 10 countries...
[2025-03-07T16:10:06.232+0100] {logging_mixin.py:190} INFO - Processing batch of 10 countries...
[2025-03-07T16:10:07.361+0100] {logging_mixin.py:190} INFO - Processing batch of 2 countries...
[2025-03-07T16:10:08.450+0100] {logging_mixin.py:190} INFO - Saved Climate Trace emissions to: /Users/gabi/codes/climate_trace/climate_data_pipeline/data/climate_trace/global_emissions_2020.csv
[2025-03-07T16:10:08.450+0100] {python.py:240} INFO - Done. Returned value was: /Users/gabi/codes/climate_trace/climate_data_pipeline/data/climate_trace/global_emissions_2020.csv
[2025-03-07T16:10:08.460+0100] {taskinstance.py:341} INFO - ::group::Post task execution logs
[2025-03-07T16:10:08.461+0100] {taskinstance.py:353} INFO - Marking task as SUCCESS. dag_id=climate_data_pipeline, task_id=extract_climate_trace_data, run_id=manual__2025-03-07T15:09:24.615494+00:00, execution_date=20250307T150924, start_date=20250307T150940, end_date=20250307T151008
[2025-03-07T16:10:08.667+0100] {logging_mixin.py:190} INFO - Task instance in success state
[2025-03-07T16:10:08.667+0100] {logging_mixin.py:190} INFO -  Previous state of the Task instance: running
[2025-03-07T16:10:08.668+0100] {logging_mixin.py:190} INFO - Dag name:climate_data_pipeline queued_at:2025-03-07 15:09:24.624634+00:00
[2025-03-07T16:10:08.668+0100] {logging_mixin.py:190} INFO - Task hostname:gabis-imac-pro.local operator:PythonOperator
[2025-03-07T16:10:08.710+0100] {local_task_job_runner.py:266} INFO - Task exited with return code 0
[2025-03-07T16:10:08.724+0100] {taskinstance.py:3901} INFO - 1 downstream tasks scheduled from follow-on schedule check
[2025-03-07T16:10:08.726+0100] {local_task_job_runner.py:245} INFO - ::endgroup::
