[2025-03-07T16:00:26.927+0100] {local_task_job_runner.py:123} INFO - ::group::Pre task execution logs
[2025-03-07T16:00:26.934+0100] {taskinstance.py:2614} INFO - Dependencies all met for dep_context=non-requeueable deps ti=<TaskInstance: climate_data_pipeline.extract_climate_trace_data manual__2025-03-07T15:00:13.672619+00:00 [queued]>
[2025-03-07T16:00:26.937+0100] {taskinstance.py:2614} INFO - Dependencies all met for dep_context=requeueable deps ti=<TaskInstance: climate_data_pipeline.extract_climate_trace_data manual__2025-03-07T15:00:13.672619+00:00 [queued]>
[2025-03-07T16:00:26.938+0100] {taskinstance.py:2867} INFO - Starting attempt 1 of 2
[2025-03-07T16:00:26.945+0100] {taskinstance.py:2890} INFO - Executing <Task(PythonOperator): extract_climate_trace_data> on 2025-03-07 15:00:13.672619+00:00
[2025-03-07T16:00:26.951+0100] {standard_task_runner.py:72} INFO - Started process 13552 to run task
[2025-03-07T16:00:26.957+0100] {standard_task_runner.py:104} INFO - Running: ['airflow', 'tasks', 'run', 'climate_data_pipeline', 'extract_climate_trace_data', 'manual__2025-03-07T15:00:13.672619+00:00', '--job-id', '42', '--raw', '--subdir', 'DAGS_FOLDER/climate-data-dag.py', '--cfg-path', '/var/folders/55/x1yqz6851xj6j2f0smdhs4jh0000gn/T/tmpjenm2hdf']
[2025-03-07T16:00:26.959+0100] {standard_task_runner.py:105} INFO - Job 42: Subtask extract_climate_trace_data
[2025-03-07T16:00:26.993+0100] {task_command.py:467} INFO - Running <TaskInstance: climate_data_pipeline.extract_climate_trace_data manual__2025-03-07T15:00:13.672619+00:00 [running]> on host gabis-imac-pro.local
[2025-03-07T16:00:27.032+0100] {taskinstance.py:3134} INFO - Exporting env vars: AIRFLOW_CTX_DAG_OWNER='zoomcamp' AIRFLOW_CTX_DAG_ID='climate_data_pipeline' AIRFLOW_CTX_TASK_ID='extract_climate_trace_data' AIRFLOW_CTX_EXECUTION_DATE='2025-03-07T15:00:13.672619+00:00' AIRFLOW_CTX_TRY_NUMBER='1' AIRFLOW_CTX_DAG_RUN_ID='manual__2025-03-07T15:00:13.672619+00:00'
[2025-03-07T16:00:27.034+0100] {logging_mixin.py:190} INFO - Task instance is in running state
[2025-03-07T16:00:27.034+0100] {logging_mixin.py:190} INFO -  Previous state of the Task instance: queued
[2025-03-07T16:00:27.034+0100] {logging_mixin.py:190} INFO - Current task name:extract_climate_trace_data state:running start_date:2025-03-07 15:00:26.934286+00:00
[2025-03-07T16:00:27.035+0100] {logging_mixin.py:190} INFO - Dag name:climate_data_pipeline and current dag run status:running
[2025-03-07T16:00:27.035+0100] {taskinstance.py:732} INFO - ::endgroup::
[2025-03-07T16:00:27.036+0100] {logging_mixin.py:190} INFO - Fetching list of countries from Climate Trace API
[2025-03-07T16:00:27.428+0100] {logging_mixin.py:190} INFO - Processing batch of 10 countries...
[2025-03-07T16:00:28.495+0100] {logging_mixin.py:190} INFO - Processing batch of 10 countries...
[2025-03-07T16:00:29.529+0100] {logging_mixin.py:190} INFO - Processing batch of 10 countries...
[2025-03-07T16:00:30.664+0100] {logging_mixin.py:190} INFO - Processing batch of 10 countries...
[2025-03-07T16:00:31.789+0100] {logging_mixin.py:190} INFO - Processing batch of 10 countries...
[2025-03-07T16:00:32.916+0100] {logging_mixin.py:190} INFO - Processing batch of 10 countries...
[2025-03-07T16:00:34.042+0100] {logging_mixin.py:190} INFO - Processing batch of 10 countries...
[2025-03-07T16:00:34.783+0100] {logging_mixin.py:190} INFO - Processing batch of 10 countries...
[2025-03-07T16:00:35.886+0100] {logging_mixin.py:190} INFO - Processing batch of 10 countries...
[2025-03-07T16:00:36.946+0100] {logging_mixin.py:190} INFO - Processing batch of 10 countries...
[2025-03-07T16:00:38.039+0100] {logging_mixin.py:190} INFO - Processing batch of 10 countries...
[2025-03-07T16:00:39.161+0100] {logging_mixin.py:190} INFO - Processing batch of 10 countries...
[2025-03-07T16:00:39.906+0100] {logging_mixin.py:190} INFO - Processing batch of 10 countries...
[2025-03-07T16:00:41.005+0100] {logging_mixin.py:190} INFO - Processing batch of 10 countries...
[2025-03-07T16:00:42.128+0100] {logging_mixin.py:190} INFO - Processing batch of 10 countries...
[2025-03-07T16:00:43.260+0100] {logging_mixin.py:190} INFO - Processing batch of 10 countries...
[2025-03-07T16:00:44.376+0100] {logging_mixin.py:190} INFO - Processing batch of 10 countries...
[2025-03-07T16:00:45.444+0100] {logging_mixin.py:190} INFO - Processing batch of 10 countries...
[2025-03-07T16:00:46.189+0100] {logging_mixin.py:190} INFO - Processing batch of 10 countries...
[2025-03-07T16:00:47.354+0100] {logging_mixin.py:190} INFO - Processing batch of 10 countries...
[2025-03-07T16:00:48.396+0100] {logging_mixin.py:190} INFO - Processing batch of 10 countries...
[2025-03-07T16:00:49.504+0100] {logging_mixin.py:190} INFO - Processing batch of 10 countries...
[2025-03-07T16:00:50.250+0100] {logging_mixin.py:190} INFO - Processing batch of 10 countries...
[2025-03-07T16:00:51.608+0100] {logging_mixin.py:190} INFO - Processing batch of 10 countries...
[2025-03-07T16:00:52.659+0100] {logging_mixin.py:190} INFO - Processing batch of 10 countries...
[2025-03-07T16:00:53.703+0100] {logging_mixin.py:190} INFO - Processing batch of 2 countries...
[2025-03-07T16:00:54.436+0100] {logging_mixin.py:190} INFO - Saved Climate Trace emissions to: /Users/gabi/codes/climate_trace/climate_data_pipeline/data/climate_trace/global_emissions_2017.csv
[2025-03-07T16:00:54.436+0100] {python.py:240} INFO - Done. Returned value was: /Users/gabi/codes/climate_trace/climate_data_pipeline/data/climate_trace/global_emissions_2017.csv
[2025-03-07T16:00:54.447+0100] {taskinstance.py:341} INFO - ::group::Post task execution logs
[2025-03-07T16:00:54.448+0100] {taskinstance.py:353} INFO - Marking task as SUCCESS. dag_id=climate_data_pipeline, task_id=extract_climate_trace_data, run_id=manual__2025-03-07T15:00:13.672619+00:00, execution_date=20250307T150013, start_date=20250307T150026, end_date=20250307T150054
[2025-03-07T16:00:54.633+0100] {logging_mixin.py:190} INFO - Task instance in success state
[2025-03-07T16:00:54.633+0100] {logging_mixin.py:190} INFO -  Previous state of the Task instance: running
[2025-03-07T16:00:54.633+0100] {logging_mixin.py:190} INFO - Dag name:climate_data_pipeline queued_at:2025-03-07 15:00:13.681973+00:00
[2025-03-07T16:00:54.634+0100] {logging_mixin.py:190} INFO - Task hostname:gabis-imac-pro.local operator:PythonOperator
[2025-03-07T16:00:54.652+0100] {local_task_job_runner.py:266} INFO - Task exited with return code 0
[2025-03-07T16:00:54.666+0100] {taskinstance.py:3901} INFO - 1 downstream tasks scheduled from follow-on schedule check
[2025-03-07T16:00:54.667+0100] {local_task_job_runner.py:245} INFO - ::endgroup::
