[2025-03-07T16:24:54.556+0100] {local_task_job_runner.py:123} INFO - ::group::Pre task execution logs
[2025-03-07T16:24:54.563+0100] {taskinstance.py:2614} INFO - Dependencies all met for dep_context=non-requeueable deps ti=<TaskInstance: climate_data_pipeline.extract_climate_trace_data manual__2025-03-07T15:24:40.923104+00:00 [queued]>
[2025-03-07T16:24:54.567+0100] {taskinstance.py:2614} INFO - Dependencies all met for dep_context=requeueable deps ti=<TaskInstance: climate_data_pipeline.extract_climate_trace_data manual__2025-03-07T15:24:40.923104+00:00 [queued]>
[2025-03-07T16:24:54.567+0100] {taskinstance.py:2867} INFO - Starting attempt 1 of 2
[2025-03-07T16:24:54.575+0100] {taskinstance.py:2890} INFO - Executing <Task(PythonOperator): extract_climate_trace_data> on 2025-03-07 15:24:40.923104+00:00
[2025-03-07T16:24:54.582+0100] {standard_task_runner.py:72} INFO - Started process 15990 to run task
[2025-03-07T16:24:54.588+0100] {standard_task_runner.py:104} INFO - Running: ['airflow', 'tasks', 'run', 'climate_data_pipeline', 'extract_climate_trace_data', 'manual__2025-03-07T15:24:40.923104+00:00', '--job-id', '70', '--raw', '--subdir', 'DAGS_FOLDER/climate-data-dag.py', '--cfg-path', '/var/folders/55/x1yqz6851xj6j2f0smdhs4jh0000gn/T/tmpqjbxeow4']
[2025-03-07T16:24:54.589+0100] {standard_task_runner.py:105} INFO - Job 70: Subtask extract_climate_trace_data
[2025-03-07T16:24:54.622+0100] {task_command.py:467} INFO - Running <TaskInstance: climate_data_pipeline.extract_climate_trace_data manual__2025-03-07T15:24:40.923104+00:00 [running]> on host gabis-imac-pro.local
[2025-03-07T16:24:54.661+0100] {taskinstance.py:3134} INFO - Exporting env vars: AIRFLOW_CTX_DAG_OWNER='zoomcamp' AIRFLOW_CTX_DAG_ID='climate_data_pipeline' AIRFLOW_CTX_TASK_ID='extract_climate_trace_data' AIRFLOW_CTX_EXECUTION_DATE='2025-03-07T15:24:40.923104+00:00' AIRFLOW_CTX_TRY_NUMBER='1' AIRFLOW_CTX_DAG_RUN_ID='manual__2025-03-07T15:24:40.923104+00:00'
[2025-03-07T16:24:54.663+0100] {logging_mixin.py:190} INFO - Task instance is in running state
[2025-03-07T16:24:54.663+0100] {logging_mixin.py:190} INFO -  Previous state of the Task instance: queued
[2025-03-07T16:24:54.664+0100] {logging_mixin.py:190} INFO - Current task name:extract_climate_trace_data state:running start_date:2025-03-07 15:24:54.563525+00:00
[2025-03-07T16:24:54.664+0100] {logging_mixin.py:190} INFO - Dag name:climate_data_pipeline and current dag run status:running
[2025-03-07T16:24:54.664+0100] {taskinstance.py:732} INFO - ::endgroup::
[2025-03-07T16:24:54.665+0100] {logging_mixin.py:190} INFO - Fetching list of countries from Climate Trace API
[2025-03-07T16:24:54.791+0100] {logging_mixin.py:190} INFO - Processing batch of 10 countries...
[2025-03-07T16:24:55.834+0100] {logging_mixin.py:190} INFO - Processing batch of 10 countries...
[2025-03-07T16:24:56.964+0100] {logging_mixin.py:190} INFO - Processing batch of 10 countries...
[2025-03-07T16:24:58.009+0100] {logging_mixin.py:190} INFO - Processing batch of 10 countries...
[2025-03-07T16:24:59.118+0100] {logging_mixin.py:190} INFO - Processing batch of 10 countries...
[2025-03-07T16:25:00.244+0100] {logging_mixin.py:190} INFO - Processing batch of 10 countries...
[2025-03-07T16:25:00.990+0100] {logging_mixin.py:190} INFO - Processing batch of 10 countries...
[2025-03-07T16:25:01.740+0100] {logging_mixin.py:190} INFO - Processing batch of 10 countries...
[2025-03-07T16:25:02.803+0100] {logging_mixin.py:190} INFO - Processing batch of 10 countries...
[2025-03-07T16:25:03.931+0100] {logging_mixin.py:190} INFO - Processing batch of 10 countries...
[2025-03-07T16:25:04.984+0100] {logging_mixin.py:190} INFO - Processing batch of 10 countries...
[2025-03-07T16:25:05.724+0100] {logging_mixin.py:190} INFO - Processing batch of 10 countries...
[2025-03-07T16:25:06.899+0100] {logging_mixin.py:190} INFO - Processing batch of 10 countries...
[2025-03-07T16:25:08.027+0100] {logging_mixin.py:190} INFO - Processing batch of 10 countries...
[2025-03-07T16:25:08.780+0100] {logging_mixin.py:190} INFO - Processing batch of 10 countries...
[2025-03-07T16:25:09.821+0100] {logging_mixin.py:190} INFO - Processing batch of 10 countries...
[2025-03-07T16:25:10.894+0100] {logging_mixin.py:190} INFO - Processing batch of 10 countries...
[2025-03-07T16:25:11.628+0100] {logging_mixin.py:190} INFO - Processing batch of 10 countries...
[2025-03-07T16:28:01.690+0100] {logging_mixin.py:190} INFO - Processing batch of 10 countries...
[2025-03-07T16:28:02.816+0100] {logging_mixin.py:190} INFO - Processing batch of 10 countries...
[2025-03-07T16:28:05.873+0100] {logging_mixin.py:190} INFO - Processing batch of 10 countries...
[2025-03-07T16:28:06.986+0100] {logging_mixin.py:190} INFO - Processing batch of 10 countries...
[2025-03-07T16:28:08.053+0100] {logging_mixin.py:190} INFO - Processing batch of 10 countries...
[2025-03-07T16:28:09.149+0100] {logging_mixin.py:190} INFO - Processing batch of 10 countries...
[2025-03-07T16:28:10.203+0100] {logging_mixin.py:190} INFO - Processing batch of 10 countries...
[2025-03-07T16:28:10.940+0100] {logging_mixin.py:190} INFO - Processing batch of 2 countries...
[2025-03-07T16:28:11.668+0100] {logging_mixin.py:190} INFO - Saved Climate Trace emissions to: /Users/gabi/codes/climate_trace/climate_data_pipeline/data/climate_trace/global_emissions_2023.csv
[2025-03-07T16:28:11.668+0100] {python.py:240} INFO - Done. Returned value was: /Users/gabi/codes/climate_trace/climate_data_pipeline/data/climate_trace/global_emissions_2023.csv
[2025-03-07T16:28:11.857+0100] {taskinstance.py:341} INFO - ::group::Post task execution logs
[2025-03-07T16:28:11.858+0100] {taskinstance.py:353} INFO - Marking task as SUCCESS. dag_id=climate_data_pipeline, task_id=extract_climate_trace_data, run_id=manual__2025-03-07T15:24:40.923104+00:00, execution_date=20250307T152440, start_date=20250307T152454, end_date=20250307T152811
[2025-03-07T16:28:11.867+0100] {logging_mixin.py:190} INFO - Task instance in success state
[2025-03-07T16:28:11.867+0100] {logging_mixin.py:190} INFO -  Previous state of the Task instance: running
[2025-03-07T16:28:11.867+0100] {logging_mixin.py:190} INFO - Dag name:climate_data_pipeline queued_at:2025-03-07 15:24:40.930568+00:00
[2025-03-07T16:28:11.868+0100] {logging_mixin.py:190} INFO - Task hostname:gabis-imac-pro.local operator:PythonOperator
[2025-03-07T16:28:11.905+0100] {local_task_job_runner.py:266} INFO - Task exited with return code 0
[2025-03-07T16:28:11.920+0100] {taskinstance.py:3901} INFO - 1 downstream tasks scheduled from follow-on schedule check
[2025-03-07T16:28:11.921+0100] {local_task_job_runner.py:245} INFO - ::endgroup::
