[2025-03-07T16:22:25.214+0100] {local_task_job_runner.py:123} INFO - ::group::Pre task execution logs
[2025-03-07T16:22:25.221+0100] {taskinstance.py:2614} INFO - Dependencies all met for dep_context=non-requeueable deps ti=<TaskInstance: climate_data_pipeline.extract_climate_trace_data manual__2025-03-07T15:22:09.770843+00:00 [queued]>
[2025-03-07T16:22:25.224+0100] {taskinstance.py:2614} INFO - Dependencies all met for dep_context=requeueable deps ti=<TaskInstance: climate_data_pipeline.extract_climate_trace_data manual__2025-03-07T15:22:09.770843+00:00 [queued]>
[2025-03-07T16:22:25.225+0100] {taskinstance.py:2867} INFO - Starting attempt 1 of 2
[2025-03-07T16:22:25.232+0100] {taskinstance.py:2890} INFO - Executing <Task(PythonOperator): extract_climate_trace_data> on 2025-03-07 15:22:09.770843+00:00
[2025-03-07T16:22:25.239+0100] {standard_task_runner.py:72} INFO - Started process 15776 to run task
[2025-03-07T16:22:25.245+0100] {standard_task_runner.py:104} INFO - Running: ['airflow', 'tasks', 'run', 'climate_data_pipeline', 'extract_climate_trace_data', 'manual__2025-03-07T15:22:09.770843+00:00', '--job-id', '62', '--raw', '--subdir', 'DAGS_FOLDER/climate-data-dag.py', '--cfg-path', '/var/folders/55/x1yqz6851xj6j2f0smdhs4jh0000gn/T/tmphiqk_7v0']
[2025-03-07T16:22:25.247+0100] {standard_task_runner.py:105} INFO - Job 62: Subtask extract_climate_trace_data
[2025-03-07T16:22:25.282+0100] {task_command.py:467} INFO - Running <TaskInstance: climate_data_pipeline.extract_climate_trace_data manual__2025-03-07T15:22:09.770843+00:00 [running]> on host gabis-imac-pro.local
[2025-03-07T16:22:25.325+0100] {taskinstance.py:3134} INFO - Exporting env vars: AIRFLOW_CTX_DAG_OWNER='zoomcamp' AIRFLOW_CTX_DAG_ID='climate_data_pipeline' AIRFLOW_CTX_TASK_ID='extract_climate_trace_data' AIRFLOW_CTX_EXECUTION_DATE='2025-03-07T15:22:09.770843+00:00' AIRFLOW_CTX_TRY_NUMBER='1' AIRFLOW_CTX_DAG_RUN_ID='manual__2025-03-07T15:22:09.770843+00:00'
[2025-03-07T16:22:25.326+0100] {logging_mixin.py:190} INFO - Task instance is in running state
[2025-03-07T16:22:25.327+0100] {logging_mixin.py:190} INFO -  Previous state of the Task instance: queued
[2025-03-07T16:22:25.327+0100] {logging_mixin.py:190} INFO - Current task name:extract_climate_trace_data state:running start_date:2025-03-07 15:22:25.221255+00:00
[2025-03-07T16:22:25.328+0100] {logging_mixin.py:190} INFO - Dag name:climate_data_pipeline and current dag run status:running
[2025-03-07T16:22:25.328+0100] {taskinstance.py:732} INFO - ::endgroup::
[2025-03-07T16:22:25.329+0100] {logging_mixin.py:190} INFO - Fetching list of countries from Climate Trace API
[2025-03-07T16:22:25.472+0100] {logging_mixin.py:190} INFO - Processing batch of 10 countries...
[2025-03-07T16:22:26.503+0100] {logging_mixin.py:190} INFO - Processing batch of 10 countries...
[2025-03-07T16:22:27.552+0100] {logging_mixin.py:190} INFO - Processing batch of 10 countries...
[2025-03-07T16:22:28.301+0100] {logging_mixin.py:190} INFO - Processing batch of 10 countries...
[2025-03-07T16:22:29.372+0100] {logging_mixin.py:190} INFO - Processing batch of 10 countries...
[2025-03-07T16:22:30.540+0100] {logging_mixin.py:190} INFO - Processing batch of 10 countries...
[2025-03-07T16:22:31.666+0100] {logging_mixin.py:190} INFO - Processing batch of 10 countries...
[2025-03-07T16:22:32.793+0100] {logging_mixin.py:190} INFO - Processing batch of 10 countries...
[2025-03-07T16:22:33.918+0100] {logging_mixin.py:190} INFO - Processing batch of 10 countries...
[2025-03-07T16:22:35.045+0100] {logging_mixin.py:190} INFO - Processing batch of 10 countries...
[2025-03-07T16:22:36.169+0100] {logging_mixin.py:190} INFO - Processing batch of 10 countries...
[2025-03-07T16:22:36.914+0100] {logging_mixin.py:190} INFO - Processing batch of 10 countries...
[2025-03-07T16:22:38.014+0100] {logging_mixin.py:190} INFO - Processing batch of 10 countries...
[2025-03-07T16:22:38.753+0100] {logging_mixin.py:190} INFO - Processing batch of 10 countries...
[2025-03-07T16:22:39.791+0100] {logging_mixin.py:190} INFO - Processing batch of 10 countries...
[2025-03-07T16:22:40.882+0100] {logging_mixin.py:190} INFO - Processing batch of 10 countries...
[2025-03-07T16:22:42.009+0100] {logging_mixin.py:190} INFO - Processing batch of 10 countries...
[2025-03-07T16:22:43.134+0100] {logging_mixin.py:190} INFO - Processing batch of 10 countries...
[2025-03-07T16:22:44.260+0100] {logging_mixin.py:190} INFO - Processing batch of 10 countries...
[2025-03-07T16:22:45.319+0100] {logging_mixin.py:190} INFO - Processing batch of 10 countries...
[2025-03-07T16:22:46.064+0100] {logging_mixin.py:190} INFO - Processing batch of 10 countries...
[2025-03-07T16:22:47.231+0100] {logging_mixin.py:190} INFO - Processing batch of 10 countries...
[2025-03-07T16:22:48.294+0100] {logging_mixin.py:190} INFO - Processing batch of 10 countries...
[2025-03-07T16:22:49.380+0100] {logging_mixin.py:190} INFO - Processing batch of 10 countries...
[2025-03-07T16:22:50.423+0100] {logging_mixin.py:190} INFO - Processing batch of 10 countries...
[2025-03-07T16:22:51.490+0100] {logging_mixin.py:190} INFO - Processing batch of 2 countries...
[2025-03-07T16:22:52.567+0100] {logging_mixin.py:190} INFO - Saved Climate Trace emissions to: /Users/gabi/codes/climate_trace/climate_data_pipeline/data/climate_trace/global_emissions_2021.csv
[2025-03-07T16:22:52.568+0100] {python.py:240} INFO - Done. Returned value was: /Users/gabi/codes/climate_trace/climate_data_pipeline/data/climate_trace/global_emissions_2021.csv
[2025-03-07T16:22:52.578+0100] {taskinstance.py:341} INFO - ::group::Post task execution logs
[2025-03-07T16:22:52.579+0100] {taskinstance.py:353} INFO - Marking task as SUCCESS. dag_id=climate_data_pipeline, task_id=extract_climate_trace_data, run_id=manual__2025-03-07T15:22:09.770843+00:00, execution_date=20250307T152209, start_date=20250307T152225, end_date=20250307T152252
[2025-03-07T16:22:52.751+0100] {logging_mixin.py:190} INFO - Task instance in success state
[2025-03-07T16:22:52.752+0100] {logging_mixin.py:190} INFO -  Previous state of the Task instance: running
[2025-03-07T16:22:52.752+0100] {logging_mixin.py:190} INFO - Dag name:climate_data_pipeline queued_at:2025-03-07 15:22:09.780230+00:00
[2025-03-07T16:22:52.752+0100] {logging_mixin.py:190} INFO - Task hostname:gabis-imac-pro.local operator:PythonOperator
[2025-03-07T16:22:52.791+0100] {local_task_job_runner.py:266} INFO - Task exited with return code 0
[2025-03-07T16:22:52.806+0100] {taskinstance.py:3901} INFO - 1 downstream tasks scheduled from follow-on schedule check
[2025-03-07T16:22:52.807+0100] {local_task_job_runner.py:245} INFO - ::endgroup::
