[2025-03-07T14:10:38.666+0100] {processor.py:186} INFO - Started process (PID=2594) to work on /usr/local/anaconda3/envs/airflow_env/lib/python3.8/site-packages/airflow/example_dags/plugins/event_listener.py
[2025-03-07T14:10:38.669+0100] {processor.py:914} INFO - Processing file /usr/local/anaconda3/envs/airflow_env/lib/python3.8/site-packages/airflow/example_dags/plugins/event_listener.py for tasks to queue
[2025-03-07T14:10:38.670+0100] {logging_mixin.py:190} INFO - [2025-03-07T14:10:38.670+0100] {dagbag.py:588} INFO - Filling up the DagBag from /usr/local/anaconda3/envs/airflow_env/lib/python3.8/site-packages/airflow/example_dags/plugins/event_listener.py
[2025-03-07T14:10:38.671+0100] {processor.py:927} WARNING - No viable dags retrieved from /usr/local/anaconda3/envs/airflow_env/lib/python3.8/site-packages/airflow/example_dags/plugins/event_listener.py
[2025-03-07T14:10:38.737+0100] {processor.py:208} INFO - Processing /usr/local/anaconda3/envs/airflow_env/lib/python3.8/site-packages/airflow/example_dags/plugins/event_listener.py took 0.074 seconds
[2025-03-07T14:13:31.643+0100] {processor.py:186} INFO - Started process (PID=2933) to work on /usr/local/anaconda3/envs/airflow_env/lib/python3.8/site-packages/airflow/example_dags/plugins/event_listener.py
[2025-03-07T14:13:31.646+0100] {processor.py:914} INFO - Processing file /usr/local/anaconda3/envs/airflow_env/lib/python3.8/site-packages/airflow/example_dags/plugins/event_listener.py for tasks to queue
[2025-03-07T14:13:31.647+0100] {logging_mixin.py:190} INFO - [2025-03-07T14:13:31.647+0100] {dagbag.py:588} INFO - Filling up the DagBag from /usr/local/anaconda3/envs/airflow_env/lib/python3.8/site-packages/airflow/example_dags/plugins/event_listener.py
[2025-03-07T14:13:31.648+0100] {processor.py:927} WARNING - No viable dags retrieved from /usr/local/anaconda3/envs/airflow_env/lib/python3.8/site-packages/airflow/example_dags/plugins/event_listener.py
[2025-03-07T14:13:31.717+0100] {processor.py:208} INFO - Processing /usr/local/anaconda3/envs/airflow_env/lib/python3.8/site-packages/airflow/example_dags/plugins/event_listener.py took 0.077 seconds
[2025-03-07T14:16:20.575+0100] {processor.py:186} INFO - Started process (PID=3223) to work on /usr/local/anaconda3/envs/airflow_env/lib/python3.8/site-packages/airflow/example_dags/plugins/event_listener.py
[2025-03-07T14:16:20.578+0100] {processor.py:914} INFO - Processing file /usr/local/anaconda3/envs/airflow_env/lib/python3.8/site-packages/airflow/example_dags/plugins/event_listener.py for tasks to queue
[2025-03-07T14:16:20.579+0100] {logging_mixin.py:190} INFO - [2025-03-07T14:16:20.578+0100] {dagbag.py:588} INFO - Filling up the DagBag from /usr/local/anaconda3/envs/airflow_env/lib/python3.8/site-packages/airflow/example_dags/plugins/event_listener.py
[2025-03-07T14:16:20.579+0100] {processor.py:927} WARNING - No viable dags retrieved from /usr/local/anaconda3/envs/airflow_env/lib/python3.8/site-packages/airflow/example_dags/plugins/event_listener.py
[2025-03-07T14:16:20.644+0100] {processor.py:208} INFO - Processing /usr/local/anaconda3/envs/airflow_env/lib/python3.8/site-packages/airflow/example_dags/plugins/event_listener.py took 0.072 seconds
[2025-03-07T14:18:34.864+0100] {processor.py:186} INFO - Started process (PID=3463) to work on /usr/local/anaconda3/envs/airflow_env/lib/python3.8/site-packages/airflow/example_dags/plugins/event_listener.py
[2025-03-07T14:18:34.867+0100] {processor.py:914} INFO - Processing file /usr/local/anaconda3/envs/airflow_env/lib/python3.8/site-packages/airflow/example_dags/plugins/event_listener.py for tasks to queue
[2025-03-07T14:18:34.868+0100] {logging_mixin.py:190} INFO - [2025-03-07T14:18:34.868+0100] {dagbag.py:588} INFO - Filling up the DagBag from /usr/local/anaconda3/envs/airflow_env/lib/python3.8/site-packages/airflow/example_dags/plugins/event_listener.py
[2025-03-07T14:18:34.869+0100] {processor.py:927} WARNING - No viable dags retrieved from /usr/local/anaconda3/envs/airflow_env/lib/python3.8/site-packages/airflow/example_dags/plugins/event_listener.py
[2025-03-07T14:18:34.933+0100] {processor.py:208} INFO - Processing /usr/local/anaconda3/envs/airflow_env/lib/python3.8/site-packages/airflow/example_dags/plugins/event_listener.py took 0.072 seconds
[2025-03-07T14:20:49.407+0100] {processor.py:186} INFO - Started process (PID=3764) to work on /usr/local/anaconda3/envs/airflow_env/lib/python3.8/site-packages/airflow/example_dags/plugins/event_listener.py
[2025-03-07T14:20:49.410+0100] {processor.py:914} INFO - Processing file /usr/local/anaconda3/envs/airflow_env/lib/python3.8/site-packages/airflow/example_dags/plugins/event_listener.py for tasks to queue
[2025-03-07T14:20:49.411+0100] {logging_mixin.py:190} INFO - [2025-03-07T14:20:49.411+0100] {dagbag.py:588} INFO - Filling up the DagBag from /usr/local/anaconda3/envs/airflow_env/lib/python3.8/site-packages/airflow/example_dags/plugins/event_listener.py
[2025-03-07T14:20:49.412+0100] {processor.py:927} WARNING - No viable dags retrieved from /usr/local/anaconda3/envs/airflow_env/lib/python3.8/site-packages/airflow/example_dags/plugins/event_listener.py
[2025-03-07T14:20:49.481+0100] {processor.py:208} INFO - Processing /usr/local/anaconda3/envs/airflow_env/lib/python3.8/site-packages/airflow/example_dags/plugins/event_listener.py took 0.076 seconds
[2025-03-07T14:23:05.126+0100] {processor.py:186} INFO - Started process (PID=3996) to work on /usr/local/anaconda3/envs/airflow_env/lib/python3.8/site-packages/airflow/example_dags/plugins/event_listener.py
[2025-03-07T14:23:05.130+0100] {processor.py:914} INFO - Processing file /usr/local/anaconda3/envs/airflow_env/lib/python3.8/site-packages/airflow/example_dags/plugins/event_listener.py for tasks to queue
[2025-03-07T14:23:05.130+0100] {logging_mixin.py:190} INFO - [2025-03-07T14:23:05.130+0100] {dagbag.py:588} INFO - Filling up the DagBag from /usr/local/anaconda3/envs/airflow_env/lib/python3.8/site-packages/airflow/example_dags/plugins/event_listener.py
[2025-03-07T14:23:05.131+0100] {processor.py:927} WARNING - No viable dags retrieved from /usr/local/anaconda3/envs/airflow_env/lib/python3.8/site-packages/airflow/example_dags/plugins/event_listener.py
[2025-03-07T14:23:05.196+0100] {processor.py:208} INFO - Processing /usr/local/anaconda3/envs/airflow_env/lib/python3.8/site-packages/airflow/example_dags/plugins/event_listener.py took 0.073 seconds
[2025-03-07T14:25:28.255+0100] {processor.py:186} INFO - Started process (PID=4213) to work on /usr/local/anaconda3/envs/airflow_env/lib/python3.8/site-packages/airflow/example_dags/plugins/event_listener.py
[2025-03-07T14:25:28.258+0100] {processor.py:914} INFO - Processing file /usr/local/anaconda3/envs/airflow_env/lib/python3.8/site-packages/airflow/example_dags/plugins/event_listener.py for tasks to queue
[2025-03-07T14:25:28.259+0100] {logging_mixin.py:190} INFO - [2025-03-07T14:25:28.259+0100] {dagbag.py:588} INFO - Filling up the DagBag from /usr/local/anaconda3/envs/airflow_env/lib/python3.8/site-packages/airflow/example_dags/plugins/event_listener.py
[2025-03-07T14:25:28.260+0100] {processor.py:927} WARNING - No viable dags retrieved from /usr/local/anaconda3/envs/airflow_env/lib/python3.8/site-packages/airflow/example_dags/plugins/event_listener.py
[2025-03-07T14:25:28.325+0100] {processor.py:208} INFO - Processing /usr/local/anaconda3/envs/airflow_env/lib/python3.8/site-packages/airflow/example_dags/plugins/event_listener.py took 0.073 seconds
[2025-03-07T14:26:50.037+0100] {processor.py:186} INFO - Started process (PID=4371) to work on /usr/local/anaconda3/envs/airflow_env/lib/python3.8/site-packages/airflow/example_dags/plugins/event_listener.py
[2025-03-07T14:26:50.041+0100] {processor.py:914} INFO - Processing file /usr/local/anaconda3/envs/airflow_env/lib/python3.8/site-packages/airflow/example_dags/plugins/event_listener.py for tasks to queue
[2025-03-07T14:26:50.042+0100] {logging_mixin.py:190} INFO - [2025-03-07T14:26:50.041+0100] {dagbag.py:588} INFO - Filling up the DagBag from /usr/local/anaconda3/envs/airflow_env/lib/python3.8/site-packages/airflow/example_dags/plugins/event_listener.py
[2025-03-07T14:26:50.043+0100] {processor.py:927} WARNING - No viable dags retrieved from /usr/local/anaconda3/envs/airflow_env/lib/python3.8/site-packages/airflow/example_dags/plugins/event_listener.py
[2025-03-07T14:26:50.113+0100] {processor.py:208} INFO - Processing /usr/local/anaconda3/envs/airflow_env/lib/python3.8/site-packages/airflow/example_dags/plugins/event_listener.py took 0.079 seconds
[2025-03-07T14:43:35.298+0100] {processor.py:186} INFO - Started process (PID=4883) to work on /usr/local/anaconda3/envs/airflow_env/lib/python3.8/site-packages/airflow/example_dags/plugins/event_listener.py
[2025-03-07T14:43:35.302+0100] {processor.py:914} INFO - Processing file /usr/local/anaconda3/envs/airflow_env/lib/python3.8/site-packages/airflow/example_dags/plugins/event_listener.py for tasks to queue
[2025-03-07T14:43:35.302+0100] {logging_mixin.py:190} INFO - [2025-03-07T14:43:35.302+0100] {dagbag.py:588} INFO - Filling up the DagBag from /usr/local/anaconda3/envs/airflow_env/lib/python3.8/site-packages/airflow/example_dags/plugins/event_listener.py
[2025-03-07T14:43:35.304+0100] {processor.py:927} WARNING - No viable dags retrieved from /usr/local/anaconda3/envs/airflow_env/lib/python3.8/site-packages/airflow/example_dags/plugins/event_listener.py
[2025-03-07T14:43:35.378+0100] {processor.py:208} INFO - Processing /usr/local/anaconda3/envs/airflow_env/lib/python3.8/site-packages/airflow/example_dags/plugins/event_listener.py took 0.083 seconds
[2025-03-07T14:46:24.188+0100] {processor.py:186} INFO - Started process (PID=5095) to work on /usr/local/anaconda3/envs/airflow_env/lib/python3.8/site-packages/airflow/example_dags/plugins/event_listener.py
[2025-03-07T14:46:24.191+0100] {processor.py:914} INFO - Processing file /usr/local/anaconda3/envs/airflow_env/lib/python3.8/site-packages/airflow/example_dags/plugins/event_listener.py for tasks to queue
[2025-03-07T14:46:24.192+0100] {logging_mixin.py:190} INFO - [2025-03-07T14:46:24.192+0100] {dagbag.py:588} INFO - Filling up the DagBag from /usr/local/anaconda3/envs/airflow_env/lib/python3.8/site-packages/airflow/example_dags/plugins/event_listener.py
[2025-03-07T14:46:24.193+0100] {processor.py:927} WARNING - No viable dags retrieved from /usr/local/anaconda3/envs/airflow_env/lib/python3.8/site-packages/airflow/example_dags/plugins/event_listener.py
[2025-03-07T14:46:24.267+0100] {processor.py:208} INFO - Processing /usr/local/anaconda3/envs/airflow_env/lib/python3.8/site-packages/airflow/example_dags/plugins/event_listener.py took 0.082 seconds
[2025-03-07T14:48:42.475+0100] {processor.py:186} INFO - Started process (PID=5356) to work on /usr/local/anaconda3/envs/airflow_env/lib/python3.8/site-packages/airflow/example_dags/plugins/event_listener.py
[2025-03-07T14:48:42.478+0100] {processor.py:914} INFO - Processing file /usr/local/anaconda3/envs/airflow_env/lib/python3.8/site-packages/airflow/example_dags/plugins/event_listener.py for tasks to queue
[2025-03-07T14:48:42.479+0100] {logging_mixin.py:190} INFO - [2025-03-07T14:48:42.479+0100] {dagbag.py:588} INFO - Filling up the DagBag from /usr/local/anaconda3/envs/airflow_env/lib/python3.8/site-packages/airflow/example_dags/plugins/event_listener.py
[2025-03-07T14:48:42.480+0100] {processor.py:927} WARNING - No viable dags retrieved from /usr/local/anaconda3/envs/airflow_env/lib/python3.8/site-packages/airflow/example_dags/plugins/event_listener.py
[2025-03-07T14:48:42.550+0100] {processor.py:208} INFO - Processing /usr/local/anaconda3/envs/airflow_env/lib/python3.8/site-packages/airflow/example_dags/plugins/event_listener.py took 0.079 seconds
[2025-03-07T14:49:29.635+0100] {processor.py:186} INFO - Started process (PID=5498) to work on /usr/local/anaconda3/envs/airflow_env/lib/python3.8/site-packages/airflow/example_dags/plugins/event_listener.py
[2025-03-07T14:49:29.638+0100] {processor.py:914} INFO - Processing file /usr/local/anaconda3/envs/airflow_env/lib/python3.8/site-packages/airflow/example_dags/plugins/event_listener.py for tasks to queue
[2025-03-07T14:49:29.639+0100] {logging_mixin.py:190} INFO - [2025-03-07T14:49:29.639+0100] {dagbag.py:588} INFO - Filling up the DagBag from /usr/local/anaconda3/envs/airflow_env/lib/python3.8/site-packages/airflow/example_dags/plugins/event_listener.py
[2025-03-07T14:49:29.640+0100] {processor.py:927} WARNING - No viable dags retrieved from /usr/local/anaconda3/envs/airflow_env/lib/python3.8/site-packages/airflow/example_dags/plugins/event_listener.py
[2025-03-07T14:49:29.724+0100] {processor.py:208} INFO - Processing /usr/local/anaconda3/envs/airflow_env/lib/python3.8/site-packages/airflow/example_dags/plugins/event_listener.py took 0.092 seconds
[2025-03-07T14:52:00.975+0100] {processor.py:186} INFO - Started process (PID=5824) to work on /usr/local/anaconda3/envs/airflow_env/lib/python3.8/site-packages/airflow/example_dags/plugins/event_listener.py
[2025-03-07T14:52:00.978+0100] {processor.py:914} INFO - Processing file /usr/local/anaconda3/envs/airflow_env/lib/python3.8/site-packages/airflow/example_dags/plugins/event_listener.py for tasks to queue
[2025-03-07T14:52:00.979+0100] {logging_mixin.py:190} INFO - [2025-03-07T14:52:00.979+0100] {dagbag.py:588} INFO - Filling up the DagBag from /usr/local/anaconda3/envs/airflow_env/lib/python3.8/site-packages/airflow/example_dags/plugins/event_listener.py
[2025-03-07T14:52:00.980+0100] {processor.py:927} WARNING - No viable dags retrieved from /usr/local/anaconda3/envs/airflow_env/lib/python3.8/site-packages/airflow/example_dags/plugins/event_listener.py
[2025-03-07T14:52:01.048+0100] {processor.py:208} INFO - Processing /usr/local/anaconda3/envs/airflow_env/lib/python3.8/site-packages/airflow/example_dags/plugins/event_listener.py took 0.076 seconds
[2025-03-07T14:52:58.119+0100] {processor.py:186} INFO - Started process (PID=5947) to work on /usr/local/anaconda3/envs/airflow_env/lib/python3.8/site-packages/airflow/example_dags/plugins/event_listener.py
[2025-03-07T14:52:58.122+0100] {processor.py:914} INFO - Processing file /usr/local/anaconda3/envs/airflow_env/lib/python3.8/site-packages/airflow/example_dags/plugins/event_listener.py for tasks to queue
[2025-03-07T14:52:58.123+0100] {logging_mixin.py:190} INFO - [2025-03-07T14:52:58.123+0100] {dagbag.py:588} INFO - Filling up the DagBag from /usr/local/anaconda3/envs/airflow_env/lib/python3.8/site-packages/airflow/example_dags/plugins/event_listener.py
[2025-03-07T14:52:58.124+0100] {processor.py:927} WARNING - No viable dags retrieved from /usr/local/anaconda3/envs/airflow_env/lib/python3.8/site-packages/airflow/example_dags/plugins/event_listener.py
[2025-03-07T14:52:58.190+0100] {processor.py:208} INFO - Processing /usr/local/anaconda3/envs/airflow_env/lib/python3.8/site-packages/airflow/example_dags/plugins/event_listener.py took 0.074 seconds
[2025-03-07T14:55:45.580+0100] {processor.py:186} INFO - Started process (PID=6260) to work on /usr/local/anaconda3/envs/airflow_env/lib/python3.8/site-packages/airflow/example_dags/plugins/event_listener.py
[2025-03-07T14:55:45.583+0100] {processor.py:914} INFO - Processing file /usr/local/anaconda3/envs/airflow_env/lib/python3.8/site-packages/airflow/example_dags/plugins/event_listener.py for tasks to queue
[2025-03-07T14:55:45.584+0100] {logging_mixin.py:190} INFO - [2025-03-07T14:55:45.584+0100] {dagbag.py:588} INFO - Filling up the DagBag from /usr/local/anaconda3/envs/airflow_env/lib/python3.8/site-packages/airflow/example_dags/plugins/event_listener.py
[2025-03-07T14:55:45.585+0100] {processor.py:927} WARNING - No viable dags retrieved from /usr/local/anaconda3/envs/airflow_env/lib/python3.8/site-packages/airflow/example_dags/plugins/event_listener.py
[2025-03-07T14:55:45.648+0100] {processor.py:208} INFO - Processing /usr/local/anaconda3/envs/airflow_env/lib/python3.8/site-packages/airflow/example_dags/plugins/event_listener.py took 0.071 seconds
[2025-03-07T14:57:57.962+0100] {processor.py:186} INFO - Started process (PID=6529) to work on /usr/local/anaconda3/envs/airflow_env/lib/python3.8/site-packages/airflow/example_dags/plugins/event_listener.py
[2025-03-07T14:57:57.965+0100] {processor.py:914} INFO - Processing file /usr/local/anaconda3/envs/airflow_env/lib/python3.8/site-packages/airflow/example_dags/plugins/event_listener.py for tasks to queue
[2025-03-07T14:57:57.966+0100] {logging_mixin.py:190} INFO - [2025-03-07T14:57:57.966+0100] {dagbag.py:588} INFO - Filling up the DagBag from /usr/local/anaconda3/envs/airflow_env/lib/python3.8/site-packages/airflow/example_dags/plugins/event_listener.py
[2025-03-07T14:57:57.967+0100] {processor.py:927} WARNING - No viable dags retrieved from /usr/local/anaconda3/envs/airflow_env/lib/python3.8/site-packages/airflow/example_dags/plugins/event_listener.py
[2025-03-07T14:57:58.032+0100] {processor.py:208} INFO - Processing /usr/local/anaconda3/envs/airflow_env/lib/python3.8/site-packages/airflow/example_dags/plugins/event_listener.py took 0.073 seconds
[2025-03-07T15:00:08.093+0100] {processor.py:186} INFO - Started process (PID=6818) to work on /usr/local/anaconda3/envs/airflow_env/lib/python3.8/site-packages/airflow/example_dags/plugins/event_listener.py
[2025-03-07T15:00:08.096+0100] {processor.py:914} INFO - Processing file /usr/local/anaconda3/envs/airflow_env/lib/python3.8/site-packages/airflow/example_dags/plugins/event_listener.py for tasks to queue
[2025-03-07T15:00:08.097+0100] {logging_mixin.py:190} INFO - [2025-03-07T15:00:08.097+0100] {dagbag.py:588} INFO - Filling up the DagBag from /usr/local/anaconda3/envs/airflow_env/lib/python3.8/site-packages/airflow/example_dags/plugins/event_listener.py
[2025-03-07T15:00:08.098+0100] {processor.py:927} WARNING - No viable dags retrieved from /usr/local/anaconda3/envs/airflow_env/lib/python3.8/site-packages/airflow/example_dags/plugins/event_listener.py
[2025-03-07T15:00:08.163+0100] {processor.py:208} INFO - Processing /usr/local/anaconda3/envs/airflow_env/lib/python3.8/site-packages/airflow/example_dags/plugins/event_listener.py took 0.073 seconds
[2025-03-07T15:02:34.022+0100] {processor.py:186} INFO - Started process (PID=7090) to work on /usr/local/anaconda3/envs/airflow_env/lib/python3.8/site-packages/airflow/example_dags/plugins/event_listener.py
[2025-03-07T15:02:34.026+0100] {processor.py:914} INFO - Processing file /usr/local/anaconda3/envs/airflow_env/lib/python3.8/site-packages/airflow/example_dags/plugins/event_listener.py for tasks to queue
[2025-03-07T15:02:34.027+0100] {logging_mixin.py:190} INFO - [2025-03-07T15:02:34.026+0100] {dagbag.py:588} INFO - Filling up the DagBag from /usr/local/anaconda3/envs/airflow_env/lib/python3.8/site-packages/airflow/example_dags/plugins/event_listener.py
[2025-03-07T15:02:34.028+0100] {processor.py:927} WARNING - No viable dags retrieved from /usr/local/anaconda3/envs/airflow_env/lib/python3.8/site-packages/airflow/example_dags/plugins/event_listener.py
[2025-03-07T15:02:34.096+0100] {processor.py:208} INFO - Processing /usr/local/anaconda3/envs/airflow_env/lib/python3.8/site-packages/airflow/example_dags/plugins/event_listener.py took 0.078 seconds
[2025-03-07T15:04:56.020+0100] {processor.py:186} INFO - Started process (PID=7283) to work on /usr/local/anaconda3/envs/airflow_env/lib/python3.8/site-packages/airflow/example_dags/plugins/event_listener.py
[2025-03-07T15:04:56.023+0100] {processor.py:914} INFO - Processing file /usr/local/anaconda3/envs/airflow_env/lib/python3.8/site-packages/airflow/example_dags/plugins/event_listener.py for tasks to queue
[2025-03-07T15:04:56.024+0100] {logging_mixin.py:190} INFO - [2025-03-07T15:04:56.024+0100] {dagbag.py:588} INFO - Filling up the DagBag from /usr/local/anaconda3/envs/airflow_env/lib/python3.8/site-packages/airflow/example_dags/plugins/event_listener.py
[2025-03-07T15:04:56.025+0100] {processor.py:927} WARNING - No viable dags retrieved from /usr/local/anaconda3/envs/airflow_env/lib/python3.8/site-packages/airflow/example_dags/plugins/event_listener.py
[2025-03-07T15:04:56.097+0100] {processor.py:208} INFO - Processing /usr/local/anaconda3/envs/airflow_env/lib/python3.8/site-packages/airflow/example_dags/plugins/event_listener.py took 0.081 seconds
[2025-03-07T15:07:19.979+0100] {processor.py:186} INFO - Started process (PID=7577) to work on /usr/local/anaconda3/envs/airflow_env/lib/python3.8/site-packages/airflow/example_dags/plugins/event_listener.py
[2025-03-07T15:07:19.982+0100] {processor.py:914} INFO - Processing file /usr/local/anaconda3/envs/airflow_env/lib/python3.8/site-packages/airflow/example_dags/plugins/event_listener.py for tasks to queue
[2025-03-07T15:07:19.983+0100] {logging_mixin.py:190} INFO - [2025-03-07T15:07:19.982+0100] {dagbag.py:588} INFO - Filling up the DagBag from /usr/local/anaconda3/envs/airflow_env/lib/python3.8/site-packages/airflow/example_dags/plugins/event_listener.py
[2025-03-07T15:07:19.984+0100] {processor.py:927} WARNING - No viable dags retrieved from /usr/local/anaconda3/envs/airflow_env/lib/python3.8/site-packages/airflow/example_dags/plugins/event_listener.py
[2025-03-07T15:07:20.051+0100] {processor.py:208} INFO - Processing /usr/local/anaconda3/envs/airflow_env/lib/python3.8/site-packages/airflow/example_dags/plugins/event_listener.py took 0.075 seconds
[2025-03-07T15:09:46.054+0100] {processor.py:186} INFO - Started process (PID=7814) to work on /usr/local/anaconda3/envs/airflow_env/lib/python3.8/site-packages/airflow/example_dags/plugins/event_listener.py
[2025-03-07T15:09:46.058+0100] {processor.py:914} INFO - Processing file /usr/local/anaconda3/envs/airflow_env/lib/python3.8/site-packages/airflow/example_dags/plugins/event_listener.py for tasks to queue
[2025-03-07T15:09:46.059+0100] {logging_mixin.py:190} INFO - [2025-03-07T15:09:46.059+0100] {dagbag.py:588} INFO - Filling up the DagBag from /usr/local/anaconda3/envs/airflow_env/lib/python3.8/site-packages/airflow/example_dags/plugins/event_listener.py
[2025-03-07T15:09:46.060+0100] {processor.py:927} WARNING - No viable dags retrieved from /usr/local/anaconda3/envs/airflow_env/lib/python3.8/site-packages/airflow/example_dags/plugins/event_listener.py
[2025-03-07T15:09:46.129+0100] {processor.py:208} INFO - Processing /usr/local/anaconda3/envs/airflow_env/lib/python3.8/site-packages/airflow/example_dags/plugins/event_listener.py took 0.078 seconds
[2025-03-07T15:12:28.658+0100] {processor.py:186} INFO - Started process (PID=8122) to work on /usr/local/anaconda3/envs/airflow_env/lib/python3.8/site-packages/airflow/example_dags/plugins/event_listener.py
[2025-03-07T15:12:28.661+0100] {processor.py:914} INFO - Processing file /usr/local/anaconda3/envs/airflow_env/lib/python3.8/site-packages/airflow/example_dags/plugins/event_listener.py for tasks to queue
[2025-03-07T15:12:28.662+0100] {logging_mixin.py:190} INFO - [2025-03-07T15:12:28.662+0100] {dagbag.py:588} INFO - Filling up the DagBag from /usr/local/anaconda3/envs/airflow_env/lib/python3.8/site-packages/airflow/example_dags/plugins/event_listener.py
[2025-03-07T15:12:28.663+0100] {processor.py:927} WARNING - No viable dags retrieved from /usr/local/anaconda3/envs/airflow_env/lib/python3.8/site-packages/airflow/example_dags/plugins/event_listener.py
[2025-03-07T15:12:28.735+0100] {processor.py:208} INFO - Processing /usr/local/anaconda3/envs/airflow_env/lib/python3.8/site-packages/airflow/example_dags/plugins/event_listener.py took 0.080 seconds
[2025-03-07T15:15:24.964+0100] {processor.py:186} INFO - Started process (PID=8462) to work on /usr/local/anaconda3/envs/airflow_env/lib/python3.8/site-packages/airflow/example_dags/plugins/event_listener.py
[2025-03-07T15:15:24.967+0100] {processor.py:914} INFO - Processing file /usr/local/anaconda3/envs/airflow_env/lib/python3.8/site-packages/airflow/example_dags/plugins/event_listener.py for tasks to queue
[2025-03-07T15:15:24.968+0100] {logging_mixin.py:190} INFO - [2025-03-07T15:15:24.968+0100] {dagbag.py:588} INFO - Filling up the DagBag from /usr/local/anaconda3/envs/airflow_env/lib/python3.8/site-packages/airflow/example_dags/plugins/event_listener.py
[2025-03-07T15:15:24.969+0100] {processor.py:927} WARNING - No viable dags retrieved from /usr/local/anaconda3/envs/airflow_env/lib/python3.8/site-packages/airflow/example_dags/plugins/event_listener.py
[2025-03-07T15:15:25.035+0100] {processor.py:208} INFO - Processing /usr/local/anaconda3/envs/airflow_env/lib/python3.8/site-packages/airflow/example_dags/plugins/event_listener.py took 0.074 seconds
[2025-03-07T15:17:45.069+0100] {processor.py:186} INFO - Started process (PID=8691) to work on /usr/local/anaconda3/envs/airflow_env/lib/python3.8/site-packages/airflow/example_dags/plugins/event_listener.py
[2025-03-07T15:17:45.072+0100] {processor.py:914} INFO - Processing file /usr/local/anaconda3/envs/airflow_env/lib/python3.8/site-packages/airflow/example_dags/plugins/event_listener.py for tasks to queue
[2025-03-07T15:17:45.073+0100] {logging_mixin.py:190} INFO - [2025-03-07T15:17:45.073+0100] {dagbag.py:588} INFO - Filling up the DagBag from /usr/local/anaconda3/envs/airflow_env/lib/python3.8/site-packages/airflow/example_dags/plugins/event_listener.py
[2025-03-07T15:17:45.074+0100] {processor.py:927} WARNING - No viable dags retrieved from /usr/local/anaconda3/envs/airflow_env/lib/python3.8/site-packages/airflow/example_dags/plugins/event_listener.py
[2025-03-07T15:17:45.142+0100] {processor.py:208} INFO - Processing /usr/local/anaconda3/envs/airflow_env/lib/python3.8/site-packages/airflow/example_dags/plugins/event_listener.py took 0.076 seconds
[2025-03-07T15:20:01.966+0100] {processor.py:186} INFO - Started process (PID=9053) to work on /usr/local/anaconda3/envs/airflow_env/lib/python3.8/site-packages/airflow/example_dags/plugins/event_listener.py
[2025-03-07T15:20:01.969+0100] {processor.py:914} INFO - Processing file /usr/local/anaconda3/envs/airflow_env/lib/python3.8/site-packages/airflow/example_dags/plugins/event_listener.py for tasks to queue
[2025-03-07T15:20:01.969+0100] {logging_mixin.py:190} INFO - [2025-03-07T15:20:01.969+0100] {dagbag.py:588} INFO - Filling up the DagBag from /usr/local/anaconda3/envs/airflow_env/lib/python3.8/site-packages/airflow/example_dags/plugins/event_listener.py
[2025-03-07T15:20:01.970+0100] {processor.py:927} WARNING - No viable dags retrieved from /usr/local/anaconda3/envs/airflow_env/lib/python3.8/site-packages/airflow/example_dags/plugins/event_listener.py
[2025-03-07T15:20:02.036+0100] {processor.py:208} INFO - Processing /usr/local/anaconda3/envs/airflow_env/lib/python3.8/site-packages/airflow/example_dags/plugins/event_listener.py took 0.073 seconds
[2025-03-07T15:22:15.102+0100] {processor.py:186} INFO - Started process (PID=9341) to work on /usr/local/anaconda3/envs/airflow_env/lib/python3.8/site-packages/airflow/example_dags/plugins/event_listener.py
[2025-03-07T15:22:15.105+0100] {processor.py:914} INFO - Processing file /usr/local/anaconda3/envs/airflow_env/lib/python3.8/site-packages/airflow/example_dags/plugins/event_listener.py for tasks to queue
[2025-03-07T15:22:15.106+0100] {logging_mixin.py:190} INFO - [2025-03-07T15:22:15.106+0100] {dagbag.py:588} INFO - Filling up the DagBag from /usr/local/anaconda3/envs/airflow_env/lib/python3.8/site-packages/airflow/example_dags/plugins/event_listener.py
[2025-03-07T15:22:15.107+0100] {processor.py:927} WARNING - No viable dags retrieved from /usr/local/anaconda3/envs/airflow_env/lib/python3.8/site-packages/airflow/example_dags/plugins/event_listener.py
[2025-03-07T15:22:15.171+0100] {processor.py:208} INFO - Processing /usr/local/anaconda3/envs/airflow_env/lib/python3.8/site-packages/airflow/example_dags/plugins/event_listener.py took 0.072 seconds
[2025-03-07T15:24:33.725+0100] {processor.py:186} INFO - Started process (PID=9664) to work on /usr/local/anaconda3/envs/airflow_env/lib/python3.8/site-packages/airflow/example_dags/plugins/event_listener.py
[2025-03-07T15:24:33.728+0100] {processor.py:914} INFO - Processing file /usr/local/anaconda3/envs/airflow_env/lib/python3.8/site-packages/airflow/example_dags/plugins/event_listener.py for tasks to queue
[2025-03-07T15:24:33.728+0100] {logging_mixin.py:190} INFO - [2025-03-07T15:24:33.728+0100] {dagbag.py:588} INFO - Filling up the DagBag from /usr/local/anaconda3/envs/airflow_env/lib/python3.8/site-packages/airflow/example_dags/plugins/event_listener.py
[2025-03-07T15:24:33.729+0100] {processor.py:927} WARNING - No viable dags retrieved from /usr/local/anaconda3/envs/airflow_env/lib/python3.8/site-packages/airflow/example_dags/plugins/event_listener.py
[2025-03-07T15:24:33.794+0100] {processor.py:208} INFO - Processing /usr/local/anaconda3/envs/airflow_env/lib/python3.8/site-packages/airflow/example_dags/plugins/event_listener.py took 0.072 seconds
[2025-03-07T15:26:57.008+0100] {processor.py:186} INFO - Started process (PID=9953) to work on /usr/local/anaconda3/envs/airflow_env/lib/python3.8/site-packages/airflow/example_dags/plugins/event_listener.py
[2025-03-07T15:26:57.011+0100] {processor.py:914} INFO - Processing file /usr/local/anaconda3/envs/airflow_env/lib/python3.8/site-packages/airflow/example_dags/plugins/event_listener.py for tasks to queue
[2025-03-07T15:26:57.012+0100] {logging_mixin.py:190} INFO - [2025-03-07T15:26:57.012+0100] {dagbag.py:588} INFO - Filling up the DagBag from /usr/local/anaconda3/envs/airflow_env/lib/python3.8/site-packages/airflow/example_dags/plugins/event_listener.py
[2025-03-07T15:26:57.013+0100] {processor.py:927} WARNING - No viable dags retrieved from /usr/local/anaconda3/envs/airflow_env/lib/python3.8/site-packages/airflow/example_dags/plugins/event_listener.py
[2025-03-07T15:26:57.078+0100] {processor.py:208} INFO - Processing /usr/local/anaconda3/envs/airflow_env/lib/python3.8/site-packages/airflow/example_dags/plugins/event_listener.py took 0.074 seconds
[2025-03-07T15:28:46.281+0100] {processor.py:186} INFO - Started process (PID=10235) to work on /usr/local/anaconda3/envs/airflow_env/lib/python3.8/site-packages/airflow/example_dags/plugins/event_listener.py
[2025-03-07T15:28:46.284+0100] {processor.py:914} INFO - Processing file /usr/local/anaconda3/envs/airflow_env/lib/python3.8/site-packages/airflow/example_dags/plugins/event_listener.py for tasks to queue
[2025-03-07T15:28:46.285+0100] {logging_mixin.py:190} INFO - [2025-03-07T15:28:46.285+0100] {dagbag.py:588} INFO - Filling up the DagBag from /usr/local/anaconda3/envs/airflow_env/lib/python3.8/site-packages/airflow/example_dags/plugins/event_listener.py
[2025-03-07T15:28:46.286+0100] {processor.py:927} WARNING - No viable dags retrieved from /usr/local/anaconda3/envs/airflow_env/lib/python3.8/site-packages/airflow/example_dags/plugins/event_listener.py
[2025-03-07T15:28:46.352+0100] {processor.py:208} INFO - Processing /usr/local/anaconda3/envs/airflow_env/lib/python3.8/site-packages/airflow/example_dags/plugins/event_listener.py took 0.074 seconds
[2025-03-07T15:32:18.912+0100] {processor.py:186} INFO - Started process (PID=10522) to work on /usr/local/anaconda3/envs/airflow_env/lib/python3.8/site-packages/airflow/example_dags/plugins/event_listener.py
[2025-03-07T15:32:18.915+0100] {processor.py:914} INFO - Processing file /usr/local/anaconda3/envs/airflow_env/lib/python3.8/site-packages/airflow/example_dags/plugins/event_listener.py for tasks to queue
[2025-03-07T15:32:18.916+0100] {logging_mixin.py:190} INFO - [2025-03-07T15:32:18.916+0100] {dagbag.py:588} INFO - Filling up the DagBag from /usr/local/anaconda3/envs/airflow_env/lib/python3.8/site-packages/airflow/example_dags/plugins/event_listener.py
[2025-03-07T15:32:18.917+0100] {processor.py:927} WARNING - No viable dags retrieved from /usr/local/anaconda3/envs/airflow_env/lib/python3.8/site-packages/airflow/example_dags/plugins/event_listener.py
[2025-03-07T15:32:18.981+0100] {processor.py:208} INFO - Processing /usr/local/anaconda3/envs/airflow_env/lib/python3.8/site-packages/airflow/example_dags/plugins/event_listener.py took 0.072 seconds
[2025-03-07T15:34:34.186+0100] {processor.py:186} INFO - Started process (PID=10753) to work on /usr/local/anaconda3/envs/airflow_env/lib/python3.8/site-packages/airflow/example_dags/plugins/event_listener.py
[2025-03-07T15:34:34.189+0100] {processor.py:914} INFO - Processing file /usr/local/anaconda3/envs/airflow_env/lib/python3.8/site-packages/airflow/example_dags/plugins/event_listener.py for tasks to queue
[2025-03-07T15:34:34.190+0100] {logging_mixin.py:190} INFO - [2025-03-07T15:34:34.190+0100] {dagbag.py:588} INFO - Filling up the DagBag from /usr/local/anaconda3/envs/airflow_env/lib/python3.8/site-packages/airflow/example_dags/plugins/event_listener.py
[2025-03-07T15:34:34.191+0100] {processor.py:927} WARNING - No viable dags retrieved from /usr/local/anaconda3/envs/airflow_env/lib/python3.8/site-packages/airflow/example_dags/plugins/event_listener.py
[2025-03-07T15:34:34.257+0100] {processor.py:208} INFO - Processing /usr/local/anaconda3/envs/airflow_env/lib/python3.8/site-packages/airflow/example_dags/plugins/event_listener.py took 0.075 seconds
[2025-03-07T15:36:49.874+0100] {processor.py:186} INFO - Started process (PID=11060) to work on /usr/local/anaconda3/envs/airflow_env/lib/python3.8/site-packages/airflow/example_dags/plugins/event_listener.py
[2025-03-07T15:36:49.877+0100] {processor.py:914} INFO - Processing file /usr/local/anaconda3/envs/airflow_env/lib/python3.8/site-packages/airflow/example_dags/plugins/event_listener.py for tasks to queue
[2025-03-07T15:36:49.877+0100] {logging_mixin.py:190} INFO - [2025-03-07T15:36:49.877+0100] {dagbag.py:588} INFO - Filling up the DagBag from /usr/local/anaconda3/envs/airflow_env/lib/python3.8/site-packages/airflow/example_dags/plugins/event_listener.py
[2025-03-07T15:36:49.878+0100] {processor.py:927} WARNING - No viable dags retrieved from /usr/local/anaconda3/envs/airflow_env/lib/python3.8/site-packages/airflow/example_dags/plugins/event_listener.py
[2025-03-07T15:36:49.945+0100] {processor.py:208} INFO - Processing /usr/local/anaconda3/envs/airflow_env/lib/python3.8/site-packages/airflow/example_dags/plugins/event_listener.py took 0.075 seconds
[2025-03-07T15:39:04.840+0100] {processor.py:186} INFO - Started process (PID=11314) to work on /usr/local/anaconda3/envs/airflow_env/lib/python3.8/site-packages/airflow/example_dags/plugins/event_listener.py
[2025-03-07T15:39:04.843+0100] {processor.py:914} INFO - Processing file /usr/local/anaconda3/envs/airflow_env/lib/python3.8/site-packages/airflow/example_dags/plugins/event_listener.py for tasks to queue
[2025-03-07T15:39:04.844+0100] {logging_mixin.py:190} INFO - [2025-03-07T15:39:04.844+0100] {dagbag.py:588} INFO - Filling up the DagBag from /usr/local/anaconda3/envs/airflow_env/lib/python3.8/site-packages/airflow/example_dags/plugins/event_listener.py
[2025-03-07T15:39:04.845+0100] {processor.py:927} WARNING - No viable dags retrieved from /usr/local/anaconda3/envs/airflow_env/lib/python3.8/site-packages/airflow/example_dags/plugins/event_listener.py
[2025-03-07T15:39:04.914+0100] {processor.py:208} INFO - Processing /usr/local/anaconda3/envs/airflow_env/lib/python3.8/site-packages/airflow/example_dags/plugins/event_listener.py took 0.076 seconds
[2025-03-07T15:41:14.623+0100] {processor.py:186} INFO - Started process (PID=11487) to work on /usr/local/anaconda3/envs/airflow_env/lib/python3.8/site-packages/airflow/example_dags/plugins/event_listener.py
[2025-03-07T15:41:14.626+0100] {processor.py:914} INFO - Processing file /usr/local/anaconda3/envs/airflow_env/lib/python3.8/site-packages/airflow/example_dags/plugins/event_listener.py for tasks to queue
[2025-03-07T15:41:14.627+0100] {logging_mixin.py:190} INFO - [2025-03-07T15:41:14.626+0100] {dagbag.py:588} INFO - Filling up the DagBag from /usr/local/anaconda3/envs/airflow_env/lib/python3.8/site-packages/airflow/example_dags/plugins/event_listener.py
[2025-03-07T15:41:14.628+0100] {processor.py:927} WARNING - No viable dags retrieved from /usr/local/anaconda3/envs/airflow_env/lib/python3.8/site-packages/airflow/example_dags/plugins/event_listener.py
[2025-03-07T15:41:14.695+0100] {processor.py:208} INFO - Processing /usr/local/anaconda3/envs/airflow_env/lib/python3.8/site-packages/airflow/example_dags/plugins/event_listener.py took 0.075 seconds
[2025-03-07T15:43:23.823+0100] {processor.py:186} INFO - Started process (PID=11711) to work on /usr/local/anaconda3/envs/airflow_env/lib/python3.8/site-packages/airflow/example_dags/plugins/event_listener.py
[2025-03-07T15:43:23.826+0100] {processor.py:914} INFO - Processing file /usr/local/anaconda3/envs/airflow_env/lib/python3.8/site-packages/airflow/example_dags/plugins/event_listener.py for tasks to queue
[2025-03-07T15:43:23.827+0100] {logging_mixin.py:190} INFO - [2025-03-07T15:43:23.826+0100] {dagbag.py:588} INFO - Filling up the DagBag from /usr/local/anaconda3/envs/airflow_env/lib/python3.8/site-packages/airflow/example_dags/plugins/event_listener.py
[2025-03-07T15:43:23.828+0100] {processor.py:927} WARNING - No viable dags retrieved from /usr/local/anaconda3/envs/airflow_env/lib/python3.8/site-packages/airflow/example_dags/plugins/event_listener.py
[2025-03-07T15:43:23.892+0100] {processor.py:208} INFO - Processing /usr/local/anaconda3/envs/airflow_env/lib/python3.8/site-packages/airflow/example_dags/plugins/event_listener.py took 0.073 seconds
[2025-03-07T15:45:33.197+0100] {processor.py:186} INFO - Started process (PID=11904) to work on /usr/local/anaconda3/envs/airflow_env/lib/python3.8/site-packages/airflow/example_dags/plugins/event_listener.py
[2025-03-07T15:45:33.200+0100] {processor.py:914} INFO - Processing file /usr/local/anaconda3/envs/airflow_env/lib/python3.8/site-packages/airflow/example_dags/plugins/event_listener.py for tasks to queue
[2025-03-07T15:45:33.201+0100] {logging_mixin.py:190} INFO - [2025-03-07T15:45:33.201+0100] {dagbag.py:588} INFO - Filling up the DagBag from /usr/local/anaconda3/envs/airflow_env/lib/python3.8/site-packages/airflow/example_dags/plugins/event_listener.py
[2025-03-07T15:45:33.202+0100] {processor.py:927} WARNING - No viable dags retrieved from /usr/local/anaconda3/envs/airflow_env/lib/python3.8/site-packages/airflow/example_dags/plugins/event_listener.py
[2025-03-07T15:45:33.270+0100] {processor.py:208} INFO - Processing /usr/local/anaconda3/envs/airflow_env/lib/python3.8/site-packages/airflow/example_dags/plugins/event_listener.py took 0.077 seconds
[2025-03-07T15:48:06.747+0100] {processor.py:186} INFO - Started process (PID=12152) to work on /usr/local/anaconda3/envs/airflow_env/lib/python3.8/site-packages/airflow/example_dags/plugins/event_listener.py
[2025-03-07T15:48:06.750+0100] {processor.py:914} INFO - Processing file /usr/local/anaconda3/envs/airflow_env/lib/python3.8/site-packages/airflow/example_dags/plugins/event_listener.py for tasks to queue
[2025-03-07T15:48:06.751+0100] {logging_mixin.py:190} INFO - [2025-03-07T15:48:06.751+0100] {dagbag.py:588} INFO - Filling up the DagBag from /usr/local/anaconda3/envs/airflow_env/lib/python3.8/site-packages/airflow/example_dags/plugins/event_listener.py
[2025-03-07T15:48:06.752+0100] {processor.py:927} WARNING - No viable dags retrieved from /usr/local/anaconda3/envs/airflow_env/lib/python3.8/site-packages/airflow/example_dags/plugins/event_listener.py
[2025-03-07T15:48:06.819+0100] {processor.py:208} INFO - Processing /usr/local/anaconda3/envs/airflow_env/lib/python3.8/site-packages/airflow/example_dags/plugins/event_listener.py took 0.076 seconds
[2025-03-07T15:50:20.552+0100] {processor.py:186} INFO - Started process (PID=12429) to work on /usr/local/anaconda3/envs/airflow_env/lib/python3.8/site-packages/airflow/example_dags/plugins/event_listener.py
[2025-03-07T15:50:20.555+0100] {processor.py:914} INFO - Processing file /usr/local/anaconda3/envs/airflow_env/lib/python3.8/site-packages/airflow/example_dags/plugins/event_listener.py for tasks to queue
[2025-03-07T15:50:20.556+0100] {logging_mixin.py:190} INFO - [2025-03-07T15:50:20.556+0100] {dagbag.py:588} INFO - Filling up the DagBag from /usr/local/anaconda3/envs/airflow_env/lib/python3.8/site-packages/airflow/example_dags/plugins/event_listener.py
[2025-03-07T15:50:20.557+0100] {processor.py:927} WARNING - No viable dags retrieved from /usr/local/anaconda3/envs/airflow_env/lib/python3.8/site-packages/airflow/example_dags/plugins/event_listener.py
[2025-03-07T15:50:20.623+0100] {processor.py:208} INFO - Processing /usr/local/anaconda3/envs/airflow_env/lib/python3.8/site-packages/airflow/example_dags/plugins/event_listener.py took 0.073 seconds
[2025-03-07T15:52:53.878+0100] {processor.py:186} INFO - Started process (PID=12699) to work on /usr/local/anaconda3/envs/airflow_env/lib/python3.8/site-packages/airflow/example_dags/plugins/event_listener.py
[2025-03-07T15:52:53.881+0100] {processor.py:914} INFO - Processing file /usr/local/anaconda3/envs/airflow_env/lib/python3.8/site-packages/airflow/example_dags/plugins/event_listener.py for tasks to queue
[2025-03-07T15:52:53.882+0100] {logging_mixin.py:190} INFO - [2025-03-07T15:52:53.882+0100] {dagbag.py:588} INFO - Filling up the DagBag from /usr/local/anaconda3/envs/airflow_env/lib/python3.8/site-packages/airflow/example_dags/plugins/event_listener.py
[2025-03-07T15:52:53.883+0100] {processor.py:927} WARNING - No viable dags retrieved from /usr/local/anaconda3/envs/airflow_env/lib/python3.8/site-packages/airflow/example_dags/plugins/event_listener.py
[2025-03-07T15:52:53.953+0100] {processor.py:208} INFO - Processing /usr/local/anaconda3/envs/airflow_env/lib/python3.8/site-packages/airflow/example_dags/plugins/event_listener.py took 0.080 seconds
[2025-03-07T15:55:07.579+0100] {processor.py:186} INFO - Started process (PID=12986) to work on /usr/local/anaconda3/envs/airflow_env/lib/python3.8/site-packages/airflow/example_dags/plugins/event_listener.py
[2025-03-07T15:55:07.582+0100] {processor.py:914} INFO - Processing file /usr/local/anaconda3/envs/airflow_env/lib/python3.8/site-packages/airflow/example_dags/plugins/event_listener.py for tasks to queue
[2025-03-07T15:55:07.583+0100] {logging_mixin.py:190} INFO - [2025-03-07T15:55:07.582+0100] {dagbag.py:588} INFO - Filling up the DagBag from /usr/local/anaconda3/envs/airflow_env/lib/python3.8/site-packages/airflow/example_dags/plugins/event_listener.py
[2025-03-07T15:55:07.584+0100] {processor.py:927} WARNING - No viable dags retrieved from /usr/local/anaconda3/envs/airflow_env/lib/python3.8/site-packages/airflow/example_dags/plugins/event_listener.py
[2025-03-07T15:55:07.648+0100] {processor.py:208} INFO - Processing /usr/local/anaconda3/envs/airflow_env/lib/python3.8/site-packages/airflow/example_dags/plugins/event_listener.py took 0.073 seconds
[2025-03-07T15:57:25.428+0100] {processor.py:186} INFO - Started process (PID=13199) to work on /usr/local/anaconda3/envs/airflow_env/lib/python3.8/site-packages/airflow/example_dags/plugins/event_listener.py
[2025-03-07T15:57:25.431+0100] {processor.py:914} INFO - Processing file /usr/local/anaconda3/envs/airflow_env/lib/python3.8/site-packages/airflow/example_dags/plugins/event_listener.py for tasks to queue
[2025-03-07T15:57:25.431+0100] {logging_mixin.py:190} INFO - [2025-03-07T15:57:25.431+0100] {dagbag.py:588} INFO - Filling up the DagBag from /usr/local/anaconda3/envs/airflow_env/lib/python3.8/site-packages/airflow/example_dags/plugins/event_listener.py
[2025-03-07T15:57:25.432+0100] {processor.py:927} WARNING - No viable dags retrieved from /usr/local/anaconda3/envs/airflow_env/lib/python3.8/site-packages/airflow/example_dags/plugins/event_listener.py
[2025-03-07T15:57:25.496+0100] {processor.py:208} INFO - Processing /usr/local/anaconda3/envs/airflow_env/lib/python3.8/site-packages/airflow/example_dags/plugins/event_listener.py took 0.071 seconds
[2025-03-07T15:59:42.592+0100] {processor.py:186} INFO - Started process (PID=13456) to work on /usr/local/anaconda3/envs/airflow_env/lib/python3.8/site-packages/airflow/example_dags/plugins/event_listener.py
[2025-03-07T15:59:42.595+0100] {processor.py:914} INFO - Processing file /usr/local/anaconda3/envs/airflow_env/lib/python3.8/site-packages/airflow/example_dags/plugins/event_listener.py for tasks to queue
[2025-03-07T15:59:42.596+0100] {logging_mixin.py:190} INFO - [2025-03-07T15:59:42.596+0100] {dagbag.py:588} INFO - Filling up the DagBag from /usr/local/anaconda3/envs/airflow_env/lib/python3.8/site-packages/airflow/example_dags/plugins/event_listener.py
[2025-03-07T15:59:42.597+0100] {processor.py:927} WARNING - No viable dags retrieved from /usr/local/anaconda3/envs/airflow_env/lib/python3.8/site-packages/airflow/example_dags/plugins/event_listener.py
[2025-03-07T15:59:42.663+0100] {processor.py:208} INFO - Processing /usr/local/anaconda3/envs/airflow_env/lib/python3.8/site-packages/airflow/example_dags/plugins/event_listener.py took 0.075 seconds
[2025-03-07T16:03:29.506+0100] {processor.py:186} INFO - Started process (PID=13782) to work on /usr/local/anaconda3/envs/airflow_env/lib/python3.8/site-packages/airflow/example_dags/plugins/event_listener.py
[2025-03-07T16:03:29.509+0100] {processor.py:914} INFO - Processing file /usr/local/anaconda3/envs/airflow_env/lib/python3.8/site-packages/airflow/example_dags/plugins/event_listener.py for tasks to queue
[2025-03-07T16:03:29.510+0100] {logging_mixin.py:190} INFO - [2025-03-07T16:03:29.510+0100] {dagbag.py:588} INFO - Filling up the DagBag from /usr/local/anaconda3/envs/airflow_env/lib/python3.8/site-packages/airflow/example_dags/plugins/event_listener.py
[2025-03-07T16:03:29.511+0100] {processor.py:927} WARNING - No viable dags retrieved from /usr/local/anaconda3/envs/airflow_env/lib/python3.8/site-packages/airflow/example_dags/plugins/event_listener.py
[2025-03-07T16:03:29.580+0100] {processor.py:208} INFO - Processing /usr/local/anaconda3/envs/airflow_env/lib/python3.8/site-packages/airflow/example_dags/plugins/event_listener.py took 0.078 seconds
[2025-03-07T16:06:27.768+0100] {processor.py:186} INFO - Started process (PID=14048) to work on /usr/local/anaconda3/envs/airflow_env/lib/python3.8/site-packages/airflow/example_dags/plugins/event_listener.py
[2025-03-07T16:06:27.772+0100] {processor.py:914} INFO - Processing file /usr/local/anaconda3/envs/airflow_env/lib/python3.8/site-packages/airflow/example_dags/plugins/event_listener.py for tasks to queue
[2025-03-07T16:06:27.772+0100] {logging_mixin.py:190} INFO - [2025-03-07T16:06:27.772+0100] {dagbag.py:588} INFO - Filling up the DagBag from /usr/local/anaconda3/envs/airflow_env/lib/python3.8/site-packages/airflow/example_dags/plugins/event_listener.py
[2025-03-07T16:06:27.773+0100] {processor.py:927} WARNING - No viable dags retrieved from /usr/local/anaconda3/envs/airflow_env/lib/python3.8/site-packages/airflow/example_dags/plugins/event_listener.py
[2025-03-07T16:06:27.843+0100] {processor.py:208} INFO - Processing /usr/local/anaconda3/envs/airflow_env/lib/python3.8/site-packages/airflow/example_dags/plugins/event_listener.py took 0.078 seconds
[2025-03-07T16:10:20.076+0100] {processor.py:186} INFO - Started process (PID=14373) to work on /usr/local/anaconda3/envs/airflow_env/lib/python3.8/site-packages/airflow/example_dags/plugins/event_listener.py
[2025-03-07T16:10:20.079+0100] {processor.py:914} INFO - Processing file /usr/local/anaconda3/envs/airflow_env/lib/python3.8/site-packages/airflow/example_dags/plugins/event_listener.py for tasks to queue
[2025-03-07T16:10:20.080+0100] {logging_mixin.py:190} INFO - [2025-03-07T16:10:20.080+0100] {dagbag.py:588} INFO - Filling up the DagBag from /usr/local/anaconda3/envs/airflow_env/lib/python3.8/site-packages/airflow/example_dags/plugins/event_listener.py
[2025-03-07T16:10:20.081+0100] {processor.py:927} WARNING - No viable dags retrieved from /usr/local/anaconda3/envs/airflow_env/lib/python3.8/site-packages/airflow/example_dags/plugins/event_listener.py
[2025-03-07T16:10:20.149+0100] {processor.py:208} INFO - Processing /usr/local/anaconda3/envs/airflow_env/lib/python3.8/site-packages/airflow/example_dags/plugins/event_listener.py took 0.077 seconds
[2025-03-07T16:12:38.523+0100] {processor.py:186} INFO - Started process (PID=14662) to work on /usr/local/anaconda3/envs/airflow_env/lib/python3.8/site-packages/airflow/example_dags/plugins/event_listener.py
[2025-03-07T16:12:38.526+0100] {processor.py:914} INFO - Processing file /usr/local/anaconda3/envs/airflow_env/lib/python3.8/site-packages/airflow/example_dags/plugins/event_listener.py for tasks to queue
[2025-03-07T16:12:38.527+0100] {logging_mixin.py:190} INFO - [2025-03-07T16:12:38.527+0100] {dagbag.py:588} INFO - Filling up the DagBag from /usr/local/anaconda3/envs/airflow_env/lib/python3.8/site-packages/airflow/example_dags/plugins/event_listener.py
[2025-03-07T16:12:38.528+0100] {processor.py:927} WARNING - No viable dags retrieved from /usr/local/anaconda3/envs/airflow_env/lib/python3.8/site-packages/airflow/example_dags/plugins/event_listener.py
[2025-03-07T16:12:38.595+0100] {processor.py:208} INFO - Processing /usr/local/anaconda3/envs/airflow_env/lib/python3.8/site-packages/airflow/example_dags/plugins/event_listener.py took 0.076 seconds
[2025-03-07T16:14:52.473+0100] {processor.py:186} INFO - Started process (PID=14966) to work on /usr/local/anaconda3/envs/airflow_env/lib/python3.8/site-packages/airflow/example_dags/plugins/event_listener.py
[2025-03-07T16:14:52.476+0100] {processor.py:914} INFO - Processing file /usr/local/anaconda3/envs/airflow_env/lib/python3.8/site-packages/airflow/example_dags/plugins/event_listener.py for tasks to queue
[2025-03-07T16:14:52.477+0100] {logging_mixin.py:190} INFO - [2025-03-07T16:14:52.477+0100] {dagbag.py:588} INFO - Filling up the DagBag from /usr/local/anaconda3/envs/airflow_env/lib/python3.8/site-packages/airflow/example_dags/plugins/event_listener.py
[2025-03-07T16:14:52.478+0100] {processor.py:927} WARNING - No viable dags retrieved from /usr/local/anaconda3/envs/airflow_env/lib/python3.8/site-packages/airflow/example_dags/plugins/event_listener.py
[2025-03-07T16:14:52.547+0100] {processor.py:208} INFO - Processing /usr/local/anaconda3/envs/airflow_env/lib/python3.8/site-packages/airflow/example_dags/plugins/event_listener.py took 0.078 seconds
[2025-03-07T16:17:04.961+0100] {processor.py:186} INFO - Started process (PID=15173) to work on /usr/local/anaconda3/envs/airflow_env/lib/python3.8/site-packages/airflow/example_dags/plugins/event_listener.py
[2025-03-07T16:17:04.964+0100] {processor.py:914} INFO - Processing file /usr/local/anaconda3/envs/airflow_env/lib/python3.8/site-packages/airflow/example_dags/plugins/event_listener.py for tasks to queue
[2025-03-07T16:17:04.965+0100] {logging_mixin.py:190} INFO - [2025-03-07T16:17:04.965+0100] {dagbag.py:588} INFO - Filling up the DagBag from /usr/local/anaconda3/envs/airflow_env/lib/python3.8/site-packages/airflow/example_dags/plugins/event_listener.py
[2025-03-07T16:17:04.967+0100] {processor.py:927} WARNING - No viable dags retrieved from /usr/local/anaconda3/envs/airflow_env/lib/python3.8/site-packages/airflow/example_dags/plugins/event_listener.py
[2025-03-07T16:17:05.057+0100] {processor.py:208} INFO - Processing /usr/local/anaconda3/envs/airflow_env/lib/python3.8/site-packages/airflow/example_dags/plugins/event_listener.py took 0.099 seconds
[2025-03-07T16:19:27.404+0100] {processor.py:186} INFO - Started process (PID=15459) to work on /usr/local/anaconda3/envs/airflow_env/lib/python3.8/site-packages/airflow/example_dags/plugins/event_listener.py
[2025-03-07T16:19:27.407+0100] {processor.py:914} INFO - Processing file /usr/local/anaconda3/envs/airflow_env/lib/python3.8/site-packages/airflow/example_dags/plugins/event_listener.py for tasks to queue
[2025-03-07T16:19:27.408+0100] {logging_mixin.py:190} INFO - [2025-03-07T16:19:27.408+0100] {dagbag.py:588} INFO - Filling up the DagBag from /usr/local/anaconda3/envs/airflow_env/lib/python3.8/site-packages/airflow/example_dags/plugins/event_listener.py
[2025-03-07T16:19:27.409+0100] {processor.py:927} WARNING - No viable dags retrieved from /usr/local/anaconda3/envs/airflow_env/lib/python3.8/site-packages/airflow/example_dags/plugins/event_listener.py
[2025-03-07T16:19:27.474+0100] {processor.py:208} INFO - Processing /usr/local/anaconda3/envs/airflow_env/lib/python3.8/site-packages/airflow/example_dags/plugins/event_listener.py took 0.073 seconds
[2025-03-07T16:21:47.077+0100] {processor.py:186} INFO - Started process (PID=15712) to work on /usr/local/anaconda3/envs/airflow_env/lib/python3.8/site-packages/airflow/example_dags/plugins/event_listener.py
[2025-03-07T16:21:47.080+0100] {processor.py:914} INFO - Processing file /usr/local/anaconda3/envs/airflow_env/lib/python3.8/site-packages/airflow/example_dags/plugins/event_listener.py for tasks to queue
[2025-03-07T16:21:47.081+0100] {logging_mixin.py:190} INFO - [2025-03-07T16:21:47.081+0100] {dagbag.py:588} INFO - Filling up the DagBag from /usr/local/anaconda3/envs/airflow_env/lib/python3.8/site-packages/airflow/example_dags/plugins/event_listener.py
[2025-03-07T16:21:47.082+0100] {processor.py:927} WARNING - No viable dags retrieved from /usr/local/anaconda3/envs/airflow_env/lib/python3.8/site-packages/airflow/example_dags/plugins/event_listener.py
[2025-03-07T16:21:47.149+0100] {processor.py:208} INFO - Processing /usr/local/anaconda3/envs/airflow_env/lib/python3.8/site-packages/airflow/example_dags/plugins/event_listener.py took 0.076 seconds
[2025-03-07T16:28:44.776+0100] {processor.py:186} INFO - Started process (PID=16150) to work on /usr/local/anaconda3/envs/airflow_env/lib/python3.8/site-packages/airflow/example_dags/plugins/event_listener.py
[2025-03-07T16:28:44.780+0100] {processor.py:914} INFO - Processing file /usr/local/anaconda3/envs/airflow_env/lib/python3.8/site-packages/airflow/example_dags/plugins/event_listener.py for tasks to queue
[2025-03-07T16:28:44.781+0100] {logging_mixin.py:190} INFO - [2025-03-07T16:28:44.781+0100] {dagbag.py:588} INFO - Filling up the DagBag from /usr/local/anaconda3/envs/airflow_env/lib/python3.8/site-packages/airflow/example_dags/plugins/event_listener.py
[2025-03-07T16:28:44.782+0100] {processor.py:927} WARNING - No viable dags retrieved from /usr/local/anaconda3/envs/airflow_env/lib/python3.8/site-packages/airflow/example_dags/plugins/event_listener.py
[2025-03-07T16:28:44.858+0100] {processor.py:208} INFO - Processing /usr/local/anaconda3/envs/airflow_env/lib/python3.8/site-packages/airflow/example_dags/plugins/event_listener.py took 0.085 seconds
