[2025-03-07T14:10:36.842+0100] {processor.py:186} INFO - Started process (PID=2587) to work on /usr/local/anaconda3/envs/airflow_env/lib/python3.8/site-packages/airflow/example_dags/plugins/listener_plugin.py
[2025-03-07T14:10:36.846+0100] {processor.py:914} INFO - Processing file /usr/local/anaconda3/envs/airflow_env/lib/python3.8/site-packages/airflow/example_dags/plugins/listener_plugin.py for tasks to queue
[2025-03-07T14:10:36.847+0100] {logging_mixin.py:190} INFO - [2025-03-07T14:10:36.846+0100] {dagbag.py:588} INFO - Filling up the DagBag from /usr/local/anaconda3/envs/airflow_env/lib/python3.8/site-packages/airflow/example_dags/plugins/listener_plugin.py
[2025-03-07T14:10:36.848+0100] {processor.py:927} WARNING - No viable dags retrieved from /usr/local/anaconda3/envs/airflow_env/lib/python3.8/site-packages/airflow/example_dags/plugins/listener_plugin.py
[2025-03-07T14:10:36.921+0100] {processor.py:208} INFO - Processing /usr/local/anaconda3/envs/airflow_env/lib/python3.8/site-packages/airflow/example_dags/plugins/listener_plugin.py took 0.081 seconds
[2025-03-07T14:13:28.732+0100] {processor.py:186} INFO - Started process (PID=2928) to work on /usr/local/anaconda3/envs/airflow_env/lib/python3.8/site-packages/airflow/example_dags/plugins/listener_plugin.py
[2025-03-07T14:13:28.735+0100] {processor.py:914} INFO - Processing file /usr/local/anaconda3/envs/airflow_env/lib/python3.8/site-packages/airflow/example_dags/plugins/listener_plugin.py for tasks to queue
[2025-03-07T14:13:28.736+0100] {logging_mixin.py:190} INFO - [2025-03-07T14:13:28.736+0100] {dagbag.py:588} INFO - Filling up the DagBag from /usr/local/anaconda3/envs/airflow_env/lib/python3.8/site-packages/airflow/example_dags/plugins/listener_plugin.py
[2025-03-07T14:13:28.738+0100] {processor.py:927} WARNING - No viable dags retrieved from /usr/local/anaconda3/envs/airflow_env/lib/python3.8/site-packages/airflow/example_dags/plugins/listener_plugin.py
[2025-03-07T14:13:28.812+0100] {processor.py:208} INFO - Processing /usr/local/anaconda3/envs/airflow_env/lib/python3.8/site-packages/airflow/example_dags/plugins/listener_plugin.py took 0.083 seconds
[2025-03-07T14:16:17.953+0100] {processor.py:186} INFO - Started process (PID=3220) to work on /usr/local/anaconda3/envs/airflow_env/lib/python3.8/site-packages/airflow/example_dags/plugins/listener_plugin.py
[2025-03-07T14:16:17.956+0100] {processor.py:914} INFO - Processing file /usr/local/anaconda3/envs/airflow_env/lib/python3.8/site-packages/airflow/example_dags/plugins/listener_plugin.py for tasks to queue
[2025-03-07T14:16:17.957+0100] {logging_mixin.py:190} INFO - [2025-03-07T14:16:17.957+0100] {dagbag.py:588} INFO - Filling up the DagBag from /usr/local/anaconda3/envs/airflow_env/lib/python3.8/site-packages/airflow/example_dags/plugins/listener_plugin.py
[2025-03-07T14:16:17.958+0100] {processor.py:927} WARNING - No viable dags retrieved from /usr/local/anaconda3/envs/airflow_env/lib/python3.8/site-packages/airflow/example_dags/plugins/listener_plugin.py
[2025-03-07T14:16:18.022+0100] {processor.py:208} INFO - Processing /usr/local/anaconda3/envs/airflow_env/lib/python3.8/site-packages/airflow/example_dags/plugins/listener_plugin.py took 0.072 seconds
[2025-03-07T14:18:32.180+0100] {processor.py:186} INFO - Started process (PID=3460) to work on /usr/local/anaconda3/envs/airflow_env/lib/python3.8/site-packages/airflow/example_dags/plugins/listener_plugin.py
[2025-03-07T14:18:32.183+0100] {processor.py:914} INFO - Processing file /usr/local/anaconda3/envs/airflow_env/lib/python3.8/site-packages/airflow/example_dags/plugins/listener_plugin.py for tasks to queue
[2025-03-07T14:18:32.184+0100] {logging_mixin.py:190} INFO - [2025-03-07T14:18:32.184+0100] {dagbag.py:588} INFO - Filling up the DagBag from /usr/local/anaconda3/envs/airflow_env/lib/python3.8/site-packages/airflow/example_dags/plugins/listener_plugin.py
[2025-03-07T14:18:32.186+0100] {processor.py:927} WARNING - No viable dags retrieved from /usr/local/anaconda3/envs/airflow_env/lib/python3.8/site-packages/airflow/example_dags/plugins/listener_plugin.py
[2025-03-07T14:18:32.252+0100] {processor.py:208} INFO - Processing /usr/local/anaconda3/envs/airflow_env/lib/python3.8/site-packages/airflow/example_dags/plugins/listener_plugin.py took 0.075 seconds
[2025-03-07T14:20:46.768+0100] {processor.py:186} INFO - Started process (PID=3761) to work on /usr/local/anaconda3/envs/airflow_env/lib/python3.8/site-packages/airflow/example_dags/plugins/listener_plugin.py
[2025-03-07T14:20:46.771+0100] {processor.py:914} INFO - Processing file /usr/local/anaconda3/envs/airflow_env/lib/python3.8/site-packages/airflow/example_dags/plugins/listener_plugin.py for tasks to queue
[2025-03-07T14:20:46.772+0100] {logging_mixin.py:190} INFO - [2025-03-07T14:20:46.772+0100] {dagbag.py:588} INFO - Filling up the DagBag from /usr/local/anaconda3/envs/airflow_env/lib/python3.8/site-packages/airflow/example_dags/plugins/listener_plugin.py
[2025-03-07T14:20:46.773+0100] {processor.py:927} WARNING - No viable dags retrieved from /usr/local/anaconda3/envs/airflow_env/lib/python3.8/site-packages/airflow/example_dags/plugins/listener_plugin.py
[2025-03-07T14:20:46.837+0100] {processor.py:208} INFO - Processing /usr/local/anaconda3/envs/airflow_env/lib/python3.8/site-packages/airflow/example_dags/plugins/listener_plugin.py took 0.072 seconds
[2025-03-07T14:23:02.531+0100] {processor.py:186} INFO - Started process (PID=3989) to work on /usr/local/anaconda3/envs/airflow_env/lib/python3.8/site-packages/airflow/example_dags/plugins/listener_plugin.py
[2025-03-07T14:23:02.534+0100] {processor.py:914} INFO - Processing file /usr/local/anaconda3/envs/airflow_env/lib/python3.8/site-packages/airflow/example_dags/plugins/listener_plugin.py for tasks to queue
[2025-03-07T14:23:02.535+0100] {logging_mixin.py:190} INFO - [2025-03-07T14:23:02.535+0100] {dagbag.py:588} INFO - Filling up the DagBag from /usr/local/anaconda3/envs/airflow_env/lib/python3.8/site-packages/airflow/example_dags/plugins/listener_plugin.py
[2025-03-07T14:23:02.536+0100] {processor.py:927} WARNING - No viable dags retrieved from /usr/local/anaconda3/envs/airflow_env/lib/python3.8/site-packages/airflow/example_dags/plugins/listener_plugin.py
[2025-03-07T14:23:02.600+0100] {processor.py:208} INFO - Processing /usr/local/anaconda3/envs/airflow_env/lib/python3.8/site-packages/airflow/example_dags/plugins/listener_plugin.py took 0.072 seconds
[2025-03-07T14:25:25.741+0100] {processor.py:186} INFO - Started process (PID=4206) to work on /usr/local/anaconda3/envs/airflow_env/lib/python3.8/site-packages/airflow/example_dags/plugins/listener_plugin.py
[2025-03-07T14:25:25.744+0100] {processor.py:914} INFO - Processing file /usr/local/anaconda3/envs/airflow_env/lib/python3.8/site-packages/airflow/example_dags/plugins/listener_plugin.py for tasks to queue
[2025-03-07T14:25:25.745+0100] {logging_mixin.py:190} INFO - [2025-03-07T14:25:25.745+0100] {dagbag.py:588} INFO - Filling up the DagBag from /usr/local/anaconda3/envs/airflow_env/lib/python3.8/site-packages/airflow/example_dags/plugins/listener_plugin.py
[2025-03-07T14:25:25.747+0100] {processor.py:927} WARNING - No viable dags retrieved from /usr/local/anaconda3/envs/airflow_env/lib/python3.8/site-packages/airflow/example_dags/plugins/listener_plugin.py
[2025-03-07T14:25:25.825+0100] {processor.py:208} INFO - Processing /usr/local/anaconda3/envs/airflow_env/lib/python3.8/site-packages/airflow/example_dags/plugins/listener_plugin.py took 0.087 seconds
[2025-03-07T14:26:47.250+0100] {processor.py:186} INFO - Started process (PID=4365) to work on /usr/local/anaconda3/envs/airflow_env/lib/python3.8/site-packages/airflow/example_dags/plugins/listener_plugin.py
[2025-03-07T14:26:47.254+0100] {processor.py:914} INFO - Processing file /usr/local/anaconda3/envs/airflow_env/lib/python3.8/site-packages/airflow/example_dags/plugins/listener_plugin.py for tasks to queue
[2025-03-07T14:26:47.255+0100] {logging_mixin.py:190} INFO - [2025-03-07T14:26:47.254+0100] {dagbag.py:588} INFO - Filling up the DagBag from /usr/local/anaconda3/envs/airflow_env/lib/python3.8/site-packages/airflow/example_dags/plugins/listener_plugin.py
[2025-03-07T14:26:47.256+0100] {processor.py:927} WARNING - No viable dags retrieved from /usr/local/anaconda3/envs/airflow_env/lib/python3.8/site-packages/airflow/example_dags/plugins/listener_plugin.py
[2025-03-07T14:26:47.321+0100] {processor.py:208} INFO - Processing /usr/local/anaconda3/envs/airflow_env/lib/python3.8/site-packages/airflow/example_dags/plugins/listener_plugin.py took 0.073 seconds
[2025-03-07T14:43:32.674+0100] {processor.py:186} INFO - Started process (PID=4878) to work on /usr/local/anaconda3/envs/airflow_env/lib/python3.8/site-packages/airflow/example_dags/plugins/listener_plugin.py
[2025-03-07T14:43:32.677+0100] {processor.py:914} INFO - Processing file /usr/local/anaconda3/envs/airflow_env/lib/python3.8/site-packages/airflow/example_dags/plugins/listener_plugin.py for tasks to queue
[2025-03-07T14:43:32.678+0100] {logging_mixin.py:190} INFO - [2025-03-07T14:43:32.678+0100] {dagbag.py:588} INFO - Filling up the DagBag from /usr/local/anaconda3/envs/airflow_env/lib/python3.8/site-packages/airflow/example_dags/plugins/listener_plugin.py
[2025-03-07T14:43:32.679+0100] {processor.py:927} WARNING - No viable dags retrieved from /usr/local/anaconda3/envs/airflow_env/lib/python3.8/site-packages/airflow/example_dags/plugins/listener_plugin.py
[2025-03-07T14:43:32.747+0100] {processor.py:208} INFO - Processing /usr/local/anaconda3/envs/airflow_env/lib/python3.8/site-packages/airflow/example_dags/plugins/listener_plugin.py took 0.076 seconds
[2025-03-07T14:46:21.326+0100] {processor.py:186} INFO - Started process (PID=5092) to work on /usr/local/anaconda3/envs/airflow_env/lib/python3.8/site-packages/airflow/example_dags/plugins/listener_plugin.py
[2025-03-07T14:46:21.330+0100] {processor.py:914} INFO - Processing file /usr/local/anaconda3/envs/airflow_env/lib/python3.8/site-packages/airflow/example_dags/plugins/listener_plugin.py for tasks to queue
[2025-03-07T14:46:21.331+0100] {logging_mixin.py:190} INFO - [2025-03-07T14:46:21.330+0100] {dagbag.py:588} INFO - Filling up the DagBag from /usr/local/anaconda3/envs/airflow_env/lib/python3.8/site-packages/airflow/example_dags/plugins/listener_plugin.py
[2025-03-07T14:46:21.332+0100] {processor.py:927} WARNING - No viable dags retrieved from /usr/local/anaconda3/envs/airflow_env/lib/python3.8/site-packages/airflow/example_dags/plugins/listener_plugin.py
[2025-03-07T14:46:21.402+0100] {processor.py:208} INFO - Processing /usr/local/anaconda3/envs/airflow_env/lib/python3.8/site-packages/airflow/example_dags/plugins/listener_plugin.py took 0.079 seconds
[2025-03-07T14:48:39.742+0100] {processor.py:186} INFO - Started process (PID=5347) to work on /usr/local/anaconda3/envs/airflow_env/lib/python3.8/site-packages/airflow/example_dags/plugins/listener_plugin.py
[2025-03-07T14:48:39.745+0100] {processor.py:914} INFO - Processing file /usr/local/anaconda3/envs/airflow_env/lib/python3.8/site-packages/airflow/example_dags/plugins/listener_plugin.py for tasks to queue
[2025-03-07T14:48:39.746+0100] {logging_mixin.py:190} INFO - [2025-03-07T14:48:39.745+0100] {dagbag.py:588} INFO - Filling up the DagBag from /usr/local/anaconda3/envs/airflow_env/lib/python3.8/site-packages/airflow/example_dags/plugins/listener_plugin.py
[2025-03-07T14:48:39.747+0100] {processor.py:927} WARNING - No viable dags retrieved from /usr/local/anaconda3/envs/airflow_env/lib/python3.8/site-packages/airflow/example_dags/plugins/listener_plugin.py
[2025-03-07T14:48:39.816+0100] {processor.py:208} INFO - Processing /usr/local/anaconda3/envs/airflow_env/lib/python3.8/site-packages/airflow/example_dags/plugins/listener_plugin.py took 0.077 seconds
[2025-03-07T14:49:26.756+0100] {processor.py:186} INFO - Started process (PID=5493) to work on /usr/local/anaconda3/envs/airflow_env/lib/python3.8/site-packages/airflow/example_dags/plugins/listener_plugin.py
[2025-03-07T14:49:26.759+0100] {processor.py:914} INFO - Processing file /usr/local/anaconda3/envs/airflow_env/lib/python3.8/site-packages/airflow/example_dags/plugins/listener_plugin.py for tasks to queue
[2025-03-07T14:49:26.760+0100] {logging_mixin.py:190} INFO - [2025-03-07T14:49:26.760+0100] {dagbag.py:588} INFO - Filling up the DagBag from /usr/local/anaconda3/envs/airflow_env/lib/python3.8/site-packages/airflow/example_dags/plugins/listener_plugin.py
[2025-03-07T14:49:26.761+0100] {processor.py:927} WARNING - No viable dags retrieved from /usr/local/anaconda3/envs/airflow_env/lib/python3.8/site-packages/airflow/example_dags/plugins/listener_plugin.py
[2025-03-07T14:49:26.835+0100] {processor.py:208} INFO - Processing /usr/local/anaconda3/envs/airflow_env/lib/python3.8/site-packages/airflow/example_dags/plugins/listener_plugin.py took 0.082 seconds
[2025-03-07T14:51:58.281+0100] {processor.py:186} INFO - Started process (PID=5819) to work on /usr/local/anaconda3/envs/airflow_env/lib/python3.8/site-packages/airflow/example_dags/plugins/listener_plugin.py
[2025-03-07T14:51:58.284+0100] {processor.py:914} INFO - Processing file /usr/local/anaconda3/envs/airflow_env/lib/python3.8/site-packages/airflow/example_dags/plugins/listener_plugin.py for tasks to queue
[2025-03-07T14:51:58.285+0100] {logging_mixin.py:190} INFO - [2025-03-07T14:51:58.285+0100] {dagbag.py:588} INFO - Filling up the DagBag from /usr/local/anaconda3/envs/airflow_env/lib/python3.8/site-packages/airflow/example_dags/plugins/listener_plugin.py
[2025-03-07T14:51:58.286+0100] {processor.py:927} WARNING - No viable dags retrieved from /usr/local/anaconda3/envs/airflow_env/lib/python3.8/site-packages/airflow/example_dags/plugins/listener_plugin.py
[2025-03-07T14:51:58.353+0100] {processor.py:208} INFO - Processing /usr/local/anaconda3/envs/airflow_env/lib/python3.8/site-packages/airflow/example_dags/plugins/listener_plugin.py took 0.075 seconds
[2025-03-07T14:52:55.476+0100] {processor.py:186} INFO - Started process (PID=5944) to work on /usr/local/anaconda3/envs/airflow_env/lib/python3.8/site-packages/airflow/example_dags/plugins/listener_plugin.py
[2025-03-07T14:52:55.479+0100] {processor.py:914} INFO - Processing file /usr/local/anaconda3/envs/airflow_env/lib/python3.8/site-packages/airflow/example_dags/plugins/listener_plugin.py for tasks to queue
[2025-03-07T14:52:55.480+0100] {logging_mixin.py:190} INFO - [2025-03-07T14:52:55.480+0100] {dagbag.py:588} INFO - Filling up the DagBag from /usr/local/anaconda3/envs/airflow_env/lib/python3.8/site-packages/airflow/example_dags/plugins/listener_plugin.py
[2025-03-07T14:52:55.482+0100] {processor.py:927} WARNING - No viable dags retrieved from /usr/local/anaconda3/envs/airflow_env/lib/python3.8/site-packages/airflow/example_dags/plugins/listener_plugin.py
[2025-03-07T14:52:55.547+0100] {processor.py:208} INFO - Processing /usr/local/anaconda3/envs/airflow_env/lib/python3.8/site-packages/airflow/example_dags/plugins/listener_plugin.py took 0.073 seconds
[2025-03-07T14:55:42.961+0100] {processor.py:186} INFO - Started process (PID=6253) to work on /usr/local/anaconda3/envs/airflow_env/lib/python3.8/site-packages/airflow/example_dags/plugins/listener_plugin.py
[2025-03-07T14:55:42.964+0100] {processor.py:914} INFO - Processing file /usr/local/anaconda3/envs/airflow_env/lib/python3.8/site-packages/airflow/example_dags/plugins/listener_plugin.py for tasks to queue
[2025-03-07T14:55:42.965+0100] {logging_mixin.py:190} INFO - [2025-03-07T14:55:42.965+0100] {dagbag.py:588} INFO - Filling up the DagBag from /usr/local/anaconda3/envs/airflow_env/lib/python3.8/site-packages/airflow/example_dags/plugins/listener_plugin.py
[2025-03-07T14:55:42.967+0100] {processor.py:927} WARNING - No viable dags retrieved from /usr/local/anaconda3/envs/airflow_env/lib/python3.8/site-packages/airflow/example_dags/plugins/listener_plugin.py
[2025-03-07T14:55:43.031+0100] {processor.py:208} INFO - Processing /usr/local/anaconda3/envs/airflow_env/lib/python3.8/site-packages/airflow/example_dags/plugins/listener_plugin.py took 0.074 seconds
[2025-03-07T14:57:55.354+0100] {processor.py:186} INFO - Started process (PID=6522) to work on /usr/local/anaconda3/envs/airflow_env/lib/python3.8/site-packages/airflow/example_dags/plugins/listener_plugin.py
[2025-03-07T14:57:55.357+0100] {processor.py:914} INFO - Processing file /usr/local/anaconda3/envs/airflow_env/lib/python3.8/site-packages/airflow/example_dags/plugins/listener_plugin.py for tasks to queue
[2025-03-07T14:57:55.358+0100] {logging_mixin.py:190} INFO - [2025-03-07T14:57:55.358+0100] {dagbag.py:588} INFO - Filling up the DagBag from /usr/local/anaconda3/envs/airflow_env/lib/python3.8/site-packages/airflow/example_dags/plugins/listener_plugin.py
[2025-03-07T14:57:55.360+0100] {processor.py:927} WARNING - No viable dags retrieved from /usr/local/anaconda3/envs/airflow_env/lib/python3.8/site-packages/airflow/example_dags/plugins/listener_plugin.py
[2025-03-07T14:57:55.423+0100] {processor.py:208} INFO - Processing /usr/local/anaconda3/envs/airflow_env/lib/python3.8/site-packages/airflow/example_dags/plugins/listener_plugin.py took 0.072 seconds
[2025-03-07T15:00:05.439+0100] {processor.py:186} INFO - Started process (PID=6811) to work on /usr/local/anaconda3/envs/airflow_env/lib/python3.8/site-packages/airflow/example_dags/plugins/listener_plugin.py
[2025-03-07T15:00:05.442+0100] {processor.py:914} INFO - Processing file /usr/local/anaconda3/envs/airflow_env/lib/python3.8/site-packages/airflow/example_dags/plugins/listener_plugin.py for tasks to queue
[2025-03-07T15:00:05.443+0100] {logging_mixin.py:190} INFO - [2025-03-07T15:00:05.443+0100] {dagbag.py:588} INFO - Filling up the DagBag from /usr/local/anaconda3/envs/airflow_env/lib/python3.8/site-packages/airflow/example_dags/plugins/listener_plugin.py
[2025-03-07T15:00:05.445+0100] {processor.py:927} WARNING - No viable dags retrieved from /usr/local/anaconda3/envs/airflow_env/lib/python3.8/site-packages/airflow/example_dags/plugins/listener_plugin.py
[2025-03-07T15:00:05.513+0100] {processor.py:208} INFO - Processing /usr/local/anaconda3/envs/airflow_env/lib/python3.8/site-packages/airflow/example_dags/plugins/listener_plugin.py took 0.077 seconds
[2025-03-07T15:02:31.177+0100] {processor.py:186} INFO - Started process (PID=7081) to work on /usr/local/anaconda3/envs/airflow_env/lib/python3.8/site-packages/airflow/example_dags/plugins/listener_plugin.py
[2025-03-07T15:02:31.181+0100] {processor.py:914} INFO - Processing file /usr/local/anaconda3/envs/airflow_env/lib/python3.8/site-packages/airflow/example_dags/plugins/listener_plugin.py for tasks to queue
[2025-03-07T15:02:31.182+0100] {logging_mixin.py:190} INFO - [2025-03-07T15:02:31.182+0100] {dagbag.py:588} INFO - Filling up the DagBag from /usr/local/anaconda3/envs/airflow_env/lib/python3.8/site-packages/airflow/example_dags/plugins/listener_plugin.py
[2025-03-07T15:02:31.183+0100] {processor.py:927} WARNING - No viable dags retrieved from /usr/local/anaconda3/envs/airflow_env/lib/python3.8/site-packages/airflow/example_dags/plugins/listener_plugin.py
[2025-03-07T15:02:31.252+0100] {processor.py:208} INFO - Processing /usr/local/anaconda3/envs/airflow_env/lib/python3.8/site-packages/airflow/example_dags/plugins/listener_plugin.py took 0.078 seconds
[2025-03-07T15:04:53.297+0100] {processor.py:186} INFO - Started process (PID=7276) to work on /usr/local/anaconda3/envs/airflow_env/lib/python3.8/site-packages/airflow/example_dags/plugins/listener_plugin.py
[2025-03-07T15:04:53.300+0100] {processor.py:914} INFO - Processing file /usr/local/anaconda3/envs/airflow_env/lib/python3.8/site-packages/airflow/example_dags/plugins/listener_plugin.py for tasks to queue
[2025-03-07T15:04:53.301+0100] {logging_mixin.py:190} INFO - [2025-03-07T15:04:53.301+0100] {dagbag.py:588} INFO - Filling up the DagBag from /usr/local/anaconda3/envs/airflow_env/lib/python3.8/site-packages/airflow/example_dags/plugins/listener_plugin.py
[2025-03-07T15:04:53.303+0100] {processor.py:927} WARNING - No viable dags retrieved from /usr/local/anaconda3/envs/airflow_env/lib/python3.8/site-packages/airflow/example_dags/plugins/listener_plugin.py
[2025-03-07T15:04:53.373+0100] {processor.py:208} INFO - Processing /usr/local/anaconda3/envs/airflow_env/lib/python3.8/site-packages/airflow/example_dags/plugins/listener_plugin.py took 0.080 seconds
[2025-03-07T15:07:17.116+0100] {processor.py:186} INFO - Started process (PID=7574) to work on /usr/local/anaconda3/envs/airflow_env/lib/python3.8/site-packages/airflow/example_dags/plugins/listener_plugin.py
[2025-03-07T15:07:17.119+0100] {processor.py:914} INFO - Processing file /usr/local/anaconda3/envs/airflow_env/lib/python3.8/site-packages/airflow/example_dags/plugins/listener_plugin.py for tasks to queue
[2025-03-07T15:07:17.120+0100] {logging_mixin.py:190} INFO - [2025-03-07T15:07:17.120+0100] {dagbag.py:588} INFO - Filling up the DagBag from /usr/local/anaconda3/envs/airflow_env/lib/python3.8/site-packages/airflow/example_dags/plugins/listener_plugin.py
[2025-03-07T15:07:17.122+0100] {processor.py:927} WARNING - No viable dags retrieved from /usr/local/anaconda3/envs/airflow_env/lib/python3.8/site-packages/airflow/example_dags/plugins/listener_plugin.py
[2025-03-07T15:07:17.190+0100] {processor.py:208} INFO - Processing /usr/local/anaconda3/envs/airflow_env/lib/python3.8/site-packages/airflow/example_dags/plugins/listener_plugin.py took 0.077 seconds
[2025-03-07T15:09:43.380+0100] {processor.py:186} INFO - Started process (PID=7811) to work on /usr/local/anaconda3/envs/airflow_env/lib/python3.8/site-packages/airflow/example_dags/plugins/listener_plugin.py
[2025-03-07T15:09:43.383+0100] {processor.py:914} INFO - Processing file /usr/local/anaconda3/envs/airflow_env/lib/python3.8/site-packages/airflow/example_dags/plugins/listener_plugin.py for tasks to queue
[2025-03-07T15:09:43.384+0100] {logging_mixin.py:190} INFO - [2025-03-07T15:09:43.384+0100] {dagbag.py:588} INFO - Filling up the DagBag from /usr/local/anaconda3/envs/airflow_env/lib/python3.8/site-packages/airflow/example_dags/plugins/listener_plugin.py
[2025-03-07T15:09:43.385+0100] {processor.py:927} WARNING - No viable dags retrieved from /usr/local/anaconda3/envs/airflow_env/lib/python3.8/site-packages/airflow/example_dags/plugins/listener_plugin.py
[2025-03-07T15:09:43.451+0100] {processor.py:208} INFO - Processing /usr/local/anaconda3/envs/airflow_env/lib/python3.8/site-packages/airflow/example_dags/plugins/listener_plugin.py took 0.074 seconds
[2025-03-07T15:12:25.832+0100] {processor.py:186} INFO - Started process (PID=8115) to work on /usr/local/anaconda3/envs/airflow_env/lib/python3.8/site-packages/airflow/example_dags/plugins/listener_plugin.py
[2025-03-07T15:12:25.835+0100] {processor.py:914} INFO - Processing file /usr/local/anaconda3/envs/airflow_env/lib/python3.8/site-packages/airflow/example_dags/plugins/listener_plugin.py for tasks to queue
[2025-03-07T15:12:25.836+0100] {logging_mixin.py:190} INFO - [2025-03-07T15:12:25.836+0100] {dagbag.py:588} INFO - Filling up the DagBag from /usr/local/anaconda3/envs/airflow_env/lib/python3.8/site-packages/airflow/example_dags/plugins/listener_plugin.py
[2025-03-07T15:12:25.837+0100] {processor.py:927} WARNING - No viable dags retrieved from /usr/local/anaconda3/envs/airflow_env/lib/python3.8/site-packages/airflow/example_dags/plugins/listener_plugin.py
[2025-03-07T15:12:25.902+0100] {processor.py:208} INFO - Processing /usr/local/anaconda3/envs/airflow_env/lib/python3.8/site-packages/airflow/example_dags/plugins/listener_plugin.py took 0.073 seconds
[2025-03-07T15:15:22.324+0100] {processor.py:186} INFO - Started process (PID=8459) to work on /usr/local/anaconda3/envs/airflow_env/lib/python3.8/site-packages/airflow/example_dags/plugins/listener_plugin.py
[2025-03-07T15:15:22.327+0100] {processor.py:914} INFO - Processing file /usr/local/anaconda3/envs/airflow_env/lib/python3.8/site-packages/airflow/example_dags/plugins/listener_plugin.py for tasks to queue
[2025-03-07T15:15:22.328+0100] {logging_mixin.py:190} INFO - [2025-03-07T15:15:22.327+0100] {dagbag.py:588} INFO - Filling up the DagBag from /usr/local/anaconda3/envs/airflow_env/lib/python3.8/site-packages/airflow/example_dags/plugins/listener_plugin.py
[2025-03-07T15:15:22.329+0100] {processor.py:927} WARNING - No viable dags retrieved from /usr/local/anaconda3/envs/airflow_env/lib/python3.8/site-packages/airflow/example_dags/plugins/listener_plugin.py
[2025-03-07T15:15:22.395+0100] {processor.py:208} INFO - Processing /usr/local/anaconda3/envs/airflow_env/lib/python3.8/site-packages/airflow/example_dags/plugins/listener_plugin.py took 0.074 seconds
[2025-03-07T15:17:42.366+0100] {processor.py:186} INFO - Started process (PID=8684) to work on /usr/local/anaconda3/envs/airflow_env/lib/python3.8/site-packages/airflow/example_dags/plugins/listener_plugin.py
[2025-03-07T15:17:42.369+0100] {processor.py:914} INFO - Processing file /usr/local/anaconda3/envs/airflow_env/lib/python3.8/site-packages/airflow/example_dags/plugins/listener_plugin.py for tasks to queue
[2025-03-07T15:17:42.370+0100] {logging_mixin.py:190} INFO - [2025-03-07T15:17:42.370+0100] {dagbag.py:588} INFO - Filling up the DagBag from /usr/local/anaconda3/envs/airflow_env/lib/python3.8/site-packages/airflow/example_dags/plugins/listener_plugin.py
[2025-03-07T15:17:42.372+0100] {processor.py:927} WARNING - No viable dags retrieved from /usr/local/anaconda3/envs/airflow_env/lib/python3.8/site-packages/airflow/example_dags/plugins/listener_plugin.py
[2025-03-07T15:17:42.441+0100] {processor.py:208} INFO - Processing /usr/local/anaconda3/envs/airflow_env/lib/python3.8/site-packages/airflow/example_dags/plugins/listener_plugin.py took 0.079 seconds
[2025-03-07T15:19:59.307+0100] {processor.py:186} INFO - Started process (PID=9041) to work on /usr/local/anaconda3/envs/airflow_env/lib/python3.8/site-packages/airflow/example_dags/plugins/listener_plugin.py
[2025-03-07T15:19:59.310+0100] {processor.py:914} INFO - Processing file /usr/local/anaconda3/envs/airflow_env/lib/python3.8/site-packages/airflow/example_dags/plugins/listener_plugin.py for tasks to queue
[2025-03-07T15:19:59.311+0100] {logging_mixin.py:190} INFO - [2025-03-07T15:19:59.311+0100] {dagbag.py:588} INFO - Filling up the DagBag from /usr/local/anaconda3/envs/airflow_env/lib/python3.8/site-packages/airflow/example_dags/plugins/listener_plugin.py
[2025-03-07T15:19:59.312+0100] {processor.py:927} WARNING - No viable dags retrieved from /usr/local/anaconda3/envs/airflow_env/lib/python3.8/site-packages/airflow/example_dags/plugins/listener_plugin.py
[2025-03-07T15:19:59.377+0100] {processor.py:208} INFO - Processing /usr/local/anaconda3/envs/airflow_env/lib/python3.8/site-packages/airflow/example_dags/plugins/listener_plugin.py took 0.074 seconds
[2025-03-07T15:22:12.464+0100] {processor.py:186} INFO - Started process (PID=9334) to work on /usr/local/anaconda3/envs/airflow_env/lib/python3.8/site-packages/airflow/example_dags/plugins/listener_plugin.py
[2025-03-07T15:22:12.467+0100] {processor.py:914} INFO - Processing file /usr/local/anaconda3/envs/airflow_env/lib/python3.8/site-packages/airflow/example_dags/plugins/listener_plugin.py for tasks to queue
[2025-03-07T15:22:12.468+0100] {logging_mixin.py:190} INFO - [2025-03-07T15:22:12.468+0100] {dagbag.py:588} INFO - Filling up the DagBag from /usr/local/anaconda3/envs/airflow_env/lib/python3.8/site-packages/airflow/example_dags/plugins/listener_plugin.py
[2025-03-07T15:22:12.469+0100] {processor.py:927} WARNING - No viable dags retrieved from /usr/local/anaconda3/envs/airflow_env/lib/python3.8/site-packages/airflow/example_dags/plugins/listener_plugin.py
[2025-03-07T15:22:12.534+0100] {processor.py:208} INFO - Processing /usr/local/anaconda3/envs/airflow_env/lib/python3.8/site-packages/airflow/example_dags/plugins/listener_plugin.py took 0.073 seconds
[2025-03-07T15:24:31.064+0100] {processor.py:186} INFO - Started process (PID=9657) to work on /usr/local/anaconda3/envs/airflow_env/lib/python3.8/site-packages/airflow/example_dags/plugins/listener_plugin.py
[2025-03-07T15:24:31.067+0100] {processor.py:914} INFO - Processing file /usr/local/anaconda3/envs/airflow_env/lib/python3.8/site-packages/airflow/example_dags/plugins/listener_plugin.py for tasks to queue
[2025-03-07T15:24:31.068+0100] {logging_mixin.py:190} INFO - [2025-03-07T15:24:31.068+0100] {dagbag.py:588} INFO - Filling up the DagBag from /usr/local/anaconda3/envs/airflow_env/lib/python3.8/site-packages/airflow/example_dags/plugins/listener_plugin.py
[2025-03-07T15:24:31.070+0100] {processor.py:927} WARNING - No viable dags retrieved from /usr/local/anaconda3/envs/airflow_env/lib/python3.8/site-packages/airflow/example_dags/plugins/listener_plugin.py
[2025-03-07T15:24:31.137+0100] {processor.py:208} INFO - Processing /usr/local/anaconda3/envs/airflow_env/lib/python3.8/site-packages/airflow/example_dags/plugins/listener_plugin.py took 0.076 seconds
[2025-03-07T15:26:50.413+0100] {processor.py:186} INFO - Started process (PID=9943) to work on /usr/local/anaconda3/envs/airflow_env/lib/python3.8/site-packages/airflow/example_dags/plugins/listener_plugin.py
[2025-03-07T15:26:50.416+0100] {processor.py:914} INFO - Processing file /usr/local/anaconda3/envs/airflow_env/lib/python3.8/site-packages/airflow/example_dags/plugins/listener_plugin.py for tasks to queue
[2025-03-07T15:26:50.417+0100] {logging_mixin.py:190} INFO - [2025-03-07T15:26:50.417+0100] {dagbag.py:588} INFO - Filling up the DagBag from /usr/local/anaconda3/envs/airflow_env/lib/python3.8/site-packages/airflow/example_dags/plugins/listener_plugin.py
[2025-03-07T15:26:50.419+0100] {processor.py:927} WARNING - No viable dags retrieved from /usr/local/anaconda3/envs/airflow_env/lib/python3.8/site-packages/airflow/example_dags/plugins/listener_plugin.py
[2025-03-07T15:26:50.492+0100] {processor.py:208} INFO - Processing /usr/local/anaconda3/envs/airflow_env/lib/python3.8/site-packages/airflow/example_dags/plugins/listener_plugin.py took 0.083 seconds
[2025-03-07T15:28:43.576+0100] {processor.py:186} INFO - Started process (PID=10230) to work on /usr/local/anaconda3/envs/airflow_env/lib/python3.8/site-packages/airflow/example_dags/plugins/listener_plugin.py
[2025-03-07T15:28:43.579+0100] {processor.py:914} INFO - Processing file /usr/local/anaconda3/envs/airflow_env/lib/python3.8/site-packages/airflow/example_dags/plugins/listener_plugin.py for tasks to queue
[2025-03-07T15:28:43.580+0100] {logging_mixin.py:190} INFO - [2025-03-07T15:28:43.580+0100] {dagbag.py:588} INFO - Filling up the DagBag from /usr/local/anaconda3/envs/airflow_env/lib/python3.8/site-packages/airflow/example_dags/plugins/listener_plugin.py
[2025-03-07T15:28:43.582+0100] {processor.py:927} WARNING - No viable dags retrieved from /usr/local/anaconda3/envs/airflow_env/lib/python3.8/site-packages/airflow/example_dags/plugins/listener_plugin.py
[2025-03-07T15:28:43.648+0100] {processor.py:208} INFO - Processing /usr/local/anaconda3/envs/airflow_env/lib/python3.8/site-packages/airflow/example_dags/plugins/listener_plugin.py took 0.075 seconds
[2025-03-07T15:32:16.199+0100] {processor.py:186} INFO - Started process (PID=10519) to work on /usr/local/anaconda3/envs/airflow_env/lib/python3.8/site-packages/airflow/example_dags/plugins/listener_plugin.py
[2025-03-07T15:32:16.202+0100] {processor.py:914} INFO - Processing file /usr/local/anaconda3/envs/airflow_env/lib/python3.8/site-packages/airflow/example_dags/plugins/listener_plugin.py for tasks to queue
[2025-03-07T15:32:16.203+0100] {logging_mixin.py:190} INFO - [2025-03-07T15:32:16.203+0100] {dagbag.py:588} INFO - Filling up the DagBag from /usr/local/anaconda3/envs/airflow_env/lib/python3.8/site-packages/airflow/example_dags/plugins/listener_plugin.py
[2025-03-07T15:32:16.205+0100] {processor.py:927} WARNING - No viable dags retrieved from /usr/local/anaconda3/envs/airflow_env/lib/python3.8/site-packages/airflow/example_dags/plugins/listener_plugin.py
[2025-03-07T15:32:16.269+0100] {processor.py:208} INFO - Processing /usr/local/anaconda3/envs/airflow_env/lib/python3.8/site-packages/airflow/example_dags/plugins/listener_plugin.py took 0.073 seconds
[2025-03-07T15:34:31.489+0100] {processor.py:186} INFO - Started process (PID=10747) to work on /usr/local/anaconda3/envs/airflow_env/lib/python3.8/site-packages/airflow/example_dags/plugins/listener_plugin.py
[2025-03-07T15:34:31.492+0100] {processor.py:914} INFO - Processing file /usr/local/anaconda3/envs/airflow_env/lib/python3.8/site-packages/airflow/example_dags/plugins/listener_plugin.py for tasks to queue
[2025-03-07T15:34:31.493+0100] {logging_mixin.py:190} INFO - [2025-03-07T15:34:31.493+0100] {dagbag.py:588} INFO - Filling up the DagBag from /usr/local/anaconda3/envs/airflow_env/lib/python3.8/site-packages/airflow/example_dags/plugins/listener_plugin.py
[2025-03-07T15:34:31.494+0100] {processor.py:927} WARNING - No viable dags retrieved from /usr/local/anaconda3/envs/airflow_env/lib/python3.8/site-packages/airflow/example_dags/plugins/listener_plugin.py
[2025-03-07T15:34:31.563+0100] {processor.py:208} INFO - Processing /usr/local/anaconda3/envs/airflow_env/lib/python3.8/site-packages/airflow/example_dags/plugins/listener_plugin.py took 0.077 seconds
[2025-03-07T15:36:47.259+0100] {processor.py:186} INFO - Started process (PID=11053) to work on /usr/local/anaconda3/envs/airflow_env/lib/python3.8/site-packages/airflow/example_dags/plugins/listener_plugin.py
[2025-03-07T15:36:47.262+0100] {processor.py:914} INFO - Processing file /usr/local/anaconda3/envs/airflow_env/lib/python3.8/site-packages/airflow/example_dags/plugins/listener_plugin.py for tasks to queue
[2025-03-07T15:36:47.262+0100] {logging_mixin.py:190} INFO - [2025-03-07T15:36:47.262+0100] {dagbag.py:588} INFO - Filling up the DagBag from /usr/local/anaconda3/envs/airflow_env/lib/python3.8/site-packages/airflow/example_dags/plugins/listener_plugin.py
[2025-03-07T15:36:47.264+0100] {processor.py:927} WARNING - No viable dags retrieved from /usr/local/anaconda3/envs/airflow_env/lib/python3.8/site-packages/airflow/example_dags/plugins/listener_plugin.py
[2025-03-07T15:36:47.329+0100] {processor.py:208} INFO - Processing /usr/local/anaconda3/envs/airflow_env/lib/python3.8/site-packages/airflow/example_dags/plugins/listener_plugin.py took 0.073 seconds
[2025-03-07T15:39:02.144+0100] {processor.py:186} INFO - Started process (PID=11311) to work on /usr/local/anaconda3/envs/airflow_env/lib/python3.8/site-packages/airflow/example_dags/plugins/listener_plugin.py
[2025-03-07T15:39:02.148+0100] {processor.py:914} INFO - Processing file /usr/local/anaconda3/envs/airflow_env/lib/python3.8/site-packages/airflow/example_dags/plugins/listener_plugin.py for tasks to queue
[2025-03-07T15:39:02.148+0100] {logging_mixin.py:190} INFO - [2025-03-07T15:39:02.148+0100] {dagbag.py:588} INFO - Filling up the DagBag from /usr/local/anaconda3/envs/airflow_env/lib/python3.8/site-packages/airflow/example_dags/plugins/listener_plugin.py
[2025-03-07T15:39:02.150+0100] {processor.py:927} WARNING - No viable dags retrieved from /usr/local/anaconda3/envs/airflow_env/lib/python3.8/site-packages/airflow/example_dags/plugins/listener_plugin.py
[2025-03-07T15:39:02.216+0100] {processor.py:208} INFO - Processing /usr/local/anaconda3/envs/airflow_env/lib/python3.8/site-packages/airflow/example_dags/plugins/listener_plugin.py took 0.075 seconds
[2025-03-07T15:41:11.994+0100] {processor.py:186} INFO - Started process (PID=11484) to work on /usr/local/anaconda3/envs/airflow_env/lib/python3.8/site-packages/airflow/example_dags/plugins/listener_plugin.py
[2025-03-07T15:41:11.997+0100] {processor.py:914} INFO - Processing file /usr/local/anaconda3/envs/airflow_env/lib/python3.8/site-packages/airflow/example_dags/plugins/listener_plugin.py for tasks to queue
[2025-03-07T15:41:11.998+0100] {logging_mixin.py:190} INFO - [2025-03-07T15:41:11.998+0100] {dagbag.py:588} INFO - Filling up the DagBag from /usr/local/anaconda3/envs/airflow_env/lib/python3.8/site-packages/airflow/example_dags/plugins/listener_plugin.py
[2025-03-07T15:41:12.000+0100] {processor.py:927} WARNING - No viable dags retrieved from /usr/local/anaconda3/envs/airflow_env/lib/python3.8/site-packages/airflow/example_dags/plugins/listener_plugin.py
[2025-03-07T15:41:12.064+0100] {processor.py:208} INFO - Processing /usr/local/anaconda3/envs/airflow_env/lib/python3.8/site-packages/airflow/example_dags/plugins/listener_plugin.py took 0.073 seconds
[2025-03-07T15:43:21.128+0100] {processor.py:186} INFO - Started process (PID=11698) to work on /usr/local/anaconda3/envs/airflow_env/lib/python3.8/site-packages/airflow/example_dags/plugins/listener_plugin.py
[2025-03-07T15:43:21.131+0100] {processor.py:914} INFO - Processing file /usr/local/anaconda3/envs/airflow_env/lib/python3.8/site-packages/airflow/example_dags/plugins/listener_plugin.py for tasks to queue
[2025-03-07T15:43:21.132+0100] {logging_mixin.py:190} INFO - [2025-03-07T15:43:21.131+0100] {dagbag.py:588} INFO - Filling up the DagBag from /usr/local/anaconda3/envs/airflow_env/lib/python3.8/site-packages/airflow/example_dags/plugins/listener_plugin.py
[2025-03-07T15:43:21.133+0100] {processor.py:927} WARNING - No viable dags retrieved from /usr/local/anaconda3/envs/airflow_env/lib/python3.8/site-packages/airflow/example_dags/plugins/listener_plugin.py
[2025-03-07T15:43:21.198+0100] {processor.py:208} INFO - Processing /usr/local/anaconda3/envs/airflow_env/lib/python3.8/site-packages/airflow/example_dags/plugins/listener_plugin.py took 0.073 seconds
[2025-03-07T15:45:30.375+0100] {processor.py:186} INFO - Started process (PID=11901) to work on /usr/local/anaconda3/envs/airflow_env/lib/python3.8/site-packages/airflow/example_dags/plugins/listener_plugin.py
[2025-03-07T15:45:30.378+0100] {processor.py:914} INFO - Processing file /usr/local/anaconda3/envs/airflow_env/lib/python3.8/site-packages/airflow/example_dags/plugins/listener_plugin.py for tasks to queue
[2025-03-07T15:45:30.379+0100] {logging_mixin.py:190} INFO - [2025-03-07T15:45:30.379+0100] {dagbag.py:588} INFO - Filling up the DagBag from /usr/local/anaconda3/envs/airflow_env/lib/python3.8/site-packages/airflow/example_dags/plugins/listener_plugin.py
[2025-03-07T15:45:30.380+0100] {processor.py:927} WARNING - No viable dags retrieved from /usr/local/anaconda3/envs/airflow_env/lib/python3.8/site-packages/airflow/example_dags/plugins/listener_plugin.py
[2025-03-07T15:45:30.448+0100] {processor.py:208} INFO - Processing /usr/local/anaconda3/envs/airflow_env/lib/python3.8/site-packages/airflow/example_dags/plugins/listener_plugin.py took 0.076 seconds
[2025-03-07T15:48:04.034+0100] {processor.py:186} INFO - Started process (PID=12149) to work on /usr/local/anaconda3/envs/airflow_env/lib/python3.8/site-packages/airflow/example_dags/plugins/listener_plugin.py
[2025-03-07T15:48:04.037+0100] {processor.py:914} INFO - Processing file /usr/local/anaconda3/envs/airflow_env/lib/python3.8/site-packages/airflow/example_dags/plugins/listener_plugin.py for tasks to queue
[2025-03-07T15:48:04.038+0100] {logging_mixin.py:190} INFO - [2025-03-07T15:48:04.038+0100] {dagbag.py:588} INFO - Filling up the DagBag from /usr/local/anaconda3/envs/airflow_env/lib/python3.8/site-packages/airflow/example_dags/plugins/listener_plugin.py
[2025-03-07T15:48:04.040+0100] {processor.py:927} WARNING - No viable dags retrieved from /usr/local/anaconda3/envs/airflow_env/lib/python3.8/site-packages/airflow/example_dags/plugins/listener_plugin.py
[2025-03-07T15:48:04.109+0100] {processor.py:208} INFO - Processing /usr/local/anaconda3/envs/airflow_env/lib/python3.8/site-packages/airflow/example_dags/plugins/listener_plugin.py took 0.079 seconds
[2025-03-07T15:50:17.848+0100] {processor.py:186} INFO - Started process (PID=12422) to work on /usr/local/anaconda3/envs/airflow_env/lib/python3.8/site-packages/airflow/example_dags/plugins/listener_plugin.py
[2025-03-07T15:50:17.852+0100] {processor.py:914} INFO - Processing file /usr/local/anaconda3/envs/airflow_env/lib/python3.8/site-packages/airflow/example_dags/plugins/listener_plugin.py for tasks to queue
[2025-03-07T15:50:17.853+0100] {logging_mixin.py:190} INFO - [2025-03-07T15:50:17.852+0100] {dagbag.py:588} INFO - Filling up the DagBag from /usr/local/anaconda3/envs/airflow_env/lib/python3.8/site-packages/airflow/example_dags/plugins/listener_plugin.py
[2025-03-07T15:50:17.854+0100] {processor.py:927} WARNING - No viable dags retrieved from /usr/local/anaconda3/envs/airflow_env/lib/python3.8/site-packages/airflow/example_dags/plugins/listener_plugin.py
[2025-03-07T15:50:17.922+0100] {processor.py:208} INFO - Processing /usr/local/anaconda3/envs/airflow_env/lib/python3.8/site-packages/airflow/example_dags/plugins/listener_plugin.py took 0.077 seconds
[2025-03-07T15:52:50.958+0100] {processor.py:186} INFO - Started process (PID=12689) to work on /usr/local/anaconda3/envs/airflow_env/lib/python3.8/site-packages/airflow/example_dags/plugins/listener_plugin.py
[2025-03-07T15:52:50.961+0100] {processor.py:914} INFO - Processing file /usr/local/anaconda3/envs/airflow_env/lib/python3.8/site-packages/airflow/example_dags/plugins/listener_plugin.py for tasks to queue
[2025-03-07T15:52:50.962+0100] {logging_mixin.py:190} INFO - [2025-03-07T15:52:50.962+0100] {dagbag.py:588} INFO - Filling up the DagBag from /usr/local/anaconda3/envs/airflow_env/lib/python3.8/site-packages/airflow/example_dags/plugins/listener_plugin.py
[2025-03-07T15:52:50.963+0100] {processor.py:927} WARNING - No viable dags retrieved from /usr/local/anaconda3/envs/airflow_env/lib/python3.8/site-packages/airflow/example_dags/plugins/listener_plugin.py
[2025-03-07T15:52:51.030+0100] {processor.py:208} INFO - Processing /usr/local/anaconda3/envs/airflow_env/lib/python3.8/site-packages/airflow/example_dags/plugins/listener_plugin.py took 0.075 seconds
[2025-03-07T15:55:04.865+0100] {processor.py:186} INFO - Started process (PID=12983) to work on /usr/local/anaconda3/envs/airflow_env/lib/python3.8/site-packages/airflow/example_dags/plugins/listener_plugin.py
[2025-03-07T15:55:04.868+0100] {processor.py:914} INFO - Processing file /usr/local/anaconda3/envs/airflow_env/lib/python3.8/site-packages/airflow/example_dags/plugins/listener_plugin.py for tasks to queue
[2025-03-07T15:55:04.869+0100] {logging_mixin.py:190} INFO - [2025-03-07T15:55:04.869+0100] {dagbag.py:588} INFO - Filling up the DagBag from /usr/local/anaconda3/envs/airflow_env/lib/python3.8/site-packages/airflow/example_dags/plugins/listener_plugin.py
[2025-03-07T15:55:04.871+0100] {processor.py:927} WARNING - No viable dags retrieved from /usr/local/anaconda3/envs/airflow_env/lib/python3.8/site-packages/airflow/example_dags/plugins/listener_plugin.py
[2025-03-07T15:55:04.937+0100] {processor.py:208} INFO - Processing /usr/local/anaconda3/envs/airflow_env/lib/python3.8/site-packages/airflow/example_dags/plugins/listener_plugin.py took 0.075 seconds
[2025-03-07T15:57:22.755+0100] {processor.py:186} INFO - Started process (PID=13192) to work on /usr/local/anaconda3/envs/airflow_env/lib/python3.8/site-packages/airflow/example_dags/plugins/listener_plugin.py
[2025-03-07T15:57:22.758+0100] {processor.py:914} INFO - Processing file /usr/local/anaconda3/envs/airflow_env/lib/python3.8/site-packages/airflow/example_dags/plugins/listener_plugin.py for tasks to queue
[2025-03-07T15:57:22.759+0100] {logging_mixin.py:190} INFO - [2025-03-07T15:57:22.759+0100] {dagbag.py:588} INFO - Filling up the DagBag from /usr/local/anaconda3/envs/airflow_env/lib/python3.8/site-packages/airflow/example_dags/plugins/listener_plugin.py
[2025-03-07T15:57:22.761+0100] {processor.py:927} WARNING - No viable dags retrieved from /usr/local/anaconda3/envs/airflow_env/lib/python3.8/site-packages/airflow/example_dags/plugins/listener_plugin.py
[2025-03-07T15:57:22.829+0100] {processor.py:208} INFO - Processing /usr/local/anaconda3/envs/airflow_env/lib/python3.8/site-packages/airflow/example_dags/plugins/listener_plugin.py took 0.077 seconds
[2025-03-07T15:59:39.892+0100] {processor.py:186} INFO - Started process (PID=13441) to work on /usr/local/anaconda3/envs/airflow_env/lib/python3.8/site-packages/airflow/example_dags/plugins/listener_plugin.py
[2025-03-07T15:59:39.896+0100] {processor.py:914} INFO - Processing file /usr/local/anaconda3/envs/airflow_env/lib/python3.8/site-packages/airflow/example_dags/plugins/listener_plugin.py for tasks to queue
[2025-03-07T15:59:39.897+0100] {logging_mixin.py:190} INFO - [2025-03-07T15:59:39.897+0100] {dagbag.py:588} INFO - Filling up the DagBag from /usr/local/anaconda3/envs/airflow_env/lib/python3.8/site-packages/airflow/example_dags/plugins/listener_plugin.py
[2025-03-07T15:59:39.898+0100] {processor.py:927} WARNING - No viable dags retrieved from /usr/local/anaconda3/envs/airflow_env/lib/python3.8/site-packages/airflow/example_dags/plugins/listener_plugin.py
[2025-03-07T15:59:39.967+0100] {processor.py:208} INFO - Processing /usr/local/anaconda3/envs/airflow_env/lib/python3.8/site-packages/airflow/example_dags/plugins/listener_plugin.py took 0.077 seconds
[2025-03-07T16:03:26.823+0100] {processor.py:186} INFO - Started process (PID=13777) to work on /usr/local/anaconda3/envs/airflow_env/lib/python3.8/site-packages/airflow/example_dags/plugins/listener_plugin.py
[2025-03-07T16:03:26.826+0100] {processor.py:914} INFO - Processing file /usr/local/anaconda3/envs/airflow_env/lib/python3.8/site-packages/airflow/example_dags/plugins/listener_plugin.py for tasks to queue
[2025-03-07T16:03:26.827+0100] {logging_mixin.py:190} INFO - [2025-03-07T16:03:26.827+0100] {dagbag.py:588} INFO - Filling up the DagBag from /usr/local/anaconda3/envs/airflow_env/lib/python3.8/site-packages/airflow/example_dags/plugins/listener_plugin.py
[2025-03-07T16:03:26.828+0100] {processor.py:927} WARNING - No viable dags retrieved from /usr/local/anaconda3/envs/airflow_env/lib/python3.8/site-packages/airflow/example_dags/plugins/listener_plugin.py
[2025-03-07T16:03:26.892+0100] {processor.py:208} INFO - Processing /usr/local/anaconda3/envs/airflow_env/lib/python3.8/site-packages/airflow/example_dags/plugins/listener_plugin.py took 0.072 seconds
[2025-03-07T16:06:24.997+0100] {processor.py:186} INFO - Started process (PID=14041) to work on /usr/local/anaconda3/envs/airflow_env/lib/python3.8/site-packages/airflow/example_dags/plugins/listener_plugin.py
[2025-03-07T16:06:25.000+0100] {processor.py:914} INFO - Processing file /usr/local/anaconda3/envs/airflow_env/lib/python3.8/site-packages/airflow/example_dags/plugins/listener_plugin.py for tasks to queue
[2025-03-07T16:06:25.001+0100] {logging_mixin.py:190} INFO - [2025-03-07T16:06:25.001+0100] {dagbag.py:588} INFO - Filling up the DagBag from /usr/local/anaconda3/envs/airflow_env/lib/python3.8/site-packages/airflow/example_dags/plugins/listener_plugin.py
[2025-03-07T16:06:25.003+0100] {processor.py:927} WARNING - No viable dags retrieved from /usr/local/anaconda3/envs/airflow_env/lib/python3.8/site-packages/airflow/example_dags/plugins/listener_plugin.py
[2025-03-07T16:06:25.069+0100] {processor.py:208} INFO - Processing /usr/local/anaconda3/envs/airflow_env/lib/python3.8/site-packages/airflow/example_dags/plugins/listener_plugin.py took 0.075 seconds
[2025-03-07T16:10:10.496+0100] {processor.py:186} INFO - Started process (PID=14358) to work on /usr/local/anaconda3/envs/airflow_env/lib/python3.8/site-packages/airflow/example_dags/plugins/listener_plugin.py
[2025-03-07T16:10:10.499+0100] {processor.py:914} INFO - Processing file /usr/local/anaconda3/envs/airflow_env/lib/python3.8/site-packages/airflow/example_dags/plugins/listener_plugin.py for tasks to queue
[2025-03-07T16:10:10.500+0100] {logging_mixin.py:190} INFO - [2025-03-07T16:10:10.500+0100] {dagbag.py:588} INFO - Filling up the DagBag from /usr/local/anaconda3/envs/airflow_env/lib/python3.8/site-packages/airflow/example_dags/plugins/listener_plugin.py
[2025-03-07T16:10:10.502+0100] {processor.py:927} WARNING - No viable dags retrieved from /usr/local/anaconda3/envs/airflow_env/lib/python3.8/site-packages/airflow/example_dags/plugins/listener_plugin.py
[2025-03-07T16:10:10.566+0100] {processor.py:208} INFO - Processing /usr/local/anaconda3/envs/airflow_env/lib/python3.8/site-packages/airflow/example_dags/plugins/listener_plugin.py took 0.073 seconds
[2025-03-07T16:12:35.775+0100] {processor.py:186} INFO - Started process (PID=14659) to work on /usr/local/anaconda3/envs/airflow_env/lib/python3.8/site-packages/airflow/example_dags/plugins/listener_plugin.py
[2025-03-07T16:12:35.778+0100] {processor.py:914} INFO - Processing file /usr/local/anaconda3/envs/airflow_env/lib/python3.8/site-packages/airflow/example_dags/plugins/listener_plugin.py for tasks to queue
[2025-03-07T16:12:35.779+0100] {logging_mixin.py:190} INFO - [2025-03-07T16:12:35.779+0100] {dagbag.py:588} INFO - Filling up the DagBag from /usr/local/anaconda3/envs/airflow_env/lib/python3.8/site-packages/airflow/example_dags/plugins/listener_plugin.py
[2025-03-07T16:12:35.781+0100] {processor.py:927} WARNING - No viable dags retrieved from /usr/local/anaconda3/envs/airflow_env/lib/python3.8/site-packages/airflow/example_dags/plugins/listener_plugin.py
[2025-03-07T16:12:35.848+0100] {processor.py:208} INFO - Processing /usr/local/anaconda3/envs/airflow_env/lib/python3.8/site-packages/airflow/example_dags/plugins/listener_plugin.py took 0.076 seconds
[2025-03-07T16:14:49.733+0100] {processor.py:186} INFO - Started process (PID=14961) to work on /usr/local/anaconda3/envs/airflow_env/lib/python3.8/site-packages/airflow/example_dags/plugins/listener_plugin.py
[2025-03-07T16:14:49.736+0100] {processor.py:914} INFO - Processing file /usr/local/anaconda3/envs/airflow_env/lib/python3.8/site-packages/airflow/example_dags/plugins/listener_plugin.py for tasks to queue
[2025-03-07T16:14:49.737+0100] {logging_mixin.py:190} INFO - [2025-03-07T16:14:49.737+0100] {dagbag.py:588} INFO - Filling up the DagBag from /usr/local/anaconda3/envs/airflow_env/lib/python3.8/site-packages/airflow/example_dags/plugins/listener_plugin.py
[2025-03-07T16:14:49.738+0100] {processor.py:927} WARNING - No viable dags retrieved from /usr/local/anaconda3/envs/airflow_env/lib/python3.8/site-packages/airflow/example_dags/plugins/listener_plugin.py
[2025-03-07T16:14:49.804+0100] {processor.py:208} INFO - Processing /usr/local/anaconda3/envs/airflow_env/lib/python3.8/site-packages/airflow/example_dags/plugins/listener_plugin.py took 0.075 seconds
[2025-03-07T16:17:02.510+0100] {processor.py:186} INFO - Started process (PID=15166) to work on /usr/local/anaconda3/envs/airflow_env/lib/python3.8/site-packages/airflow/example_dags/plugins/listener_plugin.py
[2025-03-07T16:17:02.513+0100] {processor.py:914} INFO - Processing file /usr/local/anaconda3/envs/airflow_env/lib/python3.8/site-packages/airflow/example_dags/plugins/listener_plugin.py for tasks to queue
[2025-03-07T16:17:02.514+0100] {logging_mixin.py:190} INFO - [2025-03-07T16:17:02.513+0100] {dagbag.py:588} INFO - Filling up the DagBag from /usr/local/anaconda3/envs/airflow_env/lib/python3.8/site-packages/airflow/example_dags/plugins/listener_plugin.py
[2025-03-07T16:17:02.515+0100] {processor.py:927} WARNING - No viable dags retrieved from /usr/local/anaconda3/envs/airflow_env/lib/python3.8/site-packages/airflow/example_dags/plugins/listener_plugin.py
[2025-03-07T16:17:02.585+0100] {processor.py:208} INFO - Processing /usr/local/anaconda3/envs/airflow_env/lib/python3.8/site-packages/airflow/example_dags/plugins/listener_plugin.py took 0.078 seconds
[2025-03-07T16:19:25.712+0100] {processor.py:186} INFO - Started process (PID=15456) to work on /usr/local/anaconda3/envs/airflow_env/lib/python3.8/site-packages/airflow/example_dags/plugins/listener_plugin.py
[2025-03-07T16:19:25.715+0100] {processor.py:914} INFO - Processing file /usr/local/anaconda3/envs/airflow_env/lib/python3.8/site-packages/airflow/example_dags/plugins/listener_plugin.py for tasks to queue
[2025-03-07T16:19:25.716+0100] {logging_mixin.py:190} INFO - [2025-03-07T16:19:25.716+0100] {dagbag.py:588} INFO - Filling up the DagBag from /usr/local/anaconda3/envs/airflow_env/lib/python3.8/site-packages/airflow/example_dags/plugins/listener_plugin.py
[2025-03-07T16:19:25.718+0100] {processor.py:927} WARNING - No viable dags retrieved from /usr/local/anaconda3/envs/airflow_env/lib/python3.8/site-packages/airflow/example_dags/plugins/listener_plugin.py
[2025-03-07T16:19:25.783+0100] {processor.py:208} INFO - Processing /usr/local/anaconda3/envs/airflow_env/lib/python3.8/site-packages/airflow/example_dags/plugins/listener_plugin.py took 0.074 seconds
[2025-03-07T16:21:44.330+0100] {processor.py:186} INFO - Started process (PID=15699) to work on /usr/local/anaconda3/envs/airflow_env/lib/python3.8/site-packages/airflow/example_dags/plugins/listener_plugin.py
[2025-03-07T16:21:44.333+0100] {processor.py:914} INFO - Processing file /usr/local/anaconda3/envs/airflow_env/lib/python3.8/site-packages/airflow/example_dags/plugins/listener_plugin.py for tasks to queue
[2025-03-07T16:21:44.334+0100] {logging_mixin.py:190} INFO - [2025-03-07T16:21:44.334+0100] {dagbag.py:588} INFO - Filling up the DagBag from /usr/local/anaconda3/envs/airflow_env/lib/python3.8/site-packages/airflow/example_dags/plugins/listener_plugin.py
[2025-03-07T16:21:44.335+0100] {processor.py:927} WARNING - No viable dags retrieved from /usr/local/anaconda3/envs/airflow_env/lib/python3.8/site-packages/airflow/example_dags/plugins/listener_plugin.py
[2025-03-07T16:21:44.402+0100] {processor.py:208} INFO - Processing /usr/local/anaconda3/envs/airflow_env/lib/python3.8/site-packages/airflow/example_dags/plugins/listener_plugin.py took 0.075 seconds
[2025-03-07T16:28:42.037+0100] {processor.py:186} INFO - Started process (PID=16147) to work on /usr/local/anaconda3/envs/airflow_env/lib/python3.8/site-packages/airflow/example_dags/plugins/listener_plugin.py
[2025-03-07T16:28:42.040+0100] {processor.py:914} INFO - Processing file /usr/local/anaconda3/envs/airflow_env/lib/python3.8/site-packages/airflow/example_dags/plugins/listener_plugin.py for tasks to queue
[2025-03-07T16:28:42.041+0100] {logging_mixin.py:190} INFO - [2025-03-07T16:28:42.041+0100] {dagbag.py:588} INFO - Filling up the DagBag from /usr/local/anaconda3/envs/airflow_env/lib/python3.8/site-packages/airflow/example_dags/plugins/listener_plugin.py
[2025-03-07T16:28:42.043+0100] {processor.py:927} WARNING - No viable dags retrieved from /usr/local/anaconda3/envs/airflow_env/lib/python3.8/site-packages/airflow/example_dags/plugins/listener_plugin.py
[2025-03-07T16:28:42.108+0100] {processor.py:208} INFO - Processing /usr/local/anaconda3/envs/airflow_env/lib/python3.8/site-packages/airflow/example_dags/plugins/listener_plugin.py took 0.074 seconds
[2025-03-07T16:40:06.645+0100] {processor.py:186} INFO - Started process (PID=17336) to work on /usr/local/anaconda3/envs/airflow_env/lib/python3.8/site-packages/airflow/example_dags/plugins/listener_plugin.py
[2025-03-07T16:40:06.649+0100] {processor.py:914} INFO - Processing file /usr/local/anaconda3/envs/airflow_env/lib/python3.8/site-packages/airflow/example_dags/plugins/listener_plugin.py for tasks to queue
[2025-03-07T16:40:06.649+0100] {logging_mixin.py:190} INFO - [2025-03-07T16:40:06.649+0100] {dagbag.py:588} INFO - Filling up the DagBag from /usr/local/anaconda3/envs/airflow_env/lib/python3.8/site-packages/airflow/example_dags/plugins/listener_plugin.py
[2025-03-07T16:40:06.651+0100] {processor.py:927} WARNING - No viable dags retrieved from /usr/local/anaconda3/envs/airflow_env/lib/python3.8/site-packages/airflow/example_dags/plugins/listener_plugin.py
[2025-03-07T16:40:06.716+0100] {processor.py:208} INFO - Processing /usr/local/anaconda3/envs/airflow_env/lib/python3.8/site-packages/airflow/example_dags/plugins/listener_plugin.py took 0.073 seconds
[2025-03-07T16:42:54.133+0100] {processor.py:186} INFO - Started process (PID=17559) to work on /usr/local/anaconda3/envs/airflow_env/lib/python3.8/site-packages/airflow/example_dags/plugins/listener_plugin.py
[2025-03-07T16:42:54.136+0100] {processor.py:914} INFO - Processing file /usr/local/anaconda3/envs/airflow_env/lib/python3.8/site-packages/airflow/example_dags/plugins/listener_plugin.py for tasks to queue
[2025-03-07T16:42:54.137+0100] {logging_mixin.py:190} INFO - [2025-03-07T16:42:54.137+0100] {dagbag.py:588} INFO - Filling up the DagBag from /usr/local/anaconda3/envs/airflow_env/lib/python3.8/site-packages/airflow/example_dags/plugins/listener_plugin.py
[2025-03-07T16:42:54.139+0100] {processor.py:927} WARNING - No viable dags retrieved from /usr/local/anaconda3/envs/airflow_env/lib/python3.8/site-packages/airflow/example_dags/plugins/listener_plugin.py
[2025-03-07T16:42:54.204+0100] {processor.py:208} INFO - Processing /usr/local/anaconda3/envs/airflow_env/lib/python3.8/site-packages/airflow/example_dags/plugins/listener_plugin.py took 0.074 seconds
[2025-03-07T16:45:09.523+0100] {processor.py:186} INFO - Started process (PID=17809) to work on /usr/local/anaconda3/envs/airflow_env/lib/python3.8/site-packages/airflow/example_dags/plugins/listener_plugin.py
[2025-03-07T16:45:09.526+0100] {processor.py:914} INFO - Processing file /usr/local/anaconda3/envs/airflow_env/lib/python3.8/site-packages/airflow/example_dags/plugins/listener_plugin.py for tasks to queue
[2025-03-07T16:45:09.527+0100] {logging_mixin.py:190} INFO - [2025-03-07T16:45:09.527+0100] {dagbag.py:588} INFO - Filling up the DagBag from /usr/local/anaconda3/envs/airflow_env/lib/python3.8/site-packages/airflow/example_dags/plugins/listener_plugin.py
[2025-03-07T16:45:09.529+0100] {processor.py:927} WARNING - No viable dags retrieved from /usr/local/anaconda3/envs/airflow_env/lib/python3.8/site-packages/airflow/example_dags/plugins/listener_plugin.py
[2025-03-07T16:45:09.594+0100] {processor.py:208} INFO - Processing /usr/local/anaconda3/envs/airflow_env/lib/python3.8/site-packages/airflow/example_dags/plugins/listener_plugin.py took 0.074 seconds
[2025-03-07T16:46:18.870+0100] {processor.py:186} INFO - Started process (PID=17960) to work on /usr/local/anaconda3/envs/airflow_env/lib/python3.8/site-packages/airflow/example_dags/plugins/listener_plugin.py
[2025-03-07T16:46:18.874+0100] {processor.py:914} INFO - Processing file /usr/local/anaconda3/envs/airflow_env/lib/python3.8/site-packages/airflow/example_dags/plugins/listener_plugin.py for tasks to queue
[2025-03-07T16:46:18.875+0100] {logging_mixin.py:190} INFO - [2025-03-07T16:46:18.875+0100] {dagbag.py:588} INFO - Filling up the DagBag from /usr/local/anaconda3/envs/airflow_env/lib/python3.8/site-packages/airflow/example_dags/plugins/listener_plugin.py
[2025-03-07T16:46:18.877+0100] {processor.py:927} WARNING - No viable dags retrieved from /usr/local/anaconda3/envs/airflow_env/lib/python3.8/site-packages/airflow/example_dags/plugins/listener_plugin.py
[2025-03-07T16:46:18.950+0100] {processor.py:208} INFO - Processing /usr/local/anaconda3/envs/airflow_env/lib/python3.8/site-packages/airflow/example_dags/plugins/listener_plugin.py took 0.084 seconds
[2025-03-07T16:49:19.204+0100] {processor.py:186} INFO - Started process (PID=18409) to work on /usr/local/anaconda3/envs/airflow_env/lib/python3.8/site-packages/airflow/example_dags/plugins/listener_plugin.py
[2025-03-07T16:49:19.207+0100] {processor.py:914} INFO - Processing file /usr/local/anaconda3/envs/airflow_env/lib/python3.8/site-packages/airflow/example_dags/plugins/listener_plugin.py for tasks to queue
[2025-03-07T16:49:19.208+0100] {logging_mixin.py:190} INFO - [2025-03-07T16:49:19.208+0100] {dagbag.py:588} INFO - Filling up the DagBag from /usr/local/anaconda3/envs/airflow_env/lib/python3.8/site-packages/airflow/example_dags/plugins/listener_plugin.py
[2025-03-07T16:49:19.210+0100] {processor.py:927} WARNING - No viable dags retrieved from /usr/local/anaconda3/envs/airflow_env/lib/python3.8/site-packages/airflow/example_dags/plugins/listener_plugin.py
[2025-03-07T16:49:19.275+0100] {processor.py:208} INFO - Processing /usr/local/anaconda3/envs/airflow_env/lib/python3.8/site-packages/airflow/example_dags/plugins/listener_plugin.py took 0.074 seconds
[2025-03-07T16:51:52.617+0100] {processor.py:186} INFO - Started process (PID=18686) to work on /usr/local/anaconda3/envs/airflow_env/lib/python3.8/site-packages/airflow/example_dags/plugins/listener_plugin.py
[2025-03-07T16:51:52.620+0100] {processor.py:914} INFO - Processing file /usr/local/anaconda3/envs/airflow_env/lib/python3.8/site-packages/airflow/example_dags/plugins/listener_plugin.py for tasks to queue
[2025-03-07T16:51:52.621+0100] {logging_mixin.py:190} INFO - [2025-03-07T16:51:52.621+0100] {dagbag.py:588} INFO - Filling up the DagBag from /usr/local/anaconda3/envs/airflow_env/lib/python3.8/site-packages/airflow/example_dags/plugins/listener_plugin.py
[2025-03-07T16:51:52.623+0100] {processor.py:927} WARNING - No viable dags retrieved from /usr/local/anaconda3/envs/airflow_env/lib/python3.8/site-packages/airflow/example_dags/plugins/listener_plugin.py
[2025-03-07T16:51:52.686+0100] {processor.py:208} INFO - Processing /usr/local/anaconda3/envs/airflow_env/lib/python3.8/site-packages/airflow/example_dags/plugins/listener_plugin.py took 0.072 seconds
[2025-03-07T16:54:11.666+0100] {processor.py:186} INFO - Started process (PID=18957) to work on /usr/local/anaconda3/envs/airflow_env/lib/python3.8/site-packages/airflow/example_dags/plugins/listener_plugin.py
[2025-03-07T16:54:11.670+0100] {processor.py:914} INFO - Processing file /usr/local/anaconda3/envs/airflow_env/lib/python3.8/site-packages/airflow/example_dags/plugins/listener_plugin.py for tasks to queue
[2025-03-07T16:54:11.671+0100] {logging_mixin.py:190} INFO - [2025-03-07T16:54:11.670+0100] {dagbag.py:588} INFO - Filling up the DagBag from /usr/local/anaconda3/envs/airflow_env/lib/python3.8/site-packages/airflow/example_dags/plugins/listener_plugin.py
[2025-03-07T16:54:11.672+0100] {processor.py:927} WARNING - No viable dags retrieved from /usr/local/anaconda3/envs/airflow_env/lib/python3.8/site-packages/airflow/example_dags/plugins/listener_plugin.py
[2025-03-07T16:54:11.743+0100] {processor.py:208} INFO - Processing /usr/local/anaconda3/envs/airflow_env/lib/python3.8/site-packages/airflow/example_dags/plugins/listener_plugin.py took 0.080 seconds
[2025-03-07T16:57:25.856+0100] {processor.py:186} INFO - Started process (PID=19597) to work on /usr/local/anaconda3/envs/airflow_env/lib/python3.8/site-packages/airflow/example_dags/plugins/listener_plugin.py
[2025-03-07T16:57:25.860+0100] {processor.py:914} INFO - Processing file /usr/local/anaconda3/envs/airflow_env/lib/python3.8/site-packages/airflow/example_dags/plugins/listener_plugin.py for tasks to queue
[2025-03-07T16:57:25.861+0100] {logging_mixin.py:190} INFO - [2025-03-07T16:57:25.860+0100] {dagbag.py:588} INFO - Filling up the DagBag from /usr/local/anaconda3/envs/airflow_env/lib/python3.8/site-packages/airflow/example_dags/plugins/listener_plugin.py
[2025-03-07T16:57:25.862+0100] {processor.py:927} WARNING - No viable dags retrieved from /usr/local/anaconda3/envs/airflow_env/lib/python3.8/site-packages/airflow/example_dags/plugins/listener_plugin.py
[2025-03-07T16:57:25.927+0100] {processor.py:208} INFO - Processing /usr/local/anaconda3/envs/airflow_env/lib/python3.8/site-packages/airflow/example_dags/plugins/listener_plugin.py took 0.073 seconds
[2025-03-07T16:59:55.765+0100] {processor.py:186} INFO - Started process (PID=20072) to work on /usr/local/anaconda3/envs/airflow_env/lib/python3.8/site-packages/airflow/example_dags/plugins/listener_plugin.py
[2025-03-07T16:59:55.768+0100] {processor.py:914} INFO - Processing file /usr/local/anaconda3/envs/airflow_env/lib/python3.8/site-packages/airflow/example_dags/plugins/listener_plugin.py for tasks to queue
[2025-03-07T16:59:55.769+0100] {logging_mixin.py:190} INFO - [2025-03-07T16:59:55.768+0100] {dagbag.py:588} INFO - Filling up the DagBag from /usr/local/anaconda3/envs/airflow_env/lib/python3.8/site-packages/airflow/example_dags/plugins/listener_plugin.py
[2025-03-07T16:59:55.770+0100] {processor.py:927} WARNING - No viable dags retrieved from /usr/local/anaconda3/envs/airflow_env/lib/python3.8/site-packages/airflow/example_dags/plugins/listener_plugin.py
[2025-03-07T16:59:55.835+0100] {processor.py:208} INFO - Processing /usr/local/anaconda3/envs/airflow_env/lib/python3.8/site-packages/airflow/example_dags/plugins/listener_plugin.py took 0.073 seconds
[2025-03-07T17:02:17.501+0100] {processor.py:186} INFO - Started process (PID=20381) to work on /usr/local/anaconda3/envs/airflow_env/lib/python3.8/site-packages/airflow/example_dags/plugins/listener_plugin.py
[2025-03-07T17:02:17.504+0100] {processor.py:914} INFO - Processing file /usr/local/anaconda3/envs/airflow_env/lib/python3.8/site-packages/airflow/example_dags/plugins/listener_plugin.py for tasks to queue
[2025-03-07T17:02:17.505+0100] {logging_mixin.py:190} INFO - [2025-03-07T17:02:17.505+0100] {dagbag.py:588} INFO - Filling up the DagBag from /usr/local/anaconda3/envs/airflow_env/lib/python3.8/site-packages/airflow/example_dags/plugins/listener_plugin.py
[2025-03-07T17:02:17.507+0100] {processor.py:927} WARNING - No viable dags retrieved from /usr/local/anaconda3/envs/airflow_env/lib/python3.8/site-packages/airflow/example_dags/plugins/listener_plugin.py
[2025-03-07T17:02:17.570+0100] {processor.py:208} INFO - Processing /usr/local/anaconda3/envs/airflow_env/lib/python3.8/site-packages/airflow/example_dags/plugins/listener_plugin.py took 0.072 seconds
[2025-03-07T17:04:28.970+0100] {processor.py:186} INFO - Started process (PID=20549) to work on /usr/local/anaconda3/envs/airflow_env/lib/python3.8/site-packages/airflow/example_dags/plugins/listener_plugin.py
[2025-03-07T17:04:28.973+0100] {processor.py:914} INFO - Processing file /usr/local/anaconda3/envs/airflow_env/lib/python3.8/site-packages/airflow/example_dags/plugins/listener_plugin.py for tasks to queue
[2025-03-07T17:04:28.974+0100] {logging_mixin.py:190} INFO - [2025-03-07T17:04:28.974+0100] {dagbag.py:588} INFO - Filling up the DagBag from /usr/local/anaconda3/envs/airflow_env/lib/python3.8/site-packages/airflow/example_dags/plugins/listener_plugin.py
[2025-03-07T17:04:28.975+0100] {processor.py:927} WARNING - No viable dags retrieved from /usr/local/anaconda3/envs/airflow_env/lib/python3.8/site-packages/airflow/example_dags/plugins/listener_plugin.py
[2025-03-07T17:04:29.038+0100] {processor.py:208} INFO - Processing /usr/local/anaconda3/envs/airflow_env/lib/python3.8/site-packages/airflow/example_dags/plugins/listener_plugin.py took 0.071 seconds
[2025-03-07T17:10:33.354+0100] {processor.py:186} INFO - Started process (PID=20757) to work on /usr/local/anaconda3/envs/airflow_env/lib/python3.8/site-packages/airflow/example_dags/plugins/listener_plugin.py
[2025-03-07T17:10:33.357+0100] {processor.py:914} INFO - Processing file /usr/local/anaconda3/envs/airflow_env/lib/python3.8/site-packages/airflow/example_dags/plugins/listener_plugin.py for tasks to queue
[2025-03-07T17:10:33.358+0100] {logging_mixin.py:190} INFO - [2025-03-07T17:10:33.358+0100] {dagbag.py:588} INFO - Filling up the DagBag from /usr/local/anaconda3/envs/airflow_env/lib/python3.8/site-packages/airflow/example_dags/plugins/listener_plugin.py
[2025-03-07T17:10:33.359+0100] {processor.py:927} WARNING - No viable dags retrieved from /usr/local/anaconda3/envs/airflow_env/lib/python3.8/site-packages/airflow/example_dags/plugins/listener_plugin.py
[2025-03-07T17:10:33.423+0100] {processor.py:208} INFO - Processing /usr/local/anaconda3/envs/airflow_env/lib/python3.8/site-packages/airflow/example_dags/plugins/listener_plugin.py took 0.072 seconds
[2025-03-07T17:12:54.142+0100] {processor.py:186} INFO - Started process (PID=21136) to work on /usr/local/anaconda3/envs/airflow_env/lib/python3.8/site-packages/airflow/example_dags/plugins/listener_plugin.py
[2025-03-07T17:12:54.145+0100] {processor.py:914} INFO - Processing file /usr/local/anaconda3/envs/airflow_env/lib/python3.8/site-packages/airflow/example_dags/plugins/listener_plugin.py for tasks to queue
[2025-03-07T17:12:54.146+0100] {logging_mixin.py:190} INFO - [2025-03-07T17:12:54.146+0100] {dagbag.py:588} INFO - Filling up the DagBag from /usr/local/anaconda3/envs/airflow_env/lib/python3.8/site-packages/airflow/example_dags/plugins/listener_plugin.py
[2025-03-07T17:12:54.148+0100] {processor.py:927} WARNING - No viable dags retrieved from /usr/local/anaconda3/envs/airflow_env/lib/python3.8/site-packages/airflow/example_dags/plugins/listener_plugin.py
[2025-03-07T17:12:54.211+0100] {processor.py:208} INFO - Processing /usr/local/anaconda3/envs/airflow_env/lib/python3.8/site-packages/airflow/example_dags/plugins/listener_plugin.py took 0.072 seconds
[2025-03-07T17:15:15.038+0100] {processor.py:186} INFO - Started process (PID=21477) to work on /usr/local/anaconda3/envs/airflow_env/lib/python3.8/site-packages/airflow/example_dags/plugins/listener_plugin.py
[2025-03-07T17:15:15.041+0100] {processor.py:914} INFO - Processing file /usr/local/anaconda3/envs/airflow_env/lib/python3.8/site-packages/airflow/example_dags/plugins/listener_plugin.py for tasks to queue
[2025-03-07T17:15:15.042+0100] {logging_mixin.py:190} INFO - [2025-03-07T17:15:15.042+0100] {dagbag.py:588} INFO - Filling up the DagBag from /usr/local/anaconda3/envs/airflow_env/lib/python3.8/site-packages/airflow/example_dags/plugins/listener_plugin.py
[2025-03-07T17:15:15.043+0100] {processor.py:927} WARNING - No viable dags retrieved from /usr/local/anaconda3/envs/airflow_env/lib/python3.8/site-packages/airflow/example_dags/plugins/listener_plugin.py
[2025-03-07T17:15:15.107+0100] {processor.py:208} INFO - Processing /usr/local/anaconda3/envs/airflow_env/lib/python3.8/site-packages/airflow/example_dags/plugins/listener_plugin.py took 0.072 seconds
[2025-03-07T17:17:42.054+0100] {processor.py:186} INFO - Started process (PID=21828) to work on /usr/local/anaconda3/envs/airflow_env/lib/python3.8/site-packages/airflow/example_dags/plugins/listener_plugin.py
[2025-03-07T17:17:42.058+0100] {processor.py:914} INFO - Processing file /usr/local/anaconda3/envs/airflow_env/lib/python3.8/site-packages/airflow/example_dags/plugins/listener_plugin.py for tasks to queue
[2025-03-07T17:17:42.059+0100] {logging_mixin.py:190} INFO - [2025-03-07T17:17:42.058+0100] {dagbag.py:588} INFO - Filling up the DagBag from /usr/local/anaconda3/envs/airflow_env/lib/python3.8/site-packages/airflow/example_dags/plugins/listener_plugin.py
[2025-03-07T17:17:42.060+0100] {processor.py:927} WARNING - No viable dags retrieved from /usr/local/anaconda3/envs/airflow_env/lib/python3.8/site-packages/airflow/example_dags/plugins/listener_plugin.py
[2025-03-07T17:17:42.128+0100] {processor.py:208} INFO - Processing /usr/local/anaconda3/envs/airflow_env/lib/python3.8/site-packages/airflow/example_dags/plugins/listener_plugin.py took 0.077 seconds
[2025-03-07T17:24:06.856+0100] {processor.py:186} INFO - Started process (PID=22295) to work on /usr/local/anaconda3/envs/airflow_env/lib/python3.8/site-packages/airflow/example_dags/plugins/listener_plugin.py
[2025-03-07T17:24:06.859+0100] {processor.py:914} INFO - Processing file /usr/local/anaconda3/envs/airflow_env/lib/python3.8/site-packages/airflow/example_dags/plugins/listener_plugin.py for tasks to queue
[2025-03-07T17:24:06.859+0100] {logging_mixin.py:190} INFO - [2025-03-07T17:24:06.859+0100] {dagbag.py:588} INFO - Filling up the DagBag from /usr/local/anaconda3/envs/airflow_env/lib/python3.8/site-packages/airflow/example_dags/plugins/listener_plugin.py
[2025-03-07T17:24:06.861+0100] {processor.py:927} WARNING - No viable dags retrieved from /usr/local/anaconda3/envs/airflow_env/lib/python3.8/site-packages/airflow/example_dags/plugins/listener_plugin.py
[2025-03-07T17:24:06.926+0100] {processor.py:208} INFO - Processing /usr/local/anaconda3/envs/airflow_env/lib/python3.8/site-packages/airflow/example_dags/plugins/listener_plugin.py took 0.073 seconds
[2025-03-07T17:26:58.872+0100] {processor.py:186} INFO - Started process (PID=22601) to work on /usr/local/anaconda3/envs/airflow_env/lib/python3.8/site-packages/airflow/example_dags/plugins/listener_plugin.py
[2025-03-07T17:26:58.875+0100] {processor.py:914} INFO - Processing file /usr/local/anaconda3/envs/airflow_env/lib/python3.8/site-packages/airflow/example_dags/plugins/listener_plugin.py for tasks to queue
[2025-03-07T17:26:58.876+0100] {logging_mixin.py:190} INFO - [2025-03-07T17:26:58.876+0100] {dagbag.py:588} INFO - Filling up the DagBag from /usr/local/anaconda3/envs/airflow_env/lib/python3.8/site-packages/airflow/example_dags/plugins/listener_plugin.py
[2025-03-07T17:26:58.878+0100] {processor.py:927} WARNING - No viable dags retrieved from /usr/local/anaconda3/envs/airflow_env/lib/python3.8/site-packages/airflow/example_dags/plugins/listener_plugin.py
[2025-03-07T17:26:58.942+0100] {processor.py:208} INFO - Processing /usr/local/anaconda3/envs/airflow_env/lib/python3.8/site-packages/airflow/example_dags/plugins/listener_plugin.py took 0.072 seconds
[2025-03-07T18:24:19.711+0100] {processor.py:186} INFO - Started process (PID=23075) to work on /usr/local/anaconda3/envs/airflow_env/lib/python3.8/site-packages/airflow/example_dags/plugins/listener_plugin.py
[2025-03-07T18:24:19.716+0100] {processor.py:914} INFO - Processing file /usr/local/anaconda3/envs/airflow_env/lib/python3.8/site-packages/airflow/example_dags/plugins/listener_plugin.py for tasks to queue
[2025-03-07T18:24:19.718+0100] {logging_mixin.py:190} INFO - [2025-03-07T18:24:19.717+0100] {dagbag.py:588} INFO - Filling up the DagBag from /usr/local/anaconda3/envs/airflow_env/lib/python3.8/site-packages/airflow/example_dags/plugins/listener_plugin.py
[2025-03-07T18:24:19.720+0100] {processor.py:927} WARNING - No viable dags retrieved from /usr/local/anaconda3/envs/airflow_env/lib/python3.8/site-packages/airflow/example_dags/plugins/listener_plugin.py
[2025-03-07T18:24:19.831+0100] {processor.py:208} INFO - Processing /usr/local/anaconda3/envs/airflow_env/lib/python3.8/site-packages/airflow/example_dags/plugins/listener_plugin.py took 0.124 seconds
[2025-03-07T20:44:01.044+0100] {processor.py:186} INFO - Started process (PID=23394) to work on /usr/local/anaconda3/envs/airflow_env/lib/python3.8/site-packages/airflow/example_dags/plugins/listener_plugin.py
[2025-03-07T20:44:01.047+0100] {processor.py:914} INFO - Processing file /usr/local/anaconda3/envs/airflow_env/lib/python3.8/site-packages/airflow/example_dags/plugins/listener_plugin.py for tasks to queue
[2025-03-07T20:44:01.048+0100] {logging_mixin.py:190} INFO - [2025-03-07T20:44:01.047+0100] {dagbag.py:588} INFO - Filling up the DagBag from /usr/local/anaconda3/envs/airflow_env/lib/python3.8/site-packages/airflow/example_dags/plugins/listener_plugin.py
[2025-03-07T20:44:01.049+0100] {processor.py:927} WARNING - No viable dags retrieved from /usr/local/anaconda3/envs/airflow_env/lib/python3.8/site-packages/airflow/example_dags/plugins/listener_plugin.py
[2025-03-07T20:44:01.115+0100] {processor.py:208} INFO - Processing /usr/local/anaconda3/envs/airflow_env/lib/python3.8/site-packages/airflow/example_dags/plugins/listener_plugin.py took 0.074 seconds
[2025-03-07T20:46:47.495+0100] {processor.py:186} INFO - Started process (PID=23743) to work on /usr/local/anaconda3/envs/airflow_env/lib/python3.8/site-packages/airflow/example_dags/plugins/listener_plugin.py
[2025-03-07T20:46:47.498+0100] {processor.py:914} INFO - Processing file /usr/local/anaconda3/envs/airflow_env/lib/python3.8/site-packages/airflow/example_dags/plugins/listener_plugin.py for tasks to queue
[2025-03-07T20:46:47.499+0100] {logging_mixin.py:190} INFO - [2025-03-07T20:46:47.499+0100] {dagbag.py:588} INFO - Filling up the DagBag from /usr/local/anaconda3/envs/airflow_env/lib/python3.8/site-packages/airflow/example_dags/plugins/listener_plugin.py
[2025-03-07T20:46:47.501+0100] {processor.py:927} WARNING - No viable dags retrieved from /usr/local/anaconda3/envs/airflow_env/lib/python3.8/site-packages/airflow/example_dags/plugins/listener_plugin.py
[2025-03-07T20:46:47.569+0100] {processor.py:208} INFO - Processing /usr/local/anaconda3/envs/airflow_env/lib/python3.8/site-packages/airflow/example_dags/plugins/listener_plugin.py took 0.077 seconds
[2025-03-07T20:49:08.349+0100] {processor.py:186} INFO - Started process (PID=24001) to work on /usr/local/anaconda3/envs/airflow_env/lib/python3.8/site-packages/airflow/example_dags/plugins/listener_plugin.py
[2025-03-07T20:49:08.352+0100] {processor.py:914} INFO - Processing file /usr/local/anaconda3/envs/airflow_env/lib/python3.8/site-packages/airflow/example_dags/plugins/listener_plugin.py for tasks to queue
[2025-03-07T20:49:08.353+0100] {logging_mixin.py:190} INFO - [2025-03-07T20:49:08.353+0100] {dagbag.py:588} INFO - Filling up the DagBag from /usr/local/anaconda3/envs/airflow_env/lib/python3.8/site-packages/airflow/example_dags/plugins/listener_plugin.py
[2025-03-07T20:49:08.355+0100] {processor.py:927} WARNING - No viable dags retrieved from /usr/local/anaconda3/envs/airflow_env/lib/python3.8/site-packages/airflow/example_dags/plugins/listener_plugin.py
[2025-03-07T20:49:08.419+0100] {processor.py:208} INFO - Processing /usr/local/anaconda3/envs/airflow_env/lib/python3.8/site-packages/airflow/example_dags/plugins/listener_plugin.py took 0.073 seconds
[2025-03-07T20:51:33.055+0100] {processor.py:186} INFO - Started process (PID=24215) to work on /usr/local/anaconda3/envs/airflow_env/lib/python3.8/site-packages/airflow/example_dags/plugins/listener_plugin.py
[2025-03-07T20:51:33.058+0100] {processor.py:914} INFO - Processing file /usr/local/anaconda3/envs/airflow_env/lib/python3.8/site-packages/airflow/example_dags/plugins/listener_plugin.py for tasks to queue
[2025-03-07T20:51:33.059+0100] {logging_mixin.py:190} INFO - [2025-03-07T20:51:33.059+0100] {dagbag.py:588} INFO - Filling up the DagBag from /usr/local/anaconda3/envs/airflow_env/lib/python3.8/site-packages/airflow/example_dags/plugins/listener_plugin.py
[2025-03-07T20:51:33.060+0100] {processor.py:927} WARNING - No viable dags retrieved from /usr/local/anaconda3/envs/airflow_env/lib/python3.8/site-packages/airflow/example_dags/plugins/listener_plugin.py
[2025-03-07T20:51:33.126+0100] {processor.py:208} INFO - Processing /usr/local/anaconda3/envs/airflow_env/lib/python3.8/site-packages/airflow/example_dags/plugins/listener_plugin.py took 0.074 seconds
[2025-03-07T20:53:57.288+0100] {processor.py:186} INFO - Started process (PID=24508) to work on /usr/local/anaconda3/envs/airflow_env/lib/python3.8/site-packages/airflow/example_dags/plugins/listener_plugin.py
[2025-03-07T20:53:57.291+0100] {processor.py:914} INFO - Processing file /usr/local/anaconda3/envs/airflow_env/lib/python3.8/site-packages/airflow/example_dags/plugins/listener_plugin.py for tasks to queue
[2025-03-07T20:53:57.292+0100] {logging_mixin.py:190} INFO - [2025-03-07T20:53:57.292+0100] {dagbag.py:588} INFO - Filling up the DagBag from /usr/local/anaconda3/envs/airflow_env/lib/python3.8/site-packages/airflow/example_dags/plugins/listener_plugin.py
[2025-03-07T20:53:57.293+0100] {processor.py:927} WARNING - No viable dags retrieved from /usr/local/anaconda3/envs/airflow_env/lib/python3.8/site-packages/airflow/example_dags/plugins/listener_plugin.py
[2025-03-07T20:53:57.359+0100] {processor.py:208} INFO - Processing /usr/local/anaconda3/envs/airflow_env/lib/python3.8/site-packages/airflow/example_dags/plugins/listener_plugin.py took 0.074 seconds
[2025-03-07T20:56:18.751+0100] {processor.py:186} INFO - Started process (PID=24790) to work on /usr/local/anaconda3/envs/airflow_env/lib/python3.8/site-packages/airflow/example_dags/plugins/listener_plugin.py
[2025-03-07T20:56:18.754+0100] {processor.py:914} INFO - Processing file /usr/local/anaconda3/envs/airflow_env/lib/python3.8/site-packages/airflow/example_dags/plugins/listener_plugin.py for tasks to queue
[2025-03-07T20:56:18.755+0100] {logging_mixin.py:190} INFO - [2025-03-07T20:56:18.755+0100] {dagbag.py:588} INFO - Filling up the DagBag from /usr/local/anaconda3/envs/airflow_env/lib/python3.8/site-packages/airflow/example_dags/plugins/listener_plugin.py
[2025-03-07T20:56:18.757+0100] {processor.py:927} WARNING - No viable dags retrieved from /usr/local/anaconda3/envs/airflow_env/lib/python3.8/site-packages/airflow/example_dags/plugins/listener_plugin.py
[2025-03-07T20:56:18.823+0100] {processor.py:208} INFO - Processing /usr/local/anaconda3/envs/airflow_env/lib/python3.8/site-packages/airflow/example_dags/plugins/listener_plugin.py took 0.075 seconds
[2025-03-07T20:58:41.919+0100] {processor.py:186} INFO - Started process (PID=24982) to work on /usr/local/anaconda3/envs/airflow_env/lib/python3.8/site-packages/airflow/example_dags/plugins/listener_plugin.py
[2025-03-07T20:58:41.922+0100] {processor.py:914} INFO - Processing file /usr/local/anaconda3/envs/airflow_env/lib/python3.8/site-packages/airflow/example_dags/plugins/listener_plugin.py for tasks to queue
[2025-03-07T20:58:41.923+0100] {logging_mixin.py:190} INFO - [2025-03-07T20:58:41.923+0100] {dagbag.py:588} INFO - Filling up the DagBag from /usr/local/anaconda3/envs/airflow_env/lib/python3.8/site-packages/airflow/example_dags/plugins/listener_plugin.py
[2025-03-07T20:58:41.925+0100] {processor.py:927} WARNING - No viable dags retrieved from /usr/local/anaconda3/envs/airflow_env/lib/python3.8/site-packages/airflow/example_dags/plugins/listener_plugin.py
[2025-03-07T20:58:41.998+0100] {processor.py:208} INFO - Processing /usr/local/anaconda3/envs/airflow_env/lib/python3.8/site-packages/airflow/example_dags/plugins/listener_plugin.py took 0.082 seconds
[2025-03-07T21:01:01.014+0100] {processor.py:186} INFO - Started process (PID=25185) to work on /usr/local/anaconda3/envs/airflow_env/lib/python3.8/site-packages/airflow/example_dags/plugins/listener_plugin.py
[2025-03-07T21:01:01.017+0100] {processor.py:914} INFO - Processing file /usr/local/anaconda3/envs/airflow_env/lib/python3.8/site-packages/airflow/example_dags/plugins/listener_plugin.py for tasks to queue
[2025-03-07T21:01:01.018+0100] {logging_mixin.py:190} INFO - [2025-03-07T21:01:01.018+0100] {dagbag.py:588} INFO - Filling up the DagBag from /usr/local/anaconda3/envs/airflow_env/lib/python3.8/site-packages/airflow/example_dags/plugins/listener_plugin.py
[2025-03-07T21:01:01.020+0100] {processor.py:927} WARNING - No viable dags retrieved from /usr/local/anaconda3/envs/airflow_env/lib/python3.8/site-packages/airflow/example_dags/plugins/listener_plugin.py
[2025-03-07T21:01:01.085+0100] {processor.py:208} INFO - Processing /usr/local/anaconda3/envs/airflow_env/lib/python3.8/site-packages/airflow/example_dags/plugins/listener_plugin.py took 0.075 seconds
[2025-03-07T21:01:56.336+0100] {processor.py:186} INFO - Started process (PID=25322) to work on /usr/local/anaconda3/envs/airflow_env/lib/python3.8/site-packages/airflow/example_dags/plugins/listener_plugin.py
[2025-03-07T21:01:56.339+0100] {processor.py:914} INFO - Processing file /usr/local/anaconda3/envs/airflow_env/lib/python3.8/site-packages/airflow/example_dags/plugins/listener_plugin.py for tasks to queue
[2025-03-07T21:01:56.340+0100] {logging_mixin.py:190} INFO - [2025-03-07T21:01:56.340+0100] {dagbag.py:588} INFO - Filling up the DagBag from /usr/local/anaconda3/envs/airflow_env/lib/python3.8/site-packages/airflow/example_dags/plugins/listener_plugin.py
[2025-03-07T21:01:56.342+0100] {processor.py:927} WARNING - No viable dags retrieved from /usr/local/anaconda3/envs/airflow_env/lib/python3.8/site-packages/airflow/example_dags/plugins/listener_plugin.py
[2025-03-07T21:01:56.409+0100] {processor.py:208} INFO - Processing /usr/local/anaconda3/envs/airflow_env/lib/python3.8/site-packages/airflow/example_dags/plugins/listener_plugin.py took 0.075 seconds
[2025-03-07T21:04:46.945+0100] {processor.py:186} INFO - Started process (PID=25586) to work on /usr/local/anaconda3/envs/airflow_env/lib/python3.8/site-packages/airflow/example_dags/plugins/listener_plugin.py
[2025-03-07T21:04:46.948+0100] {processor.py:914} INFO - Processing file /usr/local/anaconda3/envs/airflow_env/lib/python3.8/site-packages/airflow/example_dags/plugins/listener_plugin.py for tasks to queue
[2025-03-07T21:04:46.949+0100] {logging_mixin.py:190} INFO - [2025-03-07T21:04:46.949+0100] {dagbag.py:588} INFO - Filling up the DagBag from /usr/local/anaconda3/envs/airflow_env/lib/python3.8/site-packages/airflow/example_dags/plugins/listener_plugin.py
[2025-03-07T21:04:46.951+0100] {processor.py:927} WARNING - No viable dags retrieved from /usr/local/anaconda3/envs/airflow_env/lib/python3.8/site-packages/airflow/example_dags/plugins/listener_plugin.py
[2025-03-07T21:04:47.018+0100] {processor.py:208} INFO - Processing /usr/local/anaconda3/envs/airflow_env/lib/python3.8/site-packages/airflow/example_dags/plugins/listener_plugin.py took 0.076 seconds
[2025-03-07T21:07:07.656+0100] {processor.py:186} INFO - Started process (PID=25818) to work on /usr/local/anaconda3/envs/airflow_env/lib/python3.8/site-packages/airflow/example_dags/plugins/listener_plugin.py
[2025-03-07T21:07:07.659+0100] {processor.py:914} INFO - Processing file /usr/local/anaconda3/envs/airflow_env/lib/python3.8/site-packages/airflow/example_dags/plugins/listener_plugin.py for tasks to queue
[2025-03-07T21:07:07.660+0100] {logging_mixin.py:190} INFO - [2025-03-07T21:07:07.660+0100] {dagbag.py:588} INFO - Filling up the DagBag from /usr/local/anaconda3/envs/airflow_env/lib/python3.8/site-packages/airflow/example_dags/plugins/listener_plugin.py
[2025-03-07T21:07:07.662+0100] {processor.py:927} WARNING - No viable dags retrieved from /usr/local/anaconda3/envs/airflow_env/lib/python3.8/site-packages/airflow/example_dags/plugins/listener_plugin.py
[2025-03-07T21:07:07.726+0100] {processor.py:208} INFO - Processing /usr/local/anaconda3/envs/airflow_env/lib/python3.8/site-packages/airflow/example_dags/plugins/listener_plugin.py took 0.073 seconds
[2025-03-07T21:09:28.639+0100] {processor.py:186} INFO - Started process (PID=26052) to work on /usr/local/anaconda3/envs/airflow_env/lib/python3.8/site-packages/airflow/example_dags/plugins/listener_plugin.py
[2025-03-07T21:09:28.643+0100] {processor.py:914} INFO - Processing file /usr/local/anaconda3/envs/airflow_env/lib/python3.8/site-packages/airflow/example_dags/plugins/listener_plugin.py for tasks to queue
[2025-03-07T21:09:28.643+0100] {logging_mixin.py:190} INFO - [2025-03-07T21:09:28.643+0100] {dagbag.py:588} INFO - Filling up the DagBag from /usr/local/anaconda3/envs/airflow_env/lib/python3.8/site-packages/airflow/example_dags/plugins/listener_plugin.py
[2025-03-07T21:09:28.645+0100] {processor.py:927} WARNING - No viable dags retrieved from /usr/local/anaconda3/envs/airflow_env/lib/python3.8/site-packages/airflow/example_dags/plugins/listener_plugin.py
[2025-03-07T21:09:28.710+0100] {processor.py:208} INFO - Processing /usr/local/anaconda3/envs/airflow_env/lib/python3.8/site-packages/airflow/example_dags/plugins/listener_plugin.py took 0.074 seconds
[2025-03-07T21:15:09.553+0100] {processor.py:186} INFO - Started process (PID=26505) to work on /usr/local/anaconda3/envs/airflow_env/lib/python3.8/site-packages/airflow/example_dags/plugins/listener_plugin.py
[2025-03-07T21:15:09.557+0100] {processor.py:914} INFO - Processing file /usr/local/anaconda3/envs/airflow_env/lib/python3.8/site-packages/airflow/example_dags/plugins/listener_plugin.py for tasks to queue
[2025-03-07T21:15:09.558+0100] {logging_mixin.py:190} INFO - [2025-03-07T21:15:09.557+0100] {dagbag.py:588} INFO - Filling up the DagBag from /usr/local/anaconda3/envs/airflow_env/lib/python3.8/site-packages/airflow/example_dags/plugins/listener_plugin.py
[2025-03-07T21:15:09.559+0100] {processor.py:927} WARNING - No viable dags retrieved from /usr/local/anaconda3/envs/airflow_env/lib/python3.8/site-packages/airflow/example_dags/plugins/listener_plugin.py
[2025-03-07T21:15:09.624+0100] {processor.py:208} INFO - Processing /usr/local/anaconda3/envs/airflow_env/lib/python3.8/site-packages/airflow/example_dags/plugins/listener_plugin.py took 0.073 seconds
