[2025-03-07T14:10:34.605+0100] {processor.py:186} INFO - Started process (PID=2584) to work on /usr/local/anaconda3/envs/airflow_env/lib/python3.8/site-packages/airflow/example_dags/plugins/workday.py
[2025-03-07T14:10:34.608+0100] {processor.py:914} INFO - Processing file /usr/local/anaconda3/envs/airflow_env/lib/python3.8/site-packages/airflow/example_dags/plugins/workday.py for tasks to queue
[2025-03-07T14:10:34.609+0100] {logging_mixin.py:190} INFO - [2025-03-07T14:10:34.609+0100] {dagbag.py:588} INFO - Filling up the DagBag from /usr/local/anaconda3/envs/airflow_env/lib/python3.8/site-packages/airflow/example_dags/plugins/workday.py
[2025-03-07T14:10:35.123+0100] {processor.py:927} WARNING - No viable dags retrieved from /usr/local/anaconda3/envs/airflow_env/lib/python3.8/site-packages/airflow/example_dags/plugins/workday.py
[2025-03-07T14:10:35.186+0100] {processor.py:208} INFO - Processing /usr/local/anaconda3/envs/airflow_env/lib/python3.8/site-packages/airflow/example_dags/plugins/workday.py took 0.583 seconds
[2025-03-07T14:13:25.523+0100] {processor.py:186} INFO - Started process (PID=2925) to work on /usr/local/anaconda3/envs/airflow_env/lib/python3.8/site-packages/airflow/example_dags/plugins/workday.py
[2025-03-07T14:13:25.526+0100] {processor.py:914} INFO - Processing file /usr/local/anaconda3/envs/airflow_env/lib/python3.8/site-packages/airflow/example_dags/plugins/workday.py for tasks to queue
[2025-03-07T14:13:25.527+0100] {logging_mixin.py:190} INFO - [2025-03-07T14:13:25.527+0100] {dagbag.py:588} INFO - Filling up the DagBag from /usr/local/anaconda3/envs/airflow_env/lib/python3.8/site-packages/airflow/example_dags/plugins/workday.py
[2025-03-07T14:13:26.053+0100] {processor.py:927} WARNING - No viable dags retrieved from /usr/local/anaconda3/envs/airflow_env/lib/python3.8/site-packages/airflow/example_dags/plugins/workday.py
[2025-03-07T14:13:26.118+0100] {processor.py:208} INFO - Processing /usr/local/anaconda3/envs/airflow_env/lib/python3.8/site-packages/airflow/example_dags/plugins/workday.py took 0.598 seconds
[2025-03-07T14:16:14.801+0100] {processor.py:186} INFO - Started process (PID=3204) to work on /usr/local/anaconda3/envs/airflow_env/lib/python3.8/site-packages/airflow/example_dags/plugins/workday.py
[2025-03-07T14:16:14.804+0100] {processor.py:914} INFO - Processing file /usr/local/anaconda3/envs/airflow_env/lib/python3.8/site-packages/airflow/example_dags/plugins/workday.py for tasks to queue
[2025-03-07T14:16:14.805+0100] {logging_mixin.py:190} INFO - [2025-03-07T14:16:14.805+0100] {dagbag.py:588} INFO - Filling up the DagBag from /usr/local/anaconda3/envs/airflow_env/lib/python3.8/site-packages/airflow/example_dags/plugins/workday.py
[2025-03-07T14:16:15.320+0100] {processor.py:927} WARNING - No viable dags retrieved from /usr/local/anaconda3/envs/airflow_env/lib/python3.8/site-packages/airflow/example_dags/plugins/workday.py
[2025-03-07T14:16:15.383+0100] {processor.py:208} INFO - Processing /usr/local/anaconda3/envs/airflow_env/lib/python3.8/site-packages/airflow/example_dags/plugins/workday.py took 0.585 seconds
[2025-03-07T14:18:28.903+0100] {processor.py:186} INFO - Started process (PID=3453) to work on /usr/local/anaconda3/envs/airflow_env/lib/python3.8/site-packages/airflow/example_dags/plugins/workday.py
[2025-03-07T14:18:28.906+0100] {processor.py:914} INFO - Processing file /usr/local/anaconda3/envs/airflow_env/lib/python3.8/site-packages/airflow/example_dags/plugins/workday.py for tasks to queue
[2025-03-07T14:18:28.907+0100] {logging_mixin.py:190} INFO - [2025-03-07T14:18:28.907+0100] {dagbag.py:588} INFO - Filling up the DagBag from /usr/local/anaconda3/envs/airflow_env/lib/python3.8/site-packages/airflow/example_dags/plugins/workday.py
[2025-03-07T14:18:29.440+0100] {processor.py:927} WARNING - No viable dags retrieved from /usr/local/anaconda3/envs/airflow_env/lib/python3.8/site-packages/airflow/example_dags/plugins/workday.py
[2025-03-07T14:18:29.507+0100] {processor.py:208} INFO - Processing /usr/local/anaconda3/envs/airflow_env/lib/python3.8/site-packages/airflow/example_dags/plugins/workday.py took 0.607 seconds
[2025-03-07T14:20:43.625+0100] {processor.py:186} INFO - Started process (PID=3754) to work on /usr/local/anaconda3/envs/airflow_env/lib/python3.8/site-packages/airflow/example_dags/plugins/workday.py
[2025-03-07T14:20:43.629+0100] {processor.py:914} INFO - Processing file /usr/local/anaconda3/envs/airflow_env/lib/python3.8/site-packages/airflow/example_dags/plugins/workday.py for tasks to queue
[2025-03-07T14:20:43.629+0100] {logging_mixin.py:190} INFO - [2025-03-07T14:20:43.629+0100] {dagbag.py:588} INFO - Filling up the DagBag from /usr/local/anaconda3/envs/airflow_env/lib/python3.8/site-packages/airflow/example_dags/plugins/workday.py
[2025-03-07T14:20:44.136+0100] {processor.py:927} WARNING - No viable dags retrieved from /usr/local/anaconda3/envs/airflow_env/lib/python3.8/site-packages/airflow/example_dags/plugins/workday.py
[2025-03-07T14:20:44.204+0100] {processor.py:208} INFO - Processing /usr/local/anaconda3/envs/airflow_env/lib/python3.8/site-packages/airflow/example_dags/plugins/workday.py took 0.581 seconds
[2025-03-07T14:22:59.363+0100] {processor.py:186} INFO - Started process (PID=3986) to work on /usr/local/anaconda3/envs/airflow_env/lib/python3.8/site-packages/airflow/example_dags/plugins/workday.py
[2025-03-07T14:22:59.366+0100] {processor.py:914} INFO - Processing file /usr/local/anaconda3/envs/airflow_env/lib/python3.8/site-packages/airflow/example_dags/plugins/workday.py for tasks to queue
[2025-03-07T14:22:59.367+0100] {logging_mixin.py:190} INFO - [2025-03-07T14:22:59.367+0100] {dagbag.py:588} INFO - Filling up the DagBag from /usr/local/anaconda3/envs/airflow_env/lib/python3.8/site-packages/airflow/example_dags/plugins/workday.py
[2025-03-07T14:22:59.891+0100] {processor.py:927} WARNING - No viable dags retrieved from /usr/local/anaconda3/envs/airflow_env/lib/python3.8/site-packages/airflow/example_dags/plugins/workday.py
[2025-03-07T14:22:59.956+0100] {processor.py:208} INFO - Processing /usr/local/anaconda3/envs/airflow_env/lib/python3.8/site-packages/airflow/example_dags/plugins/workday.py took 0.596 seconds
[2025-03-07T14:25:22.275+0100] {processor.py:186} INFO - Started process (PID=4201) to work on /usr/local/anaconda3/envs/airflow_env/lib/python3.8/site-packages/airflow/example_dags/plugins/workday.py
[2025-03-07T14:25:22.279+0100] {processor.py:914} INFO - Processing file /usr/local/anaconda3/envs/airflow_env/lib/python3.8/site-packages/airflow/example_dags/plugins/workday.py for tasks to queue
[2025-03-07T14:25:22.280+0100] {logging_mixin.py:190} INFO - [2025-03-07T14:25:22.280+0100] {dagbag.py:588} INFO - Filling up the DagBag from /usr/local/anaconda3/envs/airflow_env/lib/python3.8/site-packages/airflow/example_dags/plugins/workday.py
[2025-03-07T14:25:22.883+0100] {processor.py:927} WARNING - No viable dags retrieved from /usr/local/anaconda3/envs/airflow_env/lib/python3.8/site-packages/airflow/example_dags/plugins/workday.py
[2025-03-07T14:25:22.975+0100] {processor.py:208} INFO - Processing /usr/local/anaconda3/envs/airflow_env/lib/python3.8/site-packages/airflow/example_dags/plugins/workday.py took 0.703 seconds
[2025-03-07T14:26:44.743+0100] {processor.py:186} INFO - Started process (PID=4362) to work on /usr/local/anaconda3/envs/airflow_env/lib/python3.8/site-packages/airflow/example_dags/plugins/workday.py
[2025-03-07T14:26:44.746+0100] {processor.py:914} INFO - Processing file /usr/local/anaconda3/envs/airflow_env/lib/python3.8/site-packages/airflow/example_dags/plugins/workday.py for tasks to queue
[2025-03-07T14:26:44.747+0100] {logging_mixin.py:190} INFO - [2025-03-07T14:26:44.747+0100] {dagbag.py:588} INFO - Filling up the DagBag from /usr/local/anaconda3/envs/airflow_env/lib/python3.8/site-packages/airflow/example_dags/plugins/workday.py
[2025-03-07T14:26:45.258+0100] {processor.py:927} WARNING - No viable dags retrieved from /usr/local/anaconda3/envs/airflow_env/lib/python3.8/site-packages/airflow/example_dags/plugins/workday.py
[2025-03-07T14:26:45.321+0100] {processor.py:208} INFO - Processing /usr/local/anaconda3/envs/airflow_env/lib/python3.8/site-packages/airflow/example_dags/plugins/workday.py took 0.581 seconds
[2025-03-07T14:43:29.245+0100] {processor.py:186} INFO - Started process (PID=4875) to work on /usr/local/anaconda3/envs/airflow_env/lib/python3.8/site-packages/airflow/example_dags/plugins/workday.py
[2025-03-07T14:43:29.248+0100] {processor.py:914} INFO - Processing file /usr/local/anaconda3/envs/airflow_env/lib/python3.8/site-packages/airflow/example_dags/plugins/workday.py for tasks to queue
[2025-03-07T14:43:29.249+0100] {logging_mixin.py:190} INFO - [2025-03-07T14:43:29.249+0100] {dagbag.py:588} INFO - Filling up the DagBag from /usr/local/anaconda3/envs/airflow_env/lib/python3.8/site-packages/airflow/example_dags/plugins/workday.py
[2025-03-07T14:43:29.874+0100] {processor.py:927} WARNING - No viable dags retrieved from /usr/local/anaconda3/envs/airflow_env/lib/python3.8/site-packages/airflow/example_dags/plugins/workday.py
[2025-03-07T14:43:29.950+0100] {processor.py:208} INFO - Processing /usr/local/anaconda3/envs/airflow_env/lib/python3.8/site-packages/airflow/example_dags/plugins/workday.py took 0.708 seconds
[2025-03-07T14:46:17.811+0100] {processor.py:186} INFO - Started process (PID=5089) to work on /usr/local/anaconda3/envs/airflow_env/lib/python3.8/site-packages/airflow/example_dags/plugins/workday.py
[2025-03-07T14:46:17.814+0100] {processor.py:914} INFO - Processing file /usr/local/anaconda3/envs/airflow_env/lib/python3.8/site-packages/airflow/example_dags/plugins/workday.py for tasks to queue
[2025-03-07T14:46:17.815+0100] {logging_mixin.py:190} INFO - [2025-03-07T14:46:17.815+0100] {dagbag.py:588} INFO - Filling up the DagBag from /usr/local/anaconda3/envs/airflow_env/lib/python3.8/site-packages/airflow/example_dags/plugins/workday.py
[2025-03-07T14:46:18.394+0100] {processor.py:927} WARNING - No viable dags retrieved from /usr/local/anaconda3/envs/airflow_env/lib/python3.8/site-packages/airflow/example_dags/plugins/workday.py
[2025-03-07T14:46:18.463+0100] {processor.py:208} INFO - Processing /usr/local/anaconda3/envs/airflow_env/lib/python3.8/site-packages/airflow/example_dags/plugins/workday.py took 0.655 seconds
[2025-03-07T14:48:36.460+0100] {processor.py:186} INFO - Started process (PID=5344) to work on /usr/local/anaconda3/envs/airflow_env/lib/python3.8/site-packages/airflow/example_dags/plugins/workday.py
[2025-03-07T14:48:36.463+0100] {processor.py:914} INFO - Processing file /usr/local/anaconda3/envs/airflow_env/lib/python3.8/site-packages/airflow/example_dags/plugins/workday.py for tasks to queue
[2025-03-07T14:48:36.464+0100] {logging_mixin.py:190} INFO - [2025-03-07T14:48:36.464+0100] {dagbag.py:588} INFO - Filling up the DagBag from /usr/local/anaconda3/envs/airflow_env/lib/python3.8/site-packages/airflow/example_dags/plugins/workday.py
[2025-03-07T14:48:37.010+0100] {processor.py:927} WARNING - No viable dags retrieved from /usr/local/anaconda3/envs/airflow_env/lib/python3.8/site-packages/airflow/example_dags/plugins/workday.py
[2025-03-07T14:48:37.078+0100] {processor.py:208} INFO - Processing /usr/local/anaconda3/envs/airflow_env/lib/python3.8/site-packages/airflow/example_dags/plugins/workday.py took 0.621 seconds
[2025-03-07T14:49:23.423+0100] {processor.py:186} INFO - Started process (PID=5484) to work on /usr/local/anaconda3/envs/airflow_env/lib/python3.8/site-packages/airflow/example_dags/plugins/workday.py
[2025-03-07T14:49:23.426+0100] {processor.py:914} INFO - Processing file /usr/local/anaconda3/envs/airflow_env/lib/python3.8/site-packages/airflow/example_dags/plugins/workday.py for tasks to queue
[2025-03-07T14:49:23.427+0100] {logging_mixin.py:190} INFO - [2025-03-07T14:49:23.427+0100] {dagbag.py:588} INFO - Filling up the DagBag from /usr/local/anaconda3/envs/airflow_env/lib/python3.8/site-packages/airflow/example_dags/plugins/workday.py
[2025-03-07T14:49:23.953+0100] {processor.py:927} WARNING - No viable dags retrieved from /usr/local/anaconda3/envs/airflow_env/lib/python3.8/site-packages/airflow/example_dags/plugins/workday.py
[2025-03-07T14:49:24.019+0100] {processor.py:208} INFO - Processing /usr/local/anaconda3/envs/airflow_env/lib/python3.8/site-packages/airflow/example_dags/plugins/workday.py took 0.599 seconds
[2025-03-07T14:51:54.884+0100] {processor.py:186} INFO - Started process (PID=5814) to work on /usr/local/anaconda3/envs/airflow_env/lib/python3.8/site-packages/airflow/example_dags/plugins/workday.py
[2025-03-07T14:51:54.887+0100] {processor.py:914} INFO - Processing file /usr/local/anaconda3/envs/airflow_env/lib/python3.8/site-packages/airflow/example_dags/plugins/workday.py for tasks to queue
[2025-03-07T14:51:54.888+0100] {logging_mixin.py:190} INFO - [2025-03-07T14:51:54.888+0100] {dagbag.py:588} INFO - Filling up the DagBag from /usr/local/anaconda3/envs/airflow_env/lib/python3.8/site-packages/airflow/example_dags/plugins/workday.py
[2025-03-07T14:51:55.465+0100] {processor.py:927} WARNING - No viable dags retrieved from /usr/local/anaconda3/envs/airflow_env/lib/python3.8/site-packages/airflow/example_dags/plugins/workday.py
[2025-03-07T14:51:55.535+0100] {processor.py:208} INFO - Processing /usr/local/anaconda3/envs/airflow_env/lib/python3.8/site-packages/airflow/example_dags/plugins/workday.py took 0.655 seconds
[2025-03-07T14:52:52.206+0100] {processor.py:186} INFO - Started process (PID=5939) to work on /usr/local/anaconda3/envs/airflow_env/lib/python3.8/site-packages/airflow/example_dags/plugins/workday.py
[2025-03-07T14:52:52.209+0100] {processor.py:914} INFO - Processing file /usr/local/anaconda3/envs/airflow_env/lib/python3.8/site-packages/airflow/example_dags/plugins/workday.py for tasks to queue
[2025-03-07T14:52:52.210+0100] {logging_mixin.py:190} INFO - [2025-03-07T14:52:52.210+0100] {dagbag.py:588} INFO - Filling up the DagBag from /usr/local/anaconda3/envs/airflow_env/lib/python3.8/site-packages/airflow/example_dags/plugins/workday.py
[2025-03-07T14:52:52.735+0100] {processor.py:927} WARNING - No viable dags retrieved from /usr/local/anaconda3/envs/airflow_env/lib/python3.8/site-packages/airflow/example_dags/plugins/workday.py
[2025-03-07T14:52:52.802+0100] {processor.py:208} INFO - Processing /usr/local/anaconda3/envs/airflow_env/lib/python3.8/site-packages/airflow/example_dags/plugins/workday.py took 0.599 seconds
[2025-03-07T14:55:39.773+0100] {processor.py:186} INFO - Started process (PID=6250) to work on /usr/local/anaconda3/envs/airflow_env/lib/python3.8/site-packages/airflow/example_dags/plugins/workday.py
[2025-03-07T14:55:39.776+0100] {processor.py:914} INFO - Processing file /usr/local/anaconda3/envs/airflow_env/lib/python3.8/site-packages/airflow/example_dags/plugins/workday.py for tasks to queue
[2025-03-07T14:55:39.777+0100] {logging_mixin.py:190} INFO - [2025-03-07T14:55:39.777+0100] {dagbag.py:588} INFO - Filling up the DagBag from /usr/local/anaconda3/envs/airflow_env/lib/python3.8/site-packages/airflow/example_dags/plugins/workday.py
[2025-03-07T14:55:40.289+0100] {processor.py:927} WARNING - No viable dags retrieved from /usr/local/anaconda3/envs/airflow_env/lib/python3.8/site-packages/airflow/example_dags/plugins/workday.py
[2025-03-07T14:55:40.353+0100] {processor.py:208} INFO - Processing /usr/local/anaconda3/envs/airflow_env/lib/python3.8/site-packages/airflow/example_dags/plugins/workday.py took 0.583 seconds
[2025-03-07T14:57:52.186+0100] {processor.py:186} INFO - Started process (PID=6519) to work on /usr/local/anaconda3/envs/airflow_env/lib/python3.8/site-packages/airflow/example_dags/plugins/workday.py
[2025-03-07T14:57:52.189+0100] {processor.py:914} INFO - Processing file /usr/local/anaconda3/envs/airflow_env/lib/python3.8/site-packages/airflow/example_dags/plugins/workday.py for tasks to queue
[2025-03-07T14:57:52.190+0100] {logging_mixin.py:190} INFO - [2025-03-07T14:57:52.190+0100] {dagbag.py:588} INFO - Filling up the DagBag from /usr/local/anaconda3/envs/airflow_env/lib/python3.8/site-packages/airflow/example_dags/plugins/workday.py
[2025-03-07T14:57:52.703+0100] {processor.py:927} WARNING - No viable dags retrieved from /usr/local/anaconda3/envs/airflow_env/lib/python3.8/site-packages/airflow/example_dags/plugins/workday.py
[2025-03-07T14:57:52.769+0100] {processor.py:208} INFO - Processing /usr/local/anaconda3/envs/airflow_env/lib/python3.8/site-packages/airflow/example_dags/plugins/workday.py took 0.586 seconds
[2025-03-07T15:00:02.109+0100] {processor.py:186} INFO - Started process (PID=6804) to work on /usr/local/anaconda3/envs/airflow_env/lib/python3.8/site-packages/airflow/example_dags/plugins/workday.py
[2025-03-07T15:00:02.112+0100] {processor.py:914} INFO - Processing file /usr/local/anaconda3/envs/airflow_env/lib/python3.8/site-packages/airflow/example_dags/plugins/workday.py for tasks to queue
[2025-03-07T15:00:02.113+0100] {logging_mixin.py:190} INFO - [2025-03-07T15:00:02.113+0100] {dagbag.py:588} INFO - Filling up the DagBag from /usr/local/anaconda3/envs/airflow_env/lib/python3.8/site-packages/airflow/example_dags/plugins/workday.py
[2025-03-07T15:00:02.644+0100] {processor.py:927} WARNING - No viable dags retrieved from /usr/local/anaconda3/envs/airflow_env/lib/python3.8/site-packages/airflow/example_dags/plugins/workday.py
[2025-03-07T15:00:02.711+0100] {processor.py:208} INFO - Processing /usr/local/anaconda3/envs/airflow_env/lib/python3.8/site-packages/airflow/example_dags/plugins/workday.py took 0.605 seconds
[2025-03-07T15:02:28.055+0100] {processor.py:186} INFO - Started process (PID=7075) to work on /usr/local/anaconda3/envs/airflow_env/lib/python3.8/site-packages/airflow/example_dags/plugins/workday.py
[2025-03-07T15:02:28.058+0100] {processor.py:914} INFO - Processing file /usr/local/anaconda3/envs/airflow_env/lib/python3.8/site-packages/airflow/example_dags/plugins/workday.py for tasks to queue
[2025-03-07T15:02:28.059+0100] {logging_mixin.py:190} INFO - [2025-03-07T15:02:28.059+0100] {dagbag.py:588} INFO - Filling up the DagBag from /usr/local/anaconda3/envs/airflow_env/lib/python3.8/site-packages/airflow/example_dags/plugins/workday.py
[2025-03-07T15:02:28.577+0100] {processor.py:927} WARNING - No viable dags retrieved from /usr/local/anaconda3/envs/airflow_env/lib/python3.8/site-packages/airflow/example_dags/plugins/workday.py
[2025-03-07T15:02:28.642+0100] {processor.py:208} INFO - Processing /usr/local/anaconda3/envs/airflow_env/lib/python3.8/site-packages/airflow/example_dags/plugins/workday.py took 0.589 seconds
[2025-03-07T15:04:49.965+0100] {processor.py:186} INFO - Started process (PID=7269) to work on /usr/local/anaconda3/envs/airflow_env/lib/python3.8/site-packages/airflow/example_dags/plugins/workday.py
[2025-03-07T15:04:49.968+0100] {processor.py:914} INFO - Processing file /usr/local/anaconda3/envs/airflow_env/lib/python3.8/site-packages/airflow/example_dags/plugins/workday.py for tasks to queue
[2025-03-07T15:04:49.969+0100] {logging_mixin.py:190} INFO - [2025-03-07T15:04:49.969+0100] {dagbag.py:588} INFO - Filling up the DagBag from /usr/local/anaconda3/envs/airflow_env/lib/python3.8/site-packages/airflow/example_dags/plugins/workday.py
[2025-03-07T15:04:50.509+0100] {processor.py:927} WARNING - No viable dags retrieved from /usr/local/anaconda3/envs/airflow_env/lib/python3.8/site-packages/airflow/example_dags/plugins/workday.py
[2025-03-07T15:04:50.580+0100] {processor.py:208} INFO - Processing /usr/local/anaconda3/envs/airflow_env/lib/python3.8/site-packages/airflow/example_dags/plugins/workday.py took 0.618 seconds
[2025-03-07T15:07:13.799+0100] {processor.py:186} INFO - Started process (PID=7568) to work on /usr/local/anaconda3/envs/airflow_env/lib/python3.8/site-packages/airflow/example_dags/plugins/workday.py
[2025-03-07T15:07:13.802+0100] {processor.py:914} INFO - Processing file /usr/local/anaconda3/envs/airflow_env/lib/python3.8/site-packages/airflow/example_dags/plugins/workday.py for tasks to queue
[2025-03-07T15:07:13.803+0100] {logging_mixin.py:190} INFO - [2025-03-07T15:07:13.802+0100] {dagbag.py:588} INFO - Filling up the DagBag from /usr/local/anaconda3/envs/airflow_env/lib/python3.8/site-packages/airflow/example_dags/plugins/workday.py
[2025-03-07T15:07:14.342+0100] {processor.py:927} WARNING - No viable dags retrieved from /usr/local/anaconda3/envs/airflow_env/lib/python3.8/site-packages/airflow/example_dags/plugins/workday.py
[2025-03-07T15:07:14.411+0100] {processor.py:208} INFO - Processing /usr/local/anaconda3/envs/airflow_env/lib/python3.8/site-packages/airflow/example_dags/plugins/workday.py took 0.616 seconds
[2025-03-07T15:09:40.144+0100] {processor.py:186} INFO - Started process (PID=7806) to work on /usr/local/anaconda3/envs/airflow_env/lib/python3.8/site-packages/airflow/example_dags/plugins/workday.py
[2025-03-07T15:09:40.147+0100] {processor.py:914} INFO - Processing file /usr/local/anaconda3/envs/airflow_env/lib/python3.8/site-packages/airflow/example_dags/plugins/workday.py for tasks to queue
[2025-03-07T15:09:40.148+0100] {logging_mixin.py:190} INFO - [2025-03-07T15:09:40.148+0100] {dagbag.py:588} INFO - Filling up the DagBag from /usr/local/anaconda3/envs/airflow_env/lib/python3.8/site-packages/airflow/example_dags/plugins/workday.py
[2025-03-07T15:09:40.667+0100] {processor.py:927} WARNING - No viable dags retrieved from /usr/local/anaconda3/envs/airflow_env/lib/python3.8/site-packages/airflow/example_dags/plugins/workday.py
[2025-03-07T15:09:40.732+0100] {processor.py:208} INFO - Processing /usr/local/anaconda3/envs/airflow_env/lib/python3.8/site-packages/airflow/example_dags/plugins/workday.py took 0.591 seconds
[2025-03-07T15:12:14.666+0100] {processor.py:186} INFO - Started process (PID=8093) to work on /usr/local/anaconda3/envs/airflow_env/lib/python3.8/site-packages/airflow/example_dags/plugins/workday.py
[2025-03-07T15:12:14.669+0100] {processor.py:914} INFO - Processing file /usr/local/anaconda3/envs/airflow_env/lib/python3.8/site-packages/airflow/example_dags/plugins/workday.py for tasks to queue
[2025-03-07T15:12:14.670+0100] {logging_mixin.py:190} INFO - [2025-03-07T15:12:14.670+0100] {dagbag.py:588} INFO - Filling up the DagBag from /usr/local/anaconda3/envs/airflow_env/lib/python3.8/site-packages/airflow/example_dags/plugins/workday.py
[2025-03-07T15:12:15.211+0100] {processor.py:927} WARNING - No viable dags retrieved from /usr/local/anaconda3/envs/airflow_env/lib/python3.8/site-packages/airflow/example_dags/plugins/workday.py
[2025-03-07T15:12:15.277+0100] {processor.py:208} INFO - Processing /usr/local/anaconda3/envs/airflow_env/lib/python3.8/site-packages/airflow/example_dags/plugins/workday.py took 0.614 seconds
[2025-03-07T15:15:19.005+0100] {processor.py:186} INFO - Started process (PID=8452) to work on /usr/local/anaconda3/envs/airflow_env/lib/python3.8/site-packages/airflow/example_dags/plugins/workday.py
[2025-03-07T15:15:19.009+0100] {processor.py:914} INFO - Processing file /usr/local/anaconda3/envs/airflow_env/lib/python3.8/site-packages/airflow/example_dags/plugins/workday.py for tasks to queue
[2025-03-07T15:15:19.010+0100] {logging_mixin.py:190} INFO - [2025-03-07T15:15:19.009+0100] {dagbag.py:588} INFO - Filling up the DagBag from /usr/local/anaconda3/envs/airflow_env/lib/python3.8/site-packages/airflow/example_dags/plugins/workday.py
[2025-03-07T15:15:19.566+0100] {processor.py:927} WARNING - No viable dags retrieved from /usr/local/anaconda3/envs/airflow_env/lib/python3.8/site-packages/airflow/example_dags/plugins/workday.py
[2025-03-07T15:15:19.638+0100] {processor.py:208} INFO - Processing /usr/local/anaconda3/envs/airflow_env/lib/python3.8/site-packages/airflow/example_dags/plugins/workday.py took 0.636 seconds
[2025-03-07T15:17:39.116+0100] {processor.py:186} INFO - Started process (PID=8681) to work on /usr/local/anaconda3/envs/airflow_env/lib/python3.8/site-packages/airflow/example_dags/plugins/workday.py
[2025-03-07T15:17:39.119+0100] {processor.py:914} INFO - Processing file /usr/local/anaconda3/envs/airflow_env/lib/python3.8/site-packages/airflow/example_dags/plugins/workday.py for tasks to queue
[2025-03-07T15:17:39.120+0100] {logging_mixin.py:190} INFO - [2025-03-07T15:17:39.120+0100] {dagbag.py:588} INFO - Filling up the DagBag from /usr/local/anaconda3/envs/airflow_env/lib/python3.8/site-packages/airflow/example_dags/plugins/workday.py
[2025-03-07T15:17:39.657+0100] {processor.py:927} WARNING - No viable dags retrieved from /usr/local/anaconda3/envs/airflow_env/lib/python3.8/site-packages/airflow/example_dags/plugins/workday.py
[2025-03-07T15:17:39.724+0100] {processor.py:208} INFO - Processing /usr/local/anaconda3/envs/airflow_env/lib/python3.8/site-packages/airflow/example_dags/plugins/workday.py took 0.611 seconds
[2025-03-07T15:19:56.893+0100] {processor.py:186} INFO - Started process (PID=9033) to work on /usr/local/anaconda3/envs/airflow_env/lib/python3.8/site-packages/airflow/example_dags/plugins/workday.py
[2025-03-07T15:19:56.896+0100] {processor.py:914} INFO - Processing file /usr/local/anaconda3/envs/airflow_env/lib/python3.8/site-packages/airflow/example_dags/plugins/workday.py for tasks to queue
[2025-03-07T15:19:56.897+0100] {logging_mixin.py:190} INFO - [2025-03-07T15:19:56.896+0100] {dagbag.py:588} INFO - Filling up the DagBag from /usr/local/anaconda3/envs/airflow_env/lib/python3.8/site-packages/airflow/example_dags/plugins/workday.py
[2025-03-07T15:19:57.407+0100] {processor.py:927} WARNING - No viable dags retrieved from /usr/local/anaconda3/envs/airflow_env/lib/python3.8/site-packages/airflow/example_dags/plugins/workday.py
[2025-03-07T15:19:57.471+0100] {processor.py:208} INFO - Processing /usr/local/anaconda3/envs/airflow_env/lib/python3.8/site-packages/airflow/example_dags/plugins/workday.py took 0.581 seconds
[2025-03-07T15:22:09.268+0100] {processor.py:186} INFO - Started process (PID=9331) to work on /usr/local/anaconda3/envs/airflow_env/lib/python3.8/site-packages/airflow/example_dags/plugins/workday.py
[2025-03-07T15:22:09.271+0100] {processor.py:914} INFO - Processing file /usr/local/anaconda3/envs/airflow_env/lib/python3.8/site-packages/airflow/example_dags/plugins/workday.py for tasks to queue
[2025-03-07T15:22:09.272+0100] {logging_mixin.py:190} INFO - [2025-03-07T15:22:09.272+0100] {dagbag.py:588} INFO - Filling up the DagBag from /usr/local/anaconda3/envs/airflow_env/lib/python3.8/site-packages/airflow/example_dags/plugins/workday.py
[2025-03-07T15:22:09.788+0100] {processor.py:927} WARNING - No viable dags retrieved from /usr/local/anaconda3/envs/airflow_env/lib/python3.8/site-packages/airflow/example_dags/plugins/workday.py
[2025-03-07T15:22:09.852+0100] {processor.py:208} INFO - Processing /usr/local/anaconda3/envs/airflow_env/lib/python3.8/site-packages/airflow/example_dags/plugins/workday.py took 0.587 seconds
