[2025-03-07T14:13:39.921+0100] {local_task_job_runner.py:123} INFO - ::group::Pre task execution logs
[2025-03-07T14:13:39.928+0100] {taskinstance.py:2614} INFO - Dependencies all met for dep_context=non-requeueable deps ti=<TaskInstance: climate_data_pipeline.extract_world_bank_data scheduled__2025-03-06T00:00:00+00:00 [queued]>
[2025-03-07T14:13:39.932+0100] {taskinstance.py:2614} INFO - Dependencies all met for dep_context=requeueable deps ti=<TaskInstance: climate_data_pipeline.extract_world_bank_data scheduled__2025-03-06T00:00:00+00:00 [queued]>
[2025-03-07T14:13:39.932+0100] {taskinstance.py:2867} INFO - Starting attempt 1 of 2
[2025-03-07T14:13:39.939+0100] {taskinstance.py:2890} INFO - Executing <Task(PythonOperator): extract_world_bank_data> on 2025-03-06 00:00:00+00:00
[2025-03-07T14:13:39.945+0100] {standard_task_runner.py:72} INFO - Started process 2953 to run task
[2025-03-07T14:13:39.951+0100] {standard_task_runner.py:104} INFO - Running: ['airflow', 'tasks', 'run', 'climate_data_pipeline', 'extract_world_bank_data', 'scheduled__2025-03-06T00:00:00+00:00', '--job-id', '2', '--raw', '--subdir', 'DAGS_FOLDER/climate-data-dag.py', '--cfg-path', '/var/folders/55/x1yqz6851xj6j2f0smdhs4jh0000gn/T/tmpqtvtx8y9']
[2025-03-07T14:13:39.952+0100] {standard_task_runner.py:105} INFO - Job 2: Subtask extract_world_bank_data
[2025-03-07T14:13:39.985+0100] {task_command.py:467} INFO - Running <TaskInstance: climate_data_pipeline.extract_world_bank_data scheduled__2025-03-06T00:00:00+00:00 [running]> on host gabis-imac-pro.local
[2025-03-07T14:13:40.023+0100] {taskinstance.py:3134} INFO - Exporting env vars: AIRFLOW_CTX_DAG_OWNER='airflow' AIRFLOW_CTX_DAG_ID='climate_data_pipeline' AIRFLOW_CTX_TASK_ID='extract_world_bank_data' AIRFLOW_CTX_EXECUTION_DATE='2025-03-06T00:00:00+00:00' AIRFLOW_CTX_TRY_NUMBER='1' AIRFLOW_CTX_DAG_RUN_ID='scheduled__2025-03-06T00:00:00+00:00'
[2025-03-07T14:13:40.024+0100] {logging_mixin.py:190} INFO - Task instance is in running state
[2025-03-07T14:13:40.025+0100] {logging_mixin.py:190} INFO -  Previous state of the Task instance: queued
[2025-03-07T14:13:40.025+0100] {logging_mixin.py:190} INFO - Current task name:extract_world_bank_data state:running start_date:2025-03-07 13:13:39.929059+00:00
[2025-03-07T14:13:40.025+0100] {logging_mixin.py:190} INFO - Dag name:climate_data_pipeline and current dag run status:running
[2025-03-07T14:13:40.026+0100] {taskinstance.py:732} INFO - ::endgroup::
[2025-03-07T14:13:40.026+0100] {logging_mixin.py:190} INFO - Extracting World Bank indicators from 2020 to 2020
[2025-03-07T14:13:40.027+0100] {logging_mixin.py:190} INFO - 
Processing year 2020...
[2025-03-07T14:13:40.027+0100] {logging_mixin.py:190} INFO - Fetching Population, total data for 2020...
[2025-03-07T14:13:40.577+0100] {logging_mixin.py:190} INFO - Response status: 200
[2025-03-07T14:13:41.081+0100] {logging_mixin.py:190} INFO - Fetching GDP per capita (current US$) data for 2020...
[2025-03-07T14:13:41.516+0100] {logging_mixin.py:190} INFO - Response status: 200
[2025-03-07T14:13:42.019+0100] {logging_mixin.py:190} INFO - Fetching CO2 emissions (metric tons per capita) data for 2020...
[2025-03-07T14:13:42.419+0100] {logging_mixin.py:190} INFO - Response status: 200
[2025-03-07T14:13:42.922+0100] {logging_mixin.py:190} INFO - Fetching Life expectancy at birth, total (years) data for 2020...
[2025-03-07T14:13:43.444+0100] {logging_mixin.py:190} INFO - Response status: 200
[2025-03-07T14:13:43.948+0100] {logging_mixin.py:190} INFO - Fetching School enrollment, secondary (% gross) data for 2020...
[2025-03-07T14:13:44.464+0100] {logging_mixin.py:190} INFO - Response status: 200
[2025-03-07T14:13:44.968+0100] {logging_mixin.py:190} INFO - Fetching Gini index (World Bank estimate) data for 2020...
[2025-03-07T14:13:45.501+0100] {logging_mixin.py:190} INFO - Response status: 200
[2025-03-07T14:13:46.169+0100] {logging_mixin.py:190} INFO - Fetching Unemployment, total (% of total labor force) data for 2020...
[2025-03-07T14:13:46.925+0100] {logging_mixin.py:190} INFO - Response status: 200
[2025-03-07T14:13:47.441+0100] {logging_mixin.py:190} INFO - Saved World Bank data for 2020 to /Users/gabi/codes/climate_trace/climate_data_pipeline/data/world_bank/world_bank_indicators_2020.csv
[2025-03-07T14:13:47.442+0100] {logging_mixin.py:190} INFO - Number of countries with data: 261
[2025-03-07T14:13:47.442+0100] {logging_mixin.py:190} INFO - Columns included: country, SP.POP.TOTL, NY.GDP.PCAP.CD, SP.DYN.LE00.IN, SE.SEC.ENRR, SL.UEM.TOTL.ZS, SI.POV.GINI
[2025-03-07T14:13:47.443+0100] {logging_mixin.py:190} INFO - Completed processing for 2020
[2025-03-07T14:13:47.443+0100] {python.py:240} INFO - Done. Returned value was: /Users/gabi/codes/climate_trace/climate_data_pipeline/data/world_bank/world_bank_indicators_2020.csv
[2025-03-07T14:13:47.452+0100] {taskinstance.py:341} INFO - ::group::Post task execution logs
[2025-03-07T14:13:47.453+0100] {taskinstance.py:353} INFO - Marking task as SUCCESS. dag_id=climate_data_pipeline, task_id=extract_world_bank_data, run_id=scheduled__2025-03-06T00:00:00+00:00, execution_date=20250306T000000, start_date=20250307T131339, end_date=20250307T131347
[2025-03-07T14:13:47.461+0100] {logging_mixin.py:190} INFO - Task instance in success state
[2025-03-07T14:13:47.461+0100] {logging_mixin.py:190} INFO -  Previous state of the Task instance: running
[2025-03-07T14:13:47.462+0100] {logging_mixin.py:190} INFO - Dag name:climate_data_pipeline queued_at:2025-03-07 13:13:37.396667+00:00
[2025-03-07T14:13:47.462+0100] {logging_mixin.py:190} INFO - Task hostname:gabis-imac-pro.local operator:PythonOperator
[2025-03-07T14:13:47.500+0100] {local_task_job_runner.py:266} INFO - Task exited with return code 0
[2025-03-07T14:13:47.508+0100] {taskinstance.py:3901} INFO - 0 downstream tasks scheduled from follow-on schedule check
[2025-03-07T14:13:47.509+0100] {local_task_job_runner.py:245} INFO - ::endgroup::
