[2025-03-07T14:13:00.591+0100] {processor.py:186} INFO - Started process (PID=2889) to work on /usr/local/anaconda3/envs/airflow_env/lib/python3.8/site-packages/airflow/example_dags/example_branch_day_of_week_operator.py
[2025-03-07T14:13:00.594+0100] {processor.py:914} INFO - Processing file /usr/local/anaconda3/envs/airflow_env/lib/python3.8/site-packages/airflow/example_dags/example_branch_day_of_week_operator.py for tasks to queue
[2025-03-07T14:13:00.595+0100] {logging_mixin.py:190} INFO - [2025-03-07T14:13:00.595+0100] {dagbag.py:588} INFO - Filling up the DagBag from /usr/local/anaconda3/envs/airflow_env/lib/python3.8/site-packages/airflow/example_dags/example_branch_day_of_week_operator.py
[2025-03-07T14:13:00.603+0100] {processor.py:925} INFO - DAG(s) 'example_weekday_branch_operator' retrieved from /usr/local/anaconda3/envs/airflow_env/lib/python3.8/site-packages/airflow/example_dags/example_branch_day_of_week_operator.py
[2025-03-07T14:13:00.761+0100] {logging_mixin.py:190} INFO - [2025-03-07T14:13:00.760+0100] {override.py:1901} INFO - Created Permission View: can delete on DAG:example_weekday_branch_operator
[2025-03-07T14:13:00.769+0100] {logging_mixin.py:190} INFO - [2025-03-07T14:13:00.769+0100] {override.py:1901} INFO - Created Permission View: can read on DAG:example_weekday_branch_operator
[2025-03-07T14:13:00.774+0100] {logging_mixin.py:190} INFO - [2025-03-07T14:13:00.774+0100] {override.py:1901} INFO - Created Permission View: can edit on DAG:example_weekday_branch_operator
[2025-03-07T14:13:00.782+0100] {logging_mixin.py:190} INFO - [2025-03-07T14:13:00.782+0100] {override.py:1901} INFO - Created Permission View: can delete on DAG Run:example_weekday_branch_operator
[2025-03-07T14:13:00.788+0100] {logging_mixin.py:190} INFO - [2025-03-07T14:13:00.788+0100] {override.py:1901} INFO - Created Permission View: can read on DAG Run:example_weekday_branch_operator
[2025-03-07T14:13:00.794+0100] {logging_mixin.py:190} INFO - [2025-03-07T14:13:00.794+0100] {override.py:1901} INFO - Created Permission View: can create on DAG Run:example_weekday_branch_operator
[2025-03-07T14:13:00.799+0100] {logging_mixin.py:190} INFO - [2025-03-07T14:13:00.799+0100] {override.py:1901} INFO - Created Permission View: menu access on DAG Run:example_weekday_branch_operator
[2025-03-07T14:13:00.800+0100] {logging_mixin.py:190} INFO - [2025-03-07T14:13:00.800+0100] {dag.py:3239} INFO - Sync 1 DAGs
[2025-03-07T14:13:00.810+0100] {logging_mixin.py:190} INFO - [2025-03-07T14:13:00.810+0100] {dag.py:3262} INFO - Creating ORM DAG for example_weekday_branch_operator
[2025-03-07T14:13:00.820+0100] {logging_mixin.py:190} INFO - [2025-03-07T14:13:00.820+0100] {dag.py:4180} INFO - Setting next_dagrun for example_weekday_branch_operator to 2025-03-06T00:00:00+00:00, run_after=2025-03-07T00:00:00+00:00
[2025-03-07T14:13:00.835+0100] {processor.py:208} INFO - Processing /usr/local/anaconda3/envs/airflow_env/lib/python3.8/site-packages/airflow/example_dags/example_branch_day_of_week_operator.py took 0.247 seconds
[2025-03-07T14:18:04.272+0100] {processor.py:186} INFO - Started process (PID=3418) to work on /usr/local/anaconda3/envs/airflow_env/lib/python3.8/site-packages/airflow/example_dags/example_branch_day_of_week_operator.py
[2025-03-07T14:18:04.275+0100] {processor.py:914} INFO - Processing file /usr/local/anaconda3/envs/airflow_env/lib/python3.8/site-packages/airflow/example_dags/example_branch_day_of_week_operator.py for tasks to queue
[2025-03-07T14:18:04.276+0100] {logging_mixin.py:190} INFO - [2025-03-07T14:18:04.276+0100] {dagbag.py:588} INFO - Filling up the DagBag from /usr/local/anaconda3/envs/airflow_env/lib/python3.8/site-packages/airflow/example_dags/example_branch_day_of_week_operator.py
[2025-03-07T14:18:04.283+0100] {processor.py:925} INFO - DAG(s) 'example_weekday_branch_operator' retrieved from /usr/local/anaconda3/envs/airflow_env/lib/python3.8/site-packages/airflow/example_dags/example_branch_day_of_week_operator.py
[2025-03-07T14:18:04.353+0100] {logging_mixin.py:190} INFO - [2025-03-07T14:18:04.353+0100] {dag.py:3239} INFO - Sync 1 DAGs
[2025-03-07T14:18:04.365+0100] {logging_mixin.py:190} INFO - [2025-03-07T14:18:04.365+0100] {dag.py:4180} INFO - Setting next_dagrun for example_weekday_branch_operator to 2025-03-06T00:00:00+00:00, run_after=2025-03-07T00:00:00+00:00
[2025-03-07T14:18:04.377+0100] {processor.py:208} INFO - Processing /usr/local/anaconda3/envs/airflow_env/lib/python3.8/site-packages/airflow/example_dags/example_branch_day_of_week_operator.py took 0.108 seconds
[2025-03-07T14:22:35.639+0100] {processor.py:186} INFO - Started process (PID=3936) to work on /usr/local/anaconda3/envs/airflow_env/lib/python3.8/site-packages/airflow/example_dags/example_branch_day_of_week_operator.py
[2025-03-07T14:22:35.643+0100] {processor.py:914} INFO - Processing file /usr/local/anaconda3/envs/airflow_env/lib/python3.8/site-packages/airflow/example_dags/example_branch_day_of_week_operator.py for tasks to queue
[2025-03-07T14:22:35.643+0100] {logging_mixin.py:190} INFO - [2025-03-07T14:22:35.643+0100] {dagbag.py:588} INFO - Filling up the DagBag from /usr/local/anaconda3/envs/airflow_env/lib/python3.8/site-packages/airflow/example_dags/example_branch_day_of_week_operator.py
[2025-03-07T14:22:35.651+0100] {processor.py:925} INFO - DAG(s) 'example_weekday_branch_operator' retrieved from /usr/local/anaconda3/envs/airflow_env/lib/python3.8/site-packages/airflow/example_dags/example_branch_day_of_week_operator.py
[2025-03-07T14:22:35.724+0100] {logging_mixin.py:190} INFO - [2025-03-07T14:22:35.724+0100] {dag.py:3239} INFO - Sync 1 DAGs
[2025-03-07T14:22:35.738+0100] {logging_mixin.py:190} INFO - [2025-03-07T14:22:35.738+0100] {dag.py:4180} INFO - Setting next_dagrun for example_weekday_branch_operator to 2025-03-06T00:00:00+00:00, run_after=2025-03-07T00:00:00+00:00
[2025-03-07T14:22:35.750+0100] {processor.py:208} INFO - Processing /usr/local/anaconda3/envs/airflow_env/lib/python3.8/site-packages/airflow/example_dags/example_branch_day_of_week_operator.py took 0.114 seconds
[2025-03-07T14:45:51.119+0100] {processor.py:186} INFO - Started process (PID=5049) to work on /usr/local/anaconda3/envs/airflow_env/lib/python3.8/site-packages/airflow/example_dags/example_branch_day_of_week_operator.py
[2025-03-07T14:45:51.122+0100] {processor.py:914} INFO - Processing file /usr/local/anaconda3/envs/airflow_env/lib/python3.8/site-packages/airflow/example_dags/example_branch_day_of_week_operator.py for tasks to queue
[2025-03-07T14:45:51.123+0100] {logging_mixin.py:190} INFO - [2025-03-07T14:45:51.123+0100] {dagbag.py:588} INFO - Filling up the DagBag from /usr/local/anaconda3/envs/airflow_env/lib/python3.8/site-packages/airflow/example_dags/example_branch_day_of_week_operator.py
[2025-03-07T14:45:51.131+0100] {processor.py:925} INFO - DAG(s) 'example_weekday_branch_operator' retrieved from /usr/local/anaconda3/envs/airflow_env/lib/python3.8/site-packages/airflow/example_dags/example_branch_day_of_week_operator.py
[2025-03-07T14:45:51.202+0100] {logging_mixin.py:190} INFO - [2025-03-07T14:45:51.202+0100] {dag.py:3239} INFO - Sync 1 DAGs
[2025-03-07T14:45:51.214+0100] {logging_mixin.py:190} INFO - [2025-03-07T14:45:51.214+0100] {dag.py:4180} INFO - Setting next_dagrun for example_weekday_branch_operator to 2025-03-06T00:00:00+00:00, run_after=2025-03-07T00:00:00+00:00
[2025-03-07T14:45:51.226+0100] {processor.py:208} INFO - Processing /usr/local/anaconda3/envs/airflow_env/lib/python3.8/site-packages/airflow/example_dags/example_branch_day_of_week_operator.py took 0.109 seconds
[2025-03-07T14:55:14.633+0100] {processor.py:186} INFO - Started process (PID=6206) to work on /usr/local/anaconda3/envs/airflow_env/lib/python3.8/site-packages/airflow/example_dags/example_branch_day_of_week_operator.py
[2025-03-07T14:55:14.637+0100] {processor.py:914} INFO - Processing file /usr/local/anaconda3/envs/airflow_env/lib/python3.8/site-packages/airflow/example_dags/example_branch_day_of_week_operator.py for tasks to queue
[2025-03-07T14:55:14.637+0100] {logging_mixin.py:190} INFO - [2025-03-07T14:55:14.637+0100] {dagbag.py:588} INFO - Filling up the DagBag from /usr/local/anaconda3/envs/airflow_env/lib/python3.8/site-packages/airflow/example_dags/example_branch_day_of_week_operator.py
[2025-03-07T14:55:14.646+0100] {processor.py:925} INFO - DAG(s) 'example_weekday_branch_operator' retrieved from /usr/local/anaconda3/envs/airflow_env/lib/python3.8/site-packages/airflow/example_dags/example_branch_day_of_week_operator.py
[2025-03-07T14:55:14.720+0100] {logging_mixin.py:190} INFO - [2025-03-07T14:55:14.720+0100] {dag.py:3239} INFO - Sync 1 DAGs
[2025-03-07T14:55:14.733+0100] {logging_mixin.py:190} INFO - [2025-03-07T14:55:14.733+0100] {dag.py:4180} INFO - Setting next_dagrun for example_weekday_branch_operator to 2025-03-06T00:00:00+00:00, run_after=2025-03-07T00:00:00+00:00
[2025-03-07T14:55:14.746+0100] {processor.py:208} INFO - Processing /usr/local/anaconda3/envs/airflow_env/lib/python3.8/site-packages/airflow/example_dags/example_branch_day_of_week_operator.py took 0.115 seconds
[2025-03-07T14:59:37.625+0100] {processor.py:186} INFO - Started process (PID=6757) to work on /usr/local/anaconda3/envs/airflow_env/lib/python3.8/site-packages/airflow/example_dags/example_branch_day_of_week_operator.py
[2025-03-07T14:59:37.628+0100] {processor.py:914} INFO - Processing file /usr/local/anaconda3/envs/airflow_env/lib/python3.8/site-packages/airflow/example_dags/example_branch_day_of_week_operator.py for tasks to queue
[2025-03-07T14:59:37.629+0100] {logging_mixin.py:190} INFO - [2025-03-07T14:59:37.628+0100] {dagbag.py:588} INFO - Filling up the DagBag from /usr/local/anaconda3/envs/airflow_env/lib/python3.8/site-packages/airflow/example_dags/example_branch_day_of_week_operator.py
[2025-03-07T14:59:37.637+0100] {processor.py:925} INFO - DAG(s) 'example_weekday_branch_operator' retrieved from /usr/local/anaconda3/envs/airflow_env/lib/python3.8/site-packages/airflow/example_dags/example_branch_day_of_week_operator.py
[2025-03-07T14:59:37.706+0100] {logging_mixin.py:190} INFO - [2025-03-07T14:59:37.705+0100] {dag.py:3239} INFO - Sync 1 DAGs
[2025-03-07T14:59:37.717+0100] {logging_mixin.py:190} INFO - [2025-03-07T14:59:37.717+0100] {dag.py:4180} INFO - Setting next_dagrun for example_weekday_branch_operator to 2025-03-06T00:00:00+00:00, run_after=2025-03-07T00:00:00+00:00
[2025-03-07T14:59:37.729+0100] {processor.py:208} INFO - Processing /usr/local/anaconda3/envs/airflow_env/lib/python3.8/site-packages/airflow/example_dags/example_branch_day_of_week_operator.py took 0.107 seconds
[2025-03-07T15:04:24.198+0100] {processor.py:186} INFO - Started process (PID=7231) to work on /usr/local/anaconda3/envs/airflow_env/lib/python3.8/site-packages/airflow/example_dags/example_branch_day_of_week_operator.py
[2025-03-07T15:04:24.201+0100] {processor.py:914} INFO - Processing file /usr/local/anaconda3/envs/airflow_env/lib/python3.8/site-packages/airflow/example_dags/example_branch_day_of_week_operator.py for tasks to queue
[2025-03-07T15:04:24.202+0100] {logging_mixin.py:190} INFO - [2025-03-07T15:04:24.202+0100] {dagbag.py:588} INFO - Filling up the DagBag from /usr/local/anaconda3/envs/airflow_env/lib/python3.8/site-packages/airflow/example_dags/example_branch_day_of_week_operator.py
[2025-03-07T15:04:24.210+0100] {processor.py:925} INFO - DAG(s) 'example_weekday_branch_operator' retrieved from /usr/local/anaconda3/envs/airflow_env/lib/python3.8/site-packages/airflow/example_dags/example_branch_day_of_week_operator.py
[2025-03-07T15:04:24.279+0100] {logging_mixin.py:190} INFO - [2025-03-07T15:04:24.279+0100] {dag.py:3239} INFO - Sync 1 DAGs
[2025-03-07T15:04:24.291+0100] {logging_mixin.py:190} INFO - [2025-03-07T15:04:24.291+0100] {dag.py:4180} INFO - Setting next_dagrun for example_weekday_branch_operator to 2025-03-06T00:00:00+00:00, run_after=2025-03-07T00:00:00+00:00
[2025-03-07T15:04:24.303+0100] {processor.py:208} INFO - Processing /usr/local/anaconda3/envs/airflow_env/lib/python3.8/site-packages/airflow/example_dags/example_branch_day_of_week_operator.py took 0.108 seconds
[2025-03-07T15:09:15.511+0100] {processor.py:186} INFO - Started process (PID=7762) to work on /usr/local/anaconda3/envs/airflow_env/lib/python3.8/site-packages/airflow/example_dags/example_branch_day_of_week_operator.py
[2025-03-07T15:09:15.514+0100] {processor.py:914} INFO - Processing file /usr/local/anaconda3/envs/airflow_env/lib/python3.8/site-packages/airflow/example_dags/example_branch_day_of_week_operator.py for tasks to queue
[2025-03-07T15:09:15.515+0100] {logging_mixin.py:190} INFO - [2025-03-07T15:09:15.515+0100] {dagbag.py:588} INFO - Filling up the DagBag from /usr/local/anaconda3/envs/airflow_env/lib/python3.8/site-packages/airflow/example_dags/example_branch_day_of_week_operator.py
[2025-03-07T15:09:15.523+0100] {processor.py:925} INFO - DAG(s) 'example_weekday_branch_operator' retrieved from /usr/local/anaconda3/envs/airflow_env/lib/python3.8/site-packages/airflow/example_dags/example_branch_day_of_week_operator.py
[2025-03-07T15:09:15.606+0100] {logging_mixin.py:190} INFO - [2025-03-07T15:09:15.606+0100] {dag.py:3239} INFO - Sync 1 DAGs
[2025-03-07T15:09:15.620+0100] {logging_mixin.py:190} INFO - [2025-03-07T15:09:15.620+0100] {dag.py:4180} INFO - Setting next_dagrun for example_weekday_branch_operator to 2025-03-06T00:00:00+00:00, run_after=2025-03-07T00:00:00+00:00
[2025-03-07T15:09:15.632+0100] {processor.py:208} INFO - Processing /usr/local/anaconda3/envs/airflow_env/lib/python3.8/site-packages/airflow/example_dags/example_branch_day_of_week_operator.py took 0.125 seconds
[2025-03-07T15:14:54.873+0100] {processor.py:186} INFO - Started process (PID=8424) to work on /usr/local/anaconda3/envs/airflow_env/lib/python3.8/site-packages/airflow/example_dags/example_branch_day_of_week_operator.py
[2025-03-07T15:14:54.876+0100] {processor.py:914} INFO - Processing file /usr/local/anaconda3/envs/airflow_env/lib/python3.8/site-packages/airflow/example_dags/example_branch_day_of_week_operator.py for tasks to queue
[2025-03-07T15:14:54.877+0100] {logging_mixin.py:190} INFO - [2025-03-07T15:14:54.877+0100] {dagbag.py:588} INFO - Filling up the DagBag from /usr/local/anaconda3/envs/airflow_env/lib/python3.8/site-packages/airflow/example_dags/example_branch_day_of_week_operator.py
[2025-03-07T15:14:54.885+0100] {processor.py:925} INFO - DAG(s) 'example_weekday_branch_operator' retrieved from /usr/local/anaconda3/envs/airflow_env/lib/python3.8/site-packages/airflow/example_dags/example_branch_day_of_week_operator.py
[2025-03-07T15:14:54.956+0100] {logging_mixin.py:190} INFO - [2025-03-07T15:14:54.956+0100] {dag.py:3239} INFO - Sync 1 DAGs
[2025-03-07T15:14:54.968+0100] {logging_mixin.py:190} INFO - [2025-03-07T15:14:54.968+0100] {dag.py:4180} INFO - Setting next_dagrun for example_weekday_branch_operator to 2025-03-06T00:00:00+00:00, run_after=2025-03-07T00:00:00+00:00
[2025-03-07T15:14:54.980+0100] {processor.py:208} INFO - Processing /usr/local/anaconda3/envs/airflow_env/lib/python3.8/site-packages/airflow/example_dags/example_branch_day_of_week_operator.py took 0.109 seconds
