[2025-03-07T14:11:58.046+0100] {processor.py:186} INFO - Started process (PID=2796) to work on /usr/local/anaconda3/envs/airflow_env/lib/python3.8/site-packages/airflow/example_dags/example_params_ui_tutorial.py
[2025-03-07T14:11:58.049+0100] {processor.py:914} INFO - Processing file /usr/local/anaconda3/envs/airflow_env/lib/python3.8/site-packages/airflow/example_dags/example_params_ui_tutorial.py for tasks to queue
[2025-03-07T14:11:58.050+0100] {logging_mixin.py:190} INFO - [2025-03-07T14:11:58.050+0100] {dagbag.py:588} INFO - Filling up the DagBag from /usr/local/anaconda3/envs/airflow_env/lib/python3.8/site-packages/airflow/example_dags/example_params_ui_tutorial.py
[2025-03-07T14:11:58.075+0100] {processor.py:925} INFO - DAG(s) 'example_params_ui_tutorial' retrieved from /usr/local/anaconda3/envs/airflow_env/lib/python3.8/site-packages/airflow/example_dags/example_params_ui_tutorial.py
[2025-03-07T14:11:58.222+0100] {logging_mixin.py:190} INFO - [2025-03-07T14:11:58.221+0100] {override.py:1901} INFO - Created Permission View: can delete on DAG:example_params_ui_tutorial
[2025-03-07T14:11:58.227+0100] {logging_mixin.py:190} INFO - [2025-03-07T14:11:58.227+0100] {override.py:1901} INFO - Created Permission View: can edit on DAG:example_params_ui_tutorial
[2025-03-07T14:11:58.232+0100] {logging_mixin.py:190} INFO - [2025-03-07T14:11:58.232+0100] {override.py:1901} INFO - Created Permission View: can read on DAG:example_params_ui_tutorial
[2025-03-07T14:11:58.237+0100] {logging_mixin.py:190} INFO - [2025-03-07T14:11:58.236+0100] {override.py:1901} INFO - Created Permission View: can delete on DAG Run:example_params_ui_tutorial
[2025-03-07T14:11:58.240+0100] {logging_mixin.py:190} INFO - [2025-03-07T14:11:58.240+0100] {override.py:1901} INFO - Created Permission View: can create on DAG Run:example_params_ui_tutorial
[2025-03-07T14:11:58.244+0100] {logging_mixin.py:190} INFO - [2025-03-07T14:11:58.244+0100] {override.py:1901} INFO - Created Permission View: can read on DAG Run:example_params_ui_tutorial
[2025-03-07T14:11:58.248+0100] {logging_mixin.py:190} INFO - [2025-03-07T14:11:58.248+0100] {override.py:1901} INFO - Created Permission View: menu access on DAG Run:example_params_ui_tutorial
[2025-03-07T14:11:58.249+0100] {logging_mixin.py:190} INFO - [2025-03-07T14:11:58.248+0100] {dag.py:3239} INFO - Sync 1 DAGs
[2025-03-07T14:11:58.258+0100] {logging_mixin.py:190} INFO - [2025-03-07T14:11:58.257+0100] {dag.py:3262} INFO - Creating ORM DAG for example_params_ui_tutorial
[2025-03-07T14:11:58.258+0100] {logging_mixin.py:190} INFO - [2025-03-07T14:11:58.258+0100] {dag.py:4180} INFO - Setting next_dagrun for example_params_ui_tutorial to None, run_after=None
[2025-03-07T14:11:58.269+0100] {processor.py:208} INFO - Processing /usr/local/anaconda3/envs/airflow_env/lib/python3.8/site-packages/airflow/example_dags/example_params_ui_tutorial.py took 0.226 seconds
[2025-03-07T14:15:23.899+0100] {processor.py:186} INFO - Started process (PID=3117) to work on /usr/local/anaconda3/envs/airflow_env/lib/python3.8/site-packages/airflow/example_dags/example_params_ui_tutorial.py
[2025-03-07T14:15:23.902+0100] {processor.py:914} INFO - Processing file /usr/local/anaconda3/envs/airflow_env/lib/python3.8/site-packages/airflow/example_dags/example_params_ui_tutorial.py for tasks to queue
[2025-03-07T14:15:23.903+0100] {logging_mixin.py:190} INFO - [2025-03-07T14:15:23.902+0100] {dagbag.py:588} INFO - Filling up the DagBag from /usr/local/anaconda3/envs/airflow_env/lib/python3.8/site-packages/airflow/example_dags/example_params_ui_tutorial.py
[2025-03-07T14:15:23.927+0100] {processor.py:925} INFO - DAG(s) 'example_params_ui_tutorial' retrieved from /usr/local/anaconda3/envs/airflow_env/lib/python3.8/site-packages/airflow/example_dags/example_params_ui_tutorial.py
[2025-03-07T14:15:24.016+0100] {logging_mixin.py:190} INFO - [2025-03-07T14:15:24.015+0100] {dag.py:3239} INFO - Sync 1 DAGs
[2025-03-07T14:15:24.023+0100] {logging_mixin.py:190} INFO - [2025-03-07T14:15:24.023+0100] {dag.py:4180} INFO - Setting next_dagrun for example_params_ui_tutorial to None, run_after=None
[2025-03-07T14:15:24.035+0100] {processor.py:208} INFO - Processing /usr/local/anaconda3/envs/airflow_env/lib/python3.8/site-packages/airflow/example_dags/example_params_ui_tutorial.py took 0.139 seconds
[2025-03-07T14:17:34.183+0100] {processor.py:186} INFO - Started process (PID=3379) to work on /usr/local/anaconda3/envs/airflow_env/lib/python3.8/site-packages/airflow/example_dags/example_params_ui_tutorial.py
[2025-03-07T14:17:34.186+0100] {processor.py:914} INFO - Processing file /usr/local/anaconda3/envs/airflow_env/lib/python3.8/site-packages/airflow/example_dags/example_params_ui_tutorial.py for tasks to queue
[2025-03-07T14:17:34.187+0100] {logging_mixin.py:190} INFO - [2025-03-07T14:17:34.187+0100] {dagbag.py:588} INFO - Filling up the DagBag from /usr/local/anaconda3/envs/airflow_env/lib/python3.8/site-packages/airflow/example_dags/example_params_ui_tutorial.py
[2025-03-07T14:17:34.212+0100] {processor.py:925} INFO - DAG(s) 'example_params_ui_tutorial' retrieved from /usr/local/anaconda3/envs/airflow_env/lib/python3.8/site-packages/airflow/example_dags/example_params_ui_tutorial.py
[2025-03-07T14:17:34.302+0100] {logging_mixin.py:190} INFO - [2025-03-07T14:17:34.302+0100] {dag.py:3239} INFO - Sync 1 DAGs
[2025-03-07T14:17:34.310+0100] {logging_mixin.py:190} INFO - [2025-03-07T14:17:34.309+0100] {dag.py:4180} INFO - Setting next_dagrun for example_params_ui_tutorial to None, run_after=None
[2025-03-07T14:17:34.322+0100] {processor.py:208} INFO - Processing /usr/local/anaconda3/envs/airflow_env/lib/python3.8/site-packages/airflow/example_dags/example_params_ui_tutorial.py took 0.142 seconds
[2025-03-07T14:19:50.210+0100] {processor.py:186} INFO - Started process (PID=3623) to work on /usr/local/anaconda3/envs/airflow_env/lib/python3.8/site-packages/airflow/example_dags/example_params_ui_tutorial.py
[2025-03-07T14:19:50.213+0100] {processor.py:914} INFO - Processing file /usr/local/anaconda3/envs/airflow_env/lib/python3.8/site-packages/airflow/example_dags/example_params_ui_tutorial.py for tasks to queue
[2025-03-07T14:19:50.214+0100] {logging_mixin.py:190} INFO - [2025-03-07T14:19:50.214+0100] {dagbag.py:588} INFO - Filling up the DagBag from /usr/local/anaconda3/envs/airflow_env/lib/python3.8/site-packages/airflow/example_dags/example_params_ui_tutorial.py
[2025-03-07T14:19:50.239+0100] {processor.py:925} INFO - DAG(s) 'example_params_ui_tutorial' retrieved from /usr/local/anaconda3/envs/airflow_env/lib/python3.8/site-packages/airflow/example_dags/example_params_ui_tutorial.py
[2025-03-07T14:19:50.332+0100] {logging_mixin.py:190} INFO - [2025-03-07T14:19:50.332+0100] {dag.py:3239} INFO - Sync 1 DAGs
[2025-03-07T14:19:50.340+0100] {logging_mixin.py:190} INFO - [2025-03-07T14:19:50.340+0100] {dag.py:4180} INFO - Setting next_dagrun for example_params_ui_tutorial to None, run_after=None
[2025-03-07T14:19:50.353+0100] {processor.py:208} INFO - Processing /usr/local/anaconda3/envs/airflow_env/lib/python3.8/site-packages/airflow/example_dags/example_params_ui_tutorial.py took 0.146 seconds
[2025-03-07T14:22:08.120+0100] {processor.py:186} INFO - Started process (PID=3880) to work on /usr/local/anaconda3/envs/airflow_env/lib/python3.8/site-packages/airflow/example_dags/example_params_ui_tutorial.py
[2025-03-07T14:22:08.124+0100] {processor.py:914} INFO - Processing file /usr/local/anaconda3/envs/airflow_env/lib/python3.8/site-packages/airflow/example_dags/example_params_ui_tutorial.py for tasks to queue
[2025-03-07T14:22:08.125+0100] {logging_mixin.py:190} INFO - [2025-03-07T14:22:08.125+0100] {dagbag.py:588} INFO - Filling up the DagBag from /usr/local/anaconda3/envs/airflow_env/lib/python3.8/site-packages/airflow/example_dags/example_params_ui_tutorial.py
[2025-03-07T14:22:08.150+0100] {processor.py:925} INFO - DAG(s) 'example_params_ui_tutorial' retrieved from /usr/local/anaconda3/envs/airflow_env/lib/python3.8/site-packages/airflow/example_dags/example_params_ui_tutorial.py
[2025-03-07T14:22:08.242+0100] {logging_mixin.py:190} INFO - [2025-03-07T14:22:08.242+0100] {dag.py:3239} INFO - Sync 1 DAGs
[2025-03-07T14:22:08.250+0100] {logging_mixin.py:190} INFO - [2025-03-07T14:22:08.250+0100] {dag.py:4180} INFO - Setting next_dagrun for example_params_ui_tutorial to None, run_after=None
[2025-03-07T14:22:08.262+0100] {processor.py:208} INFO - Processing /usr/local/anaconda3/envs/airflow_env/lib/python3.8/site-packages/airflow/example_dags/example_params_ui_tutorial.py took 0.146 seconds
[2025-03-07T14:24:30.504+0100] {processor.py:186} INFO - Started process (PID=4132) to work on /usr/local/anaconda3/envs/airflow_env/lib/python3.8/site-packages/airflow/example_dags/example_params_ui_tutorial.py
[2025-03-07T14:24:30.509+0100] {processor.py:914} INFO - Processing file /usr/local/anaconda3/envs/airflow_env/lib/python3.8/site-packages/airflow/example_dags/example_params_ui_tutorial.py for tasks to queue
[2025-03-07T14:24:30.511+0100] {logging_mixin.py:190} INFO - [2025-03-07T14:24:30.510+0100] {dagbag.py:588} INFO - Filling up the DagBag from /usr/local/anaconda3/envs/airflow_env/lib/python3.8/site-packages/airflow/example_dags/example_params_ui_tutorial.py
[2025-03-07T14:24:30.546+0100] {processor.py:925} INFO - DAG(s) 'example_params_ui_tutorial' retrieved from /usr/local/anaconda3/envs/airflow_env/lib/python3.8/site-packages/airflow/example_dags/example_params_ui_tutorial.py
[2025-03-07T14:24:30.650+0100] {logging_mixin.py:190} INFO - [2025-03-07T14:24:30.650+0100] {dag.py:3239} INFO - Sync 1 DAGs
[2025-03-07T14:24:30.658+0100] {logging_mixin.py:190} INFO - [2025-03-07T14:24:30.658+0100] {dag.py:4180} INFO - Setting next_dagrun for example_params_ui_tutorial to None, run_after=None
[2025-03-07T14:24:30.673+0100] {processor.py:208} INFO - Processing /usr/local/anaconda3/envs/airflow_env/lib/python3.8/site-packages/airflow/example_dags/example_params_ui_tutorial.py took 0.172 seconds
[2025-03-07T14:44:51.968+0100] {processor.py:186} INFO - Started process (PID=4978) to work on /usr/local/anaconda3/envs/airflow_env/lib/python3.8/site-packages/airflow/example_dags/example_params_ui_tutorial.py
[2025-03-07T14:44:51.971+0100] {processor.py:914} INFO - Processing file /usr/local/anaconda3/envs/airflow_env/lib/python3.8/site-packages/airflow/example_dags/example_params_ui_tutorial.py for tasks to queue
[2025-03-07T14:44:51.972+0100] {logging_mixin.py:190} INFO - [2025-03-07T14:44:51.972+0100] {dagbag.py:588} INFO - Filling up the DagBag from /usr/local/anaconda3/envs/airflow_env/lib/python3.8/site-packages/airflow/example_dags/example_params_ui_tutorial.py
[2025-03-07T14:44:51.998+0100] {processor.py:925} INFO - DAG(s) 'example_params_ui_tutorial' retrieved from /usr/local/anaconda3/envs/airflow_env/lib/python3.8/site-packages/airflow/example_dags/example_params_ui_tutorial.py
[2025-03-07T14:44:52.087+0100] {logging_mixin.py:190} INFO - [2025-03-07T14:44:52.087+0100] {dag.py:3239} INFO - Sync 1 DAGs
[2025-03-07T14:44:52.095+0100] {logging_mixin.py:190} INFO - [2025-03-07T14:44:52.095+0100] {dag.py:4180} INFO - Setting next_dagrun for example_params_ui_tutorial to None, run_after=None
[2025-03-07T14:44:52.107+0100] {processor.py:208} INFO - Processing /usr/local/anaconda3/envs/airflow_env/lib/python3.8/site-packages/airflow/example_dags/example_params_ui_tutorial.py took 0.142 seconds
[2025-03-07T14:47:42.452+0100] {processor.py:186} INFO - Started process (PID=5240) to work on /usr/local/anaconda3/envs/airflow_env/lib/python3.8/site-packages/airflow/example_dags/example_params_ui_tutorial.py
[2025-03-07T14:47:42.455+0100] {processor.py:914} INFO - Processing file /usr/local/anaconda3/envs/airflow_env/lib/python3.8/site-packages/airflow/example_dags/example_params_ui_tutorial.py for tasks to queue
[2025-03-07T14:47:42.456+0100] {logging_mixin.py:190} INFO - [2025-03-07T14:47:42.455+0100] {dagbag.py:588} INFO - Filling up the DagBag from /usr/local/anaconda3/envs/airflow_env/lib/python3.8/site-packages/airflow/example_dags/example_params_ui_tutorial.py
[2025-03-07T14:47:42.481+0100] {processor.py:925} INFO - DAG(s) 'example_params_ui_tutorial' retrieved from /usr/local/anaconda3/envs/airflow_env/lib/python3.8/site-packages/airflow/example_dags/example_params_ui_tutorial.py
[2025-03-07T14:47:42.574+0100] {logging_mixin.py:190} INFO - [2025-03-07T14:47:42.573+0100] {dag.py:3239} INFO - Sync 1 DAGs
[2025-03-07T14:47:42.582+0100] {logging_mixin.py:190} INFO - [2025-03-07T14:47:42.582+0100] {dag.py:4180} INFO - Setting next_dagrun for example_params_ui_tutorial to None, run_after=None
[2025-03-07T14:47:42.594+0100] {processor.py:208} INFO - Processing /usr/local/anaconda3/envs/airflow_env/lib/python3.8/site-packages/airflow/example_dags/example_params_ui_tutorial.py took 0.145 seconds
[2025-03-07T14:50:46.206+0100] {processor.py:186} INFO - Started process (PID=5652) to work on /usr/local/anaconda3/envs/airflow_env/lib/python3.8/site-packages/airflow/example_dags/example_params_ui_tutorial.py
[2025-03-07T14:50:46.209+0100] {processor.py:914} INFO - Processing file /usr/local/anaconda3/envs/airflow_env/lib/python3.8/site-packages/airflow/example_dags/example_params_ui_tutorial.py for tasks to queue
[2025-03-07T14:50:46.210+0100] {logging_mixin.py:190} INFO - [2025-03-07T14:50:46.210+0100] {dagbag.py:588} INFO - Filling up the DagBag from /usr/local/anaconda3/envs/airflow_env/lib/python3.8/site-packages/airflow/example_dags/example_params_ui_tutorial.py
[2025-03-07T14:50:46.235+0100] {processor.py:925} INFO - DAG(s) 'example_params_ui_tutorial' retrieved from /usr/local/anaconda3/envs/airflow_env/lib/python3.8/site-packages/airflow/example_dags/example_params_ui_tutorial.py
[2025-03-07T14:50:46.325+0100] {logging_mixin.py:190} INFO - [2025-03-07T14:50:46.325+0100] {dag.py:3239} INFO - Sync 1 DAGs
[2025-03-07T14:50:46.333+0100] {logging_mixin.py:190} INFO - [2025-03-07T14:50:46.333+0100] {dag.py:4180} INFO - Setting next_dagrun for example_params_ui_tutorial to None, run_after=None
[2025-03-07T14:50:46.345+0100] {processor.py:208} INFO - Processing /usr/local/anaconda3/envs/airflow_env/lib/python3.8/site-packages/airflow/example_dags/example_params_ui_tutorial.py took 0.143 seconds
[2025-03-07T14:54:16.090+0100] {processor.py:186} INFO - Started process (PID=6089) to work on /usr/local/anaconda3/envs/airflow_env/lib/python3.8/site-packages/airflow/example_dags/example_params_ui_tutorial.py
[2025-03-07T14:54:16.093+0100] {processor.py:914} INFO - Processing file /usr/local/anaconda3/envs/airflow_env/lib/python3.8/site-packages/airflow/example_dags/example_params_ui_tutorial.py for tasks to queue
[2025-03-07T14:54:16.093+0100] {logging_mixin.py:190} INFO - [2025-03-07T14:54:16.093+0100] {dagbag.py:588} INFO - Filling up the DagBag from /usr/local/anaconda3/envs/airflow_env/lib/python3.8/site-packages/airflow/example_dags/example_params_ui_tutorial.py
[2025-03-07T14:54:16.118+0100] {processor.py:925} INFO - DAG(s) 'example_params_ui_tutorial' retrieved from /usr/local/anaconda3/envs/airflow_env/lib/python3.8/site-packages/airflow/example_dags/example_params_ui_tutorial.py
[2025-03-07T14:54:16.206+0100] {logging_mixin.py:190} INFO - [2025-03-07T14:54:16.205+0100] {dag.py:3239} INFO - Sync 1 DAGs
[2025-03-07T14:54:16.213+0100] {logging_mixin.py:190} INFO - [2025-03-07T14:54:16.213+0100] {dag.py:4180} INFO - Setting next_dagrun for example_params_ui_tutorial to None, run_after=None
[2025-03-07T14:54:16.224+0100] {processor.py:208} INFO - Processing /usr/local/anaconda3/envs/airflow_env/lib/python3.8/site-packages/airflow/example_dags/example_params_ui_tutorial.py took 0.138 seconds
[2025-03-07T14:56:58.252+0100] {processor.py:186} INFO - Started process (PID=6411) to work on /usr/local/anaconda3/envs/airflow_env/lib/python3.8/site-packages/airflow/example_dags/example_params_ui_tutorial.py
[2025-03-07T14:56:58.255+0100] {processor.py:914} INFO - Processing file /usr/local/anaconda3/envs/airflow_env/lib/python3.8/site-packages/airflow/example_dags/example_params_ui_tutorial.py for tasks to queue
[2025-03-07T14:56:58.256+0100] {logging_mixin.py:190} INFO - [2025-03-07T14:56:58.256+0100] {dagbag.py:588} INFO - Filling up the DagBag from /usr/local/anaconda3/envs/airflow_env/lib/python3.8/site-packages/airflow/example_dags/example_params_ui_tutorial.py
[2025-03-07T14:56:58.284+0100] {processor.py:925} INFO - DAG(s) 'example_params_ui_tutorial' retrieved from /usr/local/anaconda3/envs/airflow_env/lib/python3.8/site-packages/airflow/example_dags/example_params_ui_tutorial.py
[2025-03-07T14:56:58.378+0100] {logging_mixin.py:190} INFO - [2025-03-07T14:56:58.377+0100] {dag.py:3239} INFO - Sync 1 DAGs
[2025-03-07T14:56:58.387+0100] {logging_mixin.py:190} INFO - [2025-03-07T14:56:58.386+0100] {dag.py:4180} INFO - Setting next_dagrun for example_params_ui_tutorial to None, run_after=None
[2025-03-07T14:56:58.400+0100] {processor.py:208} INFO - Processing /usr/local/anaconda3/envs/airflow_env/lib/python3.8/site-packages/airflow/example_dags/example_params_ui_tutorial.py took 0.151 seconds
[2025-03-07T14:59:09.560+0100] {processor.py:186} INFO - Started process (PID=6684) to work on /usr/local/anaconda3/envs/airflow_env/lib/python3.8/site-packages/airflow/example_dags/example_params_ui_tutorial.py
[2025-03-07T14:59:09.563+0100] {processor.py:914} INFO - Processing file /usr/local/anaconda3/envs/airflow_env/lib/python3.8/site-packages/airflow/example_dags/example_params_ui_tutorial.py for tasks to queue
[2025-03-07T14:59:09.564+0100] {logging_mixin.py:190} INFO - [2025-03-07T14:59:09.564+0100] {dagbag.py:588} INFO - Filling up the DagBag from /usr/local/anaconda3/envs/airflow_env/lib/python3.8/site-packages/airflow/example_dags/example_params_ui_tutorial.py
[2025-03-07T14:59:09.589+0100] {processor.py:925} INFO - DAG(s) 'example_params_ui_tutorial' retrieved from /usr/local/anaconda3/envs/airflow_env/lib/python3.8/site-packages/airflow/example_dags/example_params_ui_tutorial.py
[2025-03-07T14:59:09.679+0100] {logging_mixin.py:190} INFO - [2025-03-07T14:59:09.678+0100] {dag.py:3239} INFO - Sync 1 DAGs
[2025-03-07T14:59:09.687+0100] {logging_mixin.py:190} INFO - [2025-03-07T14:59:09.686+0100] {dag.py:4180} INFO - Setting next_dagrun for example_params_ui_tutorial to None, run_after=None
[2025-03-07T14:59:09.699+0100] {processor.py:208} INFO - Processing /usr/local/anaconda3/envs/airflow_env/lib/python3.8/site-packages/airflow/example_dags/example_params_ui_tutorial.py took 0.142 seconds
[2025-03-07T15:01:35.744+0100] {processor.py:186} INFO - Started process (PID=6968) to work on /usr/local/anaconda3/envs/airflow_env/lib/python3.8/site-packages/airflow/example_dags/example_params_ui_tutorial.py
[2025-03-07T15:01:35.747+0100] {processor.py:914} INFO - Processing file /usr/local/anaconda3/envs/airflow_env/lib/python3.8/site-packages/airflow/example_dags/example_params_ui_tutorial.py for tasks to queue
[2025-03-07T15:01:35.748+0100] {logging_mixin.py:190} INFO - [2025-03-07T15:01:35.748+0100] {dagbag.py:588} INFO - Filling up the DagBag from /usr/local/anaconda3/envs/airflow_env/lib/python3.8/site-packages/airflow/example_dags/example_params_ui_tutorial.py
[2025-03-07T15:01:35.774+0100] {processor.py:925} INFO - DAG(s) 'example_params_ui_tutorial' retrieved from /usr/local/anaconda3/envs/airflow_env/lib/python3.8/site-packages/airflow/example_dags/example_params_ui_tutorial.py
[2025-03-07T15:01:35.865+0100] {logging_mixin.py:190} INFO - [2025-03-07T15:01:35.865+0100] {dag.py:3239} INFO - Sync 1 DAGs
[2025-03-07T15:01:35.874+0100] {logging_mixin.py:190} INFO - [2025-03-07T15:01:35.873+0100] {dag.py:4180} INFO - Setting next_dagrun for example_params_ui_tutorial to None, run_after=None
[2025-03-07T15:01:35.886+0100] {processor.py:208} INFO - Processing /usr/local/anaconda3/envs/airflow_env/lib/python3.8/site-packages/airflow/example_dags/example_params_ui_tutorial.py took 0.145 seconds
[2025-03-07T15:03:53.654+0100] {processor.py:186} INFO - Started process (PID=7198) to work on /usr/local/anaconda3/envs/airflow_env/lib/python3.8/site-packages/airflow/example_dags/example_params_ui_tutorial.py
[2025-03-07T15:03:53.657+0100] {processor.py:914} INFO - Processing file /usr/local/anaconda3/envs/airflow_env/lib/python3.8/site-packages/airflow/example_dags/example_params_ui_tutorial.py for tasks to queue
[2025-03-07T15:03:53.658+0100] {logging_mixin.py:190} INFO - [2025-03-07T15:03:53.658+0100] {dagbag.py:588} INFO - Filling up the DagBag from /usr/local/anaconda3/envs/airflow_env/lib/python3.8/site-packages/airflow/example_dags/example_params_ui_tutorial.py
[2025-03-07T15:03:53.684+0100] {processor.py:925} INFO - DAG(s) 'example_params_ui_tutorial' retrieved from /usr/local/anaconda3/envs/airflow_env/lib/python3.8/site-packages/airflow/example_dags/example_params_ui_tutorial.py
[2025-03-07T15:03:53.776+0100] {logging_mixin.py:190} INFO - [2025-03-07T15:03:53.776+0100] {dag.py:3239} INFO - Sync 1 DAGs
[2025-03-07T15:03:53.785+0100] {logging_mixin.py:190} INFO - [2025-03-07T15:03:53.785+0100] {dag.py:4180} INFO - Setting next_dagrun for example_params_ui_tutorial to None, run_after=None
[2025-03-07T15:03:53.798+0100] {processor.py:208} INFO - Processing /usr/local/anaconda3/envs/airflow_env/lib/python3.8/site-packages/airflow/example_dags/example_params_ui_tutorial.py took 0.147 seconds
[2025-03-07T15:06:11.730+0100] {processor.py:186} INFO - Started process (PID=7451) to work on /usr/local/anaconda3/envs/airflow_env/lib/python3.8/site-packages/airflow/example_dags/example_params_ui_tutorial.py
[2025-03-07T15:06:11.733+0100] {processor.py:914} INFO - Processing file /usr/local/anaconda3/envs/airflow_env/lib/python3.8/site-packages/airflow/example_dags/example_params_ui_tutorial.py for tasks to queue
[2025-03-07T15:06:11.734+0100] {logging_mixin.py:190} INFO - [2025-03-07T15:06:11.733+0100] {dagbag.py:588} INFO - Filling up the DagBag from /usr/local/anaconda3/envs/airflow_env/lib/python3.8/site-packages/airflow/example_dags/example_params_ui_tutorial.py
[2025-03-07T15:06:11.758+0100] {processor.py:925} INFO - DAG(s) 'example_params_ui_tutorial' retrieved from /usr/local/anaconda3/envs/airflow_env/lib/python3.8/site-packages/airflow/example_dags/example_params_ui_tutorial.py
[2025-03-07T15:06:11.849+0100] {logging_mixin.py:190} INFO - [2025-03-07T15:06:11.849+0100] {dag.py:3239} INFO - Sync 1 DAGs
[2025-03-07T15:06:11.857+0100] {logging_mixin.py:190} INFO - [2025-03-07T15:06:11.856+0100] {dag.py:4180} INFO - Setting next_dagrun for example_params_ui_tutorial to None, run_after=None
[2025-03-07T15:06:11.868+0100] {processor.py:208} INFO - Processing /usr/local/anaconda3/envs/airflow_env/lib/python3.8/site-packages/airflow/example_dags/example_params_ui_tutorial.py took 0.141 seconds
[2025-03-07T15:08:36.509+0100] {processor.py:186} INFO - Started process (PID=7694) to work on /usr/local/anaconda3/envs/airflow_env/lib/python3.8/site-packages/airflow/example_dags/example_params_ui_tutorial.py
[2025-03-07T15:08:36.513+0100] {processor.py:914} INFO - Processing file /usr/local/anaconda3/envs/airflow_env/lib/python3.8/site-packages/airflow/example_dags/example_params_ui_tutorial.py for tasks to queue
[2025-03-07T15:08:36.514+0100] {logging_mixin.py:190} INFO - [2025-03-07T15:08:36.514+0100] {dagbag.py:588} INFO - Filling up the DagBag from /usr/local/anaconda3/envs/airflow_env/lib/python3.8/site-packages/airflow/example_dags/example_params_ui_tutorial.py
[2025-03-07T15:08:36.540+0100] {processor.py:925} INFO - DAG(s) 'example_params_ui_tutorial' retrieved from /usr/local/anaconda3/envs/airflow_env/lib/python3.8/site-packages/airflow/example_dags/example_params_ui_tutorial.py
[2025-03-07T15:08:36.633+0100] {logging_mixin.py:190} INFO - [2025-03-07T15:08:36.633+0100] {dag.py:3239} INFO - Sync 1 DAGs
[2025-03-07T15:08:36.641+0100] {logging_mixin.py:190} INFO - [2025-03-07T15:08:36.641+0100] {dag.py:4180} INFO - Setting next_dagrun for example_params_ui_tutorial to None, run_after=None
[2025-03-07T15:08:36.654+0100] {processor.py:208} INFO - Processing /usr/local/anaconda3/envs/airflow_env/lib/python3.8/site-packages/airflow/example_dags/example_params_ui_tutorial.py took 0.148 seconds
[2025-03-07T15:11:03.889+0100] {processor.py:186} INFO - Started process (PID=7921) to work on /usr/local/anaconda3/envs/airflow_env/lib/python3.8/site-packages/airflow/example_dags/example_params_ui_tutorial.py
[2025-03-07T15:11:03.892+0100] {processor.py:914} INFO - Processing file /usr/local/anaconda3/envs/airflow_env/lib/python3.8/site-packages/airflow/example_dags/example_params_ui_tutorial.py for tasks to queue
[2025-03-07T15:11:03.893+0100] {logging_mixin.py:190} INFO - [2025-03-07T15:11:03.893+0100] {dagbag.py:588} INFO - Filling up the DagBag from /usr/local/anaconda3/envs/airflow_env/lib/python3.8/site-packages/airflow/example_dags/example_params_ui_tutorial.py
[2025-03-07T15:11:03.919+0100] {processor.py:925} INFO - DAG(s) 'example_params_ui_tutorial' retrieved from /usr/local/anaconda3/envs/airflow_env/lib/python3.8/site-packages/airflow/example_dags/example_params_ui_tutorial.py
[2025-03-07T15:11:04.014+0100] {logging_mixin.py:190} INFO - [2025-03-07T15:11:04.013+0100] {dag.py:3239} INFO - Sync 1 DAGs
[2025-03-07T15:11:04.023+0100] {logging_mixin.py:190} INFO - [2025-03-07T15:11:04.023+0100] {dag.py:4180} INFO - Setting next_dagrun for example_params_ui_tutorial to None, run_after=None
[2025-03-07T15:11:04.035+0100] {processor.py:208} INFO - Processing /usr/local/anaconda3/envs/airflow_env/lib/python3.8/site-packages/airflow/example_dags/example_params_ui_tutorial.py took 0.149 seconds
[2025-03-07T15:13:47.640+0100] {processor.py:186} INFO - Started process (PID=8320) to work on /usr/local/anaconda3/envs/airflow_env/lib/python3.8/site-packages/airflow/example_dags/example_params_ui_tutorial.py
[2025-03-07T15:13:47.644+0100] {processor.py:914} INFO - Processing file /usr/local/anaconda3/envs/airflow_env/lib/python3.8/site-packages/airflow/example_dags/example_params_ui_tutorial.py for tasks to queue
[2025-03-07T15:13:47.644+0100] {logging_mixin.py:190} INFO - [2025-03-07T15:13:47.644+0100] {dagbag.py:588} INFO - Filling up the DagBag from /usr/local/anaconda3/envs/airflow_env/lib/python3.8/site-packages/airflow/example_dags/example_params_ui_tutorial.py
[2025-03-07T15:13:47.671+0100] {processor.py:925} INFO - DAG(s) 'example_params_ui_tutorial' retrieved from /usr/local/anaconda3/envs/airflow_env/lib/python3.8/site-packages/airflow/example_dags/example_params_ui_tutorial.py
[2025-03-07T15:13:47.789+0100] {logging_mixin.py:190} INFO - [2025-03-07T15:13:47.789+0100] {dag.py:3239} INFO - Sync 1 DAGs
[2025-03-07T15:13:47.799+0100] {logging_mixin.py:190} INFO - [2025-03-07T15:13:47.798+0100] {dag.py:4180} INFO - Setting next_dagrun for example_params_ui_tutorial to None, run_after=None
[2025-03-07T15:13:47.813+0100] {processor.py:208} INFO - Processing /usr/local/anaconda3/envs/airflow_env/lib/python3.8/site-packages/airflow/example_dags/example_params_ui_tutorial.py took 0.176 seconds
[2025-03-07T15:16:42.429+0100] {processor.py:186} INFO - Started process (PID=8551) to work on /usr/local/anaconda3/envs/airflow_env/lib/python3.8/site-packages/airflow/example_dags/example_params_ui_tutorial.py
[2025-03-07T15:16:42.432+0100] {processor.py:914} INFO - Processing file /usr/local/anaconda3/envs/airflow_env/lib/python3.8/site-packages/airflow/example_dags/example_params_ui_tutorial.py for tasks to queue
[2025-03-07T15:16:42.433+0100] {logging_mixin.py:190} INFO - [2025-03-07T15:16:42.433+0100] {dagbag.py:588} INFO - Filling up the DagBag from /usr/local/anaconda3/envs/airflow_env/lib/python3.8/site-packages/airflow/example_dags/example_params_ui_tutorial.py
[2025-03-07T15:16:42.459+0100] {processor.py:925} INFO - DAG(s) 'example_params_ui_tutorial' retrieved from /usr/local/anaconda3/envs/airflow_env/lib/python3.8/site-packages/airflow/example_dags/example_params_ui_tutorial.py
[2025-03-07T15:16:42.554+0100] {logging_mixin.py:190} INFO - [2025-03-07T15:16:42.553+0100] {dag.py:3239} INFO - Sync 1 DAGs
[2025-03-07T15:16:42.562+0100] {logging_mixin.py:190} INFO - [2025-03-07T15:16:42.562+0100] {dag.py:4180} INFO - Setting next_dagrun for example_params_ui_tutorial to None, run_after=None
[2025-03-07T15:16:42.575+0100] {processor.py:208} INFO - Processing /usr/local/anaconda3/envs/airflow_env/lib/python3.8/site-packages/airflow/example_dags/example_params_ui_tutorial.py took 0.149 seconds
[2025-03-07T15:19:01.658+0100] {processor.py:186} INFO - Started process (PID=8919) to work on /usr/local/anaconda3/envs/airflow_env/lib/python3.8/site-packages/airflow/example_dags/example_params_ui_tutorial.py
[2025-03-07T15:19:01.661+0100] {processor.py:914} INFO - Processing file /usr/local/anaconda3/envs/airflow_env/lib/python3.8/site-packages/airflow/example_dags/example_params_ui_tutorial.py for tasks to queue
[2025-03-07T15:19:01.662+0100] {logging_mixin.py:190} INFO - [2025-03-07T15:19:01.662+0100] {dagbag.py:588} INFO - Filling up the DagBag from /usr/local/anaconda3/envs/airflow_env/lib/python3.8/site-packages/airflow/example_dags/example_params_ui_tutorial.py
[2025-03-07T15:19:01.687+0100] {processor.py:925} INFO - DAG(s) 'example_params_ui_tutorial' retrieved from /usr/local/anaconda3/envs/airflow_env/lib/python3.8/site-packages/airflow/example_dags/example_params_ui_tutorial.py
[2025-03-07T15:19:01.775+0100] {logging_mixin.py:190} INFO - [2025-03-07T15:19:01.775+0100] {dag.py:3239} INFO - Sync 1 DAGs
[2025-03-07T15:19:01.783+0100] {logging_mixin.py:190} INFO - [2025-03-07T15:19:01.783+0100] {dag.py:4180} INFO - Setting next_dagrun for example_params_ui_tutorial to None, run_after=None
[2025-03-07T15:19:01.795+0100] {processor.py:208} INFO - Processing /usr/local/anaconda3/envs/airflow_env/lib/python3.8/site-packages/airflow/example_dags/example_params_ui_tutorial.py took 0.140 seconds
[2025-03-07T15:21:15.670+0100] {processor.py:186} INFO - Started process (PID=9210) to work on /usr/local/anaconda3/envs/airflow_env/lib/python3.8/site-packages/airflow/example_dags/example_params_ui_tutorial.py
[2025-03-07T15:21:15.673+0100] {processor.py:914} INFO - Processing file /usr/local/anaconda3/envs/airflow_env/lib/python3.8/site-packages/airflow/example_dags/example_params_ui_tutorial.py for tasks to queue
[2025-03-07T15:21:15.673+0100] {logging_mixin.py:190} INFO - [2025-03-07T15:21:15.673+0100] {dagbag.py:588} INFO - Filling up the DagBag from /usr/local/anaconda3/envs/airflow_env/lib/python3.8/site-packages/airflow/example_dags/example_params_ui_tutorial.py
[2025-03-07T15:21:15.698+0100] {processor.py:925} INFO - DAG(s) 'example_params_ui_tutorial' retrieved from /usr/local/anaconda3/envs/airflow_env/lib/python3.8/site-packages/airflow/example_dags/example_params_ui_tutorial.py
[2025-03-07T15:21:15.787+0100] {logging_mixin.py:190} INFO - [2025-03-07T15:21:15.786+0100] {dag.py:3239} INFO - Sync 1 DAGs
[2025-03-07T15:21:15.794+0100] {logging_mixin.py:190} INFO - [2025-03-07T15:21:15.794+0100] {dag.py:4180} INFO - Setting next_dagrun for example_params_ui_tutorial to None, run_after=None
[2025-03-07T15:21:15.806+0100] {processor.py:208} INFO - Processing /usr/local/anaconda3/envs/airflow_env/lib/python3.8/site-packages/airflow/example_dags/example_params_ui_tutorial.py took 0.140 seconds
[2025-03-07T15:23:32.146+0100] {processor.py:186} INFO - Started process (PID=9490) to work on /usr/local/anaconda3/envs/airflow_env/lib/python3.8/site-packages/airflow/example_dags/example_params_ui_tutorial.py
[2025-03-07T15:23:32.149+0100] {processor.py:914} INFO - Processing file /usr/local/anaconda3/envs/airflow_env/lib/python3.8/site-packages/airflow/example_dags/example_params_ui_tutorial.py for tasks to queue
[2025-03-07T15:23:32.150+0100] {logging_mixin.py:190} INFO - [2025-03-07T15:23:32.150+0100] {dagbag.py:588} INFO - Filling up the DagBag from /usr/local/anaconda3/envs/airflow_env/lib/python3.8/site-packages/airflow/example_dags/example_params_ui_tutorial.py
[2025-03-07T15:23:32.175+0100] {processor.py:925} INFO - DAG(s) 'example_params_ui_tutorial' retrieved from /usr/local/anaconda3/envs/airflow_env/lib/python3.8/site-packages/airflow/example_dags/example_params_ui_tutorial.py
[2025-03-07T15:23:32.264+0100] {logging_mixin.py:190} INFO - [2025-03-07T15:23:32.264+0100] {dag.py:3239} INFO - Sync 1 DAGs
[2025-03-07T15:23:32.272+0100] {logging_mixin.py:190} INFO - [2025-03-07T15:23:32.272+0100] {dag.py:4180} INFO - Setting next_dagrun for example_params_ui_tutorial to None, run_after=None
[2025-03-07T15:23:32.284+0100] {processor.py:208} INFO - Processing /usr/local/anaconda3/envs/airflow_env/lib/python3.8/site-packages/airflow/example_dags/example_params_ui_tutorial.py took 0.140 seconds
[2025-03-07T15:25:52.155+0100] {processor.py:186} INFO - Started process (PID=9819) to work on /usr/local/anaconda3/envs/airflow_env/lib/python3.8/site-packages/airflow/example_dags/example_params_ui_tutorial.py
[2025-03-07T15:25:52.158+0100] {processor.py:914} INFO - Processing file /usr/local/anaconda3/envs/airflow_env/lib/python3.8/site-packages/airflow/example_dags/example_params_ui_tutorial.py for tasks to queue
[2025-03-07T15:25:52.159+0100] {logging_mixin.py:190} INFO - [2025-03-07T15:25:52.159+0100] {dagbag.py:588} INFO - Filling up the DagBag from /usr/local/anaconda3/envs/airflow_env/lib/python3.8/site-packages/airflow/example_dags/example_params_ui_tutorial.py
[2025-03-07T15:25:52.184+0100] {processor.py:925} INFO - DAG(s) 'example_params_ui_tutorial' retrieved from /usr/local/anaconda3/envs/airflow_env/lib/python3.8/site-packages/airflow/example_dags/example_params_ui_tutorial.py
[2025-03-07T15:25:52.274+0100] {logging_mixin.py:190} INFO - [2025-03-07T15:25:52.274+0100] {dag.py:3239} INFO - Sync 1 DAGs
[2025-03-07T15:25:52.282+0100] {logging_mixin.py:190} INFO - [2025-03-07T15:25:52.281+0100] {dag.py:4180} INFO - Setting next_dagrun for example_params_ui_tutorial to None, run_after=None
[2025-03-07T15:25:52.293+0100] {processor.py:208} INFO - Processing /usr/local/anaconda3/envs/airflow_env/lib/python3.8/site-packages/airflow/example_dags/example_params_ui_tutorial.py took 0.141 seconds
[2025-03-07T15:28:13.095+0100] {processor.py:186} INFO - Started process (PID=10153) to work on /usr/local/anaconda3/envs/airflow_env/lib/python3.8/site-packages/airflow/example_dags/example_params_ui_tutorial.py
[2025-03-07T15:28:13.098+0100] {processor.py:914} INFO - Processing file /usr/local/anaconda3/envs/airflow_env/lib/python3.8/site-packages/airflow/example_dags/example_params_ui_tutorial.py for tasks to queue
[2025-03-07T15:28:13.099+0100] {logging_mixin.py:190} INFO - [2025-03-07T15:28:13.099+0100] {dagbag.py:588} INFO - Filling up the DagBag from /usr/local/anaconda3/envs/airflow_env/lib/python3.8/site-packages/airflow/example_dags/example_params_ui_tutorial.py
[2025-03-07T15:28:13.126+0100] {processor.py:925} INFO - DAG(s) 'example_params_ui_tutorial' retrieved from /usr/local/anaconda3/envs/airflow_env/lib/python3.8/site-packages/airflow/example_dags/example_params_ui_tutorial.py
[2025-03-07T15:28:13.219+0100] {logging_mixin.py:190} INFO - [2025-03-07T15:28:13.219+0100] {dag.py:3239} INFO - Sync 1 DAGs
[2025-03-07T15:28:13.227+0100] {logging_mixin.py:190} INFO - [2025-03-07T15:28:13.227+0100] {dag.py:4180} INFO - Setting next_dagrun for example_params_ui_tutorial to None, run_after=None
[2025-03-07T15:28:13.241+0100] {processor.py:208} INFO - Processing /usr/local/anaconda3/envs/airflow_env/lib/python3.8/site-packages/airflow/example_dags/example_params_ui_tutorial.py took 0.148 seconds
[2025-03-07T15:30:50.057+0100] {processor.py:186} INFO - Started process (PID=10399) to work on /usr/local/anaconda3/envs/airflow_env/lib/python3.8/site-packages/airflow/example_dags/example_params_ui_tutorial.py
[2025-03-07T15:30:50.060+0100] {processor.py:914} INFO - Processing file /usr/local/anaconda3/envs/airflow_env/lib/python3.8/site-packages/airflow/example_dags/example_params_ui_tutorial.py for tasks to queue
[2025-03-07T15:30:50.061+0100] {logging_mixin.py:190} INFO - [2025-03-07T15:30:50.061+0100] {dagbag.py:588} INFO - Filling up the DagBag from /usr/local/anaconda3/envs/airflow_env/lib/python3.8/site-packages/airflow/example_dags/example_params_ui_tutorial.py
[2025-03-07T15:30:50.088+0100] {processor.py:925} INFO - DAG(s) 'example_params_ui_tutorial' retrieved from /usr/local/anaconda3/envs/airflow_env/lib/python3.8/site-packages/airflow/example_dags/example_params_ui_tutorial.py
[2025-03-07T15:30:50.186+0100] {logging_mixin.py:190} INFO - [2025-03-07T15:30:50.186+0100] {dag.py:3239} INFO - Sync 1 DAGs
[2025-03-07T15:30:50.195+0100] {logging_mixin.py:190} INFO - [2025-03-07T15:30:50.195+0100] {dag.py:4180} INFO - Setting next_dagrun for example_params_ui_tutorial to None, run_after=None
[2025-03-07T15:30:50.208+0100] {processor.py:208} INFO - Processing /usr/local/anaconda3/envs/airflow_env/lib/python3.8/site-packages/airflow/example_dags/example_params_ui_tutorial.py took 0.154 seconds
[2025-03-07T15:33:36.899+0100] {processor.py:186} INFO - Started process (PID=10668) to work on /usr/local/anaconda3/envs/airflow_env/lib/python3.8/site-packages/airflow/example_dags/example_params_ui_tutorial.py
[2025-03-07T15:33:36.902+0100] {processor.py:914} INFO - Processing file /usr/local/anaconda3/envs/airflow_env/lib/python3.8/site-packages/airflow/example_dags/example_params_ui_tutorial.py for tasks to queue
[2025-03-07T15:33:36.903+0100] {logging_mixin.py:190} INFO - [2025-03-07T15:33:36.902+0100] {dagbag.py:588} INFO - Filling up the DagBag from /usr/local/anaconda3/envs/airflow_env/lib/python3.8/site-packages/airflow/example_dags/example_params_ui_tutorial.py
[2025-03-07T15:33:36.927+0100] {processor.py:925} INFO - DAG(s) 'example_params_ui_tutorial' retrieved from /usr/local/anaconda3/envs/airflow_env/lib/python3.8/site-packages/airflow/example_dags/example_params_ui_tutorial.py
[2025-03-07T15:33:37.017+0100] {logging_mixin.py:190} INFO - [2025-03-07T15:33:37.017+0100] {dag.py:3239} INFO - Sync 1 DAGs
[2025-03-07T15:33:37.025+0100] {logging_mixin.py:190} INFO - [2025-03-07T15:33:37.025+0100] {dag.py:4180} INFO - Setting next_dagrun for example_params_ui_tutorial to None, run_after=None
[2025-03-07T15:33:37.037+0100] {processor.py:208} INFO - Processing /usr/local/anaconda3/envs/airflow_env/lib/python3.8/site-packages/airflow/example_dags/example_params_ui_tutorial.py took 0.141 seconds
[2025-03-07T15:35:53.408+0100] {processor.py:186} INFO - Started process (PID=10949) to work on /usr/local/anaconda3/envs/airflow_env/lib/python3.8/site-packages/airflow/example_dags/example_params_ui_tutorial.py
[2025-03-07T15:35:53.411+0100] {processor.py:914} INFO - Processing file /usr/local/anaconda3/envs/airflow_env/lib/python3.8/site-packages/airflow/example_dags/example_params_ui_tutorial.py for tasks to queue
[2025-03-07T15:35:53.412+0100] {logging_mixin.py:190} INFO - [2025-03-07T15:35:53.412+0100] {dagbag.py:588} INFO - Filling up the DagBag from /usr/local/anaconda3/envs/airflow_env/lib/python3.8/site-packages/airflow/example_dags/example_params_ui_tutorial.py
[2025-03-07T15:35:53.437+0100] {processor.py:925} INFO - DAG(s) 'example_params_ui_tutorial' retrieved from /usr/local/anaconda3/envs/airflow_env/lib/python3.8/site-packages/airflow/example_dags/example_params_ui_tutorial.py
[2025-03-07T15:35:53.528+0100] {logging_mixin.py:190} INFO - [2025-03-07T15:35:53.528+0100] {dag.py:3239} INFO - Sync 1 DAGs
[2025-03-07T15:35:53.536+0100] {logging_mixin.py:190} INFO - [2025-03-07T15:35:53.536+0100] {dag.py:4180} INFO - Setting next_dagrun for example_params_ui_tutorial to None, run_after=None
[2025-03-07T15:35:53.548+0100] {processor.py:208} INFO - Processing /usr/local/anaconda3/envs/airflow_env/lib/python3.8/site-packages/airflow/example_dags/example_params_ui_tutorial.py took 0.143 seconds
[2025-03-07T15:38:07.354+0100] {processor.py:186} INFO - Started process (PID=11202) to work on /usr/local/anaconda3/envs/airflow_env/lib/python3.8/site-packages/airflow/example_dags/example_params_ui_tutorial.py
[2025-03-07T15:38:07.357+0100] {processor.py:914} INFO - Processing file /usr/local/anaconda3/envs/airflow_env/lib/python3.8/site-packages/airflow/example_dags/example_params_ui_tutorial.py for tasks to queue
[2025-03-07T15:38:07.357+0100] {logging_mixin.py:190} INFO - [2025-03-07T15:38:07.357+0100] {dagbag.py:588} INFO - Filling up the DagBag from /usr/local/anaconda3/envs/airflow_env/lib/python3.8/site-packages/airflow/example_dags/example_params_ui_tutorial.py
[2025-03-07T15:38:07.383+0100] {processor.py:925} INFO - DAG(s) 'example_params_ui_tutorial' retrieved from /usr/local/anaconda3/envs/airflow_env/lib/python3.8/site-packages/airflow/example_dags/example_params_ui_tutorial.py
[2025-03-07T15:38:07.475+0100] {logging_mixin.py:190} INFO - [2025-03-07T15:38:07.475+0100] {dag.py:3239} INFO - Sync 1 DAGs
[2025-03-07T15:38:07.484+0100] {logging_mixin.py:190} INFO - [2025-03-07T15:38:07.484+0100] {dag.py:4180} INFO - Setting next_dagrun for example_params_ui_tutorial to None, run_after=None
[2025-03-07T15:38:07.498+0100] {processor.py:208} INFO - Processing /usr/local/anaconda3/envs/airflow_env/lib/python3.8/site-packages/airflow/example_dags/example_params_ui_tutorial.py took 0.148 seconds
[2025-03-07T15:40:21.138+0100] {processor.py:186} INFO - Started process (PID=11425) to work on /usr/local/anaconda3/envs/airflow_env/lib/python3.8/site-packages/airflow/example_dags/example_params_ui_tutorial.py
[2025-03-07T15:40:21.141+0100] {processor.py:914} INFO - Processing file /usr/local/anaconda3/envs/airflow_env/lib/python3.8/site-packages/airflow/example_dags/example_params_ui_tutorial.py for tasks to queue
[2025-03-07T15:40:21.142+0100] {logging_mixin.py:190} INFO - [2025-03-07T15:40:21.142+0100] {dagbag.py:588} INFO - Filling up the DagBag from /usr/local/anaconda3/envs/airflow_env/lib/python3.8/site-packages/airflow/example_dags/example_params_ui_tutorial.py
[2025-03-07T15:40:21.167+0100] {processor.py:925} INFO - DAG(s) 'example_params_ui_tutorial' retrieved from /usr/local/anaconda3/envs/airflow_env/lib/python3.8/site-packages/airflow/example_dags/example_params_ui_tutorial.py
[2025-03-07T15:40:21.258+0100] {logging_mixin.py:190} INFO - [2025-03-07T15:40:21.258+0100] {dag.py:3239} INFO - Sync 1 DAGs
[2025-03-07T15:40:21.265+0100] {logging_mixin.py:190} INFO - [2025-03-07T15:40:21.265+0100] {dag.py:4180} INFO - Setting next_dagrun for example_params_ui_tutorial to None, run_after=None
[2025-03-07T15:40:21.277+0100] {processor.py:208} INFO - Processing /usr/local/anaconda3/envs/airflow_env/lib/python3.8/site-packages/airflow/example_dags/example_params_ui_tutorial.py took 0.142 seconds
[2025-03-07T15:42:33.060+0100] {processor.py:186} INFO - Started process (PID=11586) to work on /usr/local/anaconda3/envs/airflow_env/lib/python3.8/site-packages/airflow/example_dags/example_params_ui_tutorial.py
[2025-03-07T15:42:33.063+0100] {processor.py:914} INFO - Processing file /usr/local/anaconda3/envs/airflow_env/lib/python3.8/site-packages/airflow/example_dags/example_params_ui_tutorial.py for tasks to queue
[2025-03-07T15:42:33.064+0100] {logging_mixin.py:190} INFO - [2025-03-07T15:42:33.064+0100] {dagbag.py:588} INFO - Filling up the DagBag from /usr/local/anaconda3/envs/airflow_env/lib/python3.8/site-packages/airflow/example_dags/example_params_ui_tutorial.py
[2025-03-07T15:42:33.090+0100] {processor.py:925} INFO - DAG(s) 'example_params_ui_tutorial' retrieved from /usr/local/anaconda3/envs/airflow_env/lib/python3.8/site-packages/airflow/example_dags/example_params_ui_tutorial.py
[2025-03-07T15:42:33.183+0100] {logging_mixin.py:190} INFO - [2025-03-07T15:42:33.183+0100] {dag.py:3239} INFO - Sync 1 DAGs
[2025-03-07T15:42:33.192+0100] {logging_mixin.py:190} INFO - [2025-03-07T15:42:33.192+0100] {dag.py:4180} INFO - Setting next_dagrun for example_params_ui_tutorial to None, run_after=None
[2025-03-07T15:42:33.204+0100] {processor.py:208} INFO - Processing /usr/local/anaconda3/envs/airflow_env/lib/python3.8/site-packages/airflow/example_dags/example_params_ui_tutorial.py took 0.148 seconds
[2025-03-07T15:44:38.871+0100] {processor.py:186} INFO - Started process (PID=11828) to work on /usr/local/anaconda3/envs/airflow_env/lib/python3.8/site-packages/airflow/example_dags/example_params_ui_tutorial.py
[2025-03-07T15:44:38.875+0100] {processor.py:914} INFO - Processing file /usr/local/anaconda3/envs/airflow_env/lib/python3.8/site-packages/airflow/example_dags/example_params_ui_tutorial.py for tasks to queue
[2025-03-07T15:44:38.875+0100] {logging_mixin.py:190} INFO - [2025-03-07T15:44:38.875+0100] {dagbag.py:588} INFO - Filling up the DagBag from /usr/local/anaconda3/envs/airflow_env/lib/python3.8/site-packages/airflow/example_dags/example_params_ui_tutorial.py
[2025-03-07T15:44:38.904+0100] {processor.py:925} INFO - DAG(s) 'example_params_ui_tutorial' retrieved from /usr/local/anaconda3/envs/airflow_env/lib/python3.8/site-packages/airflow/example_dags/example_params_ui_tutorial.py
[2025-03-07T15:44:38.997+0100] {logging_mixin.py:190} INFO - [2025-03-07T15:44:38.997+0100] {dag.py:3239} INFO - Sync 1 DAGs
[2025-03-07T15:44:39.006+0100] {logging_mixin.py:190} INFO - [2025-03-07T15:44:39.005+0100] {dag.py:4180} INFO - Setting next_dagrun for example_params_ui_tutorial to None, run_after=None
[2025-03-07T15:44:39.017+0100] {processor.py:208} INFO - Processing /usr/local/anaconda3/envs/airflow_env/lib/python3.8/site-packages/airflow/example_dags/example_params_ui_tutorial.py took 0.150 seconds
[2025-03-07T15:47:08.845+0100] {processor.py:186} INFO - Started process (PID=12062) to work on /usr/local/anaconda3/envs/airflow_env/lib/python3.8/site-packages/airflow/example_dags/example_params_ui_tutorial.py
[2025-03-07T15:47:08.848+0100] {processor.py:914} INFO - Processing file /usr/local/anaconda3/envs/airflow_env/lib/python3.8/site-packages/airflow/example_dags/example_params_ui_tutorial.py for tasks to queue
[2025-03-07T15:47:08.849+0100] {logging_mixin.py:190} INFO - [2025-03-07T15:47:08.848+0100] {dagbag.py:588} INFO - Filling up the DagBag from /usr/local/anaconda3/envs/airflow_env/lib/python3.8/site-packages/airflow/example_dags/example_params_ui_tutorial.py
[2025-03-07T15:47:08.875+0100] {processor.py:925} INFO - DAG(s) 'example_params_ui_tutorial' retrieved from /usr/local/anaconda3/envs/airflow_env/lib/python3.8/site-packages/airflow/example_dags/example_params_ui_tutorial.py
[2025-03-07T15:47:08.970+0100] {logging_mixin.py:190} INFO - [2025-03-07T15:47:08.969+0100] {dag.py:3239} INFO - Sync 1 DAGs
[2025-03-07T15:47:08.981+0100] {logging_mixin.py:190} INFO - [2025-03-07T15:47:08.981+0100] {dag.py:4180} INFO - Setting next_dagrun for example_params_ui_tutorial to None, run_after=None
[2025-03-07T15:47:08.998+0100] {processor.py:208} INFO - Processing /usr/local/anaconda3/envs/airflow_env/lib/python3.8/site-packages/airflow/example_dags/example_params_ui_tutorial.py took 0.157 seconds
[2025-03-07T15:49:24.033+0100] {processor.py:186} INFO - Started process (PID=12315) to work on /usr/local/anaconda3/envs/airflow_env/lib/python3.8/site-packages/airflow/example_dags/example_params_ui_tutorial.py
[2025-03-07T15:49:24.036+0100] {processor.py:914} INFO - Processing file /usr/local/anaconda3/envs/airflow_env/lib/python3.8/site-packages/airflow/example_dags/example_params_ui_tutorial.py for tasks to queue
[2025-03-07T15:49:24.037+0100] {logging_mixin.py:190} INFO - [2025-03-07T15:49:24.037+0100] {dagbag.py:588} INFO - Filling up the DagBag from /usr/local/anaconda3/envs/airflow_env/lib/python3.8/site-packages/airflow/example_dags/example_params_ui_tutorial.py
[2025-03-07T15:49:24.064+0100] {processor.py:925} INFO - DAG(s) 'example_params_ui_tutorial' retrieved from /usr/local/anaconda3/envs/airflow_env/lib/python3.8/site-packages/airflow/example_dags/example_params_ui_tutorial.py
[2025-03-07T15:49:24.156+0100] {logging_mixin.py:190} INFO - [2025-03-07T15:49:24.156+0100] {dag.py:3239} INFO - Sync 1 DAGs
[2025-03-07T15:49:24.165+0100] {logging_mixin.py:190} INFO - [2025-03-07T15:49:24.165+0100] {dag.py:4180} INFO - Setting next_dagrun for example_params_ui_tutorial to None, run_after=None
[2025-03-07T15:49:24.177+0100] {processor.py:208} INFO - Processing /usr/local/anaconda3/envs/airflow_env/lib/python3.8/site-packages/airflow/example_dags/example_params_ui_tutorial.py took 0.147 seconds
[2025-03-07T15:51:41.577+0100] {processor.py:186} INFO - Started process (PID=12583) to work on /usr/local/anaconda3/envs/airflow_env/lib/python3.8/site-packages/airflow/example_dags/example_params_ui_tutorial.py
[2025-03-07T15:51:41.580+0100] {processor.py:914} INFO - Processing file /usr/local/anaconda3/envs/airflow_env/lib/python3.8/site-packages/airflow/example_dags/example_params_ui_tutorial.py for tasks to queue
[2025-03-07T15:51:41.581+0100] {logging_mixin.py:190} INFO - [2025-03-07T15:51:41.581+0100] {dagbag.py:588} INFO - Filling up the DagBag from /usr/local/anaconda3/envs/airflow_env/lib/python3.8/site-packages/airflow/example_dags/example_params_ui_tutorial.py
[2025-03-07T15:51:41.611+0100] {processor.py:925} INFO - DAG(s) 'example_params_ui_tutorial' retrieved from /usr/local/anaconda3/envs/airflow_env/lib/python3.8/site-packages/airflow/example_dags/example_params_ui_tutorial.py
[2025-03-07T15:51:41.715+0100] {logging_mixin.py:190} INFO - [2025-03-07T15:51:41.715+0100] {dag.py:3239} INFO - Sync 1 DAGs
[2025-03-07T15:51:41.725+0100] {logging_mixin.py:190} INFO - [2025-03-07T15:51:41.725+0100] {dag.py:4180} INFO - Setting next_dagrun for example_params_ui_tutorial to None, run_after=None
[2025-03-07T15:51:41.740+0100] {processor.py:208} INFO - Processing /usr/local/anaconda3/envs/airflow_env/lib/python3.8/site-packages/airflow/example_dags/example_params_ui_tutorial.py took 0.166 seconds
[2025-03-07T15:54:10.061+0100] {processor.py:186} INFO - Started process (PID=12898) to work on /usr/local/anaconda3/envs/airflow_env/lib/python3.8/site-packages/airflow/example_dags/example_params_ui_tutorial.py
[2025-03-07T15:54:10.064+0100] {processor.py:914} INFO - Processing file /usr/local/anaconda3/envs/airflow_env/lib/python3.8/site-packages/airflow/example_dags/example_params_ui_tutorial.py for tasks to queue
[2025-03-07T15:54:10.065+0100] {logging_mixin.py:190} INFO - [2025-03-07T15:54:10.065+0100] {dagbag.py:588} INFO - Filling up the DagBag from /usr/local/anaconda3/envs/airflow_env/lib/python3.8/site-packages/airflow/example_dags/example_params_ui_tutorial.py
[2025-03-07T15:54:10.091+0100] {processor.py:925} INFO - DAG(s) 'example_params_ui_tutorial' retrieved from /usr/local/anaconda3/envs/airflow_env/lib/python3.8/site-packages/airflow/example_dags/example_params_ui_tutorial.py
[2025-03-07T15:54:10.191+0100] {logging_mixin.py:190} INFO - [2025-03-07T15:54:10.191+0100] {dag.py:3239} INFO - Sync 1 DAGs
[2025-03-07T15:54:10.200+0100] {logging_mixin.py:190} INFO - [2025-03-07T15:54:10.200+0100] {dag.py:4180} INFO - Setting next_dagrun for example_params_ui_tutorial to None, run_after=None
[2025-03-07T15:54:10.214+0100] {processor.py:208} INFO - Processing /usr/local/anaconda3/envs/airflow_env/lib/python3.8/site-packages/airflow/example_dags/example_params_ui_tutorial.py took 0.156 seconds
[2025-03-07T15:56:26.817+0100] {processor.py:186} INFO - Started process (PID=13089) to work on /usr/local/anaconda3/envs/airflow_env/lib/python3.8/site-packages/airflow/example_dags/example_params_ui_tutorial.py
[2025-03-07T15:56:26.820+0100] {processor.py:914} INFO - Processing file /usr/local/anaconda3/envs/airflow_env/lib/python3.8/site-packages/airflow/example_dags/example_params_ui_tutorial.py for tasks to queue
[2025-03-07T15:56:26.821+0100] {logging_mixin.py:190} INFO - [2025-03-07T15:56:26.821+0100] {dagbag.py:588} INFO - Filling up the DagBag from /usr/local/anaconda3/envs/airflow_env/lib/python3.8/site-packages/airflow/example_dags/example_params_ui_tutorial.py
[2025-03-07T15:56:26.849+0100] {processor.py:925} INFO - DAG(s) 'example_params_ui_tutorial' retrieved from /usr/local/anaconda3/envs/airflow_env/lib/python3.8/site-packages/airflow/example_dags/example_params_ui_tutorial.py
[2025-03-07T15:56:26.945+0100] {logging_mixin.py:190} INFO - [2025-03-07T15:56:26.945+0100] {dag.py:3239} INFO - Sync 1 DAGs
[2025-03-07T15:56:26.953+0100] {logging_mixin.py:190} INFO - [2025-03-07T15:56:26.953+0100] {dag.py:4180} INFO - Setting next_dagrun for example_params_ui_tutorial to None, run_after=None
[2025-03-07T15:56:26.965+0100] {processor.py:208} INFO - Processing /usr/local/anaconda3/envs/airflow_env/lib/python3.8/site-packages/airflow/example_dags/example_params_ui_tutorial.py took 0.152 seconds
[2025-03-07T15:58:42.071+0100] {processor.py:186} INFO - Started process (PID=13341) to work on /usr/local/anaconda3/envs/airflow_env/lib/python3.8/site-packages/airflow/example_dags/example_params_ui_tutorial.py
[2025-03-07T15:58:42.074+0100] {processor.py:914} INFO - Processing file /usr/local/anaconda3/envs/airflow_env/lib/python3.8/site-packages/airflow/example_dags/example_params_ui_tutorial.py for tasks to queue
[2025-03-07T15:58:42.075+0100] {logging_mixin.py:190} INFO - [2025-03-07T15:58:42.075+0100] {dagbag.py:588} INFO - Filling up the DagBag from /usr/local/anaconda3/envs/airflow_env/lib/python3.8/site-packages/airflow/example_dags/example_params_ui_tutorial.py
[2025-03-07T15:58:42.101+0100] {processor.py:925} INFO - DAG(s) 'example_params_ui_tutorial' retrieved from /usr/local/anaconda3/envs/airflow_env/lib/python3.8/site-packages/airflow/example_dags/example_params_ui_tutorial.py
[2025-03-07T15:58:42.190+0100] {logging_mixin.py:190} INFO - [2025-03-07T15:58:42.189+0100] {dag.py:3239} INFO - Sync 1 DAGs
[2025-03-07T15:58:42.197+0100] {logging_mixin.py:190} INFO - [2025-03-07T15:58:42.197+0100] {dag.py:4180} INFO - Setting next_dagrun for example_params_ui_tutorial to None, run_after=None
[2025-03-07T15:58:42.209+0100] {processor.py:208} INFO - Processing /usr/local/anaconda3/envs/airflow_env/lib/python3.8/site-packages/airflow/example_dags/example_params_ui_tutorial.py took 0.141 seconds
[2025-03-07T16:01:47.499+0100] {processor.py:186} INFO - Started process (PID=13652) to work on /usr/local/anaconda3/envs/airflow_env/lib/python3.8/site-packages/airflow/example_dags/example_params_ui_tutorial.py
[2025-03-07T16:01:47.502+0100] {processor.py:914} INFO - Processing file /usr/local/anaconda3/envs/airflow_env/lib/python3.8/site-packages/airflow/example_dags/example_params_ui_tutorial.py for tasks to queue
[2025-03-07T16:01:47.503+0100] {logging_mixin.py:190} INFO - [2025-03-07T16:01:47.503+0100] {dagbag.py:588} INFO - Filling up the DagBag from /usr/local/anaconda3/envs/airflow_env/lib/python3.8/site-packages/airflow/example_dags/example_params_ui_tutorial.py
[2025-03-07T16:01:47.528+0100] {processor.py:925} INFO - DAG(s) 'example_params_ui_tutorial' retrieved from /usr/local/anaconda3/envs/airflow_env/lib/python3.8/site-packages/airflow/example_dags/example_params_ui_tutorial.py
[2025-03-07T16:01:47.618+0100] {logging_mixin.py:190} INFO - [2025-03-07T16:01:47.617+0100] {dag.py:3239} INFO - Sync 1 DAGs
[2025-03-07T16:01:47.626+0100] {logging_mixin.py:190} INFO - [2025-03-07T16:01:47.625+0100] {dag.py:4180} INFO - Setting next_dagrun for example_params_ui_tutorial to None, run_after=None
[2025-03-07T16:01:47.638+0100] {processor.py:208} INFO - Processing /usr/local/anaconda3/envs/airflow_env/lib/python3.8/site-packages/airflow/example_dags/example_params_ui_tutorial.py took 0.142 seconds
[2025-03-07T16:05:32.006+0100] {processor.py:186} INFO - Started process (PID=13960) to work on /usr/local/anaconda3/envs/airflow_env/lib/python3.8/site-packages/airflow/example_dags/example_params_ui_tutorial.py
[2025-03-07T16:05:32.009+0100] {processor.py:914} INFO - Processing file /usr/local/anaconda3/envs/airflow_env/lib/python3.8/site-packages/airflow/example_dags/example_params_ui_tutorial.py for tasks to queue
[2025-03-07T16:05:32.010+0100] {logging_mixin.py:190} INFO - [2025-03-07T16:05:32.010+0100] {dagbag.py:588} INFO - Filling up the DagBag from /usr/local/anaconda3/envs/airflow_env/lib/python3.8/site-packages/airflow/example_dags/example_params_ui_tutorial.py
[2025-03-07T16:05:32.035+0100] {processor.py:925} INFO - DAG(s) 'example_params_ui_tutorial' retrieved from /usr/local/anaconda3/envs/airflow_env/lib/python3.8/site-packages/airflow/example_dags/example_params_ui_tutorial.py
[2025-03-07T16:05:32.125+0100] {logging_mixin.py:190} INFO - [2025-03-07T16:05:32.125+0100] {dag.py:3239} INFO - Sync 1 DAGs
[2025-03-07T16:05:32.133+0100] {logging_mixin.py:190} INFO - [2025-03-07T16:05:32.133+0100] {dag.py:4180} INFO - Setting next_dagrun for example_params_ui_tutorial to None, run_after=None
[2025-03-07T16:05:32.145+0100] {processor.py:208} INFO - Processing /usr/local/anaconda3/envs/airflow_env/lib/python3.8/site-packages/airflow/example_dags/example_params_ui_tutorial.py took 0.142 seconds
[2025-03-07T16:08:35.551+0100] {processor.py:186} INFO - Started process (PID=14254) to work on /usr/local/anaconda3/envs/airflow_env/lib/python3.8/site-packages/airflow/example_dags/example_params_ui_tutorial.py
[2025-03-07T16:08:35.554+0100] {processor.py:914} INFO - Processing file /usr/local/anaconda3/envs/airflow_env/lib/python3.8/site-packages/airflow/example_dags/example_params_ui_tutorial.py for tasks to queue
[2025-03-07T16:08:35.555+0100] {logging_mixin.py:190} INFO - [2025-03-07T16:08:35.555+0100] {dagbag.py:588} INFO - Filling up the DagBag from /usr/local/anaconda3/envs/airflow_env/lib/python3.8/site-packages/airflow/example_dags/example_params_ui_tutorial.py
[2025-03-07T16:08:35.581+0100] {processor.py:925} INFO - DAG(s) 'example_params_ui_tutorial' retrieved from /usr/local/anaconda3/envs/airflow_env/lib/python3.8/site-packages/airflow/example_dags/example_params_ui_tutorial.py
[2025-03-07T16:08:35.671+0100] {logging_mixin.py:190} INFO - [2025-03-07T16:08:35.671+0100] {dag.py:3239} INFO - Sync 1 DAGs
[2025-03-07T16:08:35.679+0100] {logging_mixin.py:190} INFO - [2025-03-07T16:08:35.679+0100] {dag.py:4180} INFO - Setting next_dagrun for example_params_ui_tutorial to None, run_after=None
[2025-03-07T16:08:35.690+0100] {processor.py:208} INFO - Processing /usr/local/anaconda3/envs/airflow_env/lib/python3.8/site-packages/airflow/example_dags/example_params_ui_tutorial.py took 0.143 seconds
[2025-03-07T16:11:40.670+0100] {processor.py:186} INFO - Started process (PID=14512) to work on /usr/local/anaconda3/envs/airflow_env/lib/python3.8/site-packages/airflow/example_dags/example_params_ui_tutorial.py
[2025-03-07T16:11:40.674+0100] {processor.py:914} INFO - Processing file /usr/local/anaconda3/envs/airflow_env/lib/python3.8/site-packages/airflow/example_dags/example_params_ui_tutorial.py for tasks to queue
[2025-03-07T16:11:40.675+0100] {logging_mixin.py:190} INFO - [2025-03-07T16:11:40.674+0100] {dagbag.py:588} INFO - Filling up the DagBag from /usr/local/anaconda3/envs/airflow_env/lib/python3.8/site-packages/airflow/example_dags/example_params_ui_tutorial.py
[2025-03-07T16:11:40.700+0100] {processor.py:925} INFO - DAG(s) 'example_params_ui_tutorial' retrieved from /usr/local/anaconda3/envs/airflow_env/lib/python3.8/site-packages/airflow/example_dags/example_params_ui_tutorial.py
[2025-03-07T16:11:40.790+0100] {logging_mixin.py:190} INFO - [2025-03-07T16:11:40.790+0100] {dag.py:3239} INFO - Sync 1 DAGs
[2025-03-07T16:11:40.798+0100] {logging_mixin.py:190} INFO - [2025-03-07T16:11:40.798+0100] {dag.py:4180} INFO - Setting next_dagrun for example_params_ui_tutorial to None, run_after=None
[2025-03-07T16:11:40.810+0100] {processor.py:208} INFO - Processing /usr/local/anaconda3/envs/airflow_env/lib/python3.8/site-packages/airflow/example_dags/example_params_ui_tutorial.py took 0.143 seconds
[2025-03-07T16:13:57.357+0100] {processor.py:186} INFO - Started process (PID=14815) to work on /usr/local/anaconda3/envs/airflow_env/lib/python3.8/site-packages/airflow/example_dags/example_params_ui_tutorial.py
[2025-03-07T16:13:57.360+0100] {processor.py:914} INFO - Processing file /usr/local/anaconda3/envs/airflow_env/lib/python3.8/site-packages/airflow/example_dags/example_params_ui_tutorial.py for tasks to queue
[2025-03-07T16:13:57.361+0100] {logging_mixin.py:190} INFO - [2025-03-07T16:13:57.361+0100] {dagbag.py:588} INFO - Filling up the DagBag from /usr/local/anaconda3/envs/airflow_env/lib/python3.8/site-packages/airflow/example_dags/example_params_ui_tutorial.py
[2025-03-07T16:13:57.387+0100] {processor.py:925} INFO - DAG(s) 'example_params_ui_tutorial' retrieved from /usr/local/anaconda3/envs/airflow_env/lib/python3.8/site-packages/airflow/example_dags/example_params_ui_tutorial.py
[2025-03-07T16:13:57.475+0100] {logging_mixin.py:190} INFO - [2025-03-07T16:13:57.475+0100] {dag.py:3239} INFO - Sync 1 DAGs
[2025-03-07T16:13:57.483+0100] {logging_mixin.py:190} INFO - [2025-03-07T16:13:57.483+0100] {dag.py:4180} INFO - Setting next_dagrun for example_params_ui_tutorial to None, run_after=None
[2025-03-07T16:13:57.495+0100] {processor.py:208} INFO - Processing /usr/local/anaconda3/envs/airflow_env/lib/python3.8/site-packages/airflow/example_dags/example_params_ui_tutorial.py took 0.140 seconds
[2025-03-07T16:16:09.858+0100] {processor.py:186} INFO - Started process (PID=15091) to work on /usr/local/anaconda3/envs/airflow_env/lib/python3.8/site-packages/airflow/example_dags/example_params_ui_tutorial.py
[2025-03-07T16:16:09.861+0100] {processor.py:914} INFO - Processing file /usr/local/anaconda3/envs/airflow_env/lib/python3.8/site-packages/airflow/example_dags/example_params_ui_tutorial.py for tasks to queue
[2025-03-07T16:16:09.862+0100] {logging_mixin.py:190} INFO - [2025-03-07T16:16:09.862+0100] {dagbag.py:588} INFO - Filling up the DagBag from /usr/local/anaconda3/envs/airflow_env/lib/python3.8/site-packages/airflow/example_dags/example_params_ui_tutorial.py
[2025-03-07T16:16:09.888+0100] {processor.py:925} INFO - DAG(s) 'example_params_ui_tutorial' retrieved from /usr/local/anaconda3/envs/airflow_env/lib/python3.8/site-packages/airflow/example_dags/example_params_ui_tutorial.py
[2025-03-07T16:16:09.976+0100] {logging_mixin.py:190} INFO - [2025-03-07T16:16:09.976+0100] {dag.py:3239} INFO - Sync 1 DAGs
[2025-03-07T16:16:09.984+0100] {logging_mixin.py:190} INFO - [2025-03-07T16:16:09.984+0100] {dag.py:4180} INFO - Setting next_dagrun for example_params_ui_tutorial to None, run_after=None
[2025-03-07T16:16:09.995+0100] {processor.py:208} INFO - Processing /usr/local/anaconda3/envs/airflow_env/lib/python3.8/site-packages/airflow/example_dags/example_params_ui_tutorial.py took 0.140 seconds
[2025-03-07T16:18:24.588+0100] {processor.py:186} INFO - Started process (PID=15319) to work on /usr/local/anaconda3/envs/airflow_env/lib/python3.8/site-packages/airflow/example_dags/example_params_ui_tutorial.py
[2025-03-07T16:18:24.591+0100] {processor.py:914} INFO - Processing file /usr/local/anaconda3/envs/airflow_env/lib/python3.8/site-packages/airflow/example_dags/example_params_ui_tutorial.py for tasks to queue
[2025-03-07T16:18:24.592+0100] {logging_mixin.py:190} INFO - [2025-03-07T16:18:24.592+0100] {dagbag.py:588} INFO - Filling up the DagBag from /usr/local/anaconda3/envs/airflow_env/lib/python3.8/site-packages/airflow/example_dags/example_params_ui_tutorial.py
[2025-03-07T16:18:24.618+0100] {processor.py:925} INFO - DAG(s) 'example_params_ui_tutorial' retrieved from /usr/local/anaconda3/envs/airflow_env/lib/python3.8/site-packages/airflow/example_dags/example_params_ui_tutorial.py
[2025-03-07T16:18:24.708+0100] {logging_mixin.py:190} INFO - [2025-03-07T16:18:24.708+0100] {dag.py:3239} INFO - Sync 1 DAGs
[2025-03-07T16:18:24.716+0100] {logging_mixin.py:190} INFO - [2025-03-07T16:18:24.716+0100] {dag.py:4180} INFO - Setting next_dagrun for example_params_ui_tutorial to None, run_after=None
[2025-03-07T16:18:24.727+0100] {processor.py:208} INFO - Processing /usr/local/anaconda3/envs/airflow_env/lib/python3.8/site-packages/airflow/example_dags/example_params_ui_tutorial.py took 0.142 seconds
[2025-03-07T16:20:41.340+0100] {processor.py:186} INFO - Started process (PID=15583) to work on /usr/local/anaconda3/envs/airflow_env/lib/python3.8/site-packages/airflow/example_dags/example_params_ui_tutorial.py
[2025-03-07T16:20:41.343+0100] {processor.py:914} INFO - Processing file /usr/local/anaconda3/envs/airflow_env/lib/python3.8/site-packages/airflow/example_dags/example_params_ui_tutorial.py for tasks to queue
[2025-03-07T16:20:41.344+0100] {logging_mixin.py:190} INFO - [2025-03-07T16:20:41.344+0100] {dagbag.py:588} INFO - Filling up the DagBag from /usr/local/anaconda3/envs/airflow_env/lib/python3.8/site-packages/airflow/example_dags/example_params_ui_tutorial.py
[2025-03-07T16:20:41.370+0100] {processor.py:925} INFO - DAG(s) 'example_params_ui_tutorial' retrieved from /usr/local/anaconda3/envs/airflow_env/lib/python3.8/site-packages/airflow/example_dags/example_params_ui_tutorial.py
[2025-03-07T16:20:41.462+0100] {logging_mixin.py:190} INFO - [2025-03-07T16:20:41.462+0100] {dag.py:3239} INFO - Sync 1 DAGs
[2025-03-07T16:20:41.470+0100] {logging_mixin.py:190} INFO - [2025-03-07T16:20:41.470+0100] {dag.py:4180} INFO - Setting next_dagrun for example_params_ui_tutorial to None, run_after=None
[2025-03-07T16:20:41.482+0100] {processor.py:208} INFO - Processing /usr/local/anaconda3/envs/airflow_env/lib/python3.8/site-packages/airflow/example_dags/example_params_ui_tutorial.py took 0.146 seconds
[2025-03-07T16:24:40.611+0100] {processor.py:186} INFO - Started process (PID=15967) to work on /usr/local/anaconda3/envs/airflow_env/lib/python3.8/site-packages/airflow/example_dags/example_params_ui_tutorial.py
[2025-03-07T16:24:40.614+0100] {processor.py:914} INFO - Processing file /usr/local/anaconda3/envs/airflow_env/lib/python3.8/site-packages/airflow/example_dags/example_params_ui_tutorial.py for tasks to queue
[2025-03-07T16:24:40.615+0100] {logging_mixin.py:190} INFO - [2025-03-07T16:24:40.615+0100] {dagbag.py:588} INFO - Filling up the DagBag from /usr/local/anaconda3/envs/airflow_env/lib/python3.8/site-packages/airflow/example_dags/example_params_ui_tutorial.py
[2025-03-07T16:24:40.641+0100] {processor.py:925} INFO - DAG(s) 'example_params_ui_tutorial' retrieved from /usr/local/anaconda3/envs/airflow_env/lib/python3.8/site-packages/airflow/example_dags/example_params_ui_tutorial.py
[2025-03-07T16:24:40.752+0100] {logging_mixin.py:190} INFO - [2025-03-07T16:24:40.752+0100] {dag.py:3239} INFO - Sync 1 DAGs
[2025-03-07T16:24:40.760+0100] {logging_mixin.py:190} INFO - [2025-03-07T16:24:40.760+0100] {dag.py:4180} INFO - Setting next_dagrun for example_params_ui_tutorial to None, run_after=None
[2025-03-07T16:24:40.774+0100] {processor.py:208} INFO - Processing /usr/local/anaconda3/envs/airflow_env/lib/python3.8/site-packages/airflow/example_dags/example_params_ui_tutorial.py took 0.165 seconds
[2025-03-07T16:30:47.448+0100] {processor.py:186} INFO - Started process (PID=16349) to work on /usr/local/anaconda3/envs/airflow_env/lib/python3.8/site-packages/airflow/example_dags/example_params_ui_tutorial.py
[2025-03-07T16:30:47.451+0100] {processor.py:914} INFO - Processing file /usr/local/anaconda3/envs/airflow_env/lib/python3.8/site-packages/airflow/example_dags/example_params_ui_tutorial.py for tasks to queue
[2025-03-07T16:30:47.452+0100] {logging_mixin.py:190} INFO - [2025-03-07T16:30:47.452+0100] {dagbag.py:588} INFO - Filling up the DagBag from /usr/local/anaconda3/envs/airflow_env/lib/python3.8/site-packages/airflow/example_dags/example_params_ui_tutorial.py
[2025-03-07T16:30:47.479+0100] {processor.py:925} INFO - DAG(s) 'example_params_ui_tutorial' retrieved from /usr/local/anaconda3/envs/airflow_env/lib/python3.8/site-packages/airflow/example_dags/example_params_ui_tutorial.py
[2025-03-07T16:30:47.579+0100] {logging_mixin.py:190} INFO - [2025-03-07T16:30:47.579+0100] {dag.py:3239} INFO - Sync 1 DAGs
[2025-03-07T16:30:47.588+0100] {logging_mixin.py:190} INFO - [2025-03-07T16:30:47.588+0100] {dag.py:4180} INFO - Setting next_dagrun for example_params_ui_tutorial to None, run_after=None
[2025-03-07T16:30:47.602+0100] {processor.py:208} INFO - Processing /usr/local/anaconda3/envs/airflow_env/lib/python3.8/site-packages/airflow/example_dags/example_params_ui_tutorial.py took 0.157 seconds
