[2025-03-07T14:11:53.385+0100] {processor.py:186} INFO - Started process (PID=2790) to work on /usr/local/anaconda3/envs/airflow_env/lib/python3.8/site-packages/airflow/example_dags/example_python_decorator.py
[2025-03-07T14:11:53.388+0100] {processor.py:914} INFO - Processing file /usr/local/anaconda3/envs/airflow_env/lib/python3.8/site-packages/airflow/example_dags/example_python_decorator.py for tasks to queue
[2025-03-07T14:11:53.389+0100] {logging_mixin.py:190} INFO - [2025-03-07T14:11:53.389+0100] {dagbag.py:588} INFO - Filling up the DagBag from /usr/local/anaconda3/envs/airflow_env/lib/python3.8/site-packages/airflow/example_dags/example_python_decorator.py
[2025-03-07T14:11:53.414+0100] {logging_mixin.py:190} INFO - [2025-03-07T14:11:53.413+0100] {example_python_decorator.py:80} WARNING - The virtalenv_python example task requires virtualenv, please install it.
[2025-03-07T14:11:53.415+0100] {processor.py:925} INFO - DAG(s) 'example_python_decorator' retrieved from /usr/local/anaconda3/envs/airflow_env/lib/python3.8/site-packages/airflow/example_dags/example_python_decorator.py
[2025-03-07T14:11:53.538+0100] {logging_mixin.py:190} INFO - [2025-03-07T14:11:53.537+0100] {override.py:1901} INFO - Created Permission View: can delete on DAG:example_python_decorator
[2025-03-07T14:11:53.543+0100] {logging_mixin.py:190} INFO - [2025-03-07T14:11:53.543+0100] {override.py:1901} INFO - Created Permission View: can read on DAG:example_python_decorator
[2025-03-07T14:11:53.547+0100] {logging_mixin.py:190} INFO - [2025-03-07T14:11:53.547+0100] {override.py:1901} INFO - Created Permission View: can edit on DAG:example_python_decorator
[2025-03-07T14:11:53.552+0100] {logging_mixin.py:190} INFO - [2025-03-07T14:11:53.552+0100] {override.py:1901} INFO - Created Permission View: can delete on DAG Run:example_python_decorator
[2025-03-07T14:11:53.556+0100] {logging_mixin.py:190} INFO - [2025-03-07T14:11:53.556+0100] {override.py:1901} INFO - Created Permission View: can read on DAG Run:example_python_decorator
[2025-03-07T14:11:53.560+0100] {logging_mixin.py:190} INFO - [2025-03-07T14:11:53.560+0100] {override.py:1901} INFO - Created Permission View: menu access on DAG Run:example_python_decorator
[2025-03-07T14:11:53.564+0100] {logging_mixin.py:190} INFO - [2025-03-07T14:11:53.564+0100] {override.py:1901} INFO - Created Permission View: can create on DAG Run:example_python_decorator
[2025-03-07T14:11:53.564+0100] {logging_mixin.py:190} INFO - [2025-03-07T14:11:53.564+0100] {dag.py:3239} INFO - Sync 1 DAGs
[2025-03-07T14:11:53.573+0100] {logging_mixin.py:190} INFO - [2025-03-07T14:11:53.573+0100] {dag.py:3262} INFO - Creating ORM DAG for example_python_decorator
[2025-03-07T14:11:53.573+0100] {logging_mixin.py:190} INFO - [2025-03-07T14:11:53.573+0100] {dag.py:4180} INFO - Setting next_dagrun for example_python_decorator to None, run_after=None
[2025-03-07T14:11:53.584+0100] {processor.py:208} INFO - Processing /usr/local/anaconda3/envs/airflow_env/lib/python3.8/site-packages/airflow/example_dags/example_python_decorator.py took 0.203 seconds
[2025-03-07T14:15:18.434+0100] {processor.py:186} INFO - Started process (PID=3109) to work on /usr/local/anaconda3/envs/airflow_env/lib/python3.8/site-packages/airflow/example_dags/example_python_decorator.py
[2025-03-07T14:15:18.437+0100] {processor.py:914} INFO - Processing file /usr/local/anaconda3/envs/airflow_env/lib/python3.8/site-packages/airflow/example_dags/example_python_decorator.py for tasks to queue
[2025-03-07T14:15:18.437+0100] {logging_mixin.py:190} INFO - [2025-03-07T14:15:18.437+0100] {dagbag.py:588} INFO - Filling up the DagBag from /usr/local/anaconda3/envs/airflow_env/lib/python3.8/site-packages/airflow/example_dags/example_python_decorator.py
[2025-03-07T14:15:18.463+0100] {logging_mixin.py:190} INFO - [2025-03-07T14:15:18.462+0100] {example_python_decorator.py:80} WARNING - The virtalenv_python example task requires virtualenv, please install it.
[2025-03-07T14:15:18.464+0100] {processor.py:925} INFO - DAG(s) 'example_python_decorator' retrieved from /usr/local/anaconda3/envs/airflow_env/lib/python3.8/site-packages/airflow/example_dags/example_python_decorator.py
[2025-03-07T14:15:18.535+0100] {logging_mixin.py:190} INFO - [2025-03-07T14:15:18.535+0100] {dag.py:3239} INFO - Sync 1 DAGs
[2025-03-07T14:15:18.542+0100] {logging_mixin.py:190} INFO - [2025-03-07T14:15:18.542+0100] {dag.py:4180} INFO - Setting next_dagrun for example_python_decorator to None, run_after=None
[2025-03-07T14:15:18.555+0100] {processor.py:208} INFO - Processing /usr/local/anaconda3/envs/airflow_env/lib/python3.8/site-packages/airflow/example_dags/example_python_decorator.py took 0.124 seconds
[2025-03-07T14:17:29.397+0100] {processor.py:186} INFO - Started process (PID=3373) to work on /usr/local/anaconda3/envs/airflow_env/lib/python3.8/site-packages/airflow/example_dags/example_python_decorator.py
[2025-03-07T14:17:29.401+0100] {processor.py:914} INFO - Processing file /usr/local/anaconda3/envs/airflow_env/lib/python3.8/site-packages/airflow/example_dags/example_python_decorator.py for tasks to queue
[2025-03-07T14:17:29.402+0100] {logging_mixin.py:190} INFO - [2025-03-07T14:17:29.401+0100] {dagbag.py:588} INFO - Filling up the DagBag from /usr/local/anaconda3/envs/airflow_env/lib/python3.8/site-packages/airflow/example_dags/example_python_decorator.py
[2025-03-07T14:17:29.426+0100] {logging_mixin.py:190} INFO - [2025-03-07T14:17:29.426+0100] {example_python_decorator.py:80} WARNING - The virtalenv_python example task requires virtualenv, please install it.
[2025-03-07T14:17:29.427+0100] {processor.py:925} INFO - DAG(s) 'example_python_decorator' retrieved from /usr/local/anaconda3/envs/airflow_env/lib/python3.8/site-packages/airflow/example_dags/example_python_decorator.py
[2025-03-07T14:17:29.497+0100] {logging_mixin.py:190} INFO - [2025-03-07T14:17:29.497+0100] {dag.py:3239} INFO - Sync 1 DAGs
[2025-03-07T14:17:29.505+0100] {logging_mixin.py:190} INFO - [2025-03-07T14:17:29.504+0100] {dag.py:4180} INFO - Setting next_dagrun for example_python_decorator to None, run_after=None
[2025-03-07T14:17:29.517+0100] {processor.py:208} INFO - Processing /usr/local/anaconda3/envs/airflow_env/lib/python3.8/site-packages/airflow/example_dags/example_python_decorator.py took 0.122 seconds
[2025-03-07T14:19:44.851+0100] {processor.py:186} INFO - Started process (PID=3613) to work on /usr/local/anaconda3/envs/airflow_env/lib/python3.8/site-packages/airflow/example_dags/example_python_decorator.py
[2025-03-07T14:19:44.854+0100] {processor.py:914} INFO - Processing file /usr/local/anaconda3/envs/airflow_env/lib/python3.8/site-packages/airflow/example_dags/example_python_decorator.py for tasks to queue
[2025-03-07T14:19:44.855+0100] {logging_mixin.py:190} INFO - [2025-03-07T14:19:44.855+0100] {dagbag.py:588} INFO - Filling up the DagBag from /usr/local/anaconda3/envs/airflow_env/lib/python3.8/site-packages/airflow/example_dags/example_python_decorator.py
[2025-03-07T14:19:44.880+0100] {logging_mixin.py:190} INFO - [2025-03-07T14:19:44.880+0100] {example_python_decorator.py:80} WARNING - The virtalenv_python example task requires virtualenv, please install it.
[2025-03-07T14:19:44.881+0100] {processor.py:925} INFO - DAG(s) 'example_python_decorator' retrieved from /usr/local/anaconda3/envs/airflow_env/lib/python3.8/site-packages/airflow/example_dags/example_python_decorator.py
[2025-03-07T14:19:44.951+0100] {logging_mixin.py:190} INFO - [2025-03-07T14:19:44.951+0100] {dag.py:3239} INFO - Sync 1 DAGs
[2025-03-07T14:19:44.958+0100] {logging_mixin.py:190} INFO - [2025-03-07T14:19:44.958+0100] {dag.py:4180} INFO - Setting next_dagrun for example_python_decorator to None, run_after=None
[2025-03-07T14:19:44.971+0100] {processor.py:208} INFO - Processing /usr/local/anaconda3/envs/airflow_env/lib/python3.8/site-packages/airflow/example_dags/example_python_decorator.py took 0.123 seconds
[2025-03-07T14:22:03.587+0100] {processor.py:186} INFO - Started process (PID=3874) to work on /usr/local/anaconda3/envs/airflow_env/lib/python3.8/site-packages/airflow/example_dags/example_python_decorator.py
[2025-03-07T14:22:03.591+0100] {processor.py:914} INFO - Processing file /usr/local/anaconda3/envs/airflow_env/lib/python3.8/site-packages/airflow/example_dags/example_python_decorator.py for tasks to queue
[2025-03-07T14:22:03.592+0100] {logging_mixin.py:190} INFO - [2025-03-07T14:22:03.591+0100] {dagbag.py:588} INFO - Filling up the DagBag from /usr/local/anaconda3/envs/airflow_env/lib/python3.8/site-packages/airflow/example_dags/example_python_decorator.py
[2025-03-07T14:22:03.617+0100] {logging_mixin.py:190} INFO - [2025-03-07T14:22:03.616+0100] {example_python_decorator.py:80} WARNING - The virtalenv_python example task requires virtualenv, please install it.
[2025-03-07T14:22:03.618+0100] {processor.py:925} INFO - DAG(s) 'example_python_decorator' retrieved from /usr/local/anaconda3/envs/airflow_env/lib/python3.8/site-packages/airflow/example_dags/example_python_decorator.py
[2025-03-07T14:22:03.687+0100] {logging_mixin.py:190} INFO - [2025-03-07T14:22:03.687+0100] {dag.py:3239} INFO - Sync 1 DAGs
[2025-03-07T14:22:03.694+0100] {logging_mixin.py:190} INFO - [2025-03-07T14:22:03.694+0100] {dag.py:4180} INFO - Setting next_dagrun for example_python_decorator to None, run_after=None
[2025-03-07T14:22:03.706+0100] {processor.py:208} INFO - Processing /usr/local/anaconda3/envs/airflow_env/lib/python3.8/site-packages/airflow/example_dags/example_python_decorator.py took 0.122 seconds
[2025-03-07T14:24:25.608+0100] {processor.py:186} INFO - Started process (PID=4126) to work on /usr/local/anaconda3/envs/airflow_env/lib/python3.8/site-packages/airflow/example_dags/example_python_decorator.py
[2025-03-07T14:24:25.611+0100] {processor.py:914} INFO - Processing file /usr/local/anaconda3/envs/airflow_env/lib/python3.8/site-packages/airflow/example_dags/example_python_decorator.py for tasks to queue
[2025-03-07T14:24:25.612+0100] {logging_mixin.py:190} INFO - [2025-03-07T14:24:25.612+0100] {dagbag.py:588} INFO - Filling up the DagBag from /usr/local/anaconda3/envs/airflow_env/lib/python3.8/site-packages/airflow/example_dags/example_python_decorator.py
[2025-03-07T14:24:25.636+0100] {logging_mixin.py:190} INFO - [2025-03-07T14:24:25.636+0100] {example_python_decorator.py:80} WARNING - The virtalenv_python example task requires virtualenv, please install it.
[2025-03-07T14:24:25.637+0100] {processor.py:925} INFO - DAG(s) 'example_python_decorator' retrieved from /usr/local/anaconda3/envs/airflow_env/lib/python3.8/site-packages/airflow/example_dags/example_python_decorator.py
[2025-03-07T14:24:25.706+0100] {logging_mixin.py:190} INFO - [2025-03-07T14:24:25.706+0100] {dag.py:3239} INFO - Sync 1 DAGs
[2025-03-07T14:24:25.713+0100] {logging_mixin.py:190} INFO - [2025-03-07T14:24:25.713+0100] {dag.py:4180} INFO - Setting next_dagrun for example_python_decorator to None, run_after=None
[2025-03-07T14:24:25.725+0100] {processor.py:208} INFO - Processing /usr/local/anaconda3/envs/airflow_env/lib/python3.8/site-packages/airflow/example_dags/example_python_decorator.py took 0.120 seconds
[2025-03-07T14:44:47.026+0100] {processor.py:186} INFO - Started process (PID=4968) to work on /usr/local/anaconda3/envs/airflow_env/lib/python3.8/site-packages/airflow/example_dags/example_python_decorator.py
[2025-03-07T14:44:47.029+0100] {processor.py:914} INFO - Processing file /usr/local/anaconda3/envs/airflow_env/lib/python3.8/site-packages/airflow/example_dags/example_python_decorator.py for tasks to queue
[2025-03-07T14:44:47.030+0100] {logging_mixin.py:190} INFO - [2025-03-07T14:44:47.030+0100] {dagbag.py:588} INFO - Filling up the DagBag from /usr/local/anaconda3/envs/airflow_env/lib/python3.8/site-packages/airflow/example_dags/example_python_decorator.py
[2025-03-07T14:44:47.054+0100] {logging_mixin.py:190} INFO - [2025-03-07T14:44:47.054+0100] {example_python_decorator.py:80} WARNING - The virtalenv_python example task requires virtualenv, please install it.
[2025-03-07T14:44:47.056+0100] {processor.py:925} INFO - DAG(s) 'example_python_decorator' retrieved from /usr/local/anaconda3/envs/airflow_env/lib/python3.8/site-packages/airflow/example_dags/example_python_decorator.py
[2025-03-07T14:44:47.128+0100] {logging_mixin.py:190} INFO - [2025-03-07T14:44:47.127+0100] {dag.py:3239} INFO - Sync 1 DAGs
[2025-03-07T14:44:47.135+0100] {logging_mixin.py:190} INFO - [2025-03-07T14:44:47.135+0100] {dag.py:4180} INFO - Setting next_dagrun for example_python_decorator to None, run_after=None
[2025-03-07T14:44:47.147+0100] {processor.py:208} INFO - Processing /usr/local/anaconda3/envs/airflow_env/lib/python3.8/site-packages/airflow/example_dags/example_python_decorator.py took 0.123 seconds
[2025-03-07T14:47:37.533+0100] {processor.py:186} INFO - Started process (PID=5230) to work on /usr/local/anaconda3/envs/airflow_env/lib/python3.8/site-packages/airflow/example_dags/example_python_decorator.py
[2025-03-07T14:47:37.536+0100] {processor.py:914} INFO - Processing file /usr/local/anaconda3/envs/airflow_env/lib/python3.8/site-packages/airflow/example_dags/example_python_decorator.py for tasks to queue
[2025-03-07T14:47:37.537+0100] {logging_mixin.py:190} INFO - [2025-03-07T14:47:37.537+0100] {dagbag.py:588} INFO - Filling up the DagBag from /usr/local/anaconda3/envs/airflow_env/lib/python3.8/site-packages/airflow/example_dags/example_python_decorator.py
[2025-03-07T14:47:37.561+0100] {logging_mixin.py:190} INFO - [2025-03-07T14:47:37.561+0100] {example_python_decorator.py:80} WARNING - The virtalenv_python example task requires virtualenv, please install it.
[2025-03-07T14:47:37.563+0100] {processor.py:925} INFO - DAG(s) 'example_python_decorator' retrieved from /usr/local/anaconda3/envs/airflow_env/lib/python3.8/site-packages/airflow/example_dags/example_python_decorator.py
[2025-03-07T14:47:37.632+0100] {logging_mixin.py:190} INFO - [2025-03-07T14:47:37.632+0100] {dag.py:3239} INFO - Sync 1 DAGs
[2025-03-07T14:47:37.640+0100] {logging_mixin.py:190} INFO - [2025-03-07T14:47:37.640+0100] {dag.py:4180} INFO - Setting next_dagrun for example_python_decorator to None, run_after=None
[2025-03-07T14:47:37.651+0100] {processor.py:208} INFO - Processing /usr/local/anaconda3/envs/airflow_env/lib/python3.8/site-packages/airflow/example_dags/example_python_decorator.py took 0.121 seconds
[2025-03-07T14:50:41.308+0100] {processor.py:186} INFO - Started process (PID=5640) to work on /usr/local/anaconda3/envs/airflow_env/lib/python3.8/site-packages/airflow/example_dags/example_python_decorator.py
[2025-03-07T14:50:41.311+0100] {processor.py:914} INFO - Processing file /usr/local/anaconda3/envs/airflow_env/lib/python3.8/site-packages/airflow/example_dags/example_python_decorator.py for tasks to queue
[2025-03-07T14:50:41.312+0100] {logging_mixin.py:190} INFO - [2025-03-07T14:50:41.312+0100] {dagbag.py:588} INFO - Filling up the DagBag from /usr/local/anaconda3/envs/airflow_env/lib/python3.8/site-packages/airflow/example_dags/example_python_decorator.py
[2025-03-07T14:50:41.336+0100] {logging_mixin.py:190} INFO - [2025-03-07T14:50:41.335+0100] {example_python_decorator.py:80} WARNING - The virtalenv_python example task requires virtualenv, please install it.
[2025-03-07T14:50:41.337+0100] {processor.py:925} INFO - DAG(s) 'example_python_decorator' retrieved from /usr/local/anaconda3/envs/airflow_env/lib/python3.8/site-packages/airflow/example_dags/example_python_decorator.py
[2025-03-07T14:50:41.406+0100] {logging_mixin.py:190} INFO - [2025-03-07T14:50:41.406+0100] {dag.py:3239} INFO - Sync 1 DAGs
[2025-03-07T14:50:41.414+0100] {logging_mixin.py:190} INFO - [2025-03-07T14:50:41.414+0100] {dag.py:4180} INFO - Setting next_dagrun for example_python_decorator to None, run_after=None
[2025-03-07T14:50:41.425+0100] {processor.py:208} INFO - Processing /usr/local/anaconda3/envs/airflow_env/lib/python3.8/site-packages/airflow/example_dags/example_python_decorator.py took 0.120 seconds
[2025-03-07T14:54:11.305+0100] {processor.py:186} INFO - Started process (PID=6079) to work on /usr/local/anaconda3/envs/airflow_env/lib/python3.8/site-packages/airflow/example_dags/example_python_decorator.py
[2025-03-07T14:54:11.308+0100] {processor.py:914} INFO - Processing file /usr/local/anaconda3/envs/airflow_env/lib/python3.8/site-packages/airflow/example_dags/example_python_decorator.py for tasks to queue
[2025-03-07T14:54:11.309+0100] {logging_mixin.py:190} INFO - [2025-03-07T14:54:11.309+0100] {dagbag.py:588} INFO - Filling up the DagBag from /usr/local/anaconda3/envs/airflow_env/lib/python3.8/site-packages/airflow/example_dags/example_python_decorator.py
[2025-03-07T14:54:11.333+0100] {logging_mixin.py:190} INFO - [2025-03-07T14:54:11.333+0100] {example_python_decorator.py:80} WARNING - The virtalenv_python example task requires virtualenv, please install it.
[2025-03-07T14:54:11.334+0100] {processor.py:925} INFO - DAG(s) 'example_python_decorator' retrieved from /usr/local/anaconda3/envs/airflow_env/lib/python3.8/site-packages/airflow/example_dags/example_python_decorator.py
[2025-03-07T14:54:11.403+0100] {logging_mixin.py:190} INFO - [2025-03-07T14:54:11.403+0100] {dag.py:3239} INFO - Sync 1 DAGs
[2025-03-07T14:54:11.411+0100] {logging_mixin.py:190} INFO - [2025-03-07T14:54:11.411+0100] {dag.py:4180} INFO - Setting next_dagrun for example_python_decorator to None, run_after=None
[2025-03-07T14:54:11.423+0100] {processor.py:208} INFO - Processing /usr/local/anaconda3/envs/airflow_env/lib/python3.8/site-packages/airflow/example_dags/example_python_decorator.py took 0.121 seconds
[2025-03-07T14:56:53.803+0100] {processor.py:186} INFO - Started process (PID=6401) to work on /usr/local/anaconda3/envs/airflow_env/lib/python3.8/site-packages/airflow/example_dags/example_python_decorator.py
[2025-03-07T14:56:53.806+0100] {processor.py:914} INFO - Processing file /usr/local/anaconda3/envs/airflow_env/lib/python3.8/site-packages/airflow/example_dags/example_python_decorator.py for tasks to queue
[2025-03-07T14:56:53.807+0100] {logging_mixin.py:190} INFO - [2025-03-07T14:56:53.807+0100] {dagbag.py:588} INFO - Filling up the DagBag from /usr/local/anaconda3/envs/airflow_env/lib/python3.8/site-packages/airflow/example_dags/example_python_decorator.py
[2025-03-07T14:56:53.831+0100] {logging_mixin.py:190} INFO - [2025-03-07T14:56:53.831+0100] {example_python_decorator.py:80} WARNING - The virtalenv_python example task requires virtualenv, please install it.
[2025-03-07T14:56:53.833+0100] {processor.py:925} INFO - DAG(s) 'example_python_decorator' retrieved from /usr/local/anaconda3/envs/airflow_env/lib/python3.8/site-packages/airflow/example_dags/example_python_decorator.py
[2025-03-07T14:56:53.903+0100] {logging_mixin.py:190} INFO - [2025-03-07T14:56:53.902+0100] {dag.py:3239} INFO - Sync 1 DAGs
[2025-03-07T14:56:53.910+0100] {logging_mixin.py:190} INFO - [2025-03-07T14:56:53.910+0100] {dag.py:4180} INFO - Setting next_dagrun for example_python_decorator to None, run_after=None
[2025-03-07T14:56:53.921+0100] {processor.py:208} INFO - Processing /usr/local/anaconda3/envs/airflow_env/lib/python3.8/site-packages/airflow/example_dags/example_python_decorator.py took 0.121 seconds
[2025-03-07T14:59:05.113+0100] {processor.py:186} INFO - Started process (PID=6661) to work on /usr/local/anaconda3/envs/airflow_env/lib/python3.8/site-packages/airflow/example_dags/example_python_decorator.py
[2025-03-07T14:59:05.117+0100] {processor.py:914} INFO - Processing file /usr/local/anaconda3/envs/airflow_env/lib/python3.8/site-packages/airflow/example_dags/example_python_decorator.py for tasks to queue
[2025-03-07T14:59:05.118+0100] {logging_mixin.py:190} INFO - [2025-03-07T14:59:05.118+0100] {dagbag.py:588} INFO - Filling up the DagBag from /usr/local/anaconda3/envs/airflow_env/lib/python3.8/site-packages/airflow/example_dags/example_python_decorator.py
[2025-03-07T14:59:05.148+0100] {logging_mixin.py:190} INFO - [2025-03-07T14:59:05.148+0100] {example_python_decorator.py:80} WARNING - The virtalenv_python example task requires virtualenv, please install it.
[2025-03-07T14:59:05.150+0100] {processor.py:925} INFO - DAG(s) 'example_python_decorator' retrieved from /usr/local/anaconda3/envs/airflow_env/lib/python3.8/site-packages/airflow/example_dags/example_python_decorator.py
[2025-03-07T14:59:05.229+0100] {logging_mixin.py:190} INFO - [2025-03-07T14:59:05.229+0100] {dag.py:3239} INFO - Sync 1 DAGs
[2025-03-07T14:59:05.238+0100] {logging_mixin.py:190} INFO - [2025-03-07T14:59:05.238+0100] {dag.py:4180} INFO - Setting next_dagrun for example_python_decorator to None, run_after=None
[2025-03-07T14:59:05.252+0100] {processor.py:208} INFO - Processing /usr/local/anaconda3/envs/airflow_env/lib/python3.8/site-packages/airflow/example_dags/example_python_decorator.py took 0.142 seconds
[2025-03-07T15:01:30.197+0100] {processor.py:186} INFO - Started process (PID=6960) to work on /usr/local/anaconda3/envs/airflow_env/lib/python3.8/site-packages/airflow/example_dags/example_python_decorator.py
[2025-03-07T15:01:30.201+0100] {processor.py:914} INFO - Processing file /usr/local/anaconda3/envs/airflow_env/lib/python3.8/site-packages/airflow/example_dags/example_python_decorator.py for tasks to queue
[2025-03-07T15:01:30.202+0100] {logging_mixin.py:190} INFO - [2025-03-07T15:01:30.201+0100] {dagbag.py:588} INFO - Filling up the DagBag from /usr/local/anaconda3/envs/airflow_env/lib/python3.8/site-packages/airflow/example_dags/example_python_decorator.py
[2025-03-07T15:01:30.227+0100] {logging_mixin.py:190} INFO - [2025-03-07T15:01:30.226+0100] {example_python_decorator.py:80} WARNING - The virtalenv_python example task requires virtualenv, please install it.
[2025-03-07T15:01:30.228+0100] {processor.py:925} INFO - DAG(s) 'example_python_decorator' retrieved from /usr/local/anaconda3/envs/airflow_env/lib/python3.8/site-packages/airflow/example_dags/example_python_decorator.py
[2025-03-07T15:01:30.299+0100] {logging_mixin.py:190} INFO - [2025-03-07T15:01:30.299+0100] {dag.py:3239} INFO - Sync 1 DAGs
[2025-03-07T15:01:30.307+0100] {logging_mixin.py:190} INFO - [2025-03-07T15:01:30.307+0100] {dag.py:4180} INFO - Setting next_dagrun for example_python_decorator to None, run_after=None
[2025-03-07T15:01:30.320+0100] {processor.py:208} INFO - Processing /usr/local/anaconda3/envs/airflow_env/lib/python3.8/site-packages/airflow/example_dags/example_python_decorator.py took 0.125 seconds
[2025-03-07T15:03:48.157+0100] {processor.py:186} INFO - Started process (PID=7190) to work on /usr/local/anaconda3/envs/airflow_env/lib/python3.8/site-packages/airflow/example_dags/example_python_decorator.py
[2025-03-07T15:03:48.160+0100] {processor.py:914} INFO - Processing file /usr/local/anaconda3/envs/airflow_env/lib/python3.8/site-packages/airflow/example_dags/example_python_decorator.py for tasks to queue
[2025-03-07T15:03:48.161+0100] {logging_mixin.py:190} INFO - [2025-03-07T15:03:48.161+0100] {dagbag.py:588} INFO - Filling up the DagBag from /usr/local/anaconda3/envs/airflow_env/lib/python3.8/site-packages/airflow/example_dags/example_python_decorator.py
[2025-03-07T15:03:48.186+0100] {logging_mixin.py:190} INFO - [2025-03-07T15:03:48.186+0100] {example_python_decorator.py:80} WARNING - The virtalenv_python example task requires virtualenv, please install it.
[2025-03-07T15:03:48.188+0100] {processor.py:925} INFO - DAG(s) 'example_python_decorator' retrieved from /usr/local/anaconda3/envs/airflow_env/lib/python3.8/site-packages/airflow/example_dags/example_python_decorator.py
[2025-03-07T15:03:48.258+0100] {logging_mixin.py:190} INFO - [2025-03-07T15:03:48.258+0100] {dag.py:3239} INFO - Sync 1 DAGs
[2025-03-07T15:03:48.266+0100] {logging_mixin.py:190} INFO - [2025-03-07T15:03:48.265+0100] {dag.py:4180} INFO - Setting next_dagrun for example_python_decorator to None, run_after=None
[2025-03-07T15:03:48.278+0100] {processor.py:208} INFO - Processing /usr/local/anaconda3/envs/airflow_env/lib/python3.8/site-packages/airflow/example_dags/example_python_decorator.py took 0.124 seconds
[2025-03-07T15:06:06.351+0100] {processor.py:186} INFO - Started process (PID=7445) to work on /usr/local/anaconda3/envs/airflow_env/lib/python3.8/site-packages/airflow/example_dags/example_python_decorator.py
[2025-03-07T15:06:06.355+0100] {processor.py:914} INFO - Processing file /usr/local/anaconda3/envs/airflow_env/lib/python3.8/site-packages/airflow/example_dags/example_python_decorator.py for tasks to queue
[2025-03-07T15:06:06.355+0100] {logging_mixin.py:190} INFO - [2025-03-07T15:06:06.355+0100] {dagbag.py:588} INFO - Filling up the DagBag from /usr/local/anaconda3/envs/airflow_env/lib/python3.8/site-packages/airflow/example_dags/example_python_decorator.py
[2025-03-07T15:06:06.379+0100] {logging_mixin.py:190} INFO - [2025-03-07T15:06:06.379+0100] {example_python_decorator.py:80} WARNING - The virtalenv_python example task requires virtualenv, please install it.
[2025-03-07T15:06:06.381+0100] {processor.py:925} INFO - DAG(s) 'example_python_decorator' retrieved from /usr/local/anaconda3/envs/airflow_env/lib/python3.8/site-packages/airflow/example_dags/example_python_decorator.py
[2025-03-07T15:06:06.450+0100] {logging_mixin.py:190} INFO - [2025-03-07T15:06:06.450+0100] {dag.py:3239} INFO - Sync 1 DAGs
[2025-03-07T15:06:06.458+0100] {logging_mixin.py:190} INFO - [2025-03-07T15:06:06.458+0100] {dag.py:4180} INFO - Setting next_dagrun for example_python_decorator to None, run_after=None
[2025-03-07T15:06:06.469+0100] {processor.py:208} INFO - Processing /usr/local/anaconda3/envs/airflow_env/lib/python3.8/site-packages/airflow/example_dags/example_python_decorator.py took 0.121 seconds
[2025-03-07T15:08:31.709+0100] {processor.py:186} INFO - Started process (PID=7686) to work on /usr/local/anaconda3/envs/airflow_env/lib/python3.8/site-packages/airflow/example_dags/example_python_decorator.py
[2025-03-07T15:08:31.712+0100] {processor.py:914} INFO - Processing file /usr/local/anaconda3/envs/airflow_env/lib/python3.8/site-packages/airflow/example_dags/example_python_decorator.py for tasks to queue
[2025-03-07T15:08:31.713+0100] {logging_mixin.py:190} INFO - [2025-03-07T15:08:31.713+0100] {dagbag.py:588} INFO - Filling up the DagBag from /usr/local/anaconda3/envs/airflow_env/lib/python3.8/site-packages/airflow/example_dags/example_python_decorator.py
[2025-03-07T15:08:31.739+0100] {logging_mixin.py:190} INFO - [2025-03-07T15:08:31.739+0100] {example_python_decorator.py:80} WARNING - The virtalenv_python example task requires virtualenv, please install it.
[2025-03-07T15:08:31.740+0100] {processor.py:925} INFO - DAG(s) 'example_python_decorator' retrieved from /usr/local/anaconda3/envs/airflow_env/lib/python3.8/site-packages/airflow/example_dags/example_python_decorator.py
[2025-03-07T15:08:31.813+0100] {logging_mixin.py:190} INFO - [2025-03-07T15:08:31.813+0100] {dag.py:3239} INFO - Sync 1 DAGs
[2025-03-07T15:08:31.822+0100] {logging_mixin.py:190} INFO - [2025-03-07T15:08:31.822+0100] {dag.py:4180} INFO - Setting next_dagrun for example_python_decorator to None, run_after=None
[2025-03-07T15:08:31.836+0100] {processor.py:208} INFO - Processing /usr/local/anaconda3/envs/airflow_env/lib/python3.8/site-packages/airflow/example_dags/example_python_decorator.py took 0.130 seconds
[2025-03-07T15:10:59.002+0100] {processor.py:186} INFO - Started process (PID=7910) to work on /usr/local/anaconda3/envs/airflow_env/lib/python3.8/site-packages/airflow/example_dags/example_python_decorator.py
[2025-03-07T15:10:59.005+0100] {processor.py:914} INFO - Processing file /usr/local/anaconda3/envs/airflow_env/lib/python3.8/site-packages/airflow/example_dags/example_python_decorator.py for tasks to queue
[2025-03-07T15:10:59.006+0100] {logging_mixin.py:190} INFO - [2025-03-07T15:10:59.006+0100] {dagbag.py:588} INFO - Filling up the DagBag from /usr/local/anaconda3/envs/airflow_env/lib/python3.8/site-packages/airflow/example_dags/example_python_decorator.py
[2025-03-07T15:10:59.034+0100] {logging_mixin.py:190} INFO - [2025-03-07T15:10:59.033+0100] {example_python_decorator.py:80} WARNING - The virtalenv_python example task requires virtualenv, please install it.
[2025-03-07T15:10:59.035+0100] {processor.py:925} INFO - DAG(s) 'example_python_decorator' retrieved from /usr/local/anaconda3/envs/airflow_env/lib/python3.8/site-packages/airflow/example_dags/example_python_decorator.py
[2025-03-07T15:10:59.112+0100] {logging_mixin.py:190} INFO - [2025-03-07T15:10:59.112+0100] {dag.py:3239} INFO - Sync 1 DAGs
[2025-03-07T15:10:59.121+0100] {logging_mixin.py:190} INFO - [2025-03-07T15:10:59.121+0100] {dag.py:4180} INFO - Setting next_dagrun for example_python_decorator to None, run_after=None
[2025-03-07T15:10:59.136+0100] {processor.py:208} INFO - Processing /usr/local/anaconda3/envs/airflow_env/lib/python3.8/site-packages/airflow/example_dags/example_python_decorator.py took 0.137 seconds
[2025-03-07T15:13:42.242+0100] {processor.py:186} INFO - Started process (PID=8314) to work on /usr/local/anaconda3/envs/airflow_env/lib/python3.8/site-packages/airflow/example_dags/example_python_decorator.py
[2025-03-07T15:13:42.245+0100] {processor.py:914} INFO - Processing file /usr/local/anaconda3/envs/airflow_env/lib/python3.8/site-packages/airflow/example_dags/example_python_decorator.py for tasks to queue
[2025-03-07T15:13:42.246+0100] {logging_mixin.py:190} INFO - [2025-03-07T15:13:42.246+0100] {dagbag.py:588} INFO - Filling up the DagBag from /usr/local/anaconda3/envs/airflow_env/lib/python3.8/site-packages/airflow/example_dags/example_python_decorator.py
[2025-03-07T15:13:42.270+0100] {logging_mixin.py:190} INFO - [2025-03-07T15:13:42.270+0100] {example_python_decorator.py:80} WARNING - The virtalenv_python example task requires virtualenv, please install it.
[2025-03-07T15:13:42.272+0100] {processor.py:925} INFO - DAG(s) 'example_python_decorator' retrieved from /usr/local/anaconda3/envs/airflow_env/lib/python3.8/site-packages/airflow/example_dags/example_python_decorator.py
[2025-03-07T15:13:42.342+0100] {logging_mixin.py:190} INFO - [2025-03-07T15:13:42.342+0100] {dag.py:3239} INFO - Sync 1 DAGs
[2025-03-07T15:13:42.350+0100] {logging_mixin.py:190} INFO - [2025-03-07T15:13:42.350+0100] {dag.py:4180} INFO - Setting next_dagrun for example_python_decorator to None, run_after=None
[2025-03-07T15:13:42.361+0100] {processor.py:208} INFO - Processing /usr/local/anaconda3/envs/airflow_env/lib/python3.8/site-packages/airflow/example_dags/example_python_decorator.py took 0.122 seconds
[2025-03-07T15:16:36.960+0100] {processor.py:186} INFO - Started process (PID=8545) to work on /usr/local/anaconda3/envs/airflow_env/lib/python3.8/site-packages/airflow/example_dags/example_python_decorator.py
[2025-03-07T15:16:36.963+0100] {processor.py:914} INFO - Processing file /usr/local/anaconda3/envs/airflow_env/lib/python3.8/site-packages/airflow/example_dags/example_python_decorator.py for tasks to queue
[2025-03-07T15:16:36.964+0100] {logging_mixin.py:190} INFO - [2025-03-07T15:16:36.964+0100] {dagbag.py:588} INFO - Filling up the DagBag from /usr/local/anaconda3/envs/airflow_env/lib/python3.8/site-packages/airflow/example_dags/example_python_decorator.py
[2025-03-07T15:16:36.988+0100] {logging_mixin.py:190} INFO - [2025-03-07T15:16:36.988+0100] {example_python_decorator.py:80} WARNING - The virtalenv_python example task requires virtualenv, please install it.
[2025-03-07T15:16:36.989+0100] {processor.py:925} INFO - DAG(s) 'example_python_decorator' retrieved from /usr/local/anaconda3/envs/airflow_env/lib/python3.8/site-packages/airflow/example_dags/example_python_decorator.py
[2025-03-07T15:16:37.058+0100] {logging_mixin.py:190} INFO - [2025-03-07T15:16:37.058+0100] {dag.py:3239} INFO - Sync 1 DAGs
[2025-03-07T15:16:37.066+0100] {logging_mixin.py:190} INFO - [2025-03-07T15:16:37.065+0100] {dag.py:4180} INFO - Setting next_dagrun for example_python_decorator to None, run_after=None
[2025-03-07T15:16:37.077+0100] {processor.py:208} INFO - Processing /usr/local/anaconda3/envs/airflow_env/lib/python3.8/site-packages/airflow/example_dags/example_python_decorator.py took 0.120 seconds
[2025-03-07T15:18:56.788+0100] {processor.py:186} INFO - Started process (PID=8900) to work on /usr/local/anaconda3/envs/airflow_env/lib/python3.8/site-packages/airflow/example_dags/example_python_decorator.py
[2025-03-07T15:18:56.791+0100] {processor.py:914} INFO - Processing file /usr/local/anaconda3/envs/airflow_env/lib/python3.8/site-packages/airflow/example_dags/example_python_decorator.py for tasks to queue
[2025-03-07T15:18:56.792+0100] {logging_mixin.py:190} INFO - [2025-03-07T15:18:56.791+0100] {dagbag.py:588} INFO - Filling up the DagBag from /usr/local/anaconda3/envs/airflow_env/lib/python3.8/site-packages/airflow/example_dags/example_python_decorator.py
[2025-03-07T15:18:56.815+0100] {logging_mixin.py:190} INFO - [2025-03-07T15:18:56.815+0100] {example_python_decorator.py:80} WARNING - The virtalenv_python example task requires virtualenv, please install it.
[2025-03-07T15:18:56.817+0100] {processor.py:925} INFO - DAG(s) 'example_python_decorator' retrieved from /usr/local/anaconda3/envs/airflow_env/lib/python3.8/site-packages/airflow/example_dags/example_python_decorator.py
[2025-03-07T15:18:56.885+0100] {logging_mixin.py:190} INFO - [2025-03-07T15:18:56.885+0100] {dag.py:3239} INFO - Sync 1 DAGs
[2025-03-07T15:18:56.892+0100] {logging_mixin.py:190} INFO - [2025-03-07T15:18:56.892+0100] {dag.py:4180} INFO - Setting next_dagrun for example_python_decorator to None, run_after=None
[2025-03-07T15:18:56.905+0100] {processor.py:208} INFO - Processing /usr/local/anaconda3/envs/airflow_env/lib/python3.8/site-packages/airflow/example_dags/example_python_decorator.py took 0.120 seconds
[2025-03-07T15:21:11.109+0100] {processor.py:186} INFO - Started process (PID=9200) to work on /usr/local/anaconda3/envs/airflow_env/lib/python3.8/site-packages/airflow/example_dags/example_python_decorator.py
[2025-03-07T15:21:11.112+0100] {processor.py:914} INFO - Processing file /usr/local/anaconda3/envs/airflow_env/lib/python3.8/site-packages/airflow/example_dags/example_python_decorator.py for tasks to queue
[2025-03-07T15:21:11.113+0100] {logging_mixin.py:190} INFO - [2025-03-07T15:21:11.112+0100] {dagbag.py:588} INFO - Filling up the DagBag from /usr/local/anaconda3/envs/airflow_env/lib/python3.8/site-packages/airflow/example_dags/example_python_decorator.py
[2025-03-07T15:21:11.137+0100] {logging_mixin.py:190} INFO - [2025-03-07T15:21:11.137+0100] {example_python_decorator.py:80} WARNING - The virtalenv_python example task requires virtualenv, please install it.
[2025-03-07T15:21:11.139+0100] {processor.py:925} INFO - DAG(s) 'example_python_decorator' retrieved from /usr/local/anaconda3/envs/airflow_env/lib/python3.8/site-packages/airflow/example_dags/example_python_decorator.py
[2025-03-07T15:21:11.211+0100] {logging_mixin.py:190} INFO - [2025-03-07T15:21:11.210+0100] {dag.py:3239} INFO - Sync 1 DAGs
[2025-03-07T15:21:11.219+0100] {logging_mixin.py:190} INFO - [2025-03-07T15:21:11.218+0100] {dag.py:4180} INFO - Setting next_dagrun for example_python_decorator to None, run_after=None
[2025-03-07T15:21:11.231+0100] {processor.py:208} INFO - Processing /usr/local/anaconda3/envs/airflow_env/lib/python3.8/site-packages/airflow/example_dags/example_python_decorator.py took 0.125 seconds
[2025-03-07T15:23:26.626+0100] {processor.py:186} INFO - Started process (PID=9479) to work on /usr/local/anaconda3/envs/airflow_env/lib/python3.8/site-packages/airflow/example_dags/example_python_decorator.py
[2025-03-07T15:23:26.630+0100] {processor.py:914} INFO - Processing file /usr/local/anaconda3/envs/airflow_env/lib/python3.8/site-packages/airflow/example_dags/example_python_decorator.py for tasks to queue
[2025-03-07T15:23:26.631+0100] {logging_mixin.py:190} INFO - [2025-03-07T15:23:26.630+0100] {dagbag.py:588} INFO - Filling up the DagBag from /usr/local/anaconda3/envs/airflow_env/lib/python3.8/site-packages/airflow/example_dags/example_python_decorator.py
[2025-03-07T15:23:26.655+0100] {logging_mixin.py:190} INFO - [2025-03-07T15:23:26.654+0100] {example_python_decorator.py:80} WARNING - The virtalenv_python example task requires virtualenv, please install it.
[2025-03-07T15:23:26.656+0100] {processor.py:925} INFO - DAG(s) 'example_python_decorator' retrieved from /usr/local/anaconda3/envs/airflow_env/lib/python3.8/site-packages/airflow/example_dags/example_python_decorator.py
[2025-03-07T15:23:26.726+0100] {logging_mixin.py:190} INFO - [2025-03-07T15:23:26.726+0100] {dag.py:3239} INFO - Sync 1 DAGs
[2025-03-07T15:23:26.734+0100] {logging_mixin.py:190} INFO - [2025-03-07T15:23:26.734+0100] {dag.py:4180} INFO - Setting next_dagrun for example_python_decorator to None, run_after=None
[2025-03-07T15:23:26.746+0100] {processor.py:208} INFO - Processing /usr/local/anaconda3/envs/airflow_env/lib/python3.8/site-packages/airflow/example_dags/example_python_decorator.py took 0.122 seconds
[2025-03-07T15:25:46.631+0100] {processor.py:186} INFO - Started process (PID=9809) to work on /usr/local/anaconda3/envs/airflow_env/lib/python3.8/site-packages/airflow/example_dags/example_python_decorator.py
[2025-03-07T15:25:46.635+0100] {processor.py:914} INFO - Processing file /usr/local/anaconda3/envs/airflow_env/lib/python3.8/site-packages/airflow/example_dags/example_python_decorator.py for tasks to queue
[2025-03-07T15:25:46.636+0100] {logging_mixin.py:190} INFO - [2025-03-07T15:25:46.636+0100] {dagbag.py:588} INFO - Filling up the DagBag from /usr/local/anaconda3/envs/airflow_env/lib/python3.8/site-packages/airflow/example_dags/example_python_decorator.py
[2025-03-07T15:25:46.662+0100] {logging_mixin.py:190} INFO - [2025-03-07T15:25:46.662+0100] {example_python_decorator.py:80} WARNING - The virtalenv_python example task requires virtualenv, please install it.
[2025-03-07T15:25:46.664+0100] {processor.py:925} INFO - DAG(s) 'example_python_decorator' retrieved from /usr/local/anaconda3/envs/airflow_env/lib/python3.8/site-packages/airflow/example_dags/example_python_decorator.py
[2025-03-07T15:25:46.739+0100] {logging_mixin.py:190} INFO - [2025-03-07T15:25:46.739+0100] {dag.py:3239} INFO - Sync 1 DAGs
[2025-03-07T15:25:46.748+0100] {logging_mixin.py:190} INFO - [2025-03-07T15:25:46.747+0100] {dag.py:4180} INFO - Setting next_dagrun for example_python_decorator to None, run_after=None
[2025-03-07T15:25:46.760+0100] {processor.py:208} INFO - Processing /usr/local/anaconda3/envs/airflow_env/lib/python3.8/site-packages/airflow/example_dags/example_python_decorator.py took 0.132 seconds
[2025-03-07T15:28:07.883+0100] {processor.py:186} INFO - Started process (PID=10147) to work on /usr/local/anaconda3/envs/airflow_env/lib/python3.8/site-packages/airflow/example_dags/example_python_decorator.py
[2025-03-07T15:28:07.886+0100] {processor.py:914} INFO - Processing file /usr/local/anaconda3/envs/airflow_env/lib/python3.8/site-packages/airflow/example_dags/example_python_decorator.py for tasks to queue
[2025-03-07T15:28:07.887+0100] {logging_mixin.py:190} INFO - [2025-03-07T15:28:07.887+0100] {dagbag.py:588} INFO - Filling up the DagBag from /usr/local/anaconda3/envs/airflow_env/lib/python3.8/site-packages/airflow/example_dags/example_python_decorator.py
[2025-03-07T15:28:07.915+0100] {logging_mixin.py:190} INFO - [2025-03-07T15:28:07.915+0100] {example_python_decorator.py:80} WARNING - The virtalenv_python example task requires virtualenv, please install it.
[2025-03-07T15:28:07.916+0100] {processor.py:925} INFO - DAG(s) 'example_python_decorator' retrieved from /usr/local/anaconda3/envs/airflow_env/lib/python3.8/site-packages/airflow/example_dags/example_python_decorator.py
[2025-03-07T15:28:07.992+0100] {logging_mixin.py:190} INFO - [2025-03-07T15:28:07.991+0100] {dag.py:3239} INFO - Sync 1 DAGs
[2025-03-07T15:28:08.001+0100] {logging_mixin.py:190} INFO - [2025-03-07T15:28:08.001+0100] {dag.py:4180} INFO - Setting next_dagrun for example_python_decorator to None, run_after=None
[2025-03-07T15:28:08.015+0100] {processor.py:208} INFO - Processing /usr/local/anaconda3/envs/airflow_env/lib/python3.8/site-packages/airflow/example_dags/example_python_decorator.py took 0.135 seconds
[2025-03-07T15:30:44.517+0100] {processor.py:186} INFO - Started process (PID=10393) to work on /usr/local/anaconda3/envs/airflow_env/lib/python3.8/site-packages/airflow/example_dags/example_python_decorator.py
[2025-03-07T15:30:44.520+0100] {processor.py:914} INFO - Processing file /usr/local/anaconda3/envs/airflow_env/lib/python3.8/site-packages/airflow/example_dags/example_python_decorator.py for tasks to queue
[2025-03-07T15:30:44.521+0100] {logging_mixin.py:190} INFO - [2025-03-07T15:30:44.521+0100] {dagbag.py:588} INFO - Filling up the DagBag from /usr/local/anaconda3/envs/airflow_env/lib/python3.8/site-packages/airflow/example_dags/example_python_decorator.py
[2025-03-07T15:30:44.546+0100] {logging_mixin.py:190} INFO - [2025-03-07T15:30:44.546+0100] {example_python_decorator.py:80} WARNING - The virtalenv_python example task requires virtualenv, please install it.
[2025-03-07T15:30:44.547+0100] {processor.py:925} INFO - DAG(s) 'example_python_decorator' retrieved from /usr/local/anaconda3/envs/airflow_env/lib/python3.8/site-packages/airflow/example_dags/example_python_decorator.py
[2025-03-07T15:30:44.620+0100] {logging_mixin.py:190} INFO - [2025-03-07T15:30:44.619+0100] {dag.py:3239} INFO - Sync 1 DAGs
[2025-03-07T15:30:44.627+0100] {logging_mixin.py:190} INFO - [2025-03-07T15:30:44.627+0100] {dag.py:4180} INFO - Setting next_dagrun for example_python_decorator to None, run_after=None
[2025-03-07T15:30:44.639+0100] {processor.py:208} INFO - Processing /usr/local/anaconda3/envs/airflow_env/lib/python3.8/site-packages/airflow/example_dags/example_python_decorator.py took 0.125 seconds
[2025-03-07T15:33:31.363+0100] {processor.py:186} INFO - Started process (PID=10658) to work on /usr/local/anaconda3/envs/airflow_env/lib/python3.8/site-packages/airflow/example_dags/example_python_decorator.py
[2025-03-07T15:33:31.367+0100] {processor.py:914} INFO - Processing file /usr/local/anaconda3/envs/airflow_env/lib/python3.8/site-packages/airflow/example_dags/example_python_decorator.py for tasks to queue
[2025-03-07T15:33:31.368+0100] {logging_mixin.py:190} INFO - [2025-03-07T15:33:31.367+0100] {dagbag.py:588} INFO - Filling up the DagBag from /usr/local/anaconda3/envs/airflow_env/lib/python3.8/site-packages/airflow/example_dags/example_python_decorator.py
[2025-03-07T15:33:31.395+0100] {logging_mixin.py:190} INFO - [2025-03-07T15:33:31.395+0100] {example_python_decorator.py:80} WARNING - The virtalenv_python example task requires virtualenv, please install it.
[2025-03-07T15:33:31.397+0100] {processor.py:925} INFO - DAG(s) 'example_python_decorator' retrieved from /usr/local/anaconda3/envs/airflow_env/lib/python3.8/site-packages/airflow/example_dags/example_python_decorator.py
[2025-03-07T15:33:31.467+0100] {logging_mixin.py:190} INFO - [2025-03-07T15:33:31.467+0100] {dag.py:3239} INFO - Sync 1 DAGs
[2025-03-07T15:33:31.475+0100] {logging_mixin.py:190} INFO - [2025-03-07T15:33:31.475+0100] {dag.py:4180} INFO - Setting next_dagrun for example_python_decorator to None, run_after=None
[2025-03-07T15:33:31.487+0100] {processor.py:208} INFO - Processing /usr/local/anaconda3/envs/airflow_env/lib/python3.8/site-packages/airflow/example_dags/example_python_decorator.py took 0.127 seconds
[2025-03-07T15:35:48.789+0100] {processor.py:186} INFO - Started process (PID=10939) to work on /usr/local/anaconda3/envs/airflow_env/lib/python3.8/site-packages/airflow/example_dags/example_python_decorator.py
[2025-03-07T15:35:48.792+0100] {processor.py:914} INFO - Processing file /usr/local/anaconda3/envs/airflow_env/lib/python3.8/site-packages/airflow/example_dags/example_python_decorator.py for tasks to queue
[2025-03-07T15:35:48.793+0100] {logging_mixin.py:190} INFO - [2025-03-07T15:35:48.793+0100] {dagbag.py:588} INFO - Filling up the DagBag from /usr/local/anaconda3/envs/airflow_env/lib/python3.8/site-packages/airflow/example_dags/example_python_decorator.py
[2025-03-07T15:35:48.819+0100] {logging_mixin.py:190} INFO - [2025-03-07T15:35:48.818+0100] {example_python_decorator.py:80} WARNING - The virtalenv_python example task requires virtualenv, please install it.
[2025-03-07T15:35:48.820+0100] {processor.py:925} INFO - DAG(s) 'example_python_decorator' retrieved from /usr/local/anaconda3/envs/airflow_env/lib/python3.8/site-packages/airflow/example_dags/example_python_decorator.py
[2025-03-07T15:35:48.892+0100] {logging_mixin.py:190} INFO - [2025-03-07T15:35:48.892+0100] {dag.py:3239} INFO - Sync 1 DAGs
[2025-03-07T15:35:48.901+0100] {logging_mixin.py:190} INFO - [2025-03-07T15:35:48.900+0100] {dag.py:4180} INFO - Setting next_dagrun for example_python_decorator to None, run_after=None
[2025-03-07T15:35:48.912+0100] {processor.py:208} INFO - Processing /usr/local/anaconda3/envs/airflow_env/lib/python3.8/site-packages/airflow/example_dags/example_python_decorator.py took 0.126 seconds
[2025-03-07T15:38:01.862+0100] {processor.py:186} INFO - Started process (PID=11196) to work on /usr/local/anaconda3/envs/airflow_env/lib/python3.8/site-packages/airflow/example_dags/example_python_decorator.py
[2025-03-07T15:38:01.865+0100] {processor.py:914} INFO - Processing file /usr/local/anaconda3/envs/airflow_env/lib/python3.8/site-packages/airflow/example_dags/example_python_decorator.py for tasks to queue
[2025-03-07T15:38:01.866+0100] {logging_mixin.py:190} INFO - [2025-03-07T15:38:01.865+0100] {dagbag.py:588} INFO - Filling up the DagBag from /usr/local/anaconda3/envs/airflow_env/lib/python3.8/site-packages/airflow/example_dags/example_python_decorator.py
[2025-03-07T15:38:01.890+0100] {logging_mixin.py:190} INFO - [2025-03-07T15:38:01.889+0100] {example_python_decorator.py:80} WARNING - The virtalenv_python example task requires virtualenv, please install it.
[2025-03-07T15:38:01.891+0100] {processor.py:925} INFO - DAG(s) 'example_python_decorator' retrieved from /usr/local/anaconda3/envs/airflow_env/lib/python3.8/site-packages/airflow/example_dags/example_python_decorator.py
[2025-03-07T15:38:01.961+0100] {logging_mixin.py:190} INFO - [2025-03-07T15:38:01.960+0100] {dag.py:3239} INFO - Sync 1 DAGs
[2025-03-07T15:38:01.968+0100] {logging_mixin.py:190} INFO - [2025-03-07T15:38:01.968+0100] {dag.py:4180} INFO - Setting next_dagrun for example_python_decorator to None, run_after=None
[2025-03-07T15:38:01.980+0100] {processor.py:208} INFO - Processing /usr/local/anaconda3/envs/airflow_env/lib/python3.8/site-packages/airflow/example_dags/example_python_decorator.py took 0.122 seconds
[2025-03-07T15:40:16.405+0100] {processor.py:186} INFO - Started process (PID=11419) to work on /usr/local/anaconda3/envs/airflow_env/lib/python3.8/site-packages/airflow/example_dags/example_python_decorator.py
[2025-03-07T15:40:16.408+0100] {processor.py:914} INFO - Processing file /usr/local/anaconda3/envs/airflow_env/lib/python3.8/site-packages/airflow/example_dags/example_python_decorator.py for tasks to queue
[2025-03-07T15:40:16.409+0100] {logging_mixin.py:190} INFO - [2025-03-07T15:40:16.409+0100] {dagbag.py:588} INFO - Filling up the DagBag from /usr/local/anaconda3/envs/airflow_env/lib/python3.8/site-packages/airflow/example_dags/example_python_decorator.py
[2025-03-07T15:40:16.434+0100] {logging_mixin.py:190} INFO - [2025-03-07T15:40:16.434+0100] {example_python_decorator.py:80} WARNING - The virtalenv_python example task requires virtualenv, please install it.
[2025-03-07T15:40:16.436+0100] {processor.py:925} INFO - DAG(s) 'example_python_decorator' retrieved from /usr/local/anaconda3/envs/airflow_env/lib/python3.8/site-packages/airflow/example_dags/example_python_decorator.py
[2025-03-07T15:40:16.507+0100] {logging_mixin.py:190} INFO - [2025-03-07T15:40:16.507+0100] {dag.py:3239} INFO - Sync 1 DAGs
[2025-03-07T15:40:16.515+0100] {logging_mixin.py:190} INFO - [2025-03-07T15:40:16.515+0100] {dag.py:4180} INFO - Setting next_dagrun for example_python_decorator to None, run_after=None
[2025-03-07T15:40:16.526+0100] {processor.py:208} INFO - Processing /usr/local/anaconda3/envs/airflow_env/lib/python3.8/site-packages/airflow/example_dags/example_python_decorator.py took 0.124 seconds
[2025-03-07T15:42:27.560+0100] {processor.py:186} INFO - Started process (PID=11580) to work on /usr/local/anaconda3/envs/airflow_env/lib/python3.8/site-packages/airflow/example_dags/example_python_decorator.py
[2025-03-07T15:42:27.563+0100] {processor.py:914} INFO - Processing file /usr/local/anaconda3/envs/airflow_env/lib/python3.8/site-packages/airflow/example_dags/example_python_decorator.py for tasks to queue
[2025-03-07T15:42:27.564+0100] {logging_mixin.py:190} INFO - [2025-03-07T15:42:27.564+0100] {dagbag.py:588} INFO - Filling up the DagBag from /usr/local/anaconda3/envs/airflow_env/lib/python3.8/site-packages/airflow/example_dags/example_python_decorator.py
[2025-03-07T15:42:27.588+0100] {logging_mixin.py:190} INFO - [2025-03-07T15:42:27.588+0100] {example_python_decorator.py:80} WARNING - The virtalenv_python example task requires virtualenv, please install it.
[2025-03-07T15:42:27.589+0100] {processor.py:925} INFO - DAG(s) 'example_python_decorator' retrieved from /usr/local/anaconda3/envs/airflow_env/lib/python3.8/site-packages/airflow/example_dags/example_python_decorator.py
[2025-03-07T15:42:27.658+0100] {logging_mixin.py:190} INFO - [2025-03-07T15:42:27.658+0100] {dag.py:3239} INFO - Sync 1 DAGs
[2025-03-07T15:42:27.666+0100] {logging_mixin.py:190} INFO - [2025-03-07T15:42:27.666+0100] {dag.py:4180} INFO - Setting next_dagrun for example_python_decorator to None, run_after=None
[2025-03-07T15:42:27.677+0100] {processor.py:208} INFO - Processing /usr/local/anaconda3/envs/airflow_env/lib/python3.8/site-packages/airflow/example_dags/example_python_decorator.py took 0.121 seconds
[2025-03-07T15:44:35.053+0100] {processor.py:186} INFO - Started process (PID=11820) to work on /usr/local/anaconda3/envs/airflow_env/lib/python3.8/site-packages/airflow/example_dags/example_python_decorator.py
[2025-03-07T15:44:35.056+0100] {processor.py:914} INFO - Processing file /usr/local/anaconda3/envs/airflow_env/lib/python3.8/site-packages/airflow/example_dags/example_python_decorator.py for tasks to queue
[2025-03-07T15:44:35.057+0100] {logging_mixin.py:190} INFO - [2025-03-07T15:44:35.057+0100] {dagbag.py:588} INFO - Filling up the DagBag from /usr/local/anaconda3/envs/airflow_env/lib/python3.8/site-packages/airflow/example_dags/example_python_decorator.py
[2025-03-07T15:44:35.082+0100] {logging_mixin.py:190} INFO - [2025-03-07T15:44:35.082+0100] {example_python_decorator.py:80} WARNING - The virtalenv_python example task requires virtualenv, please install it.
[2025-03-07T15:44:35.084+0100] {processor.py:925} INFO - DAG(s) 'example_python_decorator' retrieved from /usr/local/anaconda3/envs/airflow_env/lib/python3.8/site-packages/airflow/example_dags/example_python_decorator.py
[2025-03-07T15:44:35.152+0100] {logging_mixin.py:190} INFO - [2025-03-07T15:44:35.152+0100] {dag.py:3239} INFO - Sync 1 DAGs
[2025-03-07T15:44:35.160+0100] {logging_mixin.py:190} INFO - [2025-03-07T15:44:35.160+0100] {dag.py:4180} INFO - Setting next_dagrun for example_python_decorator to None, run_after=None
[2025-03-07T15:44:35.171+0100] {processor.py:208} INFO - Processing /usr/local/anaconda3/envs/airflow_env/lib/python3.8/site-packages/airflow/example_dags/example_python_decorator.py took 0.121 seconds
[2025-03-07T15:47:03.748+0100] {processor.py:186} INFO - Started process (PID=12056) to work on /usr/local/anaconda3/envs/airflow_env/lib/python3.8/site-packages/airflow/example_dags/example_python_decorator.py
[2025-03-07T15:47:03.751+0100] {processor.py:914} INFO - Processing file /usr/local/anaconda3/envs/airflow_env/lib/python3.8/site-packages/airflow/example_dags/example_python_decorator.py for tasks to queue
[2025-03-07T15:47:03.752+0100] {logging_mixin.py:190} INFO - [2025-03-07T15:47:03.752+0100] {dagbag.py:588} INFO - Filling up the DagBag from /usr/local/anaconda3/envs/airflow_env/lib/python3.8/site-packages/airflow/example_dags/example_python_decorator.py
[2025-03-07T15:47:03.776+0100] {logging_mixin.py:190} INFO - [2025-03-07T15:47:03.776+0100] {example_python_decorator.py:80} WARNING - The virtalenv_python example task requires virtualenv, please install it.
[2025-03-07T15:47:03.778+0100] {processor.py:925} INFO - DAG(s) 'example_python_decorator' retrieved from /usr/local/anaconda3/envs/airflow_env/lib/python3.8/site-packages/airflow/example_dags/example_python_decorator.py
[2025-03-07T15:47:03.853+0100] {logging_mixin.py:190} INFO - [2025-03-07T15:47:03.853+0100] {dag.py:3239} INFO - Sync 1 DAGs
[2025-03-07T15:47:03.862+0100] {logging_mixin.py:190} INFO - [2025-03-07T15:47:03.862+0100] {dag.py:4180} INFO - Setting next_dagrun for example_python_decorator to None, run_after=None
[2025-03-07T15:47:03.875+0100] {processor.py:208} INFO - Processing /usr/local/anaconda3/envs/airflow_env/lib/python3.8/site-packages/airflow/example_dags/example_python_decorator.py took 0.130 seconds
[2025-03-07T15:49:19.353+0100] {processor.py:186} INFO - Started process (PID=12302) to work on /usr/local/anaconda3/envs/airflow_env/lib/python3.8/site-packages/airflow/example_dags/example_python_decorator.py
[2025-03-07T15:49:19.356+0100] {processor.py:914} INFO - Processing file /usr/local/anaconda3/envs/airflow_env/lib/python3.8/site-packages/airflow/example_dags/example_python_decorator.py for tasks to queue
[2025-03-07T15:49:19.357+0100] {logging_mixin.py:190} INFO - [2025-03-07T15:49:19.357+0100] {dagbag.py:588} INFO - Filling up the DagBag from /usr/local/anaconda3/envs/airflow_env/lib/python3.8/site-packages/airflow/example_dags/example_python_decorator.py
[2025-03-07T15:49:19.383+0100] {logging_mixin.py:190} INFO - [2025-03-07T15:49:19.382+0100] {example_python_decorator.py:80} WARNING - The virtalenv_python example task requires virtualenv, please install it.
[2025-03-07T15:49:19.384+0100] {processor.py:925} INFO - DAG(s) 'example_python_decorator' retrieved from /usr/local/anaconda3/envs/airflow_env/lib/python3.8/site-packages/airflow/example_dags/example_python_decorator.py
[2025-03-07T15:49:19.457+0100] {logging_mixin.py:190} INFO - [2025-03-07T15:49:19.457+0100] {dag.py:3239} INFO - Sync 1 DAGs
[2025-03-07T15:49:19.466+0100] {logging_mixin.py:190} INFO - [2025-03-07T15:49:19.466+0100] {dag.py:4180} INFO - Setting next_dagrun for example_python_decorator to None, run_after=None
[2025-03-07T15:49:19.479+0100] {processor.py:208} INFO - Processing /usr/local/anaconda3/envs/airflow_env/lib/python3.8/site-packages/airflow/example_dags/example_python_decorator.py took 0.128 seconds
[2025-03-07T15:51:36.608+0100] {processor.py:186} INFO - Started process (PID=12573) to work on /usr/local/anaconda3/envs/airflow_env/lib/python3.8/site-packages/airflow/example_dags/example_python_decorator.py
[2025-03-07T15:51:36.611+0100] {processor.py:914} INFO - Processing file /usr/local/anaconda3/envs/airflow_env/lib/python3.8/site-packages/airflow/example_dags/example_python_decorator.py for tasks to queue
[2025-03-07T15:51:36.612+0100] {logging_mixin.py:190} INFO - [2025-03-07T15:51:36.612+0100] {dagbag.py:588} INFO - Filling up the DagBag from /usr/local/anaconda3/envs/airflow_env/lib/python3.8/site-packages/airflow/example_dags/example_python_decorator.py
[2025-03-07T15:51:36.636+0100] {logging_mixin.py:190} INFO - [2025-03-07T15:51:36.636+0100] {example_python_decorator.py:80} WARNING - The virtalenv_python example task requires virtualenv, please install it.
[2025-03-07T15:51:36.638+0100] {processor.py:925} INFO - DAG(s) 'example_python_decorator' retrieved from /usr/local/anaconda3/envs/airflow_env/lib/python3.8/site-packages/airflow/example_dags/example_python_decorator.py
[2025-03-07T15:51:36.709+0100] {logging_mixin.py:190} INFO - [2025-03-07T15:51:36.708+0100] {dag.py:3239} INFO - Sync 1 DAGs
[2025-03-07T15:51:36.717+0100] {logging_mixin.py:190} INFO - [2025-03-07T15:51:36.716+0100] {dag.py:4180} INFO - Setting next_dagrun for example_python_decorator to None, run_after=None
[2025-03-07T15:51:36.728+0100] {processor.py:208} INFO - Processing /usr/local/anaconda3/envs/airflow_env/lib/python3.8/site-packages/airflow/example_dags/example_python_decorator.py took 0.124 seconds
[2025-03-07T15:54:04.429+0100] {processor.py:186} INFO - Started process (PID=12886) to work on /usr/local/anaconda3/envs/airflow_env/lib/python3.8/site-packages/airflow/example_dags/example_python_decorator.py
[2025-03-07T15:54:04.432+0100] {processor.py:914} INFO - Processing file /usr/local/anaconda3/envs/airflow_env/lib/python3.8/site-packages/airflow/example_dags/example_python_decorator.py for tasks to queue
[2025-03-07T15:54:04.433+0100] {logging_mixin.py:190} INFO - [2025-03-07T15:54:04.433+0100] {dagbag.py:588} INFO - Filling up the DagBag from /usr/local/anaconda3/envs/airflow_env/lib/python3.8/site-packages/airflow/example_dags/example_python_decorator.py
[2025-03-07T15:54:04.461+0100] {logging_mixin.py:190} INFO - [2025-03-07T15:54:04.461+0100] {example_python_decorator.py:80} WARNING - The virtalenv_python example task requires virtualenv, please install it.
[2025-03-07T15:54:04.463+0100] {processor.py:925} INFO - DAG(s) 'example_python_decorator' retrieved from /usr/local/anaconda3/envs/airflow_env/lib/python3.8/site-packages/airflow/example_dags/example_python_decorator.py
[2025-03-07T15:54:04.543+0100] {logging_mixin.py:190} INFO - [2025-03-07T15:54:04.542+0100] {dag.py:3239} INFO - Sync 1 DAGs
[2025-03-07T15:54:04.552+0100] {logging_mixin.py:190} INFO - [2025-03-07T15:54:04.552+0100] {dag.py:4180} INFO - Setting next_dagrun for example_python_decorator to None, run_after=None
[2025-03-07T15:54:04.565+0100] {processor.py:208} INFO - Processing /usr/local/anaconda3/envs/airflow_env/lib/python3.8/site-packages/airflow/example_dags/example_python_decorator.py took 0.139 seconds
[2025-03-07T15:56:22.338+0100] {processor.py:186} INFO - Started process (PID=13083) to work on /usr/local/anaconda3/envs/airflow_env/lib/python3.8/site-packages/airflow/example_dags/example_python_decorator.py
[2025-03-07T15:56:22.341+0100] {processor.py:914} INFO - Processing file /usr/local/anaconda3/envs/airflow_env/lib/python3.8/site-packages/airflow/example_dags/example_python_decorator.py for tasks to queue
[2025-03-07T15:56:22.342+0100] {logging_mixin.py:190} INFO - [2025-03-07T15:56:22.342+0100] {dagbag.py:588} INFO - Filling up the DagBag from /usr/local/anaconda3/envs/airflow_env/lib/python3.8/site-packages/airflow/example_dags/example_python_decorator.py
[2025-03-07T15:56:22.367+0100] {logging_mixin.py:190} INFO - [2025-03-07T15:56:22.366+0100] {example_python_decorator.py:80} WARNING - The virtalenv_python example task requires virtualenv, please install it.
[2025-03-07T15:56:22.368+0100] {processor.py:925} INFO - DAG(s) 'example_python_decorator' retrieved from /usr/local/anaconda3/envs/airflow_env/lib/python3.8/site-packages/airflow/example_dags/example_python_decorator.py
[2025-03-07T15:56:22.438+0100] {logging_mixin.py:190} INFO - [2025-03-07T15:56:22.438+0100] {dag.py:3239} INFO - Sync 1 DAGs
[2025-03-07T15:56:22.446+0100] {logging_mixin.py:190} INFO - [2025-03-07T15:56:22.446+0100] {dag.py:4180} INFO - Setting next_dagrun for example_python_decorator to None, run_after=None
[2025-03-07T15:56:22.459+0100] {processor.py:208} INFO - Processing /usr/local/anaconda3/envs/airflow_env/lib/python3.8/site-packages/airflow/example_dags/example_python_decorator.py took 0.124 seconds
[2025-03-07T15:58:36.919+0100] {processor.py:186} INFO - Started process (PID=13331) to work on /usr/local/anaconda3/envs/airflow_env/lib/python3.8/site-packages/airflow/example_dags/example_python_decorator.py
[2025-03-07T15:58:36.922+0100] {processor.py:914} INFO - Processing file /usr/local/anaconda3/envs/airflow_env/lib/python3.8/site-packages/airflow/example_dags/example_python_decorator.py for tasks to queue
[2025-03-07T15:58:36.923+0100] {logging_mixin.py:190} INFO - [2025-03-07T15:58:36.923+0100] {dagbag.py:588} INFO - Filling up the DagBag from /usr/local/anaconda3/envs/airflow_env/lib/python3.8/site-packages/airflow/example_dags/example_python_decorator.py
[2025-03-07T15:58:36.950+0100] {logging_mixin.py:190} INFO - [2025-03-07T15:58:36.949+0100] {example_python_decorator.py:80} WARNING - The virtalenv_python example task requires virtualenv, please install it.
[2025-03-07T15:58:36.961+0100] {processor.py:925} INFO - DAG(s) 'example_python_decorator' retrieved from /usr/local/anaconda3/envs/airflow_env/lib/python3.8/site-packages/airflow/example_dags/example_python_decorator.py
[2025-03-07T15:58:37.035+0100] {logging_mixin.py:190} INFO - [2025-03-07T15:58:37.035+0100] {dag.py:3239} INFO - Sync 1 DAGs
[2025-03-07T15:58:37.044+0100] {logging_mixin.py:190} INFO - [2025-03-07T15:58:37.044+0100] {dag.py:4180} INFO - Setting next_dagrun for example_python_decorator to None, run_after=None
[2025-03-07T15:58:37.056+0100] {processor.py:208} INFO - Processing /usr/local/anaconda3/envs/airflow_env/lib/python3.8/site-packages/airflow/example_dags/example_python_decorator.py took 0.141 seconds
[2025-03-07T16:01:42.557+0100] {processor.py:186} INFO - Started process (PID=13644) to work on /usr/local/anaconda3/envs/airflow_env/lib/python3.8/site-packages/airflow/example_dags/example_python_decorator.py
[2025-03-07T16:01:42.560+0100] {processor.py:914} INFO - Processing file /usr/local/anaconda3/envs/airflow_env/lib/python3.8/site-packages/airflow/example_dags/example_python_decorator.py for tasks to queue
[2025-03-07T16:01:42.561+0100] {logging_mixin.py:190} INFO - [2025-03-07T16:01:42.561+0100] {dagbag.py:588} INFO - Filling up the DagBag from /usr/local/anaconda3/envs/airflow_env/lib/python3.8/site-packages/airflow/example_dags/example_python_decorator.py
[2025-03-07T16:01:42.588+0100] {logging_mixin.py:190} INFO - [2025-03-07T16:01:42.587+0100] {example_python_decorator.py:80} WARNING - The virtalenv_python example task requires virtualenv, please install it.
[2025-03-07T16:01:42.589+0100] {processor.py:925} INFO - DAG(s) 'example_python_decorator' retrieved from /usr/local/anaconda3/envs/airflow_env/lib/python3.8/site-packages/airflow/example_dags/example_python_decorator.py
[2025-03-07T16:01:42.664+0100] {logging_mixin.py:190} INFO - [2025-03-07T16:01:42.664+0100] {dag.py:3239} INFO - Sync 1 DAGs
[2025-03-07T16:01:42.673+0100] {logging_mixin.py:190} INFO - [2025-03-07T16:01:42.673+0100] {dag.py:4180} INFO - Setting next_dagrun for example_python_decorator to None, run_after=None
[2025-03-07T16:01:42.686+0100] {processor.py:208} INFO - Processing /usr/local/anaconda3/envs/airflow_env/lib/python3.8/site-packages/airflow/example_dags/example_python_decorator.py took 0.133 seconds
[2025-03-07T16:05:19.634+0100] {processor.py:186} INFO - Started process (PID=13933) to work on /usr/local/anaconda3/envs/airflow_env/lib/python3.8/site-packages/airflow/example_dags/example_python_decorator.py
[2025-03-07T16:05:19.638+0100] {processor.py:914} INFO - Processing file /usr/local/anaconda3/envs/airflow_env/lib/python3.8/site-packages/airflow/example_dags/example_python_decorator.py for tasks to queue
[2025-03-07T16:05:19.639+0100] {logging_mixin.py:190} INFO - [2025-03-07T16:05:19.639+0100] {dagbag.py:588} INFO - Filling up the DagBag from /usr/local/anaconda3/envs/airflow_env/lib/python3.8/site-packages/airflow/example_dags/example_python_decorator.py
[2025-03-07T16:05:19.664+0100] {logging_mixin.py:190} INFO - [2025-03-07T16:05:19.664+0100] {example_python_decorator.py:80} WARNING - The virtalenv_python example task requires virtualenv, please install it.
[2025-03-07T16:05:19.666+0100] {processor.py:925} INFO - DAG(s) 'example_python_decorator' retrieved from /usr/local/anaconda3/envs/airflow_env/lib/python3.8/site-packages/airflow/example_dags/example_python_decorator.py
[2025-03-07T16:05:19.735+0100] {logging_mixin.py:190} INFO - [2025-03-07T16:05:19.735+0100] {dag.py:3239} INFO - Sync 1 DAGs
[2025-03-07T16:05:19.743+0100] {logging_mixin.py:190} INFO - [2025-03-07T16:05:19.743+0100] {dag.py:4180} INFO - Setting next_dagrun for example_python_decorator to None, run_after=None
[2025-03-07T16:05:19.756+0100] {processor.py:208} INFO - Processing /usr/local/anaconda3/envs/airflow_env/lib/python3.8/site-packages/airflow/example_dags/example_python_decorator.py took 0.125 seconds
[2025-03-07T16:08:30.594+0100] {processor.py:186} INFO - Started process (PID=14244) to work on /usr/local/anaconda3/envs/airflow_env/lib/python3.8/site-packages/airflow/example_dags/example_python_decorator.py
[2025-03-07T16:08:30.597+0100] {processor.py:914} INFO - Processing file /usr/local/anaconda3/envs/airflow_env/lib/python3.8/site-packages/airflow/example_dags/example_python_decorator.py for tasks to queue
[2025-03-07T16:08:30.598+0100] {logging_mixin.py:190} INFO - [2025-03-07T16:08:30.598+0100] {dagbag.py:588} INFO - Filling up the DagBag from /usr/local/anaconda3/envs/airflow_env/lib/python3.8/site-packages/airflow/example_dags/example_python_decorator.py
[2025-03-07T16:08:30.625+0100] {logging_mixin.py:190} INFO - [2025-03-07T16:08:30.625+0100] {example_python_decorator.py:80} WARNING - The virtalenv_python example task requires virtualenv, please install it.
[2025-03-07T16:08:30.627+0100] {processor.py:925} INFO - DAG(s) 'example_python_decorator' retrieved from /usr/local/anaconda3/envs/airflow_env/lib/python3.8/site-packages/airflow/example_dags/example_python_decorator.py
[2025-03-07T16:08:30.703+0100] {logging_mixin.py:190} INFO - [2025-03-07T16:08:30.702+0100] {dag.py:3239} INFO - Sync 1 DAGs
[2025-03-07T16:08:30.710+0100] {logging_mixin.py:190} INFO - [2025-03-07T16:08:30.710+0100] {dag.py:4180} INFO - Setting next_dagrun for example_python_decorator to None, run_after=None
[2025-03-07T16:08:30.722+0100] {processor.py:208} INFO - Processing /usr/local/anaconda3/envs/airflow_env/lib/python3.8/site-packages/airflow/example_dags/example_python_decorator.py took 0.132 seconds
[2025-03-07T16:11:34.889+0100] {processor.py:186} INFO - Started process (PID=14493) to work on /usr/local/anaconda3/envs/airflow_env/lib/python3.8/site-packages/airflow/example_dags/example_python_decorator.py
[2025-03-07T16:11:34.893+0100] {processor.py:914} INFO - Processing file /usr/local/anaconda3/envs/airflow_env/lib/python3.8/site-packages/airflow/example_dags/example_python_decorator.py for tasks to queue
[2025-03-07T16:11:34.894+0100] {logging_mixin.py:190} INFO - [2025-03-07T16:11:34.894+0100] {dagbag.py:588} INFO - Filling up the DagBag from /usr/local/anaconda3/envs/airflow_env/lib/python3.8/site-packages/airflow/example_dags/example_python_decorator.py
[2025-03-07T16:11:34.920+0100] {logging_mixin.py:190} INFO - [2025-03-07T16:11:34.920+0100] {example_python_decorator.py:80} WARNING - The virtalenv_python example task requires virtualenv, please install it.
[2025-03-07T16:11:34.922+0100] {processor.py:925} INFO - DAG(s) 'example_python_decorator' retrieved from /usr/local/anaconda3/envs/airflow_env/lib/python3.8/site-packages/airflow/example_dags/example_python_decorator.py
[2025-03-07T16:11:34.996+0100] {logging_mixin.py:190} INFO - [2025-03-07T16:11:34.995+0100] {dag.py:3239} INFO - Sync 1 DAGs
[2025-03-07T16:11:35.004+0100] {logging_mixin.py:190} INFO - [2025-03-07T16:11:35.004+0100] {dag.py:4180} INFO - Setting next_dagrun for example_python_decorator to None, run_after=None
[2025-03-07T16:11:35.016+0100] {processor.py:208} INFO - Processing /usr/local/anaconda3/envs/airflow_env/lib/python3.8/site-packages/airflow/example_dags/example_python_decorator.py took 0.130 seconds
[2025-03-07T16:13:51.843+0100] {processor.py:186} INFO - Started process (PID=14805) to work on /usr/local/anaconda3/envs/airflow_env/lib/python3.8/site-packages/airflow/example_dags/example_python_decorator.py
[2025-03-07T16:13:51.846+0100] {processor.py:914} INFO - Processing file /usr/local/anaconda3/envs/airflow_env/lib/python3.8/site-packages/airflow/example_dags/example_python_decorator.py for tasks to queue
[2025-03-07T16:13:51.847+0100] {logging_mixin.py:190} INFO - [2025-03-07T16:13:51.847+0100] {dagbag.py:588} INFO - Filling up the DagBag from /usr/local/anaconda3/envs/airflow_env/lib/python3.8/site-packages/airflow/example_dags/example_python_decorator.py
[2025-03-07T16:13:51.873+0100] {logging_mixin.py:190} INFO - [2025-03-07T16:13:51.872+0100] {example_python_decorator.py:80} WARNING - The virtalenv_python example task requires virtualenv, please install it.
[2025-03-07T16:13:51.874+0100] {processor.py:925} INFO - DAG(s) 'example_python_decorator' retrieved from /usr/local/anaconda3/envs/airflow_env/lib/python3.8/site-packages/airflow/example_dags/example_python_decorator.py
[2025-03-07T16:13:51.945+0100] {logging_mixin.py:190} INFO - [2025-03-07T16:13:51.945+0100] {dag.py:3239} INFO - Sync 1 DAGs
[2025-03-07T16:13:51.953+0100] {logging_mixin.py:190} INFO - [2025-03-07T16:13:51.953+0100] {dag.py:4180} INFO - Setting next_dagrun for example_python_decorator to None, run_after=None
[2025-03-07T16:13:51.965+0100] {processor.py:208} INFO - Processing /usr/local/anaconda3/envs/airflow_env/lib/python3.8/site-packages/airflow/example_dags/example_python_decorator.py took 0.125 seconds
[2025-03-07T16:16:05.029+0100] {processor.py:186} INFO - Started process (PID=15085) to work on /usr/local/anaconda3/envs/airflow_env/lib/python3.8/site-packages/airflow/example_dags/example_python_decorator.py
[2025-03-07T16:16:05.032+0100] {processor.py:914} INFO - Processing file /usr/local/anaconda3/envs/airflow_env/lib/python3.8/site-packages/airflow/example_dags/example_python_decorator.py for tasks to queue
[2025-03-07T16:16:05.033+0100] {logging_mixin.py:190} INFO - [2025-03-07T16:16:05.033+0100] {dagbag.py:588} INFO - Filling up the DagBag from /usr/local/anaconda3/envs/airflow_env/lib/python3.8/site-packages/airflow/example_dags/example_python_decorator.py
[2025-03-07T16:16:05.060+0100] {logging_mixin.py:190} INFO - [2025-03-07T16:16:05.060+0100] {example_python_decorator.py:80} WARNING - The virtalenv_python example task requires virtualenv, please install it.
[2025-03-07T16:16:05.061+0100] {processor.py:925} INFO - DAG(s) 'example_python_decorator' retrieved from /usr/local/anaconda3/envs/airflow_env/lib/python3.8/site-packages/airflow/example_dags/example_python_decorator.py
[2025-03-07T16:16:05.136+0100] {logging_mixin.py:190} INFO - [2025-03-07T16:16:05.136+0100] {dag.py:3239} INFO - Sync 1 DAGs
[2025-03-07T16:16:05.144+0100] {logging_mixin.py:190} INFO - [2025-03-07T16:16:05.144+0100] {dag.py:4180} INFO - Setting next_dagrun for example_python_decorator to None, run_after=None
[2025-03-07T16:16:05.157+0100] {processor.py:208} INFO - Processing /usr/local/anaconda3/envs/airflow_env/lib/python3.8/site-packages/airflow/example_dags/example_python_decorator.py took 0.131 seconds
[2025-03-07T16:18:20.060+0100] {processor.py:186} INFO - Started process (PID=15309) to work on /usr/local/anaconda3/envs/airflow_env/lib/python3.8/site-packages/airflow/example_dags/example_python_decorator.py
[2025-03-07T16:18:20.063+0100] {processor.py:914} INFO - Processing file /usr/local/anaconda3/envs/airflow_env/lib/python3.8/site-packages/airflow/example_dags/example_python_decorator.py for tasks to queue
[2025-03-07T16:18:20.064+0100] {logging_mixin.py:190} INFO - [2025-03-07T16:18:20.064+0100] {dagbag.py:588} INFO - Filling up the DagBag from /usr/local/anaconda3/envs/airflow_env/lib/python3.8/site-packages/airflow/example_dags/example_python_decorator.py
[2025-03-07T16:18:20.089+0100] {logging_mixin.py:190} INFO - [2025-03-07T16:18:20.089+0100] {example_python_decorator.py:80} WARNING - The virtalenv_python example task requires virtualenv, please install it.
[2025-03-07T16:18:20.090+0100] {processor.py:925} INFO - DAG(s) 'example_python_decorator' retrieved from /usr/local/anaconda3/envs/airflow_env/lib/python3.8/site-packages/airflow/example_dags/example_python_decorator.py
[2025-03-07T16:18:20.159+0100] {logging_mixin.py:190} INFO - [2025-03-07T16:18:20.159+0100] {dag.py:3239} INFO - Sync 1 DAGs
[2025-03-07T16:18:20.167+0100] {logging_mixin.py:190} INFO - [2025-03-07T16:18:20.166+0100] {dag.py:4180} INFO - Setting next_dagrun for example_python_decorator to None, run_after=None
[2025-03-07T16:18:20.178+0100] {processor.py:208} INFO - Processing /usr/local/anaconda3/envs/airflow_env/lib/python3.8/site-packages/airflow/example_dags/example_python_decorator.py took 0.121 seconds
[2025-03-07T16:20:35.802+0100] {processor.py:186} INFO - Started process (PID=15573) to work on /usr/local/anaconda3/envs/airflow_env/lib/python3.8/site-packages/airflow/example_dags/example_python_decorator.py
[2025-03-07T16:20:35.805+0100] {processor.py:914} INFO - Processing file /usr/local/anaconda3/envs/airflow_env/lib/python3.8/site-packages/airflow/example_dags/example_python_decorator.py for tasks to queue
[2025-03-07T16:20:35.806+0100] {logging_mixin.py:190} INFO - [2025-03-07T16:20:35.806+0100] {dagbag.py:588} INFO - Filling up the DagBag from /usr/local/anaconda3/envs/airflow_env/lib/python3.8/site-packages/airflow/example_dags/example_python_decorator.py
[2025-03-07T16:20:35.831+0100] {logging_mixin.py:190} INFO - [2025-03-07T16:20:35.831+0100] {example_python_decorator.py:80} WARNING - The virtalenv_python example task requires virtualenv, please install it.
[2025-03-07T16:20:35.833+0100] {processor.py:925} INFO - DAG(s) 'example_python_decorator' retrieved from /usr/local/anaconda3/envs/airflow_env/lib/python3.8/site-packages/airflow/example_dags/example_python_decorator.py
[2025-03-07T16:20:35.903+0100] {logging_mixin.py:190} INFO - [2025-03-07T16:20:35.903+0100] {dag.py:3239} INFO - Sync 1 DAGs
[2025-03-07T16:20:35.911+0100] {logging_mixin.py:190} INFO - [2025-03-07T16:20:35.911+0100] {dag.py:4180} INFO - Setting next_dagrun for example_python_decorator to None, run_after=None
[2025-03-07T16:20:35.923+0100] {processor.py:208} INFO - Processing /usr/local/anaconda3/envs/airflow_env/lib/python3.8/site-packages/airflow/example_dags/example_python_decorator.py took 0.124 seconds
[2025-03-07T16:24:34.917+0100] {processor.py:186} INFO - Started process (PID=15959) to work on /usr/local/anaconda3/envs/airflow_env/lib/python3.8/site-packages/airflow/example_dags/example_python_decorator.py
[2025-03-07T16:24:34.920+0100] {processor.py:914} INFO - Processing file /usr/local/anaconda3/envs/airflow_env/lib/python3.8/site-packages/airflow/example_dags/example_python_decorator.py for tasks to queue
[2025-03-07T16:24:34.921+0100] {logging_mixin.py:190} INFO - [2025-03-07T16:24:34.921+0100] {dagbag.py:588} INFO - Filling up the DagBag from /usr/local/anaconda3/envs/airflow_env/lib/python3.8/site-packages/airflow/example_dags/example_python_decorator.py
[2025-03-07T16:24:34.946+0100] {logging_mixin.py:190} INFO - [2025-03-07T16:24:34.946+0100] {example_python_decorator.py:80} WARNING - The virtalenv_python example task requires virtualenv, please install it.
[2025-03-07T16:24:34.948+0100] {processor.py:925} INFO - DAG(s) 'example_python_decorator' retrieved from /usr/local/anaconda3/envs/airflow_env/lib/python3.8/site-packages/airflow/example_dags/example_python_decorator.py
[2025-03-07T16:24:35.020+0100] {logging_mixin.py:190} INFO - [2025-03-07T16:24:35.019+0100] {dag.py:3239} INFO - Sync 1 DAGs
[2025-03-07T16:24:35.028+0100] {logging_mixin.py:190} INFO - [2025-03-07T16:24:35.027+0100] {dag.py:4180} INFO - Setting next_dagrun for example_python_decorator to None, run_after=None
[2025-03-07T16:24:35.040+0100] {processor.py:208} INFO - Processing /usr/local/anaconda3/envs/airflow_env/lib/python3.8/site-packages/airflow/example_dags/example_python_decorator.py took 0.125 seconds
[2025-03-07T16:30:41.678+0100] {processor.py:186} INFO - Started process (PID=16343) to work on /usr/local/anaconda3/envs/airflow_env/lib/python3.8/site-packages/airflow/example_dags/example_python_decorator.py
[2025-03-07T16:30:41.681+0100] {processor.py:914} INFO - Processing file /usr/local/anaconda3/envs/airflow_env/lib/python3.8/site-packages/airflow/example_dags/example_python_decorator.py for tasks to queue
[2025-03-07T16:30:41.682+0100] {logging_mixin.py:190} INFO - [2025-03-07T16:30:41.682+0100] {dagbag.py:588} INFO - Filling up the DagBag from /usr/local/anaconda3/envs/airflow_env/lib/python3.8/site-packages/airflow/example_dags/example_python_decorator.py
[2025-03-07T16:30:41.707+0100] {logging_mixin.py:190} INFO - [2025-03-07T16:30:41.707+0100] {example_python_decorator.py:80} WARNING - The virtalenv_python example task requires virtualenv, please install it.
[2025-03-07T16:30:41.709+0100] {processor.py:925} INFO - DAG(s) 'example_python_decorator' retrieved from /usr/local/anaconda3/envs/airflow_env/lib/python3.8/site-packages/airflow/example_dags/example_python_decorator.py
[2025-03-07T16:30:41.782+0100] {logging_mixin.py:190} INFO - [2025-03-07T16:30:41.782+0100] {dag.py:3239} INFO - Sync 1 DAGs
[2025-03-07T16:30:41.790+0100] {logging_mixin.py:190} INFO - [2025-03-07T16:30:41.790+0100] {dag.py:4180} INFO - Setting next_dagrun for example_python_decorator to None, run_after=None
[2025-03-07T16:30:41.802+0100] {processor.py:208} INFO - Processing /usr/local/anaconda3/envs/airflow_env/lib/python3.8/site-packages/airflow/example_dags/example_python_decorator.py took 0.127 seconds
