[2025-03-07T14:11:29.997+0100] {processor.py:186} INFO - Started process (PID=2736) to work on /usr/local/anaconda3/envs/airflow_env/lib/python3.8/site-packages/airflow/example_dags/example_skip_dag.py
[2025-03-07T14:11:30.001+0100] {processor.py:914} INFO - Processing file /usr/local/anaconda3/envs/airflow_env/lib/python3.8/site-packages/airflow/example_dags/example_skip_dag.py for tasks to queue
[2025-03-07T14:11:30.002+0100] {logging_mixin.py:190} INFO - [2025-03-07T14:11:30.002+0100] {dagbag.py:588} INFO - Filling up the DagBag from /usr/local/anaconda3/envs/airflow_env/lib/python3.8/site-packages/airflow/example_dags/example_skip_dag.py
[2025-03-07T14:11:30.008+0100] {processor.py:925} INFO - DAG(s) 'example_skip_dag' retrieved from /usr/local/anaconda3/envs/airflow_env/lib/python3.8/site-packages/airflow/example_dags/example_skip_dag.py
[2025-03-07T14:11:30.139+0100] {logging_mixin.py:190} INFO - [2025-03-07T14:11:30.138+0100] {override.py:1901} INFO - Created Permission View: can delete on DAG:example_skip_dag
[2025-03-07T14:11:30.144+0100] {logging_mixin.py:190} INFO - [2025-03-07T14:11:30.144+0100] {override.py:1901} INFO - Created Permission View: can read on DAG:example_skip_dag
[2025-03-07T14:11:30.148+0100] {logging_mixin.py:190} INFO - [2025-03-07T14:11:30.148+0100] {override.py:1901} INFO - Created Permission View: can edit on DAG:example_skip_dag
[2025-03-07T14:11:30.153+0100] {logging_mixin.py:190} INFO - [2025-03-07T14:11:30.153+0100] {override.py:1901} INFO - Created Permission View: can delete on DAG Run:example_skip_dag
[2025-03-07T14:11:30.157+0100] {logging_mixin.py:190} INFO - [2025-03-07T14:11:30.157+0100] {override.py:1901} INFO - Created Permission View: can read on DAG Run:example_skip_dag
[2025-03-07T14:11:30.161+0100] {logging_mixin.py:190} INFO - [2025-03-07T14:11:30.161+0100] {override.py:1901} INFO - Created Permission View: menu access on DAG Run:example_skip_dag
[2025-03-07T14:11:30.165+0100] {logging_mixin.py:190} INFO - [2025-03-07T14:11:30.164+0100] {override.py:1901} INFO - Created Permission View: can create on DAG Run:example_skip_dag
[2025-03-07T14:11:30.165+0100] {logging_mixin.py:190} INFO - [2025-03-07T14:11:30.165+0100] {dag.py:3239} INFO - Sync 1 DAGs
[2025-03-07T14:11:30.173+0100] {logging_mixin.py:190} INFO - [2025-03-07T14:11:30.172+0100] {dag.py:3262} INFO - Creating ORM DAG for example_skip_dag
[2025-03-07T14:11:30.178+0100] {logging_mixin.py:190} INFO - [2025-03-07T14:11:30.178+0100] {dag.py:4180} INFO - Setting next_dagrun for example_skip_dag to 2025-03-06T00:00:00+00:00, run_after=2025-03-07T00:00:00+00:00
[2025-03-07T14:11:30.188+0100] {processor.py:208} INFO - Processing /usr/local/anaconda3/envs/airflow_env/lib/python3.8/site-packages/airflow/example_dags/example_skip_dag.py took 0.194 seconds
[2025-03-07T14:14:54.838+0100] {processor.py:186} INFO - Started process (PID=3069) to work on /usr/local/anaconda3/envs/airflow_env/lib/python3.8/site-packages/airflow/example_dags/example_skip_dag.py
[2025-03-07T14:14:54.842+0100] {processor.py:914} INFO - Processing file /usr/local/anaconda3/envs/airflow_env/lib/python3.8/site-packages/airflow/example_dags/example_skip_dag.py for tasks to queue
[2025-03-07T14:14:54.842+0100] {logging_mixin.py:190} INFO - [2025-03-07T14:14:54.842+0100] {dagbag.py:588} INFO - Filling up the DagBag from /usr/local/anaconda3/envs/airflow_env/lib/python3.8/site-packages/airflow/example_dags/example_skip_dag.py
[2025-03-07T14:14:54.848+0100] {processor.py:925} INFO - DAG(s) 'example_skip_dag' retrieved from /usr/local/anaconda3/envs/airflow_env/lib/python3.8/site-packages/airflow/example_dags/example_skip_dag.py
[2025-03-07T14:14:54.917+0100] {logging_mixin.py:190} INFO - [2025-03-07T14:14:54.917+0100] {dag.py:3239} INFO - Sync 1 DAGs
[2025-03-07T14:14:54.929+0100] {logging_mixin.py:190} INFO - [2025-03-07T14:14:54.928+0100] {dag.py:4180} INFO - Setting next_dagrun for example_skip_dag to 2025-03-06T00:00:00+00:00, run_after=2025-03-07T00:00:00+00:00
[2025-03-07T14:14:54.940+0100] {processor.py:208} INFO - Processing /usr/local/anaconda3/envs/airflow_env/lib/python3.8/site-packages/airflow/example_dags/example_skip_dag.py took 0.104 seconds
[2025-03-07T14:17:07.589+0100] {processor.py:186} INFO - Started process (PID=3340) to work on /usr/local/anaconda3/envs/airflow_env/lib/python3.8/site-packages/airflow/example_dags/example_skip_dag.py
[2025-03-07T14:17:07.592+0100] {processor.py:914} INFO - Processing file /usr/local/anaconda3/envs/airflow_env/lib/python3.8/site-packages/airflow/example_dags/example_skip_dag.py for tasks to queue
[2025-03-07T14:17:07.593+0100] {logging_mixin.py:190} INFO - [2025-03-07T14:17:07.593+0100] {dagbag.py:588} INFO - Filling up the DagBag from /usr/local/anaconda3/envs/airflow_env/lib/python3.8/site-packages/airflow/example_dags/example_skip_dag.py
[2025-03-07T14:17:07.599+0100] {processor.py:925} INFO - DAG(s) 'example_skip_dag' retrieved from /usr/local/anaconda3/envs/airflow_env/lib/python3.8/site-packages/airflow/example_dags/example_skip_dag.py
[2025-03-07T14:17:07.677+0100] {logging_mixin.py:190} INFO - [2025-03-07T14:17:07.676+0100] {dag.py:3239} INFO - Sync 1 DAGs
[2025-03-07T14:17:07.690+0100] {logging_mixin.py:190} INFO - [2025-03-07T14:17:07.690+0100] {dag.py:4180} INFO - Setting next_dagrun for example_skip_dag to 2025-03-06T00:00:00+00:00, run_after=2025-03-07T00:00:00+00:00
[2025-03-07T14:17:07.702+0100] {processor.py:208} INFO - Processing /usr/local/anaconda3/envs/airflow_env/lib/python3.8/site-packages/airflow/example_dags/example_skip_dag.py took 0.117 seconds
[2025-03-07T14:19:24.245+0100] {processor.py:186} INFO - Started process (PID=3581) to work on /usr/local/anaconda3/envs/airflow_env/lib/python3.8/site-packages/airflow/example_dags/example_skip_dag.py
[2025-03-07T14:19:24.248+0100] {processor.py:914} INFO - Processing file /usr/local/anaconda3/envs/airflow_env/lib/python3.8/site-packages/airflow/example_dags/example_skip_dag.py for tasks to queue
[2025-03-07T14:19:24.249+0100] {logging_mixin.py:190} INFO - [2025-03-07T14:19:24.248+0100] {dagbag.py:588} INFO - Filling up the DagBag from /usr/local/anaconda3/envs/airflow_env/lib/python3.8/site-packages/airflow/example_dags/example_skip_dag.py
[2025-03-07T14:19:24.254+0100] {processor.py:925} INFO - DAG(s) 'example_skip_dag' retrieved from /usr/local/anaconda3/envs/airflow_env/lib/python3.8/site-packages/airflow/example_dags/example_skip_dag.py
[2025-03-07T14:19:24.323+0100] {logging_mixin.py:190} INFO - [2025-03-07T14:19:24.323+0100] {dag.py:3239} INFO - Sync 1 DAGs
[2025-03-07T14:19:24.335+0100] {logging_mixin.py:190} INFO - [2025-03-07T14:19:24.335+0100] {dag.py:4180} INFO - Setting next_dagrun for example_skip_dag to 2025-03-06T00:00:00+00:00, run_after=2025-03-07T00:00:00+00:00
[2025-03-07T14:19:24.346+0100] {processor.py:208} INFO - Processing /usr/local/anaconda3/envs/airflow_env/lib/python3.8/site-packages/airflow/example_dags/example_skip_dag.py took 0.104 seconds
[2025-03-07T14:21:40.538+0100] {processor.py:186} INFO - Started process (PID=3849) to work on /usr/local/anaconda3/envs/airflow_env/lib/python3.8/site-packages/airflow/example_dags/example_skip_dag.py
[2025-03-07T14:21:40.541+0100] {processor.py:914} INFO - Processing file /usr/local/anaconda3/envs/airflow_env/lib/python3.8/site-packages/airflow/example_dags/example_skip_dag.py for tasks to queue
[2025-03-07T14:21:40.542+0100] {logging_mixin.py:190} INFO - [2025-03-07T14:21:40.542+0100] {dagbag.py:588} INFO - Filling up the DagBag from /usr/local/anaconda3/envs/airflow_env/lib/python3.8/site-packages/airflow/example_dags/example_skip_dag.py
[2025-03-07T14:21:40.548+0100] {processor.py:925} INFO - DAG(s) 'example_skip_dag' retrieved from /usr/local/anaconda3/envs/airflow_env/lib/python3.8/site-packages/airflow/example_dags/example_skip_dag.py
[2025-03-07T14:21:40.620+0100] {logging_mixin.py:190} INFO - [2025-03-07T14:21:40.620+0100] {dag.py:3239} INFO - Sync 1 DAGs
[2025-03-07T14:21:40.633+0100] {logging_mixin.py:190} INFO - [2025-03-07T14:21:40.633+0100] {dag.py:4180} INFO - Setting next_dagrun for example_skip_dag to 2025-03-06T00:00:00+00:00, run_after=2025-03-07T00:00:00+00:00
[2025-03-07T14:21:40.645+0100] {processor.py:208} INFO - Processing /usr/local/anaconda3/envs/airflow_env/lib/python3.8/site-packages/airflow/example_dags/example_skip_dag.py took 0.109 seconds
[2025-03-07T14:24:05.573+0100] {processor.py:186} INFO - Started process (PID=4096) to work on /usr/local/anaconda3/envs/airflow_env/lib/python3.8/site-packages/airflow/example_dags/example_skip_dag.py
[2025-03-07T14:24:05.576+0100] {processor.py:914} INFO - Processing file /usr/local/anaconda3/envs/airflow_env/lib/python3.8/site-packages/airflow/example_dags/example_skip_dag.py for tasks to queue
[2025-03-07T14:24:05.577+0100] {logging_mixin.py:190} INFO - [2025-03-07T14:24:05.576+0100] {dagbag.py:588} INFO - Filling up the DagBag from /usr/local/anaconda3/envs/airflow_env/lib/python3.8/site-packages/airflow/example_dags/example_skip_dag.py
[2025-03-07T14:24:05.582+0100] {processor.py:925} INFO - DAG(s) 'example_skip_dag' retrieved from /usr/local/anaconda3/envs/airflow_env/lib/python3.8/site-packages/airflow/example_dags/example_skip_dag.py
[2025-03-07T14:24:05.657+0100] {logging_mixin.py:190} INFO - [2025-03-07T14:24:05.657+0100] {dag.py:3239} INFO - Sync 1 DAGs
[2025-03-07T14:24:05.669+0100] {logging_mixin.py:190} INFO - [2025-03-07T14:24:05.669+0100] {dag.py:4180} INFO - Setting next_dagrun for example_skip_dag to 2025-03-06T00:00:00+00:00, run_after=2025-03-07T00:00:00+00:00
[2025-03-07T14:24:05.681+0100] {processor.py:208} INFO - Processing /usr/local/anaconda3/envs/airflow_env/lib/python3.8/site-packages/airflow/example_dags/example_skip_dag.py took 0.111 seconds
[2025-03-07T14:44:24.468+0100] {processor.py:186} INFO - Started process (PID=4944) to work on /usr/local/anaconda3/envs/airflow_env/lib/python3.8/site-packages/airflow/example_dags/example_skip_dag.py
[2025-03-07T14:44:24.471+0100] {processor.py:914} INFO - Processing file /usr/local/anaconda3/envs/airflow_env/lib/python3.8/site-packages/airflow/example_dags/example_skip_dag.py for tasks to queue
[2025-03-07T14:44:24.472+0100] {logging_mixin.py:190} INFO - [2025-03-07T14:44:24.472+0100] {dagbag.py:588} INFO - Filling up the DagBag from /usr/local/anaconda3/envs/airflow_env/lib/python3.8/site-packages/airflow/example_dags/example_skip_dag.py
[2025-03-07T14:44:24.479+0100] {processor.py:925} INFO - DAG(s) 'example_skip_dag' retrieved from /usr/local/anaconda3/envs/airflow_env/lib/python3.8/site-packages/airflow/example_dags/example_skip_dag.py
[2025-03-07T14:44:24.550+0100] {logging_mixin.py:190} INFO - [2025-03-07T14:44:24.550+0100] {dag.py:3239} INFO - Sync 1 DAGs
[2025-03-07T14:44:24.562+0100] {logging_mixin.py:190} INFO - [2025-03-07T14:44:24.561+0100] {dag.py:4180} INFO - Setting next_dagrun for example_skip_dag to 2025-03-06T00:00:00+00:00, run_after=2025-03-07T00:00:00+00:00
[2025-03-07T14:44:24.573+0100] {processor.py:208} INFO - Processing /usr/local/anaconda3/envs/airflow_env/lib/python3.8/site-packages/airflow/example_dags/example_skip_dag.py took 0.108 seconds
[2025-03-07T14:47:15.569+0100] {processor.py:186} INFO - Started process (PID=5183) to work on /usr/local/anaconda3/envs/airflow_env/lib/python3.8/site-packages/airflow/example_dags/example_skip_dag.py
[2025-03-07T14:47:15.572+0100] {processor.py:914} INFO - Processing file /usr/local/anaconda3/envs/airflow_env/lib/python3.8/site-packages/airflow/example_dags/example_skip_dag.py for tasks to queue
[2025-03-07T14:47:15.573+0100] {logging_mixin.py:190} INFO - [2025-03-07T14:47:15.573+0100] {dagbag.py:588} INFO - Filling up the DagBag from /usr/local/anaconda3/envs/airflow_env/lib/python3.8/site-packages/airflow/example_dags/example_skip_dag.py
[2025-03-07T14:47:15.579+0100] {processor.py:925} INFO - DAG(s) 'example_skip_dag' retrieved from /usr/local/anaconda3/envs/airflow_env/lib/python3.8/site-packages/airflow/example_dags/example_skip_dag.py
[2025-03-07T14:47:15.653+0100] {logging_mixin.py:190} INFO - [2025-03-07T14:47:15.653+0100] {dag.py:3239} INFO - Sync 1 DAGs
[2025-03-07T14:47:15.665+0100] {logging_mixin.py:190} INFO - [2025-03-07T14:47:15.665+0100] {dag.py:4180} INFO - Setting next_dagrun for example_skip_dag to 2025-03-06T00:00:00+00:00, run_after=2025-03-07T00:00:00+00:00
[2025-03-07T14:47:15.677+0100] {processor.py:208} INFO - Processing /usr/local/anaconda3/envs/airflow_env/lib/python3.8/site-packages/airflow/example_dags/example_skip_dag.py took 0.111 seconds
[2025-03-07T14:50:18.617+0100] {processor.py:186} INFO - Started process (PID=5592) to work on /usr/local/anaconda3/envs/airflow_env/lib/python3.8/site-packages/airflow/example_dags/example_skip_dag.py
[2025-03-07T14:50:18.620+0100] {processor.py:914} INFO - Processing file /usr/local/anaconda3/envs/airflow_env/lib/python3.8/site-packages/airflow/example_dags/example_skip_dag.py for tasks to queue
[2025-03-07T14:50:18.621+0100] {logging_mixin.py:190} INFO - [2025-03-07T14:50:18.621+0100] {dagbag.py:588} INFO - Filling up the DagBag from /usr/local/anaconda3/envs/airflow_env/lib/python3.8/site-packages/airflow/example_dags/example_skip_dag.py
[2025-03-07T14:50:18.628+0100] {processor.py:925} INFO - DAG(s) 'example_skip_dag' retrieved from /usr/local/anaconda3/envs/airflow_env/lib/python3.8/site-packages/airflow/example_dags/example_skip_dag.py
[2025-03-07T14:50:18.699+0100] {logging_mixin.py:190} INFO - [2025-03-07T14:50:18.698+0100] {dag.py:3239} INFO - Sync 1 DAGs
[2025-03-07T14:50:18.709+0100] {logging_mixin.py:190} INFO - [2025-03-07T14:50:18.709+0100] {dag.py:4180} INFO - Setting next_dagrun for example_skip_dag to 2025-03-06T00:00:00+00:00, run_after=2025-03-07T00:00:00+00:00
[2025-03-07T14:50:18.721+0100] {processor.py:208} INFO - Processing /usr/local/anaconda3/envs/airflow_env/lib/python3.8/site-packages/airflow/example_dags/example_skip_dag.py took 0.107 seconds
[2025-03-07T14:53:49.513+0100] {processor.py:186} INFO - Started process (PID=6036) to work on /usr/local/anaconda3/envs/airflow_env/lib/python3.8/site-packages/airflow/example_dags/example_skip_dag.py
[2025-03-07T14:53:49.516+0100] {processor.py:914} INFO - Processing file /usr/local/anaconda3/envs/airflow_env/lib/python3.8/site-packages/airflow/example_dags/example_skip_dag.py for tasks to queue
[2025-03-07T14:53:49.517+0100] {logging_mixin.py:190} INFO - [2025-03-07T14:53:49.517+0100] {dagbag.py:588} INFO - Filling up the DagBag from /usr/local/anaconda3/envs/airflow_env/lib/python3.8/site-packages/airflow/example_dags/example_skip_dag.py
[2025-03-07T14:53:49.524+0100] {processor.py:925} INFO - DAG(s) 'example_skip_dag' retrieved from /usr/local/anaconda3/envs/airflow_env/lib/python3.8/site-packages/airflow/example_dags/example_skip_dag.py
[2025-03-07T14:53:49.598+0100] {logging_mixin.py:190} INFO - [2025-03-07T14:53:49.598+0100] {dag.py:3239} INFO - Sync 1 DAGs
[2025-03-07T14:53:49.610+0100] {logging_mixin.py:190} INFO - [2025-03-07T14:53:49.610+0100] {dag.py:4180} INFO - Setting next_dagrun for example_skip_dag to 2025-03-06T00:00:00+00:00, run_after=2025-03-07T00:00:00+00:00
[2025-03-07T14:53:49.623+0100] {processor.py:208} INFO - Processing /usr/local/anaconda3/envs/airflow_env/lib/python3.8/site-packages/airflow/example_dags/example_skip_dag.py took 0.113 seconds
[2025-03-07T14:56:31.853+0100] {processor.py:186} INFO - Started process (PID=6361) to work on /usr/local/anaconda3/envs/airflow_env/lib/python3.8/site-packages/airflow/example_dags/example_skip_dag.py
[2025-03-07T14:56:31.856+0100] {processor.py:914} INFO - Processing file /usr/local/anaconda3/envs/airflow_env/lib/python3.8/site-packages/airflow/example_dags/example_skip_dag.py for tasks to queue
[2025-03-07T14:56:31.857+0100] {logging_mixin.py:190} INFO - [2025-03-07T14:56:31.857+0100] {dagbag.py:588} INFO - Filling up the DagBag from /usr/local/anaconda3/envs/airflow_env/lib/python3.8/site-packages/airflow/example_dags/example_skip_dag.py
[2025-03-07T14:56:31.863+0100] {processor.py:925} INFO - DAG(s) 'example_skip_dag' retrieved from /usr/local/anaconda3/envs/airflow_env/lib/python3.8/site-packages/airflow/example_dags/example_skip_dag.py
[2025-03-07T14:56:31.933+0100] {logging_mixin.py:190} INFO - [2025-03-07T14:56:31.933+0100] {dag.py:3239} INFO - Sync 1 DAGs
[2025-03-07T14:56:31.944+0100] {logging_mixin.py:190} INFO - [2025-03-07T14:56:31.944+0100] {dag.py:4180} INFO - Setting next_dagrun for example_skip_dag to 2025-03-06T00:00:00+00:00, run_after=2025-03-07T00:00:00+00:00
[2025-03-07T14:56:31.956+0100] {processor.py:208} INFO - Processing /usr/local/anaconda3/envs/airflow_env/lib/python3.8/site-packages/airflow/example_dags/example_skip_dag.py took 0.106 seconds
[2025-03-07T14:58:43.609+0100] {processor.py:186} INFO - Started process (PID=6620) to work on /usr/local/anaconda3/envs/airflow_env/lib/python3.8/site-packages/airflow/example_dags/example_skip_dag.py
[2025-03-07T14:58:43.613+0100] {processor.py:914} INFO - Processing file /usr/local/anaconda3/envs/airflow_env/lib/python3.8/site-packages/airflow/example_dags/example_skip_dag.py for tasks to queue
[2025-03-07T14:58:43.613+0100] {logging_mixin.py:190} INFO - [2025-03-07T14:58:43.613+0100] {dagbag.py:588} INFO - Filling up the DagBag from /usr/local/anaconda3/envs/airflow_env/lib/python3.8/site-packages/airflow/example_dags/example_skip_dag.py
[2025-03-07T14:58:43.619+0100] {processor.py:925} INFO - DAG(s) 'example_skip_dag' retrieved from /usr/local/anaconda3/envs/airflow_env/lib/python3.8/site-packages/airflow/example_dags/example_skip_dag.py
[2025-03-07T14:58:43.689+0100] {logging_mixin.py:190} INFO - [2025-03-07T14:58:43.688+0100] {dag.py:3239} INFO - Sync 1 DAGs
[2025-03-07T14:58:43.699+0100] {logging_mixin.py:190} INFO - [2025-03-07T14:58:43.699+0100] {dag.py:4180} INFO - Setting next_dagrun for example_skip_dag to 2025-03-06T00:00:00+00:00, run_after=2025-03-07T00:00:00+00:00
[2025-03-07T14:58:43.710+0100] {processor.py:208} INFO - Processing /usr/local/anaconda3/envs/airflow_env/lib/python3.8/site-packages/airflow/example_dags/example_skip_dag.py took 0.104 seconds
[2025-03-07T15:00:59.380+0100] {processor.py:186} INFO - Started process (PID=6904) to work on /usr/local/anaconda3/envs/airflow_env/lib/python3.8/site-packages/airflow/example_dags/example_skip_dag.py
[2025-03-07T15:00:59.383+0100] {processor.py:914} INFO - Processing file /usr/local/anaconda3/envs/airflow_env/lib/python3.8/site-packages/airflow/example_dags/example_skip_dag.py for tasks to queue
[2025-03-07T15:00:59.384+0100] {logging_mixin.py:190} INFO - [2025-03-07T15:00:59.384+0100] {dagbag.py:588} INFO - Filling up the DagBag from /usr/local/anaconda3/envs/airflow_env/lib/python3.8/site-packages/airflow/example_dags/example_skip_dag.py
[2025-03-07T15:00:59.391+0100] {processor.py:925} INFO - DAG(s) 'example_skip_dag' retrieved from /usr/local/anaconda3/envs/airflow_env/lib/python3.8/site-packages/airflow/example_dags/example_skip_dag.py
[2025-03-07T15:00:59.467+0100] {logging_mixin.py:190} INFO - [2025-03-07T15:00:59.467+0100] {dag.py:3239} INFO - Sync 1 DAGs
[2025-03-07T15:00:59.479+0100] {logging_mixin.py:190} INFO - [2025-03-07T15:00:59.479+0100] {dag.py:4180} INFO - Setting next_dagrun for example_skip_dag to 2025-03-06T00:00:00+00:00, run_after=2025-03-07T00:00:00+00:00
[2025-03-07T15:00:59.492+0100] {processor.py:208} INFO - Processing /usr/local/anaconda3/envs/airflow_env/lib/python3.8/site-packages/airflow/example_dags/example_skip_dag.py took 0.115 seconds
[2025-03-07T15:03:24.918+0100] {processor.py:186} INFO - Started process (PID=7147) to work on /usr/local/anaconda3/envs/airflow_env/lib/python3.8/site-packages/airflow/example_dags/example_skip_dag.py
[2025-03-07T15:03:24.921+0100] {processor.py:914} INFO - Processing file /usr/local/anaconda3/envs/airflow_env/lib/python3.8/site-packages/airflow/example_dags/example_skip_dag.py for tasks to queue
[2025-03-07T15:03:24.921+0100] {logging_mixin.py:190} INFO - [2025-03-07T15:03:24.921+0100] {dagbag.py:588} INFO - Filling up the DagBag from /usr/local/anaconda3/envs/airflow_env/lib/python3.8/site-packages/airflow/example_dags/example_skip_dag.py
[2025-03-07T15:03:24.928+0100] {processor.py:925} INFO - DAG(s) 'example_skip_dag' retrieved from /usr/local/anaconda3/envs/airflow_env/lib/python3.8/site-packages/airflow/example_dags/example_skip_dag.py
[2025-03-07T15:03:25.006+0100] {logging_mixin.py:190} INFO - [2025-03-07T15:03:25.006+0100] {dag.py:3239} INFO - Sync 1 DAGs
[2025-03-07T15:03:25.019+0100] {logging_mixin.py:190} INFO - [2025-03-07T15:03:25.018+0100] {dag.py:4180} INFO - Setting next_dagrun for example_skip_dag to 2025-03-06T00:00:00+00:00, run_after=2025-03-07T00:00:00+00:00
[2025-03-07T15:03:25.031+0100] {processor.py:208} INFO - Processing /usr/local/anaconda3/envs/airflow_env/lib/python3.8/site-packages/airflow/example_dags/example_skip_dag.py took 0.117 seconds
[2025-03-07T15:05:46.102+0100] {processor.py:186} INFO - Started process (PID=7409) to work on /usr/local/anaconda3/envs/airflow_env/lib/python3.8/site-packages/airflow/example_dags/example_skip_dag.py
[2025-03-07T15:05:46.105+0100] {processor.py:914} INFO - Processing file /usr/local/anaconda3/envs/airflow_env/lib/python3.8/site-packages/airflow/example_dags/example_skip_dag.py for tasks to queue
[2025-03-07T15:05:46.106+0100] {logging_mixin.py:190} INFO - [2025-03-07T15:05:46.106+0100] {dagbag.py:588} INFO - Filling up the DagBag from /usr/local/anaconda3/envs/airflow_env/lib/python3.8/site-packages/airflow/example_dags/example_skip_dag.py
[2025-03-07T15:05:46.113+0100] {processor.py:925} INFO - DAG(s) 'example_skip_dag' retrieved from /usr/local/anaconda3/envs/airflow_env/lib/python3.8/site-packages/airflow/example_dags/example_skip_dag.py
[2025-03-07T15:05:46.188+0100] {logging_mixin.py:190} INFO - [2025-03-07T15:05:46.188+0100] {dag.py:3239} INFO - Sync 1 DAGs
[2025-03-07T15:05:46.200+0100] {logging_mixin.py:190} INFO - [2025-03-07T15:05:46.200+0100] {dag.py:4180} INFO - Setting next_dagrun for example_skip_dag to 2025-03-06T00:00:00+00:00, run_after=2025-03-07T00:00:00+00:00
[2025-03-07T15:05:46.212+0100] {processor.py:208} INFO - Processing /usr/local/anaconda3/envs/airflow_env/lib/python3.8/site-packages/airflow/example_dags/example_skip_dag.py took 0.113 seconds
[2025-03-07T15:08:08.872+0100] {processor.py:186} INFO - Started process (PID=7641) to work on /usr/local/anaconda3/envs/airflow_env/lib/python3.8/site-packages/airflow/example_dags/example_skip_dag.py
[2025-03-07T15:08:08.875+0100] {processor.py:914} INFO - Processing file /usr/local/anaconda3/envs/airflow_env/lib/python3.8/site-packages/airflow/example_dags/example_skip_dag.py for tasks to queue
[2025-03-07T15:08:08.876+0100] {logging_mixin.py:190} INFO - [2025-03-07T15:08:08.876+0100] {dagbag.py:588} INFO - Filling up the DagBag from /usr/local/anaconda3/envs/airflow_env/lib/python3.8/site-packages/airflow/example_dags/example_skip_dag.py
[2025-03-07T15:08:08.882+0100] {processor.py:925} INFO - DAG(s) 'example_skip_dag' retrieved from /usr/local/anaconda3/envs/airflow_env/lib/python3.8/site-packages/airflow/example_dags/example_skip_dag.py
[2025-03-07T15:08:08.954+0100] {logging_mixin.py:190} INFO - [2025-03-07T15:08:08.954+0100] {dag.py:3239} INFO - Sync 1 DAGs
[2025-03-07T15:08:08.965+0100] {logging_mixin.py:190} INFO - [2025-03-07T15:08:08.965+0100] {dag.py:4180} INFO - Setting next_dagrun for example_skip_dag to 2025-03-06T00:00:00+00:00, run_after=2025-03-07T00:00:00+00:00
[2025-03-07T15:08:08.977+0100] {processor.py:208} INFO - Processing /usr/local/anaconda3/envs/airflow_env/lib/python3.8/site-packages/airflow/example_dags/example_skip_dag.py took 0.108 seconds
[2025-03-07T15:10:36.179+0100] {processor.py:186} INFO - Started process (PID=7878) to work on /usr/local/anaconda3/envs/airflow_env/lib/python3.8/site-packages/airflow/example_dags/example_skip_dag.py
[2025-03-07T15:10:36.182+0100] {processor.py:914} INFO - Processing file /usr/local/anaconda3/envs/airflow_env/lib/python3.8/site-packages/airflow/example_dags/example_skip_dag.py for tasks to queue
[2025-03-07T15:10:36.182+0100] {logging_mixin.py:190} INFO - [2025-03-07T15:10:36.182+0100] {dagbag.py:588} INFO - Filling up the DagBag from /usr/local/anaconda3/envs/airflow_env/lib/python3.8/site-packages/airflow/example_dags/example_skip_dag.py
[2025-03-07T15:10:36.189+0100] {processor.py:925} INFO - DAG(s) 'example_skip_dag' retrieved from /usr/local/anaconda3/envs/airflow_env/lib/python3.8/site-packages/airflow/example_dags/example_skip_dag.py
[2025-03-07T15:10:36.260+0100] {logging_mixin.py:190} INFO - [2025-03-07T15:10:36.260+0100] {dag.py:3239} INFO - Sync 1 DAGs
[2025-03-07T15:10:36.271+0100] {logging_mixin.py:190} INFO - [2025-03-07T15:10:36.271+0100] {dag.py:4180} INFO - Setting next_dagrun for example_skip_dag to 2025-03-06T00:00:00+00:00, run_after=2025-03-07T00:00:00+00:00
[2025-03-07T15:10:36.283+0100] {processor.py:208} INFO - Processing /usr/local/anaconda3/envs/airflow_env/lib/python3.8/site-packages/airflow/example_dags/example_skip_dag.py took 0.107 seconds
[2025-03-07T15:13:18.762+0100] {processor.py:186} INFO - Started process (PID=8266) to work on /usr/local/anaconda3/envs/airflow_env/lib/python3.8/site-packages/airflow/example_dags/example_skip_dag.py
[2025-03-07T15:13:18.765+0100] {processor.py:914} INFO - Processing file /usr/local/anaconda3/envs/airflow_env/lib/python3.8/site-packages/airflow/example_dags/example_skip_dag.py for tasks to queue
[2025-03-07T15:13:18.766+0100] {logging_mixin.py:190} INFO - [2025-03-07T15:13:18.766+0100] {dagbag.py:588} INFO - Filling up the DagBag from /usr/local/anaconda3/envs/airflow_env/lib/python3.8/site-packages/airflow/example_dags/example_skip_dag.py
[2025-03-07T15:13:18.773+0100] {processor.py:925} INFO - DAG(s) 'example_skip_dag' retrieved from /usr/local/anaconda3/envs/airflow_env/lib/python3.8/site-packages/airflow/example_dags/example_skip_dag.py
[2025-03-07T15:13:18.846+0100] {logging_mixin.py:190} INFO - [2025-03-07T15:13:18.846+0100] {dag.py:3239} INFO - Sync 1 DAGs
[2025-03-07T15:13:18.857+0100] {logging_mixin.py:190} INFO - [2025-03-07T15:13:18.857+0100] {dag.py:4180} INFO - Setting next_dagrun for example_skip_dag to 2025-03-06T00:00:00+00:00, run_after=2025-03-07T00:00:00+00:00
[2025-03-07T15:13:18.868+0100] {processor.py:208} INFO - Processing /usr/local/anaconda3/envs/airflow_env/lib/python3.8/site-packages/airflow/example_dags/example_skip_dag.py took 0.110 seconds
[2025-03-07T15:16:14.247+0100] {processor.py:186} INFO - Started process (PID=8521) to work on /usr/local/anaconda3/envs/airflow_env/lib/python3.8/site-packages/airflow/example_dags/example_skip_dag.py
[2025-03-07T15:16:14.250+0100] {processor.py:914} INFO - Processing file /usr/local/anaconda3/envs/airflow_env/lib/python3.8/site-packages/airflow/example_dags/example_skip_dag.py for tasks to queue
[2025-03-07T15:16:14.251+0100] {logging_mixin.py:190} INFO - [2025-03-07T15:16:14.250+0100] {dagbag.py:588} INFO - Filling up the DagBag from /usr/local/anaconda3/envs/airflow_env/lib/python3.8/site-packages/airflow/example_dags/example_skip_dag.py
[2025-03-07T15:16:14.257+0100] {processor.py:925} INFO - DAG(s) 'example_skip_dag' retrieved from /usr/local/anaconda3/envs/airflow_env/lib/python3.8/site-packages/airflow/example_dags/example_skip_dag.py
[2025-03-07T15:16:14.335+0100] {logging_mixin.py:190} INFO - [2025-03-07T15:16:14.334+0100] {dag.py:3239} INFO - Sync 1 DAGs
[2025-03-07T15:16:14.346+0100] {logging_mixin.py:190} INFO - [2025-03-07T15:16:14.346+0100] {dag.py:4180} INFO - Setting next_dagrun for example_skip_dag to 2025-03-06T00:00:00+00:00, run_after=2025-03-07T00:00:00+00:00
[2025-03-07T15:16:14.358+0100] {processor.py:208} INFO - Processing /usr/local/anaconda3/envs/airflow_env/lib/python3.8/site-packages/airflow/example_dags/example_skip_dag.py took 0.114 seconds
[2025-03-07T15:18:34.271+0100] {processor.py:186} INFO - Started process (PID=8846) to work on /usr/local/anaconda3/envs/airflow_env/lib/python3.8/site-packages/airflow/example_dags/example_skip_dag.py
[2025-03-07T15:18:34.274+0100] {processor.py:914} INFO - Processing file /usr/local/anaconda3/envs/airflow_env/lib/python3.8/site-packages/airflow/example_dags/example_skip_dag.py for tasks to queue
[2025-03-07T15:18:34.275+0100] {logging_mixin.py:190} INFO - [2025-03-07T15:18:34.275+0100] {dagbag.py:588} INFO - Filling up the DagBag from /usr/local/anaconda3/envs/airflow_env/lib/python3.8/site-packages/airflow/example_dags/example_skip_dag.py
[2025-03-07T15:18:34.282+0100] {processor.py:925} INFO - DAG(s) 'example_skip_dag' retrieved from /usr/local/anaconda3/envs/airflow_env/lib/python3.8/site-packages/airflow/example_dags/example_skip_dag.py
[2025-03-07T15:18:34.357+0100] {logging_mixin.py:190} INFO - [2025-03-07T15:18:34.356+0100] {dag.py:3239} INFO - Sync 1 DAGs
[2025-03-07T15:18:34.368+0100] {logging_mixin.py:190} INFO - [2025-03-07T15:18:34.368+0100] {dag.py:4180} INFO - Setting next_dagrun for example_skip_dag to 2025-03-06T00:00:00+00:00, run_after=2025-03-07T00:00:00+00:00
[2025-03-07T15:18:34.380+0100] {processor.py:208} INFO - Processing /usr/local/anaconda3/envs/airflow_env/lib/python3.8/site-packages/airflow/example_dags/example_skip_dag.py took 0.111 seconds
[2025-03-07T15:20:49.103+0100] {processor.py:186} INFO - Started process (PID=9155) to work on /usr/local/anaconda3/envs/airflow_env/lib/python3.8/site-packages/airflow/example_dags/example_skip_dag.py
[2025-03-07T15:20:49.106+0100] {processor.py:914} INFO - Processing file /usr/local/anaconda3/envs/airflow_env/lib/python3.8/site-packages/airflow/example_dags/example_skip_dag.py for tasks to queue
[2025-03-07T15:20:49.107+0100] {logging_mixin.py:190} INFO - [2025-03-07T15:20:49.107+0100] {dagbag.py:588} INFO - Filling up the DagBag from /usr/local/anaconda3/envs/airflow_env/lib/python3.8/site-packages/airflow/example_dags/example_skip_dag.py
[2025-03-07T15:20:49.113+0100] {processor.py:925} INFO - DAG(s) 'example_skip_dag' retrieved from /usr/local/anaconda3/envs/airflow_env/lib/python3.8/site-packages/airflow/example_dags/example_skip_dag.py
[2025-03-07T15:20:49.183+0100] {logging_mixin.py:190} INFO - [2025-03-07T15:20:49.183+0100] {dag.py:3239} INFO - Sync 1 DAGs
[2025-03-07T15:20:49.194+0100] {logging_mixin.py:190} INFO - [2025-03-07T15:20:49.194+0100] {dag.py:4180} INFO - Setting next_dagrun for example_skip_dag to 2025-03-06T00:00:00+00:00, run_after=2025-03-07T00:00:00+00:00
[2025-03-07T15:20:49.205+0100] {processor.py:208} INFO - Processing /usr/local/anaconda3/envs/airflow_env/lib/python3.8/site-packages/airflow/example_dags/example_skip_dag.py took 0.105 seconds
[2025-03-07T15:23:04.688+0100] {processor.py:186} INFO - Started process (PID=9439) to work on /usr/local/anaconda3/envs/airflow_env/lib/python3.8/site-packages/airflow/example_dags/example_skip_dag.py
[2025-03-07T15:23:04.691+0100] {processor.py:914} INFO - Processing file /usr/local/anaconda3/envs/airflow_env/lib/python3.8/site-packages/airflow/example_dags/example_skip_dag.py for tasks to queue
[2025-03-07T15:23:04.692+0100] {logging_mixin.py:190} INFO - [2025-03-07T15:23:04.692+0100] {dagbag.py:588} INFO - Filling up the DagBag from /usr/local/anaconda3/envs/airflow_env/lib/python3.8/site-packages/airflow/example_dags/example_skip_dag.py
[2025-03-07T15:23:04.699+0100] {processor.py:925} INFO - DAG(s) 'example_skip_dag' retrieved from /usr/local/anaconda3/envs/airflow_env/lib/python3.8/site-packages/airflow/example_dags/example_skip_dag.py
[2025-03-07T15:23:04.769+0100] {logging_mixin.py:190} INFO - [2025-03-07T15:23:04.768+0100] {dag.py:3239} INFO - Sync 1 DAGs
[2025-03-07T15:23:04.780+0100] {logging_mixin.py:190} INFO - [2025-03-07T15:23:04.779+0100] {dag.py:4180} INFO - Setting next_dagrun for example_skip_dag to 2025-03-06T00:00:00+00:00, run_after=2025-03-07T00:00:00+00:00
[2025-03-07T15:23:04.791+0100] {processor.py:208} INFO - Processing /usr/local/anaconda3/envs/airflow_env/lib/python3.8/site-packages/airflow/example_dags/example_skip_dag.py took 0.106 seconds
[2025-03-07T15:25:23.566+0100] {processor.py:186} INFO - Started process (PID=9755) to work on /usr/local/anaconda3/envs/airflow_env/lib/python3.8/site-packages/airflow/example_dags/example_skip_dag.py
[2025-03-07T15:25:23.569+0100] {processor.py:914} INFO - Processing file /usr/local/anaconda3/envs/airflow_env/lib/python3.8/site-packages/airflow/example_dags/example_skip_dag.py for tasks to queue
[2025-03-07T15:25:23.570+0100] {logging_mixin.py:190} INFO - [2025-03-07T15:25:23.570+0100] {dagbag.py:588} INFO - Filling up the DagBag from /usr/local/anaconda3/envs/airflow_env/lib/python3.8/site-packages/airflow/example_dags/example_skip_dag.py
[2025-03-07T15:25:23.576+0100] {processor.py:925} INFO - DAG(s) 'example_skip_dag' retrieved from /usr/local/anaconda3/envs/airflow_env/lib/python3.8/site-packages/airflow/example_dags/example_skip_dag.py
[2025-03-07T15:25:23.654+0100] {logging_mixin.py:190} INFO - [2025-03-07T15:25:23.653+0100] {dag.py:3239} INFO - Sync 1 DAGs
[2025-03-07T15:25:23.668+0100] {logging_mixin.py:190} INFO - [2025-03-07T15:25:23.668+0100] {dag.py:4180} INFO - Setting next_dagrun for example_skip_dag to 2025-03-06T00:00:00+00:00, run_after=2025-03-07T00:00:00+00:00
[2025-03-07T15:25:23.683+0100] {processor.py:208} INFO - Processing /usr/local/anaconda3/envs/airflow_env/lib/python3.8/site-packages/airflow/example_dags/example_skip_dag.py took 0.121 seconds
[2025-03-07T15:27:45.965+0100] {processor.py:186} INFO - Started process (PID=10088) to work on /usr/local/anaconda3/envs/airflow_env/lib/python3.8/site-packages/airflow/example_dags/example_skip_dag.py
[2025-03-07T15:27:45.968+0100] {processor.py:914} INFO - Processing file /usr/local/anaconda3/envs/airflow_env/lib/python3.8/site-packages/airflow/example_dags/example_skip_dag.py for tasks to queue
[2025-03-07T15:27:45.969+0100] {logging_mixin.py:190} INFO - [2025-03-07T15:27:45.969+0100] {dagbag.py:588} INFO - Filling up the DagBag from /usr/local/anaconda3/envs/airflow_env/lib/python3.8/site-packages/airflow/example_dags/example_skip_dag.py
[2025-03-07T15:27:45.975+0100] {processor.py:925} INFO - DAG(s) 'example_skip_dag' retrieved from /usr/local/anaconda3/envs/airflow_env/lib/python3.8/site-packages/airflow/example_dags/example_skip_dag.py
[2025-03-07T15:27:46.053+0100] {logging_mixin.py:190} INFO - [2025-03-07T15:27:46.052+0100] {dag.py:3239} INFO - Sync 1 DAGs
[2025-03-07T15:27:46.065+0100] {logging_mixin.py:190} INFO - [2025-03-07T15:27:46.065+0100] {dag.py:4180} INFO - Setting next_dagrun for example_skip_dag to 2025-03-06T00:00:00+00:00, run_after=2025-03-07T00:00:00+00:00
[2025-03-07T15:27:46.077+0100] {processor.py:208} INFO - Processing /usr/local/anaconda3/envs/airflow_env/lib/python3.8/site-packages/airflow/example_dags/example_skip_dag.py took 0.115 seconds
[2025-03-07T15:30:24.085+0100] {processor.py:186} INFO - Started process (PID=10365) to work on /usr/local/anaconda3/envs/airflow_env/lib/python3.8/site-packages/airflow/example_dags/example_skip_dag.py
[2025-03-07T15:30:24.089+0100] {processor.py:914} INFO - Processing file /usr/local/anaconda3/envs/airflow_env/lib/python3.8/site-packages/airflow/example_dags/example_skip_dag.py for tasks to queue
[2025-03-07T15:30:24.089+0100] {logging_mixin.py:190} INFO - [2025-03-07T15:30:24.089+0100] {dagbag.py:588} INFO - Filling up the DagBag from /usr/local/anaconda3/envs/airflow_env/lib/python3.8/site-packages/airflow/example_dags/example_skip_dag.py
[2025-03-07T15:30:24.096+0100] {processor.py:925} INFO - DAG(s) 'example_skip_dag' retrieved from /usr/local/anaconda3/envs/airflow_env/lib/python3.8/site-packages/airflow/example_dags/example_skip_dag.py
[2025-03-07T15:30:24.168+0100] {logging_mixin.py:190} INFO - [2025-03-07T15:30:24.168+0100] {dag.py:3239} INFO - Sync 1 DAGs
[2025-03-07T15:30:24.179+0100] {logging_mixin.py:190} INFO - [2025-03-07T15:30:24.179+0100] {dag.py:4180} INFO - Setting next_dagrun for example_skip_dag to 2025-03-06T00:00:00+00:00, run_after=2025-03-07T00:00:00+00:00
[2025-03-07T15:30:24.190+0100] {processor.py:208} INFO - Processing /usr/local/anaconda3/envs/airflow_env/lib/python3.8/site-packages/airflow/example_dags/example_skip_dag.py took 0.108 seconds
[2025-03-07T15:33:08.961+0100] {processor.py:186} INFO - Started process (PID=10616) to work on /usr/local/anaconda3/envs/airflow_env/lib/python3.8/site-packages/airflow/example_dags/example_skip_dag.py
[2025-03-07T15:33:08.964+0100] {processor.py:914} INFO - Processing file /usr/local/anaconda3/envs/airflow_env/lib/python3.8/site-packages/airflow/example_dags/example_skip_dag.py for tasks to queue
[2025-03-07T15:33:08.965+0100] {logging_mixin.py:190} INFO - [2025-03-07T15:33:08.965+0100] {dagbag.py:588} INFO - Filling up the DagBag from /usr/local/anaconda3/envs/airflow_env/lib/python3.8/site-packages/airflow/example_dags/example_skip_dag.py
[2025-03-07T15:33:08.971+0100] {processor.py:925} INFO - DAG(s) 'example_skip_dag' retrieved from /usr/local/anaconda3/envs/airflow_env/lib/python3.8/site-packages/airflow/example_dags/example_skip_dag.py
[2025-03-07T15:33:09.043+0100] {logging_mixin.py:190} INFO - [2025-03-07T15:33:09.042+0100] {dag.py:3239} INFO - Sync 1 DAGs
[2025-03-07T15:33:09.053+0100] {logging_mixin.py:190} INFO - [2025-03-07T15:33:09.053+0100] {dag.py:4180} INFO - Setting next_dagrun for example_skip_dag to 2025-03-06T00:00:00+00:00, run_after=2025-03-07T00:00:00+00:00
[2025-03-07T15:33:09.065+0100] {processor.py:208} INFO - Processing /usr/local/anaconda3/envs/airflow_env/lib/python3.8/site-packages/airflow/example_dags/example_skip_dag.py took 0.107 seconds
[2025-03-07T15:35:25.616+0100] {processor.py:186} INFO - Started process (PID=10886) to work on /usr/local/anaconda3/envs/airflow_env/lib/python3.8/site-packages/airflow/example_dags/example_skip_dag.py
[2025-03-07T15:35:25.619+0100] {processor.py:914} INFO - Processing file /usr/local/anaconda3/envs/airflow_env/lib/python3.8/site-packages/airflow/example_dags/example_skip_dag.py for tasks to queue
[2025-03-07T15:35:25.620+0100] {logging_mixin.py:190} INFO - [2025-03-07T15:35:25.620+0100] {dagbag.py:588} INFO - Filling up the DagBag from /usr/local/anaconda3/envs/airflow_env/lib/python3.8/site-packages/airflow/example_dags/example_skip_dag.py
[2025-03-07T15:35:25.627+0100] {processor.py:925} INFO - DAG(s) 'example_skip_dag' retrieved from /usr/local/anaconda3/envs/airflow_env/lib/python3.8/site-packages/airflow/example_dags/example_skip_dag.py
[2025-03-07T15:35:25.708+0100] {logging_mixin.py:190} INFO - [2025-03-07T15:35:25.707+0100] {dag.py:3239} INFO - Sync 1 DAGs
[2025-03-07T15:35:25.720+0100] {logging_mixin.py:190} INFO - [2025-03-07T15:35:25.719+0100] {dag.py:4180} INFO - Setting next_dagrun for example_skip_dag to 2025-03-06T00:00:00+00:00, run_after=2025-03-07T00:00:00+00:00
[2025-03-07T15:35:25.732+0100] {processor.py:208} INFO - Processing /usr/local/anaconda3/envs/airflow_env/lib/python3.8/site-packages/airflow/example_dags/example_skip_dag.py took 0.120 seconds
[2025-03-07T15:37:40.347+0100] {processor.py:186} INFO - Started process (PID=11171) to work on /usr/local/anaconda3/envs/airflow_env/lib/python3.8/site-packages/airflow/example_dags/example_skip_dag.py
[2025-03-07T15:37:40.350+0100] {processor.py:914} INFO - Processing file /usr/local/anaconda3/envs/airflow_env/lib/python3.8/site-packages/airflow/example_dags/example_skip_dag.py for tasks to queue
[2025-03-07T15:37:40.350+0100] {logging_mixin.py:190} INFO - [2025-03-07T15:37:40.350+0100] {dagbag.py:588} INFO - Filling up the DagBag from /usr/local/anaconda3/envs/airflow_env/lib/python3.8/site-packages/airflow/example_dags/example_skip_dag.py
[2025-03-07T15:37:40.357+0100] {processor.py:925} INFO - DAG(s) 'example_skip_dag' retrieved from /usr/local/anaconda3/envs/airflow_env/lib/python3.8/site-packages/airflow/example_dags/example_skip_dag.py
[2025-03-07T15:37:40.428+0100] {logging_mixin.py:190} INFO - [2025-03-07T15:37:40.428+0100] {dag.py:3239} INFO - Sync 1 DAGs
[2025-03-07T15:37:40.439+0100] {logging_mixin.py:190} INFO - [2025-03-07T15:37:40.439+0100] {dag.py:4180} INFO - Setting next_dagrun for example_skip_dag to 2025-03-06T00:00:00+00:00, run_after=2025-03-07T00:00:00+00:00
[2025-03-07T15:37:40.451+0100] {processor.py:208} INFO - Processing /usr/local/anaconda3/envs/airflow_env/lib/python3.8/site-packages/airflow/example_dags/example_skip_dag.py took 0.107 seconds
[2025-03-07T15:39:54.097+0100] {processor.py:186} INFO - Started process (PID=11386) to work on /usr/local/anaconda3/envs/airflow_env/lib/python3.8/site-packages/airflow/example_dags/example_skip_dag.py
[2025-03-07T15:39:54.100+0100] {processor.py:914} INFO - Processing file /usr/local/anaconda3/envs/airflow_env/lib/python3.8/site-packages/airflow/example_dags/example_skip_dag.py for tasks to queue
[2025-03-07T15:39:54.100+0100] {logging_mixin.py:190} INFO - [2025-03-07T15:39:54.100+0100] {dagbag.py:588} INFO - Filling up the DagBag from /usr/local/anaconda3/envs/airflow_env/lib/python3.8/site-packages/airflow/example_dags/example_skip_dag.py
[2025-03-07T15:39:54.107+0100] {processor.py:925} INFO - DAG(s) 'example_skip_dag' retrieved from /usr/local/anaconda3/envs/airflow_env/lib/python3.8/site-packages/airflow/example_dags/example_skip_dag.py
[2025-03-07T15:39:54.178+0100] {logging_mixin.py:190} INFO - [2025-03-07T15:39:54.178+0100] {dag.py:3239} INFO - Sync 1 DAGs
[2025-03-07T15:39:54.189+0100] {logging_mixin.py:190} INFO - [2025-03-07T15:39:54.189+0100] {dag.py:4180} INFO - Setting next_dagrun for example_skip_dag to 2025-03-06T00:00:00+00:00, run_after=2025-03-07T00:00:00+00:00
[2025-03-07T15:39:54.201+0100] {processor.py:208} INFO - Processing /usr/local/anaconda3/envs/airflow_env/lib/python3.8/site-packages/airflow/example_dags/example_skip_dag.py took 0.107 seconds
[2025-03-07T15:42:05.617+0100] {processor.py:186} INFO - Started process (PID=11553) to work on /usr/local/anaconda3/envs/airflow_env/lib/python3.8/site-packages/airflow/example_dags/example_skip_dag.py
[2025-03-07T15:42:05.620+0100] {processor.py:914} INFO - Processing file /usr/local/anaconda3/envs/airflow_env/lib/python3.8/site-packages/airflow/example_dags/example_skip_dag.py for tasks to queue
[2025-03-07T15:42:05.621+0100] {logging_mixin.py:190} INFO - [2025-03-07T15:42:05.621+0100] {dagbag.py:588} INFO - Filling up the DagBag from /usr/local/anaconda3/envs/airflow_env/lib/python3.8/site-packages/airflow/example_dags/example_skip_dag.py
[2025-03-07T15:42:05.628+0100] {processor.py:925} INFO - DAG(s) 'example_skip_dag' retrieved from /usr/local/anaconda3/envs/airflow_env/lib/python3.8/site-packages/airflow/example_dags/example_skip_dag.py
[2025-03-07T15:42:05.701+0100] {logging_mixin.py:190} INFO - [2025-03-07T15:42:05.701+0100] {dag.py:3239} INFO - Sync 1 DAGs
[2025-03-07T15:42:05.713+0100] {logging_mixin.py:190} INFO - [2025-03-07T15:42:05.713+0100] {dag.py:4180} INFO - Setting next_dagrun for example_skip_dag to 2025-03-06T00:00:00+00:00, run_after=2025-03-07T00:00:00+00:00
[2025-03-07T15:42:05.725+0100] {processor.py:208} INFO - Processing /usr/local/anaconda3/envs/airflow_env/lib/python3.8/site-packages/airflow/example_dags/example_skip_dag.py took 0.110 seconds
[2025-03-07T15:44:12.993+0100] {processor.py:186} INFO - Started process (PID=11796) to work on /usr/local/anaconda3/envs/airflow_env/lib/python3.8/site-packages/airflow/example_dags/example_skip_dag.py
[2025-03-07T15:44:12.996+0100] {processor.py:914} INFO - Processing file /usr/local/anaconda3/envs/airflow_env/lib/python3.8/site-packages/airflow/example_dags/example_skip_dag.py for tasks to queue
[2025-03-07T15:44:12.997+0100] {logging_mixin.py:190} INFO - [2025-03-07T15:44:12.997+0100] {dagbag.py:588} INFO - Filling up the DagBag from /usr/local/anaconda3/envs/airflow_env/lib/python3.8/site-packages/airflow/example_dags/example_skip_dag.py
[2025-03-07T15:44:13.004+0100] {processor.py:925} INFO - DAG(s) 'example_skip_dag' retrieved from /usr/local/anaconda3/envs/airflow_env/lib/python3.8/site-packages/airflow/example_dags/example_skip_dag.py
[2025-03-07T15:44:13.078+0100] {logging_mixin.py:190} INFO - [2025-03-07T15:44:13.078+0100] {dag.py:3239} INFO - Sync 1 DAGs
[2025-03-07T15:44:13.089+0100] {logging_mixin.py:190} INFO - [2025-03-07T15:44:13.089+0100] {dag.py:4180} INFO - Setting next_dagrun for example_skip_dag to 2025-03-06T00:00:00+00:00, run_after=2025-03-07T00:00:00+00:00
[2025-03-07T15:44:13.101+0100] {processor.py:208} INFO - Processing /usr/local/anaconda3/envs/airflow_env/lib/python3.8/site-packages/airflow/example_dags/example_skip_dag.py took 0.111 seconds
[2025-03-07T15:46:41.226+0100] {processor.py:186} INFO - Started process (PID=12026) to work on /usr/local/anaconda3/envs/airflow_env/lib/python3.8/site-packages/airflow/example_dags/example_skip_dag.py
[2025-03-07T15:46:41.230+0100] {processor.py:914} INFO - Processing file /usr/local/anaconda3/envs/airflow_env/lib/python3.8/site-packages/airflow/example_dags/example_skip_dag.py for tasks to queue
[2025-03-07T15:46:41.230+0100] {logging_mixin.py:190} INFO - [2025-03-07T15:46:41.230+0100] {dagbag.py:588} INFO - Filling up the DagBag from /usr/local/anaconda3/envs/airflow_env/lib/python3.8/site-packages/airflow/example_dags/example_skip_dag.py
[2025-03-07T15:46:41.237+0100] {processor.py:925} INFO - DAG(s) 'example_skip_dag' retrieved from /usr/local/anaconda3/envs/airflow_env/lib/python3.8/site-packages/airflow/example_dags/example_skip_dag.py
[2025-03-07T15:46:41.306+0100] {logging_mixin.py:190} INFO - [2025-03-07T15:46:41.306+0100] {dag.py:3239} INFO - Sync 1 DAGs
[2025-03-07T15:46:41.317+0100] {logging_mixin.py:190} INFO - [2025-03-07T15:46:41.317+0100] {dag.py:4180} INFO - Setting next_dagrun for example_skip_dag to 2025-03-06T00:00:00+00:00, run_after=2025-03-07T00:00:00+00:00
[2025-03-07T15:46:41.328+0100] {processor.py:208} INFO - Processing /usr/local/anaconda3/envs/airflow_env/lib/python3.8/site-packages/airflow/example_dags/example_skip_dag.py took 0.105 seconds
[2025-03-07T15:48:56.573+0100] {processor.py:186} INFO - Started process (PID=12250) to work on /usr/local/anaconda3/envs/airflow_env/lib/python3.8/site-packages/airflow/example_dags/example_skip_dag.py
[2025-03-07T15:48:56.577+0100] {processor.py:914} INFO - Processing file /usr/local/anaconda3/envs/airflow_env/lib/python3.8/site-packages/airflow/example_dags/example_skip_dag.py for tasks to queue
[2025-03-07T15:48:56.578+0100] {logging_mixin.py:190} INFO - [2025-03-07T15:48:56.577+0100] {dagbag.py:588} INFO - Filling up the DagBag from /usr/local/anaconda3/envs/airflow_env/lib/python3.8/site-packages/airflow/example_dags/example_skip_dag.py
[2025-03-07T15:48:56.585+0100] {processor.py:925} INFO - DAG(s) 'example_skip_dag' retrieved from /usr/local/anaconda3/envs/airflow_env/lib/python3.8/site-packages/airflow/example_dags/example_skip_dag.py
[2025-03-07T15:48:56.658+0100] {logging_mixin.py:190} INFO - [2025-03-07T15:48:56.658+0100] {dag.py:3239} INFO - Sync 1 DAGs
[2025-03-07T15:48:56.671+0100] {logging_mixin.py:190} INFO - [2025-03-07T15:48:56.671+0100] {dag.py:4180} INFO - Setting next_dagrun for example_skip_dag to 2025-03-06T00:00:00+00:00, run_after=2025-03-07T00:00:00+00:00
[2025-03-07T15:48:56.684+0100] {processor.py:208} INFO - Processing /usr/local/anaconda3/envs/airflow_env/lib/python3.8/site-packages/airflow/example_dags/example_skip_dag.py took 0.114 seconds
[2025-03-07T15:51:11.396+0100] {processor.py:186} INFO - Started process (PID=12529) to work on /usr/local/anaconda3/envs/airflow_env/lib/python3.8/site-packages/airflow/example_dags/example_skip_dag.py
[2025-03-07T15:51:11.400+0100] {processor.py:914} INFO - Processing file /usr/local/anaconda3/envs/airflow_env/lib/python3.8/site-packages/airflow/example_dags/example_skip_dag.py for tasks to queue
[2025-03-07T15:51:11.400+0100] {logging_mixin.py:190} INFO - [2025-03-07T15:51:11.400+0100] {dagbag.py:588} INFO - Filling up the DagBag from /usr/local/anaconda3/envs/airflow_env/lib/python3.8/site-packages/airflow/example_dags/example_skip_dag.py
[2025-03-07T15:51:11.408+0100] {processor.py:925} INFO - DAG(s) 'example_skip_dag' retrieved from /usr/local/anaconda3/envs/airflow_env/lib/python3.8/site-packages/airflow/example_dags/example_skip_dag.py
[2025-03-07T15:51:11.480+0100] {logging_mixin.py:190} INFO - [2025-03-07T15:51:11.480+0100] {dag.py:3239} INFO - Sync 1 DAGs
[2025-03-07T15:51:11.491+0100] {logging_mixin.py:190} INFO - [2025-03-07T15:51:11.491+0100] {dag.py:4180} INFO - Setting next_dagrun for example_skip_dag to 2025-03-06T00:00:00+00:00, run_after=2025-03-07T00:00:00+00:00
[2025-03-07T15:51:11.503+0100] {processor.py:208} INFO - Processing /usr/local/anaconda3/envs/airflow_env/lib/python3.8/site-packages/airflow/example_dags/example_skip_dag.py took 0.109 seconds
[2025-03-07T15:53:41.875+0100] {processor.py:186} INFO - Started process (PID=12834) to work on /usr/local/anaconda3/envs/airflow_env/lib/python3.8/site-packages/airflow/example_dags/example_skip_dag.py
[2025-03-07T15:53:41.878+0100] {processor.py:914} INFO - Processing file /usr/local/anaconda3/envs/airflow_env/lib/python3.8/site-packages/airflow/example_dags/example_skip_dag.py for tasks to queue
[2025-03-07T15:53:41.879+0100] {logging_mixin.py:190} INFO - [2025-03-07T15:53:41.879+0100] {dagbag.py:588} INFO - Filling up the DagBag from /usr/local/anaconda3/envs/airflow_env/lib/python3.8/site-packages/airflow/example_dags/example_skip_dag.py
[2025-03-07T15:53:41.886+0100] {processor.py:925} INFO - DAG(s) 'example_skip_dag' retrieved from /usr/local/anaconda3/envs/airflow_env/lib/python3.8/site-packages/airflow/example_dags/example_skip_dag.py
[2025-03-07T15:53:41.958+0100] {logging_mixin.py:190} INFO - [2025-03-07T15:53:41.958+0100] {dag.py:3239} INFO - Sync 1 DAGs
[2025-03-07T15:53:41.970+0100] {logging_mixin.py:190} INFO - [2025-03-07T15:53:41.969+0100] {dag.py:4180} INFO - Setting next_dagrun for example_skip_dag to 2025-03-06T00:00:00+00:00, run_after=2025-03-07T00:00:00+00:00
[2025-03-07T15:53:41.981+0100] {processor.py:208} INFO - Processing /usr/local/anaconda3/envs/airflow_env/lib/python3.8/site-packages/airflow/example_dags/example_skip_dag.py took 0.109 seconds
[2025-03-07T15:55:59.045+0100] {processor.py:186} INFO - Started process (PID=13058) to work on /usr/local/anaconda3/envs/airflow_env/lib/python3.8/site-packages/airflow/example_dags/example_skip_dag.py
[2025-03-07T15:55:59.048+0100] {processor.py:914} INFO - Processing file /usr/local/anaconda3/envs/airflow_env/lib/python3.8/site-packages/airflow/example_dags/example_skip_dag.py for tasks to queue
[2025-03-07T15:55:59.049+0100] {logging_mixin.py:190} INFO - [2025-03-07T15:55:59.049+0100] {dagbag.py:588} INFO - Filling up the DagBag from /usr/local/anaconda3/envs/airflow_env/lib/python3.8/site-packages/airflow/example_dags/example_skip_dag.py
[2025-03-07T15:55:59.056+0100] {processor.py:925} INFO - DAG(s) 'example_skip_dag' retrieved from /usr/local/anaconda3/envs/airflow_env/lib/python3.8/site-packages/airflow/example_dags/example_skip_dag.py
[2025-03-07T15:55:59.134+0100] {logging_mixin.py:190} INFO - [2025-03-07T15:55:59.134+0100] {dag.py:3239} INFO - Sync 1 DAGs
[2025-03-07T15:55:59.146+0100] {logging_mixin.py:190} INFO - [2025-03-07T15:55:59.146+0100] {dag.py:4180} INFO - Setting next_dagrun for example_skip_dag to 2025-03-06T00:00:00+00:00, run_after=2025-03-07T00:00:00+00:00
[2025-03-07T15:55:59.159+0100] {processor.py:208} INFO - Processing /usr/local/anaconda3/envs/airflow_env/lib/python3.8/site-packages/airflow/example_dags/example_skip_dag.py took 0.117 seconds
[2025-03-07T15:58:14.529+0100] {processor.py:186} INFO - Started process (PID=13291) to work on /usr/local/anaconda3/envs/airflow_env/lib/python3.8/site-packages/airflow/example_dags/example_skip_dag.py
[2025-03-07T15:58:14.532+0100] {processor.py:914} INFO - Processing file /usr/local/anaconda3/envs/airflow_env/lib/python3.8/site-packages/airflow/example_dags/example_skip_dag.py for tasks to queue
[2025-03-07T15:58:14.533+0100] {logging_mixin.py:190} INFO - [2025-03-07T15:58:14.533+0100] {dagbag.py:588} INFO - Filling up the DagBag from /usr/local/anaconda3/envs/airflow_env/lib/python3.8/site-packages/airflow/example_dags/example_skip_dag.py
[2025-03-07T15:58:14.540+0100] {processor.py:925} INFO - DAG(s) 'example_skip_dag' retrieved from /usr/local/anaconda3/envs/airflow_env/lib/python3.8/site-packages/airflow/example_dags/example_skip_dag.py
[2025-03-07T15:58:14.616+0100] {logging_mixin.py:190} INFO - [2025-03-07T15:58:14.616+0100] {dag.py:3239} INFO - Sync 1 DAGs
[2025-03-07T15:58:14.628+0100] {logging_mixin.py:190} INFO - [2025-03-07T15:58:14.628+0100] {dag.py:4180} INFO - Setting next_dagrun for example_skip_dag to 2025-03-06T00:00:00+00:00, run_after=2025-03-07T00:00:00+00:00
[2025-03-07T15:58:14.641+0100] {processor.py:208} INFO - Processing /usr/local/anaconda3/envs/airflow_env/lib/python3.8/site-packages/airflow/example_dags/example_skip_dag.py took 0.116 seconds
[2025-03-07T16:01:19.524+0100] {processor.py:186} INFO - Started process (PID=13609) to work on /usr/local/anaconda3/envs/airflow_env/lib/python3.8/site-packages/airflow/example_dags/example_skip_dag.py
[2025-03-07T16:01:19.527+0100] {processor.py:914} INFO - Processing file /usr/local/anaconda3/envs/airflow_env/lib/python3.8/site-packages/airflow/example_dags/example_skip_dag.py for tasks to queue
[2025-03-07T16:01:19.528+0100] {logging_mixin.py:190} INFO - [2025-03-07T16:01:19.528+0100] {dagbag.py:588} INFO - Filling up the DagBag from /usr/local/anaconda3/envs/airflow_env/lib/python3.8/site-packages/airflow/example_dags/example_skip_dag.py
[2025-03-07T16:01:19.534+0100] {processor.py:925} INFO - DAG(s) 'example_skip_dag' retrieved from /usr/local/anaconda3/envs/airflow_env/lib/python3.8/site-packages/airflow/example_dags/example_skip_dag.py
[2025-03-07T16:01:19.607+0100] {logging_mixin.py:190} INFO - [2025-03-07T16:01:19.606+0100] {dag.py:3239} INFO - Sync 1 DAGs
[2025-03-07T16:01:19.618+0100] {logging_mixin.py:190} INFO - [2025-03-07T16:01:19.618+0100] {dag.py:4180} INFO - Setting next_dagrun for example_skip_dag to 2025-03-06T00:00:00+00:00, run_after=2025-03-07T00:00:00+00:00
[2025-03-07T16:01:19.631+0100] {processor.py:208} INFO - Processing /usr/local/anaconda3/envs/airflow_env/lib/python3.8/site-packages/airflow/example_dags/example_skip_dag.py took 0.109 seconds
[2025-03-07T16:04:16.583+0100] {processor.py:186} INFO - Started process (PID=13846) to work on /usr/local/anaconda3/envs/airflow_env/lib/python3.8/site-packages/airflow/example_dags/example_skip_dag.py
[2025-03-07T16:04:16.586+0100] {processor.py:914} INFO - Processing file /usr/local/anaconda3/envs/airflow_env/lib/python3.8/site-packages/airflow/example_dags/example_skip_dag.py for tasks to queue
[2025-03-07T16:04:16.587+0100] {logging_mixin.py:190} INFO - [2025-03-07T16:04:16.587+0100] {dagbag.py:588} INFO - Filling up the DagBag from /usr/local/anaconda3/envs/airflow_env/lib/python3.8/site-packages/airflow/example_dags/example_skip_dag.py
[2025-03-07T16:04:16.594+0100] {processor.py:925} INFO - DAG(s) 'example_skip_dag' retrieved from /usr/local/anaconda3/envs/airflow_env/lib/python3.8/site-packages/airflow/example_dags/example_skip_dag.py
[2025-03-07T16:04:16.667+0100] {logging_mixin.py:190} INFO - [2025-03-07T16:04:16.667+0100] {dag.py:3239} INFO - Sync 1 DAGs
[2025-03-07T16:04:16.679+0100] {logging_mixin.py:190} INFO - [2025-03-07T16:04:16.679+0100] {dag.py:4180} INFO - Setting next_dagrun for example_skip_dag to 2025-03-06T00:00:00+00:00, run_after=2025-03-07T00:00:00+00:00
[2025-03-07T16:04:16.691+0100] {processor.py:208} INFO - Processing /usr/local/anaconda3/envs/airflow_env/lib/python3.8/site-packages/airflow/example_dags/example_skip_dag.py took 0.111 seconds
[2025-03-07T16:07:18.832+0100] {processor.py:186} INFO - Started process (PID=14158) to work on /usr/local/anaconda3/envs/airflow_env/lib/python3.8/site-packages/airflow/example_dags/example_skip_dag.py
[2025-03-07T16:07:18.835+0100] {processor.py:914} INFO - Processing file /usr/local/anaconda3/envs/airflow_env/lib/python3.8/site-packages/airflow/example_dags/example_skip_dag.py for tasks to queue
[2025-03-07T16:07:18.836+0100] {logging_mixin.py:190} INFO - [2025-03-07T16:07:18.836+0100] {dagbag.py:588} INFO - Filling up the DagBag from /usr/local/anaconda3/envs/airflow_env/lib/python3.8/site-packages/airflow/example_dags/example_skip_dag.py
[2025-03-07T16:07:18.843+0100] {processor.py:925} INFO - DAG(s) 'example_skip_dag' retrieved from /usr/local/anaconda3/envs/airflow_env/lib/python3.8/site-packages/airflow/example_dags/example_skip_dag.py
[2025-03-07T16:07:18.919+0100] {logging_mixin.py:190} INFO - [2025-03-07T16:07:18.919+0100] {dag.py:3239} INFO - Sync 1 DAGs
[2025-03-07T16:07:18.932+0100] {logging_mixin.py:190} INFO - [2025-03-07T16:07:18.932+0100] {dag.py:4180} INFO - Setting next_dagrun for example_skip_dag to 2025-03-06T00:00:00+00:00, run_after=2025-03-07T00:00:00+00:00
[2025-03-07T16:07:18.945+0100] {processor.py:208} INFO - Processing /usr/local/anaconda3/envs/airflow_env/lib/python3.8/site-packages/airflow/example_dags/example_skip_dag.py took 0.116 seconds
[2025-03-07T16:11:10.643+0100] {processor.py:186} INFO - Started process (PID=14436) to work on /usr/local/anaconda3/envs/airflow_env/lib/python3.8/site-packages/airflow/example_dags/example_skip_dag.py
[2025-03-07T16:11:10.646+0100] {processor.py:914} INFO - Processing file /usr/local/anaconda3/envs/airflow_env/lib/python3.8/site-packages/airflow/example_dags/example_skip_dag.py for tasks to queue
[2025-03-07T16:11:10.647+0100] {logging_mixin.py:190} INFO - [2025-03-07T16:11:10.647+0100] {dagbag.py:588} INFO - Filling up the DagBag from /usr/local/anaconda3/envs/airflow_env/lib/python3.8/site-packages/airflow/example_dags/example_skip_dag.py
[2025-03-07T16:11:10.654+0100] {processor.py:925} INFO - DAG(s) 'example_skip_dag' retrieved from /usr/local/anaconda3/envs/airflow_env/lib/python3.8/site-packages/airflow/example_dags/example_skip_dag.py
[2025-03-07T16:11:10.773+0100] {logging_mixin.py:190} INFO - [2025-03-07T16:11:10.772+0100] {dag.py:3239} INFO - Sync 1 DAGs
[2025-03-07T16:11:10.787+0100] {logging_mixin.py:190} INFO - [2025-03-07T16:11:10.787+0100] {dag.py:4180} INFO - Setting next_dagrun for example_skip_dag to 2025-03-06T00:00:00+00:00, run_after=2025-03-07T00:00:00+00:00
[2025-03-07T16:11:10.802+0100] {processor.py:208} INFO - Processing /usr/local/anaconda3/envs/airflow_env/lib/python3.8/site-packages/airflow/example_dags/example_skip_dag.py took 0.162 seconds
[2025-03-07T16:13:28.473+0100] {processor.py:186} INFO - Started process (PID=14758) to work on /usr/local/anaconda3/envs/airflow_env/lib/python3.8/site-packages/airflow/example_dags/example_skip_dag.py
[2025-03-07T16:13:28.476+0100] {processor.py:914} INFO - Processing file /usr/local/anaconda3/envs/airflow_env/lib/python3.8/site-packages/airflow/example_dags/example_skip_dag.py for tasks to queue
[2025-03-07T16:13:28.477+0100] {logging_mixin.py:190} INFO - [2025-03-07T16:13:28.477+0100] {dagbag.py:588} INFO - Filling up the DagBag from /usr/local/anaconda3/envs/airflow_env/lib/python3.8/site-packages/airflow/example_dags/example_skip_dag.py
[2025-03-07T16:13:28.483+0100] {processor.py:925} INFO - DAG(s) 'example_skip_dag' retrieved from /usr/local/anaconda3/envs/airflow_env/lib/python3.8/site-packages/airflow/example_dags/example_skip_dag.py
[2025-03-07T16:13:28.555+0100] {logging_mixin.py:190} INFO - [2025-03-07T16:13:28.554+0100] {dag.py:3239} INFO - Sync 1 DAGs
[2025-03-07T16:13:28.566+0100] {logging_mixin.py:190} INFO - [2025-03-07T16:13:28.566+0100] {dag.py:4180} INFO - Setting next_dagrun for example_skip_dag to 2025-03-06T00:00:00+00:00, run_after=2025-03-07T00:00:00+00:00
[2025-03-07T16:13:28.577+0100] {processor.py:208} INFO - Processing /usr/local/anaconda3/envs/airflow_env/lib/python3.8/site-packages/airflow/example_dags/example_skip_dag.py took 0.107 seconds
[2025-03-07T16:15:42.262+0100] {processor.py:186} INFO - Started process (PID=15061) to work on /usr/local/anaconda3/envs/airflow_env/lib/python3.8/site-packages/airflow/example_dags/example_skip_dag.py
[2025-03-07T16:15:42.265+0100] {processor.py:914} INFO - Processing file /usr/local/anaconda3/envs/airflow_env/lib/python3.8/site-packages/airflow/example_dags/example_skip_dag.py for tasks to queue
[2025-03-07T16:15:42.266+0100] {logging_mixin.py:190} INFO - [2025-03-07T16:15:42.266+0100] {dagbag.py:588} INFO - Filling up the DagBag from /usr/local/anaconda3/envs/airflow_env/lib/python3.8/site-packages/airflow/example_dags/example_skip_dag.py
[2025-03-07T16:15:42.273+0100] {processor.py:925} INFO - DAG(s) 'example_skip_dag' retrieved from /usr/local/anaconda3/envs/airflow_env/lib/python3.8/site-packages/airflow/example_dags/example_skip_dag.py
[2025-03-07T16:15:42.344+0100] {logging_mixin.py:190} INFO - [2025-03-07T16:15:42.344+0100] {dag.py:3239} INFO - Sync 1 DAGs
[2025-03-07T16:15:42.355+0100] {logging_mixin.py:190} INFO - [2025-03-07T16:15:42.355+0100] {dag.py:4180} INFO - Setting next_dagrun for example_skip_dag to 2025-03-06T00:00:00+00:00, run_after=2025-03-07T00:00:00+00:00
[2025-03-07T16:15:42.367+0100] {processor.py:208} INFO - Processing /usr/local/anaconda3/envs/airflow_env/lib/python3.8/site-packages/airflow/example_dags/example_skip_dag.py took 0.108 seconds
[2025-03-07T16:17:56.998+0100] {processor.py:186} INFO - Started process (PID=15253) to work on /usr/local/anaconda3/envs/airflow_env/lib/python3.8/site-packages/airflow/example_dags/example_skip_dag.py
[2025-03-07T16:17:57.001+0100] {processor.py:914} INFO - Processing file /usr/local/anaconda3/envs/airflow_env/lib/python3.8/site-packages/airflow/example_dags/example_skip_dag.py for tasks to queue
[2025-03-07T16:17:57.002+0100] {logging_mixin.py:190} INFO - [2025-03-07T16:17:57.002+0100] {dagbag.py:588} INFO - Filling up the DagBag from /usr/local/anaconda3/envs/airflow_env/lib/python3.8/site-packages/airflow/example_dags/example_skip_dag.py
[2025-03-07T16:17:57.009+0100] {processor.py:925} INFO - DAG(s) 'example_skip_dag' retrieved from /usr/local/anaconda3/envs/airflow_env/lib/python3.8/site-packages/airflow/example_dags/example_skip_dag.py
[2025-03-07T16:17:57.085+0100] {logging_mixin.py:190} INFO - [2025-03-07T16:17:57.085+0100] {dag.py:3239} INFO - Sync 1 DAGs
[2025-03-07T16:17:57.096+0100] {logging_mixin.py:190} INFO - [2025-03-07T16:17:57.096+0100] {dag.py:4180} INFO - Setting next_dagrun for example_skip_dag to 2025-03-06T00:00:00+00:00, run_after=2025-03-07T00:00:00+00:00
[2025-03-07T16:17:57.108+0100] {processor.py:208} INFO - Processing /usr/local/anaconda3/envs/airflow_env/lib/python3.8/site-packages/airflow/example_dags/example_skip_dag.py took 0.113 seconds
[2025-03-07T16:20:15.137+0100] {processor.py:186} INFO - Started process (PID=15532) to work on /usr/local/anaconda3/envs/airflow_env/lib/python3.8/site-packages/airflow/example_dags/example_skip_dag.py
[2025-03-07T16:20:15.140+0100] {processor.py:914} INFO - Processing file /usr/local/anaconda3/envs/airflow_env/lib/python3.8/site-packages/airflow/example_dags/example_skip_dag.py for tasks to queue
[2025-03-07T16:20:15.141+0100] {logging_mixin.py:190} INFO - [2025-03-07T16:20:15.141+0100] {dagbag.py:588} INFO - Filling up the DagBag from /usr/local/anaconda3/envs/airflow_env/lib/python3.8/site-packages/airflow/example_dags/example_skip_dag.py
[2025-03-07T16:20:15.148+0100] {processor.py:925} INFO - DAG(s) 'example_skip_dag' retrieved from /usr/local/anaconda3/envs/airflow_env/lib/python3.8/site-packages/airflow/example_dags/example_skip_dag.py
[2025-03-07T16:20:15.222+0100] {logging_mixin.py:190} INFO - [2025-03-07T16:20:15.222+0100] {dag.py:3239} INFO - Sync 1 DAGs
[2025-03-07T16:20:15.234+0100] {logging_mixin.py:190} INFO - [2025-03-07T16:20:15.234+0100] {dag.py:4180} INFO - Setting next_dagrun for example_skip_dag to 2025-03-06T00:00:00+00:00, run_after=2025-03-07T00:00:00+00:00
[2025-03-07T16:20:15.247+0100] {processor.py:208} INFO - Processing /usr/local/anaconda3/envs/airflow_env/lib/python3.8/site-packages/airflow/example_dags/example_skip_dag.py took 0.113 seconds
[2025-03-07T16:23:23.284+0100] {processor.py:186} INFO - Started process (PID=15889) to work on /usr/local/anaconda3/envs/airflow_env/lib/python3.8/site-packages/airflow/example_dags/example_skip_dag.py
[2025-03-07T16:23:23.288+0100] {processor.py:914} INFO - Processing file /usr/local/anaconda3/envs/airflow_env/lib/python3.8/site-packages/airflow/example_dags/example_skip_dag.py for tasks to queue
[2025-03-07T16:23:23.288+0100] {logging_mixin.py:190} INFO - [2025-03-07T16:23:23.288+0100] {dagbag.py:588} INFO - Filling up the DagBag from /usr/local/anaconda3/envs/airflow_env/lib/python3.8/site-packages/airflow/example_dags/example_skip_dag.py
[2025-03-07T16:23:23.295+0100] {processor.py:925} INFO - DAG(s) 'example_skip_dag' retrieved from /usr/local/anaconda3/envs/airflow_env/lib/python3.8/site-packages/airflow/example_dags/example_skip_dag.py
[2025-03-07T16:23:23.365+0100] {logging_mixin.py:190} INFO - [2025-03-07T16:23:23.365+0100] {dag.py:3239} INFO - Sync 1 DAGs
[2025-03-07T16:23:23.376+0100] {logging_mixin.py:190} INFO - [2025-03-07T16:23:23.376+0100] {dag.py:4180} INFO - Setting next_dagrun for example_skip_dag to 2025-03-06T00:00:00+00:00, run_after=2025-03-07T00:00:00+00:00
[2025-03-07T16:23:23.387+0100] {processor.py:208} INFO - Processing /usr/local/anaconda3/envs/airflow_env/lib/python3.8/site-packages/airflow/example_dags/example_skip_dag.py took 0.106 seconds
[2025-03-07T16:30:19.059+0100] {processor.py:186} INFO - Started process (PID=16310) to work on /usr/local/anaconda3/envs/airflow_env/lib/python3.8/site-packages/airflow/example_dags/example_skip_dag.py
[2025-03-07T16:30:19.062+0100] {processor.py:914} INFO - Processing file /usr/local/anaconda3/envs/airflow_env/lib/python3.8/site-packages/airflow/example_dags/example_skip_dag.py for tasks to queue
[2025-03-07T16:30:19.063+0100] {logging_mixin.py:190} INFO - [2025-03-07T16:30:19.063+0100] {dagbag.py:588} INFO - Filling up the DagBag from /usr/local/anaconda3/envs/airflow_env/lib/python3.8/site-packages/airflow/example_dags/example_skip_dag.py
[2025-03-07T16:30:19.070+0100] {processor.py:925} INFO - DAG(s) 'example_skip_dag' retrieved from /usr/local/anaconda3/envs/airflow_env/lib/python3.8/site-packages/airflow/example_dags/example_skip_dag.py
[2025-03-07T16:30:19.143+0100] {logging_mixin.py:190} INFO - [2025-03-07T16:30:19.143+0100] {dag.py:3239} INFO - Sync 1 DAGs
[2025-03-07T16:30:19.155+0100] {logging_mixin.py:190} INFO - [2025-03-07T16:30:19.155+0100] {dag.py:4180} INFO - Setting next_dagrun for example_skip_dag to 2025-03-06T00:00:00+00:00, run_after=2025-03-07T00:00:00+00:00
[2025-03-07T16:30:19.167+0100] {processor.py:208} INFO - Processing /usr/local/anaconda3/envs/airflow_env/lib/python3.8/site-packages/airflow/example_dags/example_skip_dag.py took 0.111 seconds
