[2025-03-07T14:12:07.307+0100] {processor.py:186} INFO - Started process (PID=2805) to work on /usr/local/anaconda3/envs/airflow_env/lib/python3.8/site-packages/airflow/example_dags/example_nested_branch_dag.py
[2025-03-07T14:12:07.311+0100] {processor.py:914} INFO - Processing file /usr/local/anaconda3/envs/airflow_env/lib/python3.8/site-packages/airflow/example_dags/example_nested_branch_dag.py for tasks to queue
[2025-03-07T14:12:07.312+0100] {logging_mixin.py:190} INFO - [2025-03-07T14:12:07.312+0100] {dagbag.py:588} INFO - Filling up the DagBag from /usr/local/anaconda3/envs/airflow_env/lib/python3.8/site-packages/airflow/example_dags/example_nested_branch_dag.py
[2025-03-07T14:12:07.339+0100] {processor.py:925} INFO - DAG(s) 'example_nested_branch_dag' retrieved from /usr/local/anaconda3/envs/airflow_env/lib/python3.8/site-packages/airflow/example_dags/example_nested_branch_dag.py
[2025-03-07T14:12:07.467+0100] {logging_mixin.py:190} INFO - [2025-03-07T14:12:07.467+0100] {override.py:1901} INFO - Created Permission View: can edit on DAG:example_nested_branch_dag
[2025-03-07T14:12:07.473+0100] {logging_mixin.py:190} INFO - [2025-03-07T14:12:07.473+0100] {override.py:1901} INFO - Created Permission View: can read on DAG:example_nested_branch_dag
[2025-03-07T14:12:07.478+0100] {logging_mixin.py:190} INFO - [2025-03-07T14:12:07.477+0100] {override.py:1901} INFO - Created Permission View: can delete on DAG:example_nested_branch_dag
[2025-03-07T14:12:07.483+0100] {logging_mixin.py:190} INFO - [2025-03-07T14:12:07.483+0100] {override.py:1901} INFO - Created Permission View: menu access on DAG Run:example_nested_branch_dag
[2025-03-07T14:12:07.487+0100] {logging_mixin.py:190} INFO - [2025-03-07T14:12:07.487+0100] {override.py:1901} INFO - Created Permission View: can read on DAG Run:example_nested_branch_dag
[2025-03-07T14:12:07.491+0100] {logging_mixin.py:190} INFO - [2025-03-07T14:12:07.491+0100] {override.py:1901} INFO - Created Permission View: can create on DAG Run:example_nested_branch_dag
[2025-03-07T14:12:07.496+0100] {logging_mixin.py:190} INFO - [2025-03-07T14:12:07.495+0100] {override.py:1901} INFO - Created Permission View: can delete on DAG Run:example_nested_branch_dag
[2025-03-07T14:12:07.496+0100] {logging_mixin.py:190} INFO - [2025-03-07T14:12:07.496+0100] {dag.py:3239} INFO - Sync 1 DAGs
[2025-03-07T14:12:07.506+0100] {logging_mixin.py:190} INFO - [2025-03-07T14:12:07.505+0100] {dag.py:3262} INFO - Creating ORM DAG for example_nested_branch_dag
[2025-03-07T14:12:07.512+0100] {logging_mixin.py:190} INFO - [2025-03-07T14:12:07.512+0100] {dag.py:4180} INFO - Setting next_dagrun for example_nested_branch_dag to 2025-03-06T00:00:00+00:00, run_after=2025-03-07T00:00:00+00:00
[2025-03-07T14:12:07.523+0100] {processor.py:208} INFO - Processing /usr/local/anaconda3/envs/airflow_env/lib/python3.8/site-packages/airflow/example_dags/example_nested_branch_dag.py took 0.219 seconds
[2025-03-07T14:15:30.604+0100] {processor.py:186} INFO - Started process (PID=3126) to work on /usr/local/anaconda3/envs/airflow_env/lib/python3.8/site-packages/airflow/example_dags/example_nested_branch_dag.py
[2025-03-07T14:15:30.608+0100] {processor.py:914} INFO - Processing file /usr/local/anaconda3/envs/airflow_env/lib/python3.8/site-packages/airflow/example_dags/example_nested_branch_dag.py for tasks to queue
[2025-03-07T14:15:30.608+0100] {logging_mixin.py:190} INFO - [2025-03-07T14:15:30.608+0100] {dagbag.py:588} INFO - Filling up the DagBag from /usr/local/anaconda3/envs/airflow_env/lib/python3.8/site-packages/airflow/example_dags/example_nested_branch_dag.py
[2025-03-07T14:15:30.634+0100] {processor.py:925} INFO - DAG(s) 'example_nested_branch_dag' retrieved from /usr/local/anaconda3/envs/airflow_env/lib/python3.8/site-packages/airflow/example_dags/example_nested_branch_dag.py
[2025-03-07T14:15:30.702+0100] {logging_mixin.py:190} INFO - [2025-03-07T14:15:30.701+0100] {dag.py:3239} INFO - Sync 1 DAGs
[2025-03-07T14:15:30.714+0100] {logging_mixin.py:190} INFO - [2025-03-07T14:15:30.714+0100] {dag.py:4180} INFO - Setting next_dagrun for example_nested_branch_dag to 2025-03-06T00:00:00+00:00, run_after=2025-03-07T00:00:00+00:00
[2025-03-07T14:15:30.725+0100] {processor.py:208} INFO - Processing /usr/local/anaconda3/envs/airflow_env/lib/python3.8/site-packages/airflow/example_dags/example_nested_branch_dag.py took 0.124 seconds
[2025-03-07T14:17:42.423+0100] {processor.py:186} INFO - Started process (PID=3388) to work on /usr/local/anaconda3/envs/airflow_env/lib/python3.8/site-packages/airflow/example_dags/example_nested_branch_dag.py
[2025-03-07T14:17:42.426+0100] {processor.py:914} INFO - Processing file /usr/local/anaconda3/envs/airflow_env/lib/python3.8/site-packages/airflow/example_dags/example_nested_branch_dag.py for tasks to queue
[2025-03-07T14:17:42.427+0100] {logging_mixin.py:190} INFO - [2025-03-07T14:17:42.427+0100] {dagbag.py:588} INFO - Filling up the DagBag from /usr/local/anaconda3/envs/airflow_env/lib/python3.8/site-packages/airflow/example_dags/example_nested_branch_dag.py
[2025-03-07T14:17:42.454+0100] {processor.py:925} INFO - DAG(s) 'example_nested_branch_dag' retrieved from /usr/local/anaconda3/envs/airflow_env/lib/python3.8/site-packages/airflow/example_dags/example_nested_branch_dag.py
[2025-03-07T14:17:42.529+0100] {logging_mixin.py:190} INFO - [2025-03-07T14:17:42.528+0100] {dag.py:3239} INFO - Sync 1 DAGs
[2025-03-07T14:17:42.542+0100] {logging_mixin.py:190} INFO - [2025-03-07T14:17:42.542+0100] {dag.py:4180} INFO - Setting next_dagrun for example_nested_branch_dag to 2025-03-06T00:00:00+00:00, run_after=2025-03-07T00:00:00+00:00
[2025-03-07T14:17:42.555+0100] {processor.py:208} INFO - Processing /usr/local/anaconda3/envs/airflow_env/lib/python3.8/site-packages/airflow/example_dags/example_nested_branch_dag.py took 0.135 seconds
[2025-03-07T14:19:58.515+0100] {processor.py:186} INFO - Started process (PID=3665) to work on /usr/local/anaconda3/envs/airflow_env/lib/python3.8/site-packages/airflow/example_dags/example_nested_branch_dag.py
[2025-03-07T14:19:58.518+0100] {processor.py:914} INFO - Processing file /usr/local/anaconda3/envs/airflow_env/lib/python3.8/site-packages/airflow/example_dags/example_nested_branch_dag.py for tasks to queue
[2025-03-07T14:19:58.519+0100] {logging_mixin.py:190} INFO - [2025-03-07T14:19:58.519+0100] {dagbag.py:588} INFO - Filling up the DagBag from /usr/local/anaconda3/envs/airflow_env/lib/python3.8/site-packages/airflow/example_dags/example_nested_branch_dag.py
[2025-03-07T14:19:58.546+0100] {processor.py:925} INFO - DAG(s) 'example_nested_branch_dag' retrieved from /usr/local/anaconda3/envs/airflow_env/lib/python3.8/site-packages/airflow/example_dags/example_nested_branch_dag.py
[2025-03-07T14:19:58.620+0100] {logging_mixin.py:190} INFO - [2025-03-07T14:19:58.619+0100] {dag.py:3239} INFO - Sync 1 DAGs
[2025-03-07T14:19:58.633+0100] {logging_mixin.py:190} INFO - [2025-03-07T14:19:58.633+0100] {dag.py:4180} INFO - Setting next_dagrun for example_nested_branch_dag to 2025-03-06T00:00:00+00:00, run_after=2025-03-07T00:00:00+00:00
[2025-03-07T14:19:58.646+0100] {processor.py:208} INFO - Processing /usr/local/anaconda3/envs/airflow_env/lib/python3.8/site-packages/airflow/example_dags/example_nested_branch_dag.py took 0.134 seconds
[2025-03-07T14:22:15.509+0100] {processor.py:186} INFO - Started process (PID=3889) to work on /usr/local/anaconda3/envs/airflow_env/lib/python3.8/site-packages/airflow/example_dags/example_nested_branch_dag.py
[2025-03-07T14:22:15.512+0100] {processor.py:914} INFO - Processing file /usr/local/anaconda3/envs/airflow_env/lib/python3.8/site-packages/airflow/example_dags/example_nested_branch_dag.py for tasks to queue
[2025-03-07T14:22:15.513+0100] {logging_mixin.py:190} INFO - [2025-03-07T14:22:15.513+0100] {dagbag.py:588} INFO - Filling up the DagBag from /usr/local/anaconda3/envs/airflow_env/lib/python3.8/site-packages/airflow/example_dags/example_nested_branch_dag.py
[2025-03-07T14:22:15.540+0100] {processor.py:925} INFO - DAG(s) 'example_nested_branch_dag' retrieved from /usr/local/anaconda3/envs/airflow_env/lib/python3.8/site-packages/airflow/example_dags/example_nested_branch_dag.py
[2025-03-07T14:22:15.612+0100] {logging_mixin.py:190} INFO - [2025-03-07T14:22:15.612+0100] {dag.py:3239} INFO - Sync 1 DAGs
[2025-03-07T14:22:15.626+0100] {logging_mixin.py:190} INFO - [2025-03-07T14:22:15.626+0100] {dag.py:4180} INFO - Setting next_dagrun for example_nested_branch_dag to 2025-03-06T00:00:00+00:00, run_after=2025-03-07T00:00:00+00:00
[2025-03-07T14:22:15.638+0100] {processor.py:208} INFO - Processing /usr/local/anaconda3/envs/airflow_env/lib/python3.8/site-packages/airflow/example_dags/example_nested_branch_dag.py took 0.132 seconds
[2025-03-07T14:24:38.831+0100] {processor.py:186} INFO - Started process (PID=4145) to work on /usr/local/anaconda3/envs/airflow_env/lib/python3.8/site-packages/airflow/example_dags/example_nested_branch_dag.py
[2025-03-07T14:24:38.834+0100] {processor.py:914} INFO - Processing file /usr/local/anaconda3/envs/airflow_env/lib/python3.8/site-packages/airflow/example_dags/example_nested_branch_dag.py for tasks to queue
[2025-03-07T14:24:38.835+0100] {logging_mixin.py:190} INFO - [2025-03-07T14:24:38.835+0100] {dagbag.py:588} INFO - Filling up the DagBag from /usr/local/anaconda3/envs/airflow_env/lib/python3.8/site-packages/airflow/example_dags/example_nested_branch_dag.py
[2025-03-07T14:24:38.861+0100] {processor.py:925} INFO - DAG(s) 'example_nested_branch_dag' retrieved from /usr/local/anaconda3/envs/airflow_env/lib/python3.8/site-packages/airflow/example_dags/example_nested_branch_dag.py
[2025-03-07T14:24:38.932+0100] {logging_mixin.py:190} INFO - [2025-03-07T14:24:38.932+0100] {dag.py:3239} INFO - Sync 1 DAGs
[2025-03-07T14:24:38.945+0100] {logging_mixin.py:190} INFO - [2025-03-07T14:24:38.945+0100] {dag.py:4180} INFO - Setting next_dagrun for example_nested_branch_dag to 2025-03-06T00:00:00+00:00, run_after=2025-03-07T00:00:00+00:00
[2025-03-07T14:24:38.957+0100] {processor.py:208} INFO - Processing /usr/local/anaconda3/envs/airflow_env/lib/python3.8/site-packages/airflow/example_dags/example_nested_branch_dag.py took 0.128 seconds
[2025-03-07T14:44:59.431+0100] {processor.py:186} INFO - Started process (PID=4989) to work on /usr/local/anaconda3/envs/airflow_env/lib/python3.8/site-packages/airflow/example_dags/example_nested_branch_dag.py
[2025-03-07T14:44:59.434+0100] {processor.py:914} INFO - Processing file /usr/local/anaconda3/envs/airflow_env/lib/python3.8/site-packages/airflow/example_dags/example_nested_branch_dag.py for tasks to queue
[2025-03-07T14:44:59.435+0100] {logging_mixin.py:190} INFO - [2025-03-07T14:44:59.435+0100] {dagbag.py:588} INFO - Filling up the DagBag from /usr/local/anaconda3/envs/airflow_env/lib/python3.8/site-packages/airflow/example_dags/example_nested_branch_dag.py
[2025-03-07T14:44:59.462+0100] {processor.py:925} INFO - DAG(s) 'example_nested_branch_dag' retrieved from /usr/local/anaconda3/envs/airflow_env/lib/python3.8/site-packages/airflow/example_dags/example_nested_branch_dag.py
[2025-03-07T14:44:59.535+0100] {logging_mixin.py:190} INFO - [2025-03-07T14:44:59.535+0100] {dag.py:3239} INFO - Sync 1 DAGs
[2025-03-07T14:44:59.548+0100] {logging_mixin.py:190} INFO - [2025-03-07T14:44:59.548+0100] {dag.py:4180} INFO - Setting next_dagrun for example_nested_branch_dag to 2025-03-06T00:00:00+00:00, run_after=2025-03-07T00:00:00+00:00
[2025-03-07T14:44:59.560+0100] {processor.py:208} INFO - Processing /usr/local/anaconda3/envs/airflow_env/lib/python3.8/site-packages/airflow/example_dags/example_nested_branch_dag.py took 0.132 seconds
[2025-03-07T14:47:50.744+0100] {processor.py:186} INFO - Started process (PID=5257) to work on /usr/local/anaconda3/envs/airflow_env/lib/python3.8/site-packages/airflow/example_dags/example_nested_branch_dag.py
[2025-03-07T14:47:50.747+0100] {processor.py:914} INFO - Processing file /usr/local/anaconda3/envs/airflow_env/lib/python3.8/site-packages/airflow/example_dags/example_nested_branch_dag.py for tasks to queue
[2025-03-07T14:47:50.748+0100] {logging_mixin.py:190} INFO - [2025-03-07T14:47:50.748+0100] {dagbag.py:588} INFO - Filling up the DagBag from /usr/local/anaconda3/envs/airflow_env/lib/python3.8/site-packages/airflow/example_dags/example_nested_branch_dag.py
[2025-03-07T14:47:50.776+0100] {processor.py:925} INFO - DAG(s) 'example_nested_branch_dag' retrieved from /usr/local/anaconda3/envs/airflow_env/lib/python3.8/site-packages/airflow/example_dags/example_nested_branch_dag.py
[2025-03-07T14:47:50.852+0100] {logging_mixin.py:190} INFO - [2025-03-07T14:47:50.851+0100] {dag.py:3239} INFO - Sync 1 DAGs
[2025-03-07T14:47:50.866+0100] {logging_mixin.py:190} INFO - [2025-03-07T14:47:50.865+0100] {dag.py:4180} INFO - Setting next_dagrun for example_nested_branch_dag to 2025-03-06T00:00:00+00:00, run_after=2025-03-07T00:00:00+00:00
[2025-03-07T14:47:50.878+0100] {processor.py:208} INFO - Processing /usr/local/anaconda3/envs/airflow_env/lib/python3.8/site-packages/airflow/example_dags/example_nested_branch_dag.py took 0.137 seconds
[2025-03-07T14:50:54.225+0100] {processor.py:186} INFO - Started process (PID=5671) to work on /usr/local/anaconda3/envs/airflow_env/lib/python3.8/site-packages/airflow/example_dags/example_nested_branch_dag.py
[2025-03-07T14:50:54.228+0100] {processor.py:914} INFO - Processing file /usr/local/anaconda3/envs/airflow_env/lib/python3.8/site-packages/airflow/example_dags/example_nested_branch_dag.py for tasks to queue
[2025-03-07T14:50:54.229+0100] {logging_mixin.py:190} INFO - [2025-03-07T14:50:54.229+0100] {dagbag.py:588} INFO - Filling up the DagBag from /usr/local/anaconda3/envs/airflow_env/lib/python3.8/site-packages/airflow/example_dags/example_nested_branch_dag.py
[2025-03-07T14:50:54.258+0100] {processor.py:925} INFO - DAG(s) 'example_nested_branch_dag' retrieved from /usr/local/anaconda3/envs/airflow_env/lib/python3.8/site-packages/airflow/example_dags/example_nested_branch_dag.py
[2025-03-07T14:50:54.334+0100] {logging_mixin.py:190} INFO - [2025-03-07T14:50:54.333+0100] {dag.py:3239} INFO - Sync 1 DAGs
[2025-03-07T14:50:54.348+0100] {logging_mixin.py:190} INFO - [2025-03-07T14:50:54.348+0100] {dag.py:4180} INFO - Setting next_dagrun for example_nested_branch_dag to 2025-03-06T00:00:00+00:00, run_after=2025-03-07T00:00:00+00:00
[2025-03-07T14:50:54.361+0100] {processor.py:208} INFO - Processing /usr/local/anaconda3/envs/airflow_env/lib/python3.8/site-packages/airflow/example_dags/example_nested_branch_dag.py took 0.139 seconds
[2025-03-07T14:54:23.815+0100] {processor.py:186} INFO - Started process (PID=6106) to work on /usr/local/anaconda3/envs/airflow_env/lib/python3.8/site-packages/airflow/example_dags/example_nested_branch_dag.py
[2025-03-07T14:54:23.818+0100] {processor.py:914} INFO - Processing file /usr/local/anaconda3/envs/airflow_env/lib/python3.8/site-packages/airflow/example_dags/example_nested_branch_dag.py for tasks to queue
[2025-03-07T14:54:23.819+0100] {logging_mixin.py:190} INFO - [2025-03-07T14:54:23.819+0100] {dagbag.py:588} INFO - Filling up the DagBag from /usr/local/anaconda3/envs/airflow_env/lib/python3.8/site-packages/airflow/example_dags/example_nested_branch_dag.py
[2025-03-07T14:54:23.844+0100] {processor.py:925} INFO - DAG(s) 'example_nested_branch_dag' retrieved from /usr/local/anaconda3/envs/airflow_env/lib/python3.8/site-packages/airflow/example_dags/example_nested_branch_dag.py
[2025-03-07T14:54:23.914+0100] {logging_mixin.py:190} INFO - [2025-03-07T14:54:23.913+0100] {dag.py:3239} INFO - Sync 1 DAGs
[2025-03-07T14:54:23.926+0100] {logging_mixin.py:190} INFO - [2025-03-07T14:54:23.926+0100] {dag.py:4180} INFO - Setting next_dagrun for example_nested_branch_dag to 2025-03-06T00:00:00+00:00, run_after=2025-03-07T00:00:00+00:00
[2025-03-07T14:54:23.937+0100] {processor.py:208} INFO - Processing /usr/local/anaconda3/envs/airflow_env/lib/python3.8/site-packages/airflow/example_dags/example_nested_branch_dag.py took 0.125 seconds
[2025-03-07T14:57:05.477+0100] {processor.py:186} INFO - Started process (PID=6430) to work on /usr/local/anaconda3/envs/airflow_env/lib/python3.8/site-packages/airflow/example_dags/example_nested_branch_dag.py
[2025-03-07T14:57:05.480+0100] {processor.py:914} INFO - Processing file /usr/local/anaconda3/envs/airflow_env/lib/python3.8/site-packages/airflow/example_dags/example_nested_branch_dag.py for tasks to queue
[2025-03-07T14:57:05.481+0100] {logging_mixin.py:190} INFO - [2025-03-07T14:57:05.481+0100] {dagbag.py:588} INFO - Filling up the DagBag from /usr/local/anaconda3/envs/airflow_env/lib/python3.8/site-packages/airflow/example_dags/example_nested_branch_dag.py
[2025-03-07T14:57:05.507+0100] {processor.py:925} INFO - DAG(s) 'example_nested_branch_dag' retrieved from /usr/local/anaconda3/envs/airflow_env/lib/python3.8/site-packages/airflow/example_dags/example_nested_branch_dag.py
[2025-03-07T14:57:05.578+0100] {logging_mixin.py:190} INFO - [2025-03-07T14:57:05.578+0100] {dag.py:3239} INFO - Sync 1 DAGs
[2025-03-07T14:57:05.591+0100] {logging_mixin.py:190} INFO - [2025-03-07T14:57:05.590+0100] {dag.py:4180} INFO - Setting next_dagrun for example_nested_branch_dag to 2025-03-06T00:00:00+00:00, run_after=2025-03-07T00:00:00+00:00
[2025-03-07T14:57:05.602+0100] {processor.py:208} INFO - Processing /usr/local/anaconda3/envs/airflow_env/lib/python3.8/site-packages/airflow/example_dags/example_nested_branch_dag.py took 0.128 seconds
[2025-03-07T14:59:16.820+0100] {processor.py:186} INFO - Started process (PID=6710) to work on /usr/local/anaconda3/envs/airflow_env/lib/python3.8/site-packages/airflow/example_dags/example_nested_branch_dag.py
[2025-03-07T14:59:16.823+0100] {processor.py:914} INFO - Processing file /usr/local/anaconda3/envs/airflow_env/lib/python3.8/site-packages/airflow/example_dags/example_nested_branch_dag.py for tasks to queue
[2025-03-07T14:59:16.824+0100] {logging_mixin.py:190} INFO - [2025-03-07T14:59:16.824+0100] {dagbag.py:588} INFO - Filling up the DagBag from /usr/local/anaconda3/envs/airflow_env/lib/python3.8/site-packages/airflow/example_dags/example_nested_branch_dag.py
[2025-03-07T14:59:16.850+0100] {processor.py:925} INFO - DAG(s) 'example_nested_branch_dag' retrieved from /usr/local/anaconda3/envs/airflow_env/lib/python3.8/site-packages/airflow/example_dags/example_nested_branch_dag.py
[2025-03-07T14:59:16.921+0100] {logging_mixin.py:190} INFO - [2025-03-07T14:59:16.921+0100] {dag.py:3239} INFO - Sync 1 DAGs
[2025-03-07T14:59:16.934+0100] {logging_mixin.py:190} INFO - [2025-03-07T14:59:16.933+0100] {dag.py:4180} INFO - Setting next_dagrun for example_nested_branch_dag to 2025-03-06T00:00:00+00:00, run_after=2025-03-07T00:00:00+00:00
[2025-03-07T14:59:16.945+0100] {processor.py:208} INFO - Processing /usr/local/anaconda3/envs/airflow_env/lib/python3.8/site-packages/airflow/example_dags/example_nested_branch_dag.py took 0.128 seconds
[2025-03-07T15:04:01.887+0100] {processor.py:186} INFO - Started process (PID=7207) to work on /usr/local/anaconda3/envs/airflow_env/lib/python3.8/site-packages/airflow/example_dags/example_nested_branch_dag.py
[2025-03-07T15:04:01.890+0100] {processor.py:914} INFO - Processing file /usr/local/anaconda3/envs/airflow_env/lib/python3.8/site-packages/airflow/example_dags/example_nested_branch_dag.py for tasks to queue
[2025-03-07T15:04:01.891+0100] {logging_mixin.py:190} INFO - [2025-03-07T15:04:01.891+0100] {dagbag.py:588} INFO - Filling up the DagBag from /usr/local/anaconda3/envs/airflow_env/lib/python3.8/site-packages/airflow/example_dags/example_nested_branch_dag.py
[2025-03-07T15:04:01.918+0100] {processor.py:925} INFO - DAG(s) 'example_nested_branch_dag' retrieved from /usr/local/anaconda3/envs/airflow_env/lib/python3.8/site-packages/airflow/example_dags/example_nested_branch_dag.py
[2025-03-07T15:04:01.987+0100] {logging_mixin.py:190} INFO - [2025-03-07T15:04:01.987+0100] {dag.py:3239} INFO - Sync 1 DAGs
[2025-03-07T15:04:02.010+0100] {logging_mixin.py:190} INFO - [2025-03-07T15:04:02.010+0100] {dag.py:4180} INFO - Setting next_dagrun for example_nested_branch_dag to 2025-03-06T00:00:00+00:00, run_after=2025-03-07T00:00:00+00:00
[2025-03-07T15:04:02.044+0100] {processor.py:208} INFO - Processing /usr/local/anaconda3/envs/airflow_env/lib/python3.8/site-packages/airflow/example_dags/example_nested_branch_dag.py took 0.160 seconds
[2025-03-07T15:06:20.244+0100] {processor.py:186} INFO - Started process (PID=7464) to work on /usr/local/anaconda3/envs/airflow_env/lib/python3.8/site-packages/airflow/example_dags/example_nested_branch_dag.py
[2025-03-07T15:06:20.247+0100] {processor.py:914} INFO - Processing file /usr/local/anaconda3/envs/airflow_env/lib/python3.8/site-packages/airflow/example_dags/example_nested_branch_dag.py for tasks to queue
[2025-03-07T15:06:20.248+0100] {logging_mixin.py:190} INFO - [2025-03-07T15:06:20.248+0100] {dagbag.py:588} INFO - Filling up the DagBag from /usr/local/anaconda3/envs/airflow_env/lib/python3.8/site-packages/airflow/example_dags/example_nested_branch_dag.py
[2025-03-07T15:06:20.274+0100] {processor.py:925} INFO - DAG(s) 'example_nested_branch_dag' retrieved from /usr/local/anaconda3/envs/airflow_env/lib/python3.8/site-packages/airflow/example_dags/example_nested_branch_dag.py
[2025-03-07T15:06:20.344+0100] {logging_mixin.py:190} INFO - [2025-03-07T15:06:20.343+0100] {dag.py:3239} INFO - Sync 1 DAGs
[2025-03-07T15:06:20.357+0100] {logging_mixin.py:190} INFO - [2025-03-07T15:06:20.356+0100] {dag.py:4180} INFO - Setting next_dagrun for example_nested_branch_dag to 2025-03-06T00:00:00+00:00, run_after=2025-03-07T00:00:00+00:00
[2025-03-07T15:06:20.368+0100] {processor.py:208} INFO - Processing /usr/local/anaconda3/envs/airflow_env/lib/python3.8/site-packages/airflow/example_dags/example_nested_branch_dag.py took 0.126 seconds
[2025-03-07T15:08:43.530+0100] {processor.py:186} INFO - Started process (PID=7706) to work on /usr/local/anaconda3/envs/airflow_env/lib/python3.8/site-packages/airflow/example_dags/example_nested_branch_dag.py
[2025-03-07T15:08:43.533+0100] {processor.py:914} INFO - Processing file /usr/local/anaconda3/envs/airflow_env/lib/python3.8/site-packages/airflow/example_dags/example_nested_branch_dag.py for tasks to queue
[2025-03-07T15:08:43.534+0100] {logging_mixin.py:190} INFO - [2025-03-07T15:08:43.534+0100] {dagbag.py:588} INFO - Filling up the DagBag from /usr/local/anaconda3/envs/airflow_env/lib/python3.8/site-packages/airflow/example_dags/example_nested_branch_dag.py
[2025-03-07T15:08:43.561+0100] {processor.py:925} INFO - DAG(s) 'example_nested_branch_dag' retrieved from /usr/local/anaconda3/envs/airflow_env/lib/python3.8/site-packages/airflow/example_dags/example_nested_branch_dag.py
[2025-03-07T15:08:43.634+0100] {logging_mixin.py:190} INFO - [2025-03-07T15:08:43.634+0100] {dag.py:3239} INFO - Sync 1 DAGs
[2025-03-07T15:08:43.648+0100] {logging_mixin.py:190} INFO - [2025-03-07T15:08:43.648+0100] {dag.py:4180} INFO - Setting next_dagrun for example_nested_branch_dag to 2025-03-06T00:00:00+00:00, run_after=2025-03-07T00:00:00+00:00
[2025-03-07T15:08:43.659+0100] {processor.py:208} INFO - Processing /usr/local/anaconda3/envs/airflow_env/lib/python3.8/site-packages/airflow/example_dags/example_nested_branch_dag.py took 0.133 seconds
[2025-03-07T15:11:10.608+0100] {processor.py:186} INFO - Started process (PID=7936) to work on /usr/local/anaconda3/envs/airflow_env/lib/python3.8/site-packages/airflow/example_dags/example_nested_branch_dag.py
[2025-03-07T15:11:10.612+0100] {processor.py:914} INFO - Processing file /usr/local/anaconda3/envs/airflow_env/lib/python3.8/site-packages/airflow/example_dags/example_nested_branch_dag.py for tasks to queue
[2025-03-07T15:11:10.613+0100] {logging_mixin.py:190} INFO - [2025-03-07T15:11:10.612+0100] {dagbag.py:588} INFO - Filling up the DagBag from /usr/local/anaconda3/envs/airflow_env/lib/python3.8/site-packages/airflow/example_dags/example_nested_branch_dag.py
[2025-03-07T15:11:10.640+0100] {processor.py:925} INFO - DAG(s) 'example_nested_branch_dag' retrieved from /usr/local/anaconda3/envs/airflow_env/lib/python3.8/site-packages/airflow/example_dags/example_nested_branch_dag.py
[2025-03-07T15:11:10.718+0100] {logging_mixin.py:190} INFO - [2025-03-07T15:11:10.718+0100] {dag.py:3239} INFO - Sync 1 DAGs
[2025-03-07T15:11:10.732+0100] {logging_mixin.py:190} INFO - [2025-03-07T15:11:10.732+0100] {dag.py:4180} INFO - Setting next_dagrun for example_nested_branch_dag to 2025-03-06T00:00:00+00:00, run_after=2025-03-07T00:00:00+00:00
[2025-03-07T15:11:10.744+0100] {processor.py:208} INFO - Processing /usr/local/anaconda3/envs/airflow_env/lib/python3.8/site-packages/airflow/example_dags/example_nested_branch_dag.py took 0.139 seconds
[2025-03-07T15:13:55.430+0100] {processor.py:186} INFO - Started process (PID=8330) to work on /usr/local/anaconda3/envs/airflow_env/lib/python3.8/site-packages/airflow/example_dags/example_nested_branch_dag.py
[2025-03-07T15:13:55.433+0100] {processor.py:914} INFO - Processing file /usr/local/anaconda3/envs/airflow_env/lib/python3.8/site-packages/airflow/example_dags/example_nested_branch_dag.py for tasks to queue
[2025-03-07T15:13:55.434+0100] {logging_mixin.py:190} INFO - [2025-03-07T15:13:55.434+0100] {dagbag.py:588} INFO - Filling up the DagBag from /usr/local/anaconda3/envs/airflow_env/lib/python3.8/site-packages/airflow/example_dags/example_nested_branch_dag.py
[2025-03-07T15:13:55.462+0100] {processor.py:925} INFO - DAG(s) 'example_nested_branch_dag' retrieved from /usr/local/anaconda3/envs/airflow_env/lib/python3.8/site-packages/airflow/example_dags/example_nested_branch_dag.py
[2025-03-07T15:13:55.537+0100] {logging_mixin.py:190} INFO - [2025-03-07T15:13:55.536+0100] {dag.py:3239} INFO - Sync 1 DAGs
[2025-03-07T15:13:55.550+0100] {logging_mixin.py:190} INFO - [2025-03-07T15:13:55.550+0100] {dag.py:4180} INFO - Setting next_dagrun for example_nested_branch_dag to 2025-03-06T00:00:00+00:00, run_after=2025-03-07T00:00:00+00:00
[2025-03-07T15:13:55.562+0100] {processor.py:208} INFO - Processing /usr/local/anaconda3/envs/airflow_env/lib/python3.8/site-packages/airflow/example_dags/example_nested_branch_dag.py took 0.135 seconds
[2025-03-07T15:16:50.831+0100] {processor.py:186} INFO - Started process (PID=8568) to work on /usr/local/anaconda3/envs/airflow_env/lib/python3.8/site-packages/airflow/example_dags/example_nested_branch_dag.py
[2025-03-07T15:16:50.835+0100] {processor.py:914} INFO - Processing file /usr/local/anaconda3/envs/airflow_env/lib/python3.8/site-packages/airflow/example_dags/example_nested_branch_dag.py for tasks to queue
[2025-03-07T15:16:50.835+0100] {logging_mixin.py:190} INFO - [2025-03-07T15:16:50.835+0100] {dagbag.py:588} INFO - Filling up the DagBag from /usr/local/anaconda3/envs/airflow_env/lib/python3.8/site-packages/airflow/example_dags/example_nested_branch_dag.py
[2025-03-07T15:16:50.862+0100] {processor.py:925} INFO - DAG(s) 'example_nested_branch_dag' retrieved from /usr/local/anaconda3/envs/airflow_env/lib/python3.8/site-packages/airflow/example_dags/example_nested_branch_dag.py
[2025-03-07T15:16:50.935+0100] {logging_mixin.py:190} INFO - [2025-03-07T15:16:50.934+0100] {dag.py:3239} INFO - Sync 1 DAGs
[2025-03-07T15:16:50.948+0100] {logging_mixin.py:190} INFO - [2025-03-07T15:16:50.948+0100] {dag.py:4180} INFO - Setting next_dagrun for example_nested_branch_dag to 2025-03-06T00:00:00+00:00, run_after=2025-03-07T00:00:00+00:00
[2025-03-07T15:16:50.959+0100] {processor.py:208} INFO - Processing /usr/local/anaconda3/envs/airflow_env/lib/python3.8/site-packages/airflow/example_dags/example_nested_branch_dag.py took 0.131 seconds
[2025-03-07T15:19:09.002+0100] {processor.py:186} INFO - Started process (PID=8933) to work on /usr/local/anaconda3/envs/airflow_env/lib/python3.8/site-packages/airflow/example_dags/example_nested_branch_dag.py
[2025-03-07T15:19:09.005+0100] {processor.py:914} INFO - Processing file /usr/local/anaconda3/envs/airflow_env/lib/python3.8/site-packages/airflow/example_dags/example_nested_branch_dag.py for tasks to queue
[2025-03-07T15:19:09.006+0100] {logging_mixin.py:190} INFO - [2025-03-07T15:19:09.006+0100] {dagbag.py:588} INFO - Filling up the DagBag from /usr/local/anaconda3/envs/airflow_env/lib/python3.8/site-packages/airflow/example_dags/example_nested_branch_dag.py
[2025-03-07T15:19:09.032+0100] {processor.py:925} INFO - DAG(s) 'example_nested_branch_dag' retrieved from /usr/local/anaconda3/envs/airflow_env/lib/python3.8/site-packages/airflow/example_dags/example_nested_branch_dag.py
[2025-03-07T15:19:09.101+0100] {logging_mixin.py:190} INFO - [2025-03-07T15:19:09.101+0100] {dag.py:3239} INFO - Sync 1 DAGs
[2025-03-07T15:19:09.114+0100] {logging_mixin.py:190} INFO - [2025-03-07T15:19:09.113+0100] {dag.py:4180} INFO - Setting next_dagrun for example_nested_branch_dag to 2025-03-06T00:00:00+00:00, run_after=2025-03-07T00:00:00+00:00
[2025-03-07T15:19:09.125+0100] {processor.py:208} INFO - Processing /usr/local/anaconda3/envs/airflow_env/lib/python3.8/site-packages/airflow/example_dags/example_nested_branch_dag.py took 0.126 seconds
[2025-03-07T15:21:23.789+0100] {processor.py:186} INFO - Started process (PID=9227) to work on /usr/local/anaconda3/envs/airflow_env/lib/python3.8/site-packages/airflow/example_dags/example_nested_branch_dag.py
[2025-03-07T15:21:23.792+0100] {processor.py:914} INFO - Processing file /usr/local/anaconda3/envs/airflow_env/lib/python3.8/site-packages/airflow/example_dags/example_nested_branch_dag.py for tasks to queue
[2025-03-07T15:21:23.793+0100] {logging_mixin.py:190} INFO - [2025-03-07T15:21:23.793+0100] {dagbag.py:588} INFO - Filling up the DagBag from /usr/local/anaconda3/envs/airflow_env/lib/python3.8/site-packages/airflow/example_dags/example_nested_branch_dag.py
[2025-03-07T15:21:23.819+0100] {processor.py:925} INFO - DAG(s) 'example_nested_branch_dag' retrieved from /usr/local/anaconda3/envs/airflow_env/lib/python3.8/site-packages/airflow/example_dags/example_nested_branch_dag.py
[2025-03-07T15:21:23.888+0100] {logging_mixin.py:190} INFO - [2025-03-07T15:21:23.888+0100] {dag.py:3239} INFO - Sync 1 DAGs
[2025-03-07T15:21:23.901+0100] {logging_mixin.py:190} INFO - [2025-03-07T15:21:23.900+0100] {dag.py:4180} INFO - Setting next_dagrun for example_nested_branch_dag to 2025-03-06T00:00:00+00:00, run_after=2025-03-07T00:00:00+00:00
[2025-03-07T15:21:23.912+0100] {processor.py:208} INFO - Processing /usr/local/anaconda3/envs/airflow_env/lib/python3.8/site-packages/airflow/example_dags/example_nested_branch_dag.py took 0.126 seconds
[2025-03-07T15:23:40.587+0100] {processor.py:186} INFO - Started process (PID=9502) to work on /usr/local/anaconda3/envs/airflow_env/lib/python3.8/site-packages/airflow/example_dags/example_nested_branch_dag.py
[2025-03-07T15:23:40.590+0100] {processor.py:914} INFO - Processing file /usr/local/anaconda3/envs/airflow_env/lib/python3.8/site-packages/airflow/example_dags/example_nested_branch_dag.py for tasks to queue
[2025-03-07T15:23:40.591+0100] {logging_mixin.py:190} INFO - [2025-03-07T15:23:40.591+0100] {dagbag.py:588} INFO - Filling up the DagBag from /usr/local/anaconda3/envs/airflow_env/lib/python3.8/site-packages/airflow/example_dags/example_nested_branch_dag.py
[2025-03-07T15:23:40.618+0100] {processor.py:925} INFO - DAG(s) 'example_nested_branch_dag' retrieved from /usr/local/anaconda3/envs/airflow_env/lib/python3.8/site-packages/airflow/example_dags/example_nested_branch_dag.py
[2025-03-07T15:23:40.691+0100] {logging_mixin.py:190} INFO - [2025-03-07T15:23:40.691+0100] {dag.py:3239} INFO - Sync 1 DAGs
[2025-03-07T15:23:40.704+0100] {logging_mixin.py:190} INFO - [2025-03-07T15:23:40.704+0100] {dag.py:4180} INFO - Setting next_dagrun for example_nested_branch_dag to 2025-03-06T00:00:00+00:00, run_after=2025-03-07T00:00:00+00:00
[2025-03-07T15:23:40.717+0100] {processor.py:208} INFO - Processing /usr/local/anaconda3/envs/airflow_env/lib/python3.8/site-packages/airflow/example_dags/example_nested_branch_dag.py took 0.133 seconds
[2025-03-07T15:26:00.156+0100] {processor.py:186} INFO - Started process (PID=9833) to work on /usr/local/anaconda3/envs/airflow_env/lib/python3.8/site-packages/airflow/example_dags/example_nested_branch_dag.py
[2025-03-07T15:26:00.159+0100] {processor.py:914} INFO - Processing file /usr/local/anaconda3/envs/airflow_env/lib/python3.8/site-packages/airflow/example_dags/example_nested_branch_dag.py for tasks to queue
[2025-03-07T15:26:00.160+0100] {logging_mixin.py:190} INFO - [2025-03-07T15:26:00.159+0100] {dagbag.py:588} INFO - Filling up the DagBag from /usr/local/anaconda3/envs/airflow_env/lib/python3.8/site-packages/airflow/example_dags/example_nested_branch_dag.py
[2025-03-07T15:26:00.187+0100] {processor.py:925} INFO - DAG(s) 'example_nested_branch_dag' retrieved from /usr/local/anaconda3/envs/airflow_env/lib/python3.8/site-packages/airflow/example_dags/example_nested_branch_dag.py
[2025-03-07T15:26:00.258+0100] {logging_mixin.py:190} INFO - [2025-03-07T15:26:00.258+0100] {dag.py:3239} INFO - Sync 1 DAGs
[2025-03-07T15:26:00.271+0100] {logging_mixin.py:190} INFO - [2025-03-07T15:26:00.271+0100] {dag.py:4180} INFO - Setting next_dagrun for example_nested_branch_dag to 2025-03-06T00:00:00+00:00, run_after=2025-03-07T00:00:00+00:00
[2025-03-07T15:26:00.284+0100] {processor.py:208} INFO - Processing /usr/local/anaconda3/envs/airflow_env/lib/python3.8/site-packages/airflow/example_dags/example_nested_branch_dag.py took 0.131 seconds
[2025-03-07T15:28:21.729+0100] {processor.py:186} INFO - Started process (PID=10173) to work on /usr/local/anaconda3/envs/airflow_env/lib/python3.8/site-packages/airflow/example_dags/example_nested_branch_dag.py
[2025-03-07T15:28:21.733+0100] {processor.py:914} INFO - Processing file /usr/local/anaconda3/envs/airflow_env/lib/python3.8/site-packages/airflow/example_dags/example_nested_branch_dag.py for tasks to queue
[2025-03-07T15:28:21.734+0100] {logging_mixin.py:190} INFO - [2025-03-07T15:28:21.733+0100] {dagbag.py:588} INFO - Filling up the DagBag from /usr/local/anaconda3/envs/airflow_env/lib/python3.8/site-packages/airflow/example_dags/example_nested_branch_dag.py
[2025-03-07T15:28:21.763+0100] {processor.py:925} INFO - DAG(s) 'example_nested_branch_dag' retrieved from /usr/local/anaconda3/envs/airflow_env/lib/python3.8/site-packages/airflow/example_dags/example_nested_branch_dag.py
[2025-03-07T15:28:21.839+0100] {logging_mixin.py:190} INFO - [2025-03-07T15:28:21.838+0100] {dag.py:3239} INFO - Sync 1 DAGs
[2025-03-07T15:28:21.853+0100] {logging_mixin.py:190} INFO - [2025-03-07T15:28:21.853+0100] {dag.py:4180} INFO - Setting next_dagrun for example_nested_branch_dag to 2025-03-06T00:00:00+00:00, run_after=2025-03-07T00:00:00+00:00
[2025-03-07T15:28:21.865+0100] {processor.py:208} INFO - Processing /usr/local/anaconda3/envs/airflow_env/lib/python3.8/site-packages/airflow/example_dags/example_nested_branch_dag.py took 0.139 seconds
[2025-03-07T15:30:58.290+0100] {processor.py:186} INFO - Started process (PID=10408) to work on /usr/local/anaconda3/envs/airflow_env/lib/python3.8/site-packages/airflow/example_dags/example_nested_branch_dag.py
[2025-03-07T15:30:58.293+0100] {processor.py:914} INFO - Processing file /usr/local/anaconda3/envs/airflow_env/lib/python3.8/site-packages/airflow/example_dags/example_nested_branch_dag.py for tasks to queue
[2025-03-07T15:30:58.294+0100] {logging_mixin.py:190} INFO - [2025-03-07T15:30:58.294+0100] {dagbag.py:588} INFO - Filling up the DagBag from /usr/local/anaconda3/envs/airflow_env/lib/python3.8/site-packages/airflow/example_dags/example_nested_branch_dag.py
[2025-03-07T15:30:58.320+0100] {processor.py:925} INFO - DAG(s) 'example_nested_branch_dag' retrieved from /usr/local/anaconda3/envs/airflow_env/lib/python3.8/site-packages/airflow/example_dags/example_nested_branch_dag.py
[2025-03-07T15:30:58.392+0100] {logging_mixin.py:190} INFO - [2025-03-07T15:30:58.392+0100] {dag.py:3239} INFO - Sync 1 DAGs
[2025-03-07T15:30:58.405+0100] {logging_mixin.py:190} INFO - [2025-03-07T15:30:58.405+0100] {dag.py:4180} INFO - Setting next_dagrun for example_nested_branch_dag to 2025-03-06T00:00:00+00:00, run_after=2025-03-07T00:00:00+00:00
[2025-03-07T15:30:58.417+0100] {processor.py:208} INFO - Processing /usr/local/anaconda3/envs/airflow_env/lib/python3.8/site-packages/airflow/example_dags/example_nested_branch_dag.py took 0.129 seconds
[2025-03-07T15:33:45.064+0100] {processor.py:186} INFO - Started process (PID=10681) to work on /usr/local/anaconda3/envs/airflow_env/lib/python3.8/site-packages/airflow/example_dags/example_nested_branch_dag.py
[2025-03-07T15:33:45.067+0100] {processor.py:914} INFO - Processing file /usr/local/anaconda3/envs/airflow_env/lib/python3.8/site-packages/airflow/example_dags/example_nested_branch_dag.py for tasks to queue
[2025-03-07T15:33:45.068+0100] {logging_mixin.py:190} INFO - [2025-03-07T15:33:45.068+0100] {dagbag.py:588} INFO - Filling up the DagBag from /usr/local/anaconda3/envs/airflow_env/lib/python3.8/site-packages/airflow/example_dags/example_nested_branch_dag.py
[2025-03-07T15:33:45.094+0100] {processor.py:925} INFO - DAG(s) 'example_nested_branch_dag' retrieved from /usr/local/anaconda3/envs/airflow_env/lib/python3.8/site-packages/airflow/example_dags/example_nested_branch_dag.py
[2025-03-07T15:33:45.164+0100] {logging_mixin.py:190} INFO - [2025-03-07T15:33:45.164+0100] {dag.py:3239} INFO - Sync 1 DAGs
[2025-03-07T15:33:45.177+0100] {logging_mixin.py:190} INFO - [2025-03-07T15:33:45.177+0100] {dag.py:4180} INFO - Setting next_dagrun for example_nested_branch_dag to 2025-03-06T00:00:00+00:00, run_after=2025-03-07T00:00:00+00:00
[2025-03-07T15:33:45.189+0100] {processor.py:208} INFO - Processing /usr/local/anaconda3/envs/airflow_env/lib/python3.8/site-packages/airflow/example_dags/example_nested_branch_dag.py took 0.128 seconds
[2025-03-07T15:36:01.144+0100] {processor.py:186} INFO - Started process (PID=10962) to work on /usr/local/anaconda3/envs/airflow_env/lib/python3.8/site-packages/airflow/example_dags/example_nested_branch_dag.py
[2025-03-07T15:36:01.147+0100] {processor.py:914} INFO - Processing file /usr/local/anaconda3/envs/airflow_env/lib/python3.8/site-packages/airflow/example_dags/example_nested_branch_dag.py for tasks to queue
[2025-03-07T15:36:01.148+0100] {logging_mixin.py:190} INFO - [2025-03-07T15:36:01.148+0100] {dagbag.py:588} INFO - Filling up the DagBag from /usr/local/anaconda3/envs/airflow_env/lib/python3.8/site-packages/airflow/example_dags/example_nested_branch_dag.py
[2025-03-07T15:36:01.175+0100] {processor.py:925} INFO - DAG(s) 'example_nested_branch_dag' retrieved from /usr/local/anaconda3/envs/airflow_env/lib/python3.8/site-packages/airflow/example_dags/example_nested_branch_dag.py
[2025-03-07T15:36:01.248+0100] {logging_mixin.py:190} INFO - [2025-03-07T15:36:01.248+0100] {dag.py:3239} INFO - Sync 1 DAGs
[2025-03-07T15:36:01.262+0100] {logging_mixin.py:190} INFO - [2025-03-07T15:36:01.262+0100] {dag.py:4180} INFO - Setting next_dagrun for example_nested_branch_dag to 2025-03-06T00:00:00+00:00, run_after=2025-03-07T00:00:00+00:00
[2025-03-07T15:36:01.274+0100] {processor.py:208} INFO - Processing /usr/local/anaconda3/envs/airflow_env/lib/python3.8/site-packages/airflow/example_dags/example_nested_branch_dag.py took 0.133 seconds
[2025-03-07T15:38:15.801+0100] {processor.py:186} INFO - Started process (PID=11212) to work on /usr/local/anaconda3/envs/airflow_env/lib/python3.8/site-packages/airflow/example_dags/example_nested_branch_dag.py
[2025-03-07T15:38:15.804+0100] {processor.py:914} INFO - Processing file /usr/local/anaconda3/envs/airflow_env/lib/python3.8/site-packages/airflow/example_dags/example_nested_branch_dag.py for tasks to queue
[2025-03-07T15:38:15.805+0100] {logging_mixin.py:190} INFO - [2025-03-07T15:38:15.805+0100] {dagbag.py:588} INFO - Filling up the DagBag from /usr/local/anaconda3/envs/airflow_env/lib/python3.8/site-packages/airflow/example_dags/example_nested_branch_dag.py
[2025-03-07T15:38:15.834+0100] {processor.py:925} INFO - DAG(s) 'example_nested_branch_dag' retrieved from /usr/local/anaconda3/envs/airflow_env/lib/python3.8/site-packages/airflow/example_dags/example_nested_branch_dag.py
[2025-03-07T15:38:15.905+0100] {logging_mixin.py:190} INFO - [2025-03-07T15:38:15.905+0100] {dag.py:3239} INFO - Sync 1 DAGs
[2025-03-07T15:38:15.918+0100] {logging_mixin.py:190} INFO - [2025-03-07T15:38:15.918+0100] {dag.py:4180} INFO - Setting next_dagrun for example_nested_branch_dag to 2025-03-06T00:00:00+00:00, run_after=2025-03-07T00:00:00+00:00
[2025-03-07T15:38:15.930+0100] {processor.py:208} INFO - Processing /usr/local/anaconda3/envs/airflow_env/lib/python3.8/site-packages/airflow/example_dags/example_nested_branch_dag.py took 0.134 seconds
[2025-03-07T15:40:27.907+0100] {processor.py:186} INFO - Started process (PID=11434) to work on /usr/local/anaconda3/envs/airflow_env/lib/python3.8/site-packages/airflow/example_dags/example_nested_branch_dag.py
[2025-03-07T15:40:27.910+0100] {processor.py:914} INFO - Processing file /usr/local/anaconda3/envs/airflow_env/lib/python3.8/site-packages/airflow/example_dags/example_nested_branch_dag.py for tasks to queue
[2025-03-07T15:40:27.911+0100] {logging_mixin.py:190} INFO - [2025-03-07T15:40:27.911+0100] {dagbag.py:588} INFO - Filling up the DagBag from /usr/local/anaconda3/envs/airflow_env/lib/python3.8/site-packages/airflow/example_dags/example_nested_branch_dag.py
[2025-03-07T15:40:27.939+0100] {processor.py:925} INFO - DAG(s) 'example_nested_branch_dag' retrieved from /usr/local/anaconda3/envs/airflow_env/lib/python3.8/site-packages/airflow/example_dags/example_nested_branch_dag.py
[2025-03-07T15:40:28.011+0100] {logging_mixin.py:190} INFO - [2025-03-07T15:40:28.010+0100] {dag.py:3239} INFO - Sync 1 DAGs
[2025-03-07T15:40:28.023+0100] {logging_mixin.py:190} INFO - [2025-03-07T15:40:28.023+0100] {dag.py:4180} INFO - Setting next_dagrun for example_nested_branch_dag to 2025-03-06T00:00:00+00:00, run_after=2025-03-07T00:00:00+00:00
[2025-03-07T15:40:28.035+0100] {processor.py:208} INFO - Processing /usr/local/anaconda3/envs/airflow_env/lib/python3.8/site-packages/airflow/example_dags/example_nested_branch_dag.py took 0.131 seconds
[2025-03-07T15:44:43.533+0100] {processor.py:186} INFO - Started process (PID=11834) to work on /usr/local/anaconda3/envs/airflow_env/lib/python3.8/site-packages/airflow/example_dags/example_nested_branch_dag.py
[2025-03-07T15:44:43.537+0100] {processor.py:914} INFO - Processing file /usr/local/anaconda3/envs/airflow_env/lib/python3.8/site-packages/airflow/example_dags/example_nested_branch_dag.py for tasks to queue
[2025-03-07T15:44:43.537+0100] {logging_mixin.py:190} INFO - [2025-03-07T15:44:43.537+0100] {dagbag.py:588} INFO - Filling up the DagBag from /usr/local/anaconda3/envs/airflow_env/lib/python3.8/site-packages/airflow/example_dags/example_nested_branch_dag.py
[2025-03-07T15:44:43.563+0100] {processor.py:925} INFO - DAG(s) 'example_nested_branch_dag' retrieved from /usr/local/anaconda3/envs/airflow_env/lib/python3.8/site-packages/airflow/example_dags/example_nested_branch_dag.py
[2025-03-07T15:44:43.634+0100] {logging_mixin.py:190} INFO - [2025-03-07T15:44:43.633+0100] {dag.py:3239} INFO - Sync 1 DAGs
[2025-03-07T15:44:43.647+0100] {logging_mixin.py:190} INFO - [2025-03-07T15:44:43.647+0100] {dag.py:4180} INFO - Setting next_dagrun for example_nested_branch_dag to 2025-03-06T00:00:00+00:00, run_after=2025-03-07T00:00:00+00:00
[2025-03-07T15:44:43.662+0100] {processor.py:208} INFO - Processing /usr/local/anaconda3/envs/airflow_env/lib/python3.8/site-packages/airflow/example_dags/example_nested_branch_dag.py took 0.131 seconds
[2025-03-07T15:47:17.189+0100] {processor.py:186} INFO - Started process (PID=12071) to work on /usr/local/anaconda3/envs/airflow_env/lib/python3.8/site-packages/airflow/example_dags/example_nested_branch_dag.py
[2025-03-07T15:47:17.192+0100] {processor.py:914} INFO - Processing file /usr/local/anaconda3/envs/airflow_env/lib/python3.8/site-packages/airflow/example_dags/example_nested_branch_dag.py for tasks to queue
[2025-03-07T15:47:17.192+0100] {logging_mixin.py:190} INFO - [2025-03-07T15:47:17.192+0100] {dagbag.py:588} INFO - Filling up the DagBag from /usr/local/anaconda3/envs/airflow_env/lib/python3.8/site-packages/airflow/example_dags/example_nested_branch_dag.py
[2025-03-07T15:47:17.219+0100] {processor.py:925} INFO - DAG(s) 'example_nested_branch_dag' retrieved from /usr/local/anaconda3/envs/airflow_env/lib/python3.8/site-packages/airflow/example_dags/example_nested_branch_dag.py
[2025-03-07T15:47:17.289+0100] {logging_mixin.py:190} INFO - [2025-03-07T15:47:17.289+0100] {dag.py:3239} INFO - Sync 1 DAGs
[2025-03-07T15:47:17.302+0100] {logging_mixin.py:190} INFO - [2025-03-07T15:47:17.302+0100] {dag.py:4180} INFO - Setting next_dagrun for example_nested_branch_dag to 2025-03-06T00:00:00+00:00, run_after=2025-03-07T00:00:00+00:00
[2025-03-07T15:47:17.314+0100] {processor.py:208} INFO - Processing /usr/local/anaconda3/envs/airflow_env/lib/python3.8/site-packages/airflow/example_dags/example_nested_branch_dag.py took 0.128 seconds
[2025-03-07T15:49:30.955+0100] {processor.py:186} INFO - Started process (PID=12341) to work on /usr/local/anaconda3/envs/airflow_env/lib/python3.8/site-packages/airflow/example_dags/example_nested_branch_dag.py
[2025-03-07T15:49:30.958+0100] {processor.py:914} INFO - Processing file /usr/local/anaconda3/envs/airflow_env/lib/python3.8/site-packages/airflow/example_dags/example_nested_branch_dag.py for tasks to queue
[2025-03-07T15:49:30.959+0100] {logging_mixin.py:190} INFO - [2025-03-07T15:49:30.959+0100] {dagbag.py:588} INFO - Filling up the DagBag from /usr/local/anaconda3/envs/airflow_env/lib/python3.8/site-packages/airflow/example_dags/example_nested_branch_dag.py
[2025-03-07T15:49:30.986+0100] {processor.py:925} INFO - DAG(s) 'example_nested_branch_dag' retrieved from /usr/local/anaconda3/envs/airflow_env/lib/python3.8/site-packages/airflow/example_dags/example_nested_branch_dag.py
[2025-03-07T15:49:31.060+0100] {logging_mixin.py:190} INFO - [2025-03-07T15:49:31.060+0100] {dag.py:3239} INFO - Sync 1 DAGs
[2025-03-07T15:49:31.074+0100] {logging_mixin.py:190} INFO - [2025-03-07T15:49:31.074+0100] {dag.py:4180} INFO - Setting next_dagrun for example_nested_branch_dag to 2025-03-06T00:00:00+00:00, run_after=2025-03-07T00:00:00+00:00
[2025-03-07T15:49:31.087+0100] {processor.py:208} INFO - Processing /usr/local/anaconda3/envs/airflow_env/lib/python3.8/site-packages/airflow/example_dags/example_nested_branch_dag.py took 0.135 seconds
[2025-03-07T15:52:07.274+0100] {processor.py:186} INFO - Started process (PID=12624) to work on /usr/local/anaconda3/envs/airflow_env/lib/python3.8/site-packages/airflow/example_dags/example_nested_branch_dag.py
[2025-03-07T15:52:07.277+0100] {processor.py:914} INFO - Processing file /usr/local/anaconda3/envs/airflow_env/lib/python3.8/site-packages/airflow/example_dags/example_nested_branch_dag.py for tasks to queue
[2025-03-07T15:52:07.278+0100] {logging_mixin.py:190} INFO - [2025-03-07T15:52:07.278+0100] {dagbag.py:588} INFO - Filling up the DagBag from /usr/local/anaconda3/envs/airflow_env/lib/python3.8/site-packages/airflow/example_dags/example_nested_branch_dag.py
[2025-03-07T15:52:07.304+0100] {processor.py:925} INFO - DAG(s) 'example_nested_branch_dag' retrieved from /usr/local/anaconda3/envs/airflow_env/lib/python3.8/site-packages/airflow/example_dags/example_nested_branch_dag.py
[2025-03-07T15:52:07.374+0100] {logging_mixin.py:190} INFO - [2025-03-07T15:52:07.374+0100] {dag.py:3239} INFO - Sync 1 DAGs
[2025-03-07T15:52:07.387+0100] {logging_mixin.py:190} INFO - [2025-03-07T15:52:07.386+0100] {dag.py:4180} INFO - Setting next_dagrun for example_nested_branch_dag to 2025-03-06T00:00:00+00:00, run_after=2025-03-07T00:00:00+00:00
[2025-03-07T15:52:07.398+0100] {processor.py:208} INFO - Processing /usr/local/anaconda3/envs/airflow_env/lib/python3.8/site-packages/airflow/example_dags/example_nested_branch_dag.py took 0.127 seconds
[2025-03-07T15:54:18.262+0100] {processor.py:186} INFO - Started process (PID=12910) to work on /usr/local/anaconda3/envs/airflow_env/lib/python3.8/site-packages/airflow/example_dags/example_nested_branch_dag.py
[2025-03-07T15:54:18.265+0100] {processor.py:914} INFO - Processing file /usr/local/anaconda3/envs/airflow_env/lib/python3.8/site-packages/airflow/example_dags/example_nested_branch_dag.py for tasks to queue
[2025-03-07T15:54:18.266+0100] {logging_mixin.py:190} INFO - [2025-03-07T15:54:18.266+0100] {dagbag.py:588} INFO - Filling up the DagBag from /usr/local/anaconda3/envs/airflow_env/lib/python3.8/site-packages/airflow/example_dags/example_nested_branch_dag.py
[2025-03-07T15:54:18.294+0100] {processor.py:925} INFO - DAG(s) 'example_nested_branch_dag' retrieved from /usr/local/anaconda3/envs/airflow_env/lib/python3.8/site-packages/airflow/example_dags/example_nested_branch_dag.py
[2025-03-07T15:54:18.364+0100] {logging_mixin.py:190} INFO - [2025-03-07T15:54:18.364+0100] {dag.py:3239} INFO - Sync 1 DAGs
[2025-03-07T15:54:18.377+0100] {logging_mixin.py:190} INFO - [2025-03-07T15:54:18.377+0100] {dag.py:4180} INFO - Setting next_dagrun for example_nested_branch_dag to 2025-03-06T00:00:00+00:00, run_after=2025-03-07T00:00:00+00:00
[2025-03-07T15:54:18.389+0100] {processor.py:208} INFO - Processing /usr/local/anaconda3/envs/airflow_env/lib/python3.8/site-packages/airflow/example_dags/example_nested_branch_dag.py took 0.130 seconds
[2025-03-07T15:56:34.143+0100] {processor.py:186} INFO - Started process (PID=13098) to work on /usr/local/anaconda3/envs/airflow_env/lib/python3.8/site-packages/airflow/example_dags/example_nested_branch_dag.py
[2025-03-07T15:56:34.146+0100] {processor.py:914} INFO - Processing file /usr/local/anaconda3/envs/airflow_env/lib/python3.8/site-packages/airflow/example_dags/example_nested_branch_dag.py for tasks to queue
[2025-03-07T15:56:34.146+0100] {logging_mixin.py:190} INFO - [2025-03-07T15:56:34.146+0100] {dagbag.py:588} INFO - Filling up the DagBag from /usr/local/anaconda3/envs/airflow_env/lib/python3.8/site-packages/airflow/example_dags/example_nested_branch_dag.py
[2025-03-07T15:56:34.172+0100] {processor.py:925} INFO - DAG(s) 'example_nested_branch_dag' retrieved from /usr/local/anaconda3/envs/airflow_env/lib/python3.8/site-packages/airflow/example_dags/example_nested_branch_dag.py
[2025-03-07T15:56:34.243+0100] {logging_mixin.py:190} INFO - [2025-03-07T15:56:34.243+0100] {dag.py:3239} INFO - Sync 1 DAGs
[2025-03-07T15:56:34.256+0100] {logging_mixin.py:190} INFO - [2025-03-07T15:56:34.255+0100] {dag.py:4180} INFO - Setting next_dagrun for example_nested_branch_dag to 2025-03-06T00:00:00+00:00, run_after=2025-03-07T00:00:00+00:00
[2025-03-07T15:56:34.267+0100] {processor.py:208} INFO - Processing /usr/local/anaconda3/envs/airflow_env/lib/python3.8/site-packages/airflow/example_dags/example_nested_branch_dag.py took 0.127 seconds
[2025-03-07T15:58:50.860+0100] {processor.py:186} INFO - Started process (PID=13353) to work on /usr/local/anaconda3/envs/airflow_env/lib/python3.8/site-packages/airflow/example_dags/example_nested_branch_dag.py
[2025-03-07T15:58:50.863+0100] {processor.py:914} INFO - Processing file /usr/local/anaconda3/envs/airflow_env/lib/python3.8/site-packages/airflow/example_dags/example_nested_branch_dag.py for tasks to queue
[2025-03-07T15:58:50.864+0100] {logging_mixin.py:190} INFO - [2025-03-07T15:58:50.864+0100] {dagbag.py:588} INFO - Filling up the DagBag from /usr/local/anaconda3/envs/airflow_env/lib/python3.8/site-packages/airflow/example_dags/example_nested_branch_dag.py
[2025-03-07T15:58:50.893+0100] {processor.py:925} INFO - DAG(s) 'example_nested_branch_dag' retrieved from /usr/local/anaconda3/envs/airflow_env/lib/python3.8/site-packages/airflow/example_dags/example_nested_branch_dag.py
[2025-03-07T15:58:50.968+0100] {logging_mixin.py:190} INFO - [2025-03-07T15:58:50.968+0100] {dag.py:3239} INFO - Sync 1 DAGs
[2025-03-07T15:58:50.982+0100] {logging_mixin.py:190} INFO - [2025-03-07T15:58:50.982+0100] {dag.py:4180} INFO - Setting next_dagrun for example_nested_branch_dag to 2025-03-06T00:00:00+00:00, run_after=2025-03-07T00:00:00+00:00
[2025-03-07T15:58:50.994+0100] {processor.py:208} INFO - Processing /usr/local/anaconda3/envs/airflow_env/lib/python3.8/site-packages/airflow/example_dags/example_nested_branch_dag.py took 0.137 seconds
[2025-03-07T16:01:54.351+0100] {processor.py:186} INFO - Started process (PID=13663) to work on /usr/local/anaconda3/envs/airflow_env/lib/python3.8/site-packages/airflow/example_dags/example_nested_branch_dag.py
[2025-03-07T16:01:54.354+0100] {processor.py:914} INFO - Processing file /usr/local/anaconda3/envs/airflow_env/lib/python3.8/site-packages/airflow/example_dags/example_nested_branch_dag.py for tasks to queue
[2025-03-07T16:01:54.355+0100] {logging_mixin.py:190} INFO - [2025-03-07T16:01:54.355+0100] {dagbag.py:588} INFO - Filling up the DagBag from /usr/local/anaconda3/envs/airflow_env/lib/python3.8/site-packages/airflow/example_dags/example_nested_branch_dag.py
[2025-03-07T16:01:54.381+0100] {processor.py:925} INFO - DAG(s) 'example_nested_branch_dag' retrieved from /usr/local/anaconda3/envs/airflow_env/lib/python3.8/site-packages/airflow/example_dags/example_nested_branch_dag.py
[2025-03-07T16:01:54.449+0100] {logging_mixin.py:190} INFO - [2025-03-07T16:01:54.449+0100] {dag.py:3239} INFO - Sync 1 DAGs
[2025-03-07T16:01:54.462+0100] {logging_mixin.py:190} INFO - [2025-03-07T16:01:54.462+0100] {dag.py:4180} INFO - Setting next_dagrun for example_nested_branch_dag to 2025-03-06T00:00:00+00:00, run_after=2025-03-07T00:00:00+00:00
[2025-03-07T16:01:54.474+0100] {processor.py:208} INFO - Processing /usr/local/anaconda3/envs/airflow_env/lib/python3.8/site-packages/airflow/example_dags/example_nested_branch_dag.py took 0.126 seconds
[2025-03-07T16:05:39.712+0100] {processor.py:186} INFO - Started process (PID=13973) to work on /usr/local/anaconda3/envs/airflow_env/lib/python3.8/site-packages/airflow/example_dags/example_nested_branch_dag.py
[2025-03-07T16:05:39.715+0100] {processor.py:914} INFO - Processing file /usr/local/anaconda3/envs/airflow_env/lib/python3.8/site-packages/airflow/example_dags/example_nested_branch_dag.py for tasks to queue
[2025-03-07T16:05:39.716+0100] {logging_mixin.py:190} INFO - [2025-03-07T16:05:39.716+0100] {dagbag.py:588} INFO - Filling up the DagBag from /usr/local/anaconda3/envs/airflow_env/lib/python3.8/site-packages/airflow/example_dags/example_nested_branch_dag.py
[2025-03-07T16:05:39.742+0100] {processor.py:925} INFO - DAG(s) 'example_nested_branch_dag' retrieved from /usr/local/anaconda3/envs/airflow_env/lib/python3.8/site-packages/airflow/example_dags/example_nested_branch_dag.py
[2025-03-07T16:05:39.811+0100] {logging_mixin.py:190} INFO - [2025-03-07T16:05:39.811+0100] {dag.py:3239} INFO - Sync 1 DAGs
[2025-03-07T16:05:39.824+0100] {logging_mixin.py:190} INFO - [2025-03-07T16:05:39.824+0100] {dag.py:4180} INFO - Setting next_dagrun for example_nested_branch_dag to 2025-03-06T00:00:00+00:00, run_after=2025-03-07T00:00:00+00:00
[2025-03-07T16:05:39.835+0100] {processor.py:208} INFO - Processing /usr/local/anaconda3/envs/airflow_env/lib/python3.8/site-packages/airflow/example_dags/example_nested_branch_dag.py took 0.126 seconds
[2025-03-07T16:08:43.527+0100] {processor.py:186} INFO - Started process (PID=14271) to work on /usr/local/anaconda3/envs/airflow_env/lib/python3.8/site-packages/airflow/example_dags/example_nested_branch_dag.py
[2025-03-07T16:08:43.530+0100] {processor.py:914} INFO - Processing file /usr/local/anaconda3/envs/airflow_env/lib/python3.8/site-packages/airflow/example_dags/example_nested_branch_dag.py for tasks to queue
[2025-03-07T16:08:43.531+0100] {logging_mixin.py:190} INFO - [2025-03-07T16:08:43.531+0100] {dagbag.py:588} INFO - Filling up the DagBag from /usr/local/anaconda3/envs/airflow_env/lib/python3.8/site-packages/airflow/example_dags/example_nested_branch_dag.py
[2025-03-07T16:08:43.556+0100] {processor.py:925} INFO - DAG(s) 'example_nested_branch_dag' retrieved from /usr/local/anaconda3/envs/airflow_env/lib/python3.8/site-packages/airflow/example_dags/example_nested_branch_dag.py
[2025-03-07T16:08:43.628+0100] {logging_mixin.py:190} INFO - [2025-03-07T16:08:43.628+0100] {dag.py:3239} INFO - Sync 1 DAGs
[2025-03-07T16:08:43.641+0100] {logging_mixin.py:190} INFO - [2025-03-07T16:08:43.641+0100] {dag.py:4180} INFO - Setting next_dagrun for example_nested_branch_dag to 2025-03-06T00:00:00+00:00, run_after=2025-03-07T00:00:00+00:00
[2025-03-07T16:08:43.652+0100] {processor.py:208} INFO - Processing /usr/local/anaconda3/envs/airflow_env/lib/python3.8/site-packages/airflow/example_dags/example_nested_branch_dag.py took 0.128 seconds
[2025-03-07T16:11:48.785+0100] {processor.py:186} INFO - Started process (PID=14537) to work on /usr/local/anaconda3/envs/airflow_env/lib/python3.8/site-packages/airflow/example_dags/example_nested_branch_dag.py
[2025-03-07T16:11:48.788+0100] {processor.py:914} INFO - Processing file /usr/local/anaconda3/envs/airflow_env/lib/python3.8/site-packages/airflow/example_dags/example_nested_branch_dag.py for tasks to queue
[2025-03-07T16:11:48.789+0100] {logging_mixin.py:190} INFO - [2025-03-07T16:11:48.789+0100] {dagbag.py:588} INFO - Filling up the DagBag from /usr/local/anaconda3/envs/airflow_env/lib/python3.8/site-packages/airflow/example_dags/example_nested_branch_dag.py
[2025-03-07T16:11:48.817+0100] {processor.py:925} INFO - DAG(s) 'example_nested_branch_dag' retrieved from /usr/local/anaconda3/envs/airflow_env/lib/python3.8/site-packages/airflow/example_dags/example_nested_branch_dag.py
[2025-03-07T16:11:48.894+0100] {logging_mixin.py:190} INFO - [2025-03-07T16:11:48.894+0100] {dag.py:3239} INFO - Sync 1 DAGs
[2025-03-07T16:11:48.907+0100] {logging_mixin.py:190} INFO - [2025-03-07T16:11:48.907+0100] {dag.py:4180} INFO - Setting next_dagrun for example_nested_branch_dag to 2025-03-06T00:00:00+00:00, run_after=2025-03-07T00:00:00+00:00
[2025-03-07T16:11:48.920+0100] {processor.py:208} INFO - Processing /usr/local/anaconda3/envs/airflow_env/lib/python3.8/site-packages/airflow/example_dags/example_nested_branch_dag.py took 0.138 seconds
[2025-03-07T16:14:04.464+0100] {processor.py:186} INFO - Started process (PID=14845) to work on /usr/local/anaconda3/envs/airflow_env/lib/python3.8/site-packages/airflow/example_dags/example_nested_branch_dag.py
[2025-03-07T16:14:04.468+0100] {processor.py:914} INFO - Processing file /usr/local/anaconda3/envs/airflow_env/lib/python3.8/site-packages/airflow/example_dags/example_nested_branch_dag.py for tasks to queue
[2025-03-07T16:14:04.469+0100] {logging_mixin.py:190} INFO - [2025-03-07T16:14:04.469+0100] {dagbag.py:588} INFO - Filling up the DagBag from /usr/local/anaconda3/envs/airflow_env/lib/python3.8/site-packages/airflow/example_dags/example_nested_branch_dag.py
[2025-03-07T16:14:04.503+0100] {processor.py:925} INFO - DAG(s) 'example_nested_branch_dag' retrieved from /usr/local/anaconda3/envs/airflow_env/lib/python3.8/site-packages/airflow/example_dags/example_nested_branch_dag.py
[2025-03-07T16:14:04.587+0100] {logging_mixin.py:190} INFO - [2025-03-07T16:14:04.586+0100] {dag.py:3239} INFO - Sync 1 DAGs
[2025-03-07T16:14:04.602+0100] {logging_mixin.py:190} INFO - [2025-03-07T16:14:04.602+0100] {dag.py:4180} INFO - Setting next_dagrun for example_nested_branch_dag to 2025-03-06T00:00:00+00:00, run_after=2025-03-07T00:00:00+00:00
[2025-03-07T16:14:04.616+0100] {processor.py:208} INFO - Processing /usr/local/anaconda3/envs/airflow_env/lib/python3.8/site-packages/airflow/example_dags/example_nested_branch_dag.py took 0.156 seconds
[2025-03-07T16:18:31.956+0100] {processor.py:186} INFO - Started process (PID=15332) to work on /usr/local/anaconda3/envs/airflow_env/lib/python3.8/site-packages/airflow/example_dags/example_nested_branch_dag.py
[2025-03-07T16:18:31.959+0100] {processor.py:914} INFO - Processing file /usr/local/anaconda3/envs/airflow_env/lib/python3.8/site-packages/airflow/example_dags/example_nested_branch_dag.py for tasks to queue
[2025-03-07T16:18:31.960+0100] {logging_mixin.py:190} INFO - [2025-03-07T16:18:31.960+0100] {dagbag.py:588} INFO - Filling up the DagBag from /usr/local/anaconda3/envs/airflow_env/lib/python3.8/site-packages/airflow/example_dags/example_nested_branch_dag.py
[2025-03-07T16:18:31.986+0100] {processor.py:925} INFO - DAG(s) 'example_nested_branch_dag' retrieved from /usr/local/anaconda3/envs/airflow_env/lib/python3.8/site-packages/airflow/example_dags/example_nested_branch_dag.py
[2025-03-07T16:18:32.056+0100] {logging_mixin.py:190} INFO - [2025-03-07T16:18:32.056+0100] {dag.py:3239} INFO - Sync 1 DAGs
[2025-03-07T16:18:32.069+0100] {logging_mixin.py:190} INFO - [2025-03-07T16:18:32.069+0100] {dag.py:4180} INFO - Setting next_dagrun for example_nested_branch_dag to 2025-03-06T00:00:00+00:00, run_after=2025-03-07T00:00:00+00:00
[2025-03-07T16:18:32.080+0100] {processor.py:208} INFO - Processing /usr/local/anaconda3/envs/airflow_env/lib/python3.8/site-packages/airflow/example_dags/example_nested_branch_dag.py took 0.127 seconds
[2025-03-07T16:20:49.697+0100] {processor.py:186} INFO - Started process (PID=15599) to work on /usr/local/anaconda3/envs/airflow_env/lib/python3.8/site-packages/airflow/example_dags/example_nested_branch_dag.py
[2025-03-07T16:20:49.700+0100] {processor.py:914} INFO - Processing file /usr/local/anaconda3/envs/airflow_env/lib/python3.8/site-packages/airflow/example_dags/example_nested_branch_dag.py for tasks to queue
[2025-03-07T16:20:49.701+0100] {logging_mixin.py:190} INFO - [2025-03-07T16:20:49.701+0100] {dagbag.py:588} INFO - Filling up the DagBag from /usr/local/anaconda3/envs/airflow_env/lib/python3.8/site-packages/airflow/example_dags/example_nested_branch_dag.py
[2025-03-07T16:20:49.727+0100] {processor.py:925} INFO - DAG(s) 'example_nested_branch_dag' retrieved from /usr/local/anaconda3/envs/airflow_env/lib/python3.8/site-packages/airflow/example_dags/example_nested_branch_dag.py
[2025-03-07T16:20:49.799+0100] {logging_mixin.py:190} INFO - [2025-03-07T16:20:49.799+0100] {dag.py:3239} INFO - Sync 1 DAGs
[2025-03-07T16:20:49.812+0100] {logging_mixin.py:190} INFO - [2025-03-07T16:20:49.811+0100] {dag.py:4180} INFO - Setting next_dagrun for example_nested_branch_dag to 2025-03-06T00:00:00+00:00, run_after=2025-03-07T00:00:00+00:00
[2025-03-07T16:20:49.823+0100] {processor.py:208} INFO - Processing /usr/local/anaconda3/envs/airflow_env/lib/python3.8/site-packages/airflow/example_dags/example_nested_branch_dag.py took 0.129 seconds
[2025-03-07T16:30:56.000+0100] {processor.py:186} INFO - Started process (PID=16358) to work on /usr/local/anaconda3/envs/airflow_env/lib/python3.8/site-packages/airflow/example_dags/example_nested_branch_dag.py
[2025-03-07T16:30:56.003+0100] {processor.py:914} INFO - Processing file /usr/local/anaconda3/envs/airflow_env/lib/python3.8/site-packages/airflow/example_dags/example_nested_branch_dag.py for tasks to queue
[2025-03-07T16:30:56.004+0100] {logging_mixin.py:190} INFO - [2025-03-07T16:30:56.004+0100] {dagbag.py:588} INFO - Filling up the DagBag from /usr/local/anaconda3/envs/airflow_env/lib/python3.8/site-packages/airflow/example_dags/example_nested_branch_dag.py
[2025-03-07T16:30:56.032+0100] {processor.py:925} INFO - DAG(s) 'example_nested_branch_dag' retrieved from /usr/local/anaconda3/envs/airflow_env/lib/python3.8/site-packages/airflow/example_dags/example_nested_branch_dag.py
[2025-03-07T16:30:56.104+0100] {logging_mixin.py:190} INFO - [2025-03-07T16:30:56.103+0100] {dag.py:3239} INFO - Sync 1 DAGs
[2025-03-07T16:30:56.117+0100] {logging_mixin.py:190} INFO - [2025-03-07T16:30:56.116+0100] {dag.py:4180} INFO - Setting next_dagrun for example_nested_branch_dag to 2025-03-06T00:00:00+00:00, run_after=2025-03-07T00:00:00+00:00
[2025-03-07T16:30:56.129+0100] {processor.py:208} INFO - Processing /usr/local/anaconda3/envs/airflow_env/lib/python3.8/site-packages/airflow/example_dags/example_nested_branch_dag.py took 0.132 seconds
