[2025-03-07T14:11:38.410+0100] {processor.py:186} INFO - Started process (PID=2750) to work on /usr/local/anaconda3/envs/airflow_env/lib/python3.8/site-packages/airflow/example_dags/example_setup_teardown_taskflow.py
[2025-03-07T14:11:38.413+0100] {processor.py:914} INFO - Processing file /usr/local/anaconda3/envs/airflow_env/lib/python3.8/site-packages/airflow/example_dags/example_setup_teardown_taskflow.py for tasks to queue
[2025-03-07T14:11:38.414+0100] {logging_mixin.py:190} INFO - [2025-03-07T14:11:38.414+0100] {dagbag.py:588} INFO - Filling up the DagBag from /usr/local/anaconda3/envs/airflow_env/lib/python3.8/site-packages/airflow/example_dags/example_setup_teardown_taskflow.py
[2025-03-07T14:11:38.445+0100] {processor.py:925} INFO - DAG(s) 'example_setup_teardown_taskflow' retrieved from /usr/local/anaconda3/envs/airflow_env/lib/python3.8/site-packages/airflow/example_dags/example_setup_teardown_taskflow.py
[2025-03-07T14:11:38.580+0100] {logging_mixin.py:190} INFO - [2025-03-07T14:11:38.579+0100] {override.py:1901} INFO - Created Permission View: can read on DAG:example_setup_teardown_taskflow
[2025-03-07T14:11:38.586+0100] {logging_mixin.py:190} INFO - [2025-03-07T14:11:38.586+0100] {override.py:1901} INFO - Created Permission View: can delete on DAG:example_setup_teardown_taskflow
[2025-03-07T14:11:38.591+0100] {logging_mixin.py:190} INFO - [2025-03-07T14:11:38.590+0100] {override.py:1901} INFO - Created Permission View: can edit on DAG:example_setup_teardown_taskflow
[2025-03-07T14:11:38.596+0100] {logging_mixin.py:190} INFO - [2025-03-07T14:11:38.595+0100] {override.py:1901} INFO - Created Permission View: can read on DAG Run:example_setup_teardown_taskflow
[2025-03-07T14:11:38.600+0100] {logging_mixin.py:190} INFO - [2025-03-07T14:11:38.600+0100] {override.py:1901} INFO - Created Permission View: can create on DAG Run:example_setup_teardown_taskflow
[2025-03-07T14:11:38.604+0100] {logging_mixin.py:190} INFO - [2025-03-07T14:11:38.604+0100] {override.py:1901} INFO - Created Permission View: can delete on DAG Run:example_setup_teardown_taskflow
[2025-03-07T14:11:38.608+0100] {logging_mixin.py:190} INFO - [2025-03-07T14:11:38.608+0100] {override.py:1901} INFO - Created Permission View: menu access on DAG Run:example_setup_teardown_taskflow
[2025-03-07T14:11:38.609+0100] {logging_mixin.py:190} INFO - [2025-03-07T14:11:38.608+0100] {dag.py:3239} INFO - Sync 1 DAGs
[2025-03-07T14:11:38.618+0100] {logging_mixin.py:190} INFO - [2025-03-07T14:11:38.618+0100] {dag.py:3262} INFO - Creating ORM DAG for example_setup_teardown_taskflow
[2025-03-07T14:11:38.618+0100] {logging_mixin.py:190} INFO - [2025-03-07T14:11:38.618+0100] {dag.py:4180} INFO - Setting next_dagrun for example_setup_teardown_taskflow to None, run_after=None
[2025-03-07T14:11:38.631+0100] {processor.py:208} INFO - Processing /usr/local/anaconda3/envs/airflow_env/lib/python3.8/site-packages/airflow/example_dags/example_setup_teardown_taskflow.py took 0.224 seconds
[2025-03-07T14:15:03.351+0100] {processor.py:186} INFO - Started process (PID=3089) to work on /usr/local/anaconda3/envs/airflow_env/lib/python3.8/site-packages/airflow/example_dags/example_setup_teardown_taskflow.py
[2025-03-07T14:15:03.354+0100] {processor.py:914} INFO - Processing file /usr/local/anaconda3/envs/airflow_env/lib/python3.8/site-packages/airflow/example_dags/example_setup_teardown_taskflow.py for tasks to queue
[2025-03-07T14:15:03.355+0100] {logging_mixin.py:190} INFO - [2025-03-07T14:15:03.355+0100] {dagbag.py:588} INFO - Filling up the DagBag from /usr/local/anaconda3/envs/airflow_env/lib/python3.8/site-packages/airflow/example_dags/example_setup_teardown_taskflow.py
[2025-03-07T14:15:03.382+0100] {processor.py:925} INFO - DAG(s) 'example_setup_teardown_taskflow' retrieved from /usr/local/anaconda3/envs/airflow_env/lib/python3.8/site-packages/airflow/example_dags/example_setup_teardown_taskflow.py
[2025-03-07T14:15:03.456+0100] {logging_mixin.py:190} INFO - [2025-03-07T14:15:03.456+0100] {dag.py:3239} INFO - Sync 1 DAGs
[2025-03-07T14:15:03.464+0100] {logging_mixin.py:190} INFO - [2025-03-07T14:15:03.464+0100] {dag.py:4180} INFO - Setting next_dagrun for example_setup_teardown_taskflow to None, run_after=None
[2025-03-07T14:15:03.476+0100] {processor.py:208} INFO - Processing /usr/local/anaconda3/envs/airflow_env/lib/python3.8/site-packages/airflow/example_dags/example_setup_teardown_taskflow.py took 0.128 seconds
[2025-03-07T14:17:15.481+0100] {processor.py:186} INFO - Started process (PID=3355) to work on /usr/local/anaconda3/envs/airflow_env/lib/python3.8/site-packages/airflow/example_dags/example_setup_teardown_taskflow.py
[2025-03-07T14:17:15.484+0100] {processor.py:914} INFO - Processing file /usr/local/anaconda3/envs/airflow_env/lib/python3.8/site-packages/airflow/example_dags/example_setup_teardown_taskflow.py for tasks to queue
[2025-03-07T14:17:15.485+0100] {logging_mixin.py:190} INFO - [2025-03-07T14:17:15.485+0100] {dagbag.py:588} INFO - Filling up the DagBag from /usr/local/anaconda3/envs/airflow_env/lib/python3.8/site-packages/airflow/example_dags/example_setup_teardown_taskflow.py
[2025-03-07T14:17:15.510+0100] {processor.py:925} INFO - DAG(s) 'example_setup_teardown_taskflow' retrieved from /usr/local/anaconda3/envs/airflow_env/lib/python3.8/site-packages/airflow/example_dags/example_setup_teardown_taskflow.py
[2025-03-07T14:17:15.578+0100] {logging_mixin.py:190} INFO - [2025-03-07T14:17:15.578+0100] {dag.py:3239} INFO - Sync 1 DAGs
[2025-03-07T14:17:15.585+0100] {logging_mixin.py:190} INFO - [2025-03-07T14:17:15.585+0100] {dag.py:4180} INFO - Setting next_dagrun for example_setup_teardown_taskflow to None, run_after=None
[2025-03-07T14:17:15.597+0100] {processor.py:208} INFO - Processing /usr/local/anaconda3/envs/airflow_env/lib/python3.8/site-packages/airflow/example_dags/example_setup_teardown_taskflow.py took 0.119 seconds
[2025-03-07T14:19:31.111+0100] {processor.py:186} INFO - Started process (PID=3590) to work on /usr/local/anaconda3/envs/airflow_env/lib/python3.8/site-packages/airflow/example_dags/example_setup_teardown_taskflow.py
[2025-03-07T14:19:31.115+0100] {processor.py:914} INFO - Processing file /usr/local/anaconda3/envs/airflow_env/lib/python3.8/site-packages/airflow/example_dags/example_setup_teardown_taskflow.py for tasks to queue
[2025-03-07T14:19:31.115+0100] {logging_mixin.py:190} INFO - [2025-03-07T14:19:31.115+0100] {dagbag.py:588} INFO - Filling up the DagBag from /usr/local/anaconda3/envs/airflow_env/lib/python3.8/site-packages/airflow/example_dags/example_setup_teardown_taskflow.py
[2025-03-07T14:19:31.141+0100] {processor.py:925} INFO - DAG(s) 'example_setup_teardown_taskflow' retrieved from /usr/local/anaconda3/envs/airflow_env/lib/python3.8/site-packages/airflow/example_dags/example_setup_teardown_taskflow.py
[2025-03-07T14:19:31.211+0100] {logging_mixin.py:190} INFO - [2025-03-07T14:19:31.211+0100] {dag.py:3239} INFO - Sync 1 DAGs
[2025-03-07T14:19:31.218+0100] {logging_mixin.py:190} INFO - [2025-03-07T14:19:31.218+0100] {dag.py:4180} INFO - Setting next_dagrun for example_setup_teardown_taskflow to None, run_after=None
[2025-03-07T14:19:31.231+0100] {processor.py:208} INFO - Processing /usr/local/anaconda3/envs/airflow_env/lib/python3.8/site-packages/airflow/example_dags/example_setup_teardown_taskflow.py took 0.122 seconds
[2025-03-07T14:21:48.639+0100] {processor.py:186} INFO - Started process (PID=3858) to work on /usr/local/anaconda3/envs/airflow_env/lib/python3.8/site-packages/airflow/example_dags/example_setup_teardown_taskflow.py
[2025-03-07T14:21:48.642+0100] {processor.py:914} INFO - Processing file /usr/local/anaconda3/envs/airflow_env/lib/python3.8/site-packages/airflow/example_dags/example_setup_teardown_taskflow.py for tasks to queue
[2025-03-07T14:21:48.642+0100] {logging_mixin.py:190} INFO - [2025-03-07T14:21:48.642+0100] {dagbag.py:588} INFO - Filling up the DagBag from /usr/local/anaconda3/envs/airflow_env/lib/python3.8/site-packages/airflow/example_dags/example_setup_teardown_taskflow.py
[2025-03-07T14:21:48.667+0100] {processor.py:925} INFO - DAG(s) 'example_setup_teardown_taskflow' retrieved from /usr/local/anaconda3/envs/airflow_env/lib/python3.8/site-packages/airflow/example_dags/example_setup_teardown_taskflow.py
[2025-03-07T14:21:48.737+0100] {logging_mixin.py:190} INFO - [2025-03-07T14:21:48.737+0100] {dag.py:3239} INFO - Sync 1 DAGs
[2025-03-07T14:21:48.744+0100] {logging_mixin.py:190} INFO - [2025-03-07T14:21:48.744+0100] {dag.py:4180} INFO - Setting next_dagrun for example_setup_teardown_taskflow to None, run_after=None
[2025-03-07T14:21:48.757+0100] {processor.py:208} INFO - Processing /usr/local/anaconda3/envs/airflow_env/lib/python3.8/site-packages/airflow/example_dags/example_setup_teardown_taskflow.py took 0.121 seconds
[2025-03-07T14:24:12.335+0100] {processor.py:186} INFO - Started process (PID=4107) to work on /usr/local/anaconda3/envs/airflow_env/lib/python3.8/site-packages/airflow/example_dags/example_setup_teardown_taskflow.py
[2025-03-07T14:24:12.338+0100] {processor.py:914} INFO - Processing file /usr/local/anaconda3/envs/airflow_env/lib/python3.8/site-packages/airflow/example_dags/example_setup_teardown_taskflow.py for tasks to queue
[2025-03-07T14:24:12.339+0100] {logging_mixin.py:190} INFO - [2025-03-07T14:24:12.339+0100] {dagbag.py:588} INFO - Filling up the DagBag from /usr/local/anaconda3/envs/airflow_env/lib/python3.8/site-packages/airflow/example_dags/example_setup_teardown_taskflow.py
[2025-03-07T14:24:12.365+0100] {processor.py:925} INFO - DAG(s) 'example_setup_teardown_taskflow' retrieved from /usr/local/anaconda3/envs/airflow_env/lib/python3.8/site-packages/airflow/example_dags/example_setup_teardown_taskflow.py
[2025-03-07T14:24:12.434+0100] {logging_mixin.py:190} INFO - [2025-03-07T14:24:12.433+0100] {dag.py:3239} INFO - Sync 1 DAGs
[2025-03-07T14:24:12.441+0100] {logging_mixin.py:190} INFO - [2025-03-07T14:24:12.441+0100] {dag.py:4180} INFO - Setting next_dagrun for example_setup_teardown_taskflow to None, run_after=None
[2025-03-07T14:24:12.453+0100] {processor.py:208} INFO - Processing /usr/local/anaconda3/envs/airflow_env/lib/python3.8/site-packages/airflow/example_dags/example_setup_teardown_taskflow.py took 0.121 seconds
[2025-03-07T14:44:32.433+0100] {processor.py:186} INFO - Started process (PID=4953) to work on /usr/local/anaconda3/envs/airflow_env/lib/python3.8/site-packages/airflow/example_dags/example_setup_teardown_taskflow.py
[2025-03-07T14:44:32.436+0100] {processor.py:914} INFO - Processing file /usr/local/anaconda3/envs/airflow_env/lib/python3.8/site-packages/airflow/example_dags/example_setup_teardown_taskflow.py for tasks to queue
[2025-03-07T14:44:32.437+0100] {logging_mixin.py:190} INFO - [2025-03-07T14:44:32.436+0100] {dagbag.py:588} INFO - Filling up the DagBag from /usr/local/anaconda3/envs/airflow_env/lib/python3.8/site-packages/airflow/example_dags/example_setup_teardown_taskflow.py
[2025-03-07T14:44:32.462+0100] {processor.py:925} INFO - DAG(s) 'example_setup_teardown_taskflow' retrieved from /usr/local/anaconda3/envs/airflow_env/lib/python3.8/site-packages/airflow/example_dags/example_setup_teardown_taskflow.py
[2025-03-07T14:44:32.535+0100] {logging_mixin.py:190} INFO - [2025-03-07T14:44:32.534+0100] {dag.py:3239} INFO - Sync 1 DAGs
[2025-03-07T14:44:32.543+0100] {logging_mixin.py:190} INFO - [2025-03-07T14:44:32.543+0100] {dag.py:4180} INFO - Setting next_dagrun for example_setup_teardown_taskflow to None, run_after=None
[2025-03-07T14:44:32.556+0100] {processor.py:208} INFO - Processing /usr/local/anaconda3/envs/airflow_env/lib/python3.8/site-packages/airflow/example_dags/example_setup_teardown_taskflow.py took 0.126 seconds
[2025-03-07T14:47:23.641+0100] {processor.py:186} INFO - Started process (PID=5204) to work on /usr/local/anaconda3/envs/airflow_env/lib/python3.8/site-packages/airflow/example_dags/example_setup_teardown_taskflow.py
[2025-03-07T14:47:23.644+0100] {processor.py:914} INFO - Processing file /usr/local/anaconda3/envs/airflow_env/lib/python3.8/site-packages/airflow/example_dags/example_setup_teardown_taskflow.py for tasks to queue
[2025-03-07T14:47:23.645+0100] {logging_mixin.py:190} INFO - [2025-03-07T14:47:23.645+0100] {dagbag.py:588} INFO - Filling up the DagBag from /usr/local/anaconda3/envs/airflow_env/lib/python3.8/site-packages/airflow/example_dags/example_setup_teardown_taskflow.py
[2025-03-07T14:47:23.673+0100] {processor.py:925} INFO - DAG(s) 'example_setup_teardown_taskflow' retrieved from /usr/local/anaconda3/envs/airflow_env/lib/python3.8/site-packages/airflow/example_dags/example_setup_teardown_taskflow.py
[2025-03-07T14:47:23.749+0100] {logging_mixin.py:190} INFO - [2025-03-07T14:47:23.749+0100] {dag.py:3239} INFO - Sync 1 DAGs
[2025-03-07T14:47:23.758+0100] {logging_mixin.py:190} INFO - [2025-03-07T14:47:23.758+0100] {dag.py:4180} INFO - Setting next_dagrun for example_setup_teardown_taskflow to None, run_after=None
[2025-03-07T14:47:23.772+0100] {processor.py:208} INFO - Processing /usr/local/anaconda3/envs/airflow_env/lib/python3.8/site-packages/airflow/example_dags/example_setup_teardown_taskflow.py took 0.135 seconds
[2025-03-07T14:50:26.721+0100] {processor.py:186} INFO - Started process (PID=5609) to work on /usr/local/anaconda3/envs/airflow_env/lib/python3.8/site-packages/airflow/example_dags/example_setup_teardown_taskflow.py
[2025-03-07T14:50:26.731+0100] {processor.py:914} INFO - Processing file /usr/local/anaconda3/envs/airflow_env/lib/python3.8/site-packages/airflow/example_dags/example_setup_teardown_taskflow.py for tasks to queue
[2025-03-07T14:50:26.733+0100] {logging_mixin.py:190} INFO - [2025-03-07T14:50:26.732+0100] {dagbag.py:588} INFO - Filling up the DagBag from /usr/local/anaconda3/envs/airflow_env/lib/python3.8/site-packages/airflow/example_dags/example_setup_teardown_taskflow.py
[2025-03-07T14:50:26.762+0100] {processor.py:925} INFO - DAG(s) 'example_setup_teardown_taskflow' retrieved from /usr/local/anaconda3/envs/airflow_env/lib/python3.8/site-packages/airflow/example_dags/example_setup_teardown_taskflow.py
[2025-03-07T14:50:26.834+0100] {logging_mixin.py:190} INFO - [2025-03-07T14:50:26.834+0100] {dag.py:3239} INFO - Sync 1 DAGs
[2025-03-07T14:50:26.842+0100] {logging_mixin.py:190} INFO - [2025-03-07T14:50:26.842+0100] {dag.py:4180} INFO - Setting next_dagrun for example_setup_teardown_taskflow to None, run_after=None
[2025-03-07T14:50:26.854+0100] {processor.py:208} INFO - Processing /usr/local/anaconda3/envs/airflow_env/lib/python3.8/site-packages/airflow/example_dags/example_setup_teardown_taskflow.py took 0.137 seconds
[2025-03-07T14:53:57.408+0100] {processor.py:186} INFO - Started process (PID=6051) to work on /usr/local/anaconda3/envs/airflow_env/lib/python3.8/site-packages/airflow/example_dags/example_setup_teardown_taskflow.py
[2025-03-07T14:53:57.412+0100] {processor.py:914} INFO - Processing file /usr/local/anaconda3/envs/airflow_env/lib/python3.8/site-packages/airflow/example_dags/example_setup_teardown_taskflow.py for tasks to queue
[2025-03-07T14:53:57.413+0100] {logging_mixin.py:190} INFO - [2025-03-07T14:53:57.413+0100] {dagbag.py:588} INFO - Filling up the DagBag from /usr/local/anaconda3/envs/airflow_env/lib/python3.8/site-packages/airflow/example_dags/example_setup_teardown_taskflow.py
[2025-03-07T14:53:57.453+0100] {processor.py:925} INFO - DAG(s) 'example_setup_teardown_taskflow' retrieved from /usr/local/anaconda3/envs/airflow_env/lib/python3.8/site-packages/airflow/example_dags/example_setup_teardown_taskflow.py
[2025-03-07T14:53:57.543+0100] {logging_mixin.py:190} INFO - [2025-03-07T14:53:57.543+0100] {dag.py:3239} INFO - Sync 1 DAGs
[2025-03-07T14:53:57.551+0100] {logging_mixin.py:190} INFO - [2025-03-07T14:53:57.551+0100] {dag.py:4180} INFO - Setting next_dagrun for example_setup_teardown_taskflow to None, run_after=None
[2025-03-07T14:53:57.563+0100] {processor.py:208} INFO - Processing /usr/local/anaconda3/envs/airflow_env/lib/python3.8/site-packages/airflow/example_dags/example_setup_teardown_taskflow.py took 0.158 seconds
[2025-03-07T14:56:39.809+0100] {processor.py:186} INFO - Started process (PID=6376) to work on /usr/local/anaconda3/envs/airflow_env/lib/python3.8/site-packages/airflow/example_dags/example_setup_teardown_taskflow.py
[2025-03-07T14:56:39.812+0100] {processor.py:914} INFO - Processing file /usr/local/anaconda3/envs/airflow_env/lib/python3.8/site-packages/airflow/example_dags/example_setup_teardown_taskflow.py for tasks to queue
[2025-03-07T14:56:39.813+0100] {logging_mixin.py:190} INFO - [2025-03-07T14:56:39.812+0100] {dagbag.py:588} INFO - Filling up the DagBag from /usr/local/anaconda3/envs/airflow_env/lib/python3.8/site-packages/airflow/example_dags/example_setup_teardown_taskflow.py
[2025-03-07T14:56:39.838+0100] {processor.py:925} INFO - DAG(s) 'example_setup_teardown_taskflow' retrieved from /usr/local/anaconda3/envs/airflow_env/lib/python3.8/site-packages/airflow/example_dags/example_setup_teardown_taskflow.py
[2025-03-07T14:56:39.907+0100] {logging_mixin.py:190} INFO - [2025-03-07T14:56:39.907+0100] {dag.py:3239} INFO - Sync 1 DAGs
[2025-03-07T14:56:39.915+0100] {logging_mixin.py:190} INFO - [2025-03-07T14:56:39.915+0100] {dag.py:4180} INFO - Setting next_dagrun for example_setup_teardown_taskflow to None, run_after=None
[2025-03-07T14:56:39.927+0100] {processor.py:208} INFO - Processing /usr/local/anaconda3/envs/airflow_env/lib/python3.8/site-packages/airflow/example_dags/example_setup_teardown_taskflow.py took 0.121 seconds
[2025-03-07T14:58:51.120+0100] {processor.py:186} INFO - Started process (PID=6633) to work on /usr/local/anaconda3/envs/airflow_env/lib/python3.8/site-packages/airflow/example_dags/example_setup_teardown_taskflow.py
[2025-03-07T14:58:51.123+0100] {processor.py:914} INFO - Processing file /usr/local/anaconda3/envs/airflow_env/lib/python3.8/site-packages/airflow/example_dags/example_setup_teardown_taskflow.py for tasks to queue
[2025-03-07T14:58:51.124+0100] {logging_mixin.py:190} INFO - [2025-03-07T14:58:51.124+0100] {dagbag.py:588} INFO - Filling up the DagBag from /usr/local/anaconda3/envs/airflow_env/lib/python3.8/site-packages/airflow/example_dags/example_setup_teardown_taskflow.py
[2025-03-07T14:58:51.149+0100] {processor.py:925} INFO - DAG(s) 'example_setup_teardown_taskflow' retrieved from /usr/local/anaconda3/envs/airflow_env/lib/python3.8/site-packages/airflow/example_dags/example_setup_teardown_taskflow.py
[2025-03-07T14:58:51.218+0100] {logging_mixin.py:190} INFO - [2025-03-07T14:58:51.217+0100] {dag.py:3239} INFO - Sync 1 DAGs
[2025-03-07T14:58:51.225+0100] {logging_mixin.py:190} INFO - [2025-03-07T14:58:51.225+0100] {dag.py:4180} INFO - Setting next_dagrun for example_setup_teardown_taskflow to None, run_after=None
[2025-03-07T14:58:51.236+0100] {processor.py:208} INFO - Processing /usr/local/anaconda3/envs/airflow_env/lib/python3.8/site-packages/airflow/example_dags/example_setup_teardown_taskflow.py took 0.120 seconds
[2025-03-07T15:01:07.590+0100] {processor.py:186} INFO - Started process (PID=6921) to work on /usr/local/anaconda3/envs/airflow_env/lib/python3.8/site-packages/airflow/example_dags/example_setup_teardown_taskflow.py
[2025-03-07T15:01:07.593+0100] {processor.py:914} INFO - Processing file /usr/local/anaconda3/envs/airflow_env/lib/python3.8/site-packages/airflow/example_dags/example_setup_teardown_taskflow.py for tasks to queue
[2025-03-07T15:01:07.594+0100] {logging_mixin.py:190} INFO - [2025-03-07T15:01:07.594+0100] {dagbag.py:588} INFO - Filling up the DagBag from /usr/local/anaconda3/envs/airflow_env/lib/python3.8/site-packages/airflow/example_dags/example_setup_teardown_taskflow.py
[2025-03-07T15:01:07.621+0100] {processor.py:925} INFO - DAG(s) 'example_setup_teardown_taskflow' retrieved from /usr/local/anaconda3/envs/airflow_env/lib/python3.8/site-packages/airflow/example_dags/example_setup_teardown_taskflow.py
[2025-03-07T15:01:07.693+0100] {logging_mixin.py:190} INFO - [2025-03-07T15:01:07.692+0100] {dag.py:3239} INFO - Sync 1 DAGs
[2025-03-07T15:01:07.701+0100] {logging_mixin.py:190} INFO - [2025-03-07T15:01:07.700+0100] {dag.py:4180} INFO - Setting next_dagrun for example_setup_teardown_taskflow to None, run_after=None
[2025-03-07T15:01:07.713+0100] {processor.py:208} INFO - Processing /usr/local/anaconda3/envs/airflow_env/lib/python3.8/site-packages/airflow/example_dags/example_setup_teardown_taskflow.py took 0.126 seconds
[2025-03-07T15:03:33.132+0100] {processor.py:186} INFO - Started process (PID=7163) to work on /usr/local/anaconda3/envs/airflow_env/lib/python3.8/site-packages/airflow/example_dags/example_setup_teardown_taskflow.py
[2025-03-07T15:03:33.135+0100] {processor.py:914} INFO - Processing file /usr/local/anaconda3/envs/airflow_env/lib/python3.8/site-packages/airflow/example_dags/example_setup_teardown_taskflow.py for tasks to queue
[2025-03-07T15:03:33.136+0100] {logging_mixin.py:190} INFO - [2025-03-07T15:03:33.136+0100] {dagbag.py:588} INFO - Filling up the DagBag from /usr/local/anaconda3/envs/airflow_env/lib/python3.8/site-packages/airflow/example_dags/example_setup_teardown_taskflow.py
[2025-03-07T15:03:33.163+0100] {processor.py:925} INFO - DAG(s) 'example_setup_teardown_taskflow' retrieved from /usr/local/anaconda3/envs/airflow_env/lib/python3.8/site-packages/airflow/example_dags/example_setup_teardown_taskflow.py
[2025-03-07T15:03:33.233+0100] {logging_mixin.py:190} INFO - [2025-03-07T15:03:33.233+0100] {dag.py:3239} INFO - Sync 1 DAGs
[2025-03-07T15:03:33.241+0100] {logging_mixin.py:190} INFO - [2025-03-07T15:03:33.241+0100] {dag.py:4180} INFO - Setting next_dagrun for example_setup_teardown_taskflow to None, run_after=None
[2025-03-07T15:03:33.252+0100] {processor.py:208} INFO - Processing /usr/local/anaconda3/envs/airflow_env/lib/python3.8/site-packages/airflow/example_dags/example_setup_teardown_taskflow.py took 0.123 seconds
[2025-03-07T15:05:52.405+0100] {processor.py:186} INFO - Started process (PID=7420) to work on /usr/local/anaconda3/envs/airflow_env/lib/python3.8/site-packages/airflow/example_dags/example_setup_teardown_taskflow.py
[2025-03-07T15:05:52.409+0100] {processor.py:914} INFO - Processing file /usr/local/anaconda3/envs/airflow_env/lib/python3.8/site-packages/airflow/example_dags/example_setup_teardown_taskflow.py for tasks to queue
[2025-03-07T15:05:52.410+0100] {logging_mixin.py:190} INFO - [2025-03-07T15:05:52.410+0100] {dagbag.py:588} INFO - Filling up the DagBag from /usr/local/anaconda3/envs/airflow_env/lib/python3.8/site-packages/airflow/example_dags/example_setup_teardown_taskflow.py
[2025-03-07T15:05:52.438+0100] {processor.py:925} INFO - DAG(s) 'example_setup_teardown_taskflow' retrieved from /usr/local/anaconda3/envs/airflow_env/lib/python3.8/site-packages/airflow/example_dags/example_setup_teardown_taskflow.py
[2025-03-07T15:05:52.521+0100] {logging_mixin.py:190} INFO - [2025-03-07T15:05:52.521+0100] {dag.py:3239} INFO - Sync 1 DAGs
[2025-03-07T15:05:52.537+0100] {logging_mixin.py:190} INFO - [2025-03-07T15:05:52.536+0100] {dag.py:4180} INFO - Setting next_dagrun for example_setup_teardown_taskflow to None, run_after=None
[2025-03-07T15:05:52.552+0100] {processor.py:208} INFO - Processing /usr/local/anaconda3/envs/airflow_env/lib/python3.8/site-packages/airflow/example_dags/example_setup_teardown_taskflow.py took 0.150 seconds
[2025-03-07T15:08:16.957+0100] {processor.py:186} INFO - Started process (PID=7650) to work on /usr/local/anaconda3/envs/airflow_env/lib/python3.8/site-packages/airflow/example_dags/example_setup_teardown_taskflow.py
[2025-03-07T15:08:16.960+0100] {processor.py:914} INFO - Processing file /usr/local/anaconda3/envs/airflow_env/lib/python3.8/site-packages/airflow/example_dags/example_setup_teardown_taskflow.py for tasks to queue
[2025-03-07T15:08:16.961+0100] {logging_mixin.py:190} INFO - [2025-03-07T15:08:16.960+0100] {dagbag.py:588} INFO - Filling up the DagBag from /usr/local/anaconda3/envs/airflow_env/lib/python3.8/site-packages/airflow/example_dags/example_setup_teardown_taskflow.py
[2025-03-07T15:08:16.988+0100] {processor.py:925} INFO - DAG(s) 'example_setup_teardown_taskflow' retrieved from /usr/local/anaconda3/envs/airflow_env/lib/python3.8/site-packages/airflow/example_dags/example_setup_teardown_taskflow.py
[2025-03-07T15:08:17.060+0100] {logging_mixin.py:190} INFO - [2025-03-07T15:08:17.060+0100] {dag.py:3239} INFO - Sync 1 DAGs
[2025-03-07T15:08:17.068+0100] {logging_mixin.py:190} INFO - [2025-03-07T15:08:17.068+0100] {dag.py:4180} INFO - Setting next_dagrun for example_setup_teardown_taskflow to None, run_after=None
[2025-03-07T15:08:17.081+0100] {processor.py:208} INFO - Processing /usr/local/anaconda3/envs/airflow_env/lib/python3.8/site-packages/airflow/example_dags/example_setup_teardown_taskflow.py took 0.127 seconds
[2025-03-07T15:10:44.291+0100] {processor.py:186} INFO - Started process (PID=7887) to work on /usr/local/anaconda3/envs/airflow_env/lib/python3.8/site-packages/airflow/example_dags/example_setup_teardown_taskflow.py
[2025-03-07T15:10:44.294+0100] {processor.py:914} INFO - Processing file /usr/local/anaconda3/envs/airflow_env/lib/python3.8/site-packages/airflow/example_dags/example_setup_teardown_taskflow.py for tasks to queue
[2025-03-07T15:10:44.295+0100] {logging_mixin.py:190} INFO - [2025-03-07T15:10:44.295+0100] {dagbag.py:588} INFO - Filling up the DagBag from /usr/local/anaconda3/envs/airflow_env/lib/python3.8/site-packages/airflow/example_dags/example_setup_teardown_taskflow.py
[2025-03-07T15:10:44.321+0100] {processor.py:925} INFO - DAG(s) 'example_setup_teardown_taskflow' retrieved from /usr/local/anaconda3/envs/airflow_env/lib/python3.8/site-packages/airflow/example_dags/example_setup_teardown_taskflow.py
[2025-03-07T15:10:44.394+0100] {logging_mixin.py:190} INFO - [2025-03-07T15:10:44.393+0100] {dag.py:3239} INFO - Sync 1 DAGs
[2025-03-07T15:10:44.402+0100] {logging_mixin.py:190} INFO - [2025-03-07T15:10:44.401+0100] {dag.py:4180} INFO - Setting next_dagrun for example_setup_teardown_taskflow to None, run_after=None
[2025-03-07T15:10:44.413+0100] {processor.py:208} INFO - Processing /usr/local/anaconda3/envs/airflow_env/lib/python3.8/site-packages/airflow/example_dags/example_setup_teardown_taskflow.py took 0.126 seconds
[2025-03-07T15:13:27.028+0100] {processor.py:186} INFO - Started process (PID=8281) to work on /usr/local/anaconda3/envs/airflow_env/lib/python3.8/site-packages/airflow/example_dags/example_setup_teardown_taskflow.py
[2025-03-07T15:13:27.031+0100] {processor.py:914} INFO - Processing file /usr/local/anaconda3/envs/airflow_env/lib/python3.8/site-packages/airflow/example_dags/example_setup_teardown_taskflow.py for tasks to queue
[2025-03-07T15:13:27.031+0100] {logging_mixin.py:190} INFO - [2025-03-07T15:13:27.031+0100] {dagbag.py:588} INFO - Filling up the DagBag from /usr/local/anaconda3/envs/airflow_env/lib/python3.8/site-packages/airflow/example_dags/example_setup_teardown_taskflow.py
[2025-03-07T15:13:27.059+0100] {processor.py:925} INFO - DAG(s) 'example_setup_teardown_taskflow' retrieved from /usr/local/anaconda3/envs/airflow_env/lib/python3.8/site-packages/airflow/example_dags/example_setup_teardown_taskflow.py
[2025-03-07T15:13:27.133+0100] {logging_mixin.py:190} INFO - [2025-03-07T15:13:27.133+0100] {dag.py:3239} INFO - Sync 1 DAGs
[2025-03-07T15:13:27.141+0100] {logging_mixin.py:190} INFO - [2025-03-07T15:13:27.141+0100] {dag.py:4180} INFO - Setting next_dagrun for example_setup_teardown_taskflow to None, run_after=None
[2025-03-07T15:13:27.152+0100] {processor.py:208} INFO - Processing /usr/local/anaconda3/envs/airflow_env/lib/python3.8/site-packages/airflow/example_dags/example_setup_teardown_taskflow.py took 0.128 seconds
[2025-03-07T15:16:22.234+0100] {processor.py:186} INFO - Started process (PID=8530) to work on /usr/local/anaconda3/envs/airflow_env/lib/python3.8/site-packages/airflow/example_dags/example_setup_teardown_taskflow.py
[2025-03-07T15:16:22.237+0100] {processor.py:914} INFO - Processing file /usr/local/anaconda3/envs/airflow_env/lib/python3.8/site-packages/airflow/example_dags/example_setup_teardown_taskflow.py for tasks to queue
[2025-03-07T15:16:22.238+0100] {logging_mixin.py:190} INFO - [2025-03-07T15:16:22.238+0100] {dagbag.py:588} INFO - Filling up the DagBag from /usr/local/anaconda3/envs/airflow_env/lib/python3.8/site-packages/airflow/example_dags/example_setup_teardown_taskflow.py
[2025-03-07T15:16:22.264+0100] {processor.py:925} INFO - DAG(s) 'example_setup_teardown_taskflow' retrieved from /usr/local/anaconda3/envs/airflow_env/lib/python3.8/site-packages/airflow/example_dags/example_setup_teardown_taskflow.py
[2025-03-07T15:16:22.337+0100] {logging_mixin.py:190} INFO - [2025-03-07T15:16:22.336+0100] {dag.py:3239} INFO - Sync 1 DAGs
[2025-03-07T15:16:22.345+0100] {logging_mixin.py:190} INFO - [2025-03-07T15:16:22.345+0100] {dag.py:4180} INFO - Setting next_dagrun for example_setup_teardown_taskflow to None, run_after=None
[2025-03-07T15:16:22.358+0100] {processor.py:208} INFO - Processing /usr/local/anaconda3/envs/airflow_env/lib/python3.8/site-packages/airflow/example_dags/example_setup_teardown_taskflow.py took 0.127 seconds
[2025-03-07T15:18:42.272+0100] {processor.py:186} INFO - Started process (PID=8865) to work on /usr/local/anaconda3/envs/airflow_env/lib/python3.8/site-packages/airflow/example_dags/example_setup_teardown_taskflow.py
[2025-03-07T15:18:42.275+0100] {processor.py:914} INFO - Processing file /usr/local/anaconda3/envs/airflow_env/lib/python3.8/site-packages/airflow/example_dags/example_setup_teardown_taskflow.py for tasks to queue
[2025-03-07T15:18:42.276+0100] {logging_mixin.py:190} INFO - [2025-03-07T15:18:42.276+0100] {dagbag.py:588} INFO - Filling up the DagBag from /usr/local/anaconda3/envs/airflow_env/lib/python3.8/site-packages/airflow/example_dags/example_setup_teardown_taskflow.py
[2025-03-07T15:18:42.302+0100] {processor.py:925} INFO - DAG(s) 'example_setup_teardown_taskflow' retrieved from /usr/local/anaconda3/envs/airflow_env/lib/python3.8/site-packages/airflow/example_dags/example_setup_teardown_taskflow.py
[2025-03-07T15:18:42.371+0100] {logging_mixin.py:190} INFO - [2025-03-07T15:18:42.371+0100] {dag.py:3239} INFO - Sync 1 DAGs
[2025-03-07T15:18:42.378+0100] {logging_mixin.py:190} INFO - [2025-03-07T15:18:42.378+0100] {dag.py:4180} INFO - Setting next_dagrun for example_setup_teardown_taskflow to None, run_after=None
[2025-03-07T15:18:42.390+0100] {processor.py:208} INFO - Processing /usr/local/anaconda3/envs/airflow_env/lib/python3.8/site-packages/airflow/example_dags/example_setup_teardown_taskflow.py took 0.121 seconds
[2025-03-07T15:20:57.119+0100] {processor.py:186} INFO - Started process (PID=9172) to work on /usr/local/anaconda3/envs/airflow_env/lib/python3.8/site-packages/airflow/example_dags/example_setup_teardown_taskflow.py
[2025-03-07T15:20:57.122+0100] {processor.py:914} INFO - Processing file /usr/local/anaconda3/envs/airflow_env/lib/python3.8/site-packages/airflow/example_dags/example_setup_teardown_taskflow.py for tasks to queue
[2025-03-07T15:20:57.123+0100] {logging_mixin.py:190} INFO - [2025-03-07T15:20:57.123+0100] {dagbag.py:588} INFO - Filling up the DagBag from /usr/local/anaconda3/envs/airflow_env/lib/python3.8/site-packages/airflow/example_dags/example_setup_teardown_taskflow.py
[2025-03-07T15:20:57.149+0100] {processor.py:925} INFO - DAG(s) 'example_setup_teardown_taskflow' retrieved from /usr/local/anaconda3/envs/airflow_env/lib/python3.8/site-packages/airflow/example_dags/example_setup_teardown_taskflow.py
[2025-03-07T15:20:57.219+0100] {logging_mixin.py:190} INFO - [2025-03-07T15:20:57.219+0100] {dag.py:3239} INFO - Sync 1 DAGs
[2025-03-07T15:20:57.227+0100] {logging_mixin.py:190} INFO - [2025-03-07T15:20:57.227+0100] {dag.py:4180} INFO - Setting next_dagrun for example_setup_teardown_taskflow to None, run_after=None
[2025-03-07T15:20:57.238+0100] {processor.py:208} INFO - Processing /usr/local/anaconda3/envs/airflow_env/lib/python3.8/site-packages/airflow/example_dags/example_setup_teardown_taskflow.py took 0.122 seconds
[2025-03-07T15:23:12.631+0100] {processor.py:186} INFO - Started process (PID=9452) to work on /usr/local/anaconda3/envs/airflow_env/lib/python3.8/site-packages/airflow/example_dags/example_setup_teardown_taskflow.py
[2025-03-07T15:23:12.634+0100] {processor.py:914} INFO - Processing file /usr/local/anaconda3/envs/airflow_env/lib/python3.8/site-packages/airflow/example_dags/example_setup_teardown_taskflow.py for tasks to queue
[2025-03-07T15:23:12.635+0100] {logging_mixin.py:190} INFO - [2025-03-07T15:23:12.635+0100] {dagbag.py:588} INFO - Filling up the DagBag from /usr/local/anaconda3/envs/airflow_env/lib/python3.8/site-packages/airflow/example_dags/example_setup_teardown_taskflow.py
[2025-03-07T15:23:12.662+0100] {processor.py:925} INFO - DAG(s) 'example_setup_teardown_taskflow' retrieved from /usr/local/anaconda3/envs/airflow_env/lib/python3.8/site-packages/airflow/example_dags/example_setup_teardown_taskflow.py
[2025-03-07T15:23:12.734+0100] {logging_mixin.py:190} INFO - [2025-03-07T15:23:12.734+0100] {dag.py:3239} INFO - Sync 1 DAGs
[2025-03-07T15:23:12.742+0100] {logging_mixin.py:190} INFO - [2025-03-07T15:23:12.742+0100] {dag.py:4180} INFO - Setting next_dagrun for example_setup_teardown_taskflow to None, run_after=None
[2025-03-07T15:23:12.754+0100] {processor.py:208} INFO - Processing /usr/local/anaconda3/envs/airflow_env/lib/python3.8/site-packages/airflow/example_dags/example_setup_teardown_taskflow.py took 0.125 seconds
