[2025-03-07T14:12:03.778+0100] {processor.py:186} INFO - Started process (PID=2802) to work on /usr/local/anaconda3/envs/airflow_env/lib/python3.8/site-packages/airflow/example_dags/example_outlet_event_extra.py
[2025-03-07T14:12:03.781+0100] {processor.py:914} INFO - Processing file /usr/local/anaconda3/envs/airflow_env/lib/python3.8/site-packages/airflow/example_dags/example_outlet_event_extra.py for tasks to queue
[2025-03-07T14:12:03.782+0100] {logging_mixin.py:190} INFO - [2025-03-07T14:12:03.782+0100] {dagbag.py:588} INFO - Filling up the DagBag from /usr/local/anaconda3/envs/airflow_env/lib/python3.8/site-packages/airflow/example_dags/example_outlet_event_extra.py
[2025-03-07T14:12:03.848+0100] {processor.py:925} INFO - DAG(s) 'dataset_with_extra_from_classic_operator', 'dataset_with_extra_by_yield', 'dataset_with_extra_by_context' retrieved from /usr/local/anaconda3/envs/airflow_env/lib/python3.8/site-packages/airflow/example_dags/example_outlet_event_extra.py
[2025-03-07T14:12:03.969+0100] {logging_mixin.py:190} INFO - [2025-03-07T14:12:03.968+0100] {override.py:1901} INFO - Created Permission View: can read on DAG:dataset_with_extra_from_classic_operator
[2025-03-07T14:12:03.974+0100] {logging_mixin.py:190} INFO - [2025-03-07T14:12:03.974+0100] {override.py:1901} INFO - Created Permission View: can delete on DAG:dataset_with_extra_from_classic_operator
[2025-03-07T14:12:03.978+0100] {logging_mixin.py:190} INFO - [2025-03-07T14:12:03.978+0100] {override.py:1901} INFO - Created Permission View: can edit on DAG:dataset_with_extra_from_classic_operator
[2025-03-07T14:12:03.983+0100] {logging_mixin.py:190} INFO - [2025-03-07T14:12:03.983+0100] {override.py:1901} INFO - Created Permission View: can read on DAG Run:dataset_with_extra_from_classic_operator
[2025-03-07T14:12:03.987+0100] {logging_mixin.py:190} INFO - [2025-03-07T14:12:03.987+0100] {override.py:1901} INFO - Created Permission View: can delete on DAG Run:dataset_with_extra_from_classic_operator
[2025-03-07T14:12:03.991+0100] {logging_mixin.py:190} INFO - [2025-03-07T14:12:03.990+0100] {override.py:1901} INFO - Created Permission View: menu access on DAG Run:dataset_with_extra_from_classic_operator
[2025-03-07T14:12:03.994+0100] {logging_mixin.py:190} INFO - [2025-03-07T14:12:03.994+0100] {override.py:1901} INFO - Created Permission View: can create on DAG Run:dataset_with_extra_from_classic_operator
[2025-03-07T14:12:04.002+0100] {logging_mixin.py:190} INFO - [2025-03-07T14:12:04.002+0100] {override.py:1901} INFO - Created Permission View: can read on DAG:dataset_with_extra_by_yield
[2025-03-07T14:12:04.006+0100] {logging_mixin.py:190} INFO - [2025-03-07T14:12:04.006+0100] {override.py:1901} INFO - Created Permission View: can delete on DAG:dataset_with_extra_by_yield
[2025-03-07T14:12:04.009+0100] {logging_mixin.py:190} INFO - [2025-03-07T14:12:04.009+0100] {override.py:1901} INFO - Created Permission View: can edit on DAG:dataset_with_extra_by_yield
[2025-03-07T14:12:04.014+0100] {logging_mixin.py:190} INFO - [2025-03-07T14:12:04.014+0100] {override.py:1901} INFO - Created Permission View: can read on DAG Run:dataset_with_extra_by_yield
[2025-03-07T14:12:04.018+0100] {logging_mixin.py:190} INFO - [2025-03-07T14:12:04.018+0100] {override.py:1901} INFO - Created Permission View: can delete on DAG Run:dataset_with_extra_by_yield
[2025-03-07T14:12:04.022+0100] {logging_mixin.py:190} INFO - [2025-03-07T14:12:04.022+0100] {override.py:1901} INFO - Created Permission View: menu access on DAG Run:dataset_with_extra_by_yield
[2025-03-07T14:12:04.026+0100] {logging_mixin.py:190} INFO - [2025-03-07T14:12:04.026+0100] {override.py:1901} INFO - Created Permission View: can create on DAG Run:dataset_with_extra_by_yield
[2025-03-07T14:12:04.033+0100] {logging_mixin.py:190} INFO - [2025-03-07T14:12:04.033+0100] {override.py:1901} INFO - Created Permission View: can read on DAG:dataset_with_extra_by_context
[2025-03-07T14:12:04.037+0100] {logging_mixin.py:190} INFO - [2025-03-07T14:12:04.037+0100] {override.py:1901} INFO - Created Permission View: can delete on DAG:dataset_with_extra_by_context
[2025-03-07T14:12:04.041+0100] {logging_mixin.py:190} INFO - [2025-03-07T14:12:04.041+0100] {override.py:1901} INFO - Created Permission View: can edit on DAG:dataset_with_extra_by_context
[2025-03-07T14:12:04.046+0100] {logging_mixin.py:190} INFO - [2025-03-07T14:12:04.045+0100] {override.py:1901} INFO - Created Permission View: can read on DAG Run:dataset_with_extra_by_context
[2025-03-07T14:12:04.050+0100] {logging_mixin.py:190} INFO - [2025-03-07T14:12:04.049+0100] {override.py:1901} INFO - Created Permission View: can delete on DAG Run:dataset_with_extra_by_context
[2025-03-07T14:12:04.053+0100] {logging_mixin.py:190} INFO - [2025-03-07T14:12:04.053+0100] {override.py:1901} INFO - Created Permission View: menu access on DAG Run:dataset_with_extra_by_context
[2025-03-07T14:12:04.057+0100] {logging_mixin.py:190} INFO - [2025-03-07T14:12:04.057+0100] {override.py:1901} INFO - Created Permission View: can create on DAG Run:dataset_with_extra_by_context
[2025-03-07T14:12:04.057+0100] {logging_mixin.py:190} INFO - [2025-03-07T14:12:04.057+0100] {dag.py:3239} INFO - Sync 3 DAGs
[2025-03-07T14:12:04.065+0100] {logging_mixin.py:190} INFO - [2025-03-07T14:12:04.065+0100] {dag.py:3262} INFO - Creating ORM DAG for dataset_with_extra_by_context
[2025-03-07T14:12:04.065+0100] {logging_mixin.py:190} INFO - [2025-03-07T14:12:04.065+0100] {dag.py:3262} INFO - Creating ORM DAG for dataset_with_extra_from_classic_operator
[2025-03-07T14:12:04.066+0100] {logging_mixin.py:190} INFO - [2025-03-07T14:12:04.065+0100] {dag.py:3262} INFO - Creating ORM DAG for dataset_with_extra_by_yield
[2025-03-07T14:12:04.071+0100] {logging_mixin.py:190} INFO - [2025-03-07T14:12:04.071+0100] {dag.py:4180} INFO - Setting next_dagrun for dataset_with_extra_by_context to 2025-03-06T00:00:00+00:00, run_after=2025-03-07T00:00:00+00:00
[2025-03-07T14:12:04.072+0100] {logging_mixin.py:190} INFO - [2025-03-07T14:12:04.072+0100] {dag.py:4180} INFO - Setting next_dagrun for dataset_with_extra_by_yield to 2025-03-06T00:00:00+00:00, run_after=2025-03-07T00:00:00+00:00
[2025-03-07T14:12:04.073+0100] {logging_mixin.py:190} INFO - [2025-03-07T14:12:04.073+0100] {dag.py:4180} INFO - Setting next_dagrun for dataset_with_extra_from_classic_operator to 2025-03-06T00:00:00+00:00, run_after=2025-03-07T00:00:00+00:00
[2025-03-07T14:12:04.600+0100] {processor.py:208} INFO - Processing /usr/local/anaconda3/envs/airflow_env/lib/python3.8/site-packages/airflow/example_dags/example_outlet_event_extra.py took 0.825 seconds
[2025-03-07T14:15:28.796+0100] {processor.py:186} INFO - Started process (PID=3123) to work on /usr/local/anaconda3/envs/airflow_env/lib/python3.8/site-packages/airflow/example_dags/example_outlet_event_extra.py
[2025-03-07T14:15:28.800+0100] {processor.py:914} INFO - Processing file /usr/local/anaconda3/envs/airflow_env/lib/python3.8/site-packages/airflow/example_dags/example_outlet_event_extra.py for tasks to queue
[2025-03-07T14:15:28.800+0100] {logging_mixin.py:190} INFO - [2025-03-07T14:15:28.800+0100] {dagbag.py:588} INFO - Filling up the DagBag from /usr/local/anaconda3/envs/airflow_env/lib/python3.8/site-packages/airflow/example_dags/example_outlet_event_extra.py
[2025-03-07T14:15:28.860+0100] {processor.py:925} INFO - DAG(s) 'dataset_with_extra_from_classic_operator', 'dataset_with_extra_by_yield', 'dataset_with_extra_by_context' retrieved from /usr/local/anaconda3/envs/airflow_env/lib/python3.8/site-packages/airflow/example_dags/example_outlet_event_extra.py
[2025-03-07T14:15:28.931+0100] {logging_mixin.py:190} INFO - [2025-03-07T14:15:28.930+0100] {dag.py:3239} INFO - Sync 3 DAGs
[2025-03-07T14:15:28.944+0100] {logging_mixin.py:190} INFO - [2025-03-07T14:15:28.944+0100] {dag.py:4180} INFO - Setting next_dagrun for dataset_with_extra_by_context to 2025-03-06T00:00:00+00:00, run_after=2025-03-07T00:00:00+00:00
[2025-03-07T14:15:28.947+0100] {logging_mixin.py:190} INFO - [2025-03-07T14:15:28.947+0100] {dag.py:4180} INFO - Setting next_dagrun for dataset_with_extra_by_yield to 2025-03-06T00:00:00+00:00, run_after=2025-03-07T00:00:00+00:00
[2025-03-07T14:15:28.948+0100] {logging_mixin.py:190} INFO - [2025-03-07T14:15:28.948+0100] {dag.py:4180} INFO - Setting next_dagrun for dataset_with_extra_from_classic_operator to 2025-03-06T00:00:00+00:00, run_after=2025-03-07T00:00:00+00:00
[2025-03-07T14:15:28.962+0100] {processor.py:208} INFO - Processing /usr/local/anaconda3/envs/airflow_env/lib/python3.8/site-packages/airflow/example_dags/example_outlet_event_extra.py took 0.168 seconds
[2025-03-07T14:17:39.665+0100] {processor.py:186} INFO - Started process (PID=3385) to work on /usr/local/anaconda3/envs/airflow_env/lib/python3.8/site-packages/airflow/example_dags/example_outlet_event_extra.py
[2025-03-07T14:17:39.668+0100] {processor.py:914} INFO - Processing file /usr/local/anaconda3/envs/airflow_env/lib/python3.8/site-packages/airflow/example_dags/example_outlet_event_extra.py for tasks to queue
[2025-03-07T14:17:39.669+0100] {logging_mixin.py:190} INFO - [2025-03-07T14:17:39.669+0100] {dagbag.py:588} INFO - Filling up the DagBag from /usr/local/anaconda3/envs/airflow_env/lib/python3.8/site-packages/airflow/example_dags/example_outlet_event_extra.py
[2025-03-07T14:17:39.728+0100] {processor.py:925} INFO - DAG(s) 'dataset_with_extra_from_classic_operator', 'dataset_with_extra_by_context', 'dataset_with_extra_by_yield' retrieved from /usr/local/anaconda3/envs/airflow_env/lib/python3.8/site-packages/airflow/example_dags/example_outlet_event_extra.py
[2025-03-07T14:17:39.800+0100] {logging_mixin.py:190} INFO - [2025-03-07T14:17:39.800+0100] {dag.py:3239} INFO - Sync 3 DAGs
[2025-03-07T14:17:39.813+0100] {logging_mixin.py:190} INFO - [2025-03-07T14:17:39.813+0100] {dag.py:4180} INFO - Setting next_dagrun for dataset_with_extra_by_context to 2025-03-06T00:00:00+00:00, run_after=2025-03-07T00:00:00+00:00
[2025-03-07T14:17:39.816+0100] {logging_mixin.py:190} INFO - [2025-03-07T14:17:39.816+0100] {dag.py:4180} INFO - Setting next_dagrun for dataset_with_extra_by_yield to 2025-03-06T00:00:00+00:00, run_after=2025-03-07T00:00:00+00:00
[2025-03-07T14:17:39.818+0100] {logging_mixin.py:190} INFO - [2025-03-07T14:17:39.818+0100] {dag.py:4180} INFO - Setting next_dagrun for dataset_with_extra_from_classic_operator to 2025-03-06T00:00:00+00:00, run_after=2025-03-07T00:00:00+00:00
[2025-03-07T14:17:39.831+0100] {processor.py:208} INFO - Processing /usr/local/anaconda3/envs/airflow_env/lib/python3.8/site-packages/airflow/example_dags/example_outlet_event_extra.py took 0.169 seconds
[2025-03-07T14:19:55.756+0100] {processor.py:186} INFO - Started process (PID=3658) to work on /usr/local/anaconda3/envs/airflow_env/lib/python3.8/site-packages/airflow/example_dags/example_outlet_event_extra.py
[2025-03-07T14:19:55.759+0100] {processor.py:914} INFO - Processing file /usr/local/anaconda3/envs/airflow_env/lib/python3.8/site-packages/airflow/example_dags/example_outlet_event_extra.py for tasks to queue
[2025-03-07T14:19:55.760+0100] {logging_mixin.py:190} INFO - [2025-03-07T14:19:55.760+0100] {dagbag.py:588} INFO - Filling up the DagBag from /usr/local/anaconda3/envs/airflow_env/lib/python3.8/site-packages/airflow/example_dags/example_outlet_event_extra.py
[2025-03-07T14:19:55.822+0100] {processor.py:925} INFO - DAG(s) 'dataset_with_extra_from_classic_operator', 'dataset_with_extra_by_context', 'dataset_with_extra_by_yield' retrieved from /usr/local/anaconda3/envs/airflow_env/lib/python3.8/site-packages/airflow/example_dags/example_outlet_event_extra.py
[2025-03-07T14:19:55.894+0100] {logging_mixin.py:190} INFO - [2025-03-07T14:19:55.894+0100] {dag.py:3239} INFO - Sync 3 DAGs
[2025-03-07T14:19:55.907+0100] {logging_mixin.py:190} INFO - [2025-03-07T14:19:55.907+0100] {dag.py:4180} INFO - Setting next_dagrun for dataset_with_extra_by_context to 2025-03-06T00:00:00+00:00, run_after=2025-03-07T00:00:00+00:00
[2025-03-07T14:19:55.910+0100] {logging_mixin.py:190} INFO - [2025-03-07T14:19:55.910+0100] {dag.py:4180} INFO - Setting next_dagrun for dataset_with_extra_by_yield to 2025-03-06T00:00:00+00:00, run_after=2025-03-07T00:00:00+00:00
[2025-03-07T14:19:55.911+0100] {logging_mixin.py:190} INFO - [2025-03-07T14:19:55.911+0100] {dag.py:4180} INFO - Setting next_dagrun for dataset_with_extra_from_classic_operator to 2025-03-06T00:00:00+00:00, run_after=2025-03-07T00:00:00+00:00
[2025-03-07T14:19:55.924+0100] {processor.py:208} INFO - Processing /usr/local/anaconda3/envs/airflow_env/lib/python3.8/site-packages/airflow/example_dags/example_outlet_event_extra.py took 0.171 seconds
[2025-03-07T14:22:12.677+0100] {processor.py:186} INFO - Started process (PID=3886) to work on /usr/local/anaconda3/envs/airflow_env/lib/python3.8/site-packages/airflow/example_dags/example_outlet_event_extra.py
[2025-03-07T14:22:12.680+0100] {processor.py:914} INFO - Processing file /usr/local/anaconda3/envs/airflow_env/lib/python3.8/site-packages/airflow/example_dags/example_outlet_event_extra.py for tasks to queue
[2025-03-07T14:22:12.681+0100] {logging_mixin.py:190} INFO - [2025-03-07T14:22:12.681+0100] {dagbag.py:588} INFO - Filling up the DagBag from /usr/local/anaconda3/envs/airflow_env/lib/python3.8/site-packages/airflow/example_dags/example_outlet_event_extra.py
[2025-03-07T14:22:12.744+0100] {processor.py:925} INFO - DAG(s) 'dataset_with_extra_by_yield', 'dataset_with_extra_by_context', 'dataset_with_extra_from_classic_operator' retrieved from /usr/local/anaconda3/envs/airflow_env/lib/python3.8/site-packages/airflow/example_dags/example_outlet_event_extra.py
[2025-03-07T14:22:12.820+0100] {logging_mixin.py:190} INFO - [2025-03-07T14:22:12.820+0100] {dag.py:3239} INFO - Sync 3 DAGs
[2025-03-07T14:22:12.834+0100] {logging_mixin.py:190} INFO - [2025-03-07T14:22:12.834+0100] {dag.py:4180} INFO - Setting next_dagrun for dataset_with_extra_by_context to 2025-03-06T00:00:00+00:00, run_after=2025-03-07T00:00:00+00:00
[2025-03-07T14:22:12.837+0100] {logging_mixin.py:190} INFO - [2025-03-07T14:22:12.837+0100] {dag.py:4180} INFO - Setting next_dagrun for dataset_with_extra_by_yield to 2025-03-06T00:00:00+00:00, run_after=2025-03-07T00:00:00+00:00
[2025-03-07T14:22:12.838+0100] {logging_mixin.py:190} INFO - [2025-03-07T14:22:12.838+0100] {dag.py:4180} INFO - Setting next_dagrun for dataset_with_extra_from_classic_operator to 2025-03-06T00:00:00+00:00, run_after=2025-03-07T00:00:00+00:00
[2025-03-07T14:22:12.852+0100] {processor.py:208} INFO - Processing /usr/local/anaconda3/envs/airflow_env/lib/python3.8/site-packages/airflow/example_dags/example_outlet_event_extra.py took 0.178 seconds
[2025-03-07T14:24:36.124+0100] {processor.py:186} INFO - Started process (PID=4140) to work on /usr/local/anaconda3/envs/airflow_env/lib/python3.8/site-packages/airflow/example_dags/example_outlet_event_extra.py
[2025-03-07T14:24:36.128+0100] {processor.py:914} INFO - Processing file /usr/local/anaconda3/envs/airflow_env/lib/python3.8/site-packages/airflow/example_dags/example_outlet_event_extra.py for tasks to queue
[2025-03-07T14:24:36.128+0100] {logging_mixin.py:190} INFO - [2025-03-07T14:24:36.128+0100] {dagbag.py:588} INFO - Filling up the DagBag from /usr/local/anaconda3/envs/airflow_env/lib/python3.8/site-packages/airflow/example_dags/example_outlet_event_extra.py
[2025-03-07T14:24:36.189+0100] {processor.py:925} INFO - DAG(s) 'dataset_with_extra_by_yield', 'dataset_with_extra_by_context', 'dataset_with_extra_from_classic_operator' retrieved from /usr/local/anaconda3/envs/airflow_env/lib/python3.8/site-packages/airflow/example_dags/example_outlet_event_extra.py
[2025-03-07T14:24:36.259+0100] {logging_mixin.py:190} INFO - [2025-03-07T14:24:36.259+0100] {dag.py:3239} INFO - Sync 3 DAGs
[2025-03-07T14:24:36.272+0100] {logging_mixin.py:190} INFO - [2025-03-07T14:24:36.272+0100] {dag.py:4180} INFO - Setting next_dagrun for dataset_with_extra_by_context to 2025-03-06T00:00:00+00:00, run_after=2025-03-07T00:00:00+00:00
[2025-03-07T14:24:36.275+0100] {logging_mixin.py:190} INFO - [2025-03-07T14:24:36.275+0100] {dag.py:4180} INFO - Setting next_dagrun for dataset_with_extra_by_yield to 2025-03-06T00:00:00+00:00, run_after=2025-03-07T00:00:00+00:00
[2025-03-07T14:24:36.277+0100] {logging_mixin.py:190} INFO - [2025-03-07T14:24:36.277+0100] {dag.py:4180} INFO - Setting next_dagrun for dataset_with_extra_from_classic_operator to 2025-03-06T00:00:00+00:00, run_after=2025-03-07T00:00:00+00:00
[2025-03-07T14:24:36.289+0100] {processor.py:208} INFO - Processing /usr/local/anaconda3/envs/airflow_env/lib/python3.8/site-packages/airflow/example_dags/example_outlet_event_extra.py took 0.168 seconds
[2025-03-07T14:44:56.569+0100] {processor.py:186} INFO - Started process (PID=4984) to work on /usr/local/anaconda3/envs/airflow_env/lib/python3.8/site-packages/airflow/example_dags/example_outlet_event_extra.py
[2025-03-07T14:44:56.572+0100] {processor.py:914} INFO - Processing file /usr/local/anaconda3/envs/airflow_env/lib/python3.8/site-packages/airflow/example_dags/example_outlet_event_extra.py for tasks to queue
[2025-03-07T14:44:56.573+0100] {logging_mixin.py:190} INFO - [2025-03-07T14:44:56.572+0100] {dagbag.py:588} INFO - Filling up the DagBag from /usr/local/anaconda3/envs/airflow_env/lib/python3.8/site-packages/airflow/example_dags/example_outlet_event_extra.py
[2025-03-07T14:44:56.634+0100] {processor.py:925} INFO - DAG(s) 'dataset_with_extra_from_classic_operator', 'dataset_with_extra_by_yield', 'dataset_with_extra_by_context' retrieved from /usr/local/anaconda3/envs/airflow_env/lib/python3.8/site-packages/airflow/example_dags/example_outlet_event_extra.py
[2025-03-07T14:44:56.706+0100] {logging_mixin.py:190} INFO - [2025-03-07T14:44:56.706+0100] {dag.py:3239} INFO - Sync 3 DAGs
[2025-03-07T14:44:56.720+0100] {logging_mixin.py:190} INFO - [2025-03-07T14:44:56.719+0100] {dag.py:4180} INFO - Setting next_dagrun for dataset_with_extra_by_context to 2025-03-06T00:00:00+00:00, run_after=2025-03-07T00:00:00+00:00
[2025-03-07T14:44:56.722+0100] {logging_mixin.py:190} INFO - [2025-03-07T14:44:56.722+0100] {dag.py:4180} INFO - Setting next_dagrun for dataset_with_extra_by_yield to 2025-03-06T00:00:00+00:00, run_after=2025-03-07T00:00:00+00:00
[2025-03-07T14:44:56.724+0100] {logging_mixin.py:190} INFO - [2025-03-07T14:44:56.724+0100] {dag.py:4180} INFO - Setting next_dagrun for dataset_with_extra_from_classic_operator to 2025-03-06T00:00:00+00:00, run_after=2025-03-07T00:00:00+00:00
[2025-03-07T14:44:56.736+0100] {processor.py:208} INFO - Processing /usr/local/anaconda3/envs/airflow_env/lib/python3.8/site-packages/airflow/example_dags/example_outlet_event_extra.py took 0.170 seconds
[2025-03-07T14:47:47.914+0100] {processor.py:186} INFO - Started process (PID=5254) to work on /usr/local/anaconda3/envs/airflow_env/lib/python3.8/site-packages/airflow/example_dags/example_outlet_event_extra.py
[2025-03-07T14:47:47.918+0100] {processor.py:914} INFO - Processing file /usr/local/anaconda3/envs/airflow_env/lib/python3.8/site-packages/airflow/example_dags/example_outlet_event_extra.py for tasks to queue
[2025-03-07T14:47:47.919+0100] {logging_mixin.py:190} INFO - [2025-03-07T14:47:47.919+0100] {dagbag.py:588} INFO - Filling up the DagBag from /usr/local/anaconda3/envs/airflow_env/lib/python3.8/site-packages/airflow/example_dags/example_outlet_event_extra.py
[2025-03-07T14:47:47.979+0100] {processor.py:925} INFO - DAG(s) 'dataset_with_extra_by_context', 'dataset_with_extra_by_yield', 'dataset_with_extra_from_classic_operator' retrieved from /usr/local/anaconda3/envs/airflow_env/lib/python3.8/site-packages/airflow/example_dags/example_outlet_event_extra.py
[2025-03-07T14:47:48.050+0100] {logging_mixin.py:190} INFO - [2025-03-07T14:47:48.050+0100] {dag.py:3239} INFO - Sync 3 DAGs
[2025-03-07T14:47:48.063+0100] {logging_mixin.py:190} INFO - [2025-03-07T14:47:48.063+0100] {dag.py:4180} INFO - Setting next_dagrun for dataset_with_extra_by_context to 2025-03-06T00:00:00+00:00, run_after=2025-03-07T00:00:00+00:00
[2025-03-07T14:47:48.066+0100] {logging_mixin.py:190} INFO - [2025-03-07T14:47:48.066+0100] {dag.py:4180} INFO - Setting next_dagrun for dataset_with_extra_by_yield to 2025-03-06T00:00:00+00:00, run_after=2025-03-07T00:00:00+00:00
[2025-03-07T14:47:48.068+0100] {logging_mixin.py:190} INFO - [2025-03-07T14:47:48.068+0100] {dag.py:4180} INFO - Setting next_dagrun for dataset_with_extra_from_classic_operator to 2025-03-06T00:00:00+00:00, run_after=2025-03-07T00:00:00+00:00
[2025-03-07T14:47:48.080+0100] {processor.py:208} INFO - Processing /usr/local/anaconda3/envs/airflow_env/lib/python3.8/site-packages/airflow/example_dags/example_outlet_event_extra.py took 0.169 seconds
[2025-03-07T14:50:51.297+0100] {processor.py:186} INFO - Started process (PID=5668) to work on /usr/local/anaconda3/envs/airflow_env/lib/python3.8/site-packages/airflow/example_dags/example_outlet_event_extra.py
[2025-03-07T14:50:51.300+0100] {processor.py:914} INFO - Processing file /usr/local/anaconda3/envs/airflow_env/lib/python3.8/site-packages/airflow/example_dags/example_outlet_event_extra.py for tasks to queue
[2025-03-07T14:50:51.301+0100] {logging_mixin.py:190} INFO - [2025-03-07T14:50:51.301+0100] {dagbag.py:588} INFO - Filling up the DagBag from /usr/local/anaconda3/envs/airflow_env/lib/python3.8/site-packages/airflow/example_dags/example_outlet_event_extra.py
[2025-03-07T14:50:51.365+0100] {processor.py:925} INFO - DAG(s) 'dataset_with_extra_from_classic_operator', 'dataset_with_extra_by_yield', 'dataset_with_extra_by_context' retrieved from /usr/local/anaconda3/envs/airflow_env/lib/python3.8/site-packages/airflow/example_dags/example_outlet_event_extra.py
[2025-03-07T14:50:51.440+0100] {logging_mixin.py:190} INFO - [2025-03-07T14:50:51.439+0100] {dag.py:3239} INFO - Sync 3 DAGs
[2025-03-07T14:50:51.454+0100] {logging_mixin.py:190} INFO - [2025-03-07T14:50:51.454+0100] {dag.py:4180} INFO - Setting next_dagrun for dataset_with_extra_by_context to 2025-03-06T00:00:00+00:00, run_after=2025-03-07T00:00:00+00:00
[2025-03-07T14:50:51.458+0100] {logging_mixin.py:190} INFO - [2025-03-07T14:50:51.458+0100] {dag.py:4180} INFO - Setting next_dagrun for dataset_with_extra_by_yield to 2025-03-06T00:00:00+00:00, run_after=2025-03-07T00:00:00+00:00
[2025-03-07T14:50:51.459+0100] {logging_mixin.py:190} INFO - [2025-03-07T14:50:51.459+0100] {dag.py:4180} INFO - Setting next_dagrun for dataset_with_extra_from_classic_operator to 2025-03-06T00:00:00+00:00, run_after=2025-03-07T00:00:00+00:00
[2025-03-07T14:50:51.473+0100] {processor.py:208} INFO - Processing /usr/local/anaconda3/envs/airflow_env/lib/python3.8/site-packages/airflow/example_dags/example_outlet_event_extra.py took 0.179 seconds
[2025-03-07T14:54:21.108+0100] {processor.py:186} INFO - Started process (PID=6099) to work on /usr/local/anaconda3/envs/airflow_env/lib/python3.8/site-packages/airflow/example_dags/example_outlet_event_extra.py
[2025-03-07T14:54:21.112+0100] {processor.py:914} INFO - Processing file /usr/local/anaconda3/envs/airflow_env/lib/python3.8/site-packages/airflow/example_dags/example_outlet_event_extra.py for tasks to queue
[2025-03-07T14:54:21.112+0100] {logging_mixin.py:190} INFO - [2025-03-07T14:54:21.112+0100] {dagbag.py:588} INFO - Filling up the DagBag from /usr/local/anaconda3/envs/airflow_env/lib/python3.8/site-packages/airflow/example_dags/example_outlet_event_extra.py
[2025-03-07T14:54:21.172+0100] {processor.py:925} INFO - DAG(s) 'dataset_with_extra_by_yield', 'dataset_with_extra_from_classic_operator', 'dataset_with_extra_by_context' retrieved from /usr/local/anaconda3/envs/airflow_env/lib/python3.8/site-packages/airflow/example_dags/example_outlet_event_extra.py
[2025-03-07T14:54:21.241+0100] {logging_mixin.py:190} INFO - [2025-03-07T14:54:21.241+0100] {dag.py:3239} INFO - Sync 3 DAGs
[2025-03-07T14:54:21.254+0100] {logging_mixin.py:190} INFO - [2025-03-07T14:54:21.254+0100] {dag.py:4180} INFO - Setting next_dagrun for dataset_with_extra_by_context to 2025-03-06T00:00:00+00:00, run_after=2025-03-07T00:00:00+00:00
[2025-03-07T14:54:21.257+0100] {logging_mixin.py:190} INFO - [2025-03-07T14:54:21.257+0100] {dag.py:4180} INFO - Setting next_dagrun for dataset_with_extra_by_yield to 2025-03-06T00:00:00+00:00, run_after=2025-03-07T00:00:00+00:00
[2025-03-07T14:54:21.258+0100] {logging_mixin.py:190} INFO - [2025-03-07T14:54:21.258+0100] {dag.py:4180} INFO - Setting next_dagrun for dataset_with_extra_from_classic_operator to 2025-03-06T00:00:00+00:00, run_after=2025-03-07T00:00:00+00:00
[2025-03-07T14:54:21.272+0100] {processor.py:208} INFO - Processing /usr/local/anaconda3/envs/airflow_env/lib/python3.8/site-packages/airflow/example_dags/example_outlet_event_extra.py took 0.166 seconds
[2025-03-07T14:57:03.636+0100] {processor.py:186} INFO - Started process (PID=6423) to work on /usr/local/anaconda3/envs/airflow_env/lib/python3.8/site-packages/airflow/example_dags/example_outlet_event_extra.py
[2025-03-07T14:57:03.639+0100] {processor.py:914} INFO - Processing file /usr/local/anaconda3/envs/airflow_env/lib/python3.8/site-packages/airflow/example_dags/example_outlet_event_extra.py for tasks to queue
[2025-03-07T14:57:03.640+0100] {logging_mixin.py:190} INFO - [2025-03-07T14:57:03.640+0100] {dagbag.py:588} INFO - Filling up the DagBag from /usr/local/anaconda3/envs/airflow_env/lib/python3.8/site-packages/airflow/example_dags/example_outlet_event_extra.py
[2025-03-07T14:57:03.700+0100] {processor.py:925} INFO - DAG(s) 'dataset_with_extra_by_context', 'dataset_with_extra_from_classic_operator', 'dataset_with_extra_by_yield' retrieved from /usr/local/anaconda3/envs/airflow_env/lib/python3.8/site-packages/airflow/example_dags/example_outlet_event_extra.py
[2025-03-07T14:57:03.774+0100] {logging_mixin.py:190} INFO - [2025-03-07T14:57:03.774+0100] {dag.py:3239} INFO - Sync 3 DAGs
[2025-03-07T14:57:03.788+0100] {logging_mixin.py:190} INFO - [2025-03-07T14:57:03.788+0100] {dag.py:4180} INFO - Setting next_dagrun for dataset_with_extra_by_context to 2025-03-06T00:00:00+00:00, run_after=2025-03-07T00:00:00+00:00
[2025-03-07T14:57:03.791+0100] {logging_mixin.py:190} INFO - [2025-03-07T14:57:03.791+0100] {dag.py:4180} INFO - Setting next_dagrun for dataset_with_extra_by_yield to 2025-03-06T00:00:00+00:00, run_after=2025-03-07T00:00:00+00:00
[2025-03-07T14:57:03.792+0100] {logging_mixin.py:190} INFO - [2025-03-07T14:57:03.792+0100] {dag.py:4180} INFO - Setting next_dagrun for dataset_with_extra_from_classic_operator to 2025-03-06T00:00:00+00:00, run_after=2025-03-07T00:00:00+00:00
[2025-03-07T14:57:03.805+0100] {processor.py:208} INFO - Processing /usr/local/anaconda3/envs/airflow_env/lib/python3.8/site-packages/airflow/example_dags/example_outlet_event_extra.py took 0.172 seconds
[2025-03-07T14:59:14.939+0100] {processor.py:186} INFO - Started process (PID=6703) to work on /usr/local/anaconda3/envs/airflow_env/lib/python3.8/site-packages/airflow/example_dags/example_outlet_event_extra.py
[2025-03-07T14:59:14.942+0100] {processor.py:914} INFO - Processing file /usr/local/anaconda3/envs/airflow_env/lib/python3.8/site-packages/airflow/example_dags/example_outlet_event_extra.py for tasks to queue
[2025-03-07T14:59:14.943+0100] {logging_mixin.py:190} INFO - [2025-03-07T14:59:14.943+0100] {dagbag.py:588} INFO - Filling up the DagBag from /usr/local/anaconda3/envs/airflow_env/lib/python3.8/site-packages/airflow/example_dags/example_outlet_event_extra.py
[2025-03-07T14:59:15.004+0100] {processor.py:925} INFO - DAG(s) 'dataset_with_extra_by_context', 'dataset_with_extra_by_yield', 'dataset_with_extra_from_classic_operator' retrieved from /usr/local/anaconda3/envs/airflow_env/lib/python3.8/site-packages/airflow/example_dags/example_outlet_event_extra.py
[2025-03-07T14:59:15.076+0100] {logging_mixin.py:190} INFO - [2025-03-07T14:59:15.076+0100] {dag.py:3239} INFO - Sync 3 DAGs
[2025-03-07T14:59:15.089+0100] {logging_mixin.py:190} INFO - [2025-03-07T14:59:15.089+0100] {dag.py:4180} INFO - Setting next_dagrun for dataset_with_extra_by_context to 2025-03-06T00:00:00+00:00, run_after=2025-03-07T00:00:00+00:00
[2025-03-07T14:59:15.092+0100] {logging_mixin.py:190} INFO - [2025-03-07T14:59:15.092+0100] {dag.py:4180} INFO - Setting next_dagrun for dataset_with_extra_by_yield to 2025-03-06T00:00:00+00:00, run_after=2025-03-07T00:00:00+00:00
[2025-03-07T14:59:15.093+0100] {logging_mixin.py:190} INFO - [2025-03-07T14:59:15.093+0100] {dag.py:4180} INFO - Setting next_dagrun for dataset_with_extra_from_classic_operator to 2025-03-06T00:00:00+00:00, run_after=2025-03-07T00:00:00+00:00
[2025-03-07T14:59:15.106+0100] {processor.py:208} INFO - Processing /usr/local/anaconda3/envs/airflow_env/lib/python3.8/site-packages/airflow/example_dags/example_outlet_event_extra.py took 0.170 seconds
[2025-03-07T15:01:41.307+0100] {processor.py:186} INFO - Started process (PID=6976) to work on /usr/local/anaconda3/envs/airflow_env/lib/python3.8/site-packages/airflow/example_dags/example_outlet_event_extra.py
[2025-03-07T15:01:41.311+0100] {processor.py:914} INFO - Processing file /usr/local/anaconda3/envs/airflow_env/lib/python3.8/site-packages/airflow/example_dags/example_outlet_event_extra.py for tasks to queue
[2025-03-07T15:01:41.311+0100] {logging_mixin.py:190} INFO - [2025-03-07T15:01:41.311+0100] {dagbag.py:588} INFO - Filling up the DagBag from /usr/local/anaconda3/envs/airflow_env/lib/python3.8/site-packages/airflow/example_dags/example_outlet_event_extra.py
[2025-03-07T15:01:41.372+0100] {processor.py:925} INFO - DAG(s) 'dataset_with_extra_by_context', 'dataset_with_extra_by_yield', 'dataset_with_extra_from_classic_operator' retrieved from /usr/local/anaconda3/envs/airflow_env/lib/python3.8/site-packages/airflow/example_dags/example_outlet_event_extra.py
[2025-03-07T15:01:41.445+0100] {logging_mixin.py:190} INFO - [2025-03-07T15:01:41.445+0100] {dag.py:3239} INFO - Sync 3 DAGs
[2025-03-07T15:01:41.459+0100] {logging_mixin.py:190} INFO - [2025-03-07T15:01:41.459+0100] {dag.py:4180} INFO - Setting next_dagrun for dataset_with_extra_by_context to 2025-03-06T00:00:00+00:00, run_after=2025-03-07T00:00:00+00:00
[2025-03-07T15:01:41.462+0100] {logging_mixin.py:190} INFO - [2025-03-07T15:01:41.462+0100] {dag.py:4180} INFO - Setting next_dagrun for dataset_with_extra_by_yield to 2025-03-06T00:00:00+00:00, run_after=2025-03-07T00:00:00+00:00
[2025-03-07T15:01:41.464+0100] {logging_mixin.py:190} INFO - [2025-03-07T15:01:41.463+0100] {dag.py:4180} INFO - Setting next_dagrun for dataset_with_extra_from_classic_operator to 2025-03-06T00:00:00+00:00, run_after=2025-03-07T00:00:00+00:00
[2025-03-07T15:01:41.477+0100] {processor.py:208} INFO - Processing /usr/local/anaconda3/envs/airflow_env/lib/python3.8/site-packages/airflow/example_dags/example_outlet_event_extra.py took 0.172 seconds
[2025-03-07T15:03:59.145+0100] {processor.py:186} INFO - Started process (PID=7204) to work on /usr/local/anaconda3/envs/airflow_env/lib/python3.8/site-packages/airflow/example_dags/example_outlet_event_extra.py
[2025-03-07T15:03:59.148+0100] {processor.py:914} INFO - Processing file /usr/local/anaconda3/envs/airflow_env/lib/python3.8/site-packages/airflow/example_dags/example_outlet_event_extra.py for tasks to queue
[2025-03-07T15:03:59.149+0100] {logging_mixin.py:190} INFO - [2025-03-07T15:03:59.149+0100] {dagbag.py:588} INFO - Filling up the DagBag from /usr/local/anaconda3/envs/airflow_env/lib/python3.8/site-packages/airflow/example_dags/example_outlet_event_extra.py
[2025-03-07T15:03:59.213+0100] {processor.py:925} INFO - DAG(s) 'dataset_with_extra_by_context', 'dataset_with_extra_by_yield', 'dataset_with_extra_from_classic_operator' retrieved from /usr/local/anaconda3/envs/airflow_env/lib/python3.8/site-packages/airflow/example_dags/example_outlet_event_extra.py
[2025-03-07T15:03:59.287+0100] {logging_mixin.py:190} INFO - [2025-03-07T15:03:59.287+0100] {dag.py:3239} INFO - Sync 3 DAGs
[2025-03-07T15:03:59.301+0100] {logging_mixin.py:190} INFO - [2025-03-07T15:03:59.301+0100] {dag.py:4180} INFO - Setting next_dagrun for dataset_with_extra_by_context to 2025-03-06T00:00:00+00:00, run_after=2025-03-07T00:00:00+00:00
[2025-03-07T15:03:59.304+0100] {logging_mixin.py:190} INFO - [2025-03-07T15:03:59.304+0100] {dag.py:4180} INFO - Setting next_dagrun for dataset_with_extra_by_yield to 2025-03-06T00:00:00+00:00, run_after=2025-03-07T00:00:00+00:00
[2025-03-07T15:03:59.306+0100] {logging_mixin.py:190} INFO - [2025-03-07T15:03:59.305+0100] {dag.py:4180} INFO - Setting next_dagrun for dataset_with_extra_from_classic_operator to 2025-03-06T00:00:00+00:00, run_after=2025-03-07T00:00:00+00:00
[2025-03-07T15:03:59.319+0100] {processor.py:208} INFO - Processing /usr/local/anaconda3/envs/airflow_env/lib/python3.8/site-packages/airflow/example_dags/example_outlet_event_extra.py took 0.177 seconds
[2025-03-07T15:06:17.452+0100] {processor.py:186} INFO - Started process (PID=7459) to work on /usr/local/anaconda3/envs/airflow_env/lib/python3.8/site-packages/airflow/example_dags/example_outlet_event_extra.py
[2025-03-07T15:06:17.455+0100] {processor.py:914} INFO - Processing file /usr/local/anaconda3/envs/airflow_env/lib/python3.8/site-packages/airflow/example_dags/example_outlet_event_extra.py for tasks to queue
[2025-03-07T15:06:17.456+0100] {logging_mixin.py:190} INFO - [2025-03-07T15:06:17.456+0100] {dagbag.py:588} INFO - Filling up the DagBag from /usr/local/anaconda3/envs/airflow_env/lib/python3.8/site-packages/airflow/example_dags/example_outlet_event_extra.py
[2025-03-07T15:06:17.517+0100] {processor.py:925} INFO - DAG(s) 'dataset_with_extra_by_yield', 'dataset_with_extra_from_classic_operator', 'dataset_with_extra_by_context' retrieved from /usr/local/anaconda3/envs/airflow_env/lib/python3.8/site-packages/airflow/example_dags/example_outlet_event_extra.py
[2025-03-07T15:06:17.611+0100] {logging_mixin.py:190} INFO - [2025-03-07T15:06:17.611+0100] {dag.py:3239} INFO - Sync 3 DAGs
[2025-03-07T15:06:17.624+0100] {logging_mixin.py:190} INFO - [2025-03-07T15:06:17.624+0100] {dag.py:4180} INFO - Setting next_dagrun for dataset_with_extra_by_context to 2025-03-06T00:00:00+00:00, run_after=2025-03-07T00:00:00+00:00
[2025-03-07T15:06:17.627+0100] {logging_mixin.py:190} INFO - [2025-03-07T15:06:17.627+0100] {dag.py:4180} INFO - Setting next_dagrun for dataset_with_extra_by_yield to 2025-03-06T00:00:00+00:00, run_after=2025-03-07T00:00:00+00:00
[2025-03-07T15:06:17.629+0100] {logging_mixin.py:190} INFO - [2025-03-07T15:06:17.628+0100] {dag.py:4180} INFO - Setting next_dagrun for dataset_with_extra_from_classic_operator to 2025-03-06T00:00:00+00:00, run_after=2025-03-07T00:00:00+00:00
[2025-03-07T15:06:17.641+0100] {processor.py:208} INFO - Processing /usr/local/anaconda3/envs/airflow_env/lib/python3.8/site-packages/airflow/example_dags/example_outlet_event_extra.py took 0.192 seconds
[2025-03-07T15:08:40.660+0100] {processor.py:186} INFO - Started process (PID=7702) to work on /usr/local/anaconda3/envs/airflow_env/lib/python3.8/site-packages/airflow/example_dags/example_outlet_event_extra.py
[2025-03-07T15:08:40.663+0100] {processor.py:914} INFO - Processing file /usr/local/anaconda3/envs/airflow_env/lib/python3.8/site-packages/airflow/example_dags/example_outlet_event_extra.py for tasks to queue
[2025-03-07T15:08:40.664+0100] {logging_mixin.py:190} INFO - [2025-03-07T15:08:40.664+0100] {dagbag.py:588} INFO - Filling up the DagBag from /usr/local/anaconda3/envs/airflow_env/lib/python3.8/site-packages/airflow/example_dags/example_outlet_event_extra.py
[2025-03-07T15:08:40.727+0100] {processor.py:925} INFO - DAG(s) 'dataset_with_extra_by_yield', 'dataset_with_extra_by_context', 'dataset_with_extra_from_classic_operator' retrieved from /usr/local/anaconda3/envs/airflow_env/lib/python3.8/site-packages/airflow/example_dags/example_outlet_event_extra.py
[2025-03-07T15:08:40.803+0100] {logging_mixin.py:190} INFO - [2025-03-07T15:08:40.803+0100] {dag.py:3239} INFO - Sync 3 DAGs
[2025-03-07T15:08:40.817+0100] {logging_mixin.py:190} INFO - [2025-03-07T15:08:40.816+0100] {dag.py:4180} INFO - Setting next_dagrun for dataset_with_extra_by_context to 2025-03-06T00:00:00+00:00, run_after=2025-03-07T00:00:00+00:00
[2025-03-07T15:08:40.820+0100] {logging_mixin.py:190} INFO - [2025-03-07T15:08:40.819+0100] {dag.py:4180} INFO - Setting next_dagrun for dataset_with_extra_by_yield to 2025-03-06T00:00:00+00:00, run_after=2025-03-07T00:00:00+00:00
[2025-03-07T15:08:40.821+0100] {logging_mixin.py:190} INFO - [2025-03-07T15:08:40.821+0100] {dag.py:4180} INFO - Setting next_dagrun for dataset_with_extra_from_classic_operator to 2025-03-06T00:00:00+00:00, run_after=2025-03-07T00:00:00+00:00
[2025-03-07T15:08:40.834+0100] {processor.py:208} INFO - Processing /usr/local/anaconda3/envs/airflow_env/lib/python3.8/site-packages/airflow/example_dags/example_outlet_event_extra.py took 0.178 seconds
[2025-03-07T15:11:07.818+0100] {processor.py:186} INFO - Started process (PID=7933) to work on /usr/local/anaconda3/envs/airflow_env/lib/python3.8/site-packages/airflow/example_dags/example_outlet_event_extra.py
[2025-03-07T15:11:07.821+0100] {processor.py:914} INFO - Processing file /usr/local/anaconda3/envs/airflow_env/lib/python3.8/site-packages/airflow/example_dags/example_outlet_event_extra.py for tasks to queue
[2025-03-07T15:11:07.822+0100] {logging_mixin.py:190} INFO - [2025-03-07T15:11:07.822+0100] {dagbag.py:588} INFO - Filling up the DagBag from /usr/local/anaconda3/envs/airflow_env/lib/python3.8/site-packages/airflow/example_dags/example_outlet_event_extra.py
[2025-03-07T15:11:07.885+0100] {processor.py:925} INFO - DAG(s) 'dataset_with_extra_by_context', 'dataset_with_extra_from_classic_operator', 'dataset_with_extra_by_yield' retrieved from /usr/local/anaconda3/envs/airflow_env/lib/python3.8/site-packages/airflow/example_dags/example_outlet_event_extra.py
[2025-03-07T15:11:07.959+0100] {logging_mixin.py:190} INFO - [2025-03-07T15:11:07.959+0100] {dag.py:3239} INFO - Sync 3 DAGs
[2025-03-07T15:11:07.972+0100] {logging_mixin.py:190} INFO - [2025-03-07T15:11:07.972+0100] {dag.py:4180} INFO - Setting next_dagrun for dataset_with_extra_by_context to 2025-03-06T00:00:00+00:00, run_after=2025-03-07T00:00:00+00:00
[2025-03-07T15:11:07.975+0100] {logging_mixin.py:190} INFO - [2025-03-07T15:11:07.975+0100] {dag.py:4180} INFO - Setting next_dagrun for dataset_with_extra_by_yield to 2025-03-06T00:00:00+00:00, run_after=2025-03-07T00:00:00+00:00
[2025-03-07T15:11:07.976+0100] {logging_mixin.py:190} INFO - [2025-03-07T15:11:07.976+0100] {dag.py:4180} INFO - Setting next_dagrun for dataset_with_extra_from_classic_operator to 2025-03-06T00:00:00+00:00, run_after=2025-03-07T00:00:00+00:00
[2025-03-07T15:11:07.989+0100] {processor.py:208} INFO - Processing /usr/local/anaconda3/envs/airflow_env/lib/python3.8/site-packages/airflow/example_dags/example_outlet_event_extra.py took 0.174 seconds
[2025-03-07T15:13:52.599+0100] {processor.py:186} INFO - Started process (PID=8327) to work on /usr/local/anaconda3/envs/airflow_env/lib/python3.8/site-packages/airflow/example_dags/example_outlet_event_extra.py
[2025-03-07T15:13:52.602+0100] {processor.py:914} INFO - Processing file /usr/local/anaconda3/envs/airflow_env/lib/python3.8/site-packages/airflow/example_dags/example_outlet_event_extra.py for tasks to queue
[2025-03-07T15:13:52.603+0100] {logging_mixin.py:190} INFO - [2025-03-07T15:13:52.603+0100] {dagbag.py:588} INFO - Filling up the DagBag from /usr/local/anaconda3/envs/airflow_env/lib/python3.8/site-packages/airflow/example_dags/example_outlet_event_extra.py
[2025-03-07T15:13:52.665+0100] {processor.py:925} INFO - DAG(s) 'dataset_with_extra_from_classic_operator', 'dataset_with_extra_by_context', 'dataset_with_extra_by_yield' retrieved from /usr/local/anaconda3/envs/airflow_env/lib/python3.8/site-packages/airflow/example_dags/example_outlet_event_extra.py
[2025-03-07T15:13:52.743+0100] {logging_mixin.py:190} INFO - [2025-03-07T15:13:52.743+0100] {dag.py:3239} INFO - Sync 3 DAGs
[2025-03-07T15:13:52.757+0100] {logging_mixin.py:190} INFO - [2025-03-07T15:13:52.757+0100] {dag.py:4180} INFO - Setting next_dagrun for dataset_with_extra_by_context to 2025-03-06T00:00:00+00:00, run_after=2025-03-07T00:00:00+00:00
[2025-03-07T15:13:52.760+0100] {logging_mixin.py:190} INFO - [2025-03-07T15:13:52.760+0100] {dag.py:4180} INFO - Setting next_dagrun for dataset_with_extra_by_yield to 2025-03-06T00:00:00+00:00, run_after=2025-03-07T00:00:00+00:00
[2025-03-07T15:13:52.762+0100] {logging_mixin.py:190} INFO - [2025-03-07T15:13:52.762+0100] {dag.py:4180} INFO - Setting next_dagrun for dataset_with_extra_from_classic_operator to 2025-03-06T00:00:00+00:00, run_after=2025-03-07T00:00:00+00:00
[2025-03-07T15:13:52.777+0100] {processor.py:208} INFO - Processing /usr/local/anaconda3/envs/airflow_env/lib/python3.8/site-packages/airflow/example_dags/example_outlet_event_extra.py took 0.181 seconds
[2025-03-07T15:16:48.088+0100] {processor.py:186} INFO - Started process (PID=8561) to work on /usr/local/anaconda3/envs/airflow_env/lib/python3.8/site-packages/airflow/example_dags/example_outlet_event_extra.py
[2025-03-07T15:16:48.091+0100] {processor.py:914} INFO - Processing file /usr/local/anaconda3/envs/airflow_env/lib/python3.8/site-packages/airflow/example_dags/example_outlet_event_extra.py for tasks to queue
[2025-03-07T15:16:48.092+0100] {logging_mixin.py:190} INFO - [2025-03-07T15:16:48.092+0100] {dagbag.py:588} INFO - Filling up the DagBag from /usr/local/anaconda3/envs/airflow_env/lib/python3.8/site-packages/airflow/example_dags/example_outlet_event_extra.py
[2025-03-07T15:16:48.155+0100] {processor.py:925} INFO - DAG(s) 'dataset_with_extra_from_classic_operator', 'dataset_with_extra_by_context', 'dataset_with_extra_by_yield' retrieved from /usr/local/anaconda3/envs/airflow_env/lib/python3.8/site-packages/airflow/example_dags/example_outlet_event_extra.py
[2025-03-07T15:16:48.228+0100] {logging_mixin.py:190} INFO - [2025-03-07T15:16:48.227+0100] {dag.py:3239} INFO - Sync 3 DAGs
[2025-03-07T15:16:48.241+0100] {logging_mixin.py:190} INFO - [2025-03-07T15:16:48.241+0100] {dag.py:4180} INFO - Setting next_dagrun for dataset_with_extra_by_context to 2025-03-06T00:00:00+00:00, run_after=2025-03-07T00:00:00+00:00
[2025-03-07T15:16:48.244+0100] {logging_mixin.py:190} INFO - [2025-03-07T15:16:48.244+0100] {dag.py:4180} INFO - Setting next_dagrun for dataset_with_extra_by_yield to 2025-03-06T00:00:00+00:00, run_after=2025-03-07T00:00:00+00:00
[2025-03-07T15:16:48.245+0100] {logging_mixin.py:190} INFO - [2025-03-07T15:16:48.245+0100] {dag.py:4180} INFO - Setting next_dagrun for dataset_with_extra_from_classic_operator to 2025-03-06T00:00:00+00:00, run_after=2025-03-07T00:00:00+00:00
[2025-03-07T15:16:48.258+0100] {processor.py:208} INFO - Processing /usr/local/anaconda3/envs/airflow_env/lib/python3.8/site-packages/airflow/example_dags/example_outlet_event_extra.py took 0.173 seconds
[2025-03-07T15:19:06.287+0100] {processor.py:186} INFO - Started process (PID=8930) to work on /usr/local/anaconda3/envs/airflow_env/lib/python3.8/site-packages/airflow/example_dags/example_outlet_event_extra.py
[2025-03-07T15:19:06.290+0100] {processor.py:914} INFO - Processing file /usr/local/anaconda3/envs/airflow_env/lib/python3.8/site-packages/airflow/example_dags/example_outlet_event_extra.py for tasks to queue
[2025-03-07T15:19:06.291+0100] {logging_mixin.py:190} INFO - [2025-03-07T15:19:06.291+0100] {dagbag.py:588} INFO - Filling up the DagBag from /usr/local/anaconda3/envs/airflow_env/lib/python3.8/site-packages/airflow/example_dags/example_outlet_event_extra.py
[2025-03-07T15:19:06.351+0100] {processor.py:925} INFO - DAG(s) 'dataset_with_extra_from_classic_operator', 'dataset_with_extra_by_context', 'dataset_with_extra_by_yield' retrieved from /usr/local/anaconda3/envs/airflow_env/lib/python3.8/site-packages/airflow/example_dags/example_outlet_event_extra.py
[2025-03-07T15:19:06.422+0100] {logging_mixin.py:190} INFO - [2025-03-07T15:19:06.421+0100] {dag.py:3239} INFO - Sync 3 DAGs
[2025-03-07T15:19:06.435+0100] {logging_mixin.py:190} INFO - [2025-03-07T15:19:06.434+0100] {dag.py:4180} INFO - Setting next_dagrun for dataset_with_extra_by_context to 2025-03-06T00:00:00+00:00, run_after=2025-03-07T00:00:00+00:00
[2025-03-07T15:19:06.437+0100] {logging_mixin.py:190} INFO - [2025-03-07T15:19:06.437+0100] {dag.py:4180} INFO - Setting next_dagrun for dataset_with_extra_by_yield to 2025-03-06T00:00:00+00:00, run_after=2025-03-07T00:00:00+00:00
[2025-03-07T15:19:06.439+0100] {logging_mixin.py:190} INFO - [2025-03-07T15:19:06.439+0100] {dag.py:4180} INFO - Setting next_dagrun for dataset_with_extra_from_classic_operator to 2025-03-06T00:00:00+00:00, run_after=2025-03-07T00:00:00+00:00
[2025-03-07T15:19:06.452+0100] {processor.py:208} INFO - Processing /usr/local/anaconda3/envs/airflow_env/lib/python3.8/site-packages/airflow/example_dags/example_outlet_event_extra.py took 0.167 seconds
[2025-03-07T15:21:21.059+0100] {processor.py:186} INFO - Started process (PID=9220) to work on /usr/local/anaconda3/envs/airflow_env/lib/python3.8/site-packages/airflow/example_dags/example_outlet_event_extra.py
[2025-03-07T15:21:21.063+0100] {processor.py:914} INFO - Processing file /usr/local/anaconda3/envs/airflow_env/lib/python3.8/site-packages/airflow/example_dags/example_outlet_event_extra.py for tasks to queue
[2025-03-07T15:21:21.064+0100] {logging_mixin.py:190} INFO - [2025-03-07T15:21:21.063+0100] {dagbag.py:588} INFO - Filling up the DagBag from /usr/local/anaconda3/envs/airflow_env/lib/python3.8/site-packages/airflow/example_dags/example_outlet_event_extra.py
[2025-03-07T15:21:21.126+0100] {processor.py:925} INFO - DAG(s) 'dataset_with_extra_from_classic_operator', 'dataset_with_extra_by_yield', 'dataset_with_extra_by_context' retrieved from /usr/local/anaconda3/envs/airflow_env/lib/python3.8/site-packages/airflow/example_dags/example_outlet_event_extra.py
[2025-03-07T15:21:21.201+0100] {logging_mixin.py:190} INFO - [2025-03-07T15:21:21.201+0100] {dag.py:3239} INFO - Sync 3 DAGs
[2025-03-07T15:21:21.215+0100] {logging_mixin.py:190} INFO - [2025-03-07T15:21:21.214+0100] {dag.py:4180} INFO - Setting next_dagrun for dataset_with_extra_by_context to 2025-03-06T00:00:00+00:00, run_after=2025-03-07T00:00:00+00:00
[2025-03-07T15:21:21.217+0100] {logging_mixin.py:190} INFO - [2025-03-07T15:21:21.217+0100] {dag.py:4180} INFO - Setting next_dagrun for dataset_with_extra_by_yield to 2025-03-06T00:00:00+00:00, run_after=2025-03-07T00:00:00+00:00
[2025-03-07T15:21:21.219+0100] {logging_mixin.py:190} INFO - [2025-03-07T15:21:21.219+0100] {dag.py:4180} INFO - Setting next_dagrun for dataset_with_extra_from_classic_operator to 2025-03-06T00:00:00+00:00, run_after=2025-03-07T00:00:00+00:00
[2025-03-07T15:21:21.232+0100] {processor.py:208} INFO - Processing /usr/local/anaconda3/envs/airflow_env/lib/python3.8/site-packages/airflow/example_dags/example_outlet_event_extra.py took 0.176 seconds
[2025-03-07T15:23:37.850+0100] {processor.py:186} INFO - Started process (PID=9499) to work on /usr/local/anaconda3/envs/airflow_env/lib/python3.8/site-packages/airflow/example_dags/example_outlet_event_extra.py
[2025-03-07T15:23:37.853+0100] {processor.py:914} INFO - Processing file /usr/local/anaconda3/envs/airflow_env/lib/python3.8/site-packages/airflow/example_dags/example_outlet_event_extra.py for tasks to queue
[2025-03-07T15:23:37.854+0100] {logging_mixin.py:190} INFO - [2025-03-07T15:23:37.854+0100] {dagbag.py:588} INFO - Filling up the DagBag from /usr/local/anaconda3/envs/airflow_env/lib/python3.8/site-packages/airflow/example_dags/example_outlet_event_extra.py
[2025-03-07T15:23:37.915+0100] {processor.py:925} INFO - DAG(s) 'dataset_with_extra_by_context', 'dataset_with_extra_by_yield', 'dataset_with_extra_from_classic_operator' retrieved from /usr/local/anaconda3/envs/airflow_env/lib/python3.8/site-packages/airflow/example_dags/example_outlet_event_extra.py
[2025-03-07T15:23:37.986+0100] {logging_mixin.py:190} INFO - [2025-03-07T15:23:37.985+0100] {dag.py:3239} INFO - Sync 3 DAGs
[2025-03-07T15:23:38.000+0100] {logging_mixin.py:190} INFO - [2025-03-07T15:23:38.000+0100] {dag.py:4180} INFO - Setting next_dagrun for dataset_with_extra_by_context to 2025-03-06T00:00:00+00:00, run_after=2025-03-07T00:00:00+00:00
[2025-03-07T15:23:38.003+0100] {logging_mixin.py:190} INFO - [2025-03-07T15:23:38.003+0100] {dag.py:4180} INFO - Setting next_dagrun for dataset_with_extra_by_yield to 2025-03-06T00:00:00+00:00, run_after=2025-03-07T00:00:00+00:00
[2025-03-07T15:23:38.005+0100] {logging_mixin.py:190} INFO - [2025-03-07T15:23:38.005+0100] {dag.py:4180} INFO - Setting next_dagrun for dataset_with_extra_from_classic_operator to 2025-03-06T00:00:00+00:00, run_after=2025-03-07T00:00:00+00:00
[2025-03-07T15:23:38.018+0100] {processor.py:208} INFO - Processing /usr/local/anaconda3/envs/airflow_env/lib/python3.8/site-packages/airflow/example_dags/example_outlet_event_extra.py took 0.171 seconds
[2025-03-07T15:25:57.347+0100] {processor.py:186} INFO - Started process (PID=9829) to work on /usr/local/anaconda3/envs/airflow_env/lib/python3.8/site-packages/airflow/example_dags/example_outlet_event_extra.py
[2025-03-07T15:25:57.350+0100] {processor.py:914} INFO - Processing file /usr/local/anaconda3/envs/airflow_env/lib/python3.8/site-packages/airflow/example_dags/example_outlet_event_extra.py for tasks to queue
[2025-03-07T15:25:57.351+0100] {logging_mixin.py:190} INFO - [2025-03-07T15:25:57.351+0100] {dagbag.py:588} INFO - Filling up the DagBag from /usr/local/anaconda3/envs/airflow_env/lib/python3.8/site-packages/airflow/example_dags/example_outlet_event_extra.py
[2025-03-07T15:25:57.411+0100] {processor.py:925} INFO - DAG(s) 'dataset_with_extra_by_yield', 'dataset_with_extra_by_context', 'dataset_with_extra_from_classic_operator' retrieved from /usr/local/anaconda3/envs/airflow_env/lib/python3.8/site-packages/airflow/example_dags/example_outlet_event_extra.py
[2025-03-07T15:25:57.482+0100] {logging_mixin.py:190} INFO - [2025-03-07T15:25:57.482+0100] {dag.py:3239} INFO - Sync 3 DAGs
[2025-03-07T15:25:57.495+0100] {logging_mixin.py:190} INFO - [2025-03-07T15:25:57.495+0100] {dag.py:4180} INFO - Setting next_dagrun for dataset_with_extra_by_context to 2025-03-06T00:00:00+00:00, run_after=2025-03-07T00:00:00+00:00
[2025-03-07T15:25:57.498+0100] {logging_mixin.py:190} INFO - [2025-03-07T15:25:57.498+0100] {dag.py:4180} INFO - Setting next_dagrun for dataset_with_extra_by_yield to 2025-03-06T00:00:00+00:00, run_after=2025-03-07T00:00:00+00:00
[2025-03-07T15:25:57.499+0100] {logging_mixin.py:190} INFO - [2025-03-07T15:25:57.499+0100] {dag.py:4180} INFO - Setting next_dagrun for dataset_with_extra_from_classic_operator to 2025-03-06T00:00:00+00:00, run_after=2025-03-07T00:00:00+00:00
[2025-03-07T15:25:57.512+0100] {processor.py:208} INFO - Processing /usr/local/anaconda3/envs/airflow_env/lib/python3.8/site-packages/airflow/example_dags/example_outlet_event_extra.py took 0.168 seconds
[2025-03-07T15:28:18.830+0100] {processor.py:186} INFO - Started process (PID=10166) to work on /usr/local/anaconda3/envs/airflow_env/lib/python3.8/site-packages/airflow/example_dags/example_outlet_event_extra.py
[2025-03-07T15:28:18.834+0100] {processor.py:914} INFO - Processing file /usr/local/anaconda3/envs/airflow_env/lib/python3.8/site-packages/airflow/example_dags/example_outlet_event_extra.py for tasks to queue
[2025-03-07T15:28:18.835+0100] {logging_mixin.py:190} INFO - [2025-03-07T15:28:18.835+0100] {dagbag.py:588} INFO - Filling up the DagBag from /usr/local/anaconda3/envs/airflow_env/lib/python3.8/site-packages/airflow/example_dags/example_outlet_event_extra.py
[2025-03-07T15:28:18.901+0100] {processor.py:925} INFO - DAG(s) 'dataset_with_extra_from_classic_operator', 'dataset_with_extra_by_yield', 'dataset_with_extra_by_context' retrieved from /usr/local/anaconda3/envs/airflow_env/lib/python3.8/site-packages/airflow/example_dags/example_outlet_event_extra.py
[2025-03-07T15:28:18.977+0100] {logging_mixin.py:190} INFO - [2025-03-07T15:28:18.977+0100] {dag.py:3239} INFO - Sync 3 DAGs
[2025-03-07T15:28:18.992+0100] {logging_mixin.py:190} INFO - [2025-03-07T15:28:18.992+0100] {dag.py:4180} INFO - Setting next_dagrun for dataset_with_extra_by_context to 2025-03-06T00:00:00+00:00, run_after=2025-03-07T00:00:00+00:00
[2025-03-07T15:28:18.995+0100] {logging_mixin.py:190} INFO - [2025-03-07T15:28:18.995+0100] {dag.py:4180} INFO - Setting next_dagrun for dataset_with_extra_by_yield to 2025-03-06T00:00:00+00:00, run_after=2025-03-07T00:00:00+00:00
[2025-03-07T15:28:18.997+0100] {logging_mixin.py:190} INFO - [2025-03-07T15:28:18.997+0100] {dag.py:4180} INFO - Setting next_dagrun for dataset_with_extra_from_classic_operator to 2025-03-06T00:00:00+00:00, run_after=2025-03-07T00:00:00+00:00
[2025-03-07T15:28:19.012+0100] {processor.py:208} INFO - Processing /usr/local/anaconda3/envs/airflow_env/lib/python3.8/site-packages/airflow/example_dags/example_outlet_event_extra.py took 0.185 seconds
[2025-03-07T15:30:55.450+0100] {processor.py:186} INFO - Started process (PID=10405) to work on /usr/local/anaconda3/envs/airflow_env/lib/python3.8/site-packages/airflow/example_dags/example_outlet_event_extra.py
[2025-03-07T15:30:55.454+0100] {processor.py:914} INFO - Processing file /usr/local/anaconda3/envs/airflow_env/lib/python3.8/site-packages/airflow/example_dags/example_outlet_event_extra.py for tasks to queue
[2025-03-07T15:30:55.454+0100] {logging_mixin.py:190} INFO - [2025-03-07T15:30:55.454+0100] {dagbag.py:588} INFO - Filling up the DagBag from /usr/local/anaconda3/envs/airflow_env/lib/python3.8/site-packages/airflow/example_dags/example_outlet_event_extra.py
[2025-03-07T15:30:55.514+0100] {processor.py:925} INFO - DAG(s) 'dataset_with_extra_by_context', 'dataset_with_extra_by_yield', 'dataset_with_extra_from_classic_operator' retrieved from /usr/local/anaconda3/envs/airflow_env/lib/python3.8/site-packages/airflow/example_dags/example_outlet_event_extra.py
[2025-03-07T15:30:55.588+0100] {logging_mixin.py:190} INFO - [2025-03-07T15:30:55.588+0100] {dag.py:3239} INFO - Sync 3 DAGs
[2025-03-07T15:30:55.602+0100] {logging_mixin.py:190} INFO - [2025-03-07T15:30:55.602+0100] {dag.py:4180} INFO - Setting next_dagrun for dataset_with_extra_by_context to 2025-03-06T00:00:00+00:00, run_after=2025-03-07T00:00:00+00:00
[2025-03-07T15:30:55.605+0100] {logging_mixin.py:190} INFO - [2025-03-07T15:30:55.604+0100] {dag.py:4180} INFO - Setting next_dagrun for dataset_with_extra_by_yield to 2025-03-06T00:00:00+00:00, run_after=2025-03-07T00:00:00+00:00
[2025-03-07T15:30:55.606+0100] {logging_mixin.py:190} INFO - [2025-03-07T15:30:55.606+0100] {dag.py:4180} INFO - Setting next_dagrun for dataset_with_extra_from_classic_operator to 2025-03-06T00:00:00+00:00, run_after=2025-03-07T00:00:00+00:00
[2025-03-07T15:30:55.621+0100] {processor.py:208} INFO - Processing /usr/local/anaconda3/envs/airflow_env/lib/python3.8/site-packages/airflow/example_dags/example_outlet_event_extra.py took 0.174 seconds
[2025-03-07T15:33:42.263+0100] {processor.py:186} INFO - Started process (PID=10677) to work on /usr/local/anaconda3/envs/airflow_env/lib/python3.8/site-packages/airflow/example_dags/example_outlet_event_extra.py
[2025-03-07T15:33:42.266+0100] {processor.py:914} INFO - Processing file /usr/local/anaconda3/envs/airflow_env/lib/python3.8/site-packages/airflow/example_dags/example_outlet_event_extra.py for tasks to queue
[2025-03-07T15:33:42.267+0100] {logging_mixin.py:190} INFO - [2025-03-07T15:33:42.267+0100] {dagbag.py:588} INFO - Filling up the DagBag from /usr/local/anaconda3/envs/airflow_env/lib/python3.8/site-packages/airflow/example_dags/example_outlet_event_extra.py
[2025-03-07T15:33:42.329+0100] {processor.py:925} INFO - DAG(s) 'dataset_with_extra_from_classic_operator', 'dataset_with_extra_by_yield', 'dataset_with_extra_by_context' retrieved from /usr/local/anaconda3/envs/airflow_env/lib/python3.8/site-packages/airflow/example_dags/example_outlet_event_extra.py
[2025-03-07T15:33:42.403+0100] {logging_mixin.py:190} INFO - [2025-03-07T15:33:42.403+0100] {dag.py:3239} INFO - Sync 3 DAGs
[2025-03-07T15:33:42.417+0100] {logging_mixin.py:190} INFO - [2025-03-07T15:33:42.416+0100] {dag.py:4180} INFO - Setting next_dagrun for dataset_with_extra_by_context to 2025-03-06T00:00:00+00:00, run_after=2025-03-07T00:00:00+00:00
[2025-03-07T15:33:42.419+0100] {logging_mixin.py:190} INFO - [2025-03-07T15:33:42.419+0100] {dag.py:4180} INFO - Setting next_dagrun for dataset_with_extra_by_yield to 2025-03-06T00:00:00+00:00, run_after=2025-03-07T00:00:00+00:00
[2025-03-07T15:33:42.421+0100] {logging_mixin.py:190} INFO - [2025-03-07T15:33:42.421+0100] {dag.py:4180} INFO - Setting next_dagrun for dataset_with_extra_from_classic_operator to 2025-03-06T00:00:00+00:00, run_after=2025-03-07T00:00:00+00:00
[2025-03-07T15:33:42.434+0100] {processor.py:208} INFO - Processing /usr/local/anaconda3/envs/airflow_env/lib/python3.8/site-packages/airflow/example_dags/example_outlet_event_extra.py took 0.175 seconds
[2025-03-07T15:35:58.327+0100] {processor.py:186} INFO - Started process (PID=10959) to work on /usr/local/anaconda3/envs/airflow_env/lib/python3.8/site-packages/airflow/example_dags/example_outlet_event_extra.py
[2025-03-07T15:35:58.330+0100] {processor.py:914} INFO - Processing file /usr/local/anaconda3/envs/airflow_env/lib/python3.8/site-packages/airflow/example_dags/example_outlet_event_extra.py for tasks to queue
[2025-03-07T15:35:58.331+0100] {logging_mixin.py:190} INFO - [2025-03-07T15:35:58.331+0100] {dagbag.py:588} INFO - Filling up the DagBag from /usr/local/anaconda3/envs/airflow_env/lib/python3.8/site-packages/airflow/example_dags/example_outlet_event_extra.py
[2025-03-07T15:35:58.395+0100] {processor.py:925} INFO - DAG(s) 'dataset_with_extra_by_yield', 'dataset_with_extra_from_classic_operator', 'dataset_with_extra_by_context' retrieved from /usr/local/anaconda3/envs/airflow_env/lib/python3.8/site-packages/airflow/example_dags/example_outlet_event_extra.py
[2025-03-07T15:35:58.468+0100] {logging_mixin.py:190} INFO - [2025-03-07T15:35:58.468+0100] {dag.py:3239} INFO - Sync 3 DAGs
[2025-03-07T15:35:58.483+0100] {logging_mixin.py:190} INFO - [2025-03-07T15:35:58.482+0100] {dag.py:4180} INFO - Setting next_dagrun for dataset_with_extra_by_context to 2025-03-06T00:00:00+00:00, run_after=2025-03-07T00:00:00+00:00
[2025-03-07T15:35:58.486+0100] {logging_mixin.py:190} INFO - [2025-03-07T15:35:58.485+0100] {dag.py:4180} INFO - Setting next_dagrun for dataset_with_extra_by_yield to 2025-03-06T00:00:00+00:00, run_after=2025-03-07T00:00:00+00:00
[2025-03-07T15:35:58.487+0100] {logging_mixin.py:190} INFO - [2025-03-07T15:35:58.487+0100] {dag.py:4180} INFO - Setting next_dagrun for dataset_with_extra_from_classic_operator to 2025-03-06T00:00:00+00:00, run_after=2025-03-07T00:00:00+00:00
[2025-03-07T15:35:58.500+0100] {processor.py:208} INFO - Processing /usr/local/anaconda3/envs/airflow_env/lib/python3.8/site-packages/airflow/example_dags/example_outlet_event_extra.py took 0.176 seconds
[2025-03-07T15:38:12.902+0100] {processor.py:186} INFO - Started process (PID=11209) to work on /usr/local/anaconda3/envs/airflow_env/lib/python3.8/site-packages/airflow/example_dags/example_outlet_event_extra.py
[2025-03-07T15:38:12.905+0100] {processor.py:914} INFO - Processing file /usr/local/anaconda3/envs/airflow_env/lib/python3.8/site-packages/airflow/example_dags/example_outlet_event_extra.py for tasks to queue
[2025-03-07T15:38:12.906+0100] {logging_mixin.py:190} INFO - [2025-03-07T15:38:12.906+0100] {dagbag.py:588} INFO - Filling up the DagBag from /usr/local/anaconda3/envs/airflow_env/lib/python3.8/site-packages/airflow/example_dags/example_outlet_event_extra.py
[2025-03-07T15:38:12.973+0100] {processor.py:925} INFO - DAG(s) 'dataset_with_extra_from_classic_operator', 'dataset_with_extra_by_context', 'dataset_with_extra_by_yield' retrieved from /usr/local/anaconda3/envs/airflow_env/lib/python3.8/site-packages/airflow/example_dags/example_outlet_event_extra.py
[2025-03-07T15:38:13.049+0100] {logging_mixin.py:190} INFO - [2025-03-07T15:38:13.048+0100] {dag.py:3239} INFO - Sync 3 DAGs
[2025-03-07T15:38:13.063+0100] {logging_mixin.py:190} INFO - [2025-03-07T15:38:13.062+0100] {dag.py:4180} INFO - Setting next_dagrun for dataset_with_extra_by_context to 2025-03-06T00:00:00+00:00, run_after=2025-03-07T00:00:00+00:00
[2025-03-07T15:38:13.066+0100] {logging_mixin.py:190} INFO - [2025-03-07T15:38:13.065+0100] {dag.py:4180} INFO - Setting next_dagrun for dataset_with_extra_by_yield to 2025-03-06T00:00:00+00:00, run_after=2025-03-07T00:00:00+00:00
[2025-03-07T15:38:13.067+0100] {logging_mixin.py:190} INFO - [2025-03-07T15:38:13.067+0100] {dag.py:4180} INFO - Setting next_dagrun for dataset_with_extra_from_classic_operator to 2025-03-06T00:00:00+00:00, run_after=2025-03-07T00:00:00+00:00
[2025-03-07T15:38:13.081+0100] {processor.py:208} INFO - Processing /usr/local/anaconda3/envs/airflow_env/lib/python3.8/site-packages/airflow/example_dags/example_outlet_event_extra.py took 0.182 seconds
[2025-03-07T15:40:25.114+0100] {processor.py:186} INFO - Started process (PID=11431) to work on /usr/local/anaconda3/envs/airflow_env/lib/python3.8/site-packages/airflow/example_dags/example_outlet_event_extra.py
[2025-03-07T15:40:25.117+0100] {processor.py:914} INFO - Processing file /usr/local/anaconda3/envs/airflow_env/lib/python3.8/site-packages/airflow/example_dags/example_outlet_event_extra.py for tasks to queue
[2025-03-07T15:40:25.118+0100] {logging_mixin.py:190} INFO - [2025-03-07T15:40:25.118+0100] {dagbag.py:588} INFO - Filling up the DagBag from /usr/local/anaconda3/envs/airflow_env/lib/python3.8/site-packages/airflow/example_dags/example_outlet_event_extra.py
[2025-03-07T15:40:25.181+0100] {processor.py:925} INFO - DAG(s) 'dataset_with_extra_by_yield', 'dataset_with_extra_from_classic_operator', 'dataset_with_extra_by_context' retrieved from /usr/local/anaconda3/envs/airflow_env/lib/python3.8/site-packages/airflow/example_dags/example_outlet_event_extra.py
[2025-03-07T15:40:25.255+0100] {logging_mixin.py:190} INFO - [2025-03-07T15:40:25.255+0100] {dag.py:3239} INFO - Sync 3 DAGs
[2025-03-07T15:40:25.269+0100] {logging_mixin.py:190} INFO - [2025-03-07T15:40:25.269+0100] {dag.py:4180} INFO - Setting next_dagrun for dataset_with_extra_by_context to 2025-03-06T00:00:00+00:00, run_after=2025-03-07T00:00:00+00:00
[2025-03-07T15:40:25.272+0100] {logging_mixin.py:190} INFO - [2025-03-07T15:40:25.272+0100] {dag.py:4180} INFO - Setting next_dagrun for dataset_with_extra_by_yield to 2025-03-06T00:00:00+00:00, run_after=2025-03-07T00:00:00+00:00
[2025-03-07T15:40:25.274+0100] {logging_mixin.py:190} INFO - [2025-03-07T15:40:25.274+0100] {dag.py:4180} INFO - Setting next_dagrun for dataset_with_extra_from_classic_operator to 2025-03-06T00:00:00+00:00, run_after=2025-03-07T00:00:00+00:00
[2025-03-07T15:40:25.287+0100] {processor.py:208} INFO - Processing /usr/local/anaconda3/envs/airflow_env/lib/python3.8/site-packages/airflow/example_dags/example_outlet_event_extra.py took 0.176 seconds
[2025-03-07T15:42:37.012+0100] {processor.py:186} INFO - Started process (PID=11611) to work on /usr/local/anaconda3/envs/airflow_env/lib/python3.8/site-packages/airflow/example_dags/example_outlet_event_extra.py
[2025-03-07T15:42:37.016+0100] {processor.py:914} INFO - Processing file /usr/local/anaconda3/envs/airflow_env/lib/python3.8/site-packages/airflow/example_dags/example_outlet_event_extra.py for tasks to queue
[2025-03-07T15:42:37.016+0100] {logging_mixin.py:190} INFO - [2025-03-07T15:42:37.016+0100] {dagbag.py:588} INFO - Filling up the DagBag from /usr/local/anaconda3/envs/airflow_env/lib/python3.8/site-packages/airflow/example_dags/example_outlet_event_extra.py
[2025-03-07T15:42:37.079+0100] {processor.py:925} INFO - DAG(s) 'dataset_with_extra_by_context', 'dataset_with_extra_by_yield', 'dataset_with_extra_from_classic_operator' retrieved from /usr/local/anaconda3/envs/airflow_env/lib/python3.8/site-packages/airflow/example_dags/example_outlet_event_extra.py
[2025-03-07T15:42:37.176+0100] {logging_mixin.py:190} INFO - [2025-03-07T15:42:37.175+0100] {dag.py:3239} INFO - Sync 3 DAGs
[2025-03-07T15:42:37.191+0100] {logging_mixin.py:190} INFO - [2025-03-07T15:42:37.191+0100] {dag.py:4180} INFO - Setting next_dagrun for dataset_with_extra_by_context to 2025-03-06T00:00:00+00:00, run_after=2025-03-07T00:00:00+00:00
[2025-03-07T15:42:37.194+0100] {logging_mixin.py:190} INFO - [2025-03-07T15:42:37.193+0100] {dag.py:4180} INFO - Setting next_dagrun for dataset_with_extra_by_yield to 2025-03-06T00:00:00+00:00, run_after=2025-03-07T00:00:00+00:00
[2025-03-07T15:42:37.195+0100] {logging_mixin.py:190} INFO - [2025-03-07T15:42:37.195+0100] {dag.py:4180} INFO - Setting next_dagrun for dataset_with_extra_from_classic_operator to 2025-03-06T00:00:00+00:00, run_after=2025-03-07T00:00:00+00:00
[2025-03-07T15:42:37.209+0100] {processor.py:208} INFO - Processing /usr/local/anaconda3/envs/airflow_env/lib/python3.8/site-packages/airflow/example_dags/example_outlet_event_extra.py took 0.200 seconds
[2025-03-07T15:47:14.402+0100] {processor.py:186} INFO - Started process (PID=12068) to work on /usr/local/anaconda3/envs/airflow_env/lib/python3.8/site-packages/airflow/example_dags/example_outlet_event_extra.py
[2025-03-07T15:47:14.406+0100] {processor.py:914} INFO - Processing file /usr/local/anaconda3/envs/airflow_env/lib/python3.8/site-packages/airflow/example_dags/example_outlet_event_extra.py for tasks to queue
[2025-03-07T15:47:14.407+0100] {logging_mixin.py:190} INFO - [2025-03-07T15:47:14.406+0100] {dagbag.py:588} INFO - Filling up the DagBag from /usr/local/anaconda3/envs/airflow_env/lib/python3.8/site-packages/airflow/example_dags/example_outlet_event_extra.py
[2025-03-07T15:47:14.473+0100] {processor.py:925} INFO - DAG(s) 'dataset_with_extra_from_classic_operator', 'dataset_with_extra_by_yield', 'dataset_with_extra_by_context' retrieved from /usr/local/anaconda3/envs/airflow_env/lib/python3.8/site-packages/airflow/example_dags/example_outlet_event_extra.py
[2025-03-07T15:47:14.551+0100] {logging_mixin.py:190} INFO - [2025-03-07T15:47:14.551+0100] {dag.py:3239} INFO - Sync 3 DAGs
[2025-03-07T15:47:14.565+0100] {logging_mixin.py:190} INFO - [2025-03-07T15:47:14.565+0100] {dag.py:4180} INFO - Setting next_dagrun for dataset_with_extra_by_context to 2025-03-06T00:00:00+00:00, run_after=2025-03-07T00:00:00+00:00
[2025-03-07T15:47:14.568+0100] {logging_mixin.py:190} INFO - [2025-03-07T15:47:14.568+0100] {dag.py:4180} INFO - Setting next_dagrun for dataset_with_extra_by_yield to 2025-03-06T00:00:00+00:00, run_after=2025-03-07T00:00:00+00:00
[2025-03-07T15:47:14.570+0100] {logging_mixin.py:190} INFO - [2025-03-07T15:47:14.570+0100] {dag.py:4180} INFO - Setting next_dagrun for dataset_with_extra_from_classic_operator to 2025-03-06T00:00:00+00:00, run_after=2025-03-07T00:00:00+00:00
[2025-03-07T15:47:14.584+0100] {processor.py:208} INFO - Processing /usr/local/anaconda3/envs/airflow_env/lib/python3.8/site-packages/airflow/example_dags/example_outlet_event_extra.py took 0.185 seconds
[2025-03-07T15:49:28.053+0100] {processor.py:186} INFO - Started process (PID=12334) to work on /usr/local/anaconda3/envs/airflow_env/lib/python3.8/site-packages/airflow/example_dags/example_outlet_event_extra.py
[2025-03-07T15:49:28.056+0100] {processor.py:914} INFO - Processing file /usr/local/anaconda3/envs/airflow_env/lib/python3.8/site-packages/airflow/example_dags/example_outlet_event_extra.py for tasks to queue
[2025-03-07T15:49:28.057+0100] {logging_mixin.py:190} INFO - [2025-03-07T15:49:28.057+0100] {dagbag.py:588} INFO - Filling up the DagBag from /usr/local/anaconda3/envs/airflow_env/lib/python3.8/site-packages/airflow/example_dags/example_outlet_event_extra.py
[2025-03-07T15:49:28.118+0100] {processor.py:925} INFO - DAG(s) 'dataset_with_extra_by_yield', 'dataset_with_extra_by_context', 'dataset_with_extra_from_classic_operator' retrieved from /usr/local/anaconda3/envs/airflow_env/lib/python3.8/site-packages/airflow/example_dags/example_outlet_event_extra.py
[2025-03-07T15:49:28.194+0100] {logging_mixin.py:190} INFO - [2025-03-07T15:49:28.194+0100] {dag.py:3239} INFO - Sync 3 DAGs
[2025-03-07T15:49:28.209+0100] {logging_mixin.py:190} INFO - [2025-03-07T15:49:28.209+0100] {dag.py:4180} INFO - Setting next_dagrun for dataset_with_extra_by_context to 2025-03-06T00:00:00+00:00, run_after=2025-03-07T00:00:00+00:00
[2025-03-07T15:49:28.212+0100] {logging_mixin.py:190} INFO - [2025-03-07T15:49:28.212+0100] {dag.py:4180} INFO - Setting next_dagrun for dataset_with_extra_by_yield to 2025-03-06T00:00:00+00:00, run_after=2025-03-07T00:00:00+00:00
[2025-03-07T15:49:28.213+0100] {logging_mixin.py:190} INFO - [2025-03-07T15:49:28.213+0100] {dag.py:4180} INFO - Setting next_dagrun for dataset_with_extra_from_classic_operator to 2025-03-06T00:00:00+00:00, run_after=2025-03-07T00:00:00+00:00
[2025-03-07T15:49:28.229+0100] {processor.py:208} INFO - Processing /usr/local/anaconda3/envs/airflow_env/lib/python3.8/site-packages/airflow/example_dags/example_outlet_event_extra.py took 0.179 seconds
[2025-03-07T15:52:01.373+0100] {processor.py:186} INFO - Started process (PID=12613) to work on /usr/local/anaconda3/envs/airflow_env/lib/python3.8/site-packages/airflow/example_dags/example_outlet_event_extra.py
[2025-03-07T15:52:01.376+0100] {processor.py:914} INFO - Processing file /usr/local/anaconda3/envs/airflow_env/lib/python3.8/site-packages/airflow/example_dags/example_outlet_event_extra.py for tasks to queue
[2025-03-07T15:52:01.377+0100] {logging_mixin.py:190} INFO - [2025-03-07T15:52:01.377+0100] {dagbag.py:588} INFO - Filling up the DagBag from /usr/local/anaconda3/envs/airflow_env/lib/python3.8/site-packages/airflow/example_dags/example_outlet_event_extra.py
[2025-03-07T15:52:01.435+0100] {processor.py:925} INFO - DAG(s) 'dataset_with_extra_by_yield', 'dataset_with_extra_by_context', 'dataset_with_extra_from_classic_operator' retrieved from /usr/local/anaconda3/envs/airflow_env/lib/python3.8/site-packages/airflow/example_dags/example_outlet_event_extra.py
[2025-03-07T15:52:01.505+0100] {logging_mixin.py:190} INFO - [2025-03-07T15:52:01.505+0100] {dag.py:3239} INFO - Sync 3 DAGs
[2025-03-07T15:52:01.518+0100] {logging_mixin.py:190} INFO - [2025-03-07T15:52:01.518+0100] {dag.py:4180} INFO - Setting next_dagrun for dataset_with_extra_by_context to 2025-03-06T00:00:00+00:00, run_after=2025-03-07T00:00:00+00:00
[2025-03-07T15:52:01.521+0100] {logging_mixin.py:190} INFO - [2025-03-07T15:52:01.521+0100] {dag.py:4180} INFO - Setting next_dagrun for dataset_with_extra_by_yield to 2025-03-06T00:00:00+00:00, run_after=2025-03-07T00:00:00+00:00
[2025-03-07T15:52:01.523+0100] {logging_mixin.py:190} INFO - [2025-03-07T15:52:01.522+0100] {dag.py:4180} INFO - Setting next_dagrun for dataset_with_extra_from_classic_operator to 2025-03-06T00:00:00+00:00, run_after=2025-03-07T00:00:00+00:00
[2025-03-07T15:52:01.535+0100] {processor.py:208} INFO - Processing /usr/local/anaconda3/envs/airflow_env/lib/python3.8/site-packages/airflow/example_dags/example_outlet_event_extra.py took 0.165 seconds
[2025-03-07T15:54:15.457+0100] {processor.py:186} INFO - Started process (PID=12907) to work on /usr/local/anaconda3/envs/airflow_env/lib/python3.8/site-packages/airflow/example_dags/example_outlet_event_extra.py
[2025-03-07T15:54:15.460+0100] {processor.py:914} INFO - Processing file /usr/local/anaconda3/envs/airflow_env/lib/python3.8/site-packages/airflow/example_dags/example_outlet_event_extra.py for tasks to queue
[2025-03-07T15:54:15.461+0100] {logging_mixin.py:190} INFO - [2025-03-07T15:54:15.461+0100] {dagbag.py:588} INFO - Filling up the DagBag from /usr/local/anaconda3/envs/airflow_env/lib/python3.8/site-packages/airflow/example_dags/example_outlet_event_extra.py
[2025-03-07T15:54:15.522+0100] {processor.py:925} INFO - DAG(s) 'dataset_with_extra_from_classic_operator', 'dataset_with_extra_by_yield', 'dataset_with_extra_by_context' retrieved from /usr/local/anaconda3/envs/airflow_env/lib/python3.8/site-packages/airflow/example_dags/example_outlet_event_extra.py
[2025-03-07T15:54:15.597+0100] {logging_mixin.py:190} INFO - [2025-03-07T15:54:15.596+0100] {dag.py:3239} INFO - Sync 3 DAGs
[2025-03-07T15:54:15.610+0100] {logging_mixin.py:190} INFO - [2025-03-07T15:54:15.610+0100] {dag.py:4180} INFO - Setting next_dagrun for dataset_with_extra_by_context to 2025-03-06T00:00:00+00:00, run_after=2025-03-07T00:00:00+00:00
[2025-03-07T15:54:15.613+0100] {logging_mixin.py:190} INFO - [2025-03-07T15:54:15.613+0100] {dag.py:4180} INFO - Setting next_dagrun for dataset_with_extra_by_yield to 2025-03-06T00:00:00+00:00, run_after=2025-03-07T00:00:00+00:00
[2025-03-07T15:54:15.614+0100] {logging_mixin.py:190} INFO - [2025-03-07T15:54:15.614+0100] {dag.py:4180} INFO - Setting next_dagrun for dataset_with_extra_from_classic_operator to 2025-03-06T00:00:00+00:00, run_after=2025-03-07T00:00:00+00:00
[2025-03-07T15:54:15.627+0100] {processor.py:208} INFO - Processing /usr/local/anaconda3/envs/airflow_env/lib/python3.8/site-packages/airflow/example_dags/example_outlet_event_extra.py took 0.173 seconds
[2025-03-07T15:56:31.406+0100] {processor.py:186} INFO - Started process (PID=13095) to work on /usr/local/anaconda3/envs/airflow_env/lib/python3.8/site-packages/airflow/example_dags/example_outlet_event_extra.py
[2025-03-07T15:56:31.409+0100] {processor.py:914} INFO - Processing file /usr/local/anaconda3/envs/airflow_env/lib/python3.8/site-packages/airflow/example_dags/example_outlet_event_extra.py for tasks to queue
[2025-03-07T15:56:31.410+0100] {logging_mixin.py:190} INFO - [2025-03-07T15:56:31.410+0100] {dagbag.py:588} INFO - Filling up the DagBag from /usr/local/anaconda3/envs/airflow_env/lib/python3.8/site-packages/airflow/example_dags/example_outlet_event_extra.py
[2025-03-07T15:56:31.470+0100] {processor.py:925} INFO - DAG(s) 'dataset_with_extra_by_context', 'dataset_with_extra_from_classic_operator', 'dataset_with_extra_by_yield' retrieved from /usr/local/anaconda3/envs/airflow_env/lib/python3.8/site-packages/airflow/example_dags/example_outlet_event_extra.py
[2025-03-07T15:56:31.542+0100] {logging_mixin.py:190} INFO - [2025-03-07T15:56:31.542+0100] {dag.py:3239} INFO - Sync 3 DAGs
[2025-03-07T15:56:31.556+0100] {logging_mixin.py:190} INFO - [2025-03-07T15:56:31.555+0100] {dag.py:4180} INFO - Setting next_dagrun for dataset_with_extra_by_context to 2025-03-06T00:00:00+00:00, run_after=2025-03-07T00:00:00+00:00
[2025-03-07T15:56:31.558+0100] {logging_mixin.py:190} INFO - [2025-03-07T15:56:31.558+0100] {dag.py:4180} INFO - Setting next_dagrun for dataset_with_extra_by_yield to 2025-03-06T00:00:00+00:00, run_after=2025-03-07T00:00:00+00:00
[2025-03-07T15:56:31.560+0100] {logging_mixin.py:190} INFO - [2025-03-07T15:56:31.560+0100] {dag.py:4180} INFO - Setting next_dagrun for dataset_with_extra_from_classic_operator to 2025-03-06T00:00:00+00:00, run_after=2025-03-07T00:00:00+00:00
[2025-03-07T15:56:31.573+0100] {processor.py:208} INFO - Processing /usr/local/anaconda3/envs/airflow_env/lib/python3.8/site-packages/airflow/example_dags/example_outlet_event_extra.py took 0.170 seconds
[2025-03-07T15:58:47.920+0100] {processor.py:186} INFO - Started process (PID=13350) to work on /usr/local/anaconda3/envs/airflow_env/lib/python3.8/site-packages/airflow/example_dags/example_outlet_event_extra.py
[2025-03-07T15:58:47.924+0100] {processor.py:914} INFO - Processing file /usr/local/anaconda3/envs/airflow_env/lib/python3.8/site-packages/airflow/example_dags/example_outlet_event_extra.py for tasks to queue
[2025-03-07T15:58:47.925+0100] {logging_mixin.py:190} INFO - [2025-03-07T15:58:47.924+0100] {dagbag.py:588} INFO - Filling up the DagBag from /usr/local/anaconda3/envs/airflow_env/lib/python3.8/site-packages/airflow/example_dags/example_outlet_event_extra.py
[2025-03-07T15:58:47.996+0100] {processor.py:925} INFO - DAG(s) 'dataset_with_extra_by_yield', 'dataset_with_extra_from_classic_operator', 'dataset_with_extra_by_context' retrieved from /usr/local/anaconda3/envs/airflow_env/lib/python3.8/site-packages/airflow/example_dags/example_outlet_event_extra.py
[2025-03-07T15:58:48.077+0100] {logging_mixin.py:190} INFO - [2025-03-07T15:58:48.077+0100] {dag.py:3239} INFO - Sync 3 DAGs
[2025-03-07T15:58:48.093+0100] {logging_mixin.py:190} INFO - [2025-03-07T15:58:48.093+0100] {dag.py:4180} INFO - Setting next_dagrun for dataset_with_extra_by_context to 2025-03-06T00:00:00+00:00, run_after=2025-03-07T00:00:00+00:00
[2025-03-07T15:58:48.096+0100] {logging_mixin.py:190} INFO - [2025-03-07T15:58:48.096+0100] {dag.py:4180} INFO - Setting next_dagrun for dataset_with_extra_by_yield to 2025-03-06T00:00:00+00:00, run_after=2025-03-07T00:00:00+00:00
[2025-03-07T15:58:48.098+0100] {logging_mixin.py:190} INFO - [2025-03-07T15:58:48.098+0100] {dag.py:4180} INFO - Setting next_dagrun for dataset_with_extra_from_classic_operator to 2025-03-06T00:00:00+00:00, run_after=2025-03-07T00:00:00+00:00
[2025-03-07T15:58:48.113+0100] {processor.py:208} INFO - Processing /usr/local/anaconda3/envs/airflow_env/lib/python3.8/site-packages/airflow/example_dags/example_outlet_event_extra.py took 0.197 seconds
[2025-03-07T16:01:51.520+0100] {processor.py:186} INFO - Started process (PID=13658) to work on /usr/local/anaconda3/envs/airflow_env/lib/python3.8/site-packages/airflow/example_dags/example_outlet_event_extra.py
[2025-03-07T16:01:51.523+0100] {processor.py:914} INFO - Processing file /usr/local/anaconda3/envs/airflow_env/lib/python3.8/site-packages/airflow/example_dags/example_outlet_event_extra.py for tasks to queue
[2025-03-07T16:01:51.524+0100] {logging_mixin.py:190} INFO - [2025-03-07T16:01:51.524+0100] {dagbag.py:588} INFO - Filling up the DagBag from /usr/local/anaconda3/envs/airflow_env/lib/python3.8/site-packages/airflow/example_dags/example_outlet_event_extra.py
[2025-03-07T16:01:51.587+0100] {processor.py:925} INFO - DAG(s) 'dataset_with_extra_from_classic_operator', 'dataset_with_extra_by_context', 'dataset_with_extra_by_yield' retrieved from /usr/local/anaconda3/envs/airflow_env/lib/python3.8/site-packages/airflow/example_dags/example_outlet_event_extra.py
[2025-03-07T16:01:51.660+0100] {logging_mixin.py:190} INFO - [2025-03-07T16:01:51.660+0100] {dag.py:3239} INFO - Sync 3 DAGs
[2025-03-07T16:01:51.673+0100] {logging_mixin.py:190} INFO - [2025-03-07T16:01:51.673+0100] {dag.py:4180} INFO - Setting next_dagrun for dataset_with_extra_by_context to 2025-03-06T00:00:00+00:00, run_after=2025-03-07T00:00:00+00:00
[2025-03-07T16:01:51.676+0100] {logging_mixin.py:190} INFO - [2025-03-07T16:01:51.676+0100] {dag.py:4180} INFO - Setting next_dagrun for dataset_with_extra_by_yield to 2025-03-06T00:00:00+00:00, run_after=2025-03-07T00:00:00+00:00
[2025-03-07T16:01:51.678+0100] {logging_mixin.py:190} INFO - [2025-03-07T16:01:51.678+0100] {dag.py:4180} INFO - Setting next_dagrun for dataset_with_extra_from_classic_operator to 2025-03-06T00:00:00+00:00, run_after=2025-03-07T00:00:00+00:00
[2025-03-07T16:01:51.691+0100] {processor.py:208} INFO - Processing /usr/local/anaconda3/envs/airflow_env/lib/python3.8/site-packages/airflow/example_dags/example_outlet_event_extra.py took 0.174 seconds
[2025-03-07T16:05:36.988+0100] {processor.py:186} INFO - Started process (PID=13970) to work on /usr/local/anaconda3/envs/airflow_env/lib/python3.8/site-packages/airflow/example_dags/example_outlet_event_extra.py
[2025-03-07T16:05:36.991+0100] {processor.py:914} INFO - Processing file /usr/local/anaconda3/envs/airflow_env/lib/python3.8/site-packages/airflow/example_dags/example_outlet_event_extra.py for tasks to queue
[2025-03-07T16:05:36.992+0100] {logging_mixin.py:190} INFO - [2025-03-07T16:05:36.992+0100] {dagbag.py:588} INFO - Filling up the DagBag from /usr/local/anaconda3/envs/airflow_env/lib/python3.8/site-packages/airflow/example_dags/example_outlet_event_extra.py
[2025-03-07T16:05:37.051+0100] {processor.py:925} INFO - DAG(s) 'dataset_with_extra_by_context', 'dataset_with_extra_from_classic_operator', 'dataset_with_extra_by_yield' retrieved from /usr/local/anaconda3/envs/airflow_env/lib/python3.8/site-packages/airflow/example_dags/example_outlet_event_extra.py
[2025-03-07T16:05:37.123+0100] {logging_mixin.py:190} INFO - [2025-03-07T16:05:37.122+0100] {dag.py:3239} INFO - Sync 3 DAGs
[2025-03-07T16:05:37.136+0100] {logging_mixin.py:190} INFO - [2025-03-07T16:05:37.135+0100] {dag.py:4180} INFO - Setting next_dagrun for dataset_with_extra_by_context to 2025-03-06T00:00:00+00:00, run_after=2025-03-07T00:00:00+00:00
[2025-03-07T16:05:37.138+0100] {logging_mixin.py:190} INFO - [2025-03-07T16:05:37.138+0100] {dag.py:4180} INFO - Setting next_dagrun for dataset_with_extra_by_yield to 2025-03-06T00:00:00+00:00, run_after=2025-03-07T00:00:00+00:00
[2025-03-07T16:05:37.140+0100] {logging_mixin.py:190} INFO - [2025-03-07T16:05:37.140+0100] {dag.py:4180} INFO - Setting next_dagrun for dataset_with_extra_from_classic_operator to 2025-03-06T00:00:00+00:00, run_after=2025-03-07T00:00:00+00:00
[2025-03-07T16:05:37.153+0100] {processor.py:208} INFO - Processing /usr/local/anaconda3/envs/airflow_env/lib/python3.8/site-packages/airflow/example_dags/example_outlet_event_extra.py took 0.167 seconds
[2025-03-07T16:08:40.821+0100] {processor.py:186} INFO - Started process (PID=14264) to work on /usr/local/anaconda3/envs/airflow_env/lib/python3.8/site-packages/airflow/example_dags/example_outlet_event_extra.py
[2025-03-07T16:08:40.824+0100] {processor.py:914} INFO - Processing file /usr/local/anaconda3/envs/airflow_env/lib/python3.8/site-packages/airflow/example_dags/example_outlet_event_extra.py for tasks to queue
[2025-03-07T16:08:40.825+0100] {logging_mixin.py:190} INFO - [2025-03-07T16:08:40.825+0100] {dagbag.py:588} INFO - Filling up the DagBag from /usr/local/anaconda3/envs/airflow_env/lib/python3.8/site-packages/airflow/example_dags/example_outlet_event_extra.py
[2025-03-07T16:08:40.884+0100] {processor.py:925} INFO - DAG(s) 'dataset_with_extra_by_context', 'dataset_with_extra_from_classic_operator', 'dataset_with_extra_by_yield' retrieved from /usr/local/anaconda3/envs/airflow_env/lib/python3.8/site-packages/airflow/example_dags/example_outlet_event_extra.py
[2025-03-07T16:08:40.954+0100] {logging_mixin.py:190} INFO - [2025-03-07T16:08:40.954+0100] {dag.py:3239} INFO - Sync 3 DAGs
[2025-03-07T16:08:40.967+0100] {logging_mixin.py:190} INFO - [2025-03-07T16:08:40.967+0100] {dag.py:4180} INFO - Setting next_dagrun for dataset_with_extra_by_context to 2025-03-06T00:00:00+00:00, run_after=2025-03-07T00:00:00+00:00
[2025-03-07T16:08:40.970+0100] {logging_mixin.py:190} INFO - [2025-03-07T16:08:40.970+0100] {dag.py:4180} INFO - Setting next_dagrun for dataset_with_extra_by_yield to 2025-03-06T00:00:00+00:00, run_after=2025-03-07T00:00:00+00:00
[2025-03-07T16:08:40.972+0100] {logging_mixin.py:190} INFO - [2025-03-07T16:08:40.972+0100] {dag.py:4180} INFO - Setting next_dagrun for dataset_with_extra_from_classic_operator to 2025-03-06T00:00:00+00:00, run_after=2025-03-07T00:00:00+00:00
[2025-03-07T16:08:40.984+0100] {processor.py:208} INFO - Processing /usr/local/anaconda3/envs/airflow_env/lib/python3.8/site-packages/airflow/example_dags/example_outlet_event_extra.py took 0.166 seconds
[2025-03-07T16:11:45.926+0100] {processor.py:186} INFO - Started process (PID=14532) to work on /usr/local/anaconda3/envs/airflow_env/lib/python3.8/site-packages/airflow/example_dags/example_outlet_event_extra.py
[2025-03-07T16:11:45.929+0100] {processor.py:914} INFO - Processing file /usr/local/anaconda3/envs/airflow_env/lib/python3.8/site-packages/airflow/example_dags/example_outlet_event_extra.py for tasks to queue
[2025-03-07T16:11:45.930+0100] {logging_mixin.py:190} INFO - [2025-03-07T16:11:45.930+0100] {dagbag.py:588} INFO - Filling up the DagBag from /usr/local/anaconda3/envs/airflow_env/lib/python3.8/site-packages/airflow/example_dags/example_outlet_event_extra.py
[2025-03-07T16:11:45.998+0100] {processor.py:925} INFO - DAG(s) 'dataset_with_extra_by_context', 'dataset_with_extra_by_yield', 'dataset_with_extra_from_classic_operator' retrieved from /usr/local/anaconda3/envs/airflow_env/lib/python3.8/site-packages/airflow/example_dags/example_outlet_event_extra.py
[2025-03-07T16:11:46.075+0100] {logging_mixin.py:190} INFO - [2025-03-07T16:11:46.075+0100] {dag.py:3239} INFO - Sync 3 DAGs
[2025-03-07T16:11:46.089+0100] {logging_mixin.py:190} INFO - [2025-03-07T16:11:46.089+0100] {dag.py:4180} INFO - Setting next_dagrun for dataset_with_extra_by_context to 2025-03-06T00:00:00+00:00, run_after=2025-03-07T00:00:00+00:00
[2025-03-07T16:11:46.092+0100] {logging_mixin.py:190} INFO - [2025-03-07T16:11:46.092+0100] {dag.py:4180} INFO - Setting next_dagrun for dataset_with_extra_by_yield to 2025-03-06T00:00:00+00:00, run_after=2025-03-07T00:00:00+00:00
[2025-03-07T16:11:46.094+0100] {logging_mixin.py:190} INFO - [2025-03-07T16:11:46.094+0100] {dag.py:4180} INFO - Setting next_dagrun for dataset_with_extra_from_classic_operator to 2025-03-06T00:00:00+00:00, run_after=2025-03-07T00:00:00+00:00
[2025-03-07T16:11:46.107+0100] {processor.py:208} INFO - Processing /usr/local/anaconda3/envs/airflow_env/lib/python3.8/site-packages/airflow/example_dags/example_outlet_event_extra.py took 0.185 seconds
[2025-03-07T16:14:01.480+0100] {processor.py:186} INFO - Started process (PID=14830) to work on /usr/local/anaconda3/envs/airflow_env/lib/python3.8/site-packages/airflow/example_dags/example_outlet_event_extra.py
[2025-03-07T16:14:01.483+0100] {processor.py:914} INFO - Processing file /usr/local/anaconda3/envs/airflow_env/lib/python3.8/site-packages/airflow/example_dags/example_outlet_event_extra.py for tasks to queue
[2025-03-07T16:14:01.484+0100] {logging_mixin.py:190} INFO - [2025-03-07T16:14:01.484+0100] {dagbag.py:588} INFO - Filling up the DagBag from /usr/local/anaconda3/envs/airflow_env/lib/python3.8/site-packages/airflow/example_dags/example_outlet_event_extra.py
[2025-03-07T16:14:01.588+0100] {processor.py:925} INFO - DAG(s) 'dataset_with_extra_by_context', 'dataset_with_extra_from_classic_operator', 'dataset_with_extra_by_yield' retrieved from /usr/local/anaconda3/envs/airflow_env/lib/python3.8/site-packages/airflow/example_dags/example_outlet_event_extra.py
[2025-03-07T16:14:01.702+0100] {logging_mixin.py:190} INFO - [2025-03-07T16:14:01.702+0100] {dag.py:3239} INFO - Sync 3 DAGs
[2025-03-07T16:14:01.718+0100] {logging_mixin.py:190} INFO - [2025-03-07T16:14:01.718+0100] {dag.py:4180} INFO - Setting next_dagrun for dataset_with_extra_by_context to 2025-03-06T00:00:00+00:00, run_after=2025-03-07T00:00:00+00:00
[2025-03-07T16:14:01.721+0100] {logging_mixin.py:190} INFO - [2025-03-07T16:14:01.721+0100] {dag.py:4180} INFO - Setting next_dagrun for dataset_with_extra_by_yield to 2025-03-06T00:00:00+00:00, run_after=2025-03-07T00:00:00+00:00
[2025-03-07T16:14:01.723+0100] {logging_mixin.py:190} INFO - [2025-03-07T16:14:01.723+0100] {dag.py:4180} INFO - Setting next_dagrun for dataset_with_extra_from_classic_operator to 2025-03-06T00:00:00+00:00, run_after=2025-03-07T00:00:00+00:00
[2025-03-07T16:14:01.739+0100] {processor.py:208} INFO - Processing /usr/local/anaconda3/envs/airflow_env/lib/python3.8/site-packages/airflow/example_dags/example_outlet_event_extra.py took 0.262 seconds
[2025-03-07T16:16:14.534+0100] {processor.py:186} INFO - Started process (PID=15097) to work on /usr/local/anaconda3/envs/airflow_env/lib/python3.8/site-packages/airflow/example_dags/example_outlet_event_extra.py
[2025-03-07T16:16:14.537+0100] {processor.py:914} INFO - Processing file /usr/local/anaconda3/envs/airflow_env/lib/python3.8/site-packages/airflow/example_dags/example_outlet_event_extra.py for tasks to queue
[2025-03-07T16:16:14.538+0100] {logging_mixin.py:190} INFO - [2025-03-07T16:16:14.538+0100] {dagbag.py:588} INFO - Filling up the DagBag from /usr/local/anaconda3/envs/airflow_env/lib/python3.8/site-packages/airflow/example_dags/example_outlet_event_extra.py
[2025-03-07T16:16:14.604+0100] {processor.py:925} INFO - DAG(s) 'dataset_with_extra_by_context', 'dataset_with_extra_from_classic_operator', 'dataset_with_extra_by_yield' retrieved from /usr/local/anaconda3/envs/airflow_env/lib/python3.8/site-packages/airflow/example_dags/example_outlet_event_extra.py
[2025-03-07T16:16:14.682+0100] {logging_mixin.py:190} INFO - [2025-03-07T16:16:14.682+0100] {dag.py:3239} INFO - Sync 3 DAGs
[2025-03-07T16:16:14.696+0100] {logging_mixin.py:190} INFO - [2025-03-07T16:16:14.696+0100] {dag.py:4180} INFO - Setting next_dagrun for dataset_with_extra_by_context to 2025-03-06T00:00:00+00:00, run_after=2025-03-07T00:00:00+00:00
[2025-03-07T16:16:14.699+0100] {logging_mixin.py:190} INFO - [2025-03-07T16:16:14.699+0100] {dag.py:4180} INFO - Setting next_dagrun for dataset_with_extra_by_yield to 2025-03-06T00:00:00+00:00, run_after=2025-03-07T00:00:00+00:00
[2025-03-07T16:16:14.700+0100] {logging_mixin.py:190} INFO - [2025-03-07T16:16:14.700+0100] {dag.py:4180} INFO - Setting next_dagrun for dataset_with_extra_from_classic_operator to 2025-03-06T00:00:00+00:00, run_after=2025-03-07T00:00:00+00:00
[2025-03-07T16:16:14.714+0100] {processor.py:208} INFO - Processing /usr/local/anaconda3/envs/airflow_env/lib/python3.8/site-packages/airflow/example_dags/example_outlet_event_extra.py took 0.183 seconds
[2025-03-07T16:18:29.163+0100] {processor.py:186} INFO - Started process (PID=15329) to work on /usr/local/anaconda3/envs/airflow_env/lib/python3.8/site-packages/airflow/example_dags/example_outlet_event_extra.py
[2025-03-07T16:18:29.166+0100] {processor.py:914} INFO - Processing file /usr/local/anaconda3/envs/airflow_env/lib/python3.8/site-packages/airflow/example_dags/example_outlet_event_extra.py for tasks to queue
[2025-03-07T16:18:29.167+0100] {logging_mixin.py:190} INFO - [2025-03-07T16:18:29.167+0100] {dagbag.py:588} INFO - Filling up the DagBag from /usr/local/anaconda3/envs/airflow_env/lib/python3.8/site-packages/airflow/example_dags/example_outlet_event_extra.py
[2025-03-07T16:18:29.232+0100] {processor.py:925} INFO - DAG(s) 'dataset_with_extra_from_classic_operator', 'dataset_with_extra_by_yield', 'dataset_with_extra_by_context' retrieved from /usr/local/anaconda3/envs/airflow_env/lib/python3.8/site-packages/airflow/example_dags/example_outlet_event_extra.py
[2025-03-07T16:18:29.308+0100] {logging_mixin.py:190} INFO - [2025-03-07T16:18:29.308+0100] {dag.py:3239} INFO - Sync 3 DAGs
[2025-03-07T16:18:29.323+0100] {logging_mixin.py:190} INFO - [2025-03-07T16:18:29.322+0100] {dag.py:4180} INFO - Setting next_dagrun for dataset_with_extra_by_context to 2025-03-06T00:00:00+00:00, run_after=2025-03-07T00:00:00+00:00
[2025-03-07T16:18:29.326+0100] {logging_mixin.py:190} INFO - [2025-03-07T16:18:29.325+0100] {dag.py:4180} INFO - Setting next_dagrun for dataset_with_extra_by_yield to 2025-03-06T00:00:00+00:00, run_after=2025-03-07T00:00:00+00:00
[2025-03-07T16:18:29.327+0100] {logging_mixin.py:190} INFO - [2025-03-07T16:18:29.327+0100] {dag.py:4180} INFO - Setting next_dagrun for dataset_with_extra_from_classic_operator to 2025-03-06T00:00:00+00:00, run_after=2025-03-07T00:00:00+00:00
[2025-03-07T16:18:29.341+0100] {processor.py:208} INFO - Processing /usr/local/anaconda3/envs/airflow_env/lib/python3.8/site-packages/airflow/example_dags/example_outlet_event_extra.py took 0.181 seconds
[2025-03-07T16:20:46.907+0100] {processor.py:186} INFO - Started process (PID=15593) to work on /usr/local/anaconda3/envs/airflow_env/lib/python3.8/site-packages/airflow/example_dags/example_outlet_event_extra.py
[2025-03-07T16:20:46.910+0100] {processor.py:914} INFO - Processing file /usr/local/anaconda3/envs/airflow_env/lib/python3.8/site-packages/airflow/example_dags/example_outlet_event_extra.py for tasks to queue
[2025-03-07T16:20:46.911+0100] {logging_mixin.py:190} INFO - [2025-03-07T16:20:46.911+0100] {dagbag.py:588} INFO - Filling up the DagBag from /usr/local/anaconda3/envs/airflow_env/lib/python3.8/site-packages/airflow/example_dags/example_outlet_event_extra.py
[2025-03-07T16:20:46.974+0100] {processor.py:925} INFO - DAG(s) 'dataset_with_extra_by_context', 'dataset_with_extra_from_classic_operator', 'dataset_with_extra_by_yield' retrieved from /usr/local/anaconda3/envs/airflow_env/lib/python3.8/site-packages/airflow/example_dags/example_outlet_event_extra.py
[2025-03-07T16:20:47.050+0100] {logging_mixin.py:190} INFO - [2025-03-07T16:20:47.050+0100] {dag.py:3239} INFO - Sync 3 DAGs
[2025-03-07T16:20:47.064+0100] {logging_mixin.py:190} INFO - [2025-03-07T16:20:47.064+0100] {dag.py:4180} INFO - Setting next_dagrun for dataset_with_extra_by_context to 2025-03-06T00:00:00+00:00, run_after=2025-03-07T00:00:00+00:00
[2025-03-07T16:20:47.067+0100] {logging_mixin.py:190} INFO - [2025-03-07T16:20:47.067+0100] {dag.py:4180} INFO - Setting next_dagrun for dataset_with_extra_by_yield to 2025-03-06T00:00:00+00:00, run_after=2025-03-07T00:00:00+00:00
[2025-03-07T16:20:47.069+0100] {logging_mixin.py:190} INFO - [2025-03-07T16:20:47.069+0100] {dag.py:4180} INFO - Setting next_dagrun for dataset_with_extra_from_classic_operator to 2025-03-06T00:00:00+00:00, run_after=2025-03-07T00:00:00+00:00
[2025-03-07T16:20:47.083+0100] {processor.py:208} INFO - Processing /usr/local/anaconda3/envs/airflow_env/lib/python3.8/site-packages/airflow/example_dags/example_outlet_event_extra.py took 0.179 seconds
[2025-03-07T16:30:53.045+0100] {processor.py:186} INFO - Started process (PID=16355) to work on /usr/local/anaconda3/envs/airflow_env/lib/python3.8/site-packages/airflow/example_dags/example_outlet_event_extra.py
[2025-03-07T16:30:53.048+0100] {processor.py:914} INFO - Processing file /usr/local/anaconda3/envs/airflow_env/lib/python3.8/site-packages/airflow/example_dags/example_outlet_event_extra.py for tasks to queue
[2025-03-07T16:30:53.049+0100] {logging_mixin.py:190} INFO - [2025-03-07T16:30:53.049+0100] {dagbag.py:588} INFO - Filling up the DagBag from /usr/local/anaconda3/envs/airflow_env/lib/python3.8/site-packages/airflow/example_dags/example_outlet_event_extra.py
[2025-03-07T16:30:53.125+0100] {processor.py:925} INFO - DAG(s) 'dataset_with_extra_by_context', 'dataset_with_extra_by_yield', 'dataset_with_extra_from_classic_operator' retrieved from /usr/local/anaconda3/envs/airflow_env/lib/python3.8/site-packages/airflow/example_dags/example_outlet_event_extra.py
[2025-03-07T16:30:53.219+0100] {logging_mixin.py:190} INFO - [2025-03-07T16:30:53.219+0100] {dag.py:3239} INFO - Sync 3 DAGs
[2025-03-07T16:30:53.247+0100] {logging_mixin.py:190} INFO - [2025-03-07T16:30:53.247+0100] {dag.py:4180} INFO - Setting next_dagrun for dataset_with_extra_by_context to 2025-03-06T00:00:00+00:00, run_after=2025-03-07T00:00:00+00:00
[2025-03-07T16:30:53.252+0100] {logging_mixin.py:190} INFO - [2025-03-07T16:30:53.251+0100] {dag.py:4180} INFO - Setting next_dagrun for dataset_with_extra_by_yield to 2025-03-06T00:00:00+00:00, run_after=2025-03-07T00:00:00+00:00
[2025-03-07T16:30:53.256+0100] {logging_mixin.py:190} INFO - [2025-03-07T16:30:53.255+0100] {dag.py:4180} INFO - Setting next_dagrun for dataset_with_extra_from_classic_operator to 2025-03-06T00:00:00+00:00, run_after=2025-03-07T00:00:00+00:00
[2025-03-07T16:30:53.274+0100] {processor.py:208} INFO - Processing /usr/local/anaconda3/envs/airflow_env/lib/python3.8/site-packages/airflow/example_dags/example_outlet_event_extra.py took 0.233 seconds
