[2025-03-07T14:11:41.526+0100] {processor.py:186} INFO - Started process (PID=2762) to work on /usr/local/anaconda3/envs/airflow_env/lib/python3.8/site-packages/airflow/example_dags/example_setup_teardown.py
[2025-03-07T14:11:41.529+0100] {processor.py:914} INFO - Processing file /usr/local/anaconda3/envs/airflow_env/lib/python3.8/site-packages/airflow/example_dags/example_setup_teardown.py for tasks to queue
[2025-03-07T14:11:41.530+0100] {logging_mixin.py:190} INFO - [2025-03-07T14:11:41.530+0100] {dagbag.py:588} INFO - Filling up the DagBag from /usr/local/anaconda3/envs/airflow_env/lib/python3.8/site-packages/airflow/example_dags/example_setup_teardown.py
[2025-03-07T14:11:41.537+0100] {processor.py:925} INFO - DAG(s) 'example_setup_teardown' retrieved from /usr/local/anaconda3/envs/airflow_env/lib/python3.8/site-packages/airflow/example_dags/example_setup_teardown.py
[2025-03-07T14:11:41.681+0100] {logging_mixin.py:190} INFO - [2025-03-07T14:11:41.680+0100] {override.py:1901} INFO - Created Permission View: can delete on DAG:example_setup_teardown
[2025-03-07T14:11:41.687+0100] {logging_mixin.py:190} INFO - [2025-03-07T14:11:41.686+0100] {override.py:1901} INFO - Created Permission View: can edit on DAG:example_setup_teardown
[2025-03-07T14:11:41.691+0100] {logging_mixin.py:190} INFO - [2025-03-07T14:11:41.691+0100] {override.py:1901} INFO - Created Permission View: can read on DAG:example_setup_teardown
[2025-03-07T14:11:41.697+0100] {logging_mixin.py:190} INFO - [2025-03-07T14:11:41.696+0100] {override.py:1901} INFO - Created Permission View: can delete on DAG Run:example_setup_teardown
[2025-03-07T14:11:41.701+0100] {logging_mixin.py:190} INFO - [2025-03-07T14:11:41.700+0100] {override.py:1901} INFO - Created Permission View: can read on DAG Run:example_setup_teardown
[2025-03-07T14:11:41.705+0100] {logging_mixin.py:190} INFO - [2025-03-07T14:11:41.704+0100] {override.py:1901} INFO - Created Permission View: menu access on DAG Run:example_setup_teardown
[2025-03-07T14:11:41.709+0100] {logging_mixin.py:190} INFO - [2025-03-07T14:11:41.709+0100] {override.py:1901} INFO - Created Permission View: can create on DAG Run:example_setup_teardown
[2025-03-07T14:11:41.709+0100] {logging_mixin.py:190} INFO - [2025-03-07T14:11:41.709+0100] {dag.py:3239} INFO - Sync 1 DAGs
[2025-03-07T14:11:41.717+0100] {logging_mixin.py:190} INFO - [2025-03-07T14:11:41.717+0100] {dag.py:3262} INFO - Creating ORM DAG for example_setup_teardown
[2025-03-07T14:11:41.718+0100] {logging_mixin.py:190} INFO - [2025-03-07T14:11:41.718+0100] {dag.py:4180} INFO - Setting next_dagrun for example_setup_teardown to None, run_after=None
[2025-03-07T14:11:41.730+0100] {processor.py:208} INFO - Processing /usr/local/anaconda3/envs/airflow_env/lib/python3.8/site-packages/airflow/example_dags/example_setup_teardown.py took 0.207 seconds
[2025-03-07T14:15:06.160+0100] {processor.py:186} INFO - Started process (PID=3092) to work on /usr/local/anaconda3/envs/airflow_env/lib/python3.8/site-packages/airflow/example_dags/example_setup_teardown.py
[2025-03-07T14:15:06.164+0100] {processor.py:914} INFO - Processing file /usr/local/anaconda3/envs/airflow_env/lib/python3.8/site-packages/airflow/example_dags/example_setup_teardown.py for tasks to queue
[2025-03-07T14:15:06.165+0100] {logging_mixin.py:190} INFO - [2025-03-07T14:15:06.164+0100] {dagbag.py:588} INFO - Filling up the DagBag from /usr/local/anaconda3/envs/airflow_env/lib/python3.8/site-packages/airflow/example_dags/example_setup_teardown.py
[2025-03-07T14:15:06.171+0100] {processor.py:925} INFO - DAG(s) 'example_setup_teardown' retrieved from /usr/local/anaconda3/envs/airflow_env/lib/python3.8/site-packages/airflow/example_dags/example_setup_teardown.py
[2025-03-07T14:15:06.241+0100] {logging_mixin.py:190} INFO - [2025-03-07T14:15:06.241+0100] {dag.py:3239} INFO - Sync 1 DAGs
[2025-03-07T14:15:06.249+0100] {logging_mixin.py:190} INFO - [2025-03-07T14:15:06.249+0100] {dag.py:4180} INFO - Setting next_dagrun for example_setup_teardown to None, run_after=None
[2025-03-07T14:15:06.261+0100] {processor.py:208} INFO - Processing /usr/local/anaconda3/envs/airflow_env/lib/python3.8/site-packages/airflow/example_dags/example_setup_teardown.py took 0.103 seconds
[2025-03-07T14:17:18.162+0100] {processor.py:186} INFO - Started process (PID=3358) to work on /usr/local/anaconda3/envs/airflow_env/lib/python3.8/site-packages/airflow/example_dags/example_setup_teardown.py
[2025-03-07T14:17:18.165+0100] {processor.py:914} INFO - Processing file /usr/local/anaconda3/envs/airflow_env/lib/python3.8/site-packages/airflow/example_dags/example_setup_teardown.py for tasks to queue
[2025-03-07T14:17:18.166+0100] {logging_mixin.py:190} INFO - [2025-03-07T14:17:18.165+0100] {dagbag.py:588} INFO - Filling up the DagBag from /usr/local/anaconda3/envs/airflow_env/lib/python3.8/site-packages/airflow/example_dags/example_setup_teardown.py
[2025-03-07T14:17:18.172+0100] {processor.py:925} INFO - DAG(s) 'example_setup_teardown' retrieved from /usr/local/anaconda3/envs/airflow_env/lib/python3.8/site-packages/airflow/example_dags/example_setup_teardown.py
[2025-03-07T14:17:18.245+0100] {logging_mixin.py:190} INFO - [2025-03-07T14:17:18.245+0100] {dag.py:3239} INFO - Sync 1 DAGs
[2025-03-07T14:17:18.253+0100] {logging_mixin.py:190} INFO - [2025-03-07T14:17:18.253+0100] {dag.py:4180} INFO - Setting next_dagrun for example_setup_teardown to None, run_after=None
[2025-03-07T14:17:18.265+0100] {processor.py:208} INFO - Processing /usr/local/anaconda3/envs/airflow_env/lib/python3.8/site-packages/airflow/example_dags/example_setup_teardown.py took 0.106 seconds
[2025-03-07T14:19:33.793+0100] {processor.py:186} INFO - Started process (PID=3593) to work on /usr/local/anaconda3/envs/airflow_env/lib/python3.8/site-packages/airflow/example_dags/example_setup_teardown.py
[2025-03-07T14:19:33.796+0100] {processor.py:914} INFO - Processing file /usr/local/anaconda3/envs/airflow_env/lib/python3.8/site-packages/airflow/example_dags/example_setup_teardown.py for tasks to queue
[2025-03-07T14:19:33.797+0100] {logging_mixin.py:190} INFO - [2025-03-07T14:19:33.797+0100] {dagbag.py:588} INFO - Filling up the DagBag from /usr/local/anaconda3/envs/airflow_env/lib/python3.8/site-packages/airflow/example_dags/example_setup_teardown.py
[2025-03-07T14:19:33.803+0100] {processor.py:925} INFO - DAG(s) 'example_setup_teardown' retrieved from /usr/local/anaconda3/envs/airflow_env/lib/python3.8/site-packages/airflow/example_dags/example_setup_teardown.py
[2025-03-07T14:19:33.872+0100] {logging_mixin.py:190} INFO - [2025-03-07T14:19:33.872+0100] {dag.py:3239} INFO - Sync 1 DAGs
[2025-03-07T14:19:33.880+0100] {logging_mixin.py:190} INFO - [2025-03-07T14:19:33.880+0100] {dag.py:4180} INFO - Setting next_dagrun for example_setup_teardown to None, run_after=None
[2025-03-07T14:19:33.891+0100] {processor.py:208} INFO - Processing /usr/local/anaconda3/envs/airflow_env/lib/python3.8/site-packages/airflow/example_dags/example_setup_teardown.py took 0.101 seconds
[2025-03-07T14:21:51.419+0100] {processor.py:186} INFO - Started process (PID=3861) to work on /usr/local/anaconda3/envs/airflow_env/lib/python3.8/site-packages/airflow/example_dags/example_setup_teardown.py
[2025-03-07T14:21:51.422+0100] {processor.py:914} INFO - Processing file /usr/local/anaconda3/envs/airflow_env/lib/python3.8/site-packages/airflow/example_dags/example_setup_teardown.py for tasks to queue
[2025-03-07T14:21:51.423+0100] {logging_mixin.py:190} INFO - [2025-03-07T14:21:51.423+0100] {dagbag.py:588} INFO - Filling up the DagBag from /usr/local/anaconda3/envs/airflow_env/lib/python3.8/site-packages/airflow/example_dags/example_setup_teardown.py
[2025-03-07T14:21:51.430+0100] {processor.py:925} INFO - DAG(s) 'example_setup_teardown' retrieved from /usr/local/anaconda3/envs/airflow_env/lib/python3.8/site-packages/airflow/example_dags/example_setup_teardown.py
[2025-03-07T14:21:51.506+0100] {logging_mixin.py:190} INFO - [2025-03-07T14:21:51.506+0100] {dag.py:3239} INFO - Sync 1 DAGs
[2025-03-07T14:21:51.514+0100] {logging_mixin.py:190} INFO - [2025-03-07T14:21:51.514+0100] {dag.py:4180} INFO - Setting next_dagrun for example_setup_teardown to None, run_after=None
[2025-03-07T14:21:51.527+0100] {processor.py:208} INFO - Processing /usr/local/anaconda3/envs/airflow_env/lib/python3.8/site-packages/airflow/example_dags/example_setup_teardown.py took 0.111 seconds
[2025-03-07T14:24:14.357+0100] {processor.py:186} INFO - Started process (PID=4112) to work on /usr/local/anaconda3/envs/airflow_env/lib/python3.8/site-packages/airflow/example_dags/example_setup_teardown.py
[2025-03-07T14:24:14.361+0100] {processor.py:914} INFO - Processing file /usr/local/anaconda3/envs/airflow_env/lib/python3.8/site-packages/airflow/example_dags/example_setup_teardown.py for tasks to queue
[2025-03-07T14:24:14.362+0100] {logging_mixin.py:190} INFO - [2025-03-07T14:24:14.361+0100] {dagbag.py:588} INFO - Filling up the DagBag from /usr/local/anaconda3/envs/airflow_env/lib/python3.8/site-packages/airflow/example_dags/example_setup_teardown.py
[2025-03-07T14:24:14.368+0100] {processor.py:925} INFO - DAG(s) 'example_setup_teardown' retrieved from /usr/local/anaconda3/envs/airflow_env/lib/python3.8/site-packages/airflow/example_dags/example_setup_teardown.py
[2025-03-07T14:24:14.441+0100] {logging_mixin.py:190} INFO - [2025-03-07T14:24:14.441+0100] {dag.py:3239} INFO - Sync 1 DAGs
[2025-03-07T14:24:14.450+0100] {logging_mixin.py:190} INFO - [2025-03-07T14:24:14.450+0100] {dag.py:4180} INFO - Setting next_dagrun for example_setup_teardown to None, run_after=None
[2025-03-07T14:24:14.462+0100] {processor.py:208} INFO - Processing /usr/local/anaconda3/envs/airflow_env/lib/python3.8/site-packages/airflow/example_dags/example_setup_teardown.py took 0.107 seconds
[2025-03-07T14:44:35.113+0100] {processor.py:186} INFO - Started process (PID=4956) to work on /usr/local/anaconda3/envs/airflow_env/lib/python3.8/site-packages/airflow/example_dags/example_setup_teardown.py
[2025-03-07T14:44:35.116+0100] {processor.py:914} INFO - Processing file /usr/local/anaconda3/envs/airflow_env/lib/python3.8/site-packages/airflow/example_dags/example_setup_teardown.py for tasks to queue
[2025-03-07T14:44:35.116+0100] {logging_mixin.py:190} INFO - [2025-03-07T14:44:35.116+0100] {dagbag.py:588} INFO - Filling up the DagBag from /usr/local/anaconda3/envs/airflow_env/lib/python3.8/site-packages/airflow/example_dags/example_setup_teardown.py
[2025-03-07T14:44:35.123+0100] {processor.py:925} INFO - DAG(s) 'example_setup_teardown' retrieved from /usr/local/anaconda3/envs/airflow_env/lib/python3.8/site-packages/airflow/example_dags/example_setup_teardown.py
[2025-03-07T14:44:35.193+0100] {logging_mixin.py:190} INFO - [2025-03-07T14:44:35.193+0100] {dag.py:3239} INFO - Sync 1 DAGs
[2025-03-07T14:44:35.200+0100] {logging_mixin.py:190} INFO - [2025-03-07T14:44:35.200+0100] {dag.py:4180} INFO - Setting next_dagrun for example_setup_teardown to None, run_after=None
[2025-03-07T14:44:35.211+0100] {processor.py:208} INFO - Processing /usr/local/anaconda3/envs/airflow_env/lib/python3.8/site-packages/airflow/example_dags/example_setup_teardown.py took 0.101 seconds
[2025-03-07T14:47:26.417+0100] {processor.py:186} INFO - Started process (PID=5209) to work on /usr/local/anaconda3/envs/airflow_env/lib/python3.8/site-packages/airflow/example_dags/example_setup_teardown.py
[2025-03-07T14:47:26.421+0100] {processor.py:914} INFO - Processing file /usr/local/anaconda3/envs/airflow_env/lib/python3.8/site-packages/airflow/example_dags/example_setup_teardown.py for tasks to queue
[2025-03-07T14:47:26.421+0100] {logging_mixin.py:190} INFO - [2025-03-07T14:47:26.421+0100] {dagbag.py:588} INFO - Filling up the DagBag from /usr/local/anaconda3/envs/airflow_env/lib/python3.8/site-packages/airflow/example_dags/example_setup_teardown.py
[2025-03-07T14:47:26.430+0100] {processor.py:925} INFO - DAG(s) 'example_setup_teardown' retrieved from /usr/local/anaconda3/envs/airflow_env/lib/python3.8/site-packages/airflow/example_dags/example_setup_teardown.py
[2025-03-07T14:47:26.504+0100] {logging_mixin.py:190} INFO - [2025-03-07T14:47:26.504+0100] {dag.py:3239} INFO - Sync 1 DAGs
[2025-03-07T14:47:26.511+0100] {logging_mixin.py:190} INFO - [2025-03-07T14:47:26.511+0100] {dag.py:4180} INFO - Setting next_dagrun for example_setup_teardown to None, run_after=None
[2025-03-07T14:47:26.522+0100] {processor.py:208} INFO - Processing /usr/local/anaconda3/envs/airflow_env/lib/python3.8/site-packages/airflow/example_dags/example_setup_teardown.py took 0.108 seconds
[2025-03-07T14:50:29.456+0100] {processor.py:186} INFO - Started process (PID=5616) to work on /usr/local/anaconda3/envs/airflow_env/lib/python3.8/site-packages/airflow/example_dags/example_setup_teardown.py
[2025-03-07T14:50:29.459+0100] {processor.py:914} INFO - Processing file /usr/local/anaconda3/envs/airflow_env/lib/python3.8/site-packages/airflow/example_dags/example_setup_teardown.py for tasks to queue
[2025-03-07T14:50:29.460+0100] {logging_mixin.py:190} INFO - [2025-03-07T14:50:29.460+0100] {dagbag.py:588} INFO - Filling up the DagBag from /usr/local/anaconda3/envs/airflow_env/lib/python3.8/site-packages/airflow/example_dags/example_setup_teardown.py
[2025-03-07T14:50:29.468+0100] {processor.py:925} INFO - DAG(s) 'example_setup_teardown' retrieved from /usr/local/anaconda3/envs/airflow_env/lib/python3.8/site-packages/airflow/example_dags/example_setup_teardown.py
[2025-03-07T14:50:29.541+0100] {logging_mixin.py:190} INFO - [2025-03-07T14:50:29.541+0100] {dag.py:3239} INFO - Sync 1 DAGs
[2025-03-07T14:50:29.548+0100] {logging_mixin.py:190} INFO - [2025-03-07T14:50:29.548+0100] {dag.py:4180} INFO - Setting next_dagrun for example_setup_teardown to None, run_after=None
[2025-03-07T14:50:29.560+0100] {processor.py:208} INFO - Processing /usr/local/anaconda3/envs/airflow_env/lib/python3.8/site-packages/airflow/example_dags/example_setup_teardown.py took 0.106 seconds
[2025-03-07T14:54:00.211+0100] {processor.py:186} INFO - Started process (PID=6059) to work on /usr/local/anaconda3/envs/airflow_env/lib/python3.8/site-packages/airflow/example_dags/example_setup_teardown.py
[2025-03-07T14:54:00.214+0100] {processor.py:914} INFO - Processing file /usr/local/anaconda3/envs/airflow_env/lib/python3.8/site-packages/airflow/example_dags/example_setup_teardown.py for tasks to queue
[2025-03-07T14:54:00.215+0100] {logging_mixin.py:190} INFO - [2025-03-07T14:54:00.215+0100] {dagbag.py:588} INFO - Filling up the DagBag from /usr/local/anaconda3/envs/airflow_env/lib/python3.8/site-packages/airflow/example_dags/example_setup_teardown.py
[2025-03-07T14:54:00.223+0100] {processor.py:925} INFO - DAG(s) 'example_setup_teardown' retrieved from /usr/local/anaconda3/envs/airflow_env/lib/python3.8/site-packages/airflow/example_dags/example_setup_teardown.py
[2025-03-07T14:54:00.298+0100] {logging_mixin.py:190} INFO - [2025-03-07T14:54:00.298+0100] {dag.py:3239} INFO - Sync 1 DAGs
[2025-03-07T14:54:00.306+0100] {logging_mixin.py:190} INFO - [2025-03-07T14:54:00.306+0100] {dag.py:4180} INFO - Setting next_dagrun for example_setup_teardown to None, run_after=None
[2025-03-07T14:54:00.319+0100] {processor.py:208} INFO - Processing /usr/local/anaconda3/envs/airflow_env/lib/python3.8/site-packages/airflow/example_dags/example_setup_teardown.py took 0.111 seconds
[2025-03-07T14:56:42.469+0100] {processor.py:186} INFO - Started process (PID=6381) to work on /usr/local/anaconda3/envs/airflow_env/lib/python3.8/site-packages/airflow/example_dags/example_setup_teardown.py
[2025-03-07T14:56:42.472+0100] {processor.py:914} INFO - Processing file /usr/local/anaconda3/envs/airflow_env/lib/python3.8/site-packages/airflow/example_dags/example_setup_teardown.py for tasks to queue
[2025-03-07T14:56:42.473+0100] {logging_mixin.py:190} INFO - [2025-03-07T14:56:42.473+0100] {dagbag.py:588} INFO - Filling up the DagBag from /usr/local/anaconda3/envs/airflow_env/lib/python3.8/site-packages/airflow/example_dags/example_setup_teardown.py
[2025-03-07T14:56:42.480+0100] {processor.py:925} INFO - DAG(s) 'example_setup_teardown' retrieved from /usr/local/anaconda3/envs/airflow_env/lib/python3.8/site-packages/airflow/example_dags/example_setup_teardown.py
[2025-03-07T14:56:42.550+0100] {logging_mixin.py:190} INFO - [2025-03-07T14:56:42.549+0100] {dag.py:3239} INFO - Sync 1 DAGs
[2025-03-07T14:56:42.557+0100] {logging_mixin.py:190} INFO - [2025-03-07T14:56:42.557+0100] {dag.py:4180} INFO - Setting next_dagrun for example_setup_teardown to None, run_after=None
[2025-03-07T14:56:42.568+0100] {processor.py:208} INFO - Processing /usr/local/anaconda3/envs/airflow_env/lib/python3.8/site-packages/airflow/example_dags/example_setup_teardown.py took 0.102 seconds
[2025-03-07T14:58:53.769+0100] {processor.py:186} INFO - Started process (PID=6640) to work on /usr/local/anaconda3/envs/airflow_env/lib/python3.8/site-packages/airflow/example_dags/example_setup_teardown.py
[2025-03-07T14:58:53.772+0100] {processor.py:914} INFO - Processing file /usr/local/anaconda3/envs/airflow_env/lib/python3.8/site-packages/airflow/example_dags/example_setup_teardown.py for tasks to queue
[2025-03-07T14:58:53.773+0100] {logging_mixin.py:190} INFO - [2025-03-07T14:58:53.773+0100] {dagbag.py:588} INFO - Filling up the DagBag from /usr/local/anaconda3/envs/airflow_env/lib/python3.8/site-packages/airflow/example_dags/example_setup_teardown.py
[2025-03-07T14:58:53.780+0100] {processor.py:925} INFO - DAG(s) 'example_setup_teardown' retrieved from /usr/local/anaconda3/envs/airflow_env/lib/python3.8/site-packages/airflow/example_dags/example_setup_teardown.py
[2025-03-07T14:58:53.850+0100] {logging_mixin.py:190} INFO - [2025-03-07T14:58:53.850+0100] {dag.py:3239} INFO - Sync 1 DAGs
[2025-03-07T14:58:53.857+0100] {logging_mixin.py:190} INFO - [2025-03-07T14:58:53.857+0100] {dag.py:4180} INFO - Setting next_dagrun for example_setup_teardown to None, run_after=None
[2025-03-07T14:58:53.868+0100] {processor.py:208} INFO - Processing /usr/local/anaconda3/envs/airflow_env/lib/python3.8/site-packages/airflow/example_dags/example_setup_teardown.py took 0.103 seconds
[2025-03-07T15:01:10.319+0100] {processor.py:186} INFO - Started process (PID=6924) to work on /usr/local/anaconda3/envs/airflow_env/lib/python3.8/site-packages/airflow/example_dags/example_setup_teardown.py
[2025-03-07T15:01:10.323+0100] {processor.py:914} INFO - Processing file /usr/local/anaconda3/envs/airflow_env/lib/python3.8/site-packages/airflow/example_dags/example_setup_teardown.py for tasks to queue
[2025-03-07T15:01:10.323+0100] {logging_mixin.py:190} INFO - [2025-03-07T15:01:10.323+0100] {dagbag.py:588} INFO - Filling up the DagBag from /usr/local/anaconda3/envs/airflow_env/lib/python3.8/site-packages/airflow/example_dags/example_setup_teardown.py
[2025-03-07T15:01:10.331+0100] {processor.py:925} INFO - DAG(s) 'example_setup_teardown' retrieved from /usr/local/anaconda3/envs/airflow_env/lib/python3.8/site-packages/airflow/example_dags/example_setup_teardown.py
[2025-03-07T15:01:10.402+0100] {logging_mixin.py:190} INFO - [2025-03-07T15:01:10.401+0100] {dag.py:3239} INFO - Sync 1 DAGs
[2025-03-07T15:01:10.409+0100] {logging_mixin.py:190} INFO - [2025-03-07T15:01:10.408+0100] {dag.py:4180} INFO - Setting next_dagrun for example_setup_teardown to None, run_after=None
[2025-03-07T15:01:10.420+0100] {processor.py:208} INFO - Processing /usr/local/anaconda3/envs/airflow_env/lib/python3.8/site-packages/airflow/example_dags/example_setup_teardown.py took 0.104 seconds
[2025-03-07T15:03:35.846+0100] {processor.py:186} INFO - Started process (PID=7166) to work on /usr/local/anaconda3/envs/airflow_env/lib/python3.8/site-packages/airflow/example_dags/example_setup_teardown.py
[2025-03-07T15:03:35.849+0100] {processor.py:914} INFO - Processing file /usr/local/anaconda3/envs/airflow_env/lib/python3.8/site-packages/airflow/example_dags/example_setup_teardown.py for tasks to queue
[2025-03-07T15:03:35.850+0100] {logging_mixin.py:190} INFO - [2025-03-07T15:03:35.850+0100] {dagbag.py:588} INFO - Filling up the DagBag from /usr/local/anaconda3/envs/airflow_env/lib/python3.8/site-packages/airflow/example_dags/example_setup_teardown.py
[2025-03-07T15:03:35.857+0100] {processor.py:925} INFO - DAG(s) 'example_setup_teardown' retrieved from /usr/local/anaconda3/envs/airflow_env/lib/python3.8/site-packages/airflow/example_dags/example_setup_teardown.py
[2025-03-07T15:03:35.927+0100] {logging_mixin.py:190} INFO - [2025-03-07T15:03:35.927+0100] {dag.py:3239} INFO - Sync 1 DAGs
[2025-03-07T15:03:35.934+0100] {logging_mixin.py:190} INFO - [2025-03-07T15:03:35.934+0100] {dag.py:4180} INFO - Setting next_dagrun for example_setup_teardown to None, run_after=None
[2025-03-07T15:03:35.946+0100] {processor.py:208} INFO - Processing /usr/local/anaconda3/envs/airflow_env/lib/python3.8/site-packages/airflow/example_dags/example_setup_teardown.py took 0.102 seconds
[2025-03-07T15:05:55.093+0100] {processor.py:186} INFO - Started process (PID=7427) to work on /usr/local/anaconda3/envs/airflow_env/lib/python3.8/site-packages/airflow/example_dags/example_setup_teardown.py
[2025-03-07T15:05:55.096+0100] {processor.py:914} INFO - Processing file /usr/local/anaconda3/envs/airflow_env/lib/python3.8/site-packages/airflow/example_dags/example_setup_teardown.py for tasks to queue
[2025-03-07T15:05:55.097+0100] {logging_mixin.py:190} INFO - [2025-03-07T15:05:55.097+0100] {dagbag.py:588} INFO - Filling up the DagBag from /usr/local/anaconda3/envs/airflow_env/lib/python3.8/site-packages/airflow/example_dags/example_setup_teardown.py
[2025-03-07T15:05:55.104+0100] {processor.py:925} INFO - DAG(s) 'example_setup_teardown' retrieved from /usr/local/anaconda3/envs/airflow_env/lib/python3.8/site-packages/airflow/example_dags/example_setup_teardown.py
[2025-03-07T15:05:55.175+0100] {logging_mixin.py:190} INFO - [2025-03-07T15:05:55.175+0100] {dag.py:3239} INFO - Sync 1 DAGs
[2025-03-07T15:05:55.183+0100] {logging_mixin.py:190} INFO - [2025-03-07T15:05:55.182+0100] {dag.py:4180} INFO - Setting next_dagrun for example_setup_teardown to None, run_after=None
[2025-03-07T15:05:55.195+0100] {processor.py:208} INFO - Processing /usr/local/anaconda3/envs/airflow_env/lib/python3.8/site-packages/airflow/example_dags/example_setup_teardown.py took 0.105 seconds
[2025-03-07T15:08:19.726+0100] {processor.py:186} INFO - Started process (PID=7653) to work on /usr/local/anaconda3/envs/airflow_env/lib/python3.8/site-packages/airflow/example_dags/example_setup_teardown.py
[2025-03-07T15:08:19.729+0100] {processor.py:914} INFO - Processing file /usr/local/anaconda3/envs/airflow_env/lib/python3.8/site-packages/airflow/example_dags/example_setup_teardown.py for tasks to queue
[2025-03-07T15:08:19.730+0100] {logging_mixin.py:190} INFO - [2025-03-07T15:08:19.729+0100] {dagbag.py:588} INFO - Filling up the DagBag from /usr/local/anaconda3/envs/airflow_env/lib/python3.8/site-packages/airflow/example_dags/example_setup_teardown.py
[2025-03-07T15:08:19.737+0100] {processor.py:925} INFO - DAG(s) 'example_setup_teardown' retrieved from /usr/local/anaconda3/envs/airflow_env/lib/python3.8/site-packages/airflow/example_dags/example_setup_teardown.py
[2025-03-07T15:08:19.811+0100] {logging_mixin.py:190} INFO - [2025-03-07T15:08:19.811+0100] {dag.py:3239} INFO - Sync 1 DAGs
[2025-03-07T15:08:19.819+0100] {logging_mixin.py:190} INFO - [2025-03-07T15:08:19.818+0100] {dag.py:4180} INFO - Setting next_dagrun for example_setup_teardown to None, run_after=None
[2025-03-07T15:08:19.831+0100] {processor.py:208} INFO - Processing /usr/local/anaconda3/envs/airflow_env/lib/python3.8/site-packages/airflow/example_dags/example_setup_teardown.py took 0.108 seconds
[2025-03-07T15:10:47.042+0100] {processor.py:186} INFO - Started process (PID=7890) to work on /usr/local/anaconda3/envs/airflow_env/lib/python3.8/site-packages/airflow/example_dags/example_setup_teardown.py
[2025-03-07T15:10:47.045+0100] {processor.py:914} INFO - Processing file /usr/local/anaconda3/envs/airflow_env/lib/python3.8/site-packages/airflow/example_dags/example_setup_teardown.py for tasks to queue
[2025-03-07T15:10:47.046+0100] {logging_mixin.py:190} INFO - [2025-03-07T15:10:47.046+0100] {dagbag.py:588} INFO - Filling up the DagBag from /usr/local/anaconda3/envs/airflow_env/lib/python3.8/site-packages/airflow/example_dags/example_setup_teardown.py
[2025-03-07T15:10:47.053+0100] {processor.py:925} INFO - DAG(s) 'example_setup_teardown' retrieved from /usr/local/anaconda3/envs/airflow_env/lib/python3.8/site-packages/airflow/example_dags/example_setup_teardown.py
[2025-03-07T15:10:47.127+0100] {logging_mixin.py:190} INFO - [2025-03-07T15:10:47.127+0100] {dag.py:3239} INFO - Sync 1 DAGs
[2025-03-07T15:10:47.134+0100] {logging_mixin.py:190} INFO - [2025-03-07T15:10:47.134+0100] {dag.py:4180} INFO - Setting next_dagrun for example_setup_teardown to None, run_after=None
[2025-03-07T15:10:47.146+0100] {processor.py:208} INFO - Processing /usr/local/anaconda3/envs/airflow_env/lib/python3.8/site-packages/airflow/example_dags/example_setup_teardown.py took 0.107 seconds
[2025-03-07T15:13:29.754+0100] {processor.py:186} INFO - Started process (PID=8291) to work on /usr/local/anaconda3/envs/airflow_env/lib/python3.8/site-packages/airflow/example_dags/example_setup_teardown.py
[2025-03-07T15:13:29.757+0100] {processor.py:914} INFO - Processing file /usr/local/anaconda3/envs/airflow_env/lib/python3.8/site-packages/airflow/example_dags/example_setup_teardown.py for tasks to queue
[2025-03-07T15:13:29.758+0100] {logging_mixin.py:190} INFO - [2025-03-07T15:13:29.758+0100] {dagbag.py:588} INFO - Filling up the DagBag from /usr/local/anaconda3/envs/airflow_env/lib/python3.8/site-packages/airflow/example_dags/example_setup_teardown.py
[2025-03-07T15:13:29.766+0100] {processor.py:925} INFO - DAG(s) 'example_setup_teardown' retrieved from /usr/local/anaconda3/envs/airflow_env/lib/python3.8/site-packages/airflow/example_dags/example_setup_teardown.py
[2025-03-07T15:13:29.840+0100] {logging_mixin.py:190} INFO - [2025-03-07T15:13:29.840+0100] {dag.py:3239} INFO - Sync 1 DAGs
[2025-03-07T15:13:29.847+0100] {logging_mixin.py:190} INFO - [2025-03-07T15:13:29.847+0100] {dag.py:4180} INFO - Setting next_dagrun for example_setup_teardown to None, run_after=None
[2025-03-07T15:13:29.859+0100] {processor.py:208} INFO - Processing /usr/local/anaconda3/envs/airflow_env/lib/python3.8/site-packages/airflow/example_dags/example_setup_teardown.py took 0.108 seconds
[2025-03-07T15:16:24.979+0100] {processor.py:186} INFO - Started process (PID=8533) to work on /usr/local/anaconda3/envs/airflow_env/lib/python3.8/site-packages/airflow/example_dags/example_setup_teardown.py
[2025-03-07T15:16:24.990+0100] {processor.py:914} INFO - Processing file /usr/local/anaconda3/envs/airflow_env/lib/python3.8/site-packages/airflow/example_dags/example_setup_teardown.py for tasks to queue
[2025-03-07T15:16:24.991+0100] {logging_mixin.py:190} INFO - [2025-03-07T15:16:24.991+0100] {dagbag.py:588} INFO - Filling up the DagBag from /usr/local/anaconda3/envs/airflow_env/lib/python3.8/site-packages/airflow/example_dags/example_setup_teardown.py
[2025-03-07T15:16:25.001+0100] {processor.py:925} INFO - DAG(s) 'example_setup_teardown' retrieved from /usr/local/anaconda3/envs/airflow_env/lib/python3.8/site-packages/airflow/example_dags/example_setup_teardown.py
[2025-03-07T15:16:25.090+0100] {logging_mixin.py:190} INFO - [2025-03-07T15:16:25.090+0100] {dag.py:3239} INFO - Sync 1 DAGs
[2025-03-07T15:16:25.098+0100] {logging_mixin.py:190} INFO - [2025-03-07T15:16:25.098+0100] {dag.py:4180} INFO - Setting next_dagrun for example_setup_teardown to None, run_after=None
[2025-03-07T15:16:25.111+0100] {processor.py:208} INFO - Processing /usr/local/anaconda3/envs/airflow_env/lib/python3.8/site-packages/airflow/example_dags/example_setup_teardown.py took 0.136 seconds
[2025-03-07T15:18:44.986+0100] {processor.py:186} INFO - Started process (PID=8868) to work on /usr/local/anaconda3/envs/airflow_env/lib/python3.8/site-packages/airflow/example_dags/example_setup_teardown.py
[2025-03-07T15:18:44.989+0100] {processor.py:914} INFO - Processing file /usr/local/anaconda3/envs/airflow_env/lib/python3.8/site-packages/airflow/example_dags/example_setup_teardown.py for tasks to queue
[2025-03-07T15:18:44.990+0100] {logging_mixin.py:190} INFO - [2025-03-07T15:18:44.990+0100] {dagbag.py:588} INFO - Filling up the DagBag from /usr/local/anaconda3/envs/airflow_env/lib/python3.8/site-packages/airflow/example_dags/example_setup_teardown.py
[2025-03-07T15:18:44.997+0100] {processor.py:925} INFO - DAG(s) 'example_setup_teardown' retrieved from /usr/local/anaconda3/envs/airflow_env/lib/python3.8/site-packages/airflow/example_dags/example_setup_teardown.py
[2025-03-07T15:18:45.070+0100] {logging_mixin.py:190} INFO - [2025-03-07T15:18:45.069+0100] {dag.py:3239} INFO - Sync 1 DAGs
[2025-03-07T15:18:45.077+0100] {logging_mixin.py:190} INFO - [2025-03-07T15:18:45.077+0100] {dag.py:4180} INFO - Setting next_dagrun for example_setup_teardown to None, run_after=None
[2025-03-07T15:18:45.089+0100] {processor.py:208} INFO - Processing /usr/local/anaconda3/envs/airflow_env/lib/python3.8/site-packages/airflow/example_dags/example_setup_teardown.py took 0.105 seconds
[2025-03-07T15:20:59.901+0100] {processor.py:186} INFO - Started process (PID=9179) to work on /usr/local/anaconda3/envs/airflow_env/lib/python3.8/site-packages/airflow/example_dags/example_setup_teardown.py
[2025-03-07T15:20:59.904+0100] {processor.py:914} INFO - Processing file /usr/local/anaconda3/envs/airflow_env/lib/python3.8/site-packages/airflow/example_dags/example_setup_teardown.py for tasks to queue
[2025-03-07T15:20:59.905+0100] {logging_mixin.py:190} INFO - [2025-03-07T15:20:59.905+0100] {dagbag.py:588} INFO - Filling up the DagBag from /usr/local/anaconda3/envs/airflow_env/lib/python3.8/site-packages/airflow/example_dags/example_setup_teardown.py
[2025-03-07T15:20:59.912+0100] {processor.py:925} INFO - DAG(s) 'example_setup_teardown' retrieved from /usr/local/anaconda3/envs/airflow_env/lib/python3.8/site-packages/airflow/example_dags/example_setup_teardown.py
[2025-03-07T15:20:59.983+0100] {logging_mixin.py:190} INFO - [2025-03-07T15:20:59.983+0100] {dag.py:3239} INFO - Sync 1 DAGs
[2025-03-07T15:20:59.990+0100] {logging_mixin.py:190} INFO - [2025-03-07T15:20:59.990+0100] {dag.py:4180} INFO - Setting next_dagrun for example_setup_teardown to None, run_after=None
[2025-03-07T15:21:00.002+0100] {processor.py:208} INFO - Processing /usr/local/anaconda3/envs/airflow_env/lib/python3.8/site-packages/airflow/example_dags/example_setup_teardown.py took 0.105 seconds
[2025-03-07T15:23:15.331+0100] {processor.py:186} INFO - Started process (PID=9459) to work on /usr/local/anaconda3/envs/airflow_env/lib/python3.8/site-packages/airflow/example_dags/example_setup_teardown.py
[2025-03-07T15:23:15.334+0100] {processor.py:914} INFO - Processing file /usr/local/anaconda3/envs/airflow_env/lib/python3.8/site-packages/airflow/example_dags/example_setup_teardown.py for tasks to queue
[2025-03-07T15:23:15.335+0100] {logging_mixin.py:190} INFO - [2025-03-07T15:23:15.335+0100] {dagbag.py:588} INFO - Filling up the DagBag from /usr/local/anaconda3/envs/airflow_env/lib/python3.8/site-packages/airflow/example_dags/example_setup_teardown.py
[2025-03-07T15:23:15.342+0100] {processor.py:925} INFO - DAG(s) 'example_setup_teardown' retrieved from /usr/local/anaconda3/envs/airflow_env/lib/python3.8/site-packages/airflow/example_dags/example_setup_teardown.py
[2025-03-07T15:23:15.414+0100] {logging_mixin.py:190} INFO - [2025-03-07T15:23:15.413+0100] {dag.py:3239} INFO - Sync 1 DAGs
[2025-03-07T15:23:15.421+0100] {logging_mixin.py:190} INFO - [2025-03-07T15:23:15.421+0100] {dag.py:4180} INFO - Setting next_dagrun for example_setup_teardown to None, run_after=None
[2025-03-07T15:23:15.432+0100] {processor.py:208} INFO - Processing /usr/local/anaconda3/envs/airflow_env/lib/python3.8/site-packages/airflow/example_dags/example_setup_teardown.py took 0.104 seconds
[2025-03-07T15:25:34.571+0100] {processor.py:186} INFO - Started process (PID=9785) to work on /usr/local/anaconda3/envs/airflow_env/lib/python3.8/site-packages/airflow/example_dags/example_setup_teardown.py
[2025-03-07T15:25:34.575+0100] {processor.py:914} INFO - Processing file /usr/local/anaconda3/envs/airflow_env/lib/python3.8/site-packages/airflow/example_dags/example_setup_teardown.py for tasks to queue
[2025-03-07T15:25:34.575+0100] {logging_mixin.py:190} INFO - [2025-03-07T15:25:34.575+0100] {dagbag.py:588} INFO - Filling up the DagBag from /usr/local/anaconda3/envs/airflow_env/lib/python3.8/site-packages/airflow/example_dags/example_setup_teardown.py
[2025-03-07T15:25:34.582+0100] {processor.py:925} INFO - DAG(s) 'example_setup_teardown' retrieved from /usr/local/anaconda3/envs/airflow_env/lib/python3.8/site-packages/airflow/example_dags/example_setup_teardown.py
[2025-03-07T15:25:34.651+0100] {logging_mixin.py:190} INFO - [2025-03-07T15:25:34.651+0100] {dag.py:3239} INFO - Sync 1 DAGs
[2025-03-07T15:25:34.658+0100] {logging_mixin.py:190} INFO - [2025-03-07T15:25:34.658+0100] {dag.py:4180} INFO - Setting next_dagrun for example_setup_teardown to None, run_after=None
[2025-03-07T15:25:34.669+0100] {processor.py:208} INFO - Processing /usr/local/anaconda3/envs/airflow_env/lib/python3.8/site-packages/airflow/example_dags/example_setup_teardown.py took 0.100 seconds
[2025-03-07T15:27:56.729+0100] {processor.py:186} INFO - Started process (PID=10114) to work on /usr/local/anaconda3/envs/airflow_env/lib/python3.8/site-packages/airflow/example_dags/example_setup_teardown.py
[2025-03-07T15:27:56.733+0100] {processor.py:914} INFO - Processing file /usr/local/anaconda3/envs/airflow_env/lib/python3.8/site-packages/airflow/example_dags/example_setup_teardown.py for tasks to queue
[2025-03-07T15:27:56.734+0100] {logging_mixin.py:190} INFO - [2025-03-07T15:27:56.734+0100] {dagbag.py:588} INFO - Filling up the DagBag from /usr/local/anaconda3/envs/airflow_env/lib/python3.8/site-packages/airflow/example_dags/example_setup_teardown.py
[2025-03-07T15:27:56.742+0100] {processor.py:925} INFO - DAG(s) 'example_setup_teardown' retrieved from /usr/local/anaconda3/envs/airflow_env/lib/python3.8/site-packages/airflow/example_dags/example_setup_teardown.py
[2025-03-07T15:27:56.819+0100] {logging_mixin.py:190} INFO - [2025-03-07T15:27:56.818+0100] {dag.py:3239} INFO - Sync 1 DAGs
[2025-03-07T15:27:56.827+0100] {logging_mixin.py:190} INFO - [2025-03-07T15:27:56.827+0100] {dag.py:4180} INFO - Setting next_dagrun for example_setup_teardown to None, run_after=None
[2025-03-07T15:27:56.840+0100] {processor.py:208} INFO - Processing /usr/local/anaconda3/envs/airflow_env/lib/python3.8/site-packages/airflow/example_dags/example_setup_teardown.py took 0.114 seconds
[2025-03-07T15:30:33.260+0100] {processor.py:186} INFO - Started process (PID=10380) to work on /usr/local/anaconda3/envs/airflow_env/lib/python3.8/site-packages/airflow/example_dags/example_setup_teardown.py
[2025-03-07T15:30:33.264+0100] {processor.py:914} INFO - Processing file /usr/local/anaconda3/envs/airflow_env/lib/python3.8/site-packages/airflow/example_dags/example_setup_teardown.py for tasks to queue
[2025-03-07T15:30:33.264+0100] {logging_mixin.py:190} INFO - [2025-03-07T15:30:33.264+0100] {dagbag.py:588} INFO - Filling up the DagBag from /usr/local/anaconda3/envs/airflow_env/lib/python3.8/site-packages/airflow/example_dags/example_setup_teardown.py
[2025-03-07T15:30:33.272+0100] {processor.py:925} INFO - DAG(s) 'example_setup_teardown' retrieved from /usr/local/anaconda3/envs/airflow_env/lib/python3.8/site-packages/airflow/example_dags/example_setup_teardown.py
[2025-03-07T15:30:33.344+0100] {logging_mixin.py:190} INFO - [2025-03-07T15:30:33.343+0100] {dag.py:3239} INFO - Sync 1 DAGs
[2025-03-07T15:30:33.351+0100] {logging_mixin.py:190} INFO - [2025-03-07T15:30:33.350+0100] {dag.py:4180} INFO - Setting next_dagrun for example_setup_teardown to None, run_after=None
[2025-03-07T15:30:33.362+0100] {processor.py:208} INFO - Processing /usr/local/anaconda3/envs/airflow_env/lib/python3.8/site-packages/airflow/example_dags/example_setup_teardown.py took 0.105 seconds
[2025-03-07T15:33:19.490+0100] {processor.py:186} INFO - Started process (PID=10636) to work on /usr/local/anaconda3/envs/airflow_env/lib/python3.8/site-packages/airflow/example_dags/example_setup_teardown.py
[2025-03-07T15:33:19.493+0100] {processor.py:914} INFO - Processing file /usr/local/anaconda3/envs/airflow_env/lib/python3.8/site-packages/airflow/example_dags/example_setup_teardown.py for tasks to queue
[2025-03-07T15:33:19.494+0100] {logging_mixin.py:190} INFO - [2025-03-07T15:33:19.494+0100] {dagbag.py:588} INFO - Filling up the DagBag from /usr/local/anaconda3/envs/airflow_env/lib/python3.8/site-packages/airflow/example_dags/example_setup_teardown.py
[2025-03-07T15:33:19.501+0100] {processor.py:925} INFO - DAG(s) 'example_setup_teardown' retrieved from /usr/local/anaconda3/envs/airflow_env/lib/python3.8/site-packages/airflow/example_dags/example_setup_teardown.py
[2025-03-07T15:33:19.577+0100] {logging_mixin.py:190} INFO - [2025-03-07T15:33:19.577+0100] {dag.py:3239} INFO - Sync 1 DAGs
[2025-03-07T15:33:19.584+0100] {logging_mixin.py:190} INFO - [2025-03-07T15:33:19.584+0100] {dag.py:4180} INFO - Setting next_dagrun for example_setup_teardown to None, run_after=None
[2025-03-07T15:33:19.596+0100] {processor.py:208} INFO - Processing /usr/local/anaconda3/envs/airflow_env/lib/python3.8/site-packages/airflow/example_dags/example_setup_teardown.py took 0.109 seconds
[2025-03-07T15:35:36.659+0100] {processor.py:186} INFO - Started process (PID=10910) to work on /usr/local/anaconda3/envs/airflow_env/lib/python3.8/site-packages/airflow/example_dags/example_setup_teardown.py
[2025-03-07T15:35:36.662+0100] {processor.py:914} INFO - Processing file /usr/local/anaconda3/envs/airflow_env/lib/python3.8/site-packages/airflow/example_dags/example_setup_teardown.py for tasks to queue
[2025-03-07T15:35:36.663+0100] {logging_mixin.py:190} INFO - [2025-03-07T15:35:36.663+0100] {dagbag.py:588} INFO - Filling up the DagBag from /usr/local/anaconda3/envs/airflow_env/lib/python3.8/site-packages/airflow/example_dags/example_setup_teardown.py
[2025-03-07T15:35:36.670+0100] {processor.py:925} INFO - DAG(s) 'example_setup_teardown' retrieved from /usr/local/anaconda3/envs/airflow_env/lib/python3.8/site-packages/airflow/example_dags/example_setup_teardown.py
[2025-03-07T15:35:36.744+0100] {logging_mixin.py:190} INFO - [2025-03-07T15:35:36.744+0100] {dag.py:3239} INFO - Sync 1 DAGs
[2025-03-07T15:35:36.752+0100] {logging_mixin.py:190} INFO - [2025-03-07T15:35:36.751+0100] {dag.py:4180} INFO - Setting next_dagrun for example_setup_teardown to None, run_after=None
[2025-03-07T15:35:36.765+0100] {processor.py:208} INFO - Processing /usr/local/anaconda3/envs/airflow_env/lib/python3.8/site-packages/airflow/example_dags/example_setup_teardown.py took 0.109 seconds
[2025-03-07T15:37:50.640+0100] {processor.py:186} INFO - Started process (PID=11184) to work on /usr/local/anaconda3/envs/airflow_env/lib/python3.8/site-packages/airflow/example_dags/example_setup_teardown.py
[2025-03-07T15:37:50.643+0100] {processor.py:914} INFO - Processing file /usr/local/anaconda3/envs/airflow_env/lib/python3.8/site-packages/airflow/example_dags/example_setup_teardown.py for tasks to queue
[2025-03-07T15:37:50.644+0100] {logging_mixin.py:190} INFO - [2025-03-07T15:37:50.644+0100] {dagbag.py:588} INFO - Filling up the DagBag from /usr/local/anaconda3/envs/airflow_env/lib/python3.8/site-packages/airflow/example_dags/example_setup_teardown.py
[2025-03-07T15:37:50.651+0100] {processor.py:925} INFO - DAG(s) 'example_setup_teardown' retrieved from /usr/local/anaconda3/envs/airflow_env/lib/python3.8/site-packages/airflow/example_dags/example_setup_teardown.py
[2025-03-07T15:37:50.724+0100] {logging_mixin.py:190} INFO - [2025-03-07T15:37:50.724+0100] {dag.py:3239} INFO - Sync 1 DAGs
[2025-03-07T15:37:50.731+0100] {logging_mixin.py:190} INFO - [2025-03-07T15:37:50.731+0100] {dag.py:4180} INFO - Setting next_dagrun for example_setup_teardown to None, run_after=None
[2025-03-07T15:37:50.742+0100] {processor.py:208} INFO - Processing /usr/local/anaconda3/envs/airflow_env/lib/python3.8/site-packages/airflow/example_dags/example_setup_teardown.py took 0.105 seconds
[2025-03-07T15:40:05.058+0100] {processor.py:186} INFO - Started process (PID=11399) to work on /usr/local/anaconda3/envs/airflow_env/lib/python3.8/site-packages/airflow/example_dags/example_setup_teardown.py
[2025-03-07T15:40:05.061+0100] {processor.py:914} INFO - Processing file /usr/local/anaconda3/envs/airflow_env/lib/python3.8/site-packages/airflow/example_dags/example_setup_teardown.py for tasks to queue
[2025-03-07T15:40:05.062+0100] {logging_mixin.py:190} INFO - [2025-03-07T15:40:05.061+0100] {dagbag.py:588} INFO - Filling up the DagBag from /usr/local/anaconda3/envs/airflow_env/lib/python3.8/site-packages/airflow/example_dags/example_setup_teardown.py
[2025-03-07T15:40:05.068+0100] {processor.py:925} INFO - DAG(s) 'example_setup_teardown' retrieved from /usr/local/anaconda3/envs/airflow_env/lib/python3.8/site-packages/airflow/example_dags/example_setup_teardown.py
[2025-03-07T15:40:05.139+0100] {logging_mixin.py:190} INFO - [2025-03-07T15:40:05.139+0100] {dag.py:3239} INFO - Sync 1 DAGs
[2025-03-07T15:40:05.146+0100] {logging_mixin.py:190} INFO - [2025-03-07T15:40:05.146+0100] {dag.py:4180} INFO - Setting next_dagrun for example_setup_teardown to None, run_after=None
[2025-03-07T15:40:05.159+0100] {processor.py:208} INFO - Processing /usr/local/anaconda3/envs/airflow_env/lib/python3.8/site-packages/airflow/example_dags/example_setup_teardown.py took 0.105 seconds
[2025-03-07T15:42:16.250+0100] {processor.py:186} INFO - Started process (PID=11565) to work on /usr/local/anaconda3/envs/airflow_env/lib/python3.8/site-packages/airflow/example_dags/example_setup_teardown.py
[2025-03-07T15:42:16.253+0100] {processor.py:914} INFO - Processing file /usr/local/anaconda3/envs/airflow_env/lib/python3.8/site-packages/airflow/example_dags/example_setup_teardown.py for tasks to queue
[2025-03-07T15:42:16.253+0100] {logging_mixin.py:190} INFO - [2025-03-07T15:42:16.253+0100] {dagbag.py:588} INFO - Filling up the DagBag from /usr/local/anaconda3/envs/airflow_env/lib/python3.8/site-packages/airflow/example_dags/example_setup_teardown.py
[2025-03-07T15:42:16.260+0100] {processor.py:925} INFO - DAG(s) 'example_setup_teardown' retrieved from /usr/local/anaconda3/envs/airflow_env/lib/python3.8/site-packages/airflow/example_dags/example_setup_teardown.py
[2025-03-07T15:42:16.331+0100] {logging_mixin.py:190} INFO - [2025-03-07T15:42:16.331+0100] {dag.py:3239} INFO - Sync 1 DAGs
[2025-03-07T15:42:16.338+0100] {logging_mixin.py:190} INFO - [2025-03-07T15:42:16.338+0100] {dag.py:4180} INFO - Setting next_dagrun for example_setup_teardown to None, run_after=None
[2025-03-07T15:42:16.349+0100] {processor.py:208} INFO - Processing /usr/local/anaconda3/envs/airflow_env/lib/python3.8/site-packages/airflow/example_dags/example_setup_teardown.py took 0.103 seconds
[2025-03-07T15:44:23.823+0100] {processor.py:186} INFO - Started process (PID=11808) to work on /usr/local/anaconda3/envs/airflow_env/lib/python3.8/site-packages/airflow/example_dags/example_setup_teardown.py
[2025-03-07T15:44:23.827+0100] {processor.py:914} INFO - Processing file /usr/local/anaconda3/envs/airflow_env/lib/python3.8/site-packages/airflow/example_dags/example_setup_teardown.py for tasks to queue
[2025-03-07T15:44:23.827+0100] {logging_mixin.py:190} INFO - [2025-03-07T15:44:23.827+0100] {dagbag.py:588} INFO - Filling up the DagBag from /usr/local/anaconda3/envs/airflow_env/lib/python3.8/site-packages/airflow/example_dags/example_setup_teardown.py
[2025-03-07T15:44:23.834+0100] {processor.py:925} INFO - DAG(s) 'example_setup_teardown' retrieved from /usr/local/anaconda3/envs/airflow_env/lib/python3.8/site-packages/airflow/example_dags/example_setup_teardown.py
[2025-03-07T15:44:23.905+0100] {logging_mixin.py:190} INFO - [2025-03-07T15:44:23.905+0100] {dag.py:3239} INFO - Sync 1 DAGs
[2025-03-07T15:44:23.912+0100] {logging_mixin.py:190} INFO - [2025-03-07T15:44:23.912+0100] {dag.py:4180} INFO - Setting next_dagrun for example_setup_teardown to None, run_after=None
[2025-03-07T15:44:23.923+0100] {processor.py:208} INFO - Processing /usr/local/anaconda3/envs/airflow_env/lib/python3.8/site-packages/airflow/example_dags/example_setup_teardown.py took 0.103 seconds
[2025-03-07T15:46:52.124+0100] {processor.py:186} INFO - Started process (PID=12044) to work on /usr/local/anaconda3/envs/airflow_env/lib/python3.8/site-packages/airflow/example_dags/example_setup_teardown.py
[2025-03-07T15:46:52.127+0100] {processor.py:914} INFO - Processing file /usr/local/anaconda3/envs/airflow_env/lib/python3.8/site-packages/airflow/example_dags/example_setup_teardown.py for tasks to queue
[2025-03-07T15:46:52.128+0100] {logging_mixin.py:190} INFO - [2025-03-07T15:46:52.128+0100] {dagbag.py:588} INFO - Filling up the DagBag from /usr/local/anaconda3/envs/airflow_env/lib/python3.8/site-packages/airflow/example_dags/example_setup_teardown.py
[2025-03-07T15:46:52.137+0100] {processor.py:925} INFO - DAG(s) 'example_setup_teardown' retrieved from /usr/local/anaconda3/envs/airflow_env/lib/python3.8/site-packages/airflow/example_dags/example_setup_teardown.py
[2025-03-07T15:46:52.215+0100] {logging_mixin.py:190} INFO - [2025-03-07T15:46:52.215+0100] {dag.py:3239} INFO - Sync 1 DAGs
[2025-03-07T15:46:52.223+0100] {logging_mixin.py:190} INFO - [2025-03-07T15:46:52.223+0100] {dag.py:4180} INFO - Setting next_dagrun for example_setup_teardown to None, run_after=None
[2025-03-07T15:46:52.237+0100] {processor.py:208} INFO - Processing /usr/local/anaconda3/envs/airflow_env/lib/python3.8/site-packages/airflow/example_dags/example_setup_teardown.py took 0.116 seconds
[2025-03-07T15:49:07.715+0100] {processor.py:186} INFO - Started process (PID=12279) to work on /usr/local/anaconda3/envs/airflow_env/lib/python3.8/site-packages/airflow/example_dags/example_setup_teardown.py
[2025-03-07T15:49:07.718+0100] {processor.py:914} INFO - Processing file /usr/local/anaconda3/envs/airflow_env/lib/python3.8/site-packages/airflow/example_dags/example_setup_teardown.py for tasks to queue
[2025-03-07T15:49:07.719+0100] {logging_mixin.py:190} INFO - [2025-03-07T15:49:07.719+0100] {dagbag.py:588} INFO - Filling up the DagBag from /usr/local/anaconda3/envs/airflow_env/lib/python3.8/site-packages/airflow/example_dags/example_setup_teardown.py
[2025-03-07T15:49:07.726+0100] {processor.py:925} INFO - DAG(s) 'example_setup_teardown' retrieved from /usr/local/anaconda3/envs/airflow_env/lib/python3.8/site-packages/airflow/example_dags/example_setup_teardown.py
[2025-03-07T15:49:07.799+0100] {logging_mixin.py:190} INFO - [2025-03-07T15:49:07.798+0100] {dag.py:3239} INFO - Sync 1 DAGs
[2025-03-07T15:49:07.806+0100] {logging_mixin.py:190} INFO - [2025-03-07T15:49:07.806+0100] {dag.py:4180} INFO - Setting next_dagrun for example_setup_teardown to None, run_after=None
[2025-03-07T15:49:07.819+0100] {processor.py:208} INFO - Processing /usr/local/anaconda3/envs/airflow_env/lib/python3.8/site-packages/airflow/example_dags/example_setup_teardown.py took 0.107 seconds
[2025-03-07T15:51:24.691+0100] {processor.py:186} INFO - Started process (PID=12554) to work on /usr/local/anaconda3/envs/airflow_env/lib/python3.8/site-packages/airflow/example_dags/example_setup_teardown.py
[2025-03-07T15:51:24.694+0100] {processor.py:914} INFO - Processing file /usr/local/anaconda3/envs/airflow_env/lib/python3.8/site-packages/airflow/example_dags/example_setup_teardown.py for tasks to queue
[2025-03-07T15:51:24.695+0100] {logging_mixin.py:190} INFO - [2025-03-07T15:51:24.695+0100] {dagbag.py:588} INFO - Filling up the DagBag from /usr/local/anaconda3/envs/airflow_env/lib/python3.8/site-packages/airflow/example_dags/example_setup_teardown.py
[2025-03-07T15:51:24.702+0100] {processor.py:925} INFO - DAG(s) 'example_setup_teardown' retrieved from /usr/local/anaconda3/envs/airflow_env/lib/python3.8/site-packages/airflow/example_dags/example_setup_teardown.py
[2025-03-07T15:51:24.774+0100] {logging_mixin.py:190} INFO - [2025-03-07T15:51:24.774+0100] {dag.py:3239} INFO - Sync 1 DAGs
[2025-03-07T15:51:24.782+0100] {logging_mixin.py:190} INFO - [2025-03-07T15:51:24.781+0100] {dag.py:4180} INFO - Setting next_dagrun for example_setup_teardown to None, run_after=None
[2025-03-07T15:51:24.793+0100] {processor.py:208} INFO - Processing /usr/local/anaconda3/envs/airflow_env/lib/python3.8/site-packages/airflow/example_dags/example_setup_teardown.py took 0.105 seconds
[2025-03-07T15:53:52.664+0100] {processor.py:186} INFO - Started process (PID=12859) to work on /usr/local/anaconda3/envs/airflow_env/lib/python3.8/site-packages/airflow/example_dags/example_setup_teardown.py
[2025-03-07T15:53:52.667+0100] {processor.py:914} INFO - Processing file /usr/local/anaconda3/envs/airflow_env/lib/python3.8/site-packages/airflow/example_dags/example_setup_teardown.py for tasks to queue
[2025-03-07T15:53:52.668+0100] {logging_mixin.py:190} INFO - [2025-03-07T15:53:52.668+0100] {dagbag.py:588} INFO - Filling up the DagBag from /usr/local/anaconda3/envs/airflow_env/lib/python3.8/site-packages/airflow/example_dags/example_setup_teardown.py
[2025-03-07T15:53:52.675+0100] {processor.py:925} INFO - DAG(s) 'example_setup_teardown' retrieved from /usr/local/anaconda3/envs/airflow_env/lib/python3.8/site-packages/airflow/example_dags/example_setup_teardown.py
[2025-03-07T15:53:52.745+0100] {logging_mixin.py:190} INFO - [2025-03-07T15:53:52.745+0100] {dag.py:3239} INFO - Sync 1 DAGs
[2025-03-07T15:53:52.752+0100] {logging_mixin.py:190} INFO - [2025-03-07T15:53:52.752+0100] {dag.py:4180} INFO - Setting next_dagrun for example_setup_teardown to None, run_after=None
[2025-03-07T15:53:52.764+0100] {processor.py:208} INFO - Processing /usr/local/anaconda3/envs/airflow_env/lib/python3.8/site-packages/airflow/example_dags/example_setup_teardown.py took 0.103 seconds
[2025-03-07T15:56:10.079+0100] {processor.py:186} INFO - Started process (PID=13070) to work on /usr/local/anaconda3/envs/airflow_env/lib/python3.8/site-packages/airflow/example_dags/example_setup_teardown.py
[2025-03-07T15:56:10.082+0100] {processor.py:914} INFO - Processing file /usr/local/anaconda3/envs/airflow_env/lib/python3.8/site-packages/airflow/example_dags/example_setup_teardown.py for tasks to queue
[2025-03-07T15:56:10.083+0100] {logging_mixin.py:190} INFO - [2025-03-07T15:56:10.083+0100] {dagbag.py:588} INFO - Filling up the DagBag from /usr/local/anaconda3/envs/airflow_env/lib/python3.8/site-packages/airflow/example_dags/example_setup_teardown.py
[2025-03-07T15:56:10.091+0100] {processor.py:925} INFO - DAG(s) 'example_setup_teardown' retrieved from /usr/local/anaconda3/envs/airflow_env/lib/python3.8/site-packages/airflow/example_dags/example_setup_teardown.py
[2025-03-07T15:56:10.164+0100] {logging_mixin.py:190} INFO - [2025-03-07T15:56:10.164+0100] {dag.py:3239} INFO - Sync 1 DAGs
[2025-03-07T15:56:10.172+0100] {logging_mixin.py:190} INFO - [2025-03-07T15:56:10.171+0100] {dag.py:4180} INFO - Setting next_dagrun for example_setup_teardown to None, run_after=None
[2025-03-07T15:56:10.184+0100] {processor.py:208} INFO - Processing /usr/local/anaconda3/envs/airflow_env/lib/python3.8/site-packages/airflow/example_dags/example_setup_teardown.py took 0.107 seconds
[2025-03-07T15:58:25.678+0100] {processor.py:186} INFO - Started process (PID=13318) to work on /usr/local/anaconda3/envs/airflow_env/lib/python3.8/site-packages/airflow/example_dags/example_setup_teardown.py
[2025-03-07T15:58:25.681+0100] {processor.py:914} INFO - Processing file /usr/local/anaconda3/envs/airflow_env/lib/python3.8/site-packages/airflow/example_dags/example_setup_teardown.py for tasks to queue
[2025-03-07T15:58:25.682+0100] {logging_mixin.py:190} INFO - [2025-03-07T15:58:25.682+0100] {dagbag.py:588} INFO - Filling up the DagBag from /usr/local/anaconda3/envs/airflow_env/lib/python3.8/site-packages/airflow/example_dags/example_setup_teardown.py
[2025-03-07T15:58:25.689+0100] {processor.py:925} INFO - DAG(s) 'example_setup_teardown' retrieved from /usr/local/anaconda3/envs/airflow_env/lib/python3.8/site-packages/airflow/example_dags/example_setup_teardown.py
[2025-03-07T15:58:25.763+0100] {logging_mixin.py:190} INFO - [2025-03-07T15:58:25.762+0100] {dag.py:3239} INFO - Sync 1 DAGs
[2025-03-07T15:58:25.770+0100] {logging_mixin.py:190} INFO - [2025-03-07T15:58:25.770+0100] {dag.py:4180} INFO - Setting next_dagrun for example_setup_teardown to None, run_after=None
[2025-03-07T15:58:25.782+0100] {processor.py:208} INFO - Processing /usr/local/anaconda3/envs/airflow_env/lib/python3.8/site-packages/airflow/example_dags/example_setup_teardown.py took 0.107 seconds
[2025-03-07T16:01:30.689+0100] {processor.py:186} INFO - Started process (PID=13625) to work on /usr/local/anaconda3/envs/airflow_env/lib/python3.8/site-packages/airflow/example_dags/example_setup_teardown.py
[2025-03-07T16:01:30.692+0100] {processor.py:914} INFO - Processing file /usr/local/anaconda3/envs/airflow_env/lib/python3.8/site-packages/airflow/example_dags/example_setup_teardown.py for tasks to queue
[2025-03-07T16:01:30.693+0100] {logging_mixin.py:190} INFO - [2025-03-07T16:01:30.693+0100] {dagbag.py:588} INFO - Filling up the DagBag from /usr/local/anaconda3/envs/airflow_env/lib/python3.8/site-packages/airflow/example_dags/example_setup_teardown.py
[2025-03-07T16:01:30.700+0100] {processor.py:925} INFO - DAG(s) 'example_setup_teardown' retrieved from /usr/local/anaconda3/envs/airflow_env/lib/python3.8/site-packages/airflow/example_dags/example_setup_teardown.py
[2025-03-07T16:01:30.774+0100] {logging_mixin.py:190} INFO - [2025-03-07T16:01:30.774+0100] {dag.py:3239} INFO - Sync 1 DAGs
[2025-03-07T16:01:30.781+0100] {logging_mixin.py:190} INFO - [2025-03-07T16:01:30.781+0100] {dag.py:4180} INFO - Setting next_dagrun for example_setup_teardown to None, run_after=None
[2025-03-07T16:01:30.793+0100] {processor.py:208} INFO - Processing /usr/local/anaconda3/envs/airflow_env/lib/python3.8/site-packages/airflow/example_dags/example_setup_teardown.py took 0.107 seconds
[2025-03-07T16:04:27.284+0100] {processor.py:186} INFO - Started process (PID=13861) to work on /usr/local/anaconda3/envs/airflow_env/lib/python3.8/site-packages/airflow/example_dags/example_setup_teardown.py
[2025-03-07T16:04:27.287+0100] {processor.py:914} INFO - Processing file /usr/local/anaconda3/envs/airflow_env/lib/python3.8/site-packages/airflow/example_dags/example_setup_teardown.py for tasks to queue
[2025-03-07T16:04:27.288+0100] {logging_mixin.py:190} INFO - [2025-03-07T16:04:27.288+0100] {dagbag.py:588} INFO - Filling up the DagBag from /usr/local/anaconda3/envs/airflow_env/lib/python3.8/site-packages/airflow/example_dags/example_setup_teardown.py
[2025-03-07T16:04:27.295+0100] {processor.py:925} INFO - DAG(s) 'example_setup_teardown' retrieved from /usr/local/anaconda3/envs/airflow_env/lib/python3.8/site-packages/airflow/example_dags/example_setup_teardown.py
[2025-03-07T16:04:27.370+0100] {logging_mixin.py:190} INFO - [2025-03-07T16:04:27.370+0100] {dag.py:3239} INFO - Sync 1 DAGs
[2025-03-07T16:04:27.377+0100] {logging_mixin.py:190} INFO - [2025-03-07T16:04:27.377+0100] {dag.py:4180} INFO - Setting next_dagrun for example_setup_teardown to None, run_after=None
[2025-03-07T16:04:27.390+0100] {processor.py:208} INFO - Processing /usr/local/anaconda3/envs/airflow_env/lib/python3.8/site-packages/airflow/example_dags/example_setup_teardown.py took 0.108 seconds
[2025-03-07T16:07:29.870+0100] {processor.py:186} INFO - Started process (PID=14178) to work on /usr/local/anaconda3/envs/airflow_env/lib/python3.8/site-packages/airflow/example_dags/example_setup_teardown.py
[2025-03-07T16:07:29.873+0100] {processor.py:914} INFO - Processing file /usr/local/anaconda3/envs/airflow_env/lib/python3.8/site-packages/airflow/example_dags/example_setup_teardown.py for tasks to queue
[2025-03-07T16:07:29.874+0100] {logging_mixin.py:190} INFO - [2025-03-07T16:07:29.874+0100] {dagbag.py:588} INFO - Filling up the DagBag from /usr/local/anaconda3/envs/airflow_env/lib/python3.8/site-packages/airflow/example_dags/example_setup_teardown.py
[2025-03-07T16:07:29.881+0100] {processor.py:925} INFO - DAG(s) 'example_setup_teardown' retrieved from /usr/local/anaconda3/envs/airflow_env/lib/python3.8/site-packages/airflow/example_dags/example_setup_teardown.py
[2025-03-07T16:07:29.957+0100] {logging_mixin.py:190} INFO - [2025-03-07T16:07:29.957+0100] {dag.py:3239} INFO - Sync 1 DAGs
[2025-03-07T16:07:29.965+0100] {logging_mixin.py:190} INFO - [2025-03-07T16:07:29.965+0100] {dag.py:4180} INFO - Setting next_dagrun for example_setup_teardown to None, run_after=None
[2025-03-07T16:07:29.986+0100] {processor.py:208} INFO - Processing /usr/local/anaconda3/envs/airflow_env/lib/python3.8/site-packages/airflow/example_dags/example_setup_teardown.py took 0.119 seconds
[2025-03-07T16:11:22.534+0100] {processor.py:186} INFO - Started process (PID=14464) to work on /usr/local/anaconda3/envs/airflow_env/lib/python3.8/site-packages/airflow/example_dags/example_setup_teardown.py
[2025-03-07T16:11:22.537+0100] {processor.py:914} INFO - Processing file /usr/local/anaconda3/envs/airflow_env/lib/python3.8/site-packages/airflow/example_dags/example_setup_teardown.py for tasks to queue
[2025-03-07T16:11:22.538+0100] {logging_mixin.py:190} INFO - [2025-03-07T16:11:22.538+0100] {dagbag.py:588} INFO - Filling up the DagBag from /usr/local/anaconda3/envs/airflow_env/lib/python3.8/site-packages/airflow/example_dags/example_setup_teardown.py
[2025-03-07T16:11:22.546+0100] {processor.py:925} INFO - DAG(s) 'example_setup_teardown' retrieved from /usr/local/anaconda3/envs/airflow_env/lib/python3.8/site-packages/airflow/example_dags/example_setup_teardown.py
[2025-03-07T16:11:22.622+0100] {logging_mixin.py:190} INFO - [2025-03-07T16:11:22.622+0100] {dag.py:3239} INFO - Sync 1 DAGs
[2025-03-07T16:11:22.630+0100] {logging_mixin.py:190} INFO - [2025-03-07T16:11:22.629+0100] {dag.py:4180} INFO - Setting next_dagrun for example_setup_teardown to None, run_after=None
[2025-03-07T16:11:22.643+0100] {processor.py:208} INFO - Processing /usr/local/anaconda3/envs/airflow_env/lib/python3.8/site-packages/airflow/example_dags/example_setup_teardown.py took 0.113 seconds
[2025-03-07T16:13:39.465+0100] {processor.py:186} INFO - Started process (PID=14778) to work on /usr/local/anaconda3/envs/airflow_env/lib/python3.8/site-packages/airflow/example_dags/example_setup_teardown.py
[2025-03-07T16:13:39.469+0100] {processor.py:914} INFO - Processing file /usr/local/anaconda3/envs/airflow_env/lib/python3.8/site-packages/airflow/example_dags/example_setup_teardown.py for tasks to queue
[2025-03-07T16:13:39.469+0100] {logging_mixin.py:190} INFO - [2025-03-07T16:13:39.469+0100] {dagbag.py:588} INFO - Filling up the DagBag from /usr/local/anaconda3/envs/airflow_env/lib/python3.8/site-packages/airflow/example_dags/example_setup_teardown.py
[2025-03-07T16:13:39.477+0100] {processor.py:925} INFO - DAG(s) 'example_setup_teardown' retrieved from /usr/local/anaconda3/envs/airflow_env/lib/python3.8/site-packages/airflow/example_dags/example_setup_teardown.py
[2025-03-07T16:13:39.548+0100] {logging_mixin.py:190} INFO - [2025-03-07T16:13:39.547+0100] {dag.py:3239} INFO - Sync 1 DAGs
[2025-03-07T16:13:39.555+0100] {logging_mixin.py:190} INFO - [2025-03-07T16:13:39.555+0100] {dag.py:4180} INFO - Setting next_dagrun for example_setup_teardown to None, run_after=None
[2025-03-07T16:13:39.567+0100] {processor.py:208} INFO - Processing /usr/local/anaconda3/envs/airflow_env/lib/python3.8/site-packages/airflow/example_dags/example_setup_teardown.py took 0.104 seconds
[2025-03-07T16:15:53.121+0100] {processor.py:186} INFO - Started process (PID=15073) to work on /usr/local/anaconda3/envs/airflow_env/lib/python3.8/site-packages/airflow/example_dags/example_setup_teardown.py
[2025-03-07T16:15:53.124+0100] {processor.py:914} INFO - Processing file /usr/local/anaconda3/envs/airflow_env/lib/python3.8/site-packages/airflow/example_dags/example_setup_teardown.py for tasks to queue
[2025-03-07T16:15:53.125+0100] {logging_mixin.py:190} INFO - [2025-03-07T16:15:53.125+0100] {dagbag.py:588} INFO - Filling up the DagBag from /usr/local/anaconda3/envs/airflow_env/lib/python3.8/site-packages/airflow/example_dags/example_setup_teardown.py
[2025-03-07T16:15:53.132+0100] {processor.py:925} INFO - DAG(s) 'example_setup_teardown' retrieved from /usr/local/anaconda3/envs/airflow_env/lib/python3.8/site-packages/airflow/example_dags/example_setup_teardown.py
[2025-03-07T16:15:53.202+0100] {logging_mixin.py:190} INFO - [2025-03-07T16:15:53.201+0100] {dag.py:3239} INFO - Sync 1 DAGs
[2025-03-07T16:15:53.208+0100] {logging_mixin.py:190} INFO - [2025-03-07T16:15:53.208+0100] {dag.py:4180} INFO - Setting next_dagrun for example_setup_teardown to None, run_after=None
[2025-03-07T16:15:53.220+0100] {processor.py:208} INFO - Processing /usr/local/anaconda3/envs/airflow_env/lib/python3.8/site-packages/airflow/example_dags/example_setup_teardown.py took 0.102 seconds
[2025-03-07T16:18:07.903+0100] {processor.py:186} INFO - Started process (PID=15273) to work on /usr/local/anaconda3/envs/airflow_env/lib/python3.8/site-packages/airflow/example_dags/example_setup_teardown.py
[2025-03-07T16:18:07.906+0100] {processor.py:914} INFO - Processing file /usr/local/anaconda3/envs/airflow_env/lib/python3.8/site-packages/airflow/example_dags/example_setup_teardown.py for tasks to queue
[2025-03-07T16:18:07.907+0100] {logging_mixin.py:190} INFO - [2025-03-07T16:18:07.907+0100] {dagbag.py:588} INFO - Filling up the DagBag from /usr/local/anaconda3/envs/airflow_env/lib/python3.8/site-packages/airflow/example_dags/example_setup_teardown.py
[2025-03-07T16:18:07.914+0100] {processor.py:925} INFO - DAG(s) 'example_setup_teardown' retrieved from /usr/local/anaconda3/envs/airflow_env/lib/python3.8/site-packages/airflow/example_dags/example_setup_teardown.py
[2025-03-07T16:18:07.988+0100] {logging_mixin.py:190} INFO - [2025-03-07T16:18:07.987+0100] {dag.py:3239} INFO - Sync 1 DAGs
[2025-03-07T16:18:07.995+0100] {logging_mixin.py:190} INFO - [2025-03-07T16:18:07.995+0100] {dag.py:4180} INFO - Setting next_dagrun for example_setup_teardown to None, run_after=None
[2025-03-07T16:18:08.007+0100] {processor.py:208} INFO - Processing /usr/local/anaconda3/envs/airflow_env/lib/python3.8/site-packages/airflow/example_dags/example_setup_teardown.py took 0.107 seconds
[2025-03-07T16:20:24.054+0100] {processor.py:186} INFO - Started process (PID=15552) to work on /usr/local/anaconda3/envs/airflow_env/lib/python3.8/site-packages/airflow/example_dags/example_setup_teardown.py
[2025-03-07T16:20:24.057+0100] {processor.py:914} INFO - Processing file /usr/local/anaconda3/envs/airflow_env/lib/python3.8/site-packages/airflow/example_dags/example_setup_teardown.py for tasks to queue
[2025-03-07T16:20:24.058+0100] {logging_mixin.py:190} INFO - [2025-03-07T16:20:24.058+0100] {dagbag.py:588} INFO - Filling up the DagBag from /usr/local/anaconda3/envs/airflow_env/lib/python3.8/site-packages/airflow/example_dags/example_setup_teardown.py
[2025-03-07T16:20:24.065+0100] {processor.py:925} INFO - DAG(s) 'example_setup_teardown' retrieved from /usr/local/anaconda3/envs/airflow_env/lib/python3.8/site-packages/airflow/example_dags/example_setup_teardown.py
[2025-03-07T16:20:24.135+0100] {logging_mixin.py:190} INFO - [2025-03-07T16:20:24.135+0100] {dag.py:3239} INFO - Sync 1 DAGs
[2025-03-07T16:20:24.142+0100] {logging_mixin.py:190} INFO - [2025-03-07T16:20:24.142+0100] {dag.py:4180} INFO - Setting next_dagrun for example_setup_teardown to None, run_after=None
[2025-03-07T16:20:24.153+0100] {processor.py:208} INFO - Processing /usr/local/anaconda3/envs/airflow_env/lib/python3.8/site-packages/airflow/example_dags/example_setup_teardown.py took 0.102 seconds
[2025-03-07T16:24:15.964+0100] {processor.py:186} INFO - Started process (PID=15924) to work on /usr/local/anaconda3/envs/airflow_env/lib/python3.8/site-packages/airflow/example_dags/example_setup_teardown.py
[2025-03-07T16:24:15.967+0100] {processor.py:914} INFO - Processing file /usr/local/anaconda3/envs/airflow_env/lib/python3.8/site-packages/airflow/example_dags/example_setup_teardown.py for tasks to queue
[2025-03-07T16:24:15.968+0100] {logging_mixin.py:190} INFO - [2025-03-07T16:24:15.968+0100] {dagbag.py:588} INFO - Filling up the DagBag from /usr/local/anaconda3/envs/airflow_env/lib/python3.8/site-packages/airflow/example_dags/example_setup_teardown.py
[2025-03-07T16:24:15.975+0100] {processor.py:925} INFO - DAG(s) 'example_setup_teardown' retrieved from /usr/local/anaconda3/envs/airflow_env/lib/python3.8/site-packages/airflow/example_dags/example_setup_teardown.py
[2025-03-07T16:24:16.051+0100] {logging_mixin.py:190} INFO - [2025-03-07T16:24:16.050+0100] {dag.py:3239} INFO - Sync 1 DAGs
[2025-03-07T16:24:16.058+0100] {logging_mixin.py:190} INFO - [2025-03-07T16:24:16.058+0100] {dag.py:4180} INFO - Setting next_dagrun for example_setup_teardown to None, run_after=None
[2025-03-07T16:24:16.072+0100] {processor.py:208} INFO - Processing /usr/local/anaconda3/envs/airflow_env/lib/python3.8/site-packages/airflow/example_dags/example_setup_teardown.py took 0.111 seconds
[2025-03-07T16:30:29.972+0100] {processor.py:186} INFO - Started process (PID=16327) to work on /usr/local/anaconda3/envs/airflow_env/lib/python3.8/site-packages/airflow/example_dags/example_setup_teardown.py
[2025-03-07T16:30:29.975+0100] {processor.py:914} INFO - Processing file /usr/local/anaconda3/envs/airflow_env/lib/python3.8/site-packages/airflow/example_dags/example_setup_teardown.py for tasks to queue
[2025-03-07T16:30:29.976+0100] {logging_mixin.py:190} INFO - [2025-03-07T16:30:29.976+0100] {dagbag.py:588} INFO - Filling up the DagBag from /usr/local/anaconda3/envs/airflow_env/lib/python3.8/site-packages/airflow/example_dags/example_setup_teardown.py
[2025-03-07T16:30:29.984+0100] {processor.py:925} INFO - DAG(s) 'example_setup_teardown' retrieved from /usr/local/anaconda3/envs/airflow_env/lib/python3.8/site-packages/airflow/example_dags/example_setup_teardown.py
[2025-03-07T16:30:30.059+0100] {logging_mixin.py:190} INFO - [2025-03-07T16:30:30.058+0100] {dag.py:3239} INFO - Sync 1 DAGs
[2025-03-07T16:30:30.066+0100] {logging_mixin.py:190} INFO - [2025-03-07T16:30:30.066+0100] {dag.py:4180} INFO - Setting next_dagrun for example_setup_teardown to None, run_after=None
[2025-03-07T16:30:30.080+0100] {processor.py:208} INFO - Processing /usr/local/anaconda3/envs/airflow_env/lib/python3.8/site-packages/airflow/example_dags/example_setup_teardown.py took 0.111 seconds
