[2025-03-07T14:11:08.884+0100] {processor.py:186} INFO - Started process (PID=2673) to work on /usr/local/anaconda3/envs/airflow_env/lib/python3.8/site-packages/airflow/example_dags/example_trigger_target_dag.py
[2025-03-07T14:11:08.887+0100] {processor.py:914} INFO - Processing file /usr/local/anaconda3/envs/airflow_env/lib/python3.8/site-packages/airflow/example_dags/example_trigger_target_dag.py for tasks to queue
[2025-03-07T14:11:08.888+0100] {logging_mixin.py:190} INFO - [2025-03-07T14:11:08.888+0100] {dagbag.py:588} INFO - Filling up the DagBag from /usr/local/anaconda3/envs/airflow_env/lib/python3.8/site-packages/airflow/example_dags/example_trigger_target_dag.py
[2025-03-07T14:11:08.914+0100] {processor.py:925} INFO - DAG(s) 'example_trigger_target_dag' retrieved from /usr/local/anaconda3/envs/airflow_env/lib/python3.8/site-packages/airflow/example_dags/example_trigger_target_dag.py
[2025-03-07T14:11:09.036+0100] {logging_mixin.py:190} INFO - [2025-03-07T14:11:09.036+0100] {override.py:1901} INFO - Created Permission View: can edit on DAG:example_trigger_target_dag
[2025-03-07T14:11:09.042+0100] {logging_mixin.py:190} INFO - [2025-03-07T14:11:09.042+0100] {override.py:1901} INFO - Created Permission View: can delete on DAG:example_trigger_target_dag
[2025-03-07T14:11:09.047+0100] {logging_mixin.py:190} INFO - [2025-03-07T14:11:09.046+0100] {override.py:1901} INFO - Created Permission View: can read on DAG:example_trigger_target_dag
[2025-03-07T14:11:09.052+0100] {logging_mixin.py:190} INFO - [2025-03-07T14:11:09.052+0100] {override.py:1901} INFO - Created Permission View: can delete on DAG Run:example_trigger_target_dag
[2025-03-07T14:11:09.056+0100] {logging_mixin.py:190} INFO - [2025-03-07T14:11:09.056+0100] {override.py:1901} INFO - Created Permission View: can create on DAG Run:example_trigger_target_dag
[2025-03-07T14:11:09.060+0100] {logging_mixin.py:190} INFO - [2025-03-07T14:11:09.059+0100] {override.py:1901} INFO - Created Permission View: menu access on DAG Run:example_trigger_target_dag
[2025-03-07T14:11:09.064+0100] {logging_mixin.py:190} INFO - [2025-03-07T14:11:09.063+0100] {override.py:1901} INFO - Created Permission View: can read on DAG Run:example_trigger_target_dag
[2025-03-07T14:11:09.064+0100] {logging_mixin.py:190} INFO - [2025-03-07T14:11:09.064+0100] {dag.py:3239} INFO - Sync 1 DAGs
[2025-03-07T14:11:09.073+0100] {logging_mixin.py:190} INFO - [2025-03-07T14:11:09.073+0100] {dag.py:3262} INFO - Creating ORM DAG for example_trigger_target_dag
[2025-03-07T14:11:09.073+0100] {logging_mixin.py:190} INFO - [2025-03-07T14:11:09.073+0100] {dag.py:4180} INFO - Setting next_dagrun for example_trigger_target_dag to None, run_after=None
[2025-03-07T14:11:09.084+0100] {processor.py:208} INFO - Processing /usr/local/anaconda3/envs/airflow_env/lib/python3.8/site-packages/airflow/example_dags/example_trigger_target_dag.py took 0.203 seconds
[2025-03-07T14:14:34.943+0100] {processor.py:186} INFO - Started process (PID=3029) to work on /usr/local/anaconda3/envs/airflow_env/lib/python3.8/site-packages/airflow/example_dags/example_trigger_target_dag.py
[2025-03-07T14:14:34.946+0100] {processor.py:914} INFO - Processing file /usr/local/anaconda3/envs/airflow_env/lib/python3.8/site-packages/airflow/example_dags/example_trigger_target_dag.py for tasks to queue
[2025-03-07T14:14:34.947+0100] {logging_mixin.py:190} INFO - [2025-03-07T14:14:34.947+0100] {dagbag.py:588} INFO - Filling up the DagBag from /usr/local/anaconda3/envs/airflow_env/lib/python3.8/site-packages/airflow/example_dags/example_trigger_target_dag.py
[2025-03-07T14:14:34.971+0100] {processor.py:925} INFO - DAG(s) 'example_trigger_target_dag' retrieved from /usr/local/anaconda3/envs/airflow_env/lib/python3.8/site-packages/airflow/example_dags/example_trigger_target_dag.py
[2025-03-07T14:14:35.039+0100] {logging_mixin.py:190} INFO - [2025-03-07T14:14:35.039+0100] {dag.py:3239} INFO - Sync 1 DAGs
[2025-03-07T14:14:35.046+0100] {logging_mixin.py:190} INFO - [2025-03-07T14:14:35.046+0100] {dag.py:4180} INFO - Setting next_dagrun for example_trigger_target_dag to None, run_after=None
[2025-03-07T14:14:35.059+0100] {processor.py:208} INFO - Processing /usr/local/anaconda3/envs/airflow_env/lib/python3.8/site-packages/airflow/example_dags/example_trigger_target_dag.py took 0.118 seconds
[2025-03-07T14:16:47.289+0100] {processor.py:186} INFO - Started process (PID=3299) to work on /usr/local/anaconda3/envs/airflow_env/lib/python3.8/site-packages/airflow/example_dags/example_trigger_target_dag.py
[2025-03-07T14:16:47.293+0100] {processor.py:914} INFO - Processing file /usr/local/anaconda3/envs/airflow_env/lib/python3.8/site-packages/airflow/example_dags/example_trigger_target_dag.py for tasks to queue
[2025-03-07T14:16:47.293+0100] {logging_mixin.py:190} INFO - [2025-03-07T14:16:47.293+0100] {dagbag.py:588} INFO - Filling up the DagBag from /usr/local/anaconda3/envs/airflow_env/lib/python3.8/site-packages/airflow/example_dags/example_trigger_target_dag.py
[2025-03-07T14:16:47.317+0100] {processor.py:925} INFO - DAG(s) 'example_trigger_target_dag' retrieved from /usr/local/anaconda3/envs/airflow_env/lib/python3.8/site-packages/airflow/example_dags/example_trigger_target_dag.py
[2025-03-07T14:16:47.384+0100] {logging_mixin.py:190} INFO - [2025-03-07T14:16:47.383+0100] {dag.py:3239} INFO - Sync 1 DAGs
[2025-03-07T14:16:47.391+0100] {logging_mixin.py:190} INFO - [2025-03-07T14:16:47.390+0100] {dag.py:4180} INFO - Setting next_dagrun for example_trigger_target_dag to None, run_after=None
[2025-03-07T14:16:47.402+0100] {processor.py:208} INFO - Processing /usr/local/anaconda3/envs/airflow_env/lib/python3.8/site-packages/airflow/example_dags/example_trigger_target_dag.py took 0.116 seconds
[2025-03-07T14:19:05.398+0100] {processor.py:186} INFO - Started process (PID=3556) to work on /usr/local/anaconda3/envs/airflow_env/lib/python3.8/site-packages/airflow/example_dags/example_trigger_target_dag.py
[2025-03-07T14:19:05.401+0100] {processor.py:914} INFO - Processing file /usr/local/anaconda3/envs/airflow_env/lib/python3.8/site-packages/airflow/example_dags/example_trigger_target_dag.py for tasks to queue
[2025-03-07T14:19:05.402+0100] {logging_mixin.py:190} INFO - [2025-03-07T14:19:05.402+0100] {dagbag.py:588} INFO - Filling up the DagBag from /usr/local/anaconda3/envs/airflow_env/lib/python3.8/site-packages/airflow/example_dags/example_trigger_target_dag.py
[2025-03-07T14:19:05.426+0100] {processor.py:925} INFO - DAG(s) 'example_trigger_target_dag' retrieved from /usr/local/anaconda3/envs/airflow_env/lib/python3.8/site-packages/airflow/example_dags/example_trigger_target_dag.py
[2025-03-07T14:19:05.496+0100] {logging_mixin.py:190} INFO - [2025-03-07T14:19:05.495+0100] {dag.py:3239} INFO - Sync 1 DAGs
[2025-03-07T14:19:05.503+0100] {logging_mixin.py:190} INFO - [2025-03-07T14:19:05.503+0100] {dag.py:4180} INFO - Setting next_dagrun for example_trigger_target_dag to None, run_after=None
[2025-03-07T14:19:05.515+0100] {processor.py:208} INFO - Processing /usr/local/anaconda3/envs/airflow_env/lib/python3.8/site-packages/airflow/example_dags/example_trigger_target_dag.py took 0.120 seconds
[2025-03-07T14:21:20.520+0100] {processor.py:186} INFO - Started process (PID=3828) to work on /usr/local/anaconda3/envs/airflow_env/lib/python3.8/site-packages/airflow/example_dags/example_trigger_target_dag.py
[2025-03-07T14:21:20.523+0100] {processor.py:914} INFO - Processing file /usr/local/anaconda3/envs/airflow_env/lib/python3.8/site-packages/airflow/example_dags/example_trigger_target_dag.py for tasks to queue
[2025-03-07T14:21:20.524+0100] {logging_mixin.py:190} INFO - [2025-03-07T14:21:20.524+0100] {dagbag.py:588} INFO - Filling up the DagBag from /usr/local/anaconda3/envs/airflow_env/lib/python3.8/site-packages/airflow/example_dags/example_trigger_target_dag.py
[2025-03-07T14:21:20.549+0100] {processor.py:925} INFO - DAG(s) 'example_trigger_target_dag' retrieved from /usr/local/anaconda3/envs/airflow_env/lib/python3.8/site-packages/airflow/example_dags/example_trigger_target_dag.py
[2025-03-07T14:21:20.617+0100] {logging_mixin.py:190} INFO - [2025-03-07T14:21:20.617+0100] {dag.py:3239} INFO - Sync 1 DAGs
[2025-03-07T14:21:20.624+0100] {logging_mixin.py:190} INFO - [2025-03-07T14:21:20.624+0100] {dag.py:4180} INFO - Setting next_dagrun for example_trigger_target_dag to None, run_after=None
[2025-03-07T14:21:20.637+0100] {processor.py:208} INFO - Processing /usr/local/anaconda3/envs/airflow_env/lib/python3.8/site-packages/airflow/example_dags/example_trigger_target_dag.py took 0.120 seconds
[2025-03-07T14:23:47.912+0100] {processor.py:186} INFO - Started process (PID=4067) to work on /usr/local/anaconda3/envs/airflow_env/lib/python3.8/site-packages/airflow/example_dags/example_trigger_target_dag.py
[2025-03-07T14:23:47.915+0100] {processor.py:914} INFO - Processing file /usr/local/anaconda3/envs/airflow_env/lib/python3.8/site-packages/airflow/example_dags/example_trigger_target_dag.py for tasks to queue
[2025-03-07T14:23:47.916+0100] {logging_mixin.py:190} INFO - [2025-03-07T14:23:47.916+0100] {dagbag.py:588} INFO - Filling up the DagBag from /usr/local/anaconda3/envs/airflow_env/lib/python3.8/site-packages/airflow/example_dags/example_trigger_target_dag.py
[2025-03-07T14:23:47.943+0100] {processor.py:925} INFO - DAG(s) 'example_trigger_target_dag' retrieved from /usr/local/anaconda3/envs/airflow_env/lib/python3.8/site-packages/airflow/example_dags/example_trigger_target_dag.py
[2025-03-07T14:23:48.017+0100] {logging_mixin.py:190} INFO - [2025-03-07T14:23:48.017+0100] {dag.py:3239} INFO - Sync 1 DAGs
[2025-03-07T14:23:48.025+0100] {logging_mixin.py:190} INFO - [2025-03-07T14:23:48.025+0100] {dag.py:4180} INFO - Setting next_dagrun for example_trigger_target_dag to None, run_after=None
[2025-03-07T14:23:48.039+0100] {processor.py:208} INFO - Processing /usr/local/anaconda3/envs/airflow_env/lib/python3.8/site-packages/airflow/example_dags/example_trigger_target_dag.py took 0.131 seconds
[2025-03-07T14:27:32.337+0100] {processor.py:186} INFO - Started process (PID=4440) to work on /usr/local/anaconda3/envs/airflow_env/lib/python3.8/site-packages/airflow/example_dags/example_trigger_target_dag.py
[2025-03-07T14:27:32.340+0100] {processor.py:914} INFO - Processing file /usr/local/anaconda3/envs/airflow_env/lib/python3.8/site-packages/airflow/example_dags/example_trigger_target_dag.py for tasks to queue
[2025-03-07T14:27:32.341+0100] {logging_mixin.py:190} INFO - [2025-03-07T14:27:32.341+0100] {dagbag.py:588} INFO - Filling up the DagBag from /usr/local/anaconda3/envs/airflow_env/lib/python3.8/site-packages/airflow/example_dags/example_trigger_target_dag.py
[2025-03-07T14:27:32.366+0100] {processor.py:925} INFO - DAG(s) 'example_trigger_target_dag' retrieved from /usr/local/anaconda3/envs/airflow_env/lib/python3.8/site-packages/airflow/example_dags/example_trigger_target_dag.py
[2025-03-07T14:27:32.437+0100] {logging_mixin.py:190} INFO - [2025-03-07T14:27:32.437+0100] {dag.py:3239} INFO - Sync 1 DAGs
[2025-03-07T14:27:32.445+0100] {logging_mixin.py:190} INFO - [2025-03-07T14:27:32.445+0100] {dag.py:4180} INFO - Setting next_dagrun for example_trigger_target_dag to None, run_after=None
[2025-03-07T14:27:32.458+0100] {processor.py:208} INFO - Processing /usr/local/anaconda3/envs/airflow_env/lib/python3.8/site-packages/airflow/example_dags/example_trigger_target_dag.py took 0.125 seconds
[2025-03-07T14:44:05.023+0100] {processor.py:186} INFO - Started process (PID=4921) to work on /usr/local/anaconda3/envs/airflow_env/lib/python3.8/site-packages/airflow/example_dags/example_trigger_target_dag.py
[2025-03-07T14:44:05.026+0100] {processor.py:914} INFO - Processing file /usr/local/anaconda3/envs/airflow_env/lib/python3.8/site-packages/airflow/example_dags/example_trigger_target_dag.py for tasks to queue
[2025-03-07T14:44:05.027+0100] {logging_mixin.py:190} INFO - [2025-03-07T14:44:05.027+0100] {dagbag.py:588} INFO - Filling up the DagBag from /usr/local/anaconda3/envs/airflow_env/lib/python3.8/site-packages/airflow/example_dags/example_trigger_target_dag.py
[2025-03-07T14:44:05.053+0100] {processor.py:925} INFO - DAG(s) 'example_trigger_target_dag' retrieved from /usr/local/anaconda3/envs/airflow_env/lib/python3.8/site-packages/airflow/example_dags/example_trigger_target_dag.py
[2025-03-07T14:44:05.125+0100] {logging_mixin.py:190} INFO - [2025-03-07T14:44:05.125+0100] {dag.py:3239} INFO - Sync 1 DAGs
[2025-03-07T14:44:05.134+0100] {logging_mixin.py:190} INFO - [2025-03-07T14:44:05.134+0100] {dag.py:4180} INFO - Setting next_dagrun for example_trigger_target_dag to None, run_after=None
[2025-03-07T14:44:05.146+0100] {processor.py:208} INFO - Processing /usr/local/anaconda3/envs/airflow_env/lib/python3.8/site-packages/airflow/example_dags/example_trigger_target_dag.py took 0.126 seconds
[2025-03-07T14:46:54.797+0100] {processor.py:186} INFO - Started process (PID=5145) to work on /usr/local/anaconda3/envs/airflow_env/lib/python3.8/site-packages/airflow/example_dags/example_trigger_target_dag.py
[2025-03-07T14:46:54.800+0100] {processor.py:914} INFO - Processing file /usr/local/anaconda3/envs/airflow_env/lib/python3.8/site-packages/airflow/example_dags/example_trigger_target_dag.py for tasks to queue
[2025-03-07T14:46:54.801+0100] {logging_mixin.py:190} INFO - [2025-03-07T14:46:54.801+0100] {dagbag.py:588} INFO - Filling up the DagBag from /usr/local/anaconda3/envs/airflow_env/lib/python3.8/site-packages/airflow/example_dags/example_trigger_target_dag.py
[2025-03-07T14:46:54.827+0100] {processor.py:925} INFO - DAG(s) 'example_trigger_target_dag' retrieved from /usr/local/anaconda3/envs/airflow_env/lib/python3.8/site-packages/airflow/example_dags/example_trigger_target_dag.py
[2025-03-07T14:46:54.900+0100] {logging_mixin.py:190} INFO - [2025-03-07T14:46:54.900+0100] {dag.py:3239} INFO - Sync 1 DAGs
[2025-03-07T14:46:54.909+0100] {logging_mixin.py:190} INFO - [2025-03-07T14:46:54.909+0100] {dag.py:4180} INFO - Setting next_dagrun for example_trigger_target_dag to None, run_after=None
[2025-03-07T14:46:54.922+0100] {processor.py:208} INFO - Processing /usr/local/anaconda3/envs/airflow_env/lib/python3.8/site-packages/airflow/example_dags/example_trigger_target_dag.py took 0.128 seconds
[2025-03-07T14:49:59.829+0100] {processor.py:186} INFO - Started process (PID=5559) to work on /usr/local/anaconda3/envs/airflow_env/lib/python3.8/site-packages/airflow/example_dags/example_trigger_target_dag.py
[2025-03-07T14:49:59.832+0100] {processor.py:914} INFO - Processing file /usr/local/anaconda3/envs/airflow_env/lib/python3.8/site-packages/airflow/example_dags/example_trigger_target_dag.py for tasks to queue
[2025-03-07T14:49:59.833+0100] {logging_mixin.py:190} INFO - [2025-03-07T14:49:59.833+0100] {dagbag.py:588} INFO - Filling up the DagBag from /usr/local/anaconda3/envs/airflow_env/lib/python3.8/site-packages/airflow/example_dags/example_trigger_target_dag.py
[2025-03-07T14:49:59.857+0100] {processor.py:925} INFO - DAG(s) 'example_trigger_target_dag' retrieved from /usr/local/anaconda3/envs/airflow_env/lib/python3.8/site-packages/airflow/example_dags/example_trigger_target_dag.py
[2025-03-07T14:49:59.930+0100] {logging_mixin.py:190} INFO - [2025-03-07T14:49:59.930+0100] {dag.py:3239} INFO - Sync 1 DAGs
[2025-03-07T14:49:59.939+0100] {logging_mixin.py:190} INFO - [2025-03-07T14:49:59.939+0100] {dag.py:4180} INFO - Setting next_dagrun for example_trigger_target_dag to None, run_after=None
[2025-03-07T14:49:59.952+0100] {processor.py:208} INFO - Processing /usr/local/anaconda3/envs/airflow_env/lib/python3.8/site-packages/airflow/example_dags/example_trigger_target_dag.py took 0.125 seconds
[2025-03-07T14:53:28.753+0100] {processor.py:186} INFO - Started process (PID=6003) to work on /usr/local/anaconda3/envs/airflow_env/lib/python3.8/site-packages/airflow/example_dags/example_trigger_target_dag.py
[2025-03-07T14:53:28.756+0100] {processor.py:914} INFO - Processing file /usr/local/anaconda3/envs/airflow_env/lib/python3.8/site-packages/airflow/example_dags/example_trigger_target_dag.py for tasks to queue
[2025-03-07T14:53:28.757+0100] {logging_mixin.py:190} INFO - [2025-03-07T14:53:28.757+0100] {dagbag.py:588} INFO - Filling up the DagBag from /usr/local/anaconda3/envs/airflow_env/lib/python3.8/site-packages/airflow/example_dags/example_trigger_target_dag.py
[2025-03-07T14:53:28.783+0100] {processor.py:925} INFO - DAG(s) 'example_trigger_target_dag' retrieved from /usr/local/anaconda3/envs/airflow_env/lib/python3.8/site-packages/airflow/example_dags/example_trigger_target_dag.py
[2025-03-07T14:53:28.854+0100] {logging_mixin.py:190} INFO - [2025-03-07T14:53:28.853+0100] {dag.py:3239} INFO - Sync 1 DAGs
[2025-03-07T14:53:28.862+0100] {logging_mixin.py:190} INFO - [2025-03-07T14:53:28.862+0100] {dag.py:4180} INFO - Setting next_dagrun for example_trigger_target_dag to None, run_after=None
[2025-03-07T14:53:28.874+0100] {processor.py:208} INFO - Processing /usr/local/anaconda3/envs/airflow_env/lib/python3.8/site-packages/airflow/example_dags/example_trigger_target_dag.py took 0.124 seconds
[2025-03-07T14:56:12.075+0100] {processor.py:186} INFO - Started process (PID=6322) to work on /usr/local/anaconda3/envs/airflow_env/lib/python3.8/site-packages/airflow/example_dags/example_trigger_target_dag.py
[2025-03-07T14:56:12.078+0100] {processor.py:914} INFO - Processing file /usr/local/anaconda3/envs/airflow_env/lib/python3.8/site-packages/airflow/example_dags/example_trigger_target_dag.py for tasks to queue
[2025-03-07T14:56:12.079+0100] {logging_mixin.py:190} INFO - [2025-03-07T14:56:12.079+0100] {dagbag.py:588} INFO - Filling up the DagBag from /usr/local/anaconda3/envs/airflow_env/lib/python3.8/site-packages/airflow/example_dags/example_trigger_target_dag.py
[2025-03-07T14:56:12.104+0100] {processor.py:925} INFO - DAG(s) 'example_trigger_target_dag' retrieved from /usr/local/anaconda3/envs/airflow_env/lib/python3.8/site-packages/airflow/example_dags/example_trigger_target_dag.py
[2025-03-07T14:56:12.171+0100] {logging_mixin.py:190} INFO - [2025-03-07T14:56:12.171+0100] {dag.py:3239} INFO - Sync 1 DAGs
[2025-03-07T14:56:12.179+0100] {logging_mixin.py:190} INFO - [2025-03-07T14:56:12.178+0100] {dag.py:4180} INFO - Setting next_dagrun for example_trigger_target_dag to None, run_after=None
[2025-03-07T14:56:12.190+0100] {processor.py:208} INFO - Processing /usr/local/anaconda3/envs/airflow_env/lib/python3.8/site-packages/airflow/example_dags/example_trigger_target_dag.py took 0.119 seconds
[2025-03-07T14:58:25.142+0100] {processor.py:186} INFO - Started process (PID=6583) to work on /usr/local/anaconda3/envs/airflow_env/lib/python3.8/site-packages/airflow/example_dags/example_trigger_target_dag.py
[2025-03-07T14:58:25.145+0100] {processor.py:914} INFO - Processing file /usr/local/anaconda3/envs/airflow_env/lib/python3.8/site-packages/airflow/example_dags/example_trigger_target_dag.py for tasks to queue
[2025-03-07T14:58:25.146+0100] {logging_mixin.py:190} INFO - [2025-03-07T14:58:25.146+0100] {dagbag.py:588} INFO - Filling up the DagBag from /usr/local/anaconda3/envs/airflow_env/lib/python3.8/site-packages/airflow/example_dags/example_trigger_target_dag.py
[2025-03-07T14:58:25.170+0100] {processor.py:925} INFO - DAG(s) 'example_trigger_target_dag' retrieved from /usr/local/anaconda3/envs/airflow_env/lib/python3.8/site-packages/airflow/example_dags/example_trigger_target_dag.py
[2025-03-07T14:58:25.237+0100] {logging_mixin.py:190} INFO - [2025-03-07T14:58:25.237+0100] {dag.py:3239} INFO - Sync 1 DAGs
[2025-03-07T14:58:25.244+0100] {logging_mixin.py:190} INFO - [2025-03-07T14:58:25.244+0100] {dag.py:4180} INFO - Setting next_dagrun for example_trigger_target_dag to None, run_after=None
[2025-03-07T14:58:25.256+0100] {processor.py:208} INFO - Processing /usr/local/anaconda3/envs/airflow_env/lib/python3.8/site-packages/airflow/example_dags/example_trigger_target_dag.py took 0.116 seconds
[2025-03-07T15:00:39.003+0100] {processor.py:186} INFO - Started process (PID=6865) to work on /usr/local/anaconda3/envs/airflow_env/lib/python3.8/site-packages/airflow/example_dags/example_trigger_target_dag.py
[2025-03-07T15:00:39.006+0100] {processor.py:914} INFO - Processing file /usr/local/anaconda3/envs/airflow_env/lib/python3.8/site-packages/airflow/example_dags/example_trigger_target_dag.py for tasks to queue
[2025-03-07T15:00:39.006+0100] {logging_mixin.py:190} INFO - [2025-03-07T15:00:39.006+0100] {dagbag.py:588} INFO - Filling up the DagBag from /usr/local/anaconda3/envs/airflow_env/lib/python3.8/site-packages/airflow/example_dags/example_trigger_target_dag.py
[2025-03-07T15:00:39.031+0100] {processor.py:925} INFO - DAG(s) 'example_trigger_target_dag' retrieved from /usr/local/anaconda3/envs/airflow_env/lib/python3.8/site-packages/airflow/example_dags/example_trigger_target_dag.py
[2025-03-07T15:00:39.100+0100] {logging_mixin.py:190} INFO - [2025-03-07T15:00:39.100+0100] {dag.py:3239} INFO - Sync 1 DAGs
[2025-03-07T15:00:39.109+0100] {logging_mixin.py:190} INFO - [2025-03-07T15:00:39.108+0100] {dag.py:4180} INFO - Setting next_dagrun for example_trigger_target_dag to None, run_after=None
[2025-03-07T15:00:39.120+0100] {processor.py:208} INFO - Processing /usr/local/anaconda3/envs/airflow_env/lib/python3.8/site-packages/airflow/example_dags/example_trigger_target_dag.py took 0.120 seconds
[2025-03-07T15:03:04.568+0100] {processor.py:186} INFO - Started process (PID=7126) to work on /usr/local/anaconda3/envs/airflow_env/lib/python3.8/site-packages/airflow/example_dags/example_trigger_target_dag.py
[2025-03-07T15:03:04.571+0100] {processor.py:914} INFO - Processing file /usr/local/anaconda3/envs/airflow_env/lib/python3.8/site-packages/airflow/example_dags/example_trigger_target_dag.py for tasks to queue
[2025-03-07T15:03:04.572+0100] {logging_mixin.py:190} INFO - [2025-03-07T15:03:04.572+0100] {dagbag.py:588} INFO - Filling up the DagBag from /usr/local/anaconda3/envs/airflow_env/lib/python3.8/site-packages/airflow/example_dags/example_trigger_target_dag.py
[2025-03-07T15:03:04.597+0100] {processor.py:925} INFO - DAG(s) 'example_trigger_target_dag' retrieved from /usr/local/anaconda3/envs/airflow_env/lib/python3.8/site-packages/airflow/example_dags/example_trigger_target_dag.py
[2025-03-07T15:03:04.669+0100] {logging_mixin.py:190} INFO - [2025-03-07T15:03:04.668+0100] {dag.py:3239} INFO - Sync 1 DAGs
[2025-03-07T15:03:04.676+0100] {logging_mixin.py:190} INFO - [2025-03-07T15:03:04.676+0100] {dag.py:4180} INFO - Setting next_dagrun for example_trigger_target_dag to None, run_after=None
[2025-03-07T15:03:04.688+0100] {processor.py:208} INFO - Processing /usr/local/anaconda3/envs/airflow_env/lib/python3.8/site-packages/airflow/example_dags/example_trigger_target_dag.py took 0.123 seconds
[2025-03-07T15:05:25.958+0100] {processor.py:186} INFO - Started process (PID=7365) to work on /usr/local/anaconda3/envs/airflow_env/lib/python3.8/site-packages/airflow/example_dags/example_trigger_target_dag.py
[2025-03-07T15:05:25.962+0100] {processor.py:914} INFO - Processing file /usr/local/anaconda3/envs/airflow_env/lib/python3.8/site-packages/airflow/example_dags/example_trigger_target_dag.py for tasks to queue
[2025-03-07T15:05:25.963+0100] {logging_mixin.py:190} INFO - [2025-03-07T15:05:25.963+0100] {dagbag.py:588} INFO - Filling up the DagBag from /usr/local/anaconda3/envs/airflow_env/lib/python3.8/site-packages/airflow/example_dags/example_trigger_target_dag.py
[2025-03-07T15:05:25.989+0100] {processor.py:925} INFO - DAG(s) 'example_trigger_target_dag' retrieved from /usr/local/anaconda3/envs/airflow_env/lib/python3.8/site-packages/airflow/example_dags/example_trigger_target_dag.py
[2025-03-07T15:05:26.060+0100] {logging_mixin.py:190} INFO - [2025-03-07T15:05:26.060+0100] {dag.py:3239} INFO - Sync 1 DAGs
[2025-03-07T15:05:26.069+0100] {logging_mixin.py:190} INFO - [2025-03-07T15:05:26.069+0100] {dag.py:4180} INFO - Setting next_dagrun for example_trigger_target_dag to None, run_after=None
[2025-03-07T15:05:26.081+0100] {processor.py:208} INFO - Processing /usr/local/anaconda3/envs/airflow_env/lib/python3.8/site-packages/airflow/example_dags/example_trigger_target_dag.py took 0.126 seconds
[2025-03-07T15:07:49.902+0100] {processor.py:186} INFO - Started process (PID=7619) to work on /usr/local/anaconda3/envs/airflow_env/lib/python3.8/site-packages/airflow/example_dags/example_trigger_target_dag.py
[2025-03-07T15:07:49.905+0100] {processor.py:914} INFO - Processing file /usr/local/anaconda3/envs/airflow_env/lib/python3.8/site-packages/airflow/example_dags/example_trigger_target_dag.py for tasks to queue
[2025-03-07T15:07:49.906+0100] {logging_mixin.py:190} INFO - [2025-03-07T15:07:49.906+0100] {dagbag.py:588} INFO - Filling up the DagBag from /usr/local/anaconda3/envs/airflow_env/lib/python3.8/site-packages/airflow/example_dags/example_trigger_target_dag.py
[2025-03-07T15:07:49.933+0100] {processor.py:925} INFO - DAG(s) 'example_trigger_target_dag' retrieved from /usr/local/anaconda3/envs/airflow_env/lib/python3.8/site-packages/airflow/example_dags/example_trigger_target_dag.py
[2025-03-07T15:07:50.007+0100] {logging_mixin.py:190} INFO - [2025-03-07T15:07:50.006+0100] {dag.py:3239} INFO - Sync 1 DAGs
[2025-03-07T15:07:50.015+0100] {logging_mixin.py:190} INFO - [2025-03-07T15:07:50.015+0100] {dag.py:4180} INFO - Setting next_dagrun for example_trigger_target_dag to None, run_after=None
[2025-03-07T15:07:50.027+0100] {processor.py:208} INFO - Processing /usr/local/anaconda3/envs/airflow_env/lib/python3.8/site-packages/airflow/example_dags/example_trigger_target_dag.py took 0.128 seconds
[2025-03-07T15:10:16.217+0100] {processor.py:186} INFO - Started process (PID=7857) to work on /usr/local/anaconda3/envs/airflow_env/lib/python3.8/site-packages/airflow/example_dags/example_trigger_target_dag.py
[2025-03-07T15:10:16.220+0100] {processor.py:914} INFO - Processing file /usr/local/anaconda3/envs/airflow_env/lib/python3.8/site-packages/airflow/example_dags/example_trigger_target_dag.py for tasks to queue
[2025-03-07T15:10:16.221+0100] {logging_mixin.py:190} INFO - [2025-03-07T15:10:16.221+0100] {dagbag.py:588} INFO - Filling up the DagBag from /usr/local/anaconda3/envs/airflow_env/lib/python3.8/site-packages/airflow/example_dags/example_trigger_target_dag.py
[2025-03-07T15:10:16.245+0100] {processor.py:925} INFO - DAG(s) 'example_trigger_target_dag' retrieved from /usr/local/anaconda3/envs/airflow_env/lib/python3.8/site-packages/airflow/example_dags/example_trigger_target_dag.py
[2025-03-07T15:10:16.313+0100] {logging_mixin.py:190} INFO - [2025-03-07T15:10:16.312+0100] {dag.py:3239} INFO - Sync 1 DAGs
[2025-03-07T15:10:16.320+0100] {logging_mixin.py:190} INFO - [2025-03-07T15:10:16.320+0100] {dag.py:4180} INFO - Setting next_dagrun for example_trigger_target_dag to None, run_after=None
[2025-03-07T15:10:16.332+0100] {processor.py:208} INFO - Processing /usr/local/anaconda3/envs/airflow_env/lib/python3.8/site-packages/airflow/example_dags/example_trigger_target_dag.py took 0.118 seconds
[2025-03-07T15:12:59.046+0100] {processor.py:186} INFO - Started process (PID=8208) to work on /usr/local/anaconda3/envs/airflow_env/lib/python3.8/site-packages/airflow/example_dags/example_trigger_target_dag.py
[2025-03-07T15:12:59.049+0100] {processor.py:914} INFO - Processing file /usr/local/anaconda3/envs/airflow_env/lib/python3.8/site-packages/airflow/example_dags/example_trigger_target_dag.py for tasks to queue
[2025-03-07T15:12:59.050+0100] {logging_mixin.py:190} INFO - [2025-03-07T15:12:59.050+0100] {dagbag.py:588} INFO - Filling up the DagBag from /usr/local/anaconda3/envs/airflow_env/lib/python3.8/site-packages/airflow/example_dags/example_trigger_target_dag.py
[2025-03-07T15:12:59.076+0100] {processor.py:925} INFO - DAG(s) 'example_trigger_target_dag' retrieved from /usr/local/anaconda3/envs/airflow_env/lib/python3.8/site-packages/airflow/example_dags/example_trigger_target_dag.py
[2025-03-07T15:12:59.150+0100] {logging_mixin.py:190} INFO - [2025-03-07T15:12:59.150+0100] {dag.py:3239} INFO - Sync 1 DAGs
[2025-03-07T15:12:59.159+0100] {logging_mixin.py:190} INFO - [2025-03-07T15:12:59.159+0100] {dag.py:4180} INFO - Setting next_dagrun for example_trigger_target_dag to None, run_after=None
[2025-03-07T15:12:59.172+0100] {processor.py:208} INFO - Processing /usr/local/anaconda3/envs/airflow_env/lib/python3.8/site-packages/airflow/example_dags/example_trigger_target_dag.py took 0.129 seconds
[2025-03-07T15:15:54.345+0100] {processor.py:186} INFO - Started process (PID=8500) to work on /usr/local/anaconda3/envs/airflow_env/lib/python3.8/site-packages/airflow/example_dags/example_trigger_target_dag.py
[2025-03-07T15:15:54.348+0100] {processor.py:914} INFO - Processing file /usr/local/anaconda3/envs/airflow_env/lib/python3.8/site-packages/airflow/example_dags/example_trigger_target_dag.py for tasks to queue
[2025-03-07T15:15:54.349+0100] {logging_mixin.py:190} INFO - [2025-03-07T15:15:54.349+0100] {dagbag.py:588} INFO - Filling up the DagBag from /usr/local/anaconda3/envs/airflow_env/lib/python3.8/site-packages/airflow/example_dags/example_trigger_target_dag.py
[2025-03-07T15:15:54.372+0100] {processor.py:925} INFO - DAG(s) 'example_trigger_target_dag' retrieved from /usr/local/anaconda3/envs/airflow_env/lib/python3.8/site-packages/airflow/example_dags/example_trigger_target_dag.py
[2025-03-07T15:15:54.440+0100] {logging_mixin.py:190} INFO - [2025-03-07T15:15:54.439+0100] {dag.py:3239} INFO - Sync 1 DAGs
[2025-03-07T15:15:54.447+0100] {logging_mixin.py:190} INFO - [2025-03-07T15:15:54.447+0100] {dag.py:4180} INFO - Setting next_dagrun for example_trigger_target_dag to None, run_after=None
[2025-03-07T15:15:54.459+0100] {processor.py:208} INFO - Processing /usr/local/anaconda3/envs/airflow_env/lib/python3.8/site-packages/airflow/example_dags/example_trigger_target_dag.py took 0.117 seconds
[2025-03-07T15:18:14.307+0100] {processor.py:186} INFO - Started process (PID=8744) to work on /usr/local/anaconda3/envs/airflow_env/lib/python3.8/site-packages/airflow/example_dags/example_trigger_target_dag.py
[2025-03-07T15:18:14.311+0100] {processor.py:914} INFO - Processing file /usr/local/anaconda3/envs/airflow_env/lib/python3.8/site-packages/airflow/example_dags/example_trigger_target_dag.py for tasks to queue
[2025-03-07T15:18:14.311+0100] {logging_mixin.py:190} INFO - [2025-03-07T15:18:14.311+0100] {dagbag.py:588} INFO - Filling up the DagBag from /usr/local/anaconda3/envs/airflow_env/lib/python3.8/site-packages/airflow/example_dags/example_trigger_target_dag.py
[2025-03-07T15:18:14.337+0100] {processor.py:925} INFO - DAG(s) 'example_trigger_target_dag' retrieved from /usr/local/anaconda3/envs/airflow_env/lib/python3.8/site-packages/airflow/example_dags/example_trigger_target_dag.py
[2025-03-07T15:18:14.408+0100] {logging_mixin.py:190} INFO - [2025-03-07T15:18:14.408+0100] {dag.py:3239} INFO - Sync 1 DAGs
[2025-03-07T15:18:14.416+0100] {logging_mixin.py:190} INFO - [2025-03-07T15:18:14.416+0100] {dag.py:4180} INFO - Setting next_dagrun for example_trigger_target_dag to None, run_after=None
[2025-03-07T15:18:14.428+0100] {processor.py:208} INFO - Processing /usr/local/anaconda3/envs/airflow_env/lib/python3.8/site-packages/airflow/example_dags/example_trigger_target_dag.py took 0.123 seconds
[2025-03-07T15:20:29.253+0100] {processor.py:186} INFO - Started process (PID=9106) to work on /usr/local/anaconda3/envs/airflow_env/lib/python3.8/site-packages/airflow/example_dags/example_trigger_target_dag.py
[2025-03-07T15:20:29.256+0100] {processor.py:914} INFO - Processing file /usr/local/anaconda3/envs/airflow_env/lib/python3.8/site-packages/airflow/example_dags/example_trigger_target_dag.py for tasks to queue
[2025-03-07T15:20:29.257+0100] {logging_mixin.py:190} INFO - [2025-03-07T15:20:29.257+0100] {dagbag.py:588} INFO - Filling up the DagBag from /usr/local/anaconda3/envs/airflow_env/lib/python3.8/site-packages/airflow/example_dags/example_trigger_target_dag.py
[2025-03-07T15:20:29.282+0100] {processor.py:925} INFO - DAG(s) 'example_trigger_target_dag' retrieved from /usr/local/anaconda3/envs/airflow_env/lib/python3.8/site-packages/airflow/example_dags/example_trigger_target_dag.py
[2025-03-07T15:20:29.352+0100] {logging_mixin.py:190} INFO - [2025-03-07T15:20:29.352+0100] {dag.py:3239} INFO - Sync 1 DAGs
[2025-03-07T15:20:29.360+0100] {logging_mixin.py:190} INFO - [2025-03-07T15:20:29.360+0100] {dag.py:4180} INFO - Setting next_dagrun for example_trigger_target_dag to None, run_after=None
[2025-03-07T15:20:29.371+0100] {processor.py:208} INFO - Processing /usr/local/anaconda3/envs/airflow_env/lib/python3.8/site-packages/airflow/example_dags/example_trigger_target_dag.py took 0.122 seconds
[2025-03-07T15:22:44.716+0100] {processor.py:186} INFO - Started process (PID=9401) to work on /usr/local/anaconda3/envs/airflow_env/lib/python3.8/site-packages/airflow/example_dags/example_trigger_target_dag.py
[2025-03-07T15:22:44.720+0100] {processor.py:914} INFO - Processing file /usr/local/anaconda3/envs/airflow_env/lib/python3.8/site-packages/airflow/example_dags/example_trigger_target_dag.py for tasks to queue
[2025-03-07T15:22:44.720+0100] {logging_mixin.py:190} INFO - [2025-03-07T15:22:44.720+0100] {dagbag.py:588} INFO - Filling up the DagBag from /usr/local/anaconda3/envs/airflow_env/lib/python3.8/site-packages/airflow/example_dags/example_trigger_target_dag.py
[2025-03-07T15:22:44.744+0100] {processor.py:925} INFO - DAG(s) 'example_trigger_target_dag' retrieved from /usr/local/anaconda3/envs/airflow_env/lib/python3.8/site-packages/airflow/example_dags/example_trigger_target_dag.py
[2025-03-07T15:22:44.813+0100] {logging_mixin.py:190} INFO - [2025-03-07T15:22:44.813+0100] {dag.py:3239} INFO - Sync 1 DAGs
[2025-03-07T15:22:44.821+0100] {logging_mixin.py:190} INFO - [2025-03-07T15:22:44.821+0100] {dag.py:4180} INFO - Setting next_dagrun for example_trigger_target_dag to None, run_after=None
[2025-03-07T15:22:44.832+0100] {processor.py:208} INFO - Processing /usr/local/anaconda3/envs/airflow_env/lib/python3.8/site-packages/airflow/example_dags/example_trigger_target_dag.py took 0.119 seconds
[2025-03-07T15:25:03.967+0100] {processor.py:186} INFO - Started process (PID=9721) to work on /usr/local/anaconda3/envs/airflow_env/lib/python3.8/site-packages/airflow/example_dags/example_trigger_target_dag.py
[2025-03-07T15:25:03.970+0100] {processor.py:914} INFO - Processing file /usr/local/anaconda3/envs/airflow_env/lib/python3.8/site-packages/airflow/example_dags/example_trigger_target_dag.py for tasks to queue
[2025-03-07T15:25:03.971+0100] {logging_mixin.py:190} INFO - [2025-03-07T15:25:03.971+0100] {dagbag.py:588} INFO - Filling up the DagBag from /usr/local/anaconda3/envs/airflow_env/lib/python3.8/site-packages/airflow/example_dags/example_trigger_target_dag.py
[2025-03-07T15:25:03.995+0100] {processor.py:925} INFO - DAG(s) 'example_trigger_target_dag' retrieved from /usr/local/anaconda3/envs/airflow_env/lib/python3.8/site-packages/airflow/example_dags/example_trigger_target_dag.py
[2025-03-07T15:25:04.064+0100] {logging_mixin.py:190} INFO - [2025-03-07T15:25:04.064+0100] {dag.py:3239} INFO - Sync 1 DAGs
[2025-03-07T15:25:04.072+0100] {logging_mixin.py:190} INFO - [2025-03-07T15:25:04.072+0100] {dag.py:4180} INFO - Setting next_dagrun for example_trigger_target_dag to None, run_after=None
[2025-03-07T15:25:04.084+0100] {processor.py:208} INFO - Processing /usr/local/anaconda3/envs/airflow_env/lib/python3.8/site-packages/airflow/example_dags/example_trigger_target_dag.py took 0.120 seconds
[2025-03-07T15:27:26.439+0100] {processor.py:186} INFO - Started process (PID=10033) to work on /usr/local/anaconda3/envs/airflow_env/lib/python3.8/site-packages/airflow/example_dags/example_trigger_target_dag.py
[2025-03-07T15:27:26.443+0100] {processor.py:914} INFO - Processing file /usr/local/anaconda3/envs/airflow_env/lib/python3.8/site-packages/airflow/example_dags/example_trigger_target_dag.py for tasks to queue
[2025-03-07T15:27:26.443+0100] {logging_mixin.py:190} INFO - [2025-03-07T15:27:26.443+0100] {dagbag.py:588} INFO - Filling up the DagBag from /usr/local/anaconda3/envs/airflow_env/lib/python3.8/site-packages/airflow/example_dags/example_trigger_target_dag.py
[2025-03-07T15:27:26.468+0100] {processor.py:925} INFO - DAG(s) 'example_trigger_target_dag' retrieved from /usr/local/anaconda3/envs/airflow_env/lib/python3.8/site-packages/airflow/example_dags/example_trigger_target_dag.py
[2025-03-07T15:27:26.538+0100] {logging_mixin.py:190} INFO - [2025-03-07T15:27:26.538+0100] {dag.py:3239} INFO - Sync 1 DAGs
[2025-03-07T15:27:26.547+0100] {logging_mixin.py:190} INFO - [2025-03-07T15:27:26.547+0100] {dag.py:4180} INFO - Setting next_dagrun for example_trigger_target_dag to None, run_after=None
[2025-03-07T15:27:26.560+0100] {processor.py:208} INFO - Processing /usr/local/anaconda3/envs/airflow_env/lib/python3.8/site-packages/airflow/example_dags/example_trigger_target_dag.py took 0.123 seconds
[2025-03-07T15:30:04.053+0100] {processor.py:186} INFO - Started process (PID=10342) to work on /usr/local/anaconda3/envs/airflow_env/lib/python3.8/site-packages/airflow/example_dags/example_trigger_target_dag.py
[2025-03-07T15:30:04.056+0100] {processor.py:914} INFO - Processing file /usr/local/anaconda3/envs/airflow_env/lib/python3.8/site-packages/airflow/example_dags/example_trigger_target_dag.py for tasks to queue
[2025-03-07T15:30:04.057+0100] {logging_mixin.py:190} INFO - [2025-03-07T15:30:04.056+0100] {dagbag.py:588} INFO - Filling up the DagBag from /usr/local/anaconda3/envs/airflow_env/lib/python3.8/site-packages/airflow/example_dags/example_trigger_target_dag.py
[2025-03-07T15:30:04.080+0100] {processor.py:925} INFO - DAG(s) 'example_trigger_target_dag' retrieved from /usr/local/anaconda3/envs/airflow_env/lib/python3.8/site-packages/airflow/example_dags/example_trigger_target_dag.py
[2025-03-07T15:30:04.147+0100] {logging_mixin.py:190} INFO - [2025-03-07T15:30:04.146+0100] {dag.py:3239} INFO - Sync 1 DAGs
[2025-03-07T15:30:04.154+0100] {logging_mixin.py:190} INFO - [2025-03-07T15:30:04.154+0100] {dag.py:4180} INFO - Setting next_dagrun for example_trigger_target_dag to None, run_after=None
[2025-03-07T15:30:04.165+0100] {processor.py:208} INFO - Processing /usr/local/anaconda3/envs/airflow_env/lib/python3.8/site-packages/airflow/example_dags/example_trigger_target_dag.py took 0.116 seconds
[2025-03-07T15:32:49.510+0100] {processor.py:186} INFO - Started process (PID=10576) to work on /usr/local/anaconda3/envs/airflow_env/lib/python3.8/site-packages/airflow/example_dags/example_trigger_target_dag.py
[2025-03-07T15:32:49.513+0100] {processor.py:914} INFO - Processing file /usr/local/anaconda3/envs/airflow_env/lib/python3.8/site-packages/airflow/example_dags/example_trigger_target_dag.py for tasks to queue
[2025-03-07T15:32:49.514+0100] {logging_mixin.py:190} INFO - [2025-03-07T15:32:49.514+0100] {dagbag.py:588} INFO - Filling up the DagBag from /usr/local/anaconda3/envs/airflow_env/lib/python3.8/site-packages/airflow/example_dags/example_trigger_target_dag.py
[2025-03-07T15:32:49.538+0100] {processor.py:925} INFO - DAG(s) 'example_trigger_target_dag' retrieved from /usr/local/anaconda3/envs/airflow_env/lib/python3.8/site-packages/airflow/example_dags/example_trigger_target_dag.py
[2025-03-07T15:32:49.604+0100] {logging_mixin.py:190} INFO - [2025-03-07T15:32:49.604+0100] {dag.py:3239} INFO - Sync 1 DAGs
[2025-03-07T15:32:49.612+0100] {logging_mixin.py:190} INFO - [2025-03-07T15:32:49.612+0100] {dag.py:4180} INFO - Setting next_dagrun for example_trigger_target_dag to None, run_after=None
[2025-03-07T15:32:49.623+0100] {processor.py:208} INFO - Processing /usr/local/anaconda3/envs/airflow_env/lib/python3.8/site-packages/airflow/example_dags/example_trigger_target_dag.py took 0.116 seconds
[2025-03-07T15:35:05.214+0100] {processor.py:186} INFO - Started process (PID=10825) to work on /usr/local/anaconda3/envs/airflow_env/lib/python3.8/site-packages/airflow/example_dags/example_trigger_target_dag.py
[2025-03-07T15:35:05.217+0100] {processor.py:914} INFO - Processing file /usr/local/anaconda3/envs/airflow_env/lib/python3.8/site-packages/airflow/example_dags/example_trigger_target_dag.py for tasks to queue
[2025-03-07T15:35:05.218+0100] {logging_mixin.py:190} INFO - [2025-03-07T15:35:05.218+0100] {dagbag.py:588} INFO - Filling up the DagBag from /usr/local/anaconda3/envs/airflow_env/lib/python3.8/site-packages/airflow/example_dags/example_trigger_target_dag.py
[2025-03-07T15:35:05.242+0100] {processor.py:925} INFO - DAG(s) 'example_trigger_target_dag' retrieved from /usr/local/anaconda3/envs/airflow_env/lib/python3.8/site-packages/airflow/example_dags/example_trigger_target_dag.py
[2025-03-07T15:35:05.309+0100] {logging_mixin.py:190} INFO - [2025-03-07T15:35:05.309+0100] {dag.py:3239} INFO - Sync 1 DAGs
[2025-03-07T15:35:05.317+0100] {logging_mixin.py:190} INFO - [2025-03-07T15:35:05.317+0100] {dag.py:4180} INFO - Setting next_dagrun for example_trigger_target_dag to None, run_after=None
[2025-03-07T15:35:05.328+0100] {processor.py:208} INFO - Processing /usr/local/anaconda3/envs/airflow_env/lib/python3.8/site-packages/airflow/example_dags/example_trigger_target_dag.py took 0.117 seconds
[2025-03-07T15:37:20.494+0100] {processor.py:186} INFO - Started process (PID=11126) to work on /usr/local/anaconda3/envs/airflow_env/lib/python3.8/site-packages/airflow/example_dags/example_trigger_target_dag.py
[2025-03-07T15:37:20.497+0100] {processor.py:914} INFO - Processing file /usr/local/anaconda3/envs/airflow_env/lib/python3.8/site-packages/airflow/example_dags/example_trigger_target_dag.py for tasks to queue
[2025-03-07T15:37:20.498+0100] {logging_mixin.py:190} INFO - [2025-03-07T15:37:20.498+0100] {dagbag.py:588} INFO - Filling up the DagBag from /usr/local/anaconda3/envs/airflow_env/lib/python3.8/site-packages/airflow/example_dags/example_trigger_target_dag.py
[2025-03-07T15:37:20.523+0100] {processor.py:925} INFO - DAG(s) 'example_trigger_target_dag' retrieved from /usr/local/anaconda3/envs/airflow_env/lib/python3.8/site-packages/airflow/example_dags/example_trigger_target_dag.py
[2025-03-07T15:37:20.594+0100] {logging_mixin.py:190} INFO - [2025-03-07T15:37:20.594+0100] {dag.py:3239} INFO - Sync 1 DAGs
[2025-03-07T15:37:20.602+0100] {logging_mixin.py:190} INFO - [2025-03-07T15:37:20.602+0100] {dag.py:4180} INFO - Setting next_dagrun for example_trigger_target_dag to None, run_after=None
[2025-03-07T15:37:20.614+0100] {processor.py:208} INFO - Processing /usr/local/anaconda3/envs/airflow_env/lib/python3.8/site-packages/airflow/example_dags/example_trigger_target_dag.py took 0.123 seconds
[2025-03-07T15:39:35.532+0100] {processor.py:186} INFO - Started process (PID=11364) to work on /usr/local/anaconda3/envs/airflow_env/lib/python3.8/site-packages/airflow/example_dags/example_trigger_target_dag.py
[2025-03-07T15:39:35.535+0100] {processor.py:914} INFO - Processing file /usr/local/anaconda3/envs/airflow_env/lib/python3.8/site-packages/airflow/example_dags/example_trigger_target_dag.py for tasks to queue
[2025-03-07T15:39:35.536+0100] {logging_mixin.py:190} INFO - [2025-03-07T15:39:35.536+0100] {dagbag.py:588} INFO - Filling up the DagBag from /usr/local/anaconda3/envs/airflow_env/lib/python3.8/site-packages/airflow/example_dags/example_trigger_target_dag.py
[2025-03-07T15:39:35.560+0100] {processor.py:925} INFO - DAG(s) 'example_trigger_target_dag' retrieved from /usr/local/anaconda3/envs/airflow_env/lib/python3.8/site-packages/airflow/example_dags/example_trigger_target_dag.py
[2025-03-07T15:39:35.627+0100] {logging_mixin.py:190} INFO - [2025-03-07T15:39:35.627+0100] {dag.py:3239} INFO - Sync 1 DAGs
[2025-03-07T15:39:35.635+0100] {logging_mixin.py:190} INFO - [2025-03-07T15:39:35.635+0100] {dag.py:4180} INFO - Setting next_dagrun for example_trigger_target_dag to None, run_after=None
[2025-03-07T15:39:35.646+0100] {processor.py:208} INFO - Processing /usr/local/anaconda3/envs/airflow_env/lib/python3.8/site-packages/airflow/example_dags/example_trigger_target_dag.py took 0.117 seconds
[2025-03-07T15:41:45.449+0100] {processor.py:186} INFO - Started process (PID=11531) to work on /usr/local/anaconda3/envs/airflow_env/lib/python3.8/site-packages/airflow/example_dags/example_trigger_target_dag.py
[2025-03-07T15:41:45.452+0100] {processor.py:914} INFO - Processing file /usr/local/anaconda3/envs/airflow_env/lib/python3.8/site-packages/airflow/example_dags/example_trigger_target_dag.py for tasks to queue
[2025-03-07T15:41:45.453+0100] {logging_mixin.py:190} INFO - [2025-03-07T15:41:45.453+0100] {dagbag.py:588} INFO - Filling up the DagBag from /usr/local/anaconda3/envs/airflow_env/lib/python3.8/site-packages/airflow/example_dags/example_trigger_target_dag.py
[2025-03-07T15:41:45.480+0100] {processor.py:925} INFO - DAG(s) 'example_trigger_target_dag' retrieved from /usr/local/anaconda3/envs/airflow_env/lib/python3.8/site-packages/airflow/example_dags/example_trigger_target_dag.py
[2025-03-07T15:41:45.556+0100] {logging_mixin.py:190} INFO - [2025-03-07T15:41:45.556+0100] {dag.py:3239} INFO - Sync 1 DAGs
[2025-03-07T15:41:45.565+0100] {logging_mixin.py:190} INFO - [2025-03-07T15:41:45.565+0100] {dag.py:4180} INFO - Setting next_dagrun for example_trigger_target_dag to None, run_after=None
[2025-03-07T15:41:45.577+0100] {processor.py:208} INFO - Processing /usr/local/anaconda3/envs/airflow_env/lib/python3.8/site-packages/airflow/example_dags/example_trigger_target_dag.py took 0.131 seconds
[2025-03-07T15:43:54.273+0100] {processor.py:186} INFO - Started process (PID=11771) to work on /usr/local/anaconda3/envs/airflow_env/lib/python3.8/site-packages/airflow/example_dags/example_trigger_target_dag.py
[2025-03-07T15:43:54.276+0100] {processor.py:914} INFO - Processing file /usr/local/anaconda3/envs/airflow_env/lib/python3.8/site-packages/airflow/example_dags/example_trigger_target_dag.py for tasks to queue
[2025-03-07T15:43:54.277+0100] {logging_mixin.py:190} INFO - [2025-03-07T15:43:54.277+0100] {dagbag.py:588} INFO - Filling up the DagBag from /usr/local/anaconda3/envs/airflow_env/lib/python3.8/site-packages/airflow/example_dags/example_trigger_target_dag.py
[2025-03-07T15:43:54.301+0100] {processor.py:925} INFO - DAG(s) 'example_trigger_target_dag' retrieved from /usr/local/anaconda3/envs/airflow_env/lib/python3.8/site-packages/airflow/example_dags/example_trigger_target_dag.py
[2025-03-07T15:43:54.372+0100] {logging_mixin.py:190} INFO - [2025-03-07T15:43:54.372+0100] {dag.py:3239} INFO - Sync 1 DAGs
[2025-03-07T15:43:54.380+0100] {logging_mixin.py:190} INFO - [2025-03-07T15:43:54.380+0100] {dag.py:4180} INFO - Setting next_dagrun for example_trigger_target_dag to None, run_after=None
[2025-03-07T15:43:54.391+0100] {processor.py:208} INFO - Processing /usr/local/anaconda3/envs/airflow_env/lib/python3.8/site-packages/airflow/example_dags/example_trigger_target_dag.py took 0.122 seconds
[2025-03-07T15:46:17.907+0100] {processor.py:186} INFO - Started process (PID=11969) to work on /usr/local/anaconda3/envs/airflow_env/lib/python3.8/site-packages/airflow/example_dags/example_trigger_target_dag.py
[2025-03-07T15:46:17.910+0100] {processor.py:914} INFO - Processing file /usr/local/anaconda3/envs/airflow_env/lib/python3.8/site-packages/airflow/example_dags/example_trigger_target_dag.py for tasks to queue
[2025-03-07T15:46:17.911+0100] {logging_mixin.py:190} INFO - [2025-03-07T15:46:17.911+0100] {dagbag.py:588} INFO - Filling up the DagBag from /usr/local/anaconda3/envs/airflow_env/lib/python3.8/site-packages/airflow/example_dags/example_trigger_target_dag.py
[2025-03-07T15:46:17.935+0100] {processor.py:925} INFO - DAG(s) 'example_trigger_target_dag' retrieved from /usr/local/anaconda3/envs/airflow_env/lib/python3.8/site-packages/airflow/example_dags/example_trigger_target_dag.py
[2025-03-07T15:46:18.005+0100] {logging_mixin.py:190} INFO - [2025-03-07T15:46:18.005+0100] {dag.py:3239} INFO - Sync 1 DAGs
[2025-03-07T15:46:18.013+0100] {logging_mixin.py:190} INFO - [2025-03-07T15:46:18.013+0100] {dag.py:4180} INFO - Setting next_dagrun for example_trigger_target_dag to None, run_after=None
[2025-03-07T15:46:18.025+0100] {processor.py:208} INFO - Processing /usr/local/anaconda3/envs/airflow_env/lib/python3.8/site-packages/airflow/example_dags/example_trigger_target_dag.py took 0.121 seconds
[2025-03-07T15:48:37.800+0100] {processor.py:186} INFO - Started process (PID=12211) to work on /usr/local/anaconda3/envs/airflow_env/lib/python3.8/site-packages/airflow/example_dags/example_trigger_target_dag.py
[2025-03-07T15:48:37.803+0100] {processor.py:914} INFO - Processing file /usr/local/anaconda3/envs/airflow_env/lib/python3.8/site-packages/airflow/example_dags/example_trigger_target_dag.py for tasks to queue
[2025-03-07T15:48:37.804+0100] {logging_mixin.py:190} INFO - [2025-03-07T15:48:37.804+0100] {dagbag.py:588} INFO - Filling up the DagBag from /usr/local/anaconda3/envs/airflow_env/lib/python3.8/site-packages/airflow/example_dags/example_trigger_target_dag.py
[2025-03-07T15:48:37.828+0100] {processor.py:925} INFO - DAG(s) 'example_trigger_target_dag' retrieved from /usr/local/anaconda3/envs/airflow_env/lib/python3.8/site-packages/airflow/example_dags/example_trigger_target_dag.py
[2025-03-07T15:48:37.900+0100] {logging_mixin.py:190} INFO - [2025-03-07T15:48:37.900+0100] {dag.py:3239} INFO - Sync 1 DAGs
[2025-03-07T15:48:37.908+0100] {logging_mixin.py:190} INFO - [2025-03-07T15:48:37.908+0100] {dag.py:4180} INFO - Setting next_dagrun for example_trigger_target_dag to None, run_after=None
[2025-03-07T15:48:37.921+0100] {processor.py:208} INFO - Processing /usr/local/anaconda3/envs/airflow_env/lib/python3.8/site-packages/airflow/example_dags/example_trigger_target_dag.py took 0.124 seconds
[2025-03-07T15:50:50.900+0100] {processor.py:186} INFO - Started process (PID=12499) to work on /usr/local/anaconda3/envs/airflow_env/lib/python3.8/site-packages/airflow/example_dags/example_trigger_target_dag.py
[2025-03-07T15:50:50.903+0100] {processor.py:914} INFO - Processing file /usr/local/anaconda3/envs/airflow_env/lib/python3.8/site-packages/airflow/example_dags/example_trigger_target_dag.py for tasks to queue
[2025-03-07T15:50:50.904+0100] {logging_mixin.py:190} INFO - [2025-03-07T15:50:50.904+0100] {dagbag.py:588} INFO - Filling up the DagBag from /usr/local/anaconda3/envs/airflow_env/lib/python3.8/site-packages/airflow/example_dags/example_trigger_target_dag.py
[2025-03-07T15:50:50.929+0100] {processor.py:925} INFO - DAG(s) 'example_trigger_target_dag' retrieved from /usr/local/anaconda3/envs/airflow_env/lib/python3.8/site-packages/airflow/example_dags/example_trigger_target_dag.py
[2025-03-07T15:50:51.000+0100] {logging_mixin.py:190} INFO - [2025-03-07T15:50:51.000+0100] {dag.py:3239} INFO - Sync 1 DAGs
[2025-03-07T15:50:51.008+0100] {logging_mixin.py:190} INFO - [2025-03-07T15:50:51.008+0100] {dag.py:4180} INFO - Setting next_dagrun for example_trigger_target_dag to None, run_after=None
[2025-03-07T15:50:51.020+0100] {processor.py:208} INFO - Processing /usr/local/anaconda3/envs/airflow_env/lib/python3.8/site-packages/airflow/example_dags/example_trigger_target_dag.py took 0.123 seconds
[2025-03-07T15:53:22.600+0100] {processor.py:186} INFO - Started process (PID=12782) to work on /usr/local/anaconda3/envs/airflow_env/lib/python3.8/site-packages/airflow/example_dags/example_trigger_target_dag.py
[2025-03-07T15:53:22.603+0100] {processor.py:914} INFO - Processing file /usr/local/anaconda3/envs/airflow_env/lib/python3.8/site-packages/airflow/example_dags/example_trigger_target_dag.py for tasks to queue
[2025-03-07T15:53:22.604+0100] {logging_mixin.py:190} INFO - [2025-03-07T15:53:22.604+0100] {dagbag.py:588} INFO - Filling up the DagBag from /usr/local/anaconda3/envs/airflow_env/lib/python3.8/site-packages/airflow/example_dags/example_trigger_target_dag.py
[2025-03-07T15:53:22.629+0100] {processor.py:925} INFO - DAG(s) 'example_trigger_target_dag' retrieved from /usr/local/anaconda3/envs/airflow_env/lib/python3.8/site-packages/airflow/example_dags/example_trigger_target_dag.py
[2025-03-07T15:53:22.698+0100] {logging_mixin.py:190} INFO - [2025-03-07T15:53:22.698+0100] {dag.py:3239} INFO - Sync 1 DAGs
[2025-03-07T15:53:22.706+0100] {logging_mixin.py:190} INFO - [2025-03-07T15:53:22.706+0100] {dag.py:4180} INFO - Setting next_dagrun for example_trigger_target_dag to None, run_after=None
[2025-03-07T15:53:22.718+0100] {processor.py:208} INFO - Processing /usr/local/anaconda3/envs/airflow_env/lib/python3.8/site-packages/airflow/example_dags/example_trigger_target_dag.py took 0.121 seconds
[2025-03-07T15:55:38.870+0100] {processor.py:186} INFO - Started process (PID=13033) to work on /usr/local/anaconda3/envs/airflow_env/lib/python3.8/site-packages/airflow/example_dags/example_trigger_target_dag.py
[2025-03-07T15:55:38.873+0100] {processor.py:914} INFO - Processing file /usr/local/anaconda3/envs/airflow_env/lib/python3.8/site-packages/airflow/example_dags/example_trigger_target_dag.py for tasks to queue
[2025-03-07T15:55:38.874+0100] {logging_mixin.py:190} INFO - [2025-03-07T15:55:38.874+0100] {dagbag.py:588} INFO - Filling up the DagBag from /usr/local/anaconda3/envs/airflow_env/lib/python3.8/site-packages/airflow/example_dags/example_trigger_target_dag.py
[2025-03-07T15:55:38.901+0100] {processor.py:925} INFO - DAG(s) 'example_trigger_target_dag' retrieved from /usr/local/anaconda3/envs/airflow_env/lib/python3.8/site-packages/airflow/example_dags/example_trigger_target_dag.py
[2025-03-07T15:55:38.971+0100] {logging_mixin.py:190} INFO - [2025-03-07T15:55:38.971+0100] {dag.py:3239} INFO - Sync 1 DAGs
[2025-03-07T15:55:38.979+0100] {logging_mixin.py:190} INFO - [2025-03-07T15:55:38.979+0100] {dag.py:4180} INFO - Setting next_dagrun for example_trigger_target_dag to None, run_after=None
[2025-03-07T15:55:38.992+0100] {processor.py:208} INFO - Processing /usr/local/anaconda3/envs/airflow_env/lib/python3.8/site-packages/airflow/example_dags/example_trigger_target_dag.py took 0.125 seconds
[2025-03-07T15:57:55.604+0100] {processor.py:186} INFO - Started process (PID=13257) to work on /usr/local/anaconda3/envs/airflow_env/lib/python3.8/site-packages/airflow/example_dags/example_trigger_target_dag.py
[2025-03-07T15:57:55.607+0100] {processor.py:914} INFO - Processing file /usr/local/anaconda3/envs/airflow_env/lib/python3.8/site-packages/airflow/example_dags/example_trigger_target_dag.py for tasks to queue
[2025-03-07T15:57:55.608+0100] {logging_mixin.py:190} INFO - [2025-03-07T15:57:55.607+0100] {dagbag.py:588} INFO - Filling up the DagBag from /usr/local/anaconda3/envs/airflow_env/lib/python3.8/site-packages/airflow/example_dags/example_trigger_target_dag.py
[2025-03-07T15:57:55.632+0100] {processor.py:925} INFO - DAG(s) 'example_trigger_target_dag' retrieved from /usr/local/anaconda3/envs/airflow_env/lib/python3.8/site-packages/airflow/example_dags/example_trigger_target_dag.py
[2025-03-07T15:57:55.702+0100] {logging_mixin.py:190} INFO - [2025-03-07T15:57:55.702+0100] {dag.py:3239} INFO - Sync 1 DAGs
[2025-03-07T15:57:55.711+0100] {logging_mixin.py:190} INFO - [2025-03-07T15:57:55.711+0100] {dag.py:4180} INFO - Setting next_dagrun for example_trigger_target_dag to None, run_after=None
[2025-03-07T15:57:55.722+0100] {processor.py:208} INFO - Processing /usr/local/anaconda3/envs/airflow_env/lib/python3.8/site-packages/airflow/example_dags/example_trigger_target_dag.py took 0.122 seconds
[2025-03-07T16:00:11.824+0100] {processor.py:186} INFO - Started process (PID=13526) to work on /usr/local/anaconda3/envs/airflow_env/lib/python3.8/site-packages/airflow/example_dags/example_trigger_target_dag.py
[2025-03-07T16:00:11.827+0100] {processor.py:914} INFO - Processing file /usr/local/anaconda3/envs/airflow_env/lib/python3.8/site-packages/airflow/example_dags/example_trigger_target_dag.py for tasks to queue
[2025-03-07T16:00:11.828+0100] {logging_mixin.py:190} INFO - [2025-03-07T16:00:11.828+0100] {dagbag.py:588} INFO - Filling up the DagBag from /usr/local/anaconda3/envs/airflow_env/lib/python3.8/site-packages/airflow/example_dags/example_trigger_target_dag.py
[2025-03-07T16:00:11.854+0100] {processor.py:925} INFO - DAG(s) 'example_trigger_target_dag' retrieved from /usr/local/anaconda3/envs/airflow_env/lib/python3.8/site-packages/airflow/example_dags/example_trigger_target_dag.py
[2025-03-07T16:00:11.924+0100] {logging_mixin.py:190} INFO - [2025-03-07T16:00:11.924+0100] {dag.py:3239} INFO - Sync 1 DAGs
[2025-03-07T16:00:11.933+0100] {logging_mixin.py:190} INFO - [2025-03-07T16:00:11.933+0100] {dag.py:4180} INFO - Setting next_dagrun for example_trigger_target_dag to None, run_after=None
[2025-03-07T16:00:11.945+0100] {processor.py:208} INFO - Processing /usr/local/anaconda3/envs/airflow_env/lib/python3.8/site-packages/airflow/example_dags/example_trigger_target_dag.py took 0.124 seconds
[2025-03-07T16:03:56.574+0100] {processor.py:186} INFO - Started process (PID=13822) to work on /usr/local/anaconda3/envs/airflow_env/lib/python3.8/site-packages/airflow/example_dags/example_trigger_target_dag.py
[2025-03-07T16:03:56.577+0100] {processor.py:914} INFO - Processing file /usr/local/anaconda3/envs/airflow_env/lib/python3.8/site-packages/airflow/example_dags/example_trigger_target_dag.py for tasks to queue
[2025-03-07T16:03:56.578+0100] {logging_mixin.py:190} INFO - [2025-03-07T16:03:56.578+0100] {dagbag.py:588} INFO - Filling up the DagBag from /usr/local/anaconda3/envs/airflow_env/lib/python3.8/site-packages/airflow/example_dags/example_trigger_target_dag.py
[2025-03-07T16:03:56.602+0100] {processor.py:925} INFO - DAG(s) 'example_trigger_target_dag' retrieved from /usr/local/anaconda3/envs/airflow_env/lib/python3.8/site-packages/airflow/example_dags/example_trigger_target_dag.py
[2025-03-07T16:03:56.672+0100] {logging_mixin.py:190} INFO - [2025-03-07T16:03:56.672+0100] {dag.py:3239} INFO - Sync 1 DAGs
[2025-03-07T16:03:56.680+0100] {logging_mixin.py:190} INFO - [2025-03-07T16:03:56.680+0100] {dag.py:4180} INFO - Setting next_dagrun for example_trigger_target_dag to None, run_after=None
[2025-03-07T16:03:56.693+0100] {processor.py:208} INFO - Processing /usr/local/anaconda3/envs/airflow_env/lib/python3.8/site-packages/airflow/example_dags/example_trigger_target_dag.py took 0.122 seconds
[2025-03-07T16:06:58.783+0100] {processor.py:186} INFO - Started process (PID=14114) to work on /usr/local/anaconda3/envs/airflow_env/lib/python3.8/site-packages/airflow/example_dags/example_trigger_target_dag.py
[2025-03-07T16:06:58.786+0100] {processor.py:914} INFO - Processing file /usr/local/anaconda3/envs/airflow_env/lib/python3.8/site-packages/airflow/example_dags/example_trigger_target_dag.py for tasks to queue
[2025-03-07T16:06:58.787+0100] {logging_mixin.py:190} INFO - [2025-03-07T16:06:58.787+0100] {dagbag.py:588} INFO - Filling up the DagBag from /usr/local/anaconda3/envs/airflow_env/lib/python3.8/site-packages/airflow/example_dags/example_trigger_target_dag.py
[2025-03-07T16:06:58.813+0100] {processor.py:925} INFO - DAG(s) 'example_trigger_target_dag' retrieved from /usr/local/anaconda3/envs/airflow_env/lib/python3.8/site-packages/airflow/example_dags/example_trigger_target_dag.py
[2025-03-07T16:06:58.890+0100] {logging_mixin.py:190} INFO - [2025-03-07T16:06:58.890+0100] {dag.py:3239} INFO - Sync 1 DAGs
[2025-03-07T16:06:58.899+0100] {logging_mixin.py:190} INFO - [2025-03-07T16:06:58.899+0100] {dag.py:4180} INFO - Setting next_dagrun for example_trigger_target_dag to None, run_after=None
[2025-03-07T16:06:58.911+0100] {processor.py:208} INFO - Processing /usr/local/anaconda3/envs/airflow_env/lib/python3.8/site-packages/airflow/example_dags/example_trigger_target_dag.py took 0.131 seconds
[2025-03-07T16:10:50.302+0100] {processor.py:186} INFO - Started process (PID=14414) to work on /usr/local/anaconda3/envs/airflow_env/lib/python3.8/site-packages/airflow/example_dags/example_trigger_target_dag.py
[2025-03-07T16:10:50.305+0100] {processor.py:914} INFO - Processing file /usr/local/anaconda3/envs/airflow_env/lib/python3.8/site-packages/airflow/example_dags/example_trigger_target_dag.py for tasks to queue
[2025-03-07T16:10:50.306+0100] {logging_mixin.py:190} INFO - [2025-03-07T16:10:50.306+0100] {dagbag.py:588} INFO - Filling up the DagBag from /usr/local/anaconda3/envs/airflow_env/lib/python3.8/site-packages/airflow/example_dags/example_trigger_target_dag.py
[2025-03-07T16:10:50.329+0100] {processor.py:925} INFO - DAG(s) 'example_trigger_target_dag' retrieved from /usr/local/anaconda3/envs/airflow_env/lib/python3.8/site-packages/airflow/example_dags/example_trigger_target_dag.py
[2025-03-07T16:10:50.396+0100] {logging_mixin.py:190} INFO - [2025-03-07T16:10:50.396+0100] {dag.py:3239} INFO - Sync 1 DAGs
[2025-03-07T16:10:50.405+0100] {logging_mixin.py:190} INFO - [2025-03-07T16:10:50.404+0100] {dag.py:4180} INFO - Setting next_dagrun for example_trigger_target_dag to None, run_after=None
[2025-03-07T16:10:50.416+0100] {processor.py:208} INFO - Processing /usr/local/anaconda3/envs/airflow_env/lib/python3.8/site-packages/airflow/example_dags/example_trigger_target_dag.py took 0.117 seconds
[2025-03-07T16:13:08.940+0100] {processor.py:186} INFO - Started process (PID=14720) to work on /usr/local/anaconda3/envs/airflow_env/lib/python3.8/site-packages/airflow/example_dags/example_trigger_target_dag.py
[2025-03-07T16:13:08.943+0100] {processor.py:914} INFO - Processing file /usr/local/anaconda3/envs/airflow_env/lib/python3.8/site-packages/airflow/example_dags/example_trigger_target_dag.py for tasks to queue
[2025-03-07T16:13:08.944+0100] {logging_mixin.py:190} INFO - [2025-03-07T16:13:08.944+0100] {dagbag.py:588} INFO - Filling up the DagBag from /usr/local/anaconda3/envs/airflow_env/lib/python3.8/site-packages/airflow/example_dags/example_trigger_target_dag.py
[2025-03-07T16:13:08.968+0100] {processor.py:925} INFO - DAG(s) 'example_trigger_target_dag' retrieved from /usr/local/anaconda3/envs/airflow_env/lib/python3.8/site-packages/airflow/example_dags/example_trigger_target_dag.py
[2025-03-07T16:13:09.037+0100] {logging_mixin.py:190} INFO - [2025-03-07T16:13:09.037+0100] {dag.py:3239} INFO - Sync 1 DAGs
[2025-03-07T16:13:09.045+0100] {logging_mixin.py:190} INFO - [2025-03-07T16:13:09.045+0100] {dag.py:4180} INFO - Setting next_dagrun for example_trigger_target_dag to None, run_after=None
[2025-03-07T16:13:09.058+0100] {processor.py:208} INFO - Processing /usr/local/anaconda3/envs/airflow_env/lib/python3.8/site-packages/airflow/example_dags/example_trigger_target_dag.py took 0.121 seconds
[2025-03-07T16:15:21.704+0100] {processor.py:186} INFO - Started process (PID=15029) to work on /usr/local/anaconda3/envs/airflow_env/lib/python3.8/site-packages/airflow/example_dags/example_trigger_target_dag.py
[2025-03-07T16:15:21.707+0100] {processor.py:914} INFO - Processing file /usr/local/anaconda3/envs/airflow_env/lib/python3.8/site-packages/airflow/example_dags/example_trigger_target_dag.py for tasks to queue
[2025-03-07T16:15:21.708+0100] {logging_mixin.py:190} INFO - [2025-03-07T16:15:21.708+0100] {dagbag.py:588} INFO - Filling up the DagBag from /usr/local/anaconda3/envs/airflow_env/lib/python3.8/site-packages/airflow/example_dags/example_trigger_target_dag.py
[2025-03-07T16:15:21.733+0100] {processor.py:925} INFO - DAG(s) 'example_trigger_target_dag' retrieved from /usr/local/anaconda3/envs/airflow_env/lib/python3.8/site-packages/airflow/example_dags/example_trigger_target_dag.py
[2025-03-07T16:15:21.803+0100] {logging_mixin.py:190} INFO - [2025-03-07T16:15:21.803+0100] {dag.py:3239} INFO - Sync 1 DAGs
[2025-03-07T16:15:21.811+0100] {logging_mixin.py:190} INFO - [2025-03-07T16:15:21.811+0100] {dag.py:4180} INFO - Setting next_dagrun for example_trigger_target_dag to None, run_after=None
[2025-03-07T16:15:21.823+0100] {processor.py:208} INFO - Processing /usr/local/anaconda3/envs/airflow_env/lib/python3.8/site-packages/airflow/example_dags/example_trigger_target_dag.py took 0.122 seconds
[2025-03-07T16:17:36.736+0100] {processor.py:186} INFO - Started process (PID=15214) to work on /usr/local/anaconda3/envs/airflow_env/lib/python3.8/site-packages/airflow/example_dags/example_trigger_target_dag.py
[2025-03-07T16:17:36.739+0100] {processor.py:914} INFO - Processing file /usr/local/anaconda3/envs/airflow_env/lib/python3.8/site-packages/airflow/example_dags/example_trigger_target_dag.py for tasks to queue
[2025-03-07T16:17:36.740+0100] {logging_mixin.py:190} INFO - [2025-03-07T16:17:36.739+0100] {dagbag.py:588} INFO - Filling up the DagBag from /usr/local/anaconda3/envs/airflow_env/lib/python3.8/site-packages/airflow/example_dags/example_trigger_target_dag.py
[2025-03-07T16:17:36.764+0100] {processor.py:925} INFO - DAG(s) 'example_trigger_target_dag' retrieved from /usr/local/anaconda3/envs/airflow_env/lib/python3.8/site-packages/airflow/example_dags/example_trigger_target_dag.py
[2025-03-07T16:17:36.835+0100] {logging_mixin.py:190} INFO - [2025-03-07T16:17:36.835+0100] {dag.py:3239} INFO - Sync 1 DAGs
[2025-03-07T16:17:36.844+0100] {logging_mixin.py:190} INFO - [2025-03-07T16:17:36.844+0100] {dag.py:4180} INFO - Setting next_dagrun for example_trigger_target_dag to None, run_after=None
[2025-03-07T16:17:36.856+0100] {processor.py:208} INFO - Processing /usr/local/anaconda3/envs/airflow_env/lib/python3.8/site-packages/airflow/example_dags/example_trigger_target_dag.py took 0.123 seconds
[2025-03-07T16:19:54.493+0100] {processor.py:186} INFO - Started process (PID=15495) to work on /usr/local/anaconda3/envs/airflow_env/lib/python3.8/site-packages/airflow/example_dags/example_trigger_target_dag.py
[2025-03-07T16:19:54.497+0100] {processor.py:914} INFO - Processing file /usr/local/anaconda3/envs/airflow_env/lib/python3.8/site-packages/airflow/example_dags/example_trigger_target_dag.py for tasks to queue
[2025-03-07T16:19:54.497+0100] {logging_mixin.py:190} INFO - [2025-03-07T16:19:54.497+0100] {dagbag.py:588} INFO - Filling up the DagBag from /usr/local/anaconda3/envs/airflow_env/lib/python3.8/site-packages/airflow/example_dags/example_trigger_target_dag.py
[2025-03-07T16:19:54.521+0100] {processor.py:925} INFO - DAG(s) 'example_trigger_target_dag' retrieved from /usr/local/anaconda3/envs/airflow_env/lib/python3.8/site-packages/airflow/example_dags/example_trigger_target_dag.py
[2025-03-07T16:19:54.591+0100] {logging_mixin.py:190} INFO - [2025-03-07T16:19:54.591+0100] {dag.py:3239} INFO - Sync 1 DAGs
[2025-03-07T16:19:54.599+0100] {logging_mixin.py:190} INFO - [2025-03-07T16:19:54.599+0100] {dag.py:4180} INFO - Setting next_dagrun for example_trigger_target_dag to None, run_after=None
[2025-03-07T16:19:54.611+0100] {processor.py:208} INFO - Processing /usr/local/anaconda3/envs/airflow_env/lib/python3.8/site-packages/airflow/example_dags/example_trigger_target_dag.py took 0.120 seconds
[2025-03-07T16:23:05.065+0100] {processor.py:186} INFO - Started process (PID=15848) to work on /usr/local/anaconda3/envs/airflow_env/lib/python3.8/site-packages/airflow/example_dags/example_trigger_target_dag.py
[2025-03-07T16:23:05.068+0100] {processor.py:914} INFO - Processing file /usr/local/anaconda3/envs/airflow_env/lib/python3.8/site-packages/airflow/example_dags/example_trigger_target_dag.py for tasks to queue
[2025-03-07T16:23:05.069+0100] {logging_mixin.py:190} INFO - [2025-03-07T16:23:05.069+0100] {dagbag.py:588} INFO - Filling up the DagBag from /usr/local/anaconda3/envs/airflow_env/lib/python3.8/site-packages/airflow/example_dags/example_trigger_target_dag.py
[2025-03-07T16:23:05.094+0100] {processor.py:925} INFO - DAG(s) 'example_trigger_target_dag' retrieved from /usr/local/anaconda3/envs/airflow_env/lib/python3.8/site-packages/airflow/example_dags/example_trigger_target_dag.py
[2025-03-07T16:23:05.164+0100] {logging_mixin.py:190} INFO - [2025-03-07T16:23:05.164+0100] {dag.py:3239} INFO - Sync 1 DAGs
[2025-03-07T16:23:05.172+0100] {logging_mixin.py:190} INFO - [2025-03-07T16:23:05.171+0100] {dag.py:4180} INFO - Setting next_dagrun for example_trigger_target_dag to None, run_after=None
[2025-03-07T16:23:05.184+0100] {processor.py:208} INFO - Processing /usr/local/anaconda3/envs/airflow_env/lib/python3.8/site-packages/airflow/example_dags/example_trigger_target_dag.py took 0.122 seconds
[2025-03-07T16:29:59.346+0100] {processor.py:186} INFO - Started process (PID=16267) to work on /usr/local/anaconda3/envs/airflow_env/lib/python3.8/site-packages/airflow/example_dags/example_trigger_target_dag.py
[2025-03-07T16:29:59.349+0100] {processor.py:914} INFO - Processing file /usr/local/anaconda3/envs/airflow_env/lib/python3.8/site-packages/airflow/example_dags/example_trigger_target_dag.py for tasks to queue
[2025-03-07T16:29:59.350+0100] {logging_mixin.py:190} INFO - [2025-03-07T16:29:59.350+0100] {dagbag.py:588} INFO - Filling up the DagBag from /usr/local/anaconda3/envs/airflow_env/lib/python3.8/site-packages/airflow/example_dags/example_trigger_target_dag.py
[2025-03-07T16:29:59.375+0100] {processor.py:925} INFO - DAG(s) 'example_trigger_target_dag' retrieved from /usr/local/anaconda3/envs/airflow_env/lib/python3.8/site-packages/airflow/example_dags/example_trigger_target_dag.py
[2025-03-07T16:29:59.446+0100] {logging_mixin.py:190} INFO - [2025-03-07T16:29:59.446+0100] {dag.py:3239} INFO - Sync 1 DAGs
[2025-03-07T16:29:59.454+0100] {logging_mixin.py:190} INFO - [2025-03-07T16:29:59.454+0100] {dag.py:4180} INFO - Setting next_dagrun for example_trigger_target_dag to None, run_after=None
[2025-03-07T16:29:59.466+0100] {processor.py:208} INFO - Processing /usr/local/anaconda3/envs/airflow_env/lib/python3.8/site-packages/airflow/example_dags/example_trigger_target_dag.py took 0.124 seconds
