[2025-03-07T14:11:35.537+0100] {processor.py:186} INFO - Started process (PID=2747) to work on /usr/local/anaconda3/envs/airflow_env/lib/python3.8/site-packages/airflow/example_dags/example_short_circuit_decorator.py
[2025-03-07T14:11:35.540+0100] {processor.py:914} INFO - Processing file /usr/local/anaconda3/envs/airflow_env/lib/python3.8/site-packages/airflow/example_dags/example_short_circuit_decorator.py for tasks to queue
[2025-03-07T14:11:35.541+0100] {logging_mixin.py:190} INFO - [2025-03-07T14:11:35.541+0100] {dagbag.py:588} INFO - Filling up the DagBag from /usr/local/anaconda3/envs/airflow_env/lib/python3.8/site-packages/airflow/example_dags/example_short_circuit_decorator.py
[2025-03-07T14:11:35.566+0100] {processor.py:925} INFO - DAG(s) 'example_short_circuit_decorator' retrieved from /usr/local/anaconda3/envs/airflow_env/lib/python3.8/site-packages/airflow/example_dags/example_short_circuit_decorator.py
[2025-03-07T14:11:35.688+0100] {logging_mixin.py:190} INFO - [2025-03-07T14:11:35.688+0100] {override.py:1901} INFO - Created Permission View: can read on DAG:example_short_circuit_decorator
[2025-03-07T14:11:35.694+0100] {logging_mixin.py:190} INFO - [2025-03-07T14:11:35.694+0100] {override.py:1901} INFO - Created Permission View: can delete on DAG:example_short_circuit_decorator
[2025-03-07T14:11:35.698+0100] {logging_mixin.py:190} INFO - [2025-03-07T14:11:35.698+0100] {override.py:1901} INFO - Created Permission View: can edit on DAG:example_short_circuit_decorator
[2025-03-07T14:11:35.703+0100] {logging_mixin.py:190} INFO - [2025-03-07T14:11:35.703+0100] {override.py:1901} INFO - Created Permission View: can create on DAG Run:example_short_circuit_decorator
[2025-03-07T14:11:35.707+0100] {logging_mixin.py:190} INFO - [2025-03-07T14:11:35.707+0100] {override.py:1901} INFO - Created Permission View: can read on DAG Run:example_short_circuit_decorator
[2025-03-07T14:11:35.711+0100] {logging_mixin.py:190} INFO - [2025-03-07T14:11:35.710+0100] {override.py:1901} INFO - Created Permission View: can delete on DAG Run:example_short_circuit_decorator
[2025-03-07T14:11:35.714+0100] {logging_mixin.py:190} INFO - [2025-03-07T14:11:35.714+0100] {override.py:1901} INFO - Created Permission View: menu access on DAG Run:example_short_circuit_decorator
[2025-03-07T14:11:35.715+0100] {logging_mixin.py:190} INFO - [2025-03-07T14:11:35.715+0100] {dag.py:3239} INFO - Sync 1 DAGs
[2025-03-07T14:11:35.723+0100] {logging_mixin.py:190} INFO - [2025-03-07T14:11:35.723+0100] {dag.py:3262} INFO - Creating ORM DAG for example_short_circuit_decorator
[2025-03-07T14:11:35.724+0100] {logging_mixin.py:190} INFO - [2025-03-07T14:11:35.724+0100] {dag.py:4180} INFO - Setting next_dagrun for example_short_circuit_decorator to None, run_after=None
[2025-03-07T14:11:35.734+0100] {processor.py:208} INFO - Processing /usr/local/anaconda3/envs/airflow_env/lib/python3.8/site-packages/airflow/example_dags/example_short_circuit_decorator.py took 0.200 seconds
[2025-03-07T14:15:00.375+0100] {processor.py:186} INFO - Started process (PID=3078) to work on /usr/local/anaconda3/envs/airflow_env/lib/python3.8/site-packages/airflow/example_dags/example_short_circuit_decorator.py
[2025-03-07T14:15:00.383+0100] {processor.py:914} INFO - Processing file /usr/local/anaconda3/envs/airflow_env/lib/python3.8/site-packages/airflow/example_dags/example_short_circuit_decorator.py for tasks to queue
[2025-03-07T14:15:00.385+0100] {logging_mixin.py:190} INFO - [2025-03-07T14:15:00.385+0100] {dagbag.py:588} INFO - Filling up the DagBag from /usr/local/anaconda3/envs/airflow_env/lib/python3.8/site-packages/airflow/example_dags/example_short_circuit_decorator.py
[2025-03-07T14:15:00.419+0100] {processor.py:925} INFO - DAG(s) 'example_short_circuit_decorator' retrieved from /usr/local/anaconda3/envs/airflow_env/lib/python3.8/site-packages/airflow/example_dags/example_short_circuit_decorator.py
[2025-03-07T14:15:00.510+0100] {logging_mixin.py:190} INFO - [2025-03-07T14:15:00.509+0100] {dag.py:3239} INFO - Sync 1 DAGs
[2025-03-07T14:15:00.519+0100] {logging_mixin.py:190} INFO - [2025-03-07T14:15:00.519+0100] {dag.py:4180} INFO - Setting next_dagrun for example_short_circuit_decorator to None, run_after=None
[2025-03-07T14:15:00.534+0100] {processor.py:208} INFO - Processing /usr/local/anaconda3/envs/airflow_env/lib/python3.8/site-packages/airflow/example_dags/example_short_circuit_decorator.py took 0.171 seconds
[2025-03-07T14:17:13.044+0100] {processor.py:186} INFO - Started process (PID=3352) to work on /usr/local/anaconda3/envs/airflow_env/lib/python3.8/site-packages/airflow/example_dags/example_short_circuit_decorator.py
[2025-03-07T14:17:13.047+0100] {processor.py:914} INFO - Processing file /usr/local/anaconda3/envs/airflow_env/lib/python3.8/site-packages/airflow/example_dags/example_short_circuit_decorator.py for tasks to queue
[2025-03-07T14:17:13.048+0100] {logging_mixin.py:190} INFO - [2025-03-07T14:17:13.048+0100] {dagbag.py:588} INFO - Filling up the DagBag from /usr/local/anaconda3/envs/airflow_env/lib/python3.8/site-packages/airflow/example_dags/example_short_circuit_decorator.py
[2025-03-07T14:17:13.074+0100] {processor.py:925} INFO - DAG(s) 'example_short_circuit_decorator' retrieved from /usr/local/anaconda3/envs/airflow_env/lib/python3.8/site-packages/airflow/example_dags/example_short_circuit_decorator.py
[2025-03-07T14:17:13.188+0100] {logging_mixin.py:190} INFO - [2025-03-07T14:17:13.187+0100] {dag.py:3239} INFO - Sync 1 DAGs
[2025-03-07T14:17:13.196+0100] {logging_mixin.py:190} INFO - [2025-03-07T14:17:13.195+0100] {dag.py:4180} INFO - Setting next_dagrun for example_short_circuit_decorator to None, run_after=None
[2025-03-07T14:17:13.209+0100] {processor.py:208} INFO - Processing /usr/local/anaconda3/envs/airflow_env/lib/python3.8/site-packages/airflow/example_dags/example_short_circuit_decorator.py took 0.168 seconds
[2025-03-07T14:19:28.813+0100] {processor.py:186} INFO - Started process (PID=3587) to work on /usr/local/anaconda3/envs/airflow_env/lib/python3.8/site-packages/airflow/example_dags/example_short_circuit_decorator.py
[2025-03-07T14:19:28.817+0100] {processor.py:914} INFO - Processing file /usr/local/anaconda3/envs/airflow_env/lib/python3.8/site-packages/airflow/example_dags/example_short_circuit_decorator.py for tasks to queue
[2025-03-07T14:19:28.817+0100] {logging_mixin.py:190} INFO - [2025-03-07T14:19:28.817+0100] {dagbag.py:588} INFO - Filling up the DagBag from /usr/local/anaconda3/envs/airflow_env/lib/python3.8/site-packages/airflow/example_dags/example_short_circuit_decorator.py
[2025-03-07T14:19:28.844+0100] {processor.py:925} INFO - DAG(s) 'example_short_circuit_decorator' retrieved from /usr/local/anaconda3/envs/airflow_env/lib/python3.8/site-packages/airflow/example_dags/example_short_circuit_decorator.py
[2025-03-07T14:19:28.918+0100] {logging_mixin.py:190} INFO - [2025-03-07T14:19:28.918+0100] {dag.py:3239} INFO - Sync 1 DAGs
[2025-03-07T14:19:28.925+0100] {logging_mixin.py:190} INFO - [2025-03-07T14:19:28.925+0100] {dag.py:4180} INFO - Setting next_dagrun for example_short_circuit_decorator to None, run_after=None
[2025-03-07T14:19:28.938+0100] {processor.py:208} INFO - Processing /usr/local/anaconda3/envs/airflow_env/lib/python3.8/site-packages/airflow/example_dags/example_short_circuit_decorator.py took 0.127 seconds
[2025-03-07T14:21:45.932+0100] {processor.py:186} INFO - Started process (PID=3855) to work on /usr/local/anaconda3/envs/airflow_env/lib/python3.8/site-packages/airflow/example_dags/example_short_circuit_decorator.py
[2025-03-07T14:21:45.935+0100] {processor.py:914} INFO - Processing file /usr/local/anaconda3/envs/airflow_env/lib/python3.8/site-packages/airflow/example_dags/example_short_circuit_decorator.py for tasks to queue
[2025-03-07T14:21:45.936+0100] {logging_mixin.py:190} INFO - [2025-03-07T14:21:45.936+0100] {dagbag.py:588} INFO - Filling up the DagBag from /usr/local/anaconda3/envs/airflow_env/lib/python3.8/site-packages/airflow/example_dags/example_short_circuit_decorator.py
[2025-03-07T14:21:45.964+0100] {processor.py:925} INFO - DAG(s) 'example_short_circuit_decorator' retrieved from /usr/local/anaconda3/envs/airflow_env/lib/python3.8/site-packages/airflow/example_dags/example_short_circuit_decorator.py
[2025-03-07T14:21:46.041+0100] {logging_mixin.py:190} INFO - [2025-03-07T14:21:46.040+0100] {dag.py:3239} INFO - Sync 1 DAGs
[2025-03-07T14:21:46.049+0100] {logging_mixin.py:190} INFO - [2025-03-07T14:21:46.049+0100] {dag.py:4180} INFO - Setting next_dagrun for example_short_circuit_decorator to None, run_after=None
[2025-03-07T14:21:46.062+0100] {processor.py:208} INFO - Processing /usr/local/anaconda3/envs/airflow_env/lib/python3.8/site-packages/airflow/example_dags/example_short_circuit_decorator.py took 0.133 seconds
[2025-03-07T14:24:09.597+0100] {processor.py:186} INFO - Started process (PID=4104) to work on /usr/local/anaconda3/envs/airflow_env/lib/python3.8/site-packages/airflow/example_dags/example_short_circuit_decorator.py
[2025-03-07T14:24:09.600+0100] {processor.py:914} INFO - Processing file /usr/local/anaconda3/envs/airflow_env/lib/python3.8/site-packages/airflow/example_dags/example_short_circuit_decorator.py for tasks to queue
[2025-03-07T14:24:09.601+0100] {logging_mixin.py:190} INFO - [2025-03-07T14:24:09.601+0100] {dagbag.py:588} INFO - Filling up the DagBag from /usr/local/anaconda3/envs/airflow_env/lib/python3.8/site-packages/airflow/example_dags/example_short_circuit_decorator.py
[2025-03-07T14:24:09.626+0100] {processor.py:925} INFO - DAG(s) 'example_short_circuit_decorator' retrieved from /usr/local/anaconda3/envs/airflow_env/lib/python3.8/site-packages/airflow/example_dags/example_short_circuit_decorator.py
[2025-03-07T14:24:09.698+0100] {logging_mixin.py:190} INFO - [2025-03-07T14:24:09.697+0100] {dag.py:3239} INFO - Sync 1 DAGs
[2025-03-07T14:24:09.705+0100] {logging_mixin.py:190} INFO - [2025-03-07T14:24:09.705+0100] {dag.py:4180} INFO - Setting next_dagrun for example_short_circuit_decorator to None, run_after=None
[2025-03-07T14:24:09.717+0100] {processor.py:208} INFO - Processing /usr/local/anaconda3/envs/airflow_env/lib/python3.8/site-packages/airflow/example_dags/example_short_circuit_decorator.py took 0.123 seconds
[2025-03-07T14:44:29.881+0100] {processor.py:186} INFO - Started process (PID=4950) to work on /usr/local/anaconda3/envs/airflow_env/lib/python3.8/site-packages/airflow/example_dags/example_short_circuit_decorator.py
[2025-03-07T14:44:29.885+0100] {processor.py:914} INFO - Processing file /usr/local/anaconda3/envs/airflow_env/lib/python3.8/site-packages/airflow/example_dags/example_short_circuit_decorator.py for tasks to queue
[2025-03-07T14:44:29.886+0100] {logging_mixin.py:190} INFO - [2025-03-07T14:44:29.886+0100] {dagbag.py:588} INFO - Filling up the DagBag from /usr/local/anaconda3/envs/airflow_env/lib/python3.8/site-packages/airflow/example_dags/example_short_circuit_decorator.py
[2025-03-07T14:44:29.913+0100] {processor.py:925} INFO - DAG(s) 'example_short_circuit_decorator' retrieved from /usr/local/anaconda3/envs/airflow_env/lib/python3.8/site-packages/airflow/example_dags/example_short_circuit_decorator.py
[2025-03-07T14:44:29.987+0100] {logging_mixin.py:190} INFO - [2025-03-07T14:44:29.987+0100] {dag.py:3239} INFO - Sync 1 DAGs
[2025-03-07T14:44:29.996+0100] {logging_mixin.py:190} INFO - [2025-03-07T14:44:29.996+0100] {dag.py:4180} INFO - Setting next_dagrun for example_short_circuit_decorator to None, run_after=None
[2025-03-07T14:44:30.009+0100] {processor.py:208} INFO - Processing /usr/local/anaconda3/envs/airflow_env/lib/python3.8/site-packages/airflow/example_dags/example_short_circuit_decorator.py took 0.130 seconds
[2025-03-07T14:47:20.879+0100] {processor.py:186} INFO - Started process (PID=5197) to work on /usr/local/anaconda3/envs/airflow_env/lib/python3.8/site-packages/airflow/example_dags/example_short_circuit_decorator.py
[2025-03-07T14:47:20.882+0100] {processor.py:914} INFO - Processing file /usr/local/anaconda3/envs/airflow_env/lib/python3.8/site-packages/airflow/example_dags/example_short_circuit_decorator.py for tasks to queue
[2025-03-07T14:47:20.883+0100] {logging_mixin.py:190} INFO - [2025-03-07T14:47:20.883+0100] {dagbag.py:588} INFO - Filling up the DagBag from /usr/local/anaconda3/envs/airflow_env/lib/python3.8/site-packages/airflow/example_dags/example_short_circuit_decorator.py
[2025-03-07T14:47:20.910+0100] {processor.py:925} INFO - DAG(s) 'example_short_circuit_decorator' retrieved from /usr/local/anaconda3/envs/airflow_env/lib/python3.8/site-packages/airflow/example_dags/example_short_circuit_decorator.py
[2025-03-07T14:47:20.985+0100] {logging_mixin.py:190} INFO - [2025-03-07T14:47:20.985+0100] {dag.py:3239} INFO - Sync 1 DAGs
[2025-03-07T14:47:20.994+0100] {logging_mixin.py:190} INFO - [2025-03-07T14:47:20.993+0100] {dag.py:4180} INFO - Setting next_dagrun for example_short_circuit_decorator to None, run_after=None
[2025-03-07T14:47:21.006+0100] {processor.py:208} INFO - Processing /usr/local/anaconda3/envs/airflow_env/lib/python3.8/site-packages/airflow/example_dags/example_short_circuit_decorator.py took 0.130 seconds
[2025-03-07T14:50:23.988+0100] {processor.py:186} INFO - Started process (PID=5606) to work on /usr/local/anaconda3/envs/airflow_env/lib/python3.8/site-packages/airflow/example_dags/example_short_circuit_decorator.py
[2025-03-07T14:50:23.991+0100] {processor.py:914} INFO - Processing file /usr/local/anaconda3/envs/airflow_env/lib/python3.8/site-packages/airflow/example_dags/example_short_circuit_decorator.py for tasks to queue
[2025-03-07T14:50:23.992+0100] {logging_mixin.py:190} INFO - [2025-03-07T14:50:23.992+0100] {dagbag.py:588} INFO - Filling up the DagBag from /usr/local/anaconda3/envs/airflow_env/lib/python3.8/site-packages/airflow/example_dags/example_short_circuit_decorator.py
[2025-03-07T14:50:24.017+0100] {processor.py:925} INFO - DAG(s) 'example_short_circuit_decorator' retrieved from /usr/local/anaconda3/envs/airflow_env/lib/python3.8/site-packages/airflow/example_dags/example_short_circuit_decorator.py
[2025-03-07T14:50:24.087+0100] {logging_mixin.py:190} INFO - [2025-03-07T14:50:24.086+0100] {dag.py:3239} INFO - Sync 1 DAGs
[2025-03-07T14:50:24.094+0100] {logging_mixin.py:190} INFO - [2025-03-07T14:50:24.094+0100] {dag.py:4180} INFO - Setting next_dagrun for example_short_circuit_decorator to None, run_after=None
[2025-03-07T14:50:24.106+0100] {processor.py:208} INFO - Processing /usr/local/anaconda3/envs/airflow_env/lib/python3.8/site-packages/airflow/example_dags/example_short_circuit_decorator.py took 0.120 seconds
[2025-03-07T14:53:54.645+0100] {processor.py:186} INFO - Started process (PID=6046) to work on /usr/local/anaconda3/envs/airflow_env/lib/python3.8/site-packages/airflow/example_dags/example_short_circuit_decorator.py
[2025-03-07T14:53:54.649+0100] {processor.py:914} INFO - Processing file /usr/local/anaconda3/envs/airflow_env/lib/python3.8/site-packages/airflow/example_dags/example_short_circuit_decorator.py for tasks to queue
[2025-03-07T14:53:54.649+0100] {logging_mixin.py:190} INFO - [2025-03-07T14:53:54.649+0100] {dagbag.py:588} INFO - Filling up the DagBag from /usr/local/anaconda3/envs/airflow_env/lib/python3.8/site-packages/airflow/example_dags/example_short_circuit_decorator.py
[2025-03-07T14:53:54.675+0100] {processor.py:925} INFO - DAG(s) 'example_short_circuit_decorator' retrieved from /usr/local/anaconda3/envs/airflow_env/lib/python3.8/site-packages/airflow/example_dags/example_short_circuit_decorator.py
[2025-03-07T14:53:54.747+0100] {logging_mixin.py:190} INFO - [2025-03-07T14:53:54.747+0100] {dag.py:3239} INFO - Sync 1 DAGs
[2025-03-07T14:53:54.755+0100] {logging_mixin.py:190} INFO - [2025-03-07T14:53:54.755+0100] {dag.py:4180} INFO - Setting next_dagrun for example_short_circuit_decorator to None, run_after=None
[2025-03-07T14:53:54.767+0100] {processor.py:208} INFO - Processing /usr/local/anaconda3/envs/airflow_env/lib/python3.8/site-packages/airflow/example_dags/example_short_circuit_decorator.py took 0.124 seconds
[2025-03-07T14:56:37.147+0100] {processor.py:186} INFO - Started process (PID=6371) to work on /usr/local/anaconda3/envs/airflow_env/lib/python3.8/site-packages/airflow/example_dags/example_short_circuit_decorator.py
[2025-03-07T14:56:37.150+0100] {processor.py:914} INFO - Processing file /usr/local/anaconda3/envs/airflow_env/lib/python3.8/site-packages/airflow/example_dags/example_short_circuit_decorator.py for tasks to queue
[2025-03-07T14:56:37.151+0100] {logging_mixin.py:190} INFO - [2025-03-07T14:56:37.151+0100] {dagbag.py:588} INFO - Filling up the DagBag from /usr/local/anaconda3/envs/airflow_env/lib/python3.8/site-packages/airflow/example_dags/example_short_circuit_decorator.py
[2025-03-07T14:56:37.175+0100] {processor.py:925} INFO - DAG(s) 'example_short_circuit_decorator' retrieved from /usr/local/anaconda3/envs/airflow_env/lib/python3.8/site-packages/airflow/example_dags/example_short_circuit_decorator.py
[2025-03-07T14:56:37.245+0100] {logging_mixin.py:190} INFO - [2025-03-07T14:56:37.244+0100] {dag.py:3239} INFO - Sync 1 DAGs
[2025-03-07T14:56:37.252+0100] {logging_mixin.py:190} INFO - [2025-03-07T14:56:37.252+0100] {dag.py:4180} INFO - Setting next_dagrun for example_short_circuit_decorator to None, run_after=None
[2025-03-07T14:56:37.264+0100] {processor.py:208} INFO - Processing /usr/local/anaconda3/envs/airflow_env/lib/python3.8/site-packages/airflow/example_dags/example_short_circuit_decorator.py took 0.120 seconds
[2025-03-07T14:58:48.433+0100] {processor.py:186} INFO - Started process (PID=6630) to work on /usr/local/anaconda3/envs/airflow_env/lib/python3.8/site-packages/airflow/example_dags/example_short_circuit_decorator.py
[2025-03-07T14:58:48.437+0100] {processor.py:914} INFO - Processing file /usr/local/anaconda3/envs/airflow_env/lib/python3.8/site-packages/airflow/example_dags/example_short_circuit_decorator.py for tasks to queue
[2025-03-07T14:58:48.437+0100] {logging_mixin.py:190} INFO - [2025-03-07T14:58:48.437+0100] {dagbag.py:588} INFO - Filling up the DagBag from /usr/local/anaconda3/envs/airflow_env/lib/python3.8/site-packages/airflow/example_dags/example_short_circuit_decorator.py
[2025-03-07T14:58:48.463+0100] {processor.py:925} INFO - DAG(s) 'example_short_circuit_decorator' retrieved from /usr/local/anaconda3/envs/airflow_env/lib/python3.8/site-packages/airflow/example_dags/example_short_circuit_decorator.py
[2025-03-07T14:58:48.534+0100] {logging_mixin.py:190} INFO - [2025-03-07T14:58:48.534+0100] {dag.py:3239} INFO - Sync 1 DAGs
[2025-03-07T14:58:48.541+0100] {logging_mixin.py:190} INFO - [2025-03-07T14:58:48.541+0100] {dag.py:4180} INFO - Setting next_dagrun for example_short_circuit_decorator to None, run_after=None
[2025-03-07T14:58:48.553+0100] {processor.py:208} INFO - Processing /usr/local/anaconda3/envs/airflow_env/lib/python3.8/site-packages/airflow/example_dags/example_short_circuit_decorator.py took 0.122 seconds
[2025-03-07T15:01:04.855+0100] {processor.py:186} INFO - Started process (PID=6914) to work on /usr/local/anaconda3/envs/airflow_env/lib/python3.8/site-packages/airflow/example_dags/example_short_circuit_decorator.py
[2025-03-07T15:01:04.859+0100] {processor.py:914} INFO - Processing file /usr/local/anaconda3/envs/airflow_env/lib/python3.8/site-packages/airflow/example_dags/example_short_circuit_decorator.py for tasks to queue
[2025-03-07T15:01:04.859+0100] {logging_mixin.py:190} INFO - [2025-03-07T15:01:04.859+0100] {dagbag.py:588} INFO - Filling up the DagBag from /usr/local/anaconda3/envs/airflow_env/lib/python3.8/site-packages/airflow/example_dags/example_short_circuit_decorator.py
[2025-03-07T15:01:04.884+0100] {processor.py:925} INFO - DAG(s) 'example_short_circuit_decorator' retrieved from /usr/local/anaconda3/envs/airflow_env/lib/python3.8/site-packages/airflow/example_dags/example_short_circuit_decorator.py
[2025-03-07T15:01:04.955+0100] {logging_mixin.py:190} INFO - [2025-03-07T15:01:04.955+0100] {dag.py:3239} INFO - Sync 1 DAGs
[2025-03-07T15:01:04.963+0100] {logging_mixin.py:190} INFO - [2025-03-07T15:01:04.963+0100] {dag.py:4180} INFO - Setting next_dagrun for example_short_circuit_decorator to None, run_after=None
[2025-03-07T15:01:04.974+0100] {processor.py:208} INFO - Processing /usr/local/anaconda3/envs/airflow_env/lib/python3.8/site-packages/airflow/example_dags/example_short_circuit_decorator.py took 0.122 seconds
[2025-03-07T15:03:30.453+0100] {processor.py:186} INFO - Started process (PID=7160) to work on /usr/local/anaconda3/envs/airflow_env/lib/python3.8/site-packages/airflow/example_dags/example_short_circuit_decorator.py
[2025-03-07T15:03:30.456+0100] {processor.py:914} INFO - Processing file /usr/local/anaconda3/envs/airflow_env/lib/python3.8/site-packages/airflow/example_dags/example_short_circuit_decorator.py for tasks to queue
[2025-03-07T15:03:30.457+0100] {logging_mixin.py:190} INFO - [2025-03-07T15:03:30.457+0100] {dagbag.py:588} INFO - Filling up the DagBag from /usr/local/anaconda3/envs/airflow_env/lib/python3.8/site-packages/airflow/example_dags/example_short_circuit_decorator.py
[2025-03-07T15:03:30.483+0100] {processor.py:925} INFO - DAG(s) 'example_short_circuit_decorator' retrieved from /usr/local/anaconda3/envs/airflow_env/lib/python3.8/site-packages/airflow/example_dags/example_short_circuit_decorator.py
[2025-03-07T15:03:30.555+0100] {logging_mixin.py:190} INFO - [2025-03-07T15:03:30.555+0100] {dag.py:3239} INFO - Sync 1 DAGs
[2025-03-07T15:03:30.563+0100] {logging_mixin.py:190} INFO - [2025-03-07T15:03:30.563+0100] {dag.py:4180} INFO - Setting next_dagrun for example_short_circuit_decorator to None, run_after=None
[2025-03-07T15:03:30.575+0100] {processor.py:208} INFO - Processing /usr/local/anaconda3/envs/airflow_env/lib/python3.8/site-packages/airflow/example_dags/example_short_circuit_decorator.py took 0.124 seconds
[2025-03-07T15:05:50.106+0100] {processor.py:186} INFO - Started process (PID=7417) to work on /usr/local/anaconda3/envs/airflow_env/lib/python3.8/site-packages/airflow/example_dags/example_short_circuit_decorator.py
[2025-03-07T15:05:50.110+0100] {processor.py:914} INFO - Processing file /usr/local/anaconda3/envs/airflow_env/lib/python3.8/site-packages/airflow/example_dags/example_short_circuit_decorator.py for tasks to queue
[2025-03-07T15:05:50.111+0100] {logging_mixin.py:190} INFO - [2025-03-07T15:05:50.110+0100] {dagbag.py:588} INFO - Filling up the DagBag from /usr/local/anaconda3/envs/airflow_env/lib/python3.8/site-packages/airflow/example_dags/example_short_circuit_decorator.py
[2025-03-07T15:05:50.137+0100] {processor.py:925} INFO - DAG(s) 'example_short_circuit_decorator' retrieved from /usr/local/anaconda3/envs/airflow_env/lib/python3.8/site-packages/airflow/example_dags/example_short_circuit_decorator.py
[2025-03-07T15:05:50.211+0100] {logging_mixin.py:190} INFO - [2025-03-07T15:05:50.210+0100] {dag.py:3239} INFO - Sync 1 DAGs
[2025-03-07T15:05:50.219+0100] {logging_mixin.py:190} INFO - [2025-03-07T15:05:50.219+0100] {dag.py:4180} INFO - Setting next_dagrun for example_short_circuit_decorator to None, run_after=None
[2025-03-07T15:05:50.231+0100] {processor.py:208} INFO - Processing /usr/local/anaconda3/envs/airflow_env/lib/python3.8/site-packages/airflow/example_dags/example_short_circuit_decorator.py took 0.127 seconds
[2025-03-07T15:08:14.250+0100] {processor.py:186} INFO - Started process (PID=7647) to work on /usr/local/anaconda3/envs/airflow_env/lib/python3.8/site-packages/airflow/example_dags/example_short_circuit_decorator.py
[2025-03-07T15:08:14.253+0100] {processor.py:914} INFO - Processing file /usr/local/anaconda3/envs/airflow_env/lib/python3.8/site-packages/airflow/example_dags/example_short_circuit_decorator.py for tasks to queue
[2025-03-07T15:08:14.254+0100] {logging_mixin.py:190} INFO - [2025-03-07T15:08:14.254+0100] {dagbag.py:588} INFO - Filling up the DagBag from /usr/local/anaconda3/envs/airflow_env/lib/python3.8/site-packages/airflow/example_dags/example_short_circuit_decorator.py
[2025-03-07T15:08:14.279+0100] {processor.py:925} INFO - DAG(s) 'example_short_circuit_decorator' retrieved from /usr/local/anaconda3/envs/airflow_env/lib/python3.8/site-packages/airflow/example_dags/example_short_circuit_decorator.py
[2025-03-07T15:08:14.354+0100] {logging_mixin.py:190} INFO - [2025-03-07T15:08:14.353+0100] {dag.py:3239} INFO - Sync 1 DAGs
[2025-03-07T15:08:14.362+0100] {logging_mixin.py:190} INFO - [2025-03-07T15:08:14.361+0100] {dag.py:4180} INFO - Setting next_dagrun for example_short_circuit_decorator to None, run_after=None
[2025-03-07T15:08:14.373+0100] {processor.py:208} INFO - Processing /usr/local/anaconda3/envs/airflow_env/lib/python3.8/site-packages/airflow/example_dags/example_short_circuit_decorator.py took 0.127 seconds
[2025-03-07T15:10:41.532+0100] {processor.py:186} INFO - Started process (PID=7884) to work on /usr/local/anaconda3/envs/airflow_env/lib/python3.8/site-packages/airflow/example_dags/example_short_circuit_decorator.py
[2025-03-07T15:10:41.535+0100] {processor.py:914} INFO - Processing file /usr/local/anaconda3/envs/airflow_env/lib/python3.8/site-packages/airflow/example_dags/example_short_circuit_decorator.py for tasks to queue
[2025-03-07T15:10:41.536+0100] {logging_mixin.py:190} INFO - [2025-03-07T15:10:41.536+0100] {dagbag.py:588} INFO - Filling up the DagBag from /usr/local/anaconda3/envs/airflow_env/lib/python3.8/site-packages/airflow/example_dags/example_short_circuit_decorator.py
[2025-03-07T15:10:41.564+0100] {processor.py:925} INFO - DAG(s) 'example_short_circuit_decorator' retrieved from /usr/local/anaconda3/envs/airflow_env/lib/python3.8/site-packages/airflow/example_dags/example_short_circuit_decorator.py
[2025-03-07T15:10:41.638+0100] {logging_mixin.py:190} INFO - [2025-03-07T15:10:41.638+0100] {dag.py:3239} INFO - Sync 1 DAGs
[2025-03-07T15:10:41.646+0100] {logging_mixin.py:190} INFO - [2025-03-07T15:10:41.646+0100] {dag.py:4180} INFO - Setting next_dagrun for example_short_circuit_decorator to None, run_after=None
[2025-03-07T15:10:41.658+0100] {processor.py:208} INFO - Processing /usr/local/anaconda3/envs/airflow_env/lib/python3.8/site-packages/airflow/example_dags/example_short_circuit_decorator.py took 0.129 seconds
[2025-03-07T15:13:24.362+0100] {processor.py:186} INFO - Started process (PID=8278) to work on /usr/local/anaconda3/envs/airflow_env/lib/python3.8/site-packages/airflow/example_dags/example_short_circuit_decorator.py
[2025-03-07T15:13:24.365+0100] {processor.py:914} INFO - Processing file /usr/local/anaconda3/envs/airflow_env/lib/python3.8/site-packages/airflow/example_dags/example_short_circuit_decorator.py for tasks to queue
[2025-03-07T15:13:24.366+0100] {logging_mixin.py:190} INFO - [2025-03-07T15:13:24.366+0100] {dagbag.py:588} INFO - Filling up the DagBag from /usr/local/anaconda3/envs/airflow_env/lib/python3.8/site-packages/airflow/example_dags/example_short_circuit_decorator.py
[2025-03-07T15:13:24.391+0100] {processor.py:925} INFO - DAG(s) 'example_short_circuit_decorator' retrieved from /usr/local/anaconda3/envs/airflow_env/lib/python3.8/site-packages/airflow/example_dags/example_short_circuit_decorator.py
[2025-03-07T15:13:24.461+0100] {logging_mixin.py:190} INFO - [2025-03-07T15:13:24.461+0100] {dag.py:3239} INFO - Sync 1 DAGs
[2025-03-07T15:13:24.469+0100] {logging_mixin.py:190} INFO - [2025-03-07T15:13:24.469+0100] {dag.py:4180} INFO - Setting next_dagrun for example_short_circuit_decorator to None, run_after=None
[2025-03-07T15:13:24.481+0100] {processor.py:208} INFO - Processing /usr/local/anaconda3/envs/airflow_env/lib/python3.8/site-packages/airflow/example_dags/example_short_circuit_decorator.py took 0.122 seconds
[2025-03-07T15:16:19.476+0100] {processor.py:186} INFO - Started process (PID=8527) to work on /usr/local/anaconda3/envs/airflow_env/lib/python3.8/site-packages/airflow/example_dags/example_short_circuit_decorator.py
[2025-03-07T15:16:19.479+0100] {processor.py:914} INFO - Processing file /usr/local/anaconda3/envs/airflow_env/lib/python3.8/site-packages/airflow/example_dags/example_short_circuit_decorator.py for tasks to queue
[2025-03-07T15:16:19.479+0100] {logging_mixin.py:190} INFO - [2025-03-07T15:16:19.479+0100] {dagbag.py:588} INFO - Filling up the DagBag from /usr/local/anaconda3/envs/airflow_env/lib/python3.8/site-packages/airflow/example_dags/example_short_circuit_decorator.py
[2025-03-07T15:16:19.504+0100] {processor.py:925} INFO - DAG(s) 'example_short_circuit_decorator' retrieved from /usr/local/anaconda3/envs/airflow_env/lib/python3.8/site-packages/airflow/example_dags/example_short_circuit_decorator.py
[2025-03-07T15:16:19.576+0100] {logging_mixin.py:190} INFO - [2025-03-07T15:16:19.576+0100] {dag.py:3239} INFO - Sync 1 DAGs
[2025-03-07T15:16:19.584+0100] {logging_mixin.py:190} INFO - [2025-03-07T15:16:19.584+0100] {dag.py:4180} INFO - Setting next_dagrun for example_short_circuit_decorator to None, run_after=None
[2025-03-07T15:16:19.597+0100] {processor.py:208} INFO - Processing /usr/local/anaconda3/envs/airflow_env/lib/python3.8/site-packages/airflow/example_dags/example_short_circuit_decorator.py took 0.124 seconds
[2025-03-07T15:18:39.598+0100] {processor.py:186} INFO - Started process (PID=8857) to work on /usr/local/anaconda3/envs/airflow_env/lib/python3.8/site-packages/airflow/example_dags/example_short_circuit_decorator.py
[2025-03-07T15:18:39.601+0100] {processor.py:914} INFO - Processing file /usr/local/anaconda3/envs/airflow_env/lib/python3.8/site-packages/airflow/example_dags/example_short_circuit_decorator.py for tasks to queue
[2025-03-07T15:18:39.602+0100] {logging_mixin.py:190} INFO - [2025-03-07T15:18:39.601+0100] {dagbag.py:588} INFO - Filling up the DagBag from /usr/local/anaconda3/envs/airflow_env/lib/python3.8/site-packages/airflow/example_dags/example_short_circuit_decorator.py
[2025-03-07T15:18:39.626+0100] {processor.py:925} INFO - DAG(s) 'example_short_circuit_decorator' retrieved from /usr/local/anaconda3/envs/airflow_env/lib/python3.8/site-packages/airflow/example_dags/example_short_circuit_decorator.py
[2025-03-07T15:18:39.700+0100] {logging_mixin.py:190} INFO - [2025-03-07T15:18:39.700+0100] {dag.py:3239} INFO - Sync 1 DAGs
[2025-03-07T15:18:39.708+0100] {logging_mixin.py:190} INFO - [2025-03-07T15:18:39.708+0100] {dag.py:4180} INFO - Setting next_dagrun for example_short_circuit_decorator to None, run_after=None
[2025-03-07T15:18:39.720+0100] {processor.py:208} INFO - Processing /usr/local/anaconda3/envs/airflow_env/lib/python3.8/site-packages/airflow/example_dags/example_short_circuit_decorator.py took 0.125 seconds
[2025-03-07T15:20:54.428+0100] {processor.py:186} INFO - Started process (PID=9165) to work on /usr/local/anaconda3/envs/airflow_env/lib/python3.8/site-packages/airflow/example_dags/example_short_circuit_decorator.py
[2025-03-07T15:20:54.432+0100] {processor.py:914} INFO - Processing file /usr/local/anaconda3/envs/airflow_env/lib/python3.8/site-packages/airflow/example_dags/example_short_circuit_decorator.py for tasks to queue
[2025-03-07T15:20:54.432+0100] {logging_mixin.py:190} INFO - [2025-03-07T15:20:54.432+0100] {dagbag.py:588} INFO - Filling up the DagBag from /usr/local/anaconda3/envs/airflow_env/lib/python3.8/site-packages/airflow/example_dags/example_short_circuit_decorator.py
[2025-03-07T15:20:54.458+0100] {processor.py:925} INFO - DAG(s) 'example_short_circuit_decorator' retrieved from /usr/local/anaconda3/envs/airflow_env/lib/python3.8/site-packages/airflow/example_dags/example_short_circuit_decorator.py
[2025-03-07T15:20:54.529+0100] {logging_mixin.py:190} INFO - [2025-03-07T15:20:54.529+0100] {dag.py:3239} INFO - Sync 1 DAGs
[2025-03-07T15:20:54.537+0100] {logging_mixin.py:190} INFO - [2025-03-07T15:20:54.537+0100] {dag.py:4180} INFO - Setting next_dagrun for example_short_circuit_decorator to None, run_after=None
[2025-03-07T15:20:54.549+0100] {processor.py:208} INFO - Processing /usr/local/anaconda3/envs/airflow_env/lib/python3.8/site-packages/airflow/example_dags/example_short_circuit_decorator.py took 0.123 seconds
[2025-03-07T15:23:09.950+0100] {processor.py:186} INFO - Started process (PID=9449) to work on /usr/local/anaconda3/envs/airflow_env/lib/python3.8/site-packages/airflow/example_dags/example_short_circuit_decorator.py
[2025-03-07T15:23:09.953+0100] {processor.py:914} INFO - Processing file /usr/local/anaconda3/envs/airflow_env/lib/python3.8/site-packages/airflow/example_dags/example_short_circuit_decorator.py for tasks to queue
[2025-03-07T15:23:09.954+0100] {logging_mixin.py:190} INFO - [2025-03-07T15:23:09.954+0100] {dagbag.py:588} INFO - Filling up the DagBag from /usr/local/anaconda3/envs/airflow_env/lib/python3.8/site-packages/airflow/example_dags/example_short_circuit_decorator.py
[2025-03-07T15:23:09.981+0100] {processor.py:925} INFO - DAG(s) 'example_short_circuit_decorator' retrieved from /usr/local/anaconda3/envs/airflow_env/lib/python3.8/site-packages/airflow/example_dags/example_short_circuit_decorator.py
[2025-03-07T15:23:10.051+0100] {logging_mixin.py:190} INFO - [2025-03-07T15:23:10.050+0100] {dag.py:3239} INFO - Sync 1 DAGs
[2025-03-07T15:23:10.058+0100] {logging_mixin.py:190} INFO - [2025-03-07T15:23:10.058+0100] {dag.py:4180} INFO - Setting next_dagrun for example_short_circuit_decorator to None, run_after=None
[2025-03-07T15:23:10.070+0100] {processor.py:208} INFO - Processing /usr/local/anaconda3/envs/airflow_env/lib/python3.8/site-packages/airflow/example_dags/example_short_circuit_decorator.py took 0.124 seconds
