[2025-03-07T14:12:49.636+0100] {processor.py:186} INFO - Started process (PID=2876) to work on /usr/local/anaconda3/envs/airflow_env/lib/python3.8/site-packages/airflow/example_dags/example_branch_python_dop_operator_3.py
[2025-03-07T14:12:49.639+0100] {processor.py:914} INFO - Processing file /usr/local/anaconda3/envs/airflow_env/lib/python3.8/site-packages/airflow/example_dags/example_branch_python_dop_operator_3.py for tasks to queue
[2025-03-07T14:12:49.640+0100] {logging_mixin.py:190} INFO - [2025-03-07T14:12:49.640+0100] {dagbag.py:588} INFO - Filling up the DagBag from /usr/local/anaconda3/envs/airflow_env/lib/python3.8/site-packages/airflow/example_dags/example_branch_python_dop_operator_3.py
[2025-03-07T14:12:49.666+0100] {processor.py:925} INFO - DAG(s) 'example_branch_dop_operator_v3' retrieved from /usr/local/anaconda3/envs/airflow_env/lib/python3.8/site-packages/airflow/example_dags/example_branch_python_dop_operator_3.py
[2025-03-07T14:12:49.791+0100] {logging_mixin.py:190} INFO - [2025-03-07T14:12:49.790+0100] {override.py:1901} INFO - Created Permission View: can edit on DAG:example_branch_dop_operator_v3
[2025-03-07T14:12:49.798+0100] {logging_mixin.py:190} INFO - [2025-03-07T14:12:49.797+0100] {override.py:1901} INFO - Created Permission View: can read on DAG:example_branch_dop_operator_v3
[2025-03-07T14:12:49.803+0100] {logging_mixin.py:190} INFO - [2025-03-07T14:12:49.802+0100] {override.py:1901} INFO - Created Permission View: can delete on DAG:example_branch_dop_operator_v3
[2025-03-07T14:12:49.810+0100] {logging_mixin.py:190} INFO - [2025-03-07T14:12:49.810+0100] {override.py:1901} INFO - Created Permission View: can delete on DAG Run:example_branch_dop_operator_v3
[2025-03-07T14:12:49.815+0100] {logging_mixin.py:190} INFO - [2025-03-07T14:12:49.815+0100] {override.py:1901} INFO - Created Permission View: can read on DAG Run:example_branch_dop_operator_v3
[2025-03-07T14:12:49.820+0100] {logging_mixin.py:190} INFO - [2025-03-07T14:12:49.820+0100] {override.py:1901} INFO - Created Permission View: can create on DAG Run:example_branch_dop_operator_v3
[2025-03-07T14:12:49.824+0100] {logging_mixin.py:190} INFO - [2025-03-07T14:12:49.824+0100] {override.py:1901} INFO - Created Permission View: menu access on DAG Run:example_branch_dop_operator_v3
[2025-03-07T14:12:49.825+0100] {logging_mixin.py:190} INFO - [2025-03-07T14:12:49.824+0100] {dag.py:3239} INFO - Sync 1 DAGs
[2025-03-07T14:12:49.834+0100] {logging_mixin.py:190} INFO - [2025-03-07T14:12:49.833+0100] {dag.py:3262} INFO - Creating ORM DAG for example_branch_dop_operator_v3
[2025-03-07T14:12:49.842+0100] {logging_mixin.py:190} INFO - [2025-03-07T14:12:49.841+0100] {dag.py:4180} INFO - Setting next_dagrun for example_branch_dop_operator_v3 to 2025-03-07T13:11:00+00:00, run_after=2025-03-07T13:12:00+00:00
[2025-03-07T14:12:49.852+0100] {processor.py:208} INFO - Processing /usr/local/anaconda3/envs/airflow_env/lib/python3.8/site-packages/airflow/example_dags/example_branch_python_dop_operator_3.py took 0.219 seconds
[2025-03-07T14:17:53.432+0100] {processor.py:186} INFO - Started process (PID=3400) to work on /usr/local/anaconda3/envs/airflow_env/lib/python3.8/site-packages/airflow/example_dags/example_branch_python_dop_operator_3.py
[2025-03-07T14:17:53.435+0100] {processor.py:914} INFO - Processing file /usr/local/anaconda3/envs/airflow_env/lib/python3.8/site-packages/airflow/example_dags/example_branch_python_dop_operator_3.py for tasks to queue
[2025-03-07T14:17:53.436+0100] {logging_mixin.py:190} INFO - [2025-03-07T14:17:53.436+0100] {dagbag.py:588} INFO - Filling up the DagBag from /usr/local/anaconda3/envs/airflow_env/lib/python3.8/site-packages/airflow/example_dags/example_branch_python_dop_operator_3.py
[2025-03-07T14:17:53.461+0100] {processor.py:925} INFO - DAG(s) 'example_branch_dop_operator_v3' retrieved from /usr/local/anaconda3/envs/airflow_env/lib/python3.8/site-packages/airflow/example_dags/example_branch_python_dop_operator_3.py
[2025-03-07T14:17:53.530+0100] {logging_mixin.py:190} INFO - [2025-03-07T14:17:53.529+0100] {dag.py:3239} INFO - Sync 1 DAGs
[2025-03-07T14:17:53.543+0100] {logging_mixin.py:190} INFO - [2025-03-07T14:17:53.543+0100] {dag.py:4180} INFO - Setting next_dagrun for example_branch_dop_operator_v3 to 2025-03-07T13:16:00+00:00, run_after=2025-03-07T13:17:00+00:00
[2025-03-07T14:17:53.555+0100] {processor.py:208} INFO - Processing /usr/local/anaconda3/envs/airflow_env/lib/python3.8/site-packages/airflow/example_dags/example_branch_python_dop_operator_3.py took 0.127 seconds
[2025-03-07T14:22:26.778+0100] {processor.py:186} INFO - Started process (PID=3905) to work on /usr/local/anaconda3/envs/airflow_env/lib/python3.8/site-packages/airflow/example_dags/example_branch_python_dop_operator_3.py
[2025-03-07T14:22:26.781+0100] {processor.py:914} INFO - Processing file /usr/local/anaconda3/envs/airflow_env/lib/python3.8/site-packages/airflow/example_dags/example_branch_python_dop_operator_3.py for tasks to queue
[2025-03-07T14:22:26.782+0100] {logging_mixin.py:190} INFO - [2025-03-07T14:22:26.781+0100] {dagbag.py:588} INFO - Filling up the DagBag from /usr/local/anaconda3/envs/airflow_env/lib/python3.8/site-packages/airflow/example_dags/example_branch_python_dop_operator_3.py
[2025-03-07T14:22:26.808+0100] {processor.py:925} INFO - DAG(s) 'example_branch_dop_operator_v3' retrieved from /usr/local/anaconda3/envs/airflow_env/lib/python3.8/site-packages/airflow/example_dags/example_branch_python_dop_operator_3.py
[2025-03-07T14:22:26.882+0100] {logging_mixin.py:190} INFO - [2025-03-07T14:22:26.881+0100] {dag.py:3239} INFO - Sync 1 DAGs
[2025-03-07T14:22:26.896+0100] {logging_mixin.py:190} INFO - [2025-03-07T14:22:26.895+0100] {dag.py:4180} INFO - Setting next_dagrun for example_branch_dop_operator_v3 to 2025-03-07T13:21:00+00:00, run_after=2025-03-07T13:22:00+00:00
[2025-03-07T14:22:26.908+0100] {processor.py:208} INFO - Processing /usr/local/anaconda3/envs/airflow_env/lib/python3.8/site-packages/airflow/example_dags/example_branch_python_dop_operator_3.py took 0.134 seconds
[2025-03-07T14:45:40.287+0100] {processor.py:186} INFO - Started process (PID=5037) to work on /usr/local/anaconda3/envs/airflow_env/lib/python3.8/site-packages/airflow/example_dags/example_branch_python_dop_operator_3.py
[2025-03-07T14:45:40.290+0100] {processor.py:914} INFO - Processing file /usr/local/anaconda3/envs/airflow_env/lib/python3.8/site-packages/airflow/example_dags/example_branch_python_dop_operator_3.py for tasks to queue
[2025-03-07T14:45:40.291+0100] {logging_mixin.py:190} INFO - [2025-03-07T14:45:40.291+0100] {dagbag.py:588} INFO - Filling up the DagBag from /usr/local/anaconda3/envs/airflow_env/lib/python3.8/site-packages/airflow/example_dags/example_branch_python_dop_operator_3.py
[2025-03-07T14:45:40.319+0100] {processor.py:925} INFO - DAG(s) 'example_branch_dop_operator_v3' retrieved from /usr/local/anaconda3/envs/airflow_env/lib/python3.8/site-packages/airflow/example_dags/example_branch_python_dop_operator_3.py
[2025-03-07T14:45:40.390+0100] {logging_mixin.py:190} INFO - [2025-03-07T14:45:40.390+0100] {dag.py:3239} INFO - Sync 1 DAGs
[2025-03-07T14:45:40.405+0100] {logging_mixin.py:190} INFO - [2025-03-07T14:45:40.405+0100] {dag.py:4180} INFO - Setting next_dagrun for example_branch_dop_operator_v3 to 2025-03-07T13:44:00+00:00, run_after=2025-03-07T13:45:00+00:00
[2025-03-07T14:45:40.417+0100] {processor.py:208} INFO - Processing /usr/local/anaconda3/envs/airflow_env/lib/python3.8/site-packages/airflow/example_dags/example_branch_python_dop_operator_3.py took 0.133 seconds
[2025-03-07T14:55:04.043+0100] {processor.py:186} INFO - Started process (PID=6186) to work on /usr/local/anaconda3/envs/airflow_env/lib/python3.8/site-packages/airflow/example_dags/example_branch_python_dop_operator_3.py
[2025-03-07T14:55:04.046+0100] {processor.py:914} INFO - Processing file /usr/local/anaconda3/envs/airflow_env/lib/python3.8/site-packages/airflow/example_dags/example_branch_python_dop_operator_3.py for tasks to queue
[2025-03-07T14:55:04.047+0100] {logging_mixin.py:190} INFO - [2025-03-07T14:55:04.047+0100] {dagbag.py:588} INFO - Filling up the DagBag from /usr/local/anaconda3/envs/airflow_env/lib/python3.8/site-packages/airflow/example_dags/example_branch_python_dop_operator_3.py
[2025-03-07T14:55:04.073+0100] {processor.py:925} INFO - DAG(s) 'example_branch_dop_operator_v3' retrieved from /usr/local/anaconda3/envs/airflow_env/lib/python3.8/site-packages/airflow/example_dags/example_branch_python_dop_operator_3.py
[2025-03-07T14:55:04.140+0100] {logging_mixin.py:190} INFO - [2025-03-07T14:55:04.140+0100] {dag.py:3239} INFO - Sync 1 DAGs
[2025-03-07T14:55:04.154+0100] {logging_mixin.py:190} INFO - [2025-03-07T14:55:04.154+0100] {dag.py:4180} INFO - Setting next_dagrun for example_branch_dop_operator_v3 to 2025-03-07T13:54:00+00:00, run_after=2025-03-07T13:55:00+00:00
[2025-03-07T14:55:04.166+0100] {processor.py:208} INFO - Processing /usr/local/anaconda3/envs/airflow_env/lib/python3.8/site-packages/airflow/example_dags/example_branch_python_dop_operator_3.py took 0.125 seconds
[2025-03-07T14:59:27.067+0100] {processor.py:186} INFO - Started process (PID=6737) to work on /usr/local/anaconda3/envs/airflow_env/lib/python3.8/site-packages/airflow/example_dags/example_branch_python_dop_operator_3.py
[2025-03-07T14:59:27.070+0100] {processor.py:914} INFO - Processing file /usr/local/anaconda3/envs/airflow_env/lib/python3.8/site-packages/airflow/example_dags/example_branch_python_dop_operator_3.py for tasks to queue
[2025-03-07T14:59:27.071+0100] {logging_mixin.py:190} INFO - [2025-03-07T14:59:27.071+0100] {dagbag.py:588} INFO - Filling up the DagBag from /usr/local/anaconda3/envs/airflow_env/lib/python3.8/site-packages/airflow/example_dags/example_branch_python_dop_operator_3.py
[2025-03-07T14:59:27.096+0100] {processor.py:925} INFO - DAG(s) 'example_branch_dop_operator_v3' retrieved from /usr/local/anaconda3/envs/airflow_env/lib/python3.8/site-packages/airflow/example_dags/example_branch_python_dop_operator_3.py
[2025-03-07T14:59:27.165+0100] {logging_mixin.py:190} INFO - [2025-03-07T14:59:27.165+0100] {dag.py:3239} INFO - Sync 1 DAGs
[2025-03-07T14:59:27.179+0100] {logging_mixin.py:190} INFO - [2025-03-07T14:59:27.179+0100] {dag.py:4180} INFO - Setting next_dagrun for example_branch_dop_operator_v3 to 2025-03-07T13:58:00+00:00, run_after=2025-03-07T13:59:00+00:00
[2025-03-07T14:59:27.191+0100] {processor.py:208} INFO - Processing /usr/local/anaconda3/envs/airflow_env/lib/python3.8/site-packages/airflow/example_dags/example_branch_python_dop_operator_3.py took 0.126 seconds
[2025-03-07T15:04:13.144+0100] {processor.py:186} INFO - Started process (PID=7219) to work on /usr/local/anaconda3/envs/airflow_env/lib/python3.8/site-packages/airflow/example_dags/example_branch_python_dop_operator_3.py
[2025-03-07T15:04:13.148+0100] {processor.py:914} INFO - Processing file /usr/local/anaconda3/envs/airflow_env/lib/python3.8/site-packages/airflow/example_dags/example_branch_python_dop_operator_3.py for tasks to queue
[2025-03-07T15:04:13.148+0100] {logging_mixin.py:190} INFO - [2025-03-07T15:04:13.148+0100] {dagbag.py:588} INFO - Filling up the DagBag from /usr/local/anaconda3/envs/airflow_env/lib/python3.8/site-packages/airflow/example_dags/example_branch_python_dop_operator_3.py
[2025-03-07T15:04:13.176+0100] {processor.py:925} INFO - DAG(s) 'example_branch_dop_operator_v3' retrieved from /usr/local/anaconda3/envs/airflow_env/lib/python3.8/site-packages/airflow/example_dags/example_branch_python_dop_operator_3.py
[2025-03-07T15:04:13.249+0100] {logging_mixin.py:190} INFO - [2025-03-07T15:04:13.249+0100] {dag.py:3239} INFO - Sync 1 DAGs
[2025-03-07T15:04:13.265+0100] {logging_mixin.py:190} INFO - [2025-03-07T15:04:13.265+0100] {dag.py:4180} INFO - Setting next_dagrun for example_branch_dop_operator_v3 to 2025-03-07T14:03:00+00:00, run_after=2025-03-07T14:04:00+00:00
[2025-03-07T15:04:13.280+0100] {processor.py:208} INFO - Processing /usr/local/anaconda3/envs/airflow_env/lib/python3.8/site-packages/airflow/example_dags/example_branch_python_dop_operator_3.py took 0.139 seconds
[2025-03-07T15:08:57.416+0100] {processor.py:186} INFO - Started process (PID=7730) to work on /usr/local/anaconda3/envs/airflow_env/lib/python3.8/site-packages/airflow/example_dags/example_branch_python_dop_operator_3.py
[2025-03-07T15:08:57.419+0100] {processor.py:914} INFO - Processing file /usr/local/anaconda3/envs/airflow_env/lib/python3.8/site-packages/airflow/example_dags/example_branch_python_dop_operator_3.py for tasks to queue
[2025-03-07T15:08:57.420+0100] {logging_mixin.py:190} INFO - [2025-03-07T15:08:57.420+0100] {dagbag.py:588} INFO - Filling up the DagBag from /usr/local/anaconda3/envs/airflow_env/lib/python3.8/site-packages/airflow/example_dags/example_branch_python_dop_operator_3.py
[2025-03-07T15:08:57.446+0100] {processor.py:925} INFO - DAG(s) 'example_branch_dop_operator_v3' retrieved from /usr/local/anaconda3/envs/airflow_env/lib/python3.8/site-packages/airflow/example_dags/example_branch_python_dop_operator_3.py
[2025-03-07T15:08:57.514+0100] {logging_mixin.py:190} INFO - [2025-03-07T15:08:57.514+0100] {dag.py:3239} INFO - Sync 1 DAGs
[2025-03-07T15:08:57.528+0100] {logging_mixin.py:190} INFO - [2025-03-07T15:08:57.528+0100] {dag.py:4180} INFO - Setting next_dagrun for example_branch_dop_operator_v3 to 2025-03-07T14:07:00+00:00, run_after=2025-03-07T14:08:00+00:00
[2025-03-07T15:08:57.540+0100] {processor.py:208} INFO - Processing /usr/local/anaconda3/envs/airflow_env/lib/python3.8/site-packages/airflow/example_dags/example_branch_python_dop_operator_3.py took 0.128 seconds
[2025-03-07T15:14:44.035+0100] {processor.py:186} INFO - Started process (PID=8412) to work on /usr/local/anaconda3/envs/airflow_env/lib/python3.8/site-packages/airflow/example_dags/example_branch_python_dop_operator_3.py
[2025-03-07T15:14:44.038+0100] {processor.py:914} INFO - Processing file /usr/local/anaconda3/envs/airflow_env/lib/python3.8/site-packages/airflow/example_dags/example_branch_python_dop_operator_3.py for tasks to queue
[2025-03-07T15:14:44.039+0100] {logging_mixin.py:190} INFO - [2025-03-07T15:14:44.038+0100] {dagbag.py:588} INFO - Filling up the DagBag from /usr/local/anaconda3/envs/airflow_env/lib/python3.8/site-packages/airflow/example_dags/example_branch_python_dop_operator_3.py
[2025-03-07T15:14:44.064+0100] {processor.py:925} INFO - DAG(s) 'example_branch_dop_operator_v3' retrieved from /usr/local/anaconda3/envs/airflow_env/lib/python3.8/site-packages/airflow/example_dags/example_branch_python_dop_operator_3.py
[2025-03-07T15:14:44.138+0100] {logging_mixin.py:190} INFO - [2025-03-07T15:14:44.137+0100] {dag.py:3239} INFO - Sync 1 DAGs
[2025-03-07T15:14:44.154+0100] {logging_mixin.py:190} INFO - [2025-03-07T15:14:44.154+0100] {dag.py:4180} INFO - Setting next_dagrun for example_branch_dop_operator_v3 to 2025-03-07T14:13:00+00:00, run_after=2025-03-07T14:14:00+00:00
[2025-03-07T15:14:44.167+0100] {processor.py:208} INFO - Processing /usr/local/anaconda3/envs/airflow_env/lib/python3.8/site-packages/airflow/example_dags/example_branch_python_dop_operator_3.py took 0.135 seconds
