[2025-03-07T14:12:33.691+0100] {processor.py:186} INFO - Started process (PID=2844) to work on /usr/local/anaconda3/envs/airflow_env/lib/python3.8/site-packages/airflow/example_dags/example_datasets.py
[2025-03-07T14:12:33.694+0100] {processor.py:914} INFO - Processing file /usr/local/anaconda3/envs/airflow_env/lib/python3.8/site-packages/airflow/example_dags/example_datasets.py for tasks to queue
[2025-03-07T14:12:33.695+0100] {logging_mixin.py:190} INFO - [2025-03-07T14:12:33.695+0100] {dagbag.py:588} INFO - Filling up the DagBag from /usr/local/anaconda3/envs/airflow_env/lib/python3.8/site-packages/airflow/example_dags/example_datasets.py
[2025-03-07T14:12:33.740+0100] {processor.py:925} INFO - DAG(s) 'dataset_consumes_1_never_scheduled', 'consume_1_or_both_2_and_3_with_dataset_expressions', 'dataset_consumes_1', 'dataset_consumes_1_and_2', 'consume_1_and_2_with_dataset_expressions', 'dataset_produces_2', 'consume_1_or_2_with_dataset_expressions', 'dataset_consumes_unknown_never_scheduled', 'dataset_produces_1', 'conditional_dataset_and_time_based_timetable' retrieved from /usr/local/anaconda3/envs/airflow_env/lib/python3.8/site-packages/airflow/example_dags/example_datasets.py
[2025-03-07T14:12:33.861+0100] {logging_mixin.py:190} INFO - [2025-03-07T14:12:33.861+0100] {override.py:1901} INFO - Created Permission View: can delete on DAG:dataset_consumes_1_never_scheduled
[2025-03-07T14:12:33.867+0100] {logging_mixin.py:190} INFO - [2025-03-07T14:12:33.867+0100] {override.py:1901} INFO - Created Permission View: can edit on DAG:dataset_consumes_1_never_scheduled
[2025-03-07T14:12:33.871+0100] {logging_mixin.py:190} INFO - [2025-03-07T14:12:33.871+0100] {override.py:1901} INFO - Created Permission View: can read on DAG:dataset_consumes_1_never_scheduled
[2025-03-07T14:12:33.876+0100] {logging_mixin.py:190} INFO - [2025-03-07T14:12:33.876+0100] {override.py:1901} INFO - Created Permission View: can create on DAG Run:dataset_consumes_1_never_scheduled
[2025-03-07T14:12:33.880+0100] {logging_mixin.py:190} INFO - [2025-03-07T14:12:33.880+0100] {override.py:1901} INFO - Created Permission View: menu access on DAG Run:dataset_consumes_1_never_scheduled
[2025-03-07T14:12:33.884+0100] {logging_mixin.py:190} INFO - [2025-03-07T14:12:33.884+0100] {override.py:1901} INFO - Created Permission View: can delete on DAG Run:dataset_consumes_1_never_scheduled
[2025-03-07T14:12:33.888+0100] {logging_mixin.py:190} INFO - [2025-03-07T14:12:33.887+0100] {override.py:1901} INFO - Created Permission View: can read on DAG Run:dataset_consumes_1_never_scheduled
[2025-03-07T14:12:33.896+0100] {logging_mixin.py:190} INFO - [2025-03-07T14:12:33.895+0100] {override.py:1901} INFO - Created Permission View: can delete on DAG:consume_1_or_both_2_and_3_with_dataset_expressions
[2025-03-07T14:12:33.899+0100] {logging_mixin.py:190} INFO - [2025-03-07T14:12:33.899+0100] {override.py:1901} INFO - Created Permission View: can edit on DAG:consume_1_or_both_2_and_3_with_dataset_expressions
[2025-03-07T14:12:33.903+0100] {logging_mixin.py:190} INFO - [2025-03-07T14:12:33.903+0100] {override.py:1901} INFO - Created Permission View: can read on DAG:consume_1_or_both_2_and_3_with_dataset_expressions
[2025-03-07T14:12:33.908+0100] {logging_mixin.py:190} INFO - [2025-03-07T14:12:33.908+0100] {override.py:1901} INFO - Created Permission View: can create on DAG Run:consume_1_or_both_2_and_3_with_dataset_expressions
[2025-03-07T14:12:33.912+0100] {logging_mixin.py:190} INFO - [2025-03-07T14:12:33.912+0100] {override.py:1901} INFO - Created Permission View: menu access on DAG Run:consume_1_or_both_2_and_3_with_dataset_expressions
[2025-03-07T14:12:33.916+0100] {logging_mixin.py:190} INFO - [2025-03-07T14:12:33.916+0100] {override.py:1901} INFO - Created Permission View: can delete on DAG Run:consume_1_or_both_2_and_3_with_dataset_expressions
[2025-03-07T14:12:33.920+0100] {logging_mixin.py:190} INFO - [2025-03-07T14:12:33.919+0100] {override.py:1901} INFO - Created Permission View: can read on DAG Run:consume_1_or_both_2_and_3_with_dataset_expressions
[2025-03-07T14:12:33.927+0100] {logging_mixin.py:190} INFO - [2025-03-07T14:12:33.927+0100] {override.py:1901} INFO - Created Permission View: can delete on DAG:dataset_consumes_1
[2025-03-07T14:12:33.931+0100] {logging_mixin.py:190} INFO - [2025-03-07T14:12:33.931+0100] {override.py:1901} INFO - Created Permission View: can edit on DAG:dataset_consumes_1
[2025-03-07T14:12:33.935+0100] {logging_mixin.py:190} INFO - [2025-03-07T14:12:33.934+0100] {override.py:1901} INFO - Created Permission View: can read on DAG:dataset_consumes_1
[2025-03-07T14:12:33.939+0100] {logging_mixin.py:190} INFO - [2025-03-07T14:12:33.939+0100] {override.py:1901} INFO - Created Permission View: can create on DAG Run:dataset_consumes_1
[2025-03-07T14:12:33.943+0100] {logging_mixin.py:190} INFO - [2025-03-07T14:12:33.943+0100] {override.py:1901} INFO - Created Permission View: menu access on DAG Run:dataset_consumes_1
[2025-03-07T14:12:33.947+0100] {logging_mixin.py:190} INFO - [2025-03-07T14:12:33.947+0100] {override.py:1901} INFO - Created Permission View: can delete on DAG Run:dataset_consumes_1
[2025-03-07T14:12:33.951+0100] {logging_mixin.py:190} INFO - [2025-03-07T14:12:33.951+0100] {override.py:1901} INFO - Created Permission View: can read on DAG Run:dataset_consumes_1
[2025-03-07T14:12:33.958+0100] {logging_mixin.py:190} INFO - [2025-03-07T14:12:33.958+0100] {override.py:1901} INFO - Created Permission View: can delete on DAG:dataset_consumes_1_and_2
[2025-03-07T14:12:33.962+0100] {logging_mixin.py:190} INFO - [2025-03-07T14:12:33.962+0100] {override.py:1901} INFO - Created Permission View: can edit on DAG:dataset_consumes_1_and_2
[2025-03-07T14:12:33.966+0100] {logging_mixin.py:190} INFO - [2025-03-07T14:12:33.966+0100] {override.py:1901} INFO - Created Permission View: can read on DAG:dataset_consumes_1_and_2
[2025-03-07T14:12:33.971+0100] {logging_mixin.py:190} INFO - [2025-03-07T14:12:33.971+0100] {override.py:1901} INFO - Created Permission View: can create on DAG Run:dataset_consumes_1_and_2
[2025-03-07T14:12:33.975+0100] {logging_mixin.py:190} INFO - [2025-03-07T14:12:33.975+0100] {override.py:1901} INFO - Created Permission View: menu access on DAG Run:dataset_consumes_1_and_2
[2025-03-07T14:12:33.979+0100] {logging_mixin.py:190} INFO - [2025-03-07T14:12:33.979+0100] {override.py:1901} INFO - Created Permission View: can delete on DAG Run:dataset_consumes_1_and_2
[2025-03-07T14:12:33.984+0100] {logging_mixin.py:190} INFO - [2025-03-07T14:12:33.984+0100] {override.py:1901} INFO - Created Permission View: can read on DAG Run:dataset_consumes_1_and_2
[2025-03-07T14:12:33.993+0100] {logging_mixin.py:190} INFO - [2025-03-07T14:12:33.992+0100] {override.py:1901} INFO - Created Permission View: can delete on DAG:consume_1_and_2_with_dataset_expressions
[2025-03-07T14:12:33.997+0100] {logging_mixin.py:190} INFO - [2025-03-07T14:12:33.996+0100] {override.py:1901} INFO - Created Permission View: can edit on DAG:consume_1_and_2_with_dataset_expressions
[2025-03-07T14:12:34.001+0100] {logging_mixin.py:190} INFO - [2025-03-07T14:12:34.000+0100] {override.py:1901} INFO - Created Permission View: can read on DAG:consume_1_and_2_with_dataset_expressions
[2025-03-07T14:12:34.006+0100] {logging_mixin.py:190} INFO - [2025-03-07T14:12:34.005+0100] {override.py:1901} INFO - Created Permission View: can create on DAG Run:consume_1_and_2_with_dataset_expressions
[2025-03-07T14:12:34.010+0100] {logging_mixin.py:190} INFO - [2025-03-07T14:12:34.009+0100] {override.py:1901} INFO - Created Permission View: menu access on DAG Run:consume_1_and_2_with_dataset_expressions
[2025-03-07T14:12:34.013+0100] {logging_mixin.py:190} INFO - [2025-03-07T14:12:34.013+0100] {override.py:1901} INFO - Created Permission View: can delete on DAG Run:consume_1_and_2_with_dataset_expressions
[2025-03-07T14:12:34.017+0100] {logging_mixin.py:190} INFO - [2025-03-07T14:12:34.017+0100] {override.py:1901} INFO - Created Permission View: can read on DAG Run:consume_1_and_2_with_dataset_expressions
[2025-03-07T14:12:34.025+0100] {logging_mixin.py:190} INFO - [2025-03-07T14:12:34.025+0100] {override.py:1901} INFO - Created Permission View: can delete on DAG:dataset_produces_2
[2025-03-07T14:12:34.029+0100] {logging_mixin.py:190} INFO - [2025-03-07T14:12:34.029+0100] {override.py:1901} INFO - Created Permission View: can edit on DAG:dataset_produces_2
[2025-03-07T14:12:34.032+0100] {logging_mixin.py:190} INFO - [2025-03-07T14:12:34.032+0100] {override.py:1901} INFO - Created Permission View: can read on DAG:dataset_produces_2
[2025-03-07T14:12:34.037+0100] {logging_mixin.py:190} INFO - [2025-03-07T14:12:34.037+0100] {override.py:1901} INFO - Created Permission View: can create on DAG Run:dataset_produces_2
[2025-03-07T14:12:34.041+0100] {logging_mixin.py:190} INFO - [2025-03-07T14:12:34.041+0100] {override.py:1901} INFO - Created Permission View: menu access on DAG Run:dataset_produces_2
[2025-03-07T14:12:34.045+0100] {logging_mixin.py:190} INFO - [2025-03-07T14:12:34.045+0100] {override.py:1901} INFO - Created Permission View: can delete on DAG Run:dataset_produces_2
[2025-03-07T14:12:34.049+0100] {logging_mixin.py:190} INFO - [2025-03-07T14:12:34.049+0100] {override.py:1901} INFO - Created Permission View: can read on DAG Run:dataset_produces_2
[2025-03-07T14:12:34.056+0100] {logging_mixin.py:190} INFO - [2025-03-07T14:12:34.056+0100] {override.py:1901} INFO - Created Permission View: can delete on DAG:consume_1_or_2_with_dataset_expressions
[2025-03-07T14:12:34.060+0100] {logging_mixin.py:190} INFO - [2025-03-07T14:12:34.060+0100] {override.py:1901} INFO - Created Permission View: can edit on DAG:consume_1_or_2_with_dataset_expressions
[2025-03-07T14:12:34.064+0100] {logging_mixin.py:190} INFO - [2025-03-07T14:12:34.064+0100] {override.py:1901} INFO - Created Permission View: can read on DAG:consume_1_or_2_with_dataset_expressions
[2025-03-07T14:12:34.069+0100] {logging_mixin.py:190} INFO - [2025-03-07T14:12:34.069+0100] {override.py:1901} INFO - Created Permission View: can create on DAG Run:consume_1_or_2_with_dataset_expressions
[2025-03-07T14:12:34.073+0100] {logging_mixin.py:190} INFO - [2025-03-07T14:12:34.073+0100] {override.py:1901} INFO - Created Permission View: menu access on DAG Run:consume_1_or_2_with_dataset_expressions
[2025-03-07T14:12:34.077+0100] {logging_mixin.py:190} INFO - [2025-03-07T14:12:34.076+0100] {override.py:1901} INFO - Created Permission View: can delete on DAG Run:consume_1_or_2_with_dataset_expressions
[2025-03-07T14:12:34.080+0100] {logging_mixin.py:190} INFO - [2025-03-07T14:12:34.080+0100] {override.py:1901} INFO - Created Permission View: can read on DAG Run:consume_1_or_2_with_dataset_expressions
[2025-03-07T14:12:34.088+0100] {logging_mixin.py:190} INFO - [2025-03-07T14:12:34.087+0100] {override.py:1901} INFO - Created Permission View: can delete on DAG:dataset_consumes_unknown_never_scheduled
[2025-03-07T14:12:34.091+0100] {logging_mixin.py:190} INFO - [2025-03-07T14:12:34.091+0100] {override.py:1901} INFO - Created Permission View: can edit on DAG:dataset_consumes_unknown_never_scheduled
[2025-03-07T14:12:34.095+0100] {logging_mixin.py:190} INFO - [2025-03-07T14:12:34.095+0100] {override.py:1901} INFO - Created Permission View: can read on DAG:dataset_consumes_unknown_never_scheduled
[2025-03-07T14:12:34.100+0100] {logging_mixin.py:190} INFO - [2025-03-07T14:12:34.100+0100] {override.py:1901} INFO - Created Permission View: can create on DAG Run:dataset_consumes_unknown_never_scheduled
[2025-03-07T14:12:34.104+0100] {logging_mixin.py:190} INFO - [2025-03-07T14:12:34.104+0100] {override.py:1901} INFO - Created Permission View: menu access on DAG Run:dataset_consumes_unknown_never_scheduled
[2025-03-07T14:12:34.107+0100] {logging_mixin.py:190} INFO - [2025-03-07T14:12:34.107+0100] {override.py:1901} INFO - Created Permission View: can delete on DAG Run:dataset_consumes_unknown_never_scheduled
[2025-03-07T14:12:34.111+0100] {logging_mixin.py:190} INFO - [2025-03-07T14:12:34.111+0100] {override.py:1901} INFO - Created Permission View: can read on DAG Run:dataset_consumes_unknown_never_scheduled
[2025-03-07T14:12:34.119+0100] {logging_mixin.py:190} INFO - [2025-03-07T14:12:34.118+0100] {override.py:1901} INFO - Created Permission View: can delete on DAG:dataset_produces_1
[2025-03-07T14:12:34.122+0100] {logging_mixin.py:190} INFO - [2025-03-07T14:12:34.122+0100] {override.py:1901} INFO - Created Permission View: can edit on DAG:dataset_produces_1
[2025-03-07T14:12:34.126+0100] {logging_mixin.py:190} INFO - [2025-03-07T14:12:34.126+0100] {override.py:1901} INFO - Created Permission View: can read on DAG:dataset_produces_1
[2025-03-07T14:12:34.131+0100] {logging_mixin.py:190} INFO - [2025-03-07T14:12:34.131+0100] {override.py:1901} INFO - Created Permission View: can create on DAG Run:dataset_produces_1
[2025-03-07T14:12:34.135+0100] {logging_mixin.py:190} INFO - [2025-03-07T14:12:34.135+0100] {override.py:1901} INFO - Created Permission View: menu access on DAG Run:dataset_produces_1
[2025-03-07T14:12:34.139+0100] {logging_mixin.py:190} INFO - [2025-03-07T14:12:34.138+0100] {override.py:1901} INFO - Created Permission View: can delete on DAG Run:dataset_produces_1
[2025-03-07T14:12:34.142+0100] {logging_mixin.py:190} INFO - [2025-03-07T14:12:34.142+0100] {override.py:1901} INFO - Created Permission View: can read on DAG Run:dataset_produces_1
[2025-03-07T14:12:34.150+0100] {logging_mixin.py:190} INFO - [2025-03-07T14:12:34.150+0100] {override.py:1901} INFO - Created Permission View: can delete on DAG:conditional_dataset_and_time_based_timetable
[2025-03-07T14:12:34.154+0100] {logging_mixin.py:190} INFO - [2025-03-07T14:12:34.154+0100] {override.py:1901} INFO - Created Permission View: can edit on DAG:conditional_dataset_and_time_based_timetable
[2025-03-07T14:12:34.158+0100] {logging_mixin.py:190} INFO - [2025-03-07T14:12:34.157+0100] {override.py:1901} INFO - Created Permission View: can read on DAG:conditional_dataset_and_time_based_timetable
[2025-03-07T14:12:34.162+0100] {logging_mixin.py:190} INFO - [2025-03-07T14:12:34.162+0100] {override.py:1901} INFO - Created Permission View: can create on DAG Run:conditional_dataset_and_time_based_timetable
[2025-03-07T14:12:34.166+0100] {logging_mixin.py:190} INFO - [2025-03-07T14:12:34.166+0100] {override.py:1901} INFO - Created Permission View: menu access on DAG Run:conditional_dataset_and_time_based_timetable
[2025-03-07T14:12:34.170+0100] {logging_mixin.py:190} INFO - [2025-03-07T14:12:34.170+0100] {override.py:1901} INFO - Created Permission View: can delete on DAG Run:conditional_dataset_and_time_based_timetable
[2025-03-07T14:12:34.173+0100] {logging_mixin.py:190} INFO - [2025-03-07T14:12:34.173+0100] {override.py:1901} INFO - Created Permission View: can read on DAG Run:conditional_dataset_and_time_based_timetable
[2025-03-07T14:12:34.174+0100] {logging_mixin.py:190} INFO - [2025-03-07T14:12:34.174+0100] {dag.py:3239} INFO - Sync 10 DAGs
[2025-03-07T14:12:34.182+0100] {logging_mixin.py:190} INFO - [2025-03-07T14:12:34.182+0100] {dag.py:3262} INFO - Creating ORM DAG for consume_1_and_2_with_dataset_expressions
[2025-03-07T14:12:34.183+0100] {logging_mixin.py:190} INFO - [2025-03-07T14:12:34.183+0100] {dag.py:3262} INFO - Creating ORM DAG for dataset_consumes_1
[2025-03-07T14:12:34.183+0100] {logging_mixin.py:190} INFO - [2025-03-07T14:12:34.183+0100] {dag.py:3262} INFO - Creating ORM DAG for conditional_dataset_and_time_based_timetable
[2025-03-07T14:12:34.183+0100] {logging_mixin.py:190} INFO - [2025-03-07T14:12:34.183+0100] {dag.py:3262} INFO - Creating ORM DAG for dataset_consumes_1_never_scheduled
[2025-03-07T14:12:34.184+0100] {logging_mixin.py:190} INFO - [2025-03-07T14:12:34.184+0100] {dag.py:3262} INFO - Creating ORM DAG for dataset_produces_1
[2025-03-07T14:12:34.184+0100] {logging_mixin.py:190} INFO - [2025-03-07T14:12:34.184+0100] {dag.py:3262} INFO - Creating ORM DAG for dataset_produces_2
[2025-03-07T14:12:34.184+0100] {logging_mixin.py:190} INFO - [2025-03-07T14:12:34.184+0100] {dag.py:3262} INFO - Creating ORM DAG for consume_1_or_2_with_dataset_expressions
[2025-03-07T14:12:34.185+0100] {logging_mixin.py:190} INFO - [2025-03-07T14:12:34.184+0100] {dag.py:3262} INFO - Creating ORM DAG for consume_1_or_both_2_and_3_with_dataset_expressions
[2025-03-07T14:12:34.185+0100] {logging_mixin.py:190} INFO - [2025-03-07T14:12:34.185+0100] {dag.py:3262} INFO - Creating ORM DAG for dataset_consumes_unknown_never_scheduled
[2025-03-07T14:12:34.185+0100] {logging_mixin.py:190} INFO - [2025-03-07T14:12:34.185+0100] {dag.py:3262} INFO - Creating ORM DAG for dataset_consumes_1_and_2
[2025-03-07T14:12:34.191+0100] {logging_mixin.py:190} INFO - [2025-03-07T14:12:34.190+0100] {dag.py:4180} INFO - Setting next_dagrun for conditional_dataset_and_time_based_timetable to 2025-03-05T01:00:00+00:00, run_after=2025-03-05T01:00:00+00:00
[2025-03-07T14:12:34.191+0100] {logging_mixin.py:190} INFO - [2025-03-07T14:12:34.191+0100] {dag.py:4180} INFO - Setting next_dagrun for consume_1_and_2_with_dataset_expressions to None, run_after=None
[2025-03-07T14:12:34.191+0100] {logging_mixin.py:190} INFO - [2025-03-07T14:12:34.191+0100] {dag.py:4180} INFO - Setting next_dagrun for consume_1_or_2_with_dataset_expressions to None, run_after=None
[2025-03-07T14:12:34.191+0100] {logging_mixin.py:190} INFO - [2025-03-07T14:12:34.191+0100] {dag.py:4180} INFO - Setting next_dagrun for consume_1_or_both_2_and_3_with_dataset_expressions to None, run_after=None
[2025-03-07T14:12:34.192+0100] {logging_mixin.py:190} INFO - [2025-03-07T14:12:34.192+0100] {dag.py:4180} INFO - Setting next_dagrun for dataset_consumes_1 to None, run_after=None
[2025-03-07T14:12:34.192+0100] {logging_mixin.py:190} INFO - [2025-03-07T14:12:34.192+0100] {dag.py:4180} INFO - Setting next_dagrun for dataset_consumes_1_and_2 to None, run_after=None
[2025-03-07T14:12:34.192+0100] {logging_mixin.py:190} INFO - [2025-03-07T14:12:34.192+0100] {dag.py:4180} INFO - Setting next_dagrun for dataset_consumes_1_never_scheduled to None, run_after=None
[2025-03-07T14:12:34.193+0100] {logging_mixin.py:190} INFO - [2025-03-07T14:12:34.193+0100] {dag.py:4180} INFO - Setting next_dagrun for dataset_consumes_unknown_never_scheduled to None, run_after=None
[2025-03-07T14:12:34.194+0100] {logging_mixin.py:190} INFO - [2025-03-07T14:12:34.194+0100] {dag.py:4180} INFO - Setting next_dagrun for dataset_produces_1 to 2025-03-06T00:00:00+00:00, run_after=2025-03-07T00:00:00+00:00
[2025-03-07T14:12:34.194+0100] {logging_mixin.py:190} INFO - [2025-03-07T14:12:34.194+0100] {dag.py:4180} INFO - Setting next_dagrun for dataset_produces_2 to None, run_after=None
[2025-03-07T14:12:34.732+0100] {processor.py:208} INFO - Processing /usr/local/anaconda3/envs/airflow_env/lib/python3.8/site-packages/airflow/example_dags/example_datasets.py took 1.044 seconds
[2025-03-07T14:15:56.665+0100] {processor.py:186} INFO - Started process (PID=3158) to work on /usr/local/anaconda3/envs/airflow_env/lib/python3.8/site-packages/airflow/example_dags/example_datasets.py
[2025-03-07T14:15:56.668+0100] {processor.py:914} INFO - Processing file /usr/local/anaconda3/envs/airflow_env/lib/python3.8/site-packages/airflow/example_dags/example_datasets.py for tasks to queue
[2025-03-07T14:15:56.669+0100] {logging_mixin.py:190} INFO - [2025-03-07T14:15:56.668+0100] {dagbag.py:588} INFO - Filling up the DagBag from /usr/local/anaconda3/envs/airflow_env/lib/python3.8/site-packages/airflow/example_dags/example_datasets.py
[2025-03-07T14:15:56.711+0100] {processor.py:925} INFO - DAG(s) 'consume_1_or_2_with_dataset_expressions', 'dataset_consumes_1', 'dataset_consumes_1_never_scheduled', 'consume_1_and_2_with_dataset_expressions', 'conditional_dataset_and_time_based_timetable', 'consume_1_or_both_2_and_3_with_dataset_expressions', 'dataset_produces_2', 'dataset_produces_1', 'dataset_consumes_unknown_never_scheduled', 'dataset_consumes_1_and_2' retrieved from /usr/local/anaconda3/envs/airflow_env/lib/python3.8/site-packages/airflow/example_dags/example_datasets.py
[2025-03-07T14:15:56.796+0100] {logging_mixin.py:190} INFO - [2025-03-07T14:15:56.796+0100] {dag.py:3239} INFO - Sync 10 DAGs
[2025-03-07T14:15:56.809+0100] {logging_mixin.py:190} INFO - [2025-03-07T14:15:56.809+0100] {dag.py:4180} INFO - Setting next_dagrun for conditional_dataset_and_time_based_timetable to 2025-03-05T01:00:00+00:00, run_after=2025-03-05T01:00:00+00:00
[2025-03-07T14:15:56.812+0100] {logging_mixin.py:190} INFO - [2025-03-07T14:15:56.812+0100] {dag.py:4180} INFO - Setting next_dagrun for consume_1_and_2_with_dataset_expressions to None, run_after=None
[2025-03-07T14:15:56.812+0100] {logging_mixin.py:190} INFO - [2025-03-07T14:15:56.812+0100] {dag.py:4180} INFO - Setting next_dagrun for consume_1_or_2_with_dataset_expressions to None, run_after=None
[2025-03-07T14:15:56.813+0100] {logging_mixin.py:190} INFO - [2025-03-07T14:15:56.813+0100] {dag.py:4180} INFO - Setting next_dagrun for consume_1_or_both_2_and_3_with_dataset_expressions to None, run_after=None
[2025-03-07T14:15:56.814+0100] {logging_mixin.py:190} INFO - [2025-03-07T14:15:56.813+0100] {dag.py:4180} INFO - Setting next_dagrun for dataset_consumes_1 to None, run_after=None
[2025-03-07T14:15:56.814+0100] {logging_mixin.py:190} INFO - [2025-03-07T14:15:56.814+0100] {dag.py:4180} INFO - Setting next_dagrun for dataset_consumes_1_and_2 to None, run_after=None
[2025-03-07T14:15:56.815+0100] {logging_mixin.py:190} INFO - [2025-03-07T14:15:56.815+0100] {dag.py:4180} INFO - Setting next_dagrun for dataset_consumes_1_never_scheduled to None, run_after=None
[2025-03-07T14:15:56.815+0100] {logging_mixin.py:190} INFO - [2025-03-07T14:15:56.815+0100] {dag.py:4180} INFO - Setting next_dagrun for dataset_consumes_unknown_never_scheduled to None, run_after=None
[2025-03-07T14:15:56.817+0100] {logging_mixin.py:190} INFO - [2025-03-07T14:15:56.817+0100] {dag.py:4180} INFO - Setting next_dagrun for dataset_produces_1 to 2025-03-06T00:00:00+00:00, run_after=2025-03-07T00:00:00+00:00
[2025-03-07T14:15:56.818+0100] {logging_mixin.py:190} INFO - [2025-03-07T14:15:56.817+0100] {dag.py:4180} INFO - Setting next_dagrun for dataset_produces_2 to None, run_after=None
[2025-03-07T14:15:56.837+0100] {processor.py:208} INFO - Processing /usr/local/anaconda3/envs/airflow_env/lib/python3.8/site-packages/airflow/example_dags/example_datasets.py took 0.175 seconds
[2025-03-07T14:20:26.835+0100] {processor.py:186} INFO - Started process (PID=3724) to work on /usr/local/anaconda3/envs/airflow_env/lib/python3.8/site-packages/airflow/example_dags/example_datasets.py
[2025-03-07T14:20:26.838+0100] {processor.py:914} INFO - Processing file /usr/local/anaconda3/envs/airflow_env/lib/python3.8/site-packages/airflow/example_dags/example_datasets.py for tasks to queue
[2025-03-07T14:20:26.839+0100] {logging_mixin.py:190} INFO - [2025-03-07T14:20:26.839+0100] {dagbag.py:588} INFO - Filling up the DagBag from /usr/local/anaconda3/envs/airflow_env/lib/python3.8/site-packages/airflow/example_dags/example_datasets.py
[2025-03-07T14:20:26.884+0100] {processor.py:925} INFO - DAG(s) 'dataset_consumes_1', 'consume_1_or_both_2_and_3_with_dataset_expressions', 'dataset_produces_1', 'dataset_consumes_1_and_2', 'conditional_dataset_and_time_based_timetable', 'dataset_produces_2', 'dataset_consumes_1_never_scheduled', 'dataset_consumes_unknown_never_scheduled', 'consume_1_or_2_with_dataset_expressions', 'consume_1_and_2_with_dataset_expressions' retrieved from /usr/local/anaconda3/envs/airflow_env/lib/python3.8/site-packages/airflow/example_dags/example_datasets.py
[2025-03-07T14:20:26.970+0100] {logging_mixin.py:190} INFO - [2025-03-07T14:20:26.969+0100] {dag.py:3239} INFO - Sync 10 DAGs
[2025-03-07T14:20:26.984+0100] {logging_mixin.py:190} INFO - [2025-03-07T14:20:26.984+0100] {dag.py:4180} INFO - Setting next_dagrun for conditional_dataset_and_time_based_timetable to 2025-03-05T01:00:00+00:00, run_after=2025-03-05T01:00:00+00:00
[2025-03-07T14:20:26.986+0100] {logging_mixin.py:190} INFO - [2025-03-07T14:20:26.985+0100] {dag.py:4180} INFO - Setting next_dagrun for consume_1_and_2_with_dataset_expressions to None, run_after=None
[2025-03-07T14:20:26.986+0100] {logging_mixin.py:190} INFO - [2025-03-07T14:20:26.986+0100] {dag.py:4180} INFO - Setting next_dagrun for consume_1_or_2_with_dataset_expressions to None, run_after=None
[2025-03-07T14:20:26.987+0100] {logging_mixin.py:190} INFO - [2025-03-07T14:20:26.987+0100] {dag.py:4180} INFO - Setting next_dagrun for consume_1_or_both_2_and_3_with_dataset_expressions to None, run_after=None
[2025-03-07T14:20:26.987+0100] {logging_mixin.py:190} INFO - [2025-03-07T14:20:26.987+0100] {dag.py:4180} INFO - Setting next_dagrun for dataset_consumes_1 to None, run_after=None
[2025-03-07T14:20:26.988+0100] {logging_mixin.py:190} INFO - [2025-03-07T14:20:26.988+0100] {dag.py:4180} INFO - Setting next_dagrun for dataset_consumes_1_and_2 to None, run_after=None
[2025-03-07T14:20:26.989+0100] {logging_mixin.py:190} INFO - [2025-03-07T14:20:26.989+0100] {dag.py:4180} INFO - Setting next_dagrun for dataset_consumes_1_never_scheduled to None, run_after=None
[2025-03-07T14:20:26.989+0100] {logging_mixin.py:190} INFO - [2025-03-07T14:20:26.989+0100] {dag.py:4180} INFO - Setting next_dagrun for dataset_consumes_unknown_never_scheduled to None, run_after=None
[2025-03-07T14:20:26.991+0100] {logging_mixin.py:190} INFO - [2025-03-07T14:20:26.991+0100] {dag.py:4180} INFO - Setting next_dagrun for dataset_produces_1 to 2025-03-06T00:00:00+00:00, run_after=2025-03-07T00:00:00+00:00
[2025-03-07T14:20:26.991+0100] {logging_mixin.py:190} INFO - [2025-03-07T14:20:26.991+0100] {dag.py:4180} INFO - Setting next_dagrun for dataset_produces_2 to None, run_after=None
[2025-03-07T14:20:27.010+0100] {processor.py:208} INFO - Processing /usr/local/anaconda3/envs/airflow_env/lib/python3.8/site-packages/airflow/example_dags/example_datasets.py took 0.178 seconds
[2025-03-07T14:25:03.731+0100] {processor.py:186} INFO - Started process (PID=4180) to work on /usr/local/anaconda3/envs/airflow_env/lib/python3.8/site-packages/airflow/example_dags/example_datasets.py
[2025-03-07T14:25:03.735+0100] {processor.py:914} INFO - Processing file /usr/local/anaconda3/envs/airflow_env/lib/python3.8/site-packages/airflow/example_dags/example_datasets.py for tasks to queue
[2025-03-07T14:25:03.735+0100] {logging_mixin.py:190} INFO - [2025-03-07T14:25:03.735+0100] {dagbag.py:588} INFO - Filling up the DagBag from /usr/local/anaconda3/envs/airflow_env/lib/python3.8/site-packages/airflow/example_dags/example_datasets.py
[2025-03-07T14:25:03.779+0100] {processor.py:925} INFO - DAG(s) 'consume_1_or_2_with_dataset_expressions', 'dataset_consumes_1_and_2', 'consume_1_and_2_with_dataset_expressions', 'dataset_produces_2', 'consume_1_or_both_2_and_3_with_dataset_expressions', 'dataset_consumes_unknown_never_scheduled', 'dataset_consumes_1_never_scheduled', 'dataset_consumes_1', 'dataset_produces_1', 'conditional_dataset_and_time_based_timetable' retrieved from /usr/local/anaconda3/envs/airflow_env/lib/python3.8/site-packages/airflow/example_dags/example_datasets.py
[2025-03-07T14:25:03.865+0100] {logging_mixin.py:190} INFO - [2025-03-07T14:25:03.864+0100] {dag.py:3239} INFO - Sync 10 DAGs
[2025-03-07T14:25:03.878+0100] {logging_mixin.py:190} INFO - [2025-03-07T14:25:03.878+0100] {dag.py:4180} INFO - Setting next_dagrun for conditional_dataset_and_time_based_timetable to 2025-03-05T01:00:00+00:00, run_after=2025-03-05T01:00:00+00:00
[2025-03-07T14:25:03.880+0100] {logging_mixin.py:190} INFO - [2025-03-07T14:25:03.880+0100] {dag.py:4180} INFO - Setting next_dagrun for consume_1_and_2_with_dataset_expressions to None, run_after=None
[2025-03-07T14:25:03.881+0100] {logging_mixin.py:190} INFO - [2025-03-07T14:25:03.881+0100] {dag.py:4180} INFO - Setting next_dagrun for consume_1_or_2_with_dataset_expressions to None, run_after=None
[2025-03-07T14:25:03.881+0100] {logging_mixin.py:190} INFO - [2025-03-07T14:25:03.881+0100] {dag.py:4180} INFO - Setting next_dagrun for consume_1_or_both_2_and_3_with_dataset_expressions to None, run_after=None
[2025-03-07T14:25:03.882+0100] {logging_mixin.py:190} INFO - [2025-03-07T14:25:03.882+0100] {dag.py:4180} INFO - Setting next_dagrun for dataset_consumes_1 to None, run_after=None
[2025-03-07T14:25:03.882+0100] {logging_mixin.py:190} INFO - [2025-03-07T14:25:03.882+0100] {dag.py:4180} INFO - Setting next_dagrun for dataset_consumes_1_and_2 to None, run_after=None
[2025-03-07T14:25:03.883+0100] {logging_mixin.py:190} INFO - [2025-03-07T14:25:03.883+0100] {dag.py:4180} INFO - Setting next_dagrun for dataset_consumes_1_never_scheduled to None, run_after=None
[2025-03-07T14:25:03.884+0100] {logging_mixin.py:190} INFO - [2025-03-07T14:25:03.883+0100] {dag.py:4180} INFO - Setting next_dagrun for dataset_consumes_unknown_never_scheduled to None, run_after=None
[2025-03-07T14:25:03.885+0100] {logging_mixin.py:190} INFO - [2025-03-07T14:25:03.885+0100] {dag.py:4180} INFO - Setting next_dagrun for dataset_produces_1 to 2025-03-06T00:00:00+00:00, run_after=2025-03-07T00:00:00+00:00
[2025-03-07T14:25:03.886+0100] {logging_mixin.py:190} INFO - [2025-03-07T14:25:03.886+0100] {dag.py:4180} INFO - Setting next_dagrun for dataset_produces_2 to None, run_after=None
[2025-03-07T14:25:03.904+0100] {processor.py:208} INFO - Processing /usr/local/anaconda3/envs/airflow_env/lib/python3.8/site-packages/airflow/example_dags/example_datasets.py took 0.176 seconds
[2025-03-07T14:45:26.533+0100] {processor.py:186} INFO - Started process (PID=5022) to work on /usr/local/anaconda3/envs/airflow_env/lib/python3.8/site-packages/airflow/example_dags/example_datasets.py
[2025-03-07T14:45:26.536+0100] {processor.py:914} INFO - Processing file /usr/local/anaconda3/envs/airflow_env/lib/python3.8/site-packages/airflow/example_dags/example_datasets.py for tasks to queue
[2025-03-07T14:45:26.537+0100] {logging_mixin.py:190} INFO - [2025-03-07T14:45:26.536+0100] {dagbag.py:588} INFO - Filling up the DagBag from /usr/local/anaconda3/envs/airflow_env/lib/python3.8/site-packages/airflow/example_dags/example_datasets.py
[2025-03-07T14:45:26.582+0100] {processor.py:925} INFO - DAG(s) 'dataset_consumes_1_never_scheduled', 'dataset_consumes_1', 'consume_1_or_2_with_dataset_expressions', 'dataset_consumes_unknown_never_scheduled', 'dataset_produces_2', 'conditional_dataset_and_time_based_timetable', 'dataset_produces_1', 'dataset_consumes_1_and_2', 'consume_1_and_2_with_dataset_expressions', 'consume_1_or_both_2_and_3_with_dataset_expressions' retrieved from /usr/local/anaconda3/envs/airflow_env/lib/python3.8/site-packages/airflow/example_dags/example_datasets.py
[2025-03-07T14:45:26.665+0100] {logging_mixin.py:190} INFO - [2025-03-07T14:45:26.665+0100] {dag.py:3239} INFO - Sync 10 DAGs
[2025-03-07T14:45:26.678+0100] {logging_mixin.py:190} INFO - [2025-03-07T14:45:26.678+0100] {dag.py:4180} INFO - Setting next_dagrun for conditional_dataset_and_time_based_timetable to 2025-03-05T01:00:00+00:00, run_after=2025-03-05T01:00:00+00:00
[2025-03-07T14:45:26.681+0100] {logging_mixin.py:190} INFO - [2025-03-07T14:45:26.681+0100] {dag.py:4180} INFO - Setting next_dagrun for consume_1_and_2_with_dataset_expressions to None, run_after=None
[2025-03-07T14:45:26.682+0100] {logging_mixin.py:190} INFO - [2025-03-07T14:45:26.682+0100] {dag.py:4180} INFO - Setting next_dagrun for consume_1_or_2_with_dataset_expressions to None, run_after=None
[2025-03-07T14:45:26.683+0100] {logging_mixin.py:190} INFO - [2025-03-07T14:45:26.683+0100] {dag.py:4180} INFO - Setting next_dagrun for consume_1_or_both_2_and_3_with_dataset_expressions to None, run_after=None
[2025-03-07T14:45:26.683+0100] {logging_mixin.py:190} INFO - [2025-03-07T14:45:26.683+0100] {dag.py:4180} INFO - Setting next_dagrun for dataset_consumes_1 to None, run_after=None
[2025-03-07T14:45:26.684+0100] {logging_mixin.py:190} INFO - [2025-03-07T14:45:26.684+0100] {dag.py:4180} INFO - Setting next_dagrun for dataset_consumes_1_and_2 to None, run_after=None
[2025-03-07T14:45:26.685+0100] {logging_mixin.py:190} INFO - [2025-03-07T14:45:26.684+0100] {dag.py:4180} INFO - Setting next_dagrun for dataset_consumes_1_never_scheduled to None, run_after=None
[2025-03-07T14:45:26.685+0100] {logging_mixin.py:190} INFO - [2025-03-07T14:45:26.685+0100] {dag.py:4180} INFO - Setting next_dagrun for dataset_consumes_unknown_never_scheduled to None, run_after=None
[2025-03-07T14:45:26.687+0100] {logging_mixin.py:190} INFO - [2025-03-07T14:45:26.687+0100] {dag.py:4180} INFO - Setting next_dagrun for dataset_produces_1 to 2025-03-06T00:00:00+00:00, run_after=2025-03-07T00:00:00+00:00
[2025-03-07T14:45:26.687+0100] {logging_mixin.py:190} INFO - [2025-03-07T14:45:26.687+0100] {dag.py:4180} INFO - Setting next_dagrun for dataset_produces_2 to None, run_after=None
[2025-03-07T14:45:26.707+0100] {processor.py:208} INFO - Processing /usr/local/anaconda3/envs/airflow_env/lib/python3.8/site-packages/airflow/example_dags/example_datasets.py took 0.177 seconds
[2025-03-07T14:48:17.207+0100] {processor.py:186} INFO - Started process (PID=5310) to work on /usr/local/anaconda3/envs/airflow_env/lib/python3.8/site-packages/airflow/example_dags/example_datasets.py
[2025-03-07T14:48:17.211+0100] {processor.py:914} INFO - Processing file /usr/local/anaconda3/envs/airflow_env/lib/python3.8/site-packages/airflow/example_dags/example_datasets.py for tasks to queue
[2025-03-07T14:48:17.212+0100] {logging_mixin.py:190} INFO - [2025-03-07T14:48:17.211+0100] {dagbag.py:588} INFO - Filling up the DagBag from /usr/local/anaconda3/envs/airflow_env/lib/python3.8/site-packages/airflow/example_dags/example_datasets.py
[2025-03-07T14:48:17.259+0100] {processor.py:925} INFO - DAG(s) 'dataset_produces_2', 'dataset_consumes_unknown_never_scheduled', 'dataset_consumes_1_never_scheduled', 'dataset_consumes_1', 'dataset_produces_1', 'consume_1_or_2_with_dataset_expressions', 'consume_1_or_both_2_and_3_with_dataset_expressions', 'consume_1_and_2_with_dataset_expressions', 'dataset_consumes_1_and_2', 'conditional_dataset_and_time_based_timetable' retrieved from /usr/local/anaconda3/envs/airflow_env/lib/python3.8/site-packages/airflow/example_dags/example_datasets.py
[2025-03-07T14:48:17.348+0100] {logging_mixin.py:190} INFO - [2025-03-07T14:48:17.348+0100] {dag.py:3239} INFO - Sync 10 DAGs
[2025-03-07T14:48:17.363+0100] {logging_mixin.py:190} INFO - [2025-03-07T14:48:17.363+0100] {dag.py:4180} INFO - Setting next_dagrun for conditional_dataset_and_time_based_timetable to 2025-03-05T01:00:00+00:00, run_after=2025-03-05T01:00:00+00:00
[2025-03-07T14:48:17.366+0100] {logging_mixin.py:190} INFO - [2025-03-07T14:48:17.366+0100] {dag.py:4180} INFO - Setting next_dagrun for consume_1_and_2_with_dataset_expressions to None, run_after=None
[2025-03-07T14:48:17.367+0100] {logging_mixin.py:190} INFO - [2025-03-07T14:48:17.367+0100] {dag.py:4180} INFO - Setting next_dagrun for consume_1_or_2_with_dataset_expressions to None, run_after=None
[2025-03-07T14:48:17.367+0100] {logging_mixin.py:190} INFO - [2025-03-07T14:48:17.367+0100] {dag.py:4180} INFO - Setting next_dagrun for consume_1_or_both_2_and_3_with_dataset_expressions to None, run_after=None
[2025-03-07T14:48:17.368+0100] {logging_mixin.py:190} INFO - [2025-03-07T14:48:17.368+0100] {dag.py:4180} INFO - Setting next_dagrun for dataset_consumes_1 to None, run_after=None
[2025-03-07T14:48:17.369+0100] {logging_mixin.py:190} INFO - [2025-03-07T14:48:17.369+0100] {dag.py:4180} INFO - Setting next_dagrun for dataset_consumes_1_and_2 to None, run_after=None
[2025-03-07T14:48:17.369+0100] {logging_mixin.py:190} INFO - [2025-03-07T14:48:17.369+0100] {dag.py:4180} INFO - Setting next_dagrun for dataset_consumes_1_never_scheduled to None, run_after=None
[2025-03-07T14:48:17.370+0100] {logging_mixin.py:190} INFO - [2025-03-07T14:48:17.370+0100] {dag.py:4180} INFO - Setting next_dagrun for dataset_consumes_unknown_never_scheduled to None, run_after=None
[2025-03-07T14:48:17.371+0100] {logging_mixin.py:190} INFO - [2025-03-07T14:48:17.371+0100] {dag.py:4180} INFO - Setting next_dagrun for dataset_produces_1 to 2025-03-06T00:00:00+00:00, run_after=2025-03-07T00:00:00+00:00
[2025-03-07T14:48:17.372+0100] {logging_mixin.py:190} INFO - [2025-03-07T14:48:17.372+0100] {dag.py:4180} INFO - Setting next_dagrun for dataset_produces_2 to None, run_after=None
[2025-03-07T14:48:17.391+0100] {processor.py:208} INFO - Processing /usr/local/anaconda3/envs/airflow_env/lib/python3.8/site-packages/airflow/example_dags/example_datasets.py took 0.187 seconds
[2025-03-07T14:51:22.324+0100] {processor.py:186} INFO - Started process (PID=5734) to work on /usr/local/anaconda3/envs/airflow_env/lib/python3.8/site-packages/airflow/example_dags/example_datasets.py
[2025-03-07T14:51:22.327+0100] {processor.py:914} INFO - Processing file /usr/local/anaconda3/envs/airflow_env/lib/python3.8/site-packages/airflow/example_dags/example_datasets.py for tasks to queue
[2025-03-07T14:51:22.328+0100] {logging_mixin.py:190} INFO - [2025-03-07T14:51:22.328+0100] {dagbag.py:588} INFO - Filling up the DagBag from /usr/local/anaconda3/envs/airflow_env/lib/python3.8/site-packages/airflow/example_dags/example_datasets.py
[2025-03-07T14:51:22.374+0100] {processor.py:925} INFO - DAG(s) 'dataset_produces_1', 'dataset_consumes_1_and_2', 'consume_1_and_2_with_dataset_expressions', 'dataset_consumes_1', 'consume_1_or_both_2_and_3_with_dataset_expressions', 'conditional_dataset_and_time_based_timetable', 'dataset_consumes_1_never_scheduled', 'dataset_produces_2', 'dataset_consumes_unknown_never_scheduled', 'consume_1_or_2_with_dataset_expressions' retrieved from /usr/local/anaconda3/envs/airflow_env/lib/python3.8/site-packages/airflow/example_dags/example_datasets.py
[2025-03-07T14:51:22.459+0100] {logging_mixin.py:190} INFO - [2025-03-07T14:51:22.458+0100] {dag.py:3239} INFO - Sync 10 DAGs
[2025-03-07T14:51:22.473+0100] {logging_mixin.py:190} INFO - [2025-03-07T14:51:22.473+0100] {dag.py:4180} INFO - Setting next_dagrun for conditional_dataset_and_time_based_timetable to 2025-03-05T01:00:00+00:00, run_after=2025-03-05T01:00:00+00:00
[2025-03-07T14:51:22.476+0100] {logging_mixin.py:190} INFO - [2025-03-07T14:51:22.475+0100] {dag.py:4180} INFO - Setting next_dagrun for consume_1_and_2_with_dataset_expressions to None, run_after=None
[2025-03-07T14:51:22.476+0100] {logging_mixin.py:190} INFO - [2025-03-07T14:51:22.476+0100] {dag.py:4180} INFO - Setting next_dagrun for consume_1_or_2_with_dataset_expressions to None, run_after=None
[2025-03-07T14:51:22.477+0100] {logging_mixin.py:190} INFO - [2025-03-07T14:51:22.477+0100] {dag.py:4180} INFO - Setting next_dagrun for consume_1_or_both_2_and_3_with_dataset_expressions to None, run_after=None
[2025-03-07T14:51:22.477+0100] {logging_mixin.py:190} INFO - [2025-03-07T14:51:22.477+0100] {dag.py:4180} INFO - Setting next_dagrun for dataset_consumes_1 to None, run_after=None
[2025-03-07T14:51:22.478+0100] {logging_mixin.py:190} INFO - [2025-03-07T14:51:22.478+0100] {dag.py:4180} INFO - Setting next_dagrun for dataset_consumes_1_and_2 to None, run_after=None
[2025-03-07T14:51:22.479+0100] {logging_mixin.py:190} INFO - [2025-03-07T14:51:22.479+0100] {dag.py:4180} INFO - Setting next_dagrun for dataset_consumes_1_never_scheduled to None, run_after=None
[2025-03-07T14:51:22.479+0100] {logging_mixin.py:190} INFO - [2025-03-07T14:51:22.479+0100] {dag.py:4180} INFO - Setting next_dagrun for dataset_consumes_unknown_never_scheduled to None, run_after=None
[2025-03-07T14:51:22.481+0100] {logging_mixin.py:190} INFO - [2025-03-07T14:51:22.481+0100] {dag.py:4180} INFO - Setting next_dagrun for dataset_produces_1 to 2025-03-06T00:00:00+00:00, run_after=2025-03-07T00:00:00+00:00
[2025-03-07T14:51:22.481+0100] {logging_mixin.py:190} INFO - [2025-03-07T14:51:22.481+0100] {dag.py:4180} INFO - Setting next_dagrun for dataset_produces_2 to None, run_after=None
[2025-03-07T14:51:22.500+0100] {processor.py:208} INFO - Processing /usr/local/anaconda3/envs/airflow_env/lib/python3.8/site-packages/airflow/example_dags/example_datasets.py took 0.179 seconds
[2025-03-07T14:54:50.457+0100] {processor.py:186} INFO - Started process (PID=6156) to work on /usr/local/anaconda3/envs/airflow_env/lib/python3.8/site-packages/airflow/example_dags/example_datasets.py
[2025-03-07T14:54:50.460+0100] {processor.py:914} INFO - Processing file /usr/local/anaconda3/envs/airflow_env/lib/python3.8/site-packages/airflow/example_dags/example_datasets.py for tasks to queue
[2025-03-07T14:54:50.461+0100] {logging_mixin.py:190} INFO - [2025-03-07T14:54:50.461+0100] {dagbag.py:588} INFO - Filling up the DagBag from /usr/local/anaconda3/envs/airflow_env/lib/python3.8/site-packages/airflow/example_dags/example_datasets.py
[2025-03-07T14:54:50.503+0100] {processor.py:925} INFO - DAG(s) 'consume_1_or_both_2_and_3_with_dataset_expressions', 'dataset_consumes_1', 'dataset_produces_2', 'consume_1_and_2_with_dataset_expressions', 'dataset_consumes_1_never_scheduled', 'dataset_consumes_1_and_2', 'conditional_dataset_and_time_based_timetable', 'consume_1_or_2_with_dataset_expressions', 'dataset_consumes_unknown_never_scheduled', 'dataset_produces_1' retrieved from /usr/local/anaconda3/envs/airflow_env/lib/python3.8/site-packages/airflow/example_dags/example_datasets.py
[2025-03-07T14:54:50.585+0100] {logging_mixin.py:190} INFO - [2025-03-07T14:54:50.584+0100] {dag.py:3239} INFO - Sync 10 DAGs
[2025-03-07T14:54:50.598+0100] {logging_mixin.py:190} INFO - [2025-03-07T14:54:50.598+0100] {dag.py:4180} INFO - Setting next_dagrun for conditional_dataset_and_time_based_timetable to 2025-03-05T01:00:00+00:00, run_after=2025-03-05T01:00:00+00:00
[2025-03-07T14:54:50.600+0100] {logging_mixin.py:190} INFO - [2025-03-07T14:54:50.600+0100] {dag.py:4180} INFO - Setting next_dagrun for consume_1_and_2_with_dataset_expressions to None, run_after=None
[2025-03-07T14:54:50.601+0100] {logging_mixin.py:190} INFO - [2025-03-07T14:54:50.601+0100] {dag.py:4180} INFO - Setting next_dagrun for consume_1_or_2_with_dataset_expressions to None, run_after=None
[2025-03-07T14:54:50.601+0100] {logging_mixin.py:190} INFO - [2025-03-07T14:54:50.601+0100] {dag.py:4180} INFO - Setting next_dagrun for consume_1_or_both_2_and_3_with_dataset_expressions to None, run_after=None
[2025-03-07T14:54:50.602+0100] {logging_mixin.py:190} INFO - [2025-03-07T14:54:50.602+0100] {dag.py:4180} INFO - Setting next_dagrun for dataset_consumes_1 to None, run_after=None
[2025-03-07T14:54:50.603+0100] {logging_mixin.py:190} INFO - [2025-03-07T14:54:50.603+0100] {dag.py:4180} INFO - Setting next_dagrun for dataset_consumes_1_and_2 to None, run_after=None
[2025-03-07T14:54:50.603+0100] {logging_mixin.py:190} INFO - [2025-03-07T14:54:50.603+0100] {dag.py:4180} INFO - Setting next_dagrun for dataset_consumes_1_never_scheduled to None, run_after=None
[2025-03-07T14:54:50.604+0100] {logging_mixin.py:190} INFO - [2025-03-07T14:54:50.604+0100] {dag.py:4180} INFO - Setting next_dagrun for dataset_consumes_unknown_never_scheduled to None, run_after=None
[2025-03-07T14:54:50.605+0100] {logging_mixin.py:190} INFO - [2025-03-07T14:54:50.605+0100] {dag.py:4180} INFO - Setting next_dagrun for dataset_produces_1 to 2025-03-06T00:00:00+00:00, run_after=2025-03-07T00:00:00+00:00
[2025-03-07T14:54:50.606+0100] {logging_mixin.py:190} INFO - [2025-03-07T14:54:50.606+0100] {dag.py:4180} INFO - Setting next_dagrun for dataset_produces_2 to None, run_after=None
[2025-03-07T14:54:50.623+0100] {processor.py:208} INFO - Processing /usr/local/anaconda3/envs/airflow_env/lib/python3.8/site-packages/airflow/example_dags/example_datasets.py took 0.169 seconds
[2025-03-07T14:57:32.190+0100] {processor.py:186} INFO - Started process (PID=6483) to work on /usr/local/anaconda3/envs/airflow_env/lib/python3.8/site-packages/airflow/example_dags/example_datasets.py
[2025-03-07T14:57:32.193+0100] {processor.py:914} INFO - Processing file /usr/local/anaconda3/envs/airflow_env/lib/python3.8/site-packages/airflow/example_dags/example_datasets.py for tasks to queue
[2025-03-07T14:57:32.194+0100] {logging_mixin.py:190} INFO - [2025-03-07T14:57:32.194+0100] {dagbag.py:588} INFO - Filling up the DagBag from /usr/local/anaconda3/envs/airflow_env/lib/python3.8/site-packages/airflow/example_dags/example_datasets.py
[2025-03-07T14:57:32.239+0100] {processor.py:925} INFO - DAG(s) 'dataset_produces_2', 'dataset_produces_1', 'dataset_consumes_1_never_scheduled', 'dataset_consumes_1_and_2', 'consume_1_or_both_2_and_3_with_dataset_expressions', 'consume_1_or_2_with_dataset_expressions', 'dataset_consumes_unknown_never_scheduled', 'dataset_consumes_1', 'conditional_dataset_and_time_based_timetable', 'consume_1_and_2_with_dataset_expressions' retrieved from /usr/local/anaconda3/envs/airflow_env/lib/python3.8/site-packages/airflow/example_dags/example_datasets.py
[2025-03-07T14:57:32.326+0100] {logging_mixin.py:190} INFO - [2025-03-07T14:57:32.326+0100] {dag.py:3239} INFO - Sync 10 DAGs
[2025-03-07T14:57:32.340+0100] {logging_mixin.py:190} INFO - [2025-03-07T14:57:32.339+0100] {dag.py:4180} INFO - Setting next_dagrun for conditional_dataset_and_time_based_timetable to 2025-03-05T01:00:00+00:00, run_after=2025-03-05T01:00:00+00:00
[2025-03-07T14:57:32.342+0100] {logging_mixin.py:190} INFO - [2025-03-07T14:57:32.342+0100] {dag.py:4180} INFO - Setting next_dagrun for consume_1_and_2_with_dataset_expressions to None, run_after=None
[2025-03-07T14:57:32.343+0100] {logging_mixin.py:190} INFO - [2025-03-07T14:57:32.343+0100] {dag.py:4180} INFO - Setting next_dagrun for consume_1_or_2_with_dataset_expressions to None, run_after=None
[2025-03-07T14:57:32.344+0100] {logging_mixin.py:190} INFO - [2025-03-07T14:57:32.343+0100] {dag.py:4180} INFO - Setting next_dagrun for consume_1_or_both_2_and_3_with_dataset_expressions to None, run_after=None
[2025-03-07T14:57:32.344+0100] {logging_mixin.py:190} INFO - [2025-03-07T14:57:32.344+0100] {dag.py:4180} INFO - Setting next_dagrun for dataset_consumes_1 to None, run_after=None
[2025-03-07T14:57:32.345+0100] {logging_mixin.py:190} INFO - [2025-03-07T14:57:32.345+0100] {dag.py:4180} INFO - Setting next_dagrun for dataset_consumes_1_and_2 to None, run_after=None
[2025-03-07T14:57:32.345+0100] {logging_mixin.py:190} INFO - [2025-03-07T14:57:32.345+0100] {dag.py:4180} INFO - Setting next_dagrun for dataset_consumes_1_never_scheduled to None, run_after=None
[2025-03-07T14:57:32.346+0100] {logging_mixin.py:190} INFO - [2025-03-07T14:57:32.346+0100] {dag.py:4180} INFO - Setting next_dagrun for dataset_consumes_unknown_never_scheduled to None, run_after=None
[2025-03-07T14:57:32.347+0100] {logging_mixin.py:190} INFO - [2025-03-07T14:57:32.347+0100] {dag.py:4180} INFO - Setting next_dagrun for dataset_produces_1 to 2025-03-06T00:00:00+00:00, run_after=2025-03-07T00:00:00+00:00
[2025-03-07T14:57:32.348+0100] {logging_mixin.py:190} INFO - [2025-03-07T14:57:32.348+0100] {dag.py:4180} INFO - Setting next_dagrun for dataset_produces_2 to None, run_after=None
[2025-03-07T14:57:32.366+0100] {processor.py:208} INFO - Processing /usr/local/anaconda3/envs/airflow_env/lib/python3.8/site-packages/airflow/example_dags/example_datasets.py took 0.180 seconds
[2025-03-07T15:02:08.614+0100] {processor.py:186} INFO - Started process (PID=7017) to work on /usr/local/anaconda3/envs/airflow_env/lib/python3.8/site-packages/airflow/example_dags/example_datasets.py
[2025-03-07T15:02:08.617+0100] {processor.py:914} INFO - Processing file /usr/local/anaconda3/envs/airflow_env/lib/python3.8/site-packages/airflow/example_dags/example_datasets.py for tasks to queue
[2025-03-07T15:02:08.618+0100] {logging_mixin.py:190} INFO - [2025-03-07T15:02:08.618+0100] {dagbag.py:588} INFO - Filling up the DagBag from /usr/local/anaconda3/envs/airflow_env/lib/python3.8/site-packages/airflow/example_dags/example_datasets.py
[2025-03-07T15:02:08.660+0100] {processor.py:925} INFO - DAG(s) 'consume_1_or_2_with_dataset_expressions', 'dataset_produces_2', 'dataset_consumes_unknown_never_scheduled', 'consume_1_or_both_2_and_3_with_dataset_expressions', 'dataset_consumes_1_never_scheduled', 'dataset_consumes_1', 'conditional_dataset_and_time_based_timetable', 'dataset_consumes_1_and_2', 'consume_1_and_2_with_dataset_expressions', 'dataset_produces_1' retrieved from /usr/local/anaconda3/envs/airflow_env/lib/python3.8/site-packages/airflow/example_dags/example_datasets.py
[2025-03-07T15:02:08.744+0100] {logging_mixin.py:190} INFO - [2025-03-07T15:02:08.744+0100] {dag.py:3239} INFO - Sync 10 DAGs
[2025-03-07T15:02:08.758+0100] {logging_mixin.py:190} INFO - [2025-03-07T15:02:08.758+0100] {dag.py:4180} INFO - Setting next_dagrun for conditional_dataset_and_time_based_timetable to 2025-03-05T01:00:00+00:00, run_after=2025-03-05T01:00:00+00:00
[2025-03-07T15:02:08.760+0100] {logging_mixin.py:190} INFO - [2025-03-07T15:02:08.760+0100] {dag.py:4180} INFO - Setting next_dagrun for consume_1_and_2_with_dataset_expressions to None, run_after=None
[2025-03-07T15:02:08.761+0100] {logging_mixin.py:190} INFO - [2025-03-07T15:02:08.761+0100] {dag.py:4180} INFO - Setting next_dagrun for consume_1_or_2_with_dataset_expressions to None, run_after=None
[2025-03-07T15:02:08.762+0100] {logging_mixin.py:190} INFO - [2025-03-07T15:02:08.762+0100] {dag.py:4180} INFO - Setting next_dagrun for consume_1_or_both_2_and_3_with_dataset_expressions to None, run_after=None
[2025-03-07T15:02:08.762+0100] {logging_mixin.py:190} INFO - [2025-03-07T15:02:08.762+0100] {dag.py:4180} INFO - Setting next_dagrun for dataset_consumes_1 to None, run_after=None
[2025-03-07T15:02:08.763+0100] {logging_mixin.py:190} INFO - [2025-03-07T15:02:08.763+0100] {dag.py:4180} INFO - Setting next_dagrun for dataset_consumes_1_and_2 to None, run_after=None
[2025-03-07T15:02:08.764+0100] {logging_mixin.py:190} INFO - [2025-03-07T15:02:08.763+0100] {dag.py:4180} INFO - Setting next_dagrun for dataset_consumes_1_never_scheduled to None, run_after=None
[2025-03-07T15:02:08.764+0100] {logging_mixin.py:190} INFO - [2025-03-07T15:02:08.764+0100] {dag.py:4180} INFO - Setting next_dagrun for dataset_consumes_unknown_never_scheduled to None, run_after=None
[2025-03-07T15:02:08.766+0100] {logging_mixin.py:190} INFO - [2025-03-07T15:02:08.766+0100] {dag.py:4180} INFO - Setting next_dagrun for dataset_produces_1 to 2025-03-06T00:00:00+00:00, run_after=2025-03-07T00:00:00+00:00
[2025-03-07T15:02:08.766+0100] {logging_mixin.py:190} INFO - [2025-03-07T15:02:08.766+0100] {dag.py:4180} INFO - Setting next_dagrun for dataset_produces_2 to None, run_after=None
[2025-03-07T15:02:08.785+0100] {processor.py:208} INFO - Processing /usr/local/anaconda3/envs/airflow_env/lib/python3.8/site-packages/airflow/example_dags/example_datasets.py took 0.174 seconds
[2025-03-07T15:06:54.255+0100] {processor.py:186} INFO - Started process (PID=7525) to work on /usr/local/anaconda3/envs/airflow_env/lib/python3.8/site-packages/airflow/example_dags/example_datasets.py
[2025-03-07T15:06:54.258+0100] {processor.py:914} INFO - Processing file /usr/local/anaconda3/envs/airflow_env/lib/python3.8/site-packages/airflow/example_dags/example_datasets.py for tasks to queue
[2025-03-07T15:06:54.259+0100] {logging_mixin.py:190} INFO - [2025-03-07T15:06:54.259+0100] {dagbag.py:588} INFO - Filling up the DagBag from /usr/local/anaconda3/envs/airflow_env/lib/python3.8/site-packages/airflow/example_dags/example_datasets.py
[2025-03-07T15:06:54.305+0100] {processor.py:925} INFO - DAG(s) 'dataset_produces_1', 'dataset_consumes_unknown_never_scheduled', 'dataset_consumes_1', 'dataset_consumes_1_and_2', 'consume_1_and_2_with_dataset_expressions', 'consume_1_or_2_with_dataset_expressions', 'conditional_dataset_and_time_based_timetable', 'dataset_produces_2', 'consume_1_or_both_2_and_3_with_dataset_expressions', 'dataset_consumes_1_never_scheduled' retrieved from /usr/local/anaconda3/envs/airflow_env/lib/python3.8/site-packages/airflow/example_dags/example_datasets.py
[2025-03-07T15:06:54.394+0100] {logging_mixin.py:190} INFO - [2025-03-07T15:06:54.393+0100] {dag.py:3239} INFO - Sync 10 DAGs
[2025-03-07T15:06:54.408+0100] {logging_mixin.py:190} INFO - [2025-03-07T15:06:54.408+0100] {dag.py:4180} INFO - Setting next_dagrun for conditional_dataset_and_time_based_timetable to 2025-03-05T01:00:00+00:00, run_after=2025-03-05T01:00:00+00:00
[2025-03-07T15:06:54.411+0100] {logging_mixin.py:190} INFO - [2025-03-07T15:06:54.411+0100] {dag.py:4180} INFO - Setting next_dagrun for consume_1_and_2_with_dataset_expressions to None, run_after=None
[2025-03-07T15:06:54.412+0100] {logging_mixin.py:190} INFO - [2025-03-07T15:06:54.412+0100] {dag.py:4180} INFO - Setting next_dagrun for consume_1_or_2_with_dataset_expressions to None, run_after=None
[2025-03-07T15:06:54.412+0100] {logging_mixin.py:190} INFO - [2025-03-07T15:06:54.412+0100] {dag.py:4180} INFO - Setting next_dagrun for consume_1_or_both_2_and_3_with_dataset_expressions to None, run_after=None
[2025-03-07T15:06:54.413+0100] {logging_mixin.py:190} INFO - [2025-03-07T15:06:54.413+0100] {dag.py:4180} INFO - Setting next_dagrun for dataset_consumes_1 to None, run_after=None
[2025-03-07T15:06:54.414+0100] {logging_mixin.py:190} INFO - [2025-03-07T15:06:54.414+0100] {dag.py:4180} INFO - Setting next_dagrun for dataset_consumes_1_and_2 to None, run_after=None
[2025-03-07T15:06:54.414+0100] {logging_mixin.py:190} INFO - [2025-03-07T15:06:54.414+0100] {dag.py:4180} INFO - Setting next_dagrun for dataset_consumes_1_never_scheduled to None, run_after=None
[2025-03-07T15:06:54.415+0100] {logging_mixin.py:190} INFO - [2025-03-07T15:06:54.415+0100] {dag.py:4180} INFO - Setting next_dagrun for dataset_consumes_unknown_never_scheduled to None, run_after=None
[2025-03-07T15:06:54.416+0100] {logging_mixin.py:190} INFO - [2025-03-07T15:06:54.416+0100] {dag.py:4180} INFO - Setting next_dagrun for dataset_produces_1 to 2025-03-06T00:00:00+00:00, run_after=2025-03-07T00:00:00+00:00
[2025-03-07T15:06:54.417+0100] {logging_mixin.py:190} INFO - [2025-03-07T15:06:54.417+0100] {dag.py:4180} INFO - Setting next_dagrun for dataset_produces_2 to None, run_after=None
[2025-03-07T15:06:54.437+0100] {processor.py:208} INFO - Processing /usr/local/anaconda3/envs/airflow_env/lib/python3.8/site-packages/airflow/example_dags/example_datasets.py took 0.185 seconds
[2025-03-07T15:11:41.947+0100] {processor.py:186} INFO - Started process (PID=8009) to work on /usr/local/anaconda3/envs/airflow_env/lib/python3.8/site-packages/airflow/example_dags/example_datasets.py
[2025-03-07T15:11:41.950+0100] {processor.py:914} INFO - Processing file /usr/local/anaconda3/envs/airflow_env/lib/python3.8/site-packages/airflow/example_dags/example_datasets.py for tasks to queue
[2025-03-07T15:11:41.950+0100] {logging_mixin.py:190} INFO - [2025-03-07T15:11:41.950+0100] {dagbag.py:588} INFO - Filling up the DagBag from /usr/local/anaconda3/envs/airflow_env/lib/python3.8/site-packages/airflow/example_dags/example_datasets.py
[2025-03-07T15:11:41.995+0100] {processor.py:925} INFO - DAG(s) 'conditional_dataset_and_time_based_timetable', 'dataset_produces_1', 'consume_1_and_2_with_dataset_expressions', 'dataset_consumes_unknown_never_scheduled', 'dataset_consumes_1_never_scheduled', 'dataset_consumes_1', 'consume_1_or_both_2_and_3_with_dataset_expressions', 'consume_1_or_2_with_dataset_expressions', 'dataset_produces_2', 'dataset_consumes_1_and_2' retrieved from /usr/local/anaconda3/envs/airflow_env/lib/python3.8/site-packages/airflow/example_dags/example_datasets.py
[2025-03-07T15:11:42.082+0100] {logging_mixin.py:190} INFO - [2025-03-07T15:11:42.082+0100] {dag.py:3239} INFO - Sync 10 DAGs
[2025-03-07T15:11:42.096+0100] {logging_mixin.py:190} INFO - [2025-03-07T15:11:42.096+0100] {dag.py:4180} INFO - Setting next_dagrun for conditional_dataset_and_time_based_timetable to 2025-03-05T01:00:00+00:00, run_after=2025-03-05T01:00:00+00:00
[2025-03-07T15:11:42.099+0100] {logging_mixin.py:190} INFO - [2025-03-07T15:11:42.099+0100] {dag.py:4180} INFO - Setting next_dagrun for consume_1_and_2_with_dataset_expressions to None, run_after=None
[2025-03-07T15:11:42.100+0100] {logging_mixin.py:190} INFO - [2025-03-07T15:11:42.100+0100] {dag.py:4180} INFO - Setting next_dagrun for consume_1_or_2_with_dataset_expressions to None, run_after=None
[2025-03-07T15:11:42.100+0100] {logging_mixin.py:190} INFO - [2025-03-07T15:11:42.100+0100] {dag.py:4180} INFO - Setting next_dagrun for consume_1_or_both_2_and_3_with_dataset_expressions to None, run_after=None
[2025-03-07T15:11:42.101+0100] {logging_mixin.py:190} INFO - [2025-03-07T15:11:42.101+0100] {dag.py:4180} INFO - Setting next_dagrun for dataset_consumes_1 to None, run_after=None
[2025-03-07T15:11:42.102+0100] {logging_mixin.py:190} INFO - [2025-03-07T15:11:42.101+0100] {dag.py:4180} INFO - Setting next_dagrun for dataset_consumes_1_and_2 to None, run_after=None
[2025-03-07T15:11:42.102+0100] {logging_mixin.py:190} INFO - [2025-03-07T15:11:42.102+0100] {dag.py:4180} INFO - Setting next_dagrun for dataset_consumes_1_never_scheduled to None, run_after=None
[2025-03-07T15:11:42.103+0100] {logging_mixin.py:190} INFO - [2025-03-07T15:11:42.103+0100] {dag.py:4180} INFO - Setting next_dagrun for dataset_consumes_unknown_never_scheduled to None, run_after=None
[2025-03-07T15:11:42.104+0100] {logging_mixin.py:190} INFO - [2025-03-07T15:11:42.104+0100] {dag.py:4180} INFO - Setting next_dagrun for dataset_produces_1 to 2025-03-06T00:00:00+00:00, run_after=2025-03-07T00:00:00+00:00
[2025-03-07T15:11:42.105+0100] {logging_mixin.py:190} INFO - [2025-03-07T15:11:42.105+0100] {dag.py:4180} INFO - Setting next_dagrun for dataset_produces_2 to None, run_after=None
[2025-03-07T15:11:42.123+0100] {processor.py:208} INFO - Processing /usr/local/anaconda3/envs/airflow_env/lib/python3.8/site-packages/airflow/example_dags/example_datasets.py took 0.180 seconds
[2025-03-07T15:14:31.553+0100] {processor.py:186} INFO - Started process (PID=8389) to work on /usr/local/anaconda3/envs/airflow_env/lib/python3.8/site-packages/airflow/example_dags/example_datasets.py
[2025-03-07T15:14:31.556+0100] {processor.py:914} INFO - Processing file /usr/local/anaconda3/envs/airflow_env/lib/python3.8/site-packages/airflow/example_dags/example_datasets.py for tasks to queue
[2025-03-07T15:14:31.557+0100] {logging_mixin.py:190} INFO - [2025-03-07T15:14:31.557+0100] {dagbag.py:588} INFO - Filling up the DagBag from /usr/local/anaconda3/envs/airflow_env/lib/python3.8/site-packages/airflow/example_dags/example_datasets.py
[2025-03-07T15:14:31.602+0100] {processor.py:925} INFO - DAG(s) 'consume_1_and_2_with_dataset_expressions', 'consume_1_or_both_2_and_3_with_dataset_expressions', 'dataset_consumes_1_never_scheduled', 'dataset_produces_2', 'dataset_consumes_1_and_2', 'conditional_dataset_and_time_based_timetable', 'dataset_consumes_unknown_never_scheduled', 'consume_1_or_2_with_dataset_expressions', 'dataset_consumes_1', 'dataset_produces_1' retrieved from /usr/local/anaconda3/envs/airflow_env/lib/python3.8/site-packages/airflow/example_dags/example_datasets.py
[2025-03-07T15:14:31.687+0100] {logging_mixin.py:190} INFO - [2025-03-07T15:14:31.687+0100] {dag.py:3239} INFO - Sync 10 DAGs
[2025-03-07T15:14:31.701+0100] {logging_mixin.py:190} INFO - [2025-03-07T15:14:31.701+0100] {dag.py:4180} INFO - Setting next_dagrun for conditional_dataset_and_time_based_timetable to 2025-03-05T01:00:00+00:00, run_after=2025-03-05T01:00:00+00:00
[2025-03-07T15:14:31.704+0100] {logging_mixin.py:190} INFO - [2025-03-07T15:14:31.704+0100] {dag.py:4180} INFO - Setting next_dagrun for consume_1_and_2_with_dataset_expressions to None, run_after=None
[2025-03-07T15:14:31.704+0100] {logging_mixin.py:190} INFO - [2025-03-07T15:14:31.704+0100] {dag.py:4180} INFO - Setting next_dagrun for consume_1_or_2_with_dataset_expressions to None, run_after=None
[2025-03-07T15:14:31.705+0100] {logging_mixin.py:190} INFO - [2025-03-07T15:14:31.705+0100] {dag.py:4180} INFO - Setting next_dagrun for consume_1_or_both_2_and_3_with_dataset_expressions to None, run_after=None
[2025-03-07T15:14:31.706+0100] {logging_mixin.py:190} INFO - [2025-03-07T15:14:31.706+0100] {dag.py:4180} INFO - Setting next_dagrun for dataset_consumes_1 to None, run_after=None
[2025-03-07T15:14:31.706+0100] {logging_mixin.py:190} INFO - [2025-03-07T15:14:31.706+0100] {dag.py:4180} INFO - Setting next_dagrun for dataset_consumes_1_and_2 to None, run_after=None
[2025-03-07T15:14:31.707+0100] {logging_mixin.py:190} INFO - [2025-03-07T15:14:31.707+0100] {dag.py:4180} INFO - Setting next_dagrun for dataset_consumes_1_never_scheduled to None, run_after=None
[2025-03-07T15:14:31.708+0100] {logging_mixin.py:190} INFO - [2025-03-07T15:14:31.708+0100] {dag.py:4180} INFO - Setting next_dagrun for dataset_consumes_unknown_never_scheduled to None, run_after=None
[2025-03-07T15:14:31.709+0100] {logging_mixin.py:190} INFO - [2025-03-07T15:14:31.709+0100] {dag.py:4180} INFO - Setting next_dagrun for dataset_produces_1 to 2025-03-06T00:00:00+00:00, run_after=2025-03-07T00:00:00+00:00
[2025-03-07T15:14:31.710+0100] {logging_mixin.py:190} INFO - [2025-03-07T15:14:31.710+0100] {dag.py:4180} INFO - Setting next_dagrun for dataset_produces_2 to None, run_after=None
[2025-03-07T15:14:31.729+0100] {processor.py:208} INFO - Processing /usr/local/anaconda3/envs/airflow_env/lib/python3.8/site-packages/airflow/example_dags/example_datasets.py took 0.179 seconds
[2025-03-07T15:17:19.199+0100] {processor.py:186} INFO - Started process (PID=8630) to work on /usr/local/anaconda3/envs/airflow_env/lib/python3.8/site-packages/airflow/example_dags/example_datasets.py
[2025-03-07T15:17:19.202+0100] {processor.py:914} INFO - Processing file /usr/local/anaconda3/envs/airflow_env/lib/python3.8/site-packages/airflow/example_dags/example_datasets.py for tasks to queue
[2025-03-07T15:17:19.203+0100] {logging_mixin.py:190} INFO - [2025-03-07T15:17:19.203+0100] {dagbag.py:588} INFO - Filling up the DagBag from /usr/local/anaconda3/envs/airflow_env/lib/python3.8/site-packages/airflow/example_dags/example_datasets.py
[2025-03-07T15:17:19.249+0100] {processor.py:925} INFO - DAG(s) 'dataset_produces_2', 'dataset_consumes_1_and_2', 'dataset_consumes_1', 'consume_1_and_2_with_dataset_expressions', 'conditional_dataset_and_time_based_timetable', 'dataset_consumes_1_never_scheduled', 'dataset_consumes_unknown_never_scheduled', 'consume_1_or_2_with_dataset_expressions', 'dataset_produces_1', 'consume_1_or_both_2_and_3_with_dataset_expressions' retrieved from /usr/local/anaconda3/envs/airflow_env/lib/python3.8/site-packages/airflow/example_dags/example_datasets.py
[2025-03-07T15:17:19.333+0100] {logging_mixin.py:190} INFO - [2025-03-07T15:17:19.333+0100] {dag.py:3239} INFO - Sync 10 DAGs
[2025-03-07T15:17:19.347+0100] {logging_mixin.py:190} INFO - [2025-03-07T15:17:19.347+0100] {dag.py:4180} INFO - Setting next_dagrun for conditional_dataset_and_time_based_timetable to 2025-03-05T01:00:00+00:00, run_after=2025-03-05T01:00:00+00:00
[2025-03-07T15:17:19.350+0100] {logging_mixin.py:190} INFO - [2025-03-07T15:17:19.350+0100] {dag.py:4180} INFO - Setting next_dagrun for consume_1_and_2_with_dataset_expressions to None, run_after=None
[2025-03-07T15:17:19.350+0100] {logging_mixin.py:190} INFO - [2025-03-07T15:17:19.350+0100] {dag.py:4180} INFO - Setting next_dagrun for consume_1_or_2_with_dataset_expressions to None, run_after=None
[2025-03-07T15:17:19.351+0100] {logging_mixin.py:190} INFO - [2025-03-07T15:17:19.351+0100] {dag.py:4180} INFO - Setting next_dagrun for consume_1_or_both_2_and_3_with_dataset_expressions to None, run_after=None
[2025-03-07T15:17:19.352+0100] {logging_mixin.py:190} INFO - [2025-03-07T15:17:19.352+0100] {dag.py:4180} INFO - Setting next_dagrun for dataset_consumes_1 to None, run_after=None
[2025-03-07T15:17:19.352+0100] {logging_mixin.py:190} INFO - [2025-03-07T15:17:19.352+0100] {dag.py:4180} INFO - Setting next_dagrun for dataset_consumes_1_and_2 to None, run_after=None
[2025-03-07T15:17:19.353+0100] {logging_mixin.py:190} INFO - [2025-03-07T15:17:19.353+0100] {dag.py:4180} INFO - Setting next_dagrun for dataset_consumes_1_never_scheduled to None, run_after=None
[2025-03-07T15:17:19.353+0100] {logging_mixin.py:190} INFO - [2025-03-07T15:17:19.353+0100] {dag.py:4180} INFO - Setting next_dagrun for dataset_consumes_unknown_never_scheduled to None, run_after=None
[2025-03-07T15:17:19.355+0100] {logging_mixin.py:190} INFO - [2025-03-07T15:17:19.355+0100] {dag.py:4180} INFO - Setting next_dagrun for dataset_produces_1 to 2025-03-06T00:00:00+00:00, run_after=2025-03-07T00:00:00+00:00
[2025-03-07T15:17:19.356+0100] {logging_mixin.py:190} INFO - [2025-03-07T15:17:19.356+0100] {dag.py:4180} INFO - Setting next_dagrun for dataset_produces_2 to None, run_after=None
[2025-03-07T15:17:19.374+0100] {processor.py:208} INFO - Processing /usr/local/anaconda3/envs/airflow_env/lib/python3.8/site-packages/airflow/example_dags/example_datasets.py took 0.178 seconds
[2025-03-07T15:21:51.069+0100] {processor.py:186} INFO - Started process (PID=9282) to work on /usr/local/anaconda3/envs/airflow_env/lib/python3.8/site-packages/airflow/example_dags/example_datasets.py
[2025-03-07T15:21:51.072+0100] {processor.py:914} INFO - Processing file /usr/local/anaconda3/envs/airflow_env/lib/python3.8/site-packages/airflow/example_dags/example_datasets.py for tasks to queue
[2025-03-07T15:21:51.073+0100] {logging_mixin.py:190} INFO - [2025-03-07T15:21:51.073+0100] {dagbag.py:588} INFO - Filling up the DagBag from /usr/local/anaconda3/envs/airflow_env/lib/python3.8/site-packages/airflow/example_dags/example_datasets.py
[2025-03-07T15:21:51.116+0100] {processor.py:925} INFO - DAG(s) 'dataset_consumes_1', 'consume_1_and_2_with_dataset_expressions', 'dataset_consumes_unknown_never_scheduled', 'dataset_consumes_1_and_2', 'consume_1_or_both_2_and_3_with_dataset_expressions', 'dataset_produces_1', 'dataset_consumes_1_never_scheduled', 'consume_1_or_2_with_dataset_expressions', 'conditional_dataset_and_time_based_timetable', 'dataset_produces_2' retrieved from /usr/local/anaconda3/envs/airflow_env/lib/python3.8/site-packages/airflow/example_dags/example_datasets.py
[2025-03-07T15:21:51.197+0100] {logging_mixin.py:190} INFO - [2025-03-07T15:21:51.197+0100] {dag.py:3239} INFO - Sync 10 DAGs
[2025-03-07T15:21:51.211+0100] {logging_mixin.py:190} INFO - [2025-03-07T15:21:51.211+0100] {dag.py:4180} INFO - Setting next_dagrun for conditional_dataset_and_time_based_timetable to 2025-03-05T01:00:00+00:00, run_after=2025-03-05T01:00:00+00:00
[2025-03-07T15:21:51.213+0100] {logging_mixin.py:190} INFO - [2025-03-07T15:21:51.213+0100] {dag.py:4180} INFO - Setting next_dagrun for consume_1_and_2_with_dataset_expressions to None, run_after=None
[2025-03-07T15:21:51.214+0100] {logging_mixin.py:190} INFO - [2025-03-07T15:21:51.214+0100] {dag.py:4180} INFO - Setting next_dagrun for consume_1_or_2_with_dataset_expressions to None, run_after=None
[2025-03-07T15:21:51.215+0100] {logging_mixin.py:190} INFO - [2025-03-07T15:21:51.214+0100] {dag.py:4180} INFO - Setting next_dagrun for consume_1_or_both_2_and_3_with_dataset_expressions to None, run_after=None
[2025-03-07T15:21:51.215+0100] {logging_mixin.py:190} INFO - [2025-03-07T15:21:51.215+0100] {dag.py:4180} INFO - Setting next_dagrun for dataset_consumes_1 to None, run_after=None
[2025-03-07T15:21:51.216+0100] {logging_mixin.py:190} INFO - [2025-03-07T15:21:51.216+0100] {dag.py:4180} INFO - Setting next_dagrun for dataset_consumes_1_and_2 to None, run_after=None
[2025-03-07T15:21:51.216+0100] {logging_mixin.py:190} INFO - [2025-03-07T15:21:51.216+0100] {dag.py:4180} INFO - Setting next_dagrun for dataset_consumes_1_never_scheduled to None, run_after=None
[2025-03-07T15:21:51.217+0100] {logging_mixin.py:190} INFO - [2025-03-07T15:21:51.217+0100] {dag.py:4180} INFO - Setting next_dagrun for dataset_consumes_unknown_never_scheduled to None, run_after=None
[2025-03-07T15:21:51.218+0100] {logging_mixin.py:190} INFO - [2025-03-07T15:21:51.218+0100] {dag.py:4180} INFO - Setting next_dagrun for dataset_produces_1 to 2025-03-06T00:00:00+00:00, run_after=2025-03-07T00:00:00+00:00
[2025-03-07T15:21:51.219+0100] {logging_mixin.py:190} INFO - [2025-03-07T15:21:51.219+0100] {dag.py:4180} INFO - Setting next_dagrun for dataset_produces_2 to None, run_after=None
[2025-03-07T15:21:51.237+0100] {processor.py:208} INFO - Processing /usr/local/anaconda3/envs/airflow_env/lib/python3.8/site-packages/airflow/example_dags/example_datasets.py took 0.171 seconds
