[2025-03-07T14:11:11.774+0100] {processor.py:186} INFO - Started process (PID=2684) to work on /usr/local/anaconda3/envs/airflow_env/lib/python3.8/site-packages/airflow/example_dags/example_trigger_controller_dag.py
[2025-03-07T14:11:11.777+0100] {processor.py:914} INFO - Processing file /usr/local/anaconda3/envs/airflow_env/lib/python3.8/site-packages/airflow/example_dags/example_trigger_controller_dag.py for tasks to queue
[2025-03-07T14:11:11.778+0100] {logging_mixin.py:190} INFO - [2025-03-07T14:11:11.778+0100] {dagbag.py:588} INFO - Filling up the DagBag from /usr/local/anaconda3/envs/airflow_env/lib/python3.8/site-packages/airflow/example_dags/example_trigger_controller_dag.py
[2025-03-07T14:11:11.786+0100] {processor.py:925} INFO - DAG(s) 'example_trigger_controller_dag' retrieved from /usr/local/anaconda3/envs/airflow_env/lib/python3.8/site-packages/airflow/example_dags/example_trigger_controller_dag.py
[2025-03-07T14:11:11.915+0100] {logging_mixin.py:190} INFO - [2025-03-07T14:11:11.914+0100] {override.py:1901} INFO - Created Permission View: can read on DAG:example_trigger_controller_dag
[2025-03-07T14:11:11.925+0100] {logging_mixin.py:190} INFO - [2025-03-07T14:11:11.925+0100] {override.py:1901} INFO - Created Permission View: can edit on DAG:example_trigger_controller_dag
[2025-03-07T14:11:11.931+0100] {logging_mixin.py:190} INFO - [2025-03-07T14:11:11.931+0100] {override.py:1901} INFO - Created Permission View: can delete on DAG:example_trigger_controller_dag
[2025-03-07T14:11:11.939+0100] {logging_mixin.py:190} INFO - [2025-03-07T14:11:11.939+0100] {override.py:1901} INFO - Created Permission View: can read on DAG Run:example_trigger_controller_dag
[2025-03-07T14:11:11.944+0100] {logging_mixin.py:190} INFO - [2025-03-07T14:11:11.944+0100] {override.py:1901} INFO - Created Permission View: can create on DAG Run:example_trigger_controller_dag
[2025-03-07T14:11:11.953+0100] {logging_mixin.py:190} INFO - [2025-03-07T14:11:11.952+0100] {override.py:1901} INFO - Created Permission View: menu access on DAG Run:example_trigger_controller_dag
[2025-03-07T14:11:11.957+0100] {logging_mixin.py:190} INFO - [2025-03-07T14:11:11.957+0100] {override.py:1901} INFO - Created Permission View: can delete on DAG Run:example_trigger_controller_dag
[2025-03-07T14:11:11.958+0100] {logging_mixin.py:190} INFO - [2025-03-07T14:11:11.957+0100] {dag.py:3239} INFO - Sync 1 DAGs
[2025-03-07T14:11:11.966+0100] {logging_mixin.py:190} INFO - [2025-03-07T14:11:11.966+0100] {dag.py:3262} INFO - Creating ORM DAG for example_trigger_controller_dag
[2025-03-07T14:11:11.972+0100] {logging_mixin.py:190} INFO - [2025-03-07T14:11:11.972+0100] {dag.py:4180} INFO - Setting next_dagrun for example_trigger_controller_dag to 2021-01-01T00:00:00+00:00, run_after=2021-01-01T00:00:00+00:00
[2025-03-07T14:11:11.985+0100] {processor.py:208} INFO - Processing /usr/local/anaconda3/envs/airflow_env/lib/python3.8/site-packages/airflow/example_dags/example_trigger_controller_dag.py took 0.215 seconds
[2025-03-07T14:14:37.666+0100] {processor.py:186} INFO - Started process (PID=3032) to work on /usr/local/anaconda3/envs/airflow_env/lib/python3.8/site-packages/airflow/example_dags/example_trigger_controller_dag.py
[2025-03-07T14:14:37.669+0100] {processor.py:914} INFO - Processing file /usr/local/anaconda3/envs/airflow_env/lib/python3.8/site-packages/airflow/example_dags/example_trigger_controller_dag.py for tasks to queue
[2025-03-07T14:14:37.670+0100] {logging_mixin.py:190} INFO - [2025-03-07T14:14:37.670+0100] {dagbag.py:588} INFO - Filling up the DagBag from /usr/local/anaconda3/envs/airflow_env/lib/python3.8/site-packages/airflow/example_dags/example_trigger_controller_dag.py
[2025-03-07T14:14:37.678+0100] {processor.py:925} INFO - DAG(s) 'example_trigger_controller_dag' retrieved from /usr/local/anaconda3/envs/airflow_env/lib/python3.8/site-packages/airflow/example_dags/example_trigger_controller_dag.py
[2025-03-07T14:14:37.744+0100] {logging_mixin.py:190} INFO - [2025-03-07T14:14:37.744+0100] {dag.py:3239} INFO - Sync 1 DAGs
[2025-03-07T14:14:37.755+0100] {logging_mixin.py:190} INFO - [2025-03-07T14:14:37.755+0100] {dag.py:4180} INFO - Setting next_dagrun for example_trigger_controller_dag to 2021-01-01T00:00:00+00:00, run_after=2021-01-01T00:00:00+00:00
[2025-03-07T14:14:37.767+0100] {processor.py:208} INFO - Processing /usr/local/anaconda3/envs/airflow_env/lib/python3.8/site-packages/airflow/example_dags/example_trigger_controller_dag.py took 0.103 seconds
[2025-03-07T14:16:49.960+0100] {processor.py:186} INFO - Started process (PID=3306) to work on /usr/local/anaconda3/envs/airflow_env/lib/python3.8/site-packages/airflow/example_dags/example_trigger_controller_dag.py
[2025-03-07T14:16:49.963+0100] {processor.py:914} INFO - Processing file /usr/local/anaconda3/envs/airflow_env/lib/python3.8/site-packages/airflow/example_dags/example_trigger_controller_dag.py for tasks to queue
[2025-03-07T14:16:49.964+0100] {logging_mixin.py:190} INFO - [2025-03-07T14:16:49.964+0100] {dagbag.py:588} INFO - Filling up the DagBag from /usr/local/anaconda3/envs/airflow_env/lib/python3.8/site-packages/airflow/example_dags/example_trigger_controller_dag.py
[2025-03-07T14:16:49.972+0100] {processor.py:925} INFO - DAG(s) 'example_trigger_controller_dag' retrieved from /usr/local/anaconda3/envs/airflow_env/lib/python3.8/site-packages/airflow/example_dags/example_trigger_controller_dag.py
[2025-03-07T14:16:50.038+0100] {logging_mixin.py:190} INFO - [2025-03-07T14:16:50.038+0100] {dag.py:3239} INFO - Sync 1 DAGs
[2025-03-07T14:16:50.050+0100] {logging_mixin.py:190} INFO - [2025-03-07T14:16:50.050+0100] {dag.py:4180} INFO - Setting next_dagrun for example_trigger_controller_dag to 2021-01-01T00:00:00+00:00, run_after=2021-01-01T00:00:00+00:00
[2025-03-07T14:16:50.062+0100] {processor.py:208} INFO - Processing /usr/local/anaconda3/envs/airflow_env/lib/python3.8/site-packages/airflow/example_dags/example_trigger_controller_dag.py took 0.104 seconds
[2025-03-07T14:19:07.610+0100] {processor.py:186} INFO - Started process (PID=3563) to work on /usr/local/anaconda3/envs/airflow_env/lib/python3.8/site-packages/airflow/example_dags/example_trigger_controller_dag.py
[2025-03-07T14:19:07.614+0100] {processor.py:914} INFO - Processing file /usr/local/anaconda3/envs/airflow_env/lib/python3.8/site-packages/airflow/example_dags/example_trigger_controller_dag.py for tasks to queue
[2025-03-07T14:19:07.614+0100] {logging_mixin.py:190} INFO - [2025-03-07T14:19:07.614+0100] {dagbag.py:588} INFO - Filling up the DagBag from /usr/local/anaconda3/envs/airflow_env/lib/python3.8/site-packages/airflow/example_dags/example_trigger_controller_dag.py
[2025-03-07T14:19:07.622+0100] {processor.py:925} INFO - DAG(s) 'example_trigger_controller_dag' retrieved from /usr/local/anaconda3/envs/airflow_env/lib/python3.8/site-packages/airflow/example_dags/example_trigger_controller_dag.py
[2025-03-07T14:19:07.690+0100] {logging_mixin.py:190} INFO - [2025-03-07T14:19:07.689+0100] {dag.py:3239} INFO - Sync 1 DAGs
[2025-03-07T14:19:07.702+0100] {logging_mixin.py:190} INFO - [2025-03-07T14:19:07.702+0100] {dag.py:4180} INFO - Setting next_dagrun for example_trigger_controller_dag to 2021-01-01T00:00:00+00:00, run_after=2021-01-01T00:00:00+00:00
[2025-03-07T14:19:07.714+0100] {processor.py:208} INFO - Processing /usr/local/anaconda3/envs/airflow_env/lib/python3.8/site-packages/airflow/example_dags/example_trigger_controller_dag.py took 0.106 seconds
[2025-03-07T14:21:23.089+0100] {processor.py:186} INFO - Started process (PID=3831) to work on /usr/local/anaconda3/envs/airflow_env/lib/python3.8/site-packages/airflow/example_dags/example_trigger_controller_dag.py
[2025-03-07T14:21:23.092+0100] {processor.py:914} INFO - Processing file /usr/local/anaconda3/envs/airflow_env/lib/python3.8/site-packages/airflow/example_dags/example_trigger_controller_dag.py for tasks to queue
[2025-03-07T14:21:23.093+0100] {logging_mixin.py:190} INFO - [2025-03-07T14:21:23.093+0100] {dagbag.py:588} INFO - Filling up the DagBag from /usr/local/anaconda3/envs/airflow_env/lib/python3.8/site-packages/airflow/example_dags/example_trigger_controller_dag.py
[2025-03-07T14:21:23.101+0100] {processor.py:925} INFO - DAG(s) 'example_trigger_controller_dag' retrieved from /usr/local/anaconda3/envs/airflow_env/lib/python3.8/site-packages/airflow/example_dags/example_trigger_controller_dag.py
[2025-03-07T14:21:23.173+0100] {logging_mixin.py:190} INFO - [2025-03-07T14:21:23.172+0100] {dag.py:3239} INFO - Sync 1 DAGs
[2025-03-07T14:21:23.184+0100] {logging_mixin.py:190} INFO - [2025-03-07T14:21:23.184+0100] {dag.py:4180} INFO - Setting next_dagrun for example_trigger_controller_dag to 2021-01-01T00:00:00+00:00, run_after=2021-01-01T00:00:00+00:00
[2025-03-07T14:21:23.196+0100] {processor.py:208} INFO - Processing /usr/local/anaconda3/envs/airflow_env/lib/python3.8/site-packages/airflow/example_dags/example_trigger_controller_dag.py took 0.110 seconds
[2025-03-07T14:23:50.712+0100] {processor.py:186} INFO - Started process (PID=4071) to work on /usr/local/anaconda3/envs/airflow_env/lib/python3.8/site-packages/airflow/example_dags/example_trigger_controller_dag.py
[2025-03-07T14:23:50.715+0100] {processor.py:914} INFO - Processing file /usr/local/anaconda3/envs/airflow_env/lib/python3.8/site-packages/airflow/example_dags/example_trigger_controller_dag.py for tasks to queue
[2025-03-07T14:23:50.716+0100] {logging_mixin.py:190} INFO - [2025-03-07T14:23:50.716+0100] {dagbag.py:588} INFO - Filling up the DagBag from /usr/local/anaconda3/envs/airflow_env/lib/python3.8/site-packages/airflow/example_dags/example_trigger_controller_dag.py
[2025-03-07T14:23:50.724+0100] {processor.py:925} INFO - DAG(s) 'example_trigger_controller_dag' retrieved from /usr/local/anaconda3/envs/airflow_env/lib/python3.8/site-packages/airflow/example_dags/example_trigger_controller_dag.py
[2025-03-07T14:23:50.796+0100] {logging_mixin.py:190} INFO - [2025-03-07T14:23:50.795+0100] {dag.py:3239} INFO - Sync 1 DAGs
[2025-03-07T14:23:50.808+0100] {logging_mixin.py:190} INFO - [2025-03-07T14:23:50.808+0100] {dag.py:4180} INFO - Setting next_dagrun for example_trigger_controller_dag to 2021-01-01T00:00:00+00:00, run_after=2021-01-01T00:00:00+00:00
[2025-03-07T14:23:50.820+0100] {processor.py:208} INFO - Processing /usr/local/anaconda3/envs/airflow_env/lib/python3.8/site-packages/airflow/example_dags/example_trigger_controller_dag.py took 0.111 seconds
[2025-03-07T14:27:34.735+0100] {processor.py:186} INFO - Started process (PID=4446) to work on /usr/local/anaconda3/envs/airflow_env/lib/python3.8/site-packages/airflow/example_dags/example_trigger_controller_dag.py
[2025-03-07T14:27:34.739+0100] {processor.py:914} INFO - Processing file /usr/local/anaconda3/envs/airflow_env/lib/python3.8/site-packages/airflow/example_dags/example_trigger_controller_dag.py for tasks to queue
[2025-03-07T14:27:34.739+0100] {logging_mixin.py:190} INFO - [2025-03-07T14:27:34.739+0100] {dagbag.py:588} INFO - Filling up the DagBag from /usr/local/anaconda3/envs/airflow_env/lib/python3.8/site-packages/airflow/example_dags/example_trigger_controller_dag.py
[2025-03-07T14:27:34.747+0100] {processor.py:925} INFO - DAG(s) 'example_trigger_controller_dag' retrieved from /usr/local/anaconda3/envs/airflow_env/lib/python3.8/site-packages/airflow/example_dags/example_trigger_controller_dag.py
[2025-03-07T14:27:34.814+0100] {logging_mixin.py:190} INFO - [2025-03-07T14:27:34.814+0100] {dag.py:3239} INFO - Sync 1 DAGs
[2025-03-07T14:27:34.826+0100] {logging_mixin.py:190} INFO - [2025-03-07T14:27:34.825+0100] {dag.py:4180} INFO - Setting next_dagrun for example_trigger_controller_dag to 2021-01-01T00:00:00+00:00, run_after=2021-01-01T00:00:00+00:00
[2025-03-07T14:27:34.837+0100] {processor.py:208} INFO - Processing /usr/local/anaconda3/envs/airflow_env/lib/python3.8/site-packages/airflow/example_dags/example_trigger_controller_dag.py took 0.104 seconds
[2025-03-07T14:44:07.736+0100] {processor.py:186} INFO - Started process (PID=4924) to work on /usr/local/anaconda3/envs/airflow_env/lib/python3.8/site-packages/airflow/example_dags/example_trigger_controller_dag.py
[2025-03-07T14:44:07.739+0100] {processor.py:914} INFO - Processing file /usr/local/anaconda3/envs/airflow_env/lib/python3.8/site-packages/airflow/example_dags/example_trigger_controller_dag.py for tasks to queue
[2025-03-07T14:44:07.740+0100] {logging_mixin.py:190} INFO - [2025-03-07T14:44:07.740+0100] {dagbag.py:588} INFO - Filling up the DagBag from /usr/local/anaconda3/envs/airflow_env/lib/python3.8/site-packages/airflow/example_dags/example_trigger_controller_dag.py
[2025-03-07T14:44:07.749+0100] {processor.py:925} INFO - DAG(s) 'example_trigger_controller_dag' retrieved from /usr/local/anaconda3/envs/airflow_env/lib/python3.8/site-packages/airflow/example_dags/example_trigger_controller_dag.py
[2025-03-07T14:44:07.817+0100] {logging_mixin.py:190} INFO - [2025-03-07T14:44:07.817+0100] {dag.py:3239} INFO - Sync 1 DAGs
[2025-03-07T14:44:07.828+0100] {logging_mixin.py:190} INFO - [2025-03-07T14:44:07.828+0100] {dag.py:4180} INFO - Setting next_dagrun for example_trigger_controller_dag to 2021-01-01T00:00:00+00:00, run_after=2021-01-01T00:00:00+00:00
[2025-03-07T14:44:07.840+0100] {processor.py:208} INFO - Processing /usr/local/anaconda3/envs/airflow_env/lib/python3.8/site-packages/airflow/example_dags/example_trigger_controller_dag.py took 0.107 seconds
[2025-03-07T14:46:57.715+0100] {processor.py:186} INFO - Started process (PID=5152) to work on /usr/local/anaconda3/envs/airflow_env/lib/python3.8/site-packages/airflow/example_dags/example_trigger_controller_dag.py
[2025-03-07T14:46:57.718+0100] {processor.py:914} INFO - Processing file /usr/local/anaconda3/envs/airflow_env/lib/python3.8/site-packages/airflow/example_dags/example_trigger_controller_dag.py for tasks to queue
[2025-03-07T14:46:57.719+0100] {logging_mixin.py:190} INFO - [2025-03-07T14:46:57.719+0100] {dagbag.py:588} INFO - Filling up the DagBag from /usr/local/anaconda3/envs/airflow_env/lib/python3.8/site-packages/airflow/example_dags/example_trigger_controller_dag.py
[2025-03-07T14:46:57.728+0100] {processor.py:925} INFO - DAG(s) 'example_trigger_controller_dag' retrieved from /usr/local/anaconda3/envs/airflow_env/lib/python3.8/site-packages/airflow/example_dags/example_trigger_controller_dag.py
[2025-03-07T14:46:57.804+0100] {logging_mixin.py:190} INFO - [2025-03-07T14:46:57.804+0100] {dag.py:3239} INFO - Sync 1 DAGs
[2025-03-07T14:46:57.817+0100] {logging_mixin.py:190} INFO - [2025-03-07T14:46:57.817+0100] {dag.py:4180} INFO - Setting next_dagrun for example_trigger_controller_dag to 2021-01-01T00:00:00+00:00, run_after=2021-01-01T00:00:00+00:00
[2025-03-07T14:46:57.830+0100] {processor.py:208} INFO - Processing /usr/local/anaconda3/envs/airflow_env/lib/python3.8/site-packages/airflow/example_dags/example_trigger_controller_dag.py took 0.119 seconds
[2025-03-07T14:50:02.551+0100] {processor.py:186} INFO - Started process (PID=5562) to work on /usr/local/anaconda3/envs/airflow_env/lib/python3.8/site-packages/airflow/example_dags/example_trigger_controller_dag.py
[2025-03-07T14:50:02.555+0100] {processor.py:914} INFO - Processing file /usr/local/anaconda3/envs/airflow_env/lib/python3.8/site-packages/airflow/example_dags/example_trigger_controller_dag.py for tasks to queue
[2025-03-07T14:50:02.555+0100] {logging_mixin.py:190} INFO - [2025-03-07T14:50:02.555+0100] {dagbag.py:588} INFO - Filling up the DagBag from /usr/local/anaconda3/envs/airflow_env/lib/python3.8/site-packages/airflow/example_dags/example_trigger_controller_dag.py
[2025-03-07T14:50:02.564+0100] {processor.py:925} INFO - DAG(s) 'example_trigger_controller_dag' retrieved from /usr/local/anaconda3/envs/airflow_env/lib/python3.8/site-packages/airflow/example_dags/example_trigger_controller_dag.py
[2025-03-07T14:50:02.633+0100] {logging_mixin.py:190} INFO - [2025-03-07T14:50:02.632+0100] {dag.py:3239} INFO - Sync 1 DAGs
[2025-03-07T14:50:02.644+0100] {logging_mixin.py:190} INFO - [2025-03-07T14:50:02.644+0100] {dag.py:4180} INFO - Setting next_dagrun for example_trigger_controller_dag to 2021-01-01T00:00:00+00:00, run_after=2021-01-01T00:00:00+00:00
[2025-03-07T14:50:02.656+0100] {processor.py:208} INFO - Processing /usr/local/anaconda3/envs/airflow_env/lib/python3.8/site-packages/airflow/example_dags/example_trigger_controller_dag.py took 0.107 seconds
[2025-03-07T14:53:31.508+0100] {processor.py:186} INFO - Started process (PID=6011) to work on /usr/local/anaconda3/envs/airflow_env/lib/python3.8/site-packages/airflow/example_dags/example_trigger_controller_dag.py
[2025-03-07T14:53:31.511+0100] {processor.py:914} INFO - Processing file /usr/local/anaconda3/envs/airflow_env/lib/python3.8/site-packages/airflow/example_dags/example_trigger_controller_dag.py for tasks to queue
[2025-03-07T14:53:31.512+0100] {logging_mixin.py:190} INFO - [2025-03-07T14:53:31.512+0100] {dagbag.py:588} INFO - Filling up the DagBag from /usr/local/anaconda3/envs/airflow_env/lib/python3.8/site-packages/airflow/example_dags/example_trigger_controller_dag.py
[2025-03-07T14:53:31.521+0100] {processor.py:925} INFO - DAG(s) 'example_trigger_controller_dag' retrieved from /usr/local/anaconda3/envs/airflow_env/lib/python3.8/site-packages/airflow/example_dags/example_trigger_controller_dag.py
[2025-03-07T14:53:31.592+0100] {logging_mixin.py:190} INFO - [2025-03-07T14:53:31.591+0100] {dag.py:3239} INFO - Sync 1 DAGs
[2025-03-07T14:53:31.603+0100] {logging_mixin.py:190} INFO - [2025-03-07T14:53:31.603+0100] {dag.py:4180} INFO - Setting next_dagrun for example_trigger_controller_dag to 2021-01-01T00:00:00+00:00, run_after=2021-01-01T00:00:00+00:00
[2025-03-07T14:53:31.615+0100] {processor.py:208} INFO - Processing /usr/local/anaconda3/envs/airflow_env/lib/python3.8/site-packages/airflow/example_dags/example_trigger_controller_dag.py took 0.110 seconds
[2025-03-07T14:56:14.770+0100] {processor.py:186} INFO - Started process (PID=6330) to work on /usr/local/anaconda3/envs/airflow_env/lib/python3.8/site-packages/airflow/example_dags/example_trigger_controller_dag.py
[2025-03-07T14:56:14.774+0100] {processor.py:914} INFO - Processing file /usr/local/anaconda3/envs/airflow_env/lib/python3.8/site-packages/airflow/example_dags/example_trigger_controller_dag.py for tasks to queue
[2025-03-07T14:56:14.774+0100] {logging_mixin.py:190} INFO - [2025-03-07T14:56:14.774+0100] {dagbag.py:588} INFO - Filling up the DagBag from /usr/local/anaconda3/envs/airflow_env/lib/python3.8/site-packages/airflow/example_dags/example_trigger_controller_dag.py
[2025-03-07T14:56:14.783+0100] {processor.py:925} INFO - DAG(s) 'example_trigger_controller_dag' retrieved from /usr/local/anaconda3/envs/airflow_env/lib/python3.8/site-packages/airflow/example_dags/example_trigger_controller_dag.py
[2025-03-07T14:56:14.851+0100] {logging_mixin.py:190} INFO - [2025-03-07T14:56:14.851+0100] {dag.py:3239} INFO - Sync 1 DAGs
[2025-03-07T14:56:14.862+0100] {logging_mixin.py:190} INFO - [2025-03-07T14:56:14.862+0100] {dag.py:4180} INFO - Setting next_dagrun for example_trigger_controller_dag to 2021-01-01T00:00:00+00:00, run_after=2021-01-01T00:00:00+00:00
[2025-03-07T14:56:14.874+0100] {processor.py:208} INFO - Processing /usr/local/anaconda3/envs/airflow_env/lib/python3.8/site-packages/airflow/example_dags/example_trigger_controller_dag.py took 0.106 seconds
[2025-03-07T14:58:27.779+0100] {processor.py:186} INFO - Started process (PID=6590) to work on /usr/local/anaconda3/envs/airflow_env/lib/python3.8/site-packages/airflow/example_dags/example_trigger_controller_dag.py
[2025-03-07T14:58:27.783+0100] {processor.py:914} INFO - Processing file /usr/local/anaconda3/envs/airflow_env/lib/python3.8/site-packages/airflow/example_dags/example_trigger_controller_dag.py for tasks to queue
[2025-03-07T14:58:27.783+0100] {logging_mixin.py:190} INFO - [2025-03-07T14:58:27.783+0100] {dagbag.py:588} INFO - Filling up the DagBag from /usr/local/anaconda3/envs/airflow_env/lib/python3.8/site-packages/airflow/example_dags/example_trigger_controller_dag.py
[2025-03-07T14:58:27.792+0100] {processor.py:925} INFO - DAG(s) 'example_trigger_controller_dag' retrieved from /usr/local/anaconda3/envs/airflow_env/lib/python3.8/site-packages/airflow/example_dags/example_trigger_controller_dag.py
[2025-03-07T14:58:27.860+0100] {logging_mixin.py:190} INFO - [2025-03-07T14:58:27.859+0100] {dag.py:3239} INFO - Sync 1 DAGs
[2025-03-07T14:58:27.870+0100] {logging_mixin.py:190} INFO - [2025-03-07T14:58:27.870+0100] {dag.py:4180} INFO - Setting next_dagrun for example_trigger_controller_dag to 2021-01-01T00:00:00+00:00, run_after=2021-01-01T00:00:00+00:00
[2025-03-07T14:58:27.882+0100] {processor.py:208} INFO - Processing /usr/local/anaconda3/envs/airflow_env/lib/python3.8/site-packages/airflow/example_dags/example_trigger_controller_dag.py took 0.105 seconds
[2025-03-07T15:00:41.495+0100] {processor.py:186} INFO - Started process (PID=6868) to work on /usr/local/anaconda3/envs/airflow_env/lib/python3.8/site-packages/airflow/example_dags/example_trigger_controller_dag.py
[2025-03-07T15:00:41.498+0100] {processor.py:914} INFO - Processing file /usr/local/anaconda3/envs/airflow_env/lib/python3.8/site-packages/airflow/example_dags/example_trigger_controller_dag.py for tasks to queue
[2025-03-07T15:00:41.498+0100] {logging_mixin.py:190} INFO - [2025-03-07T15:00:41.498+0100] {dagbag.py:588} INFO - Filling up the DagBag from /usr/local/anaconda3/envs/airflow_env/lib/python3.8/site-packages/airflow/example_dags/example_trigger_controller_dag.py
[2025-03-07T15:00:41.507+0100] {processor.py:925} INFO - DAG(s) 'example_trigger_controller_dag' retrieved from /usr/local/anaconda3/envs/airflow_env/lib/python3.8/site-packages/airflow/example_dags/example_trigger_controller_dag.py
[2025-03-07T15:00:41.575+0100] {logging_mixin.py:190} INFO - [2025-03-07T15:00:41.575+0100] {dag.py:3239} INFO - Sync 1 DAGs
[2025-03-07T15:00:41.586+0100] {logging_mixin.py:190} INFO - [2025-03-07T15:00:41.586+0100] {dag.py:4180} INFO - Setting next_dagrun for example_trigger_controller_dag to 2021-01-01T00:00:00+00:00, run_after=2021-01-01T00:00:00+00:00
[2025-03-07T15:00:41.598+0100] {processor.py:208} INFO - Processing /usr/local/anaconda3/envs/airflow_env/lib/python3.8/site-packages/airflow/example_dags/example_trigger_controller_dag.py took 0.107 seconds
[2025-03-07T15:03:07.301+0100] {processor.py:186} INFO - Started process (PID=7129) to work on /usr/local/anaconda3/envs/airflow_env/lib/python3.8/site-packages/airflow/example_dags/example_trigger_controller_dag.py
[2025-03-07T15:03:07.304+0100] {processor.py:914} INFO - Processing file /usr/local/anaconda3/envs/airflow_env/lib/python3.8/site-packages/airflow/example_dags/example_trigger_controller_dag.py for tasks to queue
[2025-03-07T15:03:07.305+0100] {logging_mixin.py:190} INFO - [2025-03-07T15:03:07.305+0100] {dagbag.py:588} INFO - Filling up the DagBag from /usr/local/anaconda3/envs/airflow_env/lib/python3.8/site-packages/airflow/example_dags/example_trigger_controller_dag.py
[2025-03-07T15:03:07.313+0100] {processor.py:925} INFO - DAG(s) 'example_trigger_controller_dag' retrieved from /usr/local/anaconda3/envs/airflow_env/lib/python3.8/site-packages/airflow/example_dags/example_trigger_controller_dag.py
[2025-03-07T15:03:07.382+0100] {logging_mixin.py:190} INFO - [2025-03-07T15:03:07.382+0100] {dag.py:3239} INFO - Sync 1 DAGs
[2025-03-07T15:03:07.394+0100] {logging_mixin.py:190} INFO - [2025-03-07T15:03:07.394+0100] {dag.py:4180} INFO - Setting next_dagrun for example_trigger_controller_dag to 2021-01-01T00:00:00+00:00, run_after=2021-01-01T00:00:00+00:00
[2025-03-07T15:03:07.405+0100] {processor.py:208} INFO - Processing /usr/local/anaconda3/envs/airflow_env/lib/python3.8/site-packages/airflow/example_dags/example_trigger_controller_dag.py took 0.107 seconds
[2025-03-07T15:05:28.730+0100] {processor.py:186} INFO - Started process (PID=7377) to work on /usr/local/anaconda3/envs/airflow_env/lib/python3.8/site-packages/airflow/example_dags/example_trigger_controller_dag.py
[2025-03-07T15:05:28.734+0100] {processor.py:914} INFO - Processing file /usr/local/anaconda3/envs/airflow_env/lib/python3.8/site-packages/airflow/example_dags/example_trigger_controller_dag.py for tasks to queue
[2025-03-07T15:05:28.735+0100] {logging_mixin.py:190} INFO - [2025-03-07T15:05:28.734+0100] {dagbag.py:588} INFO - Filling up the DagBag from /usr/local/anaconda3/envs/airflow_env/lib/python3.8/site-packages/airflow/example_dags/example_trigger_controller_dag.py
[2025-03-07T15:05:28.744+0100] {processor.py:925} INFO - DAG(s) 'example_trigger_controller_dag' retrieved from /usr/local/anaconda3/envs/airflow_env/lib/python3.8/site-packages/airflow/example_dags/example_trigger_controller_dag.py
[2025-03-07T15:05:28.814+0100] {logging_mixin.py:190} INFO - [2025-03-07T15:05:28.813+0100] {dag.py:3239} INFO - Sync 1 DAGs
[2025-03-07T15:05:28.826+0100] {logging_mixin.py:190} INFO - [2025-03-07T15:05:28.825+0100] {dag.py:4180} INFO - Setting next_dagrun for example_trigger_controller_dag to 2021-01-01T00:00:00+00:00, run_after=2021-01-01T00:00:00+00:00
[2025-03-07T15:05:28.838+0100] {processor.py:208} INFO - Processing /usr/local/anaconda3/envs/airflow_env/lib/python3.8/site-packages/airflow/example_dags/example_trigger_controller_dag.py took 0.111 seconds
[2025-03-07T15:07:52.602+0100] {processor.py:186} INFO - Started process (PID=7622) to work on /usr/local/anaconda3/envs/airflow_env/lib/python3.8/site-packages/airflow/example_dags/example_trigger_controller_dag.py
[2025-03-07T15:07:52.605+0100] {processor.py:914} INFO - Processing file /usr/local/anaconda3/envs/airflow_env/lib/python3.8/site-packages/airflow/example_dags/example_trigger_controller_dag.py for tasks to queue
[2025-03-07T15:07:52.605+0100] {logging_mixin.py:190} INFO - [2025-03-07T15:07:52.605+0100] {dagbag.py:588} INFO - Filling up the DagBag from /usr/local/anaconda3/envs/airflow_env/lib/python3.8/site-packages/airflow/example_dags/example_trigger_controller_dag.py
[2025-03-07T15:07:52.614+0100] {processor.py:925} INFO - DAG(s) 'example_trigger_controller_dag' retrieved from /usr/local/anaconda3/envs/airflow_env/lib/python3.8/site-packages/airflow/example_dags/example_trigger_controller_dag.py
[2025-03-07T15:07:52.684+0100] {logging_mixin.py:190} INFO - [2025-03-07T15:07:52.684+0100] {dag.py:3239} INFO - Sync 1 DAGs
[2025-03-07T15:07:52.696+0100] {logging_mixin.py:190} INFO - [2025-03-07T15:07:52.695+0100] {dag.py:4180} INFO - Setting next_dagrun for example_trigger_controller_dag to 2021-01-01T00:00:00+00:00, run_after=2021-01-01T00:00:00+00:00
[2025-03-07T15:07:52.707+0100] {processor.py:208} INFO - Processing /usr/local/anaconda3/envs/airflow_env/lib/python3.8/site-packages/airflow/example_dags/example_trigger_controller_dag.py took 0.108 seconds
[2025-03-07T15:10:18.993+0100] {processor.py:186} INFO - Started process (PID=7860) to work on /usr/local/anaconda3/envs/airflow_env/lib/python3.8/site-packages/airflow/example_dags/example_trigger_controller_dag.py
[2025-03-07T15:10:18.996+0100] {processor.py:914} INFO - Processing file /usr/local/anaconda3/envs/airflow_env/lib/python3.8/site-packages/airflow/example_dags/example_trigger_controller_dag.py for tasks to queue
[2025-03-07T15:10:18.997+0100] {logging_mixin.py:190} INFO - [2025-03-07T15:10:18.997+0100] {dagbag.py:588} INFO - Filling up the DagBag from /usr/local/anaconda3/envs/airflow_env/lib/python3.8/site-packages/airflow/example_dags/example_trigger_controller_dag.py
[2025-03-07T15:10:19.006+0100] {processor.py:925} INFO - DAG(s) 'example_trigger_controller_dag' retrieved from /usr/local/anaconda3/envs/airflow_env/lib/python3.8/site-packages/airflow/example_dags/example_trigger_controller_dag.py
[2025-03-07T15:10:19.083+0100] {logging_mixin.py:190} INFO - [2025-03-07T15:10:19.082+0100] {dag.py:3239} INFO - Sync 1 DAGs
[2025-03-07T15:10:19.095+0100] {logging_mixin.py:190} INFO - [2025-03-07T15:10:19.095+0100] {dag.py:4180} INFO - Setting next_dagrun for example_trigger_controller_dag to 2021-01-01T00:00:00+00:00, run_after=2021-01-01T00:00:00+00:00
[2025-03-07T15:10:19.107+0100] {processor.py:208} INFO - Processing /usr/local/anaconda3/envs/airflow_env/lib/python3.8/site-packages/airflow/example_dags/example_trigger_controller_dag.py took 0.118 seconds
[2025-03-07T15:13:00.940+0100] {processor.py:186} INFO - Started process (PID=8216) to work on /usr/local/anaconda3/envs/airflow_env/lib/python3.8/site-packages/airflow/example_dags/example_trigger_controller_dag.py
[2025-03-07T15:13:00.944+0100] {processor.py:914} INFO - Processing file /usr/local/anaconda3/envs/airflow_env/lib/python3.8/site-packages/airflow/example_dags/example_trigger_controller_dag.py for tasks to queue
[2025-03-07T15:13:00.944+0100] {logging_mixin.py:190} INFO - [2025-03-07T15:13:00.944+0100] {dagbag.py:588} INFO - Filling up the DagBag from /usr/local/anaconda3/envs/airflow_env/lib/python3.8/site-packages/airflow/example_dags/example_trigger_controller_dag.py
[2025-03-07T15:13:00.953+0100] {processor.py:925} INFO - DAG(s) 'example_trigger_controller_dag' retrieved from /usr/local/anaconda3/envs/airflow_env/lib/python3.8/site-packages/airflow/example_dags/example_trigger_controller_dag.py
[2025-03-07T15:13:01.022+0100] {logging_mixin.py:190} INFO - [2025-03-07T15:13:01.022+0100] {dag.py:3239} INFO - Sync 1 DAGs
[2025-03-07T15:13:01.033+0100] {logging_mixin.py:190} INFO - [2025-03-07T15:13:01.033+0100] {dag.py:4180} INFO - Setting next_dagrun for example_trigger_controller_dag to 2021-01-01T00:00:00+00:00, run_after=2021-01-01T00:00:00+00:00
[2025-03-07T15:13:01.045+0100] {processor.py:208} INFO - Processing /usr/local/anaconda3/envs/airflow_env/lib/python3.8/site-packages/airflow/example_dags/example_trigger_controller_dag.py took 0.107 seconds
[2025-03-07T15:15:57.051+0100] {processor.py:186} INFO - Started process (PID=8503) to work on /usr/local/anaconda3/envs/airflow_env/lib/python3.8/site-packages/airflow/example_dags/example_trigger_controller_dag.py
[2025-03-07T15:15:57.054+0100] {processor.py:914} INFO - Processing file /usr/local/anaconda3/envs/airflow_env/lib/python3.8/site-packages/airflow/example_dags/example_trigger_controller_dag.py for tasks to queue
[2025-03-07T15:15:57.054+0100] {logging_mixin.py:190} INFO - [2025-03-07T15:15:57.054+0100] {dagbag.py:588} INFO - Filling up the DagBag from /usr/local/anaconda3/envs/airflow_env/lib/python3.8/site-packages/airflow/example_dags/example_trigger_controller_dag.py
[2025-03-07T15:15:57.063+0100] {processor.py:925} INFO - DAG(s) 'example_trigger_controller_dag' retrieved from /usr/local/anaconda3/envs/airflow_env/lib/python3.8/site-packages/airflow/example_dags/example_trigger_controller_dag.py
[2025-03-07T15:15:57.129+0100] {logging_mixin.py:190} INFO - [2025-03-07T15:15:57.129+0100] {dag.py:3239} INFO - Sync 1 DAGs
[2025-03-07T15:15:57.140+0100] {logging_mixin.py:190} INFO - [2025-03-07T15:15:57.140+0100] {dag.py:4180} INFO - Setting next_dagrun for example_trigger_controller_dag to 2021-01-01T00:00:00+00:00, run_after=2021-01-01T00:00:00+00:00
[2025-03-07T15:15:57.152+0100] {processor.py:208} INFO - Processing /usr/local/anaconda3/envs/airflow_env/lib/python3.8/site-packages/airflow/example_dags/example_trigger_controller_dag.py took 0.105 seconds
[2025-03-07T15:18:17.100+0100] {processor.py:186} INFO - Started process (PID=8767) to work on /usr/local/anaconda3/envs/airflow_env/lib/python3.8/site-packages/airflow/example_dags/example_trigger_controller_dag.py
[2025-03-07T15:18:17.104+0100] {processor.py:914} INFO - Processing file /usr/local/anaconda3/envs/airflow_env/lib/python3.8/site-packages/airflow/example_dags/example_trigger_controller_dag.py for tasks to queue
[2025-03-07T15:18:17.104+0100] {logging_mixin.py:190} INFO - [2025-03-07T15:18:17.104+0100] {dagbag.py:588} INFO - Filling up the DagBag from /usr/local/anaconda3/envs/airflow_env/lib/python3.8/site-packages/airflow/example_dags/example_trigger_controller_dag.py
[2025-03-07T15:18:17.113+0100] {processor.py:925} INFO - DAG(s) 'example_trigger_controller_dag' retrieved from /usr/local/anaconda3/envs/airflow_env/lib/python3.8/site-packages/airflow/example_dags/example_trigger_controller_dag.py
[2025-03-07T15:18:17.179+0100] {logging_mixin.py:190} INFO - [2025-03-07T15:18:17.178+0100] {dag.py:3239} INFO - Sync 1 DAGs
[2025-03-07T15:18:17.189+0100] {logging_mixin.py:190} INFO - [2025-03-07T15:18:17.189+0100] {dag.py:4180} INFO - Setting next_dagrun for example_trigger_controller_dag to 2021-01-01T00:00:00+00:00, run_after=2021-01-01T00:00:00+00:00
[2025-03-07T15:18:17.201+0100] {processor.py:208} INFO - Processing /usr/local/anaconda3/envs/airflow_env/lib/python3.8/site-packages/airflow/example_dags/example_trigger_controller_dag.py took 0.103 seconds
[2025-03-07T15:20:31.951+0100] {processor.py:186} INFO - Started process (PID=9113) to work on /usr/local/anaconda3/envs/airflow_env/lib/python3.8/site-packages/airflow/example_dags/example_trigger_controller_dag.py
[2025-03-07T15:20:31.954+0100] {processor.py:914} INFO - Processing file /usr/local/anaconda3/envs/airflow_env/lib/python3.8/site-packages/airflow/example_dags/example_trigger_controller_dag.py for tasks to queue
[2025-03-07T15:20:31.955+0100] {logging_mixin.py:190} INFO - [2025-03-07T15:20:31.955+0100] {dagbag.py:588} INFO - Filling up the DagBag from /usr/local/anaconda3/envs/airflow_env/lib/python3.8/site-packages/airflow/example_dags/example_trigger_controller_dag.py
[2025-03-07T15:20:31.963+0100] {processor.py:925} INFO - DAG(s) 'example_trigger_controller_dag' retrieved from /usr/local/anaconda3/envs/airflow_env/lib/python3.8/site-packages/airflow/example_dags/example_trigger_controller_dag.py
[2025-03-07T15:20:32.028+0100] {logging_mixin.py:190} INFO - [2025-03-07T15:20:32.028+0100] {dag.py:3239} INFO - Sync 1 DAGs
[2025-03-07T15:20:32.039+0100] {logging_mixin.py:190} INFO - [2025-03-07T15:20:32.039+0100] {dag.py:4180} INFO - Setting next_dagrun for example_trigger_controller_dag to 2021-01-01T00:00:00+00:00, run_after=2021-01-01T00:00:00+00:00
[2025-03-07T15:20:32.050+0100] {processor.py:208} INFO - Processing /usr/local/anaconda3/envs/airflow_env/lib/python3.8/site-packages/airflow/example_dags/example_trigger_controller_dag.py took 0.103 seconds
[2025-03-07T15:22:47.396+0100] {processor.py:186} INFO - Started process (PID=9404) to work on /usr/local/anaconda3/envs/airflow_env/lib/python3.8/site-packages/airflow/example_dags/example_trigger_controller_dag.py
[2025-03-07T15:22:47.399+0100] {processor.py:914} INFO - Processing file /usr/local/anaconda3/envs/airflow_env/lib/python3.8/site-packages/airflow/example_dags/example_trigger_controller_dag.py for tasks to queue
[2025-03-07T15:22:47.400+0100] {logging_mixin.py:190} INFO - [2025-03-07T15:22:47.400+0100] {dagbag.py:588} INFO - Filling up the DagBag from /usr/local/anaconda3/envs/airflow_env/lib/python3.8/site-packages/airflow/example_dags/example_trigger_controller_dag.py
[2025-03-07T15:22:47.409+0100] {processor.py:925} INFO - DAG(s) 'example_trigger_controller_dag' retrieved from /usr/local/anaconda3/envs/airflow_env/lib/python3.8/site-packages/airflow/example_dags/example_trigger_controller_dag.py
[2025-03-07T15:22:47.476+0100] {logging_mixin.py:190} INFO - [2025-03-07T15:22:47.476+0100] {dag.py:3239} INFO - Sync 1 DAGs
[2025-03-07T15:22:47.489+0100] {logging_mixin.py:190} INFO - [2025-03-07T15:22:47.488+0100] {dag.py:4180} INFO - Setting next_dagrun for example_trigger_controller_dag to 2021-01-01T00:00:00+00:00, run_after=2021-01-01T00:00:00+00:00
[2025-03-07T15:22:47.500+0100] {processor.py:208} INFO - Processing /usr/local/anaconda3/envs/airflow_env/lib/python3.8/site-packages/airflow/example_dags/example_trigger_controller_dag.py took 0.108 seconds
[2025-03-07T15:25:06.694+0100] {processor.py:186} INFO - Started process (PID=9724) to work on /usr/local/anaconda3/envs/airflow_env/lib/python3.8/site-packages/airflow/example_dags/example_trigger_controller_dag.py
[2025-03-07T15:25:06.697+0100] {processor.py:914} INFO - Processing file /usr/local/anaconda3/envs/airflow_env/lib/python3.8/site-packages/airflow/example_dags/example_trigger_controller_dag.py for tasks to queue
[2025-03-07T15:25:06.698+0100] {logging_mixin.py:190} INFO - [2025-03-07T15:25:06.698+0100] {dagbag.py:588} INFO - Filling up the DagBag from /usr/local/anaconda3/envs/airflow_env/lib/python3.8/site-packages/airflow/example_dags/example_trigger_controller_dag.py
[2025-03-07T15:25:06.707+0100] {processor.py:925} INFO - DAG(s) 'example_trigger_controller_dag' retrieved from /usr/local/anaconda3/envs/airflow_env/lib/python3.8/site-packages/airflow/example_dags/example_trigger_controller_dag.py
[2025-03-07T15:25:06.774+0100] {logging_mixin.py:190} INFO - [2025-03-07T15:25:06.774+0100] {dag.py:3239} INFO - Sync 1 DAGs
[2025-03-07T15:25:06.785+0100] {logging_mixin.py:190} INFO - [2025-03-07T15:25:06.785+0100] {dag.py:4180} INFO - Setting next_dagrun for example_trigger_controller_dag to 2021-01-01T00:00:00+00:00, run_after=2021-01-01T00:00:00+00:00
[2025-03-07T15:25:06.797+0100] {processor.py:208} INFO - Processing /usr/local/anaconda3/envs/airflow_env/lib/python3.8/site-packages/airflow/example_dags/example_trigger_controller_dag.py took 0.106 seconds
[2025-03-07T15:27:29.179+0100] {processor.py:186} INFO - Started process (PID=10040) to work on /usr/local/anaconda3/envs/airflow_env/lib/python3.8/site-packages/airflow/example_dags/example_trigger_controller_dag.py
[2025-03-07T15:27:29.182+0100] {processor.py:914} INFO - Processing file /usr/local/anaconda3/envs/airflow_env/lib/python3.8/site-packages/airflow/example_dags/example_trigger_controller_dag.py for tasks to queue
[2025-03-07T15:27:29.183+0100] {logging_mixin.py:190} INFO - [2025-03-07T15:27:29.183+0100] {dagbag.py:588} INFO - Filling up the DagBag from /usr/local/anaconda3/envs/airflow_env/lib/python3.8/site-packages/airflow/example_dags/example_trigger_controller_dag.py
[2025-03-07T15:27:29.192+0100] {processor.py:925} INFO - DAG(s) 'example_trigger_controller_dag' retrieved from /usr/local/anaconda3/envs/airflow_env/lib/python3.8/site-packages/airflow/example_dags/example_trigger_controller_dag.py
[2025-03-07T15:27:29.263+0100] {logging_mixin.py:190} INFO - [2025-03-07T15:27:29.262+0100] {dag.py:3239} INFO - Sync 1 DAGs
[2025-03-07T15:27:29.274+0100] {logging_mixin.py:190} INFO - [2025-03-07T15:27:29.274+0100] {dag.py:4180} INFO - Setting next_dagrun for example_trigger_controller_dag to 2021-01-01T00:00:00+00:00, run_after=2021-01-01T00:00:00+00:00
[2025-03-07T15:27:29.286+0100] {processor.py:208} INFO - Processing /usr/local/anaconda3/envs/airflow_env/lib/python3.8/site-packages/airflow/example_dags/example_trigger_controller_dag.py took 0.110 seconds
[2025-03-07T15:30:06.706+0100] {processor.py:186} INFO - Started process (PID=10346) to work on /usr/local/anaconda3/envs/airflow_env/lib/python3.8/site-packages/airflow/example_dags/example_trigger_controller_dag.py
[2025-03-07T15:30:06.709+0100] {processor.py:914} INFO - Processing file /usr/local/anaconda3/envs/airflow_env/lib/python3.8/site-packages/airflow/example_dags/example_trigger_controller_dag.py for tasks to queue
[2025-03-07T15:30:06.710+0100] {logging_mixin.py:190} INFO - [2025-03-07T15:30:06.710+0100] {dagbag.py:588} INFO - Filling up the DagBag from /usr/local/anaconda3/envs/airflow_env/lib/python3.8/site-packages/airflow/example_dags/example_trigger_controller_dag.py
[2025-03-07T15:30:06.718+0100] {processor.py:925} INFO - DAG(s) 'example_trigger_controller_dag' retrieved from /usr/local/anaconda3/envs/airflow_env/lib/python3.8/site-packages/airflow/example_dags/example_trigger_controller_dag.py
[2025-03-07T15:30:06.784+0100] {logging_mixin.py:190} INFO - [2025-03-07T15:30:06.784+0100] {dag.py:3239} INFO - Sync 1 DAGs
[2025-03-07T15:30:06.796+0100] {logging_mixin.py:190} INFO - [2025-03-07T15:30:06.795+0100] {dag.py:4180} INFO - Setting next_dagrun for example_trigger_controller_dag to 2021-01-01T00:00:00+00:00, run_after=2021-01-01T00:00:00+00:00
[2025-03-07T15:30:06.808+0100] {processor.py:208} INFO - Processing /usr/local/anaconda3/envs/airflow_env/lib/python3.8/site-packages/airflow/example_dags/example_trigger_controller_dag.py took 0.104 seconds
[2025-03-07T15:32:52.282+0100] {processor.py:186} INFO - Started process (PID=10583) to work on /usr/local/anaconda3/envs/airflow_env/lib/python3.8/site-packages/airflow/example_dags/example_trigger_controller_dag.py
[2025-03-07T15:32:52.285+0100] {processor.py:914} INFO - Processing file /usr/local/anaconda3/envs/airflow_env/lib/python3.8/site-packages/airflow/example_dags/example_trigger_controller_dag.py for tasks to queue
[2025-03-07T15:32:52.286+0100] {logging_mixin.py:190} INFO - [2025-03-07T15:32:52.286+0100] {dagbag.py:588} INFO - Filling up the DagBag from /usr/local/anaconda3/envs/airflow_env/lib/python3.8/site-packages/airflow/example_dags/example_trigger_controller_dag.py
[2025-03-07T15:32:52.298+0100] {processor.py:925} INFO - DAG(s) 'example_trigger_controller_dag' retrieved from /usr/local/anaconda3/envs/airflow_env/lib/python3.8/site-packages/airflow/example_dags/example_trigger_controller_dag.py
[2025-03-07T15:32:52.366+0100] {logging_mixin.py:190} INFO - [2025-03-07T15:32:52.365+0100] {dag.py:3239} INFO - Sync 1 DAGs
[2025-03-07T15:32:52.378+0100] {logging_mixin.py:190} INFO - [2025-03-07T15:32:52.378+0100] {dag.py:4180} INFO - Setting next_dagrun for example_trigger_controller_dag to 2021-01-01T00:00:00+00:00, run_after=2021-01-01T00:00:00+00:00
[2025-03-07T15:32:52.390+0100] {processor.py:208} INFO - Processing /usr/local/anaconda3/envs/airflow_env/lib/python3.8/site-packages/airflow/example_dags/example_trigger_controller_dag.py took 0.116 seconds
[2025-03-07T15:35:07.970+0100] {processor.py:186} INFO - Started process (PID=10832) to work on /usr/local/anaconda3/envs/airflow_env/lib/python3.8/site-packages/airflow/example_dags/example_trigger_controller_dag.py
[2025-03-07T15:35:07.973+0100] {processor.py:914} INFO - Processing file /usr/local/anaconda3/envs/airflow_env/lib/python3.8/site-packages/airflow/example_dags/example_trigger_controller_dag.py for tasks to queue
[2025-03-07T15:35:07.974+0100] {logging_mixin.py:190} INFO - [2025-03-07T15:35:07.974+0100] {dagbag.py:588} INFO - Filling up the DagBag from /usr/local/anaconda3/envs/airflow_env/lib/python3.8/site-packages/airflow/example_dags/example_trigger_controller_dag.py
[2025-03-07T15:35:07.984+0100] {processor.py:925} INFO - DAG(s) 'example_trigger_controller_dag' retrieved from /usr/local/anaconda3/envs/airflow_env/lib/python3.8/site-packages/airflow/example_dags/example_trigger_controller_dag.py
[2025-03-07T15:35:08.055+0100] {logging_mixin.py:190} INFO - [2025-03-07T15:35:08.055+0100] {dag.py:3239} INFO - Sync 1 DAGs
[2025-03-07T15:35:08.067+0100] {logging_mixin.py:190} INFO - [2025-03-07T15:35:08.067+0100] {dag.py:4180} INFO - Setting next_dagrun for example_trigger_controller_dag to 2021-01-01T00:00:00+00:00, run_after=2021-01-01T00:00:00+00:00
[2025-03-07T15:35:08.082+0100] {processor.py:208} INFO - Processing /usr/local/anaconda3/envs/airflow_env/lib/python3.8/site-packages/airflow/example_dags/example_trigger_controller_dag.py took 0.115 seconds
[2025-03-07T15:37:23.181+0100] {processor.py:186} INFO - Started process (PID=11129) to work on /usr/local/anaconda3/envs/airflow_env/lib/python3.8/site-packages/airflow/example_dags/example_trigger_controller_dag.py
[2025-03-07T15:37:23.184+0100] {processor.py:914} INFO - Processing file /usr/local/anaconda3/envs/airflow_env/lib/python3.8/site-packages/airflow/example_dags/example_trigger_controller_dag.py for tasks to queue
[2025-03-07T15:37:23.185+0100] {logging_mixin.py:190} INFO - [2025-03-07T15:37:23.185+0100] {dagbag.py:588} INFO - Filling up the DagBag from /usr/local/anaconda3/envs/airflow_env/lib/python3.8/site-packages/airflow/example_dags/example_trigger_controller_dag.py
[2025-03-07T15:37:23.193+0100] {processor.py:925} INFO - DAG(s) 'example_trigger_controller_dag' retrieved from /usr/local/anaconda3/envs/airflow_env/lib/python3.8/site-packages/airflow/example_dags/example_trigger_controller_dag.py
[2025-03-07T15:37:23.261+0100] {logging_mixin.py:190} INFO - [2025-03-07T15:37:23.260+0100] {dag.py:3239} INFO - Sync 1 DAGs
[2025-03-07T15:37:23.271+0100] {logging_mixin.py:190} INFO - [2025-03-07T15:37:23.271+0100] {dag.py:4180} INFO - Setting next_dagrun for example_trigger_controller_dag to 2021-01-01T00:00:00+00:00, run_after=2021-01-01T00:00:00+00:00
[2025-03-07T15:37:23.283+0100] {processor.py:208} INFO - Processing /usr/local/anaconda3/envs/airflow_env/lib/python3.8/site-packages/airflow/example_dags/example_trigger_controller_dag.py took 0.105 seconds
[2025-03-07T15:39:38.196+0100] {processor.py:186} INFO - Started process (PID=11367) to work on /usr/local/anaconda3/envs/airflow_env/lib/python3.8/site-packages/airflow/example_dags/example_trigger_controller_dag.py
[2025-03-07T15:39:38.199+0100] {processor.py:914} INFO - Processing file /usr/local/anaconda3/envs/airflow_env/lib/python3.8/site-packages/airflow/example_dags/example_trigger_controller_dag.py for tasks to queue
[2025-03-07T15:39:38.200+0100] {logging_mixin.py:190} INFO - [2025-03-07T15:39:38.200+0100] {dagbag.py:588} INFO - Filling up the DagBag from /usr/local/anaconda3/envs/airflow_env/lib/python3.8/site-packages/airflow/example_dags/example_trigger_controller_dag.py
[2025-03-07T15:39:38.209+0100] {processor.py:925} INFO - DAG(s) 'example_trigger_controller_dag' retrieved from /usr/local/anaconda3/envs/airflow_env/lib/python3.8/site-packages/airflow/example_dags/example_trigger_controller_dag.py
[2025-03-07T15:39:38.275+0100] {logging_mixin.py:190} INFO - [2025-03-07T15:39:38.275+0100] {dag.py:3239} INFO - Sync 1 DAGs
[2025-03-07T15:39:38.286+0100] {logging_mixin.py:190} INFO - [2025-03-07T15:39:38.286+0100] {dag.py:4180} INFO - Setting next_dagrun for example_trigger_controller_dag to 2021-01-01T00:00:00+00:00, run_after=2021-01-01T00:00:00+00:00
[2025-03-07T15:39:38.298+0100] {processor.py:208} INFO - Processing /usr/local/anaconda3/envs/airflow_env/lib/python3.8/site-packages/airflow/example_dags/example_trigger_controller_dag.py took 0.104 seconds
[2025-03-07T15:41:48.168+0100] {processor.py:186} INFO - Started process (PID=11534) to work on /usr/local/anaconda3/envs/airflow_env/lib/python3.8/site-packages/airflow/example_dags/example_trigger_controller_dag.py
[2025-03-07T15:41:48.171+0100] {processor.py:914} INFO - Processing file /usr/local/anaconda3/envs/airflow_env/lib/python3.8/site-packages/airflow/example_dags/example_trigger_controller_dag.py for tasks to queue
[2025-03-07T15:41:48.172+0100] {logging_mixin.py:190} INFO - [2025-03-07T15:41:48.172+0100] {dagbag.py:588} INFO - Filling up the DagBag from /usr/local/anaconda3/envs/airflow_env/lib/python3.8/site-packages/airflow/example_dags/example_trigger_controller_dag.py
[2025-03-07T15:41:48.181+0100] {processor.py:925} INFO - DAG(s) 'example_trigger_controller_dag' retrieved from /usr/local/anaconda3/envs/airflow_env/lib/python3.8/site-packages/airflow/example_dags/example_trigger_controller_dag.py
[2025-03-07T15:41:48.246+0100] {logging_mixin.py:190} INFO - [2025-03-07T15:41:48.245+0100] {dag.py:3239} INFO - Sync 1 DAGs
[2025-03-07T15:41:48.257+0100] {logging_mixin.py:190} INFO - [2025-03-07T15:41:48.256+0100] {dag.py:4180} INFO - Setting next_dagrun for example_trigger_controller_dag to 2021-01-01T00:00:00+00:00, run_after=2021-01-01T00:00:00+00:00
[2025-03-07T15:41:48.268+0100] {processor.py:208} INFO - Processing /usr/local/anaconda3/envs/airflow_env/lib/python3.8/site-packages/airflow/example_dags/example_trigger_controller_dag.py took 0.103 seconds
[2025-03-07T15:43:56.973+0100] {processor.py:186} INFO - Started process (PID=11774) to work on /usr/local/anaconda3/envs/airflow_env/lib/python3.8/site-packages/airflow/example_dags/example_trigger_controller_dag.py
[2025-03-07T15:43:56.976+0100] {processor.py:914} INFO - Processing file /usr/local/anaconda3/envs/airflow_env/lib/python3.8/site-packages/airflow/example_dags/example_trigger_controller_dag.py for tasks to queue
[2025-03-07T15:43:56.977+0100] {logging_mixin.py:190} INFO - [2025-03-07T15:43:56.977+0100] {dagbag.py:588} INFO - Filling up the DagBag from /usr/local/anaconda3/envs/airflow_env/lib/python3.8/site-packages/airflow/example_dags/example_trigger_controller_dag.py
[2025-03-07T15:43:56.986+0100] {processor.py:925} INFO - DAG(s) 'example_trigger_controller_dag' retrieved from /usr/local/anaconda3/envs/airflow_env/lib/python3.8/site-packages/airflow/example_dags/example_trigger_controller_dag.py
[2025-03-07T15:43:57.053+0100] {logging_mixin.py:190} INFO - [2025-03-07T15:43:57.053+0100] {dag.py:3239} INFO - Sync 1 DAGs
[2025-03-07T15:43:57.065+0100] {logging_mixin.py:190} INFO - [2025-03-07T15:43:57.065+0100] {dag.py:4180} INFO - Setting next_dagrun for example_trigger_controller_dag to 2021-01-01T00:00:00+00:00, run_after=2021-01-01T00:00:00+00:00
[2025-03-07T15:43:57.076+0100] {processor.py:208} INFO - Processing /usr/local/anaconda3/envs/airflow_env/lib/python3.8/site-packages/airflow/example_dags/example_trigger_controller_dag.py took 0.106 seconds
[2025-03-07T15:46:23.597+0100] {processor.py:186} INFO - Started process (PID=11987) to work on /usr/local/anaconda3/envs/airflow_env/lib/python3.8/site-packages/airflow/example_dags/example_trigger_controller_dag.py
[2025-03-07T15:46:23.601+0100] {processor.py:914} INFO - Processing file /usr/local/anaconda3/envs/airflow_env/lib/python3.8/site-packages/airflow/example_dags/example_trigger_controller_dag.py for tasks to queue
[2025-03-07T15:46:23.602+0100] {logging_mixin.py:190} INFO - [2025-03-07T15:46:23.602+0100] {dagbag.py:588} INFO - Filling up the DagBag from /usr/local/anaconda3/envs/airflow_env/lib/python3.8/site-packages/airflow/example_dags/example_trigger_controller_dag.py
[2025-03-07T15:46:23.610+0100] {processor.py:925} INFO - DAG(s) 'example_trigger_controller_dag' retrieved from /usr/local/anaconda3/envs/airflow_env/lib/python3.8/site-packages/airflow/example_dags/example_trigger_controller_dag.py
[2025-03-07T15:46:23.682+0100] {logging_mixin.py:190} INFO - [2025-03-07T15:46:23.681+0100] {dag.py:3239} INFO - Sync 1 DAGs
[2025-03-07T15:46:23.694+0100] {logging_mixin.py:190} INFO - [2025-03-07T15:46:23.694+0100] {dag.py:4180} INFO - Setting next_dagrun for example_trigger_controller_dag to 2021-01-01T00:00:00+00:00, run_after=2021-01-01T00:00:00+00:00
[2025-03-07T15:46:23.707+0100] {processor.py:208} INFO - Processing /usr/local/anaconda3/envs/airflow_env/lib/python3.8/site-packages/airflow/example_dags/example_trigger_controller_dag.py took 0.113 seconds
[2025-03-07T15:48:40.268+0100] {processor.py:186} INFO - Started process (PID=12218) to work on /usr/local/anaconda3/envs/airflow_env/lib/python3.8/site-packages/airflow/example_dags/example_trigger_controller_dag.py
[2025-03-07T15:48:40.271+0100] {processor.py:914} INFO - Processing file /usr/local/anaconda3/envs/airflow_env/lib/python3.8/site-packages/airflow/example_dags/example_trigger_controller_dag.py for tasks to queue
[2025-03-07T15:48:40.272+0100] {logging_mixin.py:190} INFO - [2025-03-07T15:48:40.272+0100] {dagbag.py:588} INFO - Filling up the DagBag from /usr/local/anaconda3/envs/airflow_env/lib/python3.8/site-packages/airflow/example_dags/example_trigger_controller_dag.py
[2025-03-07T15:48:40.280+0100] {processor.py:925} INFO - DAG(s) 'example_trigger_controller_dag' retrieved from /usr/local/anaconda3/envs/airflow_env/lib/python3.8/site-packages/airflow/example_dags/example_trigger_controller_dag.py
[2025-03-07T15:48:40.346+0100] {logging_mixin.py:190} INFO - [2025-03-07T15:48:40.346+0100] {dag.py:3239} INFO - Sync 1 DAGs
[2025-03-07T15:48:40.357+0100] {logging_mixin.py:190} INFO - [2025-03-07T15:48:40.357+0100] {dag.py:4180} INFO - Setting next_dagrun for example_trigger_controller_dag to 2021-01-01T00:00:00+00:00, run_after=2021-01-01T00:00:00+00:00
[2025-03-07T15:48:40.370+0100] {processor.py:208} INFO - Processing /usr/local/anaconda3/envs/airflow_env/lib/python3.8/site-packages/airflow/example_dags/example_trigger_controller_dag.py took 0.105 seconds
[2025-03-07T15:50:53.656+0100] {processor.py:186} INFO - Started process (PID=12502) to work on /usr/local/anaconda3/envs/airflow_env/lib/python3.8/site-packages/airflow/example_dags/example_trigger_controller_dag.py
[2025-03-07T15:50:53.659+0100] {processor.py:914} INFO - Processing file /usr/local/anaconda3/envs/airflow_env/lib/python3.8/site-packages/airflow/example_dags/example_trigger_controller_dag.py for tasks to queue
[2025-03-07T15:50:53.660+0100] {logging_mixin.py:190} INFO - [2025-03-07T15:50:53.660+0100] {dagbag.py:588} INFO - Filling up the DagBag from /usr/local/anaconda3/envs/airflow_env/lib/python3.8/site-packages/airflow/example_dags/example_trigger_controller_dag.py
[2025-03-07T15:50:53.669+0100] {processor.py:925} INFO - DAG(s) 'example_trigger_controller_dag' retrieved from /usr/local/anaconda3/envs/airflow_env/lib/python3.8/site-packages/airflow/example_dags/example_trigger_controller_dag.py
[2025-03-07T15:50:53.737+0100] {logging_mixin.py:190} INFO - [2025-03-07T15:50:53.737+0100] {dag.py:3239} INFO - Sync 1 DAGs
[2025-03-07T15:50:53.748+0100] {logging_mixin.py:190} INFO - [2025-03-07T15:50:53.748+0100] {dag.py:4180} INFO - Setting next_dagrun for example_trigger_controller_dag to 2021-01-01T00:00:00+00:00, run_after=2021-01-01T00:00:00+00:00
[2025-03-07T15:50:53.760+0100] {processor.py:208} INFO - Processing /usr/local/anaconda3/envs/airflow_env/lib/python3.8/site-packages/airflow/example_dags/example_trigger_controller_dag.py took 0.107 seconds
[2025-03-07T15:53:25.326+0100] {processor.py:186} INFO - Started process (PID=12787) to work on /usr/local/anaconda3/envs/airflow_env/lib/python3.8/site-packages/airflow/example_dags/example_trigger_controller_dag.py
[2025-03-07T15:53:25.329+0100] {processor.py:914} INFO - Processing file /usr/local/anaconda3/envs/airflow_env/lib/python3.8/site-packages/airflow/example_dags/example_trigger_controller_dag.py for tasks to queue
[2025-03-07T15:53:25.330+0100] {logging_mixin.py:190} INFO - [2025-03-07T15:53:25.330+0100] {dagbag.py:588} INFO - Filling up the DagBag from /usr/local/anaconda3/envs/airflow_env/lib/python3.8/site-packages/airflow/example_dags/example_trigger_controller_dag.py
[2025-03-07T15:53:25.339+0100] {processor.py:925} INFO - DAG(s) 'example_trigger_controller_dag' retrieved from /usr/local/anaconda3/envs/airflow_env/lib/python3.8/site-packages/airflow/example_dags/example_trigger_controller_dag.py
[2025-03-07T15:53:25.406+0100] {logging_mixin.py:190} INFO - [2025-03-07T15:53:25.406+0100] {dag.py:3239} INFO - Sync 1 DAGs
[2025-03-07T15:53:25.418+0100] {logging_mixin.py:190} INFO - [2025-03-07T15:53:25.417+0100] {dag.py:4180} INFO - Setting next_dagrun for example_trigger_controller_dag to 2021-01-01T00:00:00+00:00, run_after=2021-01-01T00:00:00+00:00
[2025-03-07T15:53:25.429+0100] {processor.py:208} INFO - Processing /usr/local/anaconda3/envs/airflow_env/lib/python3.8/site-packages/airflow/example_dags/example_trigger_controller_dag.py took 0.106 seconds
[2025-03-07T15:55:41.653+0100] {processor.py:186} INFO - Started process (PID=13036) to work on /usr/local/anaconda3/envs/airflow_env/lib/python3.8/site-packages/airflow/example_dags/example_trigger_controller_dag.py
[2025-03-07T15:55:41.656+0100] {processor.py:914} INFO - Processing file /usr/local/anaconda3/envs/airflow_env/lib/python3.8/site-packages/airflow/example_dags/example_trigger_controller_dag.py for tasks to queue
[2025-03-07T15:55:41.657+0100] {logging_mixin.py:190} INFO - [2025-03-07T15:55:41.657+0100] {dagbag.py:588} INFO - Filling up the DagBag from /usr/local/anaconda3/envs/airflow_env/lib/python3.8/site-packages/airflow/example_dags/example_trigger_controller_dag.py
[2025-03-07T15:55:41.666+0100] {processor.py:925} INFO - DAG(s) 'example_trigger_controller_dag' retrieved from /usr/local/anaconda3/envs/airflow_env/lib/python3.8/site-packages/airflow/example_dags/example_trigger_controller_dag.py
[2025-03-07T15:55:41.732+0100] {logging_mixin.py:190} INFO - [2025-03-07T15:55:41.732+0100] {dag.py:3239} INFO - Sync 1 DAGs
[2025-03-07T15:55:41.744+0100] {logging_mixin.py:190} INFO - [2025-03-07T15:55:41.744+0100] {dag.py:4180} INFO - Setting next_dagrun for example_trigger_controller_dag to 2021-01-01T00:00:00+00:00, run_after=2021-01-01T00:00:00+00:00
[2025-03-07T15:55:41.755+0100] {processor.py:208} INFO - Processing /usr/local/anaconda3/envs/airflow_env/lib/python3.8/site-packages/airflow/example_dags/example_trigger_controller_dag.py took 0.105 seconds
[2025-03-07T15:57:58.373+0100] {processor.py:186} INFO - Started process (PID=13260) to work on /usr/local/anaconda3/envs/airflow_env/lib/python3.8/site-packages/airflow/example_dags/example_trigger_controller_dag.py
[2025-03-07T15:57:58.376+0100] {processor.py:914} INFO - Processing file /usr/local/anaconda3/envs/airflow_env/lib/python3.8/site-packages/airflow/example_dags/example_trigger_controller_dag.py for tasks to queue
[2025-03-07T15:57:58.377+0100] {logging_mixin.py:190} INFO - [2025-03-07T15:57:58.377+0100] {dagbag.py:588} INFO - Filling up the DagBag from /usr/local/anaconda3/envs/airflow_env/lib/python3.8/site-packages/airflow/example_dags/example_trigger_controller_dag.py
[2025-03-07T15:57:58.387+0100] {processor.py:925} INFO - DAG(s) 'example_trigger_controller_dag' retrieved from /usr/local/anaconda3/envs/airflow_env/lib/python3.8/site-packages/airflow/example_dags/example_trigger_controller_dag.py
[2025-03-07T15:57:58.457+0100] {logging_mixin.py:190} INFO - [2025-03-07T15:57:58.457+0100] {dag.py:3239} INFO - Sync 1 DAGs
[2025-03-07T15:57:58.469+0100] {logging_mixin.py:190} INFO - [2025-03-07T15:57:58.468+0100] {dag.py:4180} INFO - Setting next_dagrun for example_trigger_controller_dag to 2021-01-01T00:00:00+00:00, run_after=2021-01-01T00:00:00+00:00
[2025-03-07T15:57:58.481+0100] {processor.py:208} INFO - Processing /usr/local/anaconda3/envs/airflow_env/lib/python3.8/site-packages/airflow/example_dags/example_trigger_controller_dag.py took 0.111 seconds
[2025-03-07T16:00:14.655+0100] {processor.py:186} INFO - Started process (PID=13529) to work on /usr/local/anaconda3/envs/airflow_env/lib/python3.8/site-packages/airflow/example_dags/example_trigger_controller_dag.py
[2025-03-07T16:00:14.658+0100] {processor.py:914} INFO - Processing file /usr/local/anaconda3/envs/airflow_env/lib/python3.8/site-packages/airflow/example_dags/example_trigger_controller_dag.py for tasks to queue
[2025-03-07T16:00:14.659+0100] {logging_mixin.py:190} INFO - [2025-03-07T16:00:14.659+0100] {dagbag.py:588} INFO - Filling up the DagBag from /usr/local/anaconda3/envs/airflow_env/lib/python3.8/site-packages/airflow/example_dags/example_trigger_controller_dag.py
[2025-03-07T16:00:14.669+0100] {processor.py:925} INFO - DAG(s) 'example_trigger_controller_dag' retrieved from /usr/local/anaconda3/envs/airflow_env/lib/python3.8/site-packages/airflow/example_dags/example_trigger_controller_dag.py
[2025-03-07T16:00:14.744+0100] {logging_mixin.py:190} INFO - [2025-03-07T16:00:14.744+0100] {dag.py:3239} INFO - Sync 1 DAGs
[2025-03-07T16:00:14.757+0100] {logging_mixin.py:190} INFO - [2025-03-07T16:00:14.756+0100] {dag.py:4180} INFO - Setting next_dagrun for example_trigger_controller_dag to 2021-01-01T00:00:00+00:00, run_after=2021-01-01T00:00:00+00:00
[2025-03-07T16:00:14.770+0100] {processor.py:208} INFO - Processing /usr/local/anaconda3/envs/airflow_env/lib/python3.8/site-packages/airflow/example_dags/example_trigger_controller_dag.py took 0.119 seconds
[2025-03-07T16:03:59.329+0100] {processor.py:186} INFO - Started process (PID=13827) to work on /usr/local/anaconda3/envs/airflow_env/lib/python3.8/site-packages/airflow/example_dags/example_trigger_controller_dag.py
[2025-03-07T16:03:59.332+0100] {processor.py:914} INFO - Processing file /usr/local/anaconda3/envs/airflow_env/lib/python3.8/site-packages/airflow/example_dags/example_trigger_controller_dag.py for tasks to queue
[2025-03-07T16:03:59.333+0100] {logging_mixin.py:190} INFO - [2025-03-07T16:03:59.333+0100] {dagbag.py:588} INFO - Filling up the DagBag from /usr/local/anaconda3/envs/airflow_env/lib/python3.8/site-packages/airflow/example_dags/example_trigger_controller_dag.py
[2025-03-07T16:03:59.342+0100] {processor.py:925} INFO - DAG(s) 'example_trigger_controller_dag' retrieved from /usr/local/anaconda3/envs/airflow_env/lib/python3.8/site-packages/airflow/example_dags/example_trigger_controller_dag.py
[2025-03-07T16:03:59.410+0100] {logging_mixin.py:190} INFO - [2025-03-07T16:03:59.409+0100] {dag.py:3239} INFO - Sync 1 DAGs
[2025-03-07T16:03:59.421+0100] {logging_mixin.py:190} INFO - [2025-03-07T16:03:59.421+0100] {dag.py:4180} INFO - Setting next_dagrun for example_trigger_controller_dag to 2021-01-01T00:00:00+00:00, run_after=2021-01-01T00:00:00+00:00
[2025-03-07T16:03:59.433+0100] {processor.py:208} INFO - Processing /usr/local/anaconda3/envs/airflow_env/lib/python3.8/site-packages/airflow/example_dags/example_trigger_controller_dag.py took 0.106 seconds
[2025-03-07T16:07:01.665+0100] {processor.py:186} INFO - Started process (PID=14122) to work on /usr/local/anaconda3/envs/airflow_env/lib/python3.8/site-packages/airflow/example_dags/example_trigger_controller_dag.py
[2025-03-07T16:07:01.668+0100] {processor.py:914} INFO - Processing file /usr/local/anaconda3/envs/airflow_env/lib/python3.8/site-packages/airflow/example_dags/example_trigger_controller_dag.py for tasks to queue
[2025-03-07T16:07:01.669+0100] {logging_mixin.py:190} INFO - [2025-03-07T16:07:01.669+0100] {dagbag.py:588} INFO - Filling up the DagBag from /usr/local/anaconda3/envs/airflow_env/lib/python3.8/site-packages/airflow/example_dags/example_trigger_controller_dag.py
[2025-03-07T16:07:01.678+0100] {processor.py:925} INFO - DAG(s) 'example_trigger_controller_dag' retrieved from /usr/local/anaconda3/envs/airflow_env/lib/python3.8/site-packages/airflow/example_dags/example_trigger_controller_dag.py
[2025-03-07T16:07:01.749+0100] {logging_mixin.py:190} INFO - [2025-03-07T16:07:01.749+0100] {dag.py:3239} INFO - Sync 1 DAGs
[2025-03-07T16:07:01.762+0100] {logging_mixin.py:190} INFO - [2025-03-07T16:07:01.761+0100] {dag.py:4180} INFO - Setting next_dagrun for example_trigger_controller_dag to 2021-01-01T00:00:00+00:00, run_after=2021-01-01T00:00:00+00:00
[2025-03-07T16:07:01.775+0100] {processor.py:208} INFO - Processing /usr/local/anaconda3/envs/airflow_env/lib/python3.8/site-packages/airflow/example_dags/example_trigger_controller_dag.py took 0.113 seconds
[2025-03-07T16:10:53.008+0100] {processor.py:186} INFO - Started process (PID=14417) to work on /usr/local/anaconda3/envs/airflow_env/lib/python3.8/site-packages/airflow/example_dags/example_trigger_controller_dag.py
[2025-03-07T16:10:53.011+0100] {processor.py:914} INFO - Processing file /usr/local/anaconda3/envs/airflow_env/lib/python3.8/site-packages/airflow/example_dags/example_trigger_controller_dag.py for tasks to queue
[2025-03-07T16:10:53.012+0100] {logging_mixin.py:190} INFO - [2025-03-07T16:10:53.012+0100] {dagbag.py:588} INFO - Filling up the DagBag from /usr/local/anaconda3/envs/airflow_env/lib/python3.8/site-packages/airflow/example_dags/example_trigger_controller_dag.py
[2025-03-07T16:10:53.021+0100] {processor.py:925} INFO - DAG(s) 'example_trigger_controller_dag' retrieved from /usr/local/anaconda3/envs/airflow_env/lib/python3.8/site-packages/airflow/example_dags/example_trigger_controller_dag.py
[2025-03-07T16:10:53.090+0100] {logging_mixin.py:190} INFO - [2025-03-07T16:10:53.090+0100] {dag.py:3239} INFO - Sync 1 DAGs
[2025-03-07T16:10:53.101+0100] {logging_mixin.py:190} INFO - [2025-03-07T16:10:53.101+0100] {dag.py:4180} INFO - Setting next_dagrun for example_trigger_controller_dag to 2021-01-01T00:00:00+00:00, run_after=2021-01-01T00:00:00+00:00
[2025-03-07T16:10:53.112+0100] {processor.py:208} INFO - Processing /usr/local/anaconda3/envs/airflow_env/lib/python3.8/site-packages/airflow/example_dags/example_trigger_controller_dag.py took 0.107 seconds
[2025-03-07T16:13:11.740+0100] {processor.py:186} INFO - Started process (PID=14727) to work on /usr/local/anaconda3/envs/airflow_env/lib/python3.8/site-packages/airflow/example_dags/example_trigger_controller_dag.py
[2025-03-07T16:13:11.743+0100] {processor.py:914} INFO - Processing file /usr/local/anaconda3/envs/airflow_env/lib/python3.8/site-packages/airflow/example_dags/example_trigger_controller_dag.py for tasks to queue
[2025-03-07T16:13:11.743+0100] {logging_mixin.py:190} INFO - [2025-03-07T16:13:11.743+0100] {dagbag.py:588} INFO - Filling up the DagBag from /usr/local/anaconda3/envs/airflow_env/lib/python3.8/site-packages/airflow/example_dags/example_trigger_controller_dag.py
[2025-03-07T16:13:11.752+0100] {processor.py:925} INFO - DAG(s) 'example_trigger_controller_dag' retrieved from /usr/local/anaconda3/envs/airflow_env/lib/python3.8/site-packages/airflow/example_dags/example_trigger_controller_dag.py
[2025-03-07T16:13:11.819+0100] {logging_mixin.py:190} INFO - [2025-03-07T16:13:11.818+0100] {dag.py:3239} INFO - Sync 1 DAGs
[2025-03-07T16:13:11.830+0100] {logging_mixin.py:190} INFO - [2025-03-07T16:13:11.830+0100] {dag.py:4180} INFO - Setting next_dagrun for example_trigger_controller_dag to 2021-01-01T00:00:00+00:00, run_after=2021-01-01T00:00:00+00:00
[2025-03-07T16:13:11.842+0100] {processor.py:208} INFO - Processing /usr/local/anaconda3/envs/airflow_env/lib/python3.8/site-packages/airflow/example_dags/example_trigger_controller_dag.py took 0.106 seconds
[2025-03-07T16:15:24.413+0100] {processor.py:186} INFO - Started process (PID=15032) to work on /usr/local/anaconda3/envs/airflow_env/lib/python3.8/site-packages/airflow/example_dags/example_trigger_controller_dag.py
[2025-03-07T16:15:24.416+0100] {processor.py:914} INFO - Processing file /usr/local/anaconda3/envs/airflow_env/lib/python3.8/site-packages/airflow/example_dags/example_trigger_controller_dag.py for tasks to queue
[2025-03-07T16:15:24.417+0100] {logging_mixin.py:190} INFO - [2025-03-07T16:15:24.417+0100] {dagbag.py:588} INFO - Filling up the DagBag from /usr/local/anaconda3/envs/airflow_env/lib/python3.8/site-packages/airflow/example_dags/example_trigger_controller_dag.py
[2025-03-07T16:15:24.425+0100] {processor.py:925} INFO - DAG(s) 'example_trigger_controller_dag' retrieved from /usr/local/anaconda3/envs/airflow_env/lib/python3.8/site-packages/airflow/example_dags/example_trigger_controller_dag.py
[2025-03-07T16:15:24.491+0100] {logging_mixin.py:190} INFO - [2025-03-07T16:15:24.491+0100] {dag.py:3239} INFO - Sync 1 DAGs
[2025-03-07T16:15:24.503+0100] {logging_mixin.py:190} INFO - [2025-03-07T16:15:24.503+0100] {dag.py:4180} INFO - Setting next_dagrun for example_trigger_controller_dag to 2021-01-01T00:00:00+00:00, run_after=2021-01-01T00:00:00+00:00
[2025-03-07T16:15:24.515+0100] {processor.py:208} INFO - Processing /usr/local/anaconda3/envs/airflow_env/lib/python3.8/site-packages/airflow/example_dags/example_trigger_controller_dag.py took 0.105 seconds
[2025-03-07T16:17:39.515+0100] {processor.py:186} INFO - Started process (PID=15217) to work on /usr/local/anaconda3/envs/airflow_env/lib/python3.8/site-packages/airflow/example_dags/example_trigger_controller_dag.py
[2025-03-07T16:17:39.518+0100] {processor.py:914} INFO - Processing file /usr/local/anaconda3/envs/airflow_env/lib/python3.8/site-packages/airflow/example_dags/example_trigger_controller_dag.py for tasks to queue
[2025-03-07T16:17:39.519+0100] {logging_mixin.py:190} INFO - [2025-03-07T16:17:39.519+0100] {dagbag.py:588} INFO - Filling up the DagBag from /usr/local/anaconda3/envs/airflow_env/lib/python3.8/site-packages/airflow/example_dags/example_trigger_controller_dag.py
[2025-03-07T16:17:39.528+0100] {processor.py:925} INFO - DAG(s) 'example_trigger_controller_dag' retrieved from /usr/local/anaconda3/envs/airflow_env/lib/python3.8/site-packages/airflow/example_dags/example_trigger_controller_dag.py
[2025-03-07T16:17:39.595+0100] {logging_mixin.py:190} INFO - [2025-03-07T16:17:39.595+0100] {dag.py:3239} INFO - Sync 1 DAGs
[2025-03-07T16:17:39.606+0100] {logging_mixin.py:190} INFO - [2025-03-07T16:17:39.606+0100] {dag.py:4180} INFO - Setting next_dagrun for example_trigger_controller_dag to 2021-01-01T00:00:00+00:00, run_after=2021-01-01T00:00:00+00:00
[2025-03-07T16:17:39.618+0100] {processor.py:208} INFO - Processing /usr/local/anaconda3/envs/airflow_env/lib/python3.8/site-packages/airflow/example_dags/example_trigger_controller_dag.py took 0.105 seconds
[2025-03-07T16:19:57.188+0100] {processor.py:186} INFO - Started process (PID=15498) to work on /usr/local/anaconda3/envs/airflow_env/lib/python3.8/site-packages/airflow/example_dags/example_trigger_controller_dag.py
[2025-03-07T16:19:57.191+0100] {processor.py:914} INFO - Processing file /usr/local/anaconda3/envs/airflow_env/lib/python3.8/site-packages/airflow/example_dags/example_trigger_controller_dag.py for tasks to queue
[2025-03-07T16:19:57.192+0100] {logging_mixin.py:190} INFO - [2025-03-07T16:19:57.192+0100] {dagbag.py:588} INFO - Filling up the DagBag from /usr/local/anaconda3/envs/airflow_env/lib/python3.8/site-packages/airflow/example_dags/example_trigger_controller_dag.py
[2025-03-07T16:19:57.200+0100] {processor.py:925} INFO - DAG(s) 'example_trigger_controller_dag' retrieved from /usr/local/anaconda3/envs/airflow_env/lib/python3.8/site-packages/airflow/example_dags/example_trigger_controller_dag.py
[2025-03-07T16:19:57.267+0100] {logging_mixin.py:190} INFO - [2025-03-07T16:19:57.266+0100] {dag.py:3239} INFO - Sync 1 DAGs
[2025-03-07T16:19:57.277+0100] {logging_mixin.py:190} INFO - [2025-03-07T16:19:57.277+0100] {dag.py:4180} INFO - Setting next_dagrun for example_trigger_controller_dag to 2021-01-01T00:00:00+00:00, run_after=2021-01-01T00:00:00+00:00
[2025-03-07T16:19:57.289+0100] {processor.py:208} INFO - Processing /usr/local/anaconda3/envs/airflow_env/lib/python3.8/site-packages/airflow/example_dags/example_trigger_controller_dag.py took 0.104 seconds
[2025-03-07T16:23:07.829+0100] {processor.py:186} INFO - Started process (PID=15859) to work on /usr/local/anaconda3/envs/airflow_env/lib/python3.8/site-packages/airflow/example_dags/example_trigger_controller_dag.py
[2025-03-07T16:23:07.832+0100] {processor.py:914} INFO - Processing file /usr/local/anaconda3/envs/airflow_env/lib/python3.8/site-packages/airflow/example_dags/example_trigger_controller_dag.py for tasks to queue
[2025-03-07T16:23:07.833+0100] {logging_mixin.py:190} INFO - [2025-03-07T16:23:07.832+0100] {dagbag.py:588} INFO - Filling up the DagBag from /usr/local/anaconda3/envs/airflow_env/lib/python3.8/site-packages/airflow/example_dags/example_trigger_controller_dag.py
[2025-03-07T16:23:07.841+0100] {processor.py:925} INFO - DAG(s) 'example_trigger_controller_dag' retrieved from /usr/local/anaconda3/envs/airflow_env/lib/python3.8/site-packages/airflow/example_dags/example_trigger_controller_dag.py
[2025-03-07T16:23:07.908+0100] {logging_mixin.py:190} INFO - [2025-03-07T16:23:07.908+0100] {dag.py:3239} INFO - Sync 1 DAGs
[2025-03-07T16:23:07.919+0100] {logging_mixin.py:190} INFO - [2025-03-07T16:23:07.919+0100] {dag.py:4180} INFO - Setting next_dagrun for example_trigger_controller_dag to 2021-01-01T00:00:00+00:00, run_after=2021-01-01T00:00:00+00:00
[2025-03-07T16:23:07.930+0100] {processor.py:208} INFO - Processing /usr/local/anaconda3/envs/airflow_env/lib/python3.8/site-packages/airflow/example_dags/example_trigger_controller_dag.py took 0.105 seconds
[2025-03-07T16:30:02.162+0100] {processor.py:186} INFO - Started process (PID=16272) to work on /usr/local/anaconda3/envs/airflow_env/lib/python3.8/site-packages/airflow/example_dags/example_trigger_controller_dag.py
[2025-03-07T16:30:02.165+0100] {processor.py:914} INFO - Processing file /usr/local/anaconda3/envs/airflow_env/lib/python3.8/site-packages/airflow/example_dags/example_trigger_controller_dag.py for tasks to queue
[2025-03-07T16:30:02.165+0100] {logging_mixin.py:190} INFO - [2025-03-07T16:30:02.165+0100] {dagbag.py:588} INFO - Filling up the DagBag from /usr/local/anaconda3/envs/airflow_env/lib/python3.8/site-packages/airflow/example_dags/example_trigger_controller_dag.py
[2025-03-07T16:30:02.174+0100] {processor.py:925} INFO - DAG(s) 'example_trigger_controller_dag' retrieved from /usr/local/anaconda3/envs/airflow_env/lib/python3.8/site-packages/airflow/example_dags/example_trigger_controller_dag.py
[2025-03-07T16:30:02.241+0100] {logging_mixin.py:190} INFO - [2025-03-07T16:30:02.240+0100] {dag.py:3239} INFO - Sync 1 DAGs
[2025-03-07T16:30:02.251+0100] {logging_mixin.py:190} INFO - [2025-03-07T16:30:02.251+0100] {dag.py:4180} INFO - Setting next_dagrun for example_trigger_controller_dag to 2021-01-01T00:00:00+00:00, run_after=2021-01-01T00:00:00+00:00
[2025-03-07T16:30:02.263+0100] {processor.py:208} INFO - Processing /usr/local/anaconda3/envs/airflow_env/lib/python3.8/site-packages/airflow/example_dags/example_trigger_controller_dag.py took 0.104 seconds
