[2025-03-07T14:12:12.851+0100] {processor.py:186} INFO - Started process (PID=2811) to work on /usr/local/anaconda3/envs/airflow_env/lib/python3.8/site-packages/airflow/example_dags/example_latest_only_with_trigger.py
[2025-03-07T14:12:12.854+0100] {processor.py:914} INFO - Processing file /usr/local/anaconda3/envs/airflow_env/lib/python3.8/site-packages/airflow/example_dags/example_latest_only_with_trigger.py for tasks to queue
[2025-03-07T14:12:12.855+0100] {logging_mixin.py:190} INFO - [2025-03-07T14:12:12.855+0100] {dagbag.py:588} INFO - Filling up the DagBag from /usr/local/anaconda3/envs/airflow_env/lib/python3.8/site-packages/airflow/example_dags/example_latest_only_with_trigger.py
[2025-03-07T14:12:12.861+0100] {processor.py:925} INFO - DAG(s) 'latest_only_with_trigger' retrieved from /usr/local/anaconda3/envs/airflow_env/lib/python3.8/site-packages/airflow/example_dags/example_latest_only_with_trigger.py
[2025-03-07T14:12:12.991+0100] {logging_mixin.py:190} INFO - [2025-03-07T14:12:12.991+0100] {override.py:1901} INFO - Created Permission View: can read on DAG:latest_only_with_trigger
[2025-03-07T14:12:12.997+0100] {logging_mixin.py:190} INFO - [2025-03-07T14:12:12.996+0100] {override.py:1901} INFO - Created Permission View: can edit on DAG:latest_only_with_trigger
[2025-03-07T14:12:13.001+0100] {logging_mixin.py:190} INFO - [2025-03-07T14:12:13.001+0100] {override.py:1901} INFO - Created Permission View: can delete on DAG:latest_only_with_trigger
[2025-03-07T14:12:13.006+0100] {logging_mixin.py:190} INFO - [2025-03-07T14:12:13.006+0100] {override.py:1901} INFO - Created Permission View: can read on DAG Run:latest_only_with_trigger
[2025-03-07T14:12:13.010+0100] {logging_mixin.py:190} INFO - [2025-03-07T14:12:13.010+0100] {override.py:1901} INFO - Created Permission View: menu access on DAG Run:latest_only_with_trigger
[2025-03-07T14:12:13.014+0100] {logging_mixin.py:190} INFO - [2025-03-07T14:12:13.014+0100] {override.py:1901} INFO - Created Permission View: can create on DAG Run:latest_only_with_trigger
[2025-03-07T14:12:13.017+0100] {logging_mixin.py:190} INFO - [2025-03-07T14:12:13.017+0100] {override.py:1901} INFO - Created Permission View: can delete on DAG Run:latest_only_with_trigger
[2025-03-07T14:12:13.018+0100] {logging_mixin.py:190} INFO - [2025-03-07T14:12:13.017+0100] {dag.py:3239} INFO - Sync 1 DAGs
[2025-03-07T14:12:13.025+0100] {logging_mixin.py:190} INFO - [2025-03-07T14:12:13.025+0100] {dag.py:3262} INFO - Creating ORM DAG for latest_only_with_trigger
[2025-03-07T14:12:13.030+0100] {logging_mixin.py:190} INFO - [2025-03-07T14:12:13.030+0100] {dag.py:4180} INFO - Setting next_dagrun for latest_only_with_trigger to 2025-03-07T08:00:00+00:00, run_after=2025-03-07T12:00:00+00:00
[2025-03-07T14:12:13.041+0100] {processor.py:208} INFO - Processing /usr/local/anaconda3/envs/airflow_env/lib/python3.8/site-packages/airflow/example_dags/example_latest_only_with_trigger.py took 0.193 seconds
[2025-03-07T14:15:35.558+0100] {processor.py:186} INFO - Started process (PID=3134) to work on /usr/local/anaconda3/envs/airflow_env/lib/python3.8/site-packages/airflow/example_dags/example_latest_only_with_trigger.py
[2025-03-07T14:15:35.561+0100] {processor.py:914} INFO - Processing file /usr/local/anaconda3/envs/airflow_env/lib/python3.8/site-packages/airflow/example_dags/example_latest_only_with_trigger.py for tasks to queue
[2025-03-07T14:15:35.562+0100] {logging_mixin.py:190} INFO - [2025-03-07T14:15:35.562+0100] {dagbag.py:588} INFO - Filling up the DagBag from /usr/local/anaconda3/envs/airflow_env/lib/python3.8/site-packages/airflow/example_dags/example_latest_only_with_trigger.py
[2025-03-07T14:15:35.568+0100] {processor.py:925} INFO - DAG(s) 'latest_only_with_trigger' retrieved from /usr/local/anaconda3/envs/airflow_env/lib/python3.8/site-packages/airflow/example_dags/example_latest_only_with_trigger.py
[2025-03-07T14:15:35.642+0100] {logging_mixin.py:190} INFO - [2025-03-07T14:15:35.641+0100] {dag.py:3239} INFO - Sync 1 DAGs
[2025-03-07T14:15:35.655+0100] {logging_mixin.py:190} INFO - [2025-03-07T14:15:35.654+0100] {dag.py:4180} INFO - Setting next_dagrun for latest_only_with_trigger to 2025-03-07T08:00:00+00:00, run_after=2025-03-07T12:00:00+00:00
[2025-03-07T14:15:35.667+0100] {processor.py:208} INFO - Processing /usr/local/anaconda3/envs/airflow_env/lib/python3.8/site-packages/airflow/example_dags/example_latest_only_with_trigger.py took 0.112 seconds
[2025-03-07T14:20:03.901+0100] {processor.py:186} INFO - Started process (PID=3671) to work on /usr/local/anaconda3/envs/airflow_env/lib/python3.8/site-packages/airflow/example_dags/example_latest_only_with_trigger.py
[2025-03-07T14:20:03.904+0100] {processor.py:914} INFO - Processing file /usr/local/anaconda3/envs/airflow_env/lib/python3.8/site-packages/airflow/example_dags/example_latest_only_with_trigger.py for tasks to queue
[2025-03-07T14:20:03.905+0100] {logging_mixin.py:190} INFO - [2025-03-07T14:20:03.905+0100] {dagbag.py:588} INFO - Filling up the DagBag from /usr/local/anaconda3/envs/airflow_env/lib/python3.8/site-packages/airflow/example_dags/example_latest_only_with_trigger.py
[2025-03-07T14:20:03.910+0100] {processor.py:925} INFO - DAG(s) 'latest_only_with_trigger' retrieved from /usr/local/anaconda3/envs/airflow_env/lib/python3.8/site-packages/airflow/example_dags/example_latest_only_with_trigger.py
[2025-03-07T14:20:03.983+0100] {logging_mixin.py:190} INFO - [2025-03-07T14:20:03.983+0100] {dag.py:3239} INFO - Sync 1 DAGs
[2025-03-07T14:20:03.994+0100] {logging_mixin.py:190} INFO - [2025-03-07T14:20:03.994+0100] {dag.py:4180} INFO - Setting next_dagrun for latest_only_with_trigger to 2025-03-07T08:00:00+00:00, run_after=2025-03-07T12:00:00+00:00
[2025-03-07T14:20:04.006+0100] {processor.py:208} INFO - Processing /usr/local/anaconda3/envs/airflow_env/lib/python3.8/site-packages/airflow/example_dags/example_latest_only_with_trigger.py took 0.108 seconds
[2025-03-07T14:24:41.497+0100] {processor.py:186} INFO - Started process (PID=4148) to work on /usr/local/anaconda3/envs/airflow_env/lib/python3.8/site-packages/airflow/example_dags/example_latest_only_with_trigger.py
[2025-03-07T14:24:41.500+0100] {processor.py:914} INFO - Processing file /usr/local/anaconda3/envs/airflow_env/lib/python3.8/site-packages/airflow/example_dags/example_latest_only_with_trigger.py for tasks to queue
[2025-03-07T14:24:41.501+0100] {logging_mixin.py:190} INFO - [2025-03-07T14:24:41.501+0100] {dagbag.py:588} INFO - Filling up the DagBag from /usr/local/anaconda3/envs/airflow_env/lib/python3.8/site-packages/airflow/example_dags/example_latest_only_with_trigger.py
[2025-03-07T14:24:41.506+0100] {processor.py:925} INFO - DAG(s) 'latest_only_with_trigger' retrieved from /usr/local/anaconda3/envs/airflow_env/lib/python3.8/site-packages/airflow/example_dags/example_latest_only_with_trigger.py
[2025-03-07T14:24:41.576+0100] {logging_mixin.py:190} INFO - [2025-03-07T14:24:41.576+0100] {dag.py:3239} INFO - Sync 1 DAGs
[2025-03-07T14:24:41.588+0100] {logging_mixin.py:190} INFO - [2025-03-07T14:24:41.588+0100] {dag.py:4180} INFO - Setting next_dagrun for latest_only_with_trigger to 2025-03-07T08:00:00+00:00, run_after=2025-03-07T12:00:00+00:00
[2025-03-07T14:24:41.600+0100] {processor.py:208} INFO - Processing /usr/local/anaconda3/envs/airflow_env/lib/python3.8/site-packages/airflow/example_dags/example_latest_only_with_trigger.py took 0.106 seconds
[2025-03-07T14:45:04.863+0100] {processor.py:186} INFO - Started process (PID=4998) to work on /usr/local/anaconda3/envs/airflow_env/lib/python3.8/site-packages/airflow/example_dags/example_latest_only_with_trigger.py
[2025-03-07T14:45:04.866+0100] {processor.py:914} INFO - Processing file /usr/local/anaconda3/envs/airflow_env/lib/python3.8/site-packages/airflow/example_dags/example_latest_only_with_trigger.py for tasks to queue
[2025-03-07T14:45:04.867+0100] {logging_mixin.py:190} INFO - [2025-03-07T14:45:04.867+0100] {dagbag.py:588} INFO - Filling up the DagBag from /usr/local/anaconda3/envs/airflow_env/lib/python3.8/site-packages/airflow/example_dags/example_latest_only_with_trigger.py
[2025-03-07T14:45:04.873+0100] {processor.py:925} INFO - DAG(s) 'latest_only_with_trigger' retrieved from /usr/local/anaconda3/envs/airflow_env/lib/python3.8/site-packages/airflow/example_dags/example_latest_only_with_trigger.py
[2025-03-07T14:45:04.945+0100] {logging_mixin.py:190} INFO - [2025-03-07T14:45:04.944+0100] {dag.py:3239} INFO - Sync 1 DAGs
[2025-03-07T14:45:04.955+0100] {logging_mixin.py:190} INFO - [2025-03-07T14:45:04.955+0100] {dag.py:4180} INFO - Setting next_dagrun for latest_only_with_trigger to 2025-03-07T08:00:00+00:00, run_after=2025-03-07T12:00:00+00:00
[2025-03-07T14:45:04.967+0100] {processor.py:208} INFO - Processing /usr/local/anaconda3/envs/airflow_env/lib/python3.8/site-packages/airflow/example_dags/example_latest_only_with_trigger.py took 0.107 seconds
[2025-03-07T14:47:56.159+0100] {processor.py:186} INFO - Started process (PID=5267) to work on /usr/local/anaconda3/envs/airflow_env/lib/python3.8/site-packages/airflow/example_dags/example_latest_only_with_trigger.py
[2025-03-07T14:47:56.163+0100] {processor.py:914} INFO - Processing file /usr/local/anaconda3/envs/airflow_env/lib/python3.8/site-packages/airflow/example_dags/example_latest_only_with_trigger.py for tasks to queue
[2025-03-07T14:47:56.163+0100] {logging_mixin.py:190} INFO - [2025-03-07T14:47:56.163+0100] {dagbag.py:588} INFO - Filling up the DagBag from /usr/local/anaconda3/envs/airflow_env/lib/python3.8/site-packages/airflow/example_dags/example_latest_only_with_trigger.py
[2025-03-07T14:47:56.170+0100] {processor.py:925} INFO - DAG(s) 'latest_only_with_trigger' retrieved from /usr/local/anaconda3/envs/airflow_env/lib/python3.8/site-packages/airflow/example_dags/example_latest_only_with_trigger.py
[2025-03-07T14:47:56.243+0100] {logging_mixin.py:190} INFO - [2025-03-07T14:47:56.243+0100] {dag.py:3239} INFO - Sync 1 DAGs
[2025-03-07T14:47:56.254+0100] {logging_mixin.py:190} INFO - [2025-03-07T14:47:56.254+0100] {dag.py:4180} INFO - Setting next_dagrun for latest_only_with_trigger to 2025-03-07T08:00:00+00:00, run_after=2025-03-07T12:00:00+00:00
[2025-03-07T14:47:56.266+0100] {processor.py:208} INFO - Processing /usr/local/anaconda3/envs/airflow_env/lib/python3.8/site-packages/airflow/example_dags/example_latest_only_with_trigger.py took 0.109 seconds
[2025-03-07T14:50:59.879+0100] {processor.py:186} INFO - Started process (PID=5679) to work on /usr/local/anaconda3/envs/airflow_env/lib/python3.8/site-packages/airflow/example_dags/example_latest_only_with_trigger.py
[2025-03-07T14:50:59.882+0100] {processor.py:914} INFO - Processing file /usr/local/anaconda3/envs/airflow_env/lib/python3.8/site-packages/airflow/example_dags/example_latest_only_with_trigger.py for tasks to queue
[2025-03-07T14:50:59.883+0100] {logging_mixin.py:190} INFO - [2025-03-07T14:50:59.883+0100] {dagbag.py:588} INFO - Filling up the DagBag from /usr/local/anaconda3/envs/airflow_env/lib/python3.8/site-packages/airflow/example_dags/example_latest_only_with_trigger.py
[2025-03-07T14:50:59.890+0100] {processor.py:925} INFO - DAG(s) 'latest_only_with_trigger' retrieved from /usr/local/anaconda3/envs/airflow_env/lib/python3.8/site-packages/airflow/example_dags/example_latest_only_with_trigger.py
[2025-03-07T14:50:59.966+0100] {logging_mixin.py:190} INFO - [2025-03-07T14:50:59.966+0100] {dag.py:3239} INFO - Sync 1 DAGs
[2025-03-07T14:50:59.978+0100] {logging_mixin.py:190} INFO - [2025-03-07T14:50:59.977+0100] {dag.py:4180} INFO - Setting next_dagrun for latest_only_with_trigger to 2025-03-07T08:00:00+00:00, run_after=2025-03-07T12:00:00+00:00
[2025-03-07T14:50:59.990+0100] {processor.py:208} INFO - Processing /usr/local/anaconda3/envs/airflow_env/lib/python3.8/site-packages/airflow/example_dags/example_latest_only_with_trigger.py took 0.114 seconds
[2025-03-07T14:54:29.091+0100] {processor.py:186} INFO - Started process (PID=6116) to work on /usr/local/anaconda3/envs/airflow_env/lib/python3.8/site-packages/airflow/example_dags/example_latest_only_with_trigger.py
[2025-03-07T14:54:29.095+0100] {processor.py:914} INFO - Processing file /usr/local/anaconda3/envs/airflow_env/lib/python3.8/site-packages/airflow/example_dags/example_latest_only_with_trigger.py for tasks to queue
[2025-03-07T14:54:29.095+0100] {logging_mixin.py:190} INFO - [2025-03-07T14:54:29.095+0100] {dagbag.py:588} INFO - Filling up the DagBag from /usr/local/anaconda3/envs/airflow_env/lib/python3.8/site-packages/airflow/example_dags/example_latest_only_with_trigger.py
[2025-03-07T14:54:29.101+0100] {processor.py:925} INFO - DAG(s) 'latest_only_with_trigger' retrieved from /usr/local/anaconda3/envs/airflow_env/lib/python3.8/site-packages/airflow/example_dags/example_latest_only_with_trigger.py
[2025-03-07T14:54:29.175+0100] {logging_mixin.py:190} INFO - [2025-03-07T14:54:29.175+0100] {dag.py:3239} INFO - Sync 1 DAGs
[2025-03-07T14:54:29.187+0100] {logging_mixin.py:190} INFO - [2025-03-07T14:54:29.187+0100] {dag.py:4180} INFO - Setting next_dagrun for latest_only_with_trigger to 2025-03-07T08:00:00+00:00, run_after=2025-03-07T12:00:00+00:00
[2025-03-07T14:54:29.199+0100] {processor.py:208} INFO - Processing /usr/local/anaconda3/envs/airflow_env/lib/python3.8/site-packages/airflow/example_dags/example_latest_only_with_trigger.py took 0.110 seconds
[2025-03-07T14:57:10.384+0100] {processor.py:186} INFO - Started process (PID=6440) to work on /usr/local/anaconda3/envs/airflow_env/lib/python3.8/site-packages/airflow/example_dags/example_latest_only_with_trigger.py
[2025-03-07T14:57:10.387+0100] {processor.py:914} INFO - Processing file /usr/local/anaconda3/envs/airflow_env/lib/python3.8/site-packages/airflow/example_dags/example_latest_only_with_trigger.py for tasks to queue
[2025-03-07T14:57:10.388+0100] {logging_mixin.py:190} INFO - [2025-03-07T14:57:10.388+0100] {dagbag.py:588} INFO - Filling up the DagBag from /usr/local/anaconda3/envs/airflow_env/lib/python3.8/site-packages/airflow/example_dags/example_latest_only_with_trigger.py
[2025-03-07T14:57:10.394+0100] {processor.py:925} INFO - DAG(s) 'latest_only_with_trigger' retrieved from /usr/local/anaconda3/envs/airflow_env/lib/python3.8/site-packages/airflow/example_dags/example_latest_only_with_trigger.py
[2025-03-07T14:57:10.464+0100] {logging_mixin.py:190} INFO - [2025-03-07T14:57:10.464+0100] {dag.py:3239} INFO - Sync 1 DAGs
[2025-03-07T14:57:10.475+0100] {logging_mixin.py:190} INFO - [2025-03-07T14:57:10.475+0100] {dag.py:4180} INFO - Setting next_dagrun for latest_only_with_trigger to 2025-03-07T08:00:00+00:00, run_after=2025-03-07T12:00:00+00:00
[2025-03-07T14:57:10.487+0100] {processor.py:208} INFO - Processing /usr/local/anaconda3/envs/airflow_env/lib/python3.8/site-packages/airflow/example_dags/example_latest_only_with_trigger.py took 0.106 seconds
[2025-03-07T15:01:46.583+0100] {processor.py:186} INFO - Started process (PID=6984) to work on /usr/local/anaconda3/envs/airflow_env/lib/python3.8/site-packages/airflow/example_dags/example_latest_only_with_trigger.py
[2025-03-07T15:01:46.586+0100] {processor.py:914} INFO - Processing file /usr/local/anaconda3/envs/airflow_env/lib/python3.8/site-packages/airflow/example_dags/example_latest_only_with_trigger.py for tasks to queue
[2025-03-07T15:01:46.587+0100] {logging_mixin.py:190} INFO - [2025-03-07T15:01:46.587+0100] {dagbag.py:588} INFO - Filling up the DagBag from /usr/local/anaconda3/envs/airflow_env/lib/python3.8/site-packages/airflow/example_dags/example_latest_only_with_trigger.py
[2025-03-07T15:01:46.593+0100] {processor.py:925} INFO - DAG(s) 'latest_only_with_trigger' retrieved from /usr/local/anaconda3/envs/airflow_env/lib/python3.8/site-packages/airflow/example_dags/example_latest_only_with_trigger.py
[2025-03-07T15:01:46.666+0100] {logging_mixin.py:190} INFO - [2025-03-07T15:01:46.665+0100] {dag.py:3239} INFO - Sync 1 DAGs
[2025-03-07T15:01:46.677+0100] {logging_mixin.py:190} INFO - [2025-03-07T15:01:46.677+0100] {dag.py:4180} INFO - Setting next_dagrun for latest_only_with_trigger to 2025-03-07T08:00:00+00:00, run_after=2025-03-07T12:00:00+00:00
[2025-03-07T15:01:46.688+0100] {processor.py:208} INFO - Processing /usr/local/anaconda3/envs/airflow_env/lib/python3.8/site-packages/airflow/example_dags/example_latest_only_with_trigger.py took 0.108 seconds
[2025-03-07T15:06:25.774+0100] {processor.py:186} INFO - Started process (PID=7472) to work on /usr/local/anaconda3/envs/airflow_env/lib/python3.8/site-packages/airflow/example_dags/example_latest_only_with_trigger.py
[2025-03-07T15:06:25.778+0100] {processor.py:914} INFO - Processing file /usr/local/anaconda3/envs/airflow_env/lib/python3.8/site-packages/airflow/example_dags/example_latest_only_with_trigger.py for tasks to queue
[2025-03-07T15:06:25.779+0100] {logging_mixin.py:190} INFO - [2025-03-07T15:06:25.778+0100] {dagbag.py:588} INFO - Filling up the DagBag from /usr/local/anaconda3/envs/airflow_env/lib/python3.8/site-packages/airflow/example_dags/example_latest_only_with_trigger.py
[2025-03-07T15:06:25.786+0100] {processor.py:925} INFO - DAG(s) 'latest_only_with_trigger' retrieved from /usr/local/anaconda3/envs/airflow_env/lib/python3.8/site-packages/airflow/example_dags/example_latest_only_with_trigger.py
[2025-03-07T15:06:25.860+0100] {logging_mixin.py:190} INFO - [2025-03-07T15:06:25.860+0100] {dag.py:3239} INFO - Sync 1 DAGs
[2025-03-07T15:06:25.872+0100] {logging_mixin.py:190} INFO - [2025-03-07T15:06:25.872+0100] {dag.py:4180} INFO - Setting next_dagrun for latest_only_with_trigger to 2025-03-07T08:00:00+00:00, run_after=2025-03-07T12:00:00+00:00
[2025-03-07T15:06:25.884+0100] {processor.py:208} INFO - Processing /usr/local/anaconda3/envs/airflow_env/lib/python3.8/site-packages/airflow/example_dags/example_latest_only_with_trigger.py took 0.113 seconds
[2025-03-07T15:08:48.007+0100] {processor.py:186} INFO - Started process (PID=7714) to work on /usr/local/anaconda3/envs/airflow_env/lib/python3.8/site-packages/airflow/example_dags/example_latest_only_with_trigger.py
[2025-03-07T15:08:48.011+0100] {processor.py:914} INFO - Processing file /usr/local/anaconda3/envs/airflow_env/lib/python3.8/site-packages/airflow/example_dags/example_latest_only_with_trigger.py for tasks to queue
[2025-03-07T15:08:48.012+0100] {logging_mixin.py:190} INFO - [2025-03-07T15:08:48.012+0100] {dagbag.py:588} INFO - Filling up the DagBag from /usr/local/anaconda3/envs/airflow_env/lib/python3.8/site-packages/airflow/example_dags/example_latest_only_with_trigger.py
[2025-03-07T15:08:48.019+0100] {processor.py:925} INFO - DAG(s) 'latest_only_with_trigger' retrieved from /usr/local/anaconda3/envs/airflow_env/lib/python3.8/site-packages/airflow/example_dags/example_latest_only_with_trigger.py
[2025-03-07T15:08:48.091+0100] {logging_mixin.py:190} INFO - [2025-03-07T15:08:48.091+0100] {dag.py:3239} INFO - Sync 1 DAGs
[2025-03-07T15:08:48.102+0100] {logging_mixin.py:190} INFO - [2025-03-07T15:08:48.102+0100] {dag.py:4180} INFO - Setting next_dagrun for latest_only_with_trigger to 2025-03-07T08:00:00+00:00, run_after=2025-03-07T12:00:00+00:00
[2025-03-07T15:08:48.113+0100] {processor.py:208} INFO - Processing /usr/local/anaconda3/envs/airflow_env/lib/python3.8/site-packages/airflow/example_dags/example_latest_only_with_trigger.py took 0.109 seconds
[2025-03-07T15:11:15.418+0100] {processor.py:186} INFO - Started process (PID=7946) to work on /usr/local/anaconda3/envs/airflow_env/lib/python3.8/site-packages/airflow/example_dags/example_latest_only_with_trigger.py
[2025-03-07T15:11:15.421+0100] {processor.py:914} INFO - Processing file /usr/local/anaconda3/envs/airflow_env/lib/python3.8/site-packages/airflow/example_dags/example_latest_only_with_trigger.py for tasks to queue
[2025-03-07T15:11:15.422+0100] {logging_mixin.py:190} INFO - [2025-03-07T15:11:15.422+0100] {dagbag.py:588} INFO - Filling up the DagBag from /usr/local/anaconda3/envs/airflow_env/lib/python3.8/site-packages/airflow/example_dags/example_latest_only_with_trigger.py
[2025-03-07T15:11:15.429+0100] {processor.py:925} INFO - DAG(s) 'latest_only_with_trigger' retrieved from /usr/local/anaconda3/envs/airflow_env/lib/python3.8/site-packages/airflow/example_dags/example_latest_only_with_trigger.py
[2025-03-07T15:11:15.503+0100] {logging_mixin.py:190} INFO - [2025-03-07T15:11:15.502+0100] {dag.py:3239} INFO - Sync 1 DAGs
[2025-03-07T15:11:15.514+0100] {logging_mixin.py:190} INFO - [2025-03-07T15:11:15.514+0100] {dag.py:4180} INFO - Setting next_dagrun for latest_only_with_trigger to 2025-03-07T08:00:00+00:00, run_after=2025-03-07T12:00:00+00:00
[2025-03-07T15:11:15.526+0100] {processor.py:208} INFO - Processing /usr/local/anaconda3/envs/airflow_env/lib/python3.8/site-packages/airflow/example_dags/example_latest_only_with_trigger.py took 0.111 seconds
[2025-03-07T15:14:00.795+0100] {processor.py:186} INFO - Started process (PID=8336) to work on /usr/local/anaconda3/envs/airflow_env/lib/python3.8/site-packages/airflow/example_dags/example_latest_only_with_trigger.py
[2025-03-07T15:14:00.799+0100] {processor.py:914} INFO - Processing file /usr/local/anaconda3/envs/airflow_env/lib/python3.8/site-packages/airflow/example_dags/example_latest_only_with_trigger.py for tasks to queue
[2025-03-07T15:14:00.799+0100] {logging_mixin.py:190} INFO - [2025-03-07T15:14:00.799+0100] {dagbag.py:588} INFO - Filling up the DagBag from /usr/local/anaconda3/envs/airflow_env/lib/python3.8/site-packages/airflow/example_dags/example_latest_only_with_trigger.py
[2025-03-07T15:14:00.806+0100] {processor.py:925} INFO - DAG(s) 'latest_only_with_trigger' retrieved from /usr/local/anaconda3/envs/airflow_env/lib/python3.8/site-packages/airflow/example_dags/example_latest_only_with_trigger.py
[2025-03-07T15:14:00.883+0100] {logging_mixin.py:190} INFO - [2025-03-07T15:14:00.883+0100] {dag.py:3239} INFO - Sync 1 DAGs
[2025-03-07T15:14:00.896+0100] {logging_mixin.py:190} INFO - [2025-03-07T15:14:00.895+0100] {dag.py:4180} INFO - Setting next_dagrun for latest_only_with_trigger to 2025-03-07T08:00:00+00:00, run_after=2025-03-07T12:00:00+00:00
[2025-03-07T15:14:00.908+0100] {processor.py:208} INFO - Processing /usr/local/anaconda3/envs/airflow_env/lib/python3.8/site-packages/airflow/example_dags/example_latest_only_with_trigger.py took 0.115 seconds
[2025-03-07T15:16:56.502+0100] {processor.py:186} INFO - Started process (PID=8593) to work on /usr/local/anaconda3/envs/airflow_env/lib/python3.8/site-packages/airflow/example_dags/example_latest_only_with_trigger.py
[2025-03-07T15:16:56.505+0100] {processor.py:914} INFO - Processing file /usr/local/anaconda3/envs/airflow_env/lib/python3.8/site-packages/airflow/example_dags/example_latest_only_with_trigger.py for tasks to queue
[2025-03-07T15:16:56.506+0100] {logging_mixin.py:190} INFO - [2025-03-07T15:16:56.506+0100] {dagbag.py:588} INFO - Filling up the DagBag from /usr/local/anaconda3/envs/airflow_env/lib/python3.8/site-packages/airflow/example_dags/example_latest_only_with_trigger.py
[2025-03-07T15:16:56.513+0100] {processor.py:925} INFO - DAG(s) 'latest_only_with_trigger' retrieved from /usr/local/anaconda3/envs/airflow_env/lib/python3.8/site-packages/airflow/example_dags/example_latest_only_with_trigger.py
[2025-03-07T15:16:56.583+0100] {logging_mixin.py:190} INFO - [2025-03-07T15:16:56.582+0100] {dag.py:3239} INFO - Sync 1 DAGs
[2025-03-07T15:16:56.594+0100] {logging_mixin.py:190} INFO - [2025-03-07T15:16:56.594+0100] {dag.py:4180} INFO - Setting next_dagrun for latest_only_with_trigger to 2025-03-07T08:00:00+00:00, run_after=2025-03-07T12:00:00+00:00
[2025-03-07T15:16:56.606+0100] {processor.py:208} INFO - Processing /usr/local/anaconda3/envs/airflow_env/lib/python3.8/site-packages/airflow/example_dags/example_latest_only_with_trigger.py took 0.107 seconds
[2025-03-07T15:21:29.109+0100] {processor.py:186} INFO - Started process (PID=9237) to work on /usr/local/anaconda3/envs/airflow_env/lib/python3.8/site-packages/airflow/example_dags/example_latest_only_with_trigger.py
[2025-03-07T15:21:29.112+0100] {processor.py:914} INFO - Processing file /usr/local/anaconda3/envs/airflow_env/lib/python3.8/site-packages/airflow/example_dags/example_latest_only_with_trigger.py for tasks to queue
[2025-03-07T15:21:29.113+0100] {logging_mixin.py:190} INFO - [2025-03-07T15:21:29.113+0100] {dagbag.py:588} INFO - Filling up the DagBag from /usr/local/anaconda3/envs/airflow_env/lib/python3.8/site-packages/airflow/example_dags/example_latest_only_with_trigger.py
[2025-03-07T15:21:29.119+0100] {processor.py:925} INFO - DAG(s) 'latest_only_with_trigger' retrieved from /usr/local/anaconda3/envs/airflow_env/lib/python3.8/site-packages/airflow/example_dags/example_latest_only_with_trigger.py
[2025-03-07T15:21:29.191+0100] {logging_mixin.py:190} INFO - [2025-03-07T15:21:29.191+0100] {dag.py:3239} INFO - Sync 1 DAGs
[2025-03-07T15:21:29.203+0100] {logging_mixin.py:190} INFO - [2025-03-07T15:21:29.202+0100] {dag.py:4180} INFO - Setting next_dagrun for latest_only_with_trigger to 2025-03-07T08:00:00+00:00, run_after=2025-03-07T12:00:00+00:00
[2025-03-07T15:21:29.215+0100] {processor.py:208} INFO - Processing /usr/local/anaconda3/envs/airflow_env/lib/python3.8/site-packages/airflow/example_dags/example_latest_only_with_trigger.py took 0.109 seconds
