[2025-03-07T14:12:28.090+0100] {processor.py:186} INFO - Started process (PID=2836) to work on /usr/local/anaconda3/envs/airflow_env/lib/python3.8/site-packages/airflow/example_dags/example_dynamic_task_mapping.py
[2025-03-07T14:12:28.093+0100] {processor.py:914} INFO - Processing file /usr/local/anaconda3/envs/airflow_env/lib/python3.8/site-packages/airflow/example_dags/example_dynamic_task_mapping.py for tasks to queue
[2025-03-07T14:12:28.094+0100] {logging_mixin.py:190} INFO - [2025-03-07T14:12:28.094+0100] {dagbag.py:588} INFO - Filling up the DagBag from /usr/local/anaconda3/envs/airflow_env/lib/python3.8/site-packages/airflow/example_dags/example_dynamic_task_mapping.py
[2025-03-07T14:12:28.118+0100] {processor.py:925} INFO - DAG(s) 'example_dynamic_task_mapping' retrieved from /usr/local/anaconda3/envs/airflow_env/lib/python3.8/site-packages/airflow/example_dags/example_dynamic_task_mapping.py
[2025-03-07T14:12:28.246+0100] {logging_mixin.py:190} INFO - [2025-03-07T14:12:28.246+0100] {override.py:1901} INFO - Created Permission View: can delete on DAG:example_dynamic_task_mapping
[2025-03-07T14:12:28.253+0100] {logging_mixin.py:190} INFO - [2025-03-07T14:12:28.252+0100] {override.py:1901} INFO - Created Permission View: can edit on DAG:example_dynamic_task_mapping
[2025-03-07T14:12:28.257+0100] {logging_mixin.py:190} INFO - [2025-03-07T14:12:28.257+0100] {override.py:1901} INFO - Created Permission View: can read on DAG:example_dynamic_task_mapping
[2025-03-07T14:12:28.262+0100] {logging_mixin.py:190} INFO - [2025-03-07T14:12:28.261+0100] {override.py:1901} INFO - Created Permission View: can delete on DAG Run:example_dynamic_task_mapping
[2025-03-07T14:12:28.266+0100] {logging_mixin.py:190} INFO - [2025-03-07T14:12:28.266+0100] {override.py:1901} INFO - Created Permission View: can create on DAG Run:example_dynamic_task_mapping
[2025-03-07T14:12:28.270+0100] {logging_mixin.py:190} INFO - [2025-03-07T14:12:28.269+0100] {override.py:1901} INFO - Created Permission View: menu access on DAG Run:example_dynamic_task_mapping
[2025-03-07T14:12:28.273+0100] {logging_mixin.py:190} INFO - [2025-03-07T14:12:28.273+0100] {override.py:1901} INFO - Created Permission View: can read on DAG Run:example_dynamic_task_mapping
[2025-03-07T14:12:28.274+0100] {logging_mixin.py:190} INFO - [2025-03-07T14:12:28.274+0100] {dag.py:3239} INFO - Sync 1 DAGs
[2025-03-07T14:12:28.283+0100] {logging_mixin.py:190} INFO - [2025-03-07T14:12:28.283+0100] {dag.py:3262} INFO - Creating ORM DAG for example_dynamic_task_mapping
[2025-03-07T14:12:28.283+0100] {logging_mixin.py:190} INFO - [2025-03-07T14:12:28.283+0100] {dag.py:4180} INFO - Setting next_dagrun for example_dynamic_task_mapping to None, run_after=None
[2025-03-07T14:12:28.293+0100] {processor.py:208} INFO - Processing /usr/local/anaconda3/envs/airflow_env/lib/python3.8/site-packages/airflow/example_dags/example_dynamic_task_mapping.py took 0.206 seconds
[2025-03-07T14:15:51.334+0100] {processor.py:186} INFO - Started process (PID=3152) to work on /usr/local/anaconda3/envs/airflow_env/lib/python3.8/site-packages/airflow/example_dags/example_dynamic_task_mapping.py
[2025-03-07T14:15:51.337+0100] {processor.py:914} INFO - Processing file /usr/local/anaconda3/envs/airflow_env/lib/python3.8/site-packages/airflow/example_dags/example_dynamic_task_mapping.py for tasks to queue
[2025-03-07T14:15:51.338+0100] {logging_mixin.py:190} INFO - [2025-03-07T14:15:51.338+0100] {dagbag.py:588} INFO - Filling up the DagBag from /usr/local/anaconda3/envs/airflow_env/lib/python3.8/site-packages/airflow/example_dags/example_dynamic_task_mapping.py
[2025-03-07T14:15:51.362+0100] {processor.py:925} INFO - DAG(s) 'example_dynamic_task_mapping' retrieved from /usr/local/anaconda3/envs/airflow_env/lib/python3.8/site-packages/airflow/example_dags/example_dynamic_task_mapping.py
[2025-03-07T14:15:51.428+0100] {logging_mixin.py:190} INFO - [2025-03-07T14:15:51.428+0100] {dag.py:3239} INFO - Sync 1 DAGs
[2025-03-07T14:15:51.435+0100] {logging_mixin.py:190} INFO - [2025-03-07T14:15:51.435+0100] {dag.py:4180} INFO - Setting next_dagrun for example_dynamic_task_mapping to None, run_after=None
[2025-03-07T14:15:51.447+0100] {processor.py:208} INFO - Processing /usr/local/anaconda3/envs/airflow_env/lib/python3.8/site-packages/airflow/example_dags/example_dynamic_task_mapping.py took 0.115 seconds
[2025-03-07T14:20:21.282+0100] {processor.py:186} INFO - Started process (PID=3708) to work on /usr/local/anaconda3/envs/airflow_env/lib/python3.8/site-packages/airflow/example_dags/example_dynamic_task_mapping.py
[2025-03-07T14:20:21.285+0100] {processor.py:914} INFO - Processing file /usr/local/anaconda3/envs/airflow_env/lib/python3.8/site-packages/airflow/example_dags/example_dynamic_task_mapping.py for tasks to queue
[2025-03-07T14:20:21.286+0100] {logging_mixin.py:190} INFO - [2025-03-07T14:20:21.286+0100] {dagbag.py:588} INFO - Filling up the DagBag from /usr/local/anaconda3/envs/airflow_env/lib/python3.8/site-packages/airflow/example_dags/example_dynamic_task_mapping.py
[2025-03-07T14:20:21.312+0100] {processor.py:925} INFO - DAG(s) 'example_dynamic_task_mapping' retrieved from /usr/local/anaconda3/envs/airflow_env/lib/python3.8/site-packages/airflow/example_dags/example_dynamic_task_mapping.py
[2025-03-07T14:20:21.384+0100] {logging_mixin.py:190} INFO - [2025-03-07T14:20:21.384+0100] {dag.py:3239} INFO - Sync 1 DAGs
[2025-03-07T14:20:21.392+0100] {logging_mixin.py:190} INFO - [2025-03-07T14:20:21.391+0100] {dag.py:4180} INFO - Setting next_dagrun for example_dynamic_task_mapping to None, run_after=None
[2025-03-07T14:20:21.405+0100] {processor.py:208} INFO - Processing /usr/local/anaconda3/envs/airflow_env/lib/python3.8/site-packages/airflow/example_dags/example_dynamic_task_mapping.py took 0.126 seconds
[2025-03-07T14:24:58.232+0100] {processor.py:186} INFO - Started process (PID=4171) to work on /usr/local/anaconda3/envs/airflow_env/lib/python3.8/site-packages/airflow/example_dags/example_dynamic_task_mapping.py
[2025-03-07T14:24:58.235+0100] {processor.py:914} INFO - Processing file /usr/local/anaconda3/envs/airflow_env/lib/python3.8/site-packages/airflow/example_dags/example_dynamic_task_mapping.py for tasks to queue
[2025-03-07T14:24:58.236+0100] {logging_mixin.py:190} INFO - [2025-03-07T14:24:58.236+0100] {dagbag.py:588} INFO - Filling up the DagBag from /usr/local/anaconda3/envs/airflow_env/lib/python3.8/site-packages/airflow/example_dags/example_dynamic_task_mapping.py
[2025-03-07T14:24:58.260+0100] {processor.py:925} INFO - DAG(s) 'example_dynamic_task_mapping' retrieved from /usr/local/anaconda3/envs/airflow_env/lib/python3.8/site-packages/airflow/example_dags/example_dynamic_task_mapping.py
[2025-03-07T14:24:58.330+0100] {logging_mixin.py:190} INFO - [2025-03-07T14:24:58.329+0100] {dag.py:3239} INFO - Sync 1 DAGs
[2025-03-07T14:24:58.337+0100] {logging_mixin.py:190} INFO - [2025-03-07T14:24:58.337+0100] {dag.py:4180} INFO - Setting next_dagrun for example_dynamic_task_mapping to None, run_after=None
[2025-03-07T14:24:58.349+0100] {processor.py:208} INFO - Processing /usr/local/anaconda3/envs/airflow_env/lib/python3.8/site-packages/airflow/example_dags/example_dynamic_task_mapping.py took 0.121 seconds
[2025-03-07T14:45:21.124+0100] {processor.py:186} INFO - Started process (PID=5016) to work on /usr/local/anaconda3/envs/airflow_env/lib/python3.8/site-packages/airflow/example_dags/example_dynamic_task_mapping.py
[2025-03-07T14:45:21.127+0100] {processor.py:914} INFO - Processing file /usr/local/anaconda3/envs/airflow_env/lib/python3.8/site-packages/airflow/example_dags/example_dynamic_task_mapping.py for tasks to queue
[2025-03-07T14:45:21.128+0100] {logging_mixin.py:190} INFO - [2025-03-07T14:45:21.128+0100] {dagbag.py:588} INFO - Filling up the DagBag from /usr/local/anaconda3/envs/airflow_env/lib/python3.8/site-packages/airflow/example_dags/example_dynamic_task_mapping.py
[2025-03-07T14:45:21.152+0100] {processor.py:925} INFO - DAG(s) 'example_dynamic_task_mapping' retrieved from /usr/local/anaconda3/envs/airflow_env/lib/python3.8/site-packages/airflow/example_dags/example_dynamic_task_mapping.py
[2025-03-07T14:45:21.219+0100] {logging_mixin.py:190} INFO - [2025-03-07T14:45:21.218+0100] {dag.py:3239} INFO - Sync 1 DAGs
[2025-03-07T14:45:21.226+0100] {logging_mixin.py:190} INFO - [2025-03-07T14:45:21.226+0100] {dag.py:4180} INFO - Setting next_dagrun for example_dynamic_task_mapping to None, run_after=None
[2025-03-07T14:45:21.238+0100] {processor.py:208} INFO - Processing /usr/local/anaconda3/envs/airflow_env/lib/python3.8/site-packages/airflow/example_dags/example_dynamic_task_mapping.py took 0.117 seconds
[2025-03-07T14:48:12.350+0100] {processor.py:186} INFO - Started process (PID=5298) to work on /usr/local/anaconda3/envs/airflow_env/lib/python3.8/site-packages/airflow/example_dags/example_dynamic_task_mapping.py
[2025-03-07T14:48:12.353+0100] {processor.py:914} INFO - Processing file /usr/local/anaconda3/envs/airflow_env/lib/python3.8/site-packages/airflow/example_dags/example_dynamic_task_mapping.py for tasks to queue
[2025-03-07T14:48:12.354+0100] {logging_mixin.py:190} INFO - [2025-03-07T14:48:12.354+0100] {dagbag.py:588} INFO - Filling up the DagBag from /usr/local/anaconda3/envs/airflow_env/lib/python3.8/site-packages/airflow/example_dags/example_dynamic_task_mapping.py
[2025-03-07T14:48:12.379+0100] {processor.py:925} INFO - DAG(s) 'example_dynamic_task_mapping' retrieved from /usr/local/anaconda3/envs/airflow_env/lib/python3.8/site-packages/airflow/example_dags/example_dynamic_task_mapping.py
[2025-03-07T14:48:12.450+0100] {logging_mixin.py:190} INFO - [2025-03-07T14:48:12.450+0100] {dag.py:3239} INFO - Sync 1 DAGs
[2025-03-07T14:48:12.458+0100] {logging_mixin.py:190} INFO - [2025-03-07T14:48:12.458+0100] {dag.py:4180} INFO - Setting next_dagrun for example_dynamic_task_mapping to None, run_after=None
[2025-03-07T14:48:12.470+0100] {processor.py:208} INFO - Processing /usr/local/anaconda3/envs/airflow_env/lib/python3.8/site-packages/airflow/example_dags/example_dynamic_task_mapping.py took 0.124 seconds
[2025-03-07T14:51:16.630+0100] {processor.py:186} INFO - Started process (PID=5720) to work on /usr/local/anaconda3/envs/airflow_env/lib/python3.8/site-packages/airflow/example_dags/example_dynamic_task_mapping.py
[2025-03-07T14:51:16.634+0100] {processor.py:914} INFO - Processing file /usr/local/anaconda3/envs/airflow_env/lib/python3.8/site-packages/airflow/example_dags/example_dynamic_task_mapping.py for tasks to queue
[2025-03-07T14:51:16.635+0100] {logging_mixin.py:190} INFO - [2025-03-07T14:51:16.634+0100] {dagbag.py:588} INFO - Filling up the DagBag from /usr/local/anaconda3/envs/airflow_env/lib/python3.8/site-packages/airflow/example_dags/example_dynamic_task_mapping.py
[2025-03-07T14:51:16.660+0100] {processor.py:925} INFO - DAG(s) 'example_dynamic_task_mapping' retrieved from /usr/local/anaconda3/envs/airflow_env/lib/python3.8/site-packages/airflow/example_dags/example_dynamic_task_mapping.py
[2025-03-07T14:51:16.732+0100] {logging_mixin.py:190} INFO - [2025-03-07T14:51:16.732+0100] {dag.py:3239} INFO - Sync 1 DAGs
[2025-03-07T14:51:16.740+0100] {logging_mixin.py:190} INFO - [2025-03-07T14:51:16.740+0100] {dag.py:4180} INFO - Setting next_dagrun for example_dynamic_task_mapping to None, run_after=None
[2025-03-07T14:51:16.752+0100] {processor.py:208} INFO - Processing /usr/local/anaconda3/envs/airflow_env/lib/python3.8/site-packages/airflow/example_dags/example_dynamic_task_mapping.py took 0.125 seconds
[2025-03-07T14:54:45.155+0100] {processor.py:186} INFO - Started process (PID=6146) to work on /usr/local/anaconda3/envs/airflow_env/lib/python3.8/site-packages/airflow/example_dags/example_dynamic_task_mapping.py
[2025-03-07T14:54:45.158+0100] {processor.py:914} INFO - Processing file /usr/local/anaconda3/envs/airflow_env/lib/python3.8/site-packages/airflow/example_dags/example_dynamic_task_mapping.py for tasks to queue
[2025-03-07T14:54:45.159+0100] {logging_mixin.py:190} INFO - [2025-03-07T14:54:45.159+0100] {dagbag.py:588} INFO - Filling up the DagBag from /usr/local/anaconda3/envs/airflow_env/lib/python3.8/site-packages/airflow/example_dags/example_dynamic_task_mapping.py
[2025-03-07T14:54:45.182+0100] {processor.py:925} INFO - DAG(s) 'example_dynamic_task_mapping' retrieved from /usr/local/anaconda3/envs/airflow_env/lib/python3.8/site-packages/airflow/example_dags/example_dynamic_task_mapping.py
[2025-03-07T14:54:45.249+0100] {logging_mixin.py:190} INFO - [2025-03-07T14:54:45.248+0100] {dag.py:3239} INFO - Sync 1 DAGs
[2025-03-07T14:54:45.256+0100] {logging_mixin.py:190} INFO - [2025-03-07T14:54:45.256+0100] {dag.py:4180} INFO - Setting next_dagrun for example_dynamic_task_mapping to None, run_after=None
[2025-03-07T14:54:45.267+0100] {processor.py:208} INFO - Processing /usr/local/anaconda3/envs/airflow_env/lib/python3.8/site-packages/airflow/example_dags/example_dynamic_task_mapping.py took 0.115 seconds
[2025-03-07T14:57:26.873+0100] {processor.py:186} INFO - Started process (PID=6473) to work on /usr/local/anaconda3/envs/airflow_env/lib/python3.8/site-packages/airflow/example_dags/example_dynamic_task_mapping.py
[2025-03-07T14:57:26.876+0100] {processor.py:914} INFO - Processing file /usr/local/anaconda3/envs/airflow_env/lib/python3.8/site-packages/airflow/example_dags/example_dynamic_task_mapping.py for tasks to queue
[2025-03-07T14:57:26.877+0100] {logging_mixin.py:190} INFO - [2025-03-07T14:57:26.877+0100] {dagbag.py:588} INFO - Filling up the DagBag from /usr/local/anaconda3/envs/airflow_env/lib/python3.8/site-packages/airflow/example_dags/example_dynamic_task_mapping.py
[2025-03-07T14:57:26.901+0100] {processor.py:925} INFO - DAG(s) 'example_dynamic_task_mapping' retrieved from /usr/local/anaconda3/envs/airflow_env/lib/python3.8/site-packages/airflow/example_dags/example_dynamic_task_mapping.py
[2025-03-07T14:57:26.968+0100] {logging_mixin.py:190} INFO - [2025-03-07T14:57:26.968+0100] {dag.py:3239} INFO - Sync 1 DAGs
[2025-03-07T14:57:26.976+0100] {logging_mixin.py:190} INFO - [2025-03-07T14:57:26.976+0100] {dag.py:4180} INFO - Setting next_dagrun for example_dynamic_task_mapping to None, run_after=None
[2025-03-07T14:57:26.987+0100] {processor.py:208} INFO - Processing /usr/local/anaconda3/envs/airflow_env/lib/python3.8/site-packages/airflow/example_dags/example_dynamic_task_mapping.py took 0.117 seconds
[2025-03-07T15:02:03.252+0100] {processor.py:186} INFO - Started process (PID=7009) to work on /usr/local/anaconda3/envs/airflow_env/lib/python3.8/site-packages/airflow/example_dags/example_dynamic_task_mapping.py
[2025-03-07T15:02:03.255+0100] {processor.py:914} INFO - Processing file /usr/local/anaconda3/envs/airflow_env/lib/python3.8/site-packages/airflow/example_dags/example_dynamic_task_mapping.py for tasks to queue
[2025-03-07T15:02:03.256+0100] {logging_mixin.py:190} INFO - [2025-03-07T15:02:03.255+0100] {dagbag.py:588} INFO - Filling up the DagBag from /usr/local/anaconda3/envs/airflow_env/lib/python3.8/site-packages/airflow/example_dags/example_dynamic_task_mapping.py
[2025-03-07T15:02:03.279+0100] {processor.py:925} INFO - DAG(s) 'example_dynamic_task_mapping' retrieved from /usr/local/anaconda3/envs/airflow_env/lib/python3.8/site-packages/airflow/example_dags/example_dynamic_task_mapping.py
[2025-03-07T15:02:03.349+0100] {logging_mixin.py:190} INFO - [2025-03-07T15:02:03.348+0100] {dag.py:3239} INFO - Sync 1 DAGs
[2025-03-07T15:02:03.356+0100] {logging_mixin.py:190} INFO - [2025-03-07T15:02:03.356+0100] {dag.py:4180} INFO - Setting next_dagrun for example_dynamic_task_mapping to None, run_after=None
[2025-03-07T15:02:03.367+0100] {processor.py:208} INFO - Processing /usr/local/anaconda3/envs/airflow_env/lib/python3.8/site-packages/airflow/example_dags/example_dynamic_task_mapping.py took 0.119 seconds
[2025-03-07T15:06:49.435+0100] {processor.py:186} INFO - Started process (PID=7512) to work on /usr/local/anaconda3/envs/airflow_env/lib/python3.8/site-packages/airflow/example_dags/example_dynamic_task_mapping.py
[2025-03-07T15:06:49.438+0100] {processor.py:914} INFO - Processing file /usr/local/anaconda3/envs/airflow_env/lib/python3.8/site-packages/airflow/example_dags/example_dynamic_task_mapping.py for tasks to queue
[2025-03-07T15:06:49.439+0100] {logging_mixin.py:190} INFO - [2025-03-07T15:06:49.438+0100] {dagbag.py:588} INFO - Filling up the DagBag from /usr/local/anaconda3/envs/airflow_env/lib/python3.8/site-packages/airflow/example_dags/example_dynamic_task_mapping.py
[2025-03-07T15:06:49.463+0100] {processor.py:925} INFO - DAG(s) 'example_dynamic_task_mapping' retrieved from /usr/local/anaconda3/envs/airflow_env/lib/python3.8/site-packages/airflow/example_dags/example_dynamic_task_mapping.py
[2025-03-07T15:06:49.534+0100] {logging_mixin.py:190} INFO - [2025-03-07T15:06:49.533+0100] {dag.py:3239} INFO - Sync 1 DAGs
[2025-03-07T15:06:49.541+0100] {logging_mixin.py:190} INFO - [2025-03-07T15:06:49.541+0100] {dag.py:4180} INFO - Setting next_dagrun for example_dynamic_task_mapping to None, run_after=None
[2025-03-07T15:06:49.553+0100] {processor.py:208} INFO - Processing /usr/local/anaconda3/envs/airflow_env/lib/python3.8/site-packages/airflow/example_dags/example_dynamic_task_mapping.py took 0.121 seconds
[2025-03-07T15:11:32.816+0100] {processor.py:186} INFO - Started process (PID=7991) to work on /usr/local/anaconda3/envs/airflow_env/lib/python3.8/site-packages/airflow/example_dags/example_dynamic_task_mapping.py
[2025-03-07T15:11:32.819+0100] {processor.py:914} INFO - Processing file /usr/local/anaconda3/envs/airflow_env/lib/python3.8/site-packages/airflow/example_dags/example_dynamic_task_mapping.py for tasks to queue
[2025-03-07T15:11:32.820+0100] {logging_mixin.py:190} INFO - [2025-03-07T15:11:32.820+0100] {dagbag.py:588} INFO - Filling up the DagBag from /usr/local/anaconda3/envs/airflow_env/lib/python3.8/site-packages/airflow/example_dags/example_dynamic_task_mapping.py
[2025-03-07T15:11:32.846+0100] {processor.py:925} INFO - DAG(s) 'example_dynamic_task_mapping' retrieved from /usr/local/anaconda3/envs/airflow_env/lib/python3.8/site-packages/airflow/example_dags/example_dynamic_task_mapping.py
[2025-03-07T15:11:32.916+0100] {logging_mixin.py:190} INFO - [2025-03-07T15:11:32.916+0100] {dag.py:3239} INFO - Sync 1 DAGs
[2025-03-07T15:11:32.924+0100] {logging_mixin.py:190} INFO - [2025-03-07T15:11:32.924+0100] {dag.py:4180} INFO - Setting next_dagrun for example_dynamic_task_mapping to None, run_after=None
[2025-03-07T15:11:32.936+0100] {processor.py:208} INFO - Processing /usr/local/anaconda3/envs/airflow_env/lib/python3.8/site-packages/airflow/example_dags/example_dynamic_task_mapping.py took 0.123 seconds
[2025-03-07T15:14:26.572+0100] {processor.py:186} INFO - Started process (PID=8368) to work on /usr/local/anaconda3/envs/airflow_env/lib/python3.8/site-packages/airflow/example_dags/example_dynamic_task_mapping.py
[2025-03-07T15:14:26.575+0100] {processor.py:914} INFO - Processing file /usr/local/anaconda3/envs/airflow_env/lib/python3.8/site-packages/airflow/example_dags/example_dynamic_task_mapping.py for tasks to queue
[2025-03-07T15:14:26.576+0100] {logging_mixin.py:190} INFO - [2025-03-07T15:14:26.576+0100] {dagbag.py:588} INFO - Filling up the DagBag from /usr/local/anaconda3/envs/airflow_env/lib/python3.8/site-packages/airflow/example_dags/example_dynamic_task_mapping.py
[2025-03-07T15:14:26.602+0100] {processor.py:925} INFO - DAG(s) 'example_dynamic_task_mapping' retrieved from /usr/local/anaconda3/envs/airflow_env/lib/python3.8/site-packages/airflow/example_dags/example_dynamic_task_mapping.py
[2025-03-07T15:14:26.676+0100] {logging_mixin.py:190} INFO - [2025-03-07T15:14:26.675+0100] {dag.py:3239} INFO - Sync 1 DAGs
[2025-03-07T15:14:26.685+0100] {logging_mixin.py:190} INFO - [2025-03-07T15:14:26.685+0100] {dag.py:4180} INFO - Setting next_dagrun for example_dynamic_task_mapping to None, run_after=None
[2025-03-07T15:14:26.697+0100] {processor.py:208} INFO - Processing /usr/local/anaconda3/envs/airflow_env/lib/python3.8/site-packages/airflow/example_dags/example_dynamic_task_mapping.py took 0.128 seconds
[2025-03-07T15:17:13.595+0100] {processor.py:186} INFO - Started process (PID=8623) to work on /usr/local/anaconda3/envs/airflow_env/lib/python3.8/site-packages/airflow/example_dags/example_dynamic_task_mapping.py
[2025-03-07T15:17:13.598+0100] {processor.py:914} INFO - Processing file /usr/local/anaconda3/envs/airflow_env/lib/python3.8/site-packages/airflow/example_dags/example_dynamic_task_mapping.py for tasks to queue
[2025-03-07T15:17:13.599+0100] {logging_mixin.py:190} INFO - [2025-03-07T15:17:13.599+0100] {dagbag.py:588} INFO - Filling up the DagBag from /usr/local/anaconda3/envs/airflow_env/lib/python3.8/site-packages/airflow/example_dags/example_dynamic_task_mapping.py
[2025-03-07T15:17:13.626+0100] {processor.py:925} INFO - DAG(s) 'example_dynamic_task_mapping' retrieved from /usr/local/anaconda3/envs/airflow_env/lib/python3.8/site-packages/airflow/example_dags/example_dynamic_task_mapping.py
[2025-03-07T15:17:13.699+0100] {logging_mixin.py:190} INFO - [2025-03-07T15:17:13.699+0100] {dag.py:3239} INFO - Sync 1 DAGs
[2025-03-07T15:17:13.708+0100] {logging_mixin.py:190} INFO - [2025-03-07T15:17:13.708+0100] {dag.py:4180} INFO - Setting next_dagrun for example_dynamic_task_mapping to None, run_after=None
[2025-03-07T15:17:13.721+0100] {processor.py:208} INFO - Processing /usr/local/anaconda3/envs/airflow_env/lib/python3.8/site-packages/airflow/example_dags/example_dynamic_task_mapping.py took 0.129 seconds
[2025-03-07T15:21:45.740+0100] {processor.py:186} INFO - Started process (PID=9271) to work on /usr/local/anaconda3/envs/airflow_env/lib/python3.8/site-packages/airflow/example_dags/example_dynamic_task_mapping.py
[2025-03-07T15:21:45.743+0100] {processor.py:914} INFO - Processing file /usr/local/anaconda3/envs/airflow_env/lib/python3.8/site-packages/airflow/example_dags/example_dynamic_task_mapping.py for tasks to queue
[2025-03-07T15:21:45.744+0100] {logging_mixin.py:190} INFO - [2025-03-07T15:21:45.744+0100] {dagbag.py:588} INFO - Filling up the DagBag from /usr/local/anaconda3/envs/airflow_env/lib/python3.8/site-packages/airflow/example_dags/example_dynamic_task_mapping.py
[2025-03-07T15:21:45.768+0100] {processor.py:925} INFO - DAG(s) 'example_dynamic_task_mapping' retrieved from /usr/local/anaconda3/envs/airflow_env/lib/python3.8/site-packages/airflow/example_dags/example_dynamic_task_mapping.py
[2025-03-07T15:21:45.835+0100] {logging_mixin.py:190} INFO - [2025-03-07T15:21:45.835+0100] {dag.py:3239} INFO - Sync 1 DAGs
[2025-03-07T15:21:45.843+0100] {logging_mixin.py:190} INFO - [2025-03-07T15:21:45.843+0100] {dag.py:4180} INFO - Setting next_dagrun for example_dynamic_task_mapping to None, run_after=None
[2025-03-07T15:21:45.855+0100] {processor.py:208} INFO - Processing /usr/local/anaconda3/envs/airflow_env/lib/python3.8/site-packages/airflow/example_dags/example_dynamic_task_mapping.py took 0.118 seconds
[2025-03-07T15:26:22.027+0100] {processor.py:186} INFO - Started process (PID=9884) to work on /usr/local/anaconda3/envs/airflow_env/lib/python3.8/site-packages/airflow/example_dags/example_dynamic_task_mapping.py
[2025-03-07T15:26:22.030+0100] {processor.py:914} INFO - Processing file /usr/local/anaconda3/envs/airflow_env/lib/python3.8/site-packages/airflow/example_dags/example_dynamic_task_mapping.py for tasks to queue
[2025-03-07T15:26:22.031+0100] {logging_mixin.py:190} INFO - [2025-03-07T15:26:22.031+0100] {dagbag.py:588} INFO - Filling up the DagBag from /usr/local/anaconda3/envs/airflow_env/lib/python3.8/site-packages/airflow/example_dags/example_dynamic_task_mapping.py
[2025-03-07T15:26:22.056+0100] {processor.py:925} INFO - DAG(s) 'example_dynamic_task_mapping' retrieved from /usr/local/anaconda3/envs/airflow_env/lib/python3.8/site-packages/airflow/example_dags/example_dynamic_task_mapping.py
[2025-03-07T15:26:22.125+0100] {logging_mixin.py:190} INFO - [2025-03-07T15:26:22.124+0100] {dag.py:3239} INFO - Sync 1 DAGs
[2025-03-07T15:26:22.133+0100] {logging_mixin.py:190} INFO - [2025-03-07T15:26:22.132+0100] {dag.py:4180} INFO - Setting next_dagrun for example_dynamic_task_mapping to None, run_after=None
[2025-03-07T15:26:22.144+0100] {processor.py:208} INFO - Processing /usr/local/anaconda3/envs/airflow_env/lib/python3.8/site-packages/airflow/example_dags/example_dynamic_task_mapping.py took 0.120 seconds
[2025-03-07T15:31:21.178+0100] {processor.py:186} INFO - Started process (PID=10452) to work on /usr/local/anaconda3/envs/airflow_env/lib/python3.8/site-packages/airflow/example_dags/example_dynamic_task_mapping.py
[2025-03-07T15:31:21.181+0100] {processor.py:914} INFO - Processing file /usr/local/anaconda3/envs/airflow_env/lib/python3.8/site-packages/airflow/example_dags/example_dynamic_task_mapping.py for tasks to queue
[2025-03-07T15:31:21.181+0100] {logging_mixin.py:190} INFO - [2025-03-07T15:31:21.181+0100] {dagbag.py:588} INFO - Filling up the DagBag from /usr/local/anaconda3/envs/airflow_env/lib/python3.8/site-packages/airflow/example_dags/example_dynamic_task_mapping.py
[2025-03-07T15:31:21.206+0100] {processor.py:925} INFO - DAG(s) 'example_dynamic_task_mapping' retrieved from /usr/local/anaconda3/envs/airflow_env/lib/python3.8/site-packages/airflow/example_dags/example_dynamic_task_mapping.py
[2025-03-07T15:31:21.274+0100] {logging_mixin.py:190} INFO - [2025-03-07T15:31:21.274+0100] {dag.py:3239} INFO - Sync 1 DAGs
[2025-03-07T15:31:21.282+0100] {logging_mixin.py:190} INFO - [2025-03-07T15:31:21.282+0100] {dag.py:4180} INFO - Setting next_dagrun for example_dynamic_task_mapping to None, run_after=None
[2025-03-07T15:31:21.293+0100] {processor.py:208} INFO - Processing /usr/local/anaconda3/envs/airflow_env/lib/python3.8/site-packages/airflow/example_dags/example_dynamic_task_mapping.py took 0.119 seconds
[2025-03-07T15:34:07.530+0100] {processor.py:186} INFO - Started process (PID=10721) to work on /usr/local/anaconda3/envs/airflow_env/lib/python3.8/site-packages/airflow/example_dags/example_dynamic_task_mapping.py
[2025-03-07T15:34:07.533+0100] {processor.py:914} INFO - Processing file /usr/local/anaconda3/envs/airflow_env/lib/python3.8/site-packages/airflow/example_dags/example_dynamic_task_mapping.py for tasks to queue
[2025-03-07T15:34:07.534+0100] {logging_mixin.py:190} INFO - [2025-03-07T15:34:07.534+0100] {dagbag.py:588} INFO - Filling up the DagBag from /usr/local/anaconda3/envs/airflow_env/lib/python3.8/site-packages/airflow/example_dags/example_dynamic_task_mapping.py
[2025-03-07T15:34:07.560+0100] {processor.py:925} INFO - DAG(s) 'example_dynamic_task_mapping' retrieved from /usr/local/anaconda3/envs/airflow_env/lib/python3.8/site-packages/airflow/example_dags/example_dynamic_task_mapping.py
[2025-03-07T15:34:07.632+0100] {logging_mixin.py:190} INFO - [2025-03-07T15:34:07.632+0100] {dag.py:3239} INFO - Sync 1 DAGs
[2025-03-07T15:34:07.640+0100] {logging_mixin.py:190} INFO - [2025-03-07T15:34:07.640+0100] {dag.py:4180} INFO - Setting next_dagrun for example_dynamic_task_mapping to None, run_after=None
[2025-03-07T15:34:07.652+0100] {processor.py:208} INFO - Processing /usr/local/anaconda3/envs/airflow_env/lib/python3.8/site-packages/airflow/example_dags/example_dynamic_task_mapping.py took 0.126 seconds
[2025-03-07T15:38:38.214+0100] {processor.py:186} INFO - Started process (PID=11263) to work on /usr/local/anaconda3/envs/airflow_env/lib/python3.8/site-packages/airflow/example_dags/example_dynamic_task_mapping.py
[2025-03-07T15:38:38.218+0100] {processor.py:914} INFO - Processing file /usr/local/anaconda3/envs/airflow_env/lib/python3.8/site-packages/airflow/example_dags/example_dynamic_task_mapping.py for tasks to queue
[2025-03-07T15:38:38.218+0100] {logging_mixin.py:190} INFO - [2025-03-07T15:38:38.218+0100] {dagbag.py:588} INFO - Filling up the DagBag from /usr/local/anaconda3/envs/airflow_env/lib/python3.8/site-packages/airflow/example_dags/example_dynamic_task_mapping.py
[2025-03-07T15:38:38.243+0100] {processor.py:925} INFO - DAG(s) 'example_dynamic_task_mapping' retrieved from /usr/local/anaconda3/envs/airflow_env/lib/python3.8/site-packages/airflow/example_dags/example_dynamic_task_mapping.py
[2025-03-07T15:38:38.311+0100] {logging_mixin.py:190} INFO - [2025-03-07T15:38:38.311+0100] {dag.py:3239} INFO - Sync 1 DAGs
[2025-03-07T15:38:38.319+0100] {logging_mixin.py:190} INFO - [2025-03-07T15:38:38.319+0100] {dag.py:4180} INFO - Setting next_dagrun for example_dynamic_task_mapping to None, run_after=None
[2025-03-07T15:38:38.330+0100] {processor.py:208} INFO - Processing /usr/local/anaconda3/envs/airflow_env/lib/python3.8/site-packages/airflow/example_dags/example_dynamic_task_mapping.py took 0.119 seconds
[2025-03-07T15:42:58.567+0100] {processor.py:186} INFO - Started process (PID=11655) to work on /usr/local/anaconda3/envs/airflow_env/lib/python3.8/site-packages/airflow/example_dags/example_dynamic_task_mapping.py
[2025-03-07T15:42:58.570+0100] {processor.py:914} INFO - Processing file /usr/local/anaconda3/envs/airflow_env/lib/python3.8/site-packages/airflow/example_dags/example_dynamic_task_mapping.py for tasks to queue
[2025-03-07T15:42:58.571+0100] {logging_mixin.py:190} INFO - [2025-03-07T15:42:58.571+0100] {dagbag.py:588} INFO - Filling up the DagBag from /usr/local/anaconda3/envs/airflow_env/lib/python3.8/site-packages/airflow/example_dags/example_dynamic_task_mapping.py
[2025-03-07T15:42:58.596+0100] {processor.py:925} INFO - DAG(s) 'example_dynamic_task_mapping' retrieved from /usr/local/anaconda3/envs/airflow_env/lib/python3.8/site-packages/airflow/example_dags/example_dynamic_task_mapping.py
[2025-03-07T15:42:58.670+0100] {logging_mixin.py:190} INFO - [2025-03-07T15:42:58.670+0100] {dag.py:3239} INFO - Sync 1 DAGs
[2025-03-07T15:42:58.678+0100] {logging_mixin.py:190} INFO - [2025-03-07T15:42:58.678+0100] {dag.py:4180} INFO - Setting next_dagrun for example_dynamic_task_mapping to None, run_after=None
[2025-03-07T15:42:58.690+0100] {processor.py:208} INFO - Processing /usr/local/anaconda3/envs/airflow_env/lib/python3.8/site-packages/airflow/example_dags/example_dynamic_task_mapping.py took 0.127 seconds
[2025-03-07T15:47:39.291+0100] {processor.py:186} INFO - Started process (PID=12104) to work on /usr/local/anaconda3/envs/airflow_env/lib/python3.8/site-packages/airflow/example_dags/example_dynamic_task_mapping.py
[2025-03-07T15:47:39.295+0100] {processor.py:914} INFO - Processing file /usr/local/anaconda3/envs/airflow_env/lib/python3.8/site-packages/airflow/example_dags/example_dynamic_task_mapping.py for tasks to queue
[2025-03-07T15:47:39.295+0100] {logging_mixin.py:190} INFO - [2025-03-07T15:47:39.295+0100] {dagbag.py:588} INFO - Filling up the DagBag from /usr/local/anaconda3/envs/airflow_env/lib/python3.8/site-packages/airflow/example_dags/example_dynamic_task_mapping.py
[2025-03-07T15:47:39.319+0100] {processor.py:925} INFO - DAG(s) 'example_dynamic_task_mapping' retrieved from /usr/local/anaconda3/envs/airflow_env/lib/python3.8/site-packages/airflow/example_dags/example_dynamic_task_mapping.py
[2025-03-07T15:47:39.386+0100] {logging_mixin.py:190} INFO - [2025-03-07T15:47:39.386+0100] {dag.py:3239} INFO - Sync 1 DAGs
[2025-03-07T15:47:39.394+0100] {logging_mixin.py:190} INFO - [2025-03-07T15:47:39.394+0100] {dag.py:4180} INFO - Setting next_dagrun for example_dynamic_task_mapping to None, run_after=None
[2025-03-07T15:47:39.405+0100] {processor.py:208} INFO - Processing /usr/local/anaconda3/envs/airflow_env/lib/python3.8/site-packages/airflow/example_dags/example_dynamic_task_mapping.py took 0.117 seconds
[2025-03-07T15:52:29.665+0100] {processor.py:186} INFO - Started process (PID=12663) to work on /usr/local/anaconda3/envs/airflow_env/lib/python3.8/site-packages/airflow/example_dags/example_dynamic_task_mapping.py
[2025-03-07T15:52:29.668+0100] {processor.py:914} INFO - Processing file /usr/local/anaconda3/envs/airflow_env/lib/python3.8/site-packages/airflow/example_dags/example_dynamic_task_mapping.py for tasks to queue
[2025-03-07T15:52:29.669+0100] {logging_mixin.py:190} INFO - [2025-03-07T15:52:29.669+0100] {dagbag.py:588} INFO - Filling up the DagBag from /usr/local/anaconda3/envs/airflow_env/lib/python3.8/site-packages/airflow/example_dags/example_dynamic_task_mapping.py
[2025-03-07T15:52:29.694+0100] {processor.py:925} INFO - DAG(s) 'example_dynamic_task_mapping' retrieved from /usr/local/anaconda3/envs/airflow_env/lib/python3.8/site-packages/airflow/example_dags/example_dynamic_task_mapping.py
[2025-03-07T15:52:29.767+0100] {logging_mixin.py:190} INFO - [2025-03-07T15:52:29.766+0100] {dag.py:3239} INFO - Sync 1 DAGs
[2025-03-07T15:52:29.775+0100] {logging_mixin.py:190} INFO - [2025-03-07T15:52:29.775+0100] {dag.py:4180} INFO - Setting next_dagrun for example_dynamic_task_mapping to None, run_after=None
[2025-03-07T15:52:29.787+0100] {processor.py:208} INFO - Processing /usr/local/anaconda3/envs/airflow_env/lib/python3.8/site-packages/airflow/example_dags/example_dynamic_task_mapping.py took 0.125 seconds
[2025-03-07T15:56:56.039+0100] {processor.py:186} INFO - Started process (PID=13122) to work on /usr/local/anaconda3/envs/airflow_env/lib/python3.8/site-packages/airflow/example_dags/example_dynamic_task_mapping.py
[2025-03-07T15:56:56.042+0100] {processor.py:914} INFO - Processing file /usr/local/anaconda3/envs/airflow_env/lib/python3.8/site-packages/airflow/example_dags/example_dynamic_task_mapping.py for tasks to queue
[2025-03-07T15:56:56.043+0100] {logging_mixin.py:190} INFO - [2025-03-07T15:56:56.043+0100] {dagbag.py:588} INFO - Filling up the DagBag from /usr/local/anaconda3/envs/airflow_env/lib/python3.8/site-packages/airflow/example_dags/example_dynamic_task_mapping.py
[2025-03-07T15:56:56.067+0100] {processor.py:925} INFO - DAG(s) 'example_dynamic_task_mapping' retrieved from /usr/local/anaconda3/envs/airflow_env/lib/python3.8/site-packages/airflow/example_dags/example_dynamic_task_mapping.py
[2025-03-07T15:56:56.134+0100] {logging_mixin.py:190} INFO - [2025-03-07T15:56:56.134+0100] {dag.py:3239} INFO - Sync 1 DAGs
[2025-03-07T15:56:56.142+0100] {logging_mixin.py:190} INFO - [2025-03-07T15:56:56.141+0100] {dag.py:4180} INFO - Setting next_dagrun for example_dynamic_task_mapping to None, run_after=None
[2025-03-07T15:56:56.153+0100] {processor.py:208} INFO - Processing /usr/local/anaconda3/envs/airflow_env/lib/python3.8/site-packages/airflow/example_dags/example_dynamic_task_mapping.py took 0.116 seconds
[2025-03-07T16:02:16.045+0100] {processor.py:186} INFO - Started process (PID=13689) to work on /usr/local/anaconda3/envs/airflow_env/lib/python3.8/site-packages/airflow/example_dags/example_dynamic_task_mapping.py
[2025-03-07T16:02:16.048+0100] {processor.py:914} INFO - Processing file /usr/local/anaconda3/envs/airflow_env/lib/python3.8/site-packages/airflow/example_dags/example_dynamic_task_mapping.py for tasks to queue
[2025-03-07T16:02:16.049+0100] {logging_mixin.py:190} INFO - [2025-03-07T16:02:16.049+0100] {dagbag.py:588} INFO - Filling up the DagBag from /usr/local/anaconda3/envs/airflow_env/lib/python3.8/site-packages/airflow/example_dags/example_dynamic_task_mapping.py
[2025-03-07T16:02:16.075+0100] {processor.py:925} INFO - DAG(s) 'example_dynamic_task_mapping' retrieved from /usr/local/anaconda3/envs/airflow_env/lib/python3.8/site-packages/airflow/example_dags/example_dynamic_task_mapping.py
[2025-03-07T16:02:16.146+0100] {logging_mixin.py:190} INFO - [2025-03-07T16:02:16.146+0100] {dag.py:3239} INFO - Sync 1 DAGs
[2025-03-07T16:02:16.154+0100] {logging_mixin.py:190} INFO - [2025-03-07T16:02:16.154+0100] {dag.py:4180} INFO - Setting next_dagrun for example_dynamic_task_mapping to None, run_after=None
[2025-03-07T16:02:16.166+0100] {processor.py:208} INFO - Processing /usr/local/anaconda3/envs/airflow_env/lib/python3.8/site-packages/airflow/example_dags/example_dynamic_task_mapping.py took 0.125 seconds
[2025-03-07T16:09:05.320+0100] {processor.py:186} INFO - Started process (PID=14305) to work on /usr/local/anaconda3/envs/airflow_env/lib/python3.8/site-packages/airflow/example_dags/example_dynamic_task_mapping.py
[2025-03-07T16:09:05.323+0100] {processor.py:914} INFO - Processing file /usr/local/anaconda3/envs/airflow_env/lib/python3.8/site-packages/airflow/example_dags/example_dynamic_task_mapping.py for tasks to queue
[2025-03-07T16:09:05.324+0100] {logging_mixin.py:190} INFO - [2025-03-07T16:09:05.324+0100] {dagbag.py:588} INFO - Filling up the DagBag from /usr/local/anaconda3/envs/airflow_env/lib/python3.8/site-packages/airflow/example_dags/example_dynamic_task_mapping.py
[2025-03-07T16:09:05.348+0100] {processor.py:925} INFO - DAG(s) 'example_dynamic_task_mapping' retrieved from /usr/local/anaconda3/envs/airflow_env/lib/python3.8/site-packages/airflow/example_dags/example_dynamic_task_mapping.py
[2025-03-07T16:09:05.416+0100] {logging_mixin.py:190} INFO - [2025-03-07T16:09:05.416+0100] {dag.py:3239} INFO - Sync 1 DAGs
[2025-03-07T16:09:05.424+0100] {logging_mixin.py:190} INFO - [2025-03-07T16:09:05.424+0100] {dag.py:4180} INFO - Setting next_dagrun for example_dynamic_task_mapping to None, run_after=None
[2025-03-07T16:09:05.436+0100] {processor.py:208} INFO - Processing /usr/local/anaconda3/envs/airflow_env/lib/python3.8/site-packages/airflow/example_dags/example_dynamic_task_mapping.py took 0.119 seconds
[2025-03-07T16:14:25.257+0100] {processor.py:186} INFO - Started process (PID=14915) to work on /usr/local/anaconda3/envs/airflow_env/lib/python3.8/site-packages/airflow/example_dags/example_dynamic_task_mapping.py
[2025-03-07T16:14:25.260+0100] {processor.py:914} INFO - Processing file /usr/local/anaconda3/envs/airflow_env/lib/python3.8/site-packages/airflow/example_dags/example_dynamic_task_mapping.py for tasks to queue
[2025-03-07T16:14:25.261+0100] {logging_mixin.py:190} INFO - [2025-03-07T16:14:25.261+0100] {dagbag.py:588} INFO - Filling up the DagBag from /usr/local/anaconda3/envs/airflow_env/lib/python3.8/site-packages/airflow/example_dags/example_dynamic_task_mapping.py
[2025-03-07T16:14:25.288+0100] {processor.py:925} INFO - DAG(s) 'example_dynamic_task_mapping' retrieved from /usr/local/anaconda3/envs/airflow_env/lib/python3.8/site-packages/airflow/example_dags/example_dynamic_task_mapping.py
[2025-03-07T16:14:25.364+0100] {logging_mixin.py:190} INFO - [2025-03-07T16:14:25.363+0100] {dag.py:3239} INFO - Sync 1 DAGs
[2025-03-07T16:14:25.372+0100] {logging_mixin.py:190} INFO - [2025-03-07T16:14:25.372+0100] {dag.py:4180} INFO - Setting next_dagrun for example_dynamic_task_mapping to None, run_after=None
[2025-03-07T16:14:25.384+0100] {processor.py:208} INFO - Processing /usr/local/anaconda3/envs/airflow_env/lib/python3.8/site-packages/airflow/example_dags/example_dynamic_task_mapping.py took 0.131 seconds
[2025-03-07T16:18:58.326+0100] {processor.py:186} INFO - Started process (PID=15389) to work on /usr/local/anaconda3/envs/airflow_env/lib/python3.8/site-packages/airflow/example_dags/example_dynamic_task_mapping.py
[2025-03-07T16:18:58.330+0100] {processor.py:914} INFO - Processing file /usr/local/anaconda3/envs/airflow_env/lib/python3.8/site-packages/airflow/example_dags/example_dynamic_task_mapping.py for tasks to queue
[2025-03-07T16:18:58.331+0100] {logging_mixin.py:190} INFO - [2025-03-07T16:18:58.331+0100] {dagbag.py:588} INFO - Filling up the DagBag from /usr/local/anaconda3/envs/airflow_env/lib/python3.8/site-packages/airflow/example_dags/example_dynamic_task_mapping.py
[2025-03-07T16:18:58.362+0100] {processor.py:925} INFO - DAG(s) 'example_dynamic_task_mapping' retrieved from /usr/local/anaconda3/envs/airflow_env/lib/python3.8/site-packages/airflow/example_dags/example_dynamic_task_mapping.py
[2025-03-07T16:18:58.445+0100] {logging_mixin.py:190} INFO - [2025-03-07T16:18:58.445+0100] {dag.py:3239} INFO - Sync 1 DAGs
[2025-03-07T16:18:58.454+0100] {logging_mixin.py:190} INFO - [2025-03-07T16:18:58.454+0100] {dag.py:4180} INFO - Setting next_dagrun for example_dynamic_task_mapping to None, run_after=None
[2025-03-07T16:18:58.475+0100] {processor.py:208} INFO - Processing /usr/local/anaconda3/envs/airflow_env/lib/python3.8/site-packages/airflow/example_dags/example_dynamic_task_mapping.py took 0.153 seconds
[2025-03-07T16:31:18.522+0100] {processor.py:186} INFO - Started process (PID=16382) to work on /usr/local/anaconda3/envs/airflow_env/lib/python3.8/site-packages/airflow/example_dags/example_dynamic_task_mapping.py
[2025-03-07T16:31:18.525+0100] {processor.py:914} INFO - Processing file /usr/local/anaconda3/envs/airflow_env/lib/python3.8/site-packages/airflow/example_dags/example_dynamic_task_mapping.py for tasks to queue
[2025-03-07T16:31:18.526+0100] {logging_mixin.py:190} INFO - [2025-03-07T16:31:18.526+0100] {dagbag.py:588} INFO - Filling up the DagBag from /usr/local/anaconda3/envs/airflow_env/lib/python3.8/site-packages/airflow/example_dags/example_dynamic_task_mapping.py
[2025-03-07T16:31:18.550+0100] {processor.py:925} INFO - DAG(s) 'example_dynamic_task_mapping' retrieved from /usr/local/anaconda3/envs/airflow_env/lib/python3.8/site-packages/airflow/example_dags/example_dynamic_task_mapping.py
[2025-03-07T16:31:18.617+0100] {logging_mixin.py:190} INFO - [2025-03-07T16:31:18.617+0100] {dag.py:3239} INFO - Sync 1 DAGs
[2025-03-07T16:31:18.625+0100] {logging_mixin.py:190} INFO - [2025-03-07T16:31:18.625+0100] {dag.py:4180} INFO - Setting next_dagrun for example_dynamic_task_mapping to None, run_after=None
[2025-03-07T16:31:18.637+0100] {processor.py:208} INFO - Processing /usr/local/anaconda3/envs/airflow_env/lib/python3.8/site-packages/airflow/example_dags/example_dynamic_task_mapping.py took 0.118 seconds
[2025-03-07T16:41:55.698+0100] {processor.py:186} INFO - Started process (PID=17487) to work on /usr/local/anaconda3/envs/airflow_env/lib/python3.8/site-packages/airflow/example_dags/example_dynamic_task_mapping.py
[2025-03-07T16:41:55.701+0100] {processor.py:914} INFO - Processing file /usr/local/anaconda3/envs/airflow_env/lib/python3.8/site-packages/airflow/example_dags/example_dynamic_task_mapping.py for tasks to queue
[2025-03-07T16:41:55.702+0100] {logging_mixin.py:190} INFO - [2025-03-07T16:41:55.702+0100] {dagbag.py:588} INFO - Filling up the DagBag from /usr/local/anaconda3/envs/airflow_env/lib/python3.8/site-packages/airflow/example_dags/example_dynamic_task_mapping.py
[2025-03-07T16:41:55.727+0100] {processor.py:925} INFO - DAG(s) 'example_dynamic_task_mapping' retrieved from /usr/local/anaconda3/envs/airflow_env/lib/python3.8/site-packages/airflow/example_dags/example_dynamic_task_mapping.py
[2025-03-07T16:41:55.797+0100] {logging_mixin.py:190} INFO - [2025-03-07T16:41:55.797+0100] {dag.py:3239} INFO - Sync 1 DAGs
[2025-03-07T16:41:55.805+0100] {logging_mixin.py:190} INFO - [2025-03-07T16:41:55.805+0100] {dag.py:4180} INFO - Setting next_dagrun for example_dynamic_task_mapping to None, run_after=None
[2025-03-07T16:41:55.816+0100] {processor.py:208} INFO - Processing /usr/local/anaconda3/envs/airflow_env/lib/python3.8/site-packages/airflow/example_dags/example_dynamic_task_mapping.py took 0.121 seconds
[2025-03-07T16:48:16.938+0100] {processor.py:186} INFO - Started process (PID=18247) to work on /usr/local/anaconda3/envs/airflow_env/lib/python3.8/site-packages/airflow/example_dags/example_dynamic_task_mapping.py
[2025-03-07T16:48:16.941+0100] {processor.py:914} INFO - Processing file /usr/local/anaconda3/envs/airflow_env/lib/python3.8/site-packages/airflow/example_dags/example_dynamic_task_mapping.py for tasks to queue
[2025-03-07T16:48:16.942+0100] {logging_mixin.py:190} INFO - [2025-03-07T16:48:16.942+0100] {dagbag.py:588} INFO - Filling up the DagBag from /usr/local/anaconda3/envs/airflow_env/lib/python3.8/site-packages/airflow/example_dags/example_dynamic_task_mapping.py
[2025-03-07T16:48:16.966+0100] {processor.py:925} INFO - DAG(s) 'example_dynamic_task_mapping' retrieved from /usr/local/anaconda3/envs/airflow_env/lib/python3.8/site-packages/airflow/example_dags/example_dynamic_task_mapping.py
[2025-03-07T16:48:17.036+0100] {logging_mixin.py:190} INFO - [2025-03-07T16:48:17.036+0100] {dag.py:3239} INFO - Sync 1 DAGs
[2025-03-07T16:48:17.044+0100] {logging_mixin.py:190} INFO - [2025-03-07T16:48:17.044+0100] {dag.py:4180} INFO - Setting next_dagrun for example_dynamic_task_mapping to None, run_after=None
[2025-03-07T16:48:17.055+0100] {processor.py:208} INFO - Processing /usr/local/anaconda3/envs/airflow_env/lib/python3.8/site-packages/airflow/example_dags/example_dynamic_task_mapping.py took 0.120 seconds
[2025-03-07T16:51:11.732+0100] {processor.py:186} INFO - Started process (PID=18587) to work on /usr/local/anaconda3/envs/airflow_env/lib/python3.8/site-packages/airflow/example_dags/example_dynamic_task_mapping.py
[2025-03-07T16:51:11.735+0100] {processor.py:914} INFO - Processing file /usr/local/anaconda3/envs/airflow_env/lib/python3.8/site-packages/airflow/example_dags/example_dynamic_task_mapping.py for tasks to queue
[2025-03-07T16:51:11.736+0100] {logging_mixin.py:190} INFO - [2025-03-07T16:51:11.736+0100] {dagbag.py:588} INFO - Filling up the DagBag from /usr/local/anaconda3/envs/airflow_env/lib/python3.8/site-packages/airflow/example_dags/example_dynamic_task_mapping.py
[2025-03-07T16:51:11.760+0100] {processor.py:925} INFO - DAG(s) 'example_dynamic_task_mapping' retrieved from /usr/local/anaconda3/envs/airflow_env/lib/python3.8/site-packages/airflow/example_dags/example_dynamic_task_mapping.py
[2025-03-07T16:51:11.833+0100] {logging_mixin.py:190} INFO - [2025-03-07T16:51:11.833+0100] {dag.py:3239} INFO - Sync 1 DAGs
[2025-03-07T16:51:11.842+0100] {logging_mixin.py:190} INFO - [2025-03-07T16:51:11.841+0100] {dag.py:4180} INFO - Setting next_dagrun for example_dynamic_task_mapping to None, run_after=None
[2025-03-07T16:51:11.854+0100] {processor.py:208} INFO - Processing /usr/local/anaconda3/envs/airflow_env/lib/python3.8/site-packages/airflow/example_dags/example_dynamic_task_mapping.py took 0.125 seconds
[2025-03-07T16:56:27.671+0100] {processor.py:186} INFO - Started process (PID=19506) to work on /usr/local/anaconda3/envs/airflow_env/lib/python3.8/site-packages/airflow/example_dags/example_dynamic_task_mapping.py
[2025-03-07T16:56:27.674+0100] {processor.py:914} INFO - Processing file /usr/local/anaconda3/envs/airflow_env/lib/python3.8/site-packages/airflow/example_dags/example_dynamic_task_mapping.py for tasks to queue
[2025-03-07T16:56:27.675+0100] {logging_mixin.py:190} INFO - [2025-03-07T16:56:27.675+0100] {dagbag.py:588} INFO - Filling up the DagBag from /usr/local/anaconda3/envs/airflow_env/lib/python3.8/site-packages/airflow/example_dags/example_dynamic_task_mapping.py
[2025-03-07T16:56:27.700+0100] {processor.py:925} INFO - DAG(s) 'example_dynamic_task_mapping' retrieved from /usr/local/anaconda3/envs/airflow_env/lib/python3.8/site-packages/airflow/example_dags/example_dynamic_task_mapping.py
[2025-03-07T16:56:27.769+0100] {logging_mixin.py:190} INFO - [2025-03-07T16:56:27.769+0100] {dag.py:3239} INFO - Sync 1 DAGs
[2025-03-07T16:56:27.777+0100] {logging_mixin.py:190} INFO - [2025-03-07T16:56:27.777+0100] {dag.py:4180} INFO - Setting next_dagrun for example_dynamic_task_mapping to None, run_after=None
[2025-03-07T16:56:27.790+0100] {processor.py:208} INFO - Processing /usr/local/anaconda3/envs/airflow_env/lib/python3.8/site-packages/airflow/example_dags/example_dynamic_task_mapping.py took 0.122 seconds
[2025-03-07T16:59:12.580+0100] {processor.py:186} INFO - Started process (PID=19766) to work on /usr/local/anaconda3/envs/airflow_env/lib/python3.8/site-packages/airflow/example_dags/example_dynamic_task_mapping.py
[2025-03-07T16:59:12.583+0100] {processor.py:914} INFO - Processing file /usr/local/anaconda3/envs/airflow_env/lib/python3.8/site-packages/airflow/example_dags/example_dynamic_task_mapping.py for tasks to queue
[2025-03-07T16:59:12.584+0100] {logging_mixin.py:190} INFO - [2025-03-07T16:59:12.584+0100] {dagbag.py:588} INFO - Filling up the DagBag from /usr/local/anaconda3/envs/airflow_env/lib/python3.8/site-packages/airflow/example_dags/example_dynamic_task_mapping.py
[2025-03-07T16:59:12.607+0100] {processor.py:925} INFO - DAG(s) 'example_dynamic_task_mapping' retrieved from /usr/local/anaconda3/envs/airflow_env/lib/python3.8/site-packages/airflow/example_dags/example_dynamic_task_mapping.py
[2025-03-07T16:59:12.675+0100] {logging_mixin.py:190} INFO - [2025-03-07T16:59:12.675+0100] {dag.py:3239} INFO - Sync 1 DAGs
[2025-03-07T16:59:12.684+0100] {logging_mixin.py:190} INFO - [2025-03-07T16:59:12.683+0100] {dag.py:4180} INFO - Setting next_dagrun for example_dynamic_task_mapping to None, run_after=None
[2025-03-07T16:59:12.696+0100] {processor.py:208} INFO - Processing /usr/local/anaconda3/envs/airflow_env/lib/python3.8/site-packages/airflow/example_dags/example_dynamic_task_mapping.py took 0.119 seconds
[2025-03-07T17:04:01.514+0100] {processor.py:186} INFO - Started process (PID=20521) to work on /usr/local/anaconda3/envs/airflow_env/lib/python3.8/site-packages/airflow/example_dags/example_dynamic_task_mapping.py
[2025-03-07T17:04:01.517+0100] {processor.py:914} INFO - Processing file /usr/local/anaconda3/envs/airflow_env/lib/python3.8/site-packages/airflow/example_dags/example_dynamic_task_mapping.py for tasks to queue
[2025-03-07T17:04:01.518+0100] {logging_mixin.py:190} INFO - [2025-03-07T17:04:01.517+0100] {dagbag.py:588} INFO - Filling up the DagBag from /usr/local/anaconda3/envs/airflow_env/lib/python3.8/site-packages/airflow/example_dags/example_dynamic_task_mapping.py
[2025-03-07T17:04:01.541+0100] {processor.py:925} INFO - DAG(s) 'example_dynamic_task_mapping' retrieved from /usr/local/anaconda3/envs/airflow_env/lib/python3.8/site-packages/airflow/example_dags/example_dynamic_task_mapping.py
[2025-03-07T17:04:01.608+0100] {logging_mixin.py:190} INFO - [2025-03-07T17:04:01.608+0100] {dag.py:3239} INFO - Sync 1 DAGs
[2025-03-07T17:04:01.616+0100] {logging_mixin.py:190} INFO - [2025-03-07T17:04:01.616+0100] {dag.py:4180} INFO - Setting next_dagrun for example_dynamic_task_mapping to None, run_after=None
[2025-03-07T17:04:01.627+0100] {processor.py:208} INFO - Processing /usr/local/anaconda3/envs/airflow_env/lib/python3.8/site-packages/airflow/example_dags/example_dynamic_task_mapping.py took 0.116 seconds
[2025-03-07T17:12:23.074+0100] {processor.py:186} INFO - Started process (PID=21031) to work on /usr/local/anaconda3/envs/airflow_env/lib/python3.8/site-packages/airflow/example_dags/example_dynamic_task_mapping.py
[2025-03-07T17:12:23.077+0100] {processor.py:914} INFO - Processing file /usr/local/anaconda3/envs/airflow_env/lib/python3.8/site-packages/airflow/example_dags/example_dynamic_task_mapping.py for tasks to queue
[2025-03-07T17:12:23.078+0100] {logging_mixin.py:190} INFO - [2025-03-07T17:12:23.078+0100] {dagbag.py:588} INFO - Filling up the DagBag from /usr/local/anaconda3/envs/airflow_env/lib/python3.8/site-packages/airflow/example_dags/example_dynamic_task_mapping.py
[2025-03-07T17:12:23.102+0100] {processor.py:925} INFO - DAG(s) 'example_dynamic_task_mapping' retrieved from /usr/local/anaconda3/envs/airflow_env/lib/python3.8/site-packages/airflow/example_dags/example_dynamic_task_mapping.py
[2025-03-07T17:12:23.170+0100] {logging_mixin.py:190} INFO - [2025-03-07T17:12:23.170+0100] {dag.py:3239} INFO - Sync 1 DAGs
[2025-03-07T17:12:23.178+0100] {logging_mixin.py:190} INFO - [2025-03-07T17:12:23.178+0100] {dag.py:4180} INFO - Setting next_dagrun for example_dynamic_task_mapping to None, run_after=None
[2025-03-07T17:12:23.189+0100] {processor.py:208} INFO - Processing /usr/local/anaconda3/envs/airflow_env/lib/python3.8/site-packages/airflow/example_dags/example_dynamic_task_mapping.py took 0.118 seconds
[2025-03-07T17:25:57.201+0100] {processor.py:186} INFO - Started process (PID=22520) to work on /usr/local/anaconda3/envs/airflow_env/lib/python3.8/site-packages/airflow/example_dags/example_dynamic_task_mapping.py
[2025-03-07T17:25:57.205+0100] {processor.py:914} INFO - Processing file /usr/local/anaconda3/envs/airflow_env/lib/python3.8/site-packages/airflow/example_dags/example_dynamic_task_mapping.py for tasks to queue
[2025-03-07T17:25:57.206+0100] {logging_mixin.py:190} INFO - [2025-03-07T17:25:57.206+0100] {dagbag.py:588} INFO - Filling up the DagBag from /usr/local/anaconda3/envs/airflow_env/lib/python3.8/site-packages/airflow/example_dags/example_dynamic_task_mapping.py
[2025-03-07T17:25:57.231+0100] {processor.py:925} INFO - DAG(s) 'example_dynamic_task_mapping' retrieved from /usr/local/anaconda3/envs/airflow_env/lib/python3.8/site-packages/airflow/example_dags/example_dynamic_task_mapping.py
[2025-03-07T17:25:57.305+0100] {logging_mixin.py:190} INFO - [2025-03-07T17:25:57.305+0100] {dag.py:3239} INFO - Sync 1 DAGs
[2025-03-07T17:25:57.313+0100] {logging_mixin.py:190} INFO - [2025-03-07T17:25:57.313+0100] {dag.py:4180} INFO - Setting next_dagrun for example_dynamic_task_mapping to None, run_after=None
[2025-03-07T17:25:57.327+0100] {processor.py:208} INFO - Processing /usr/local/anaconda3/envs/airflow_env/lib/python3.8/site-packages/airflow/example_dags/example_dynamic_task_mapping.py took 0.128 seconds
[2025-03-07T20:34:04.339+0100] {processor.py:186} INFO - Started process (PID=23266) to work on /usr/local/anaconda3/envs/airflow_env/lib/python3.8/site-packages/airflow/example_dags/example_dynamic_task_mapping.py
[2025-03-07T20:34:04.343+0100] {processor.py:914} INFO - Processing file /usr/local/anaconda3/envs/airflow_env/lib/python3.8/site-packages/airflow/example_dags/example_dynamic_task_mapping.py for tasks to queue
[2025-03-07T20:34:04.343+0100] {logging_mixin.py:190} INFO - [2025-03-07T20:34:04.343+0100] {dagbag.py:588} INFO - Filling up the DagBag from /usr/local/anaconda3/envs/airflow_env/lib/python3.8/site-packages/airflow/example_dags/example_dynamic_task_mapping.py
[2025-03-07T20:34:04.368+0100] {processor.py:925} INFO - DAG(s) 'example_dynamic_task_mapping' retrieved from /usr/local/anaconda3/envs/airflow_env/lib/python3.8/site-packages/airflow/example_dags/example_dynamic_task_mapping.py
[2025-03-07T20:34:04.435+0100] {logging_mixin.py:190} INFO - [2025-03-07T20:34:04.434+0100] {dag.py:3239} INFO - Sync 1 DAGs
[2025-03-07T20:34:04.442+0100] {logging_mixin.py:190} INFO - [2025-03-07T20:34:04.442+0100] {dag.py:4180} INFO - Setting next_dagrun for example_dynamic_task_mapping to None, run_after=None
[2025-03-07T20:34:04.453+0100] {processor.py:208} INFO - Processing /usr/local/anaconda3/envs/airflow_env/lib/python3.8/site-packages/airflow/example_dags/example_dynamic_task_mapping.py took 0.116 seconds
[2025-03-07T20:45:55.077+0100] {processor.py:186} INFO - Started process (PID=23605) to work on /usr/local/anaconda3/envs/airflow_env/lib/python3.8/site-packages/airflow/example_dags/example_dynamic_task_mapping.py
[2025-03-07T20:45:55.081+0100] {processor.py:914} INFO - Processing file /usr/local/anaconda3/envs/airflow_env/lib/python3.8/site-packages/airflow/example_dags/example_dynamic_task_mapping.py for tasks to queue
[2025-03-07T20:45:55.082+0100] {logging_mixin.py:190} INFO - [2025-03-07T20:45:55.081+0100] {dagbag.py:588} INFO - Filling up the DagBag from /usr/local/anaconda3/envs/airflow_env/lib/python3.8/site-packages/airflow/example_dags/example_dynamic_task_mapping.py
[2025-03-07T20:45:55.108+0100] {processor.py:925} INFO - DAG(s) 'example_dynamic_task_mapping' retrieved from /usr/local/anaconda3/envs/airflow_env/lib/python3.8/site-packages/airflow/example_dags/example_dynamic_task_mapping.py
[2025-03-07T20:45:55.178+0100] {logging_mixin.py:190} INFO - [2025-03-07T20:45:55.178+0100] {dag.py:3239} INFO - Sync 1 DAGs
[2025-03-07T20:45:55.188+0100] {logging_mixin.py:190} INFO - [2025-03-07T20:45:55.187+0100] {dag.py:4180} INFO - Setting next_dagrun for example_dynamic_task_mapping to None, run_after=None
[2025-03-07T20:45:55.200+0100] {processor.py:208} INFO - Processing /usr/local/anaconda3/envs/airflow_env/lib/python3.8/site-packages/airflow/example_dags/example_dynamic_task_mapping.py took 0.126 seconds
[2025-03-07T20:50:39.008+0100] {processor.py:186} INFO - Started process (PID=24109) to work on /usr/local/anaconda3/envs/airflow_env/lib/python3.8/site-packages/airflow/example_dags/example_dynamic_task_mapping.py
[2025-03-07T20:50:39.011+0100] {processor.py:914} INFO - Processing file /usr/local/anaconda3/envs/airflow_env/lib/python3.8/site-packages/airflow/example_dags/example_dynamic_task_mapping.py for tasks to queue
[2025-03-07T20:50:39.012+0100] {logging_mixin.py:190} INFO - [2025-03-07T20:50:39.012+0100] {dagbag.py:588} INFO - Filling up the DagBag from /usr/local/anaconda3/envs/airflow_env/lib/python3.8/site-packages/airflow/example_dags/example_dynamic_task_mapping.py
[2025-03-07T20:50:39.036+0100] {processor.py:925} INFO - DAG(s) 'example_dynamic_task_mapping' retrieved from /usr/local/anaconda3/envs/airflow_env/lib/python3.8/site-packages/airflow/example_dags/example_dynamic_task_mapping.py
[2025-03-07T20:50:39.106+0100] {logging_mixin.py:190} INFO - [2025-03-07T20:50:39.105+0100] {dag.py:3239} INFO - Sync 1 DAGs
[2025-03-07T20:50:39.113+0100] {logging_mixin.py:190} INFO - [2025-03-07T20:50:39.113+0100] {dag.py:4180} INFO - Setting next_dagrun for example_dynamic_task_mapping to None, run_after=None
[2025-03-07T20:50:39.124+0100] {processor.py:208} INFO - Processing /usr/local/anaconda3/envs/airflow_env/lib/python3.8/site-packages/airflow/example_dags/example_dynamic_task_mapping.py took 0.119 seconds
[2025-03-07T20:53:25.024+0100] {processor.py:186} INFO - Started process (PID=24447) to work on /usr/local/anaconda3/envs/airflow_env/lib/python3.8/site-packages/airflow/example_dags/example_dynamic_task_mapping.py
[2025-03-07T20:53:25.028+0100] {processor.py:914} INFO - Processing file /usr/local/anaconda3/envs/airflow_env/lib/python3.8/site-packages/airflow/example_dags/example_dynamic_task_mapping.py for tasks to queue
[2025-03-07T20:53:25.029+0100] {logging_mixin.py:190} INFO - [2025-03-07T20:53:25.028+0100] {dagbag.py:588} INFO - Filling up the DagBag from /usr/local/anaconda3/envs/airflow_env/lib/python3.8/site-packages/airflow/example_dags/example_dynamic_task_mapping.py
[2025-03-07T20:53:25.055+0100] {processor.py:925} INFO - DAG(s) 'example_dynamic_task_mapping' retrieved from /usr/local/anaconda3/envs/airflow_env/lib/python3.8/site-packages/airflow/example_dags/example_dynamic_task_mapping.py
[2025-03-07T20:53:25.126+0100] {logging_mixin.py:190} INFO - [2025-03-07T20:53:25.125+0100] {dag.py:3239} INFO - Sync 1 DAGs
[2025-03-07T20:53:25.134+0100] {logging_mixin.py:190} INFO - [2025-03-07T20:53:25.133+0100] {dag.py:4180} INFO - Setting next_dagrun for example_dynamic_task_mapping to None, run_after=None
[2025-03-07T20:53:25.146+0100] {processor.py:208} INFO - Processing /usr/local/anaconda3/envs/airflow_env/lib/python3.8/site-packages/airflow/example_dags/example_dynamic_task_mapping.py took 0.125 seconds
[2025-03-07T20:58:10.590+0100] {processor.py:186} INFO - Started process (PID=24947) to work on /usr/local/anaconda3/envs/airflow_env/lib/python3.8/site-packages/airflow/example_dags/example_dynamic_task_mapping.py
[2025-03-07T20:58:10.594+0100] {processor.py:914} INFO - Processing file /usr/local/anaconda3/envs/airflow_env/lib/python3.8/site-packages/airflow/example_dags/example_dynamic_task_mapping.py for tasks to queue
[2025-03-07T20:58:10.595+0100] {logging_mixin.py:190} INFO - [2025-03-07T20:58:10.595+0100] {dagbag.py:588} INFO - Filling up the DagBag from /usr/local/anaconda3/envs/airflow_env/lib/python3.8/site-packages/airflow/example_dags/example_dynamic_task_mapping.py
[2025-03-07T20:58:10.620+0100] {processor.py:925} INFO - DAG(s) 'example_dynamic_task_mapping' retrieved from /usr/local/anaconda3/envs/airflow_env/lib/python3.8/site-packages/airflow/example_dags/example_dynamic_task_mapping.py
[2025-03-07T20:58:10.696+0100] {logging_mixin.py:190} INFO - [2025-03-07T20:58:10.696+0100] {dag.py:3239} INFO - Sync 1 DAGs
[2025-03-07T20:58:10.704+0100] {logging_mixin.py:190} INFO - [2025-03-07T20:58:10.704+0100] {dag.py:4180} INFO - Setting next_dagrun for example_dynamic_task_mapping to None, run_after=None
[2025-03-07T20:58:10.716+0100] {processor.py:208} INFO - Processing /usr/local/anaconda3/envs/airflow_env/lib/python3.8/site-packages/airflow/example_dags/example_dynamic_task_mapping.py took 0.128 seconds
[2025-03-07T21:03:48.454+0100] {processor.py:186} INFO - Started process (PID=25475) to work on /usr/local/anaconda3/envs/airflow_env/lib/python3.8/site-packages/airflow/example_dags/example_dynamic_task_mapping.py
[2025-03-07T21:03:48.457+0100] {processor.py:914} INFO - Processing file /usr/local/anaconda3/envs/airflow_env/lib/python3.8/site-packages/airflow/example_dags/example_dynamic_task_mapping.py for tasks to queue
[2025-03-07T21:03:48.458+0100] {logging_mixin.py:190} INFO - [2025-03-07T21:03:48.458+0100] {dagbag.py:588} INFO - Filling up the DagBag from /usr/local/anaconda3/envs/airflow_env/lib/python3.8/site-packages/airflow/example_dags/example_dynamic_task_mapping.py
[2025-03-07T21:03:48.483+0100] {processor.py:925} INFO - DAG(s) 'example_dynamic_task_mapping' retrieved from /usr/local/anaconda3/envs/airflow_env/lib/python3.8/site-packages/airflow/example_dags/example_dynamic_task_mapping.py
[2025-03-07T21:03:48.555+0100] {logging_mixin.py:190} INFO - [2025-03-07T21:03:48.555+0100] {dag.py:3239} INFO - Sync 1 DAGs
[2025-03-07T21:03:48.563+0100] {logging_mixin.py:190} INFO - [2025-03-07T21:03:48.563+0100] {dag.py:4180} INFO - Setting next_dagrun for example_dynamic_task_mapping to None, run_after=None
[2025-03-07T21:03:48.575+0100] {processor.py:208} INFO - Processing /usr/local/anaconda3/envs/airflow_env/lib/python3.8/site-packages/airflow/example_dags/example_dynamic_task_mapping.py took 0.124 seconds
[2025-03-07T21:06:39.007+0100] {processor.py:186} INFO - Started process (PID=25766) to work on /usr/local/anaconda3/envs/airflow_env/lib/python3.8/site-packages/airflow/example_dags/example_dynamic_task_mapping.py
[2025-03-07T21:06:39.010+0100] {processor.py:914} INFO - Processing file /usr/local/anaconda3/envs/airflow_env/lib/python3.8/site-packages/airflow/example_dags/example_dynamic_task_mapping.py for tasks to queue
[2025-03-07T21:06:39.011+0100] {logging_mixin.py:190} INFO - [2025-03-07T21:06:39.011+0100] {dagbag.py:588} INFO - Filling up the DagBag from /usr/local/anaconda3/envs/airflow_env/lib/python3.8/site-packages/airflow/example_dags/example_dynamic_task_mapping.py
[2025-03-07T21:06:39.037+0100] {processor.py:925} INFO - DAG(s) 'example_dynamic_task_mapping' retrieved from /usr/local/anaconda3/envs/airflow_env/lib/python3.8/site-packages/airflow/example_dags/example_dynamic_task_mapping.py
[2025-03-07T21:06:39.111+0100] {logging_mixin.py:190} INFO - [2025-03-07T21:06:39.111+0100] {dag.py:3239} INFO - Sync 1 DAGs
[2025-03-07T21:06:39.120+0100] {logging_mixin.py:190} INFO - [2025-03-07T21:06:39.119+0100] {dag.py:4180} INFO - Setting next_dagrun for example_dynamic_task_mapping to None, run_after=None
[2025-03-07T21:06:39.133+0100] {processor.py:208} INFO - Processing /usr/local/anaconda3/envs/airflow_env/lib/python3.8/site-packages/airflow/example_dags/example_dynamic_task_mapping.py took 0.129 seconds
