[2025-03-07T14:11:14.765+0100] {processor.py:186} INFO - Started process (PID=2695) to work on /usr/local/anaconda3/envs/airflow_env/lib/python3.8/site-packages/airflow/example_dags/example_time_delta_sensor_async.py
[2025-03-07T14:11:14.768+0100] {processor.py:914} INFO - Processing file /usr/local/anaconda3/envs/airflow_env/lib/python3.8/site-packages/airflow/example_dags/example_time_delta_sensor_async.py for tasks to queue
[2025-03-07T14:11:14.769+0100] {logging_mixin.py:190} INFO - [2025-03-07T14:11:14.769+0100] {dagbag.py:588} INFO - Filling up the DagBag from /usr/local/anaconda3/envs/airflow_env/lib/python3.8/site-packages/airflow/example_dags/example_time_delta_sensor_async.py
[2025-03-07T14:11:14.775+0100] {processor.py:925} INFO - DAG(s) 'example_time_delta_sensor_async' retrieved from /usr/local/anaconda3/envs/airflow_env/lib/python3.8/site-packages/airflow/example_dags/example_time_delta_sensor_async.py
[2025-03-07T14:11:15.432+0100] {logging_mixin.py:190} INFO - [2025-03-07T14:11:15.432+0100] {override.py:1901} INFO - Created Permission View: can read on DAG:example_time_delta_sensor_async
[2025-03-07T14:11:15.438+0100] {logging_mixin.py:190} INFO - [2025-03-07T14:11:15.438+0100] {override.py:1901} INFO - Created Permission View: can delete on DAG:example_time_delta_sensor_async
[2025-03-07T14:11:15.442+0100] {logging_mixin.py:190} INFO - [2025-03-07T14:11:15.442+0100] {override.py:1901} INFO - Created Permission View: can edit on DAG:example_time_delta_sensor_async
[2025-03-07T14:11:15.448+0100] {logging_mixin.py:190} INFO - [2025-03-07T14:11:15.448+0100] {override.py:1901} INFO - Created Permission View: can read on DAG Run:example_time_delta_sensor_async
[2025-03-07T14:11:15.452+0100] {logging_mixin.py:190} INFO - [2025-03-07T14:11:15.452+0100] {override.py:1901} INFO - Created Permission View: menu access on DAG Run:example_time_delta_sensor_async
[2025-03-07T14:11:15.456+0100] {logging_mixin.py:190} INFO - [2025-03-07T14:11:15.456+0100] {override.py:1901} INFO - Created Permission View: can create on DAG Run:example_time_delta_sensor_async
[2025-03-07T14:11:15.460+0100] {logging_mixin.py:190} INFO - [2025-03-07T14:11:15.460+0100] {override.py:1901} INFO - Created Permission View: can delete on DAG Run:example_time_delta_sensor_async
[2025-03-07T14:11:15.460+0100] {logging_mixin.py:190} INFO - [2025-03-07T14:11:15.460+0100] {dag.py:3239} INFO - Sync 1 DAGs
[2025-03-07T14:11:15.470+0100] {logging_mixin.py:190} INFO - [2025-03-07T14:11:15.470+0100] {dag.py:3262} INFO - Creating ORM DAG for example_time_delta_sensor_async
[2025-03-07T14:11:15.470+0100] {logging_mixin.py:190} INFO - [2025-03-07T14:11:15.470+0100] {dag.py:4180} INFO - Setting next_dagrun for example_time_delta_sensor_async to None, run_after=None
[2025-03-07T14:11:15.482+0100] {processor.py:208} INFO - Processing /usr/local/anaconda3/envs/airflow_env/lib/python3.8/site-packages/airflow/example_dags/example_time_delta_sensor_async.py took 0.720 seconds
[2025-03-07T14:14:40.324+0100] {processor.py:186} INFO - Started process (PID=3039) to work on /usr/local/anaconda3/envs/airflow_env/lib/python3.8/site-packages/airflow/example_dags/example_time_delta_sensor_async.py
[2025-03-07T14:14:40.327+0100] {processor.py:914} INFO - Processing file /usr/local/anaconda3/envs/airflow_env/lib/python3.8/site-packages/airflow/example_dags/example_time_delta_sensor_async.py for tasks to queue
[2025-03-07T14:14:40.328+0100] {logging_mixin.py:190} INFO - [2025-03-07T14:14:40.328+0100] {dagbag.py:588} INFO - Filling up the DagBag from /usr/local/anaconda3/envs/airflow_env/lib/python3.8/site-packages/airflow/example_dags/example_time_delta_sensor_async.py
[2025-03-07T14:14:40.333+0100] {processor.py:925} INFO - DAG(s) 'example_time_delta_sensor_async' retrieved from /usr/local/anaconda3/envs/airflow_env/lib/python3.8/site-packages/airflow/example_dags/example_time_delta_sensor_async.py
[2025-03-07T14:14:40.925+0100] {logging_mixin.py:190} INFO - [2025-03-07T14:14:40.925+0100] {dag.py:3239} INFO - Sync 1 DAGs
[2025-03-07T14:14:40.932+0100] {logging_mixin.py:190} INFO - [2025-03-07T14:14:40.932+0100] {dag.py:4180} INFO - Setting next_dagrun for example_time_delta_sensor_async to None, run_after=None
[2025-03-07T14:14:40.944+0100] {processor.py:208} INFO - Processing /usr/local/anaconda3/envs/airflow_env/lib/python3.8/site-packages/airflow/example_dags/example_time_delta_sensor_async.py took 0.623 seconds
[2025-03-07T14:16:52.603+0100] {processor.py:186} INFO - Started process (PID=3309) to work on /usr/local/anaconda3/envs/airflow_env/lib/python3.8/site-packages/airflow/example_dags/example_time_delta_sensor_async.py
[2025-03-07T14:16:52.606+0100] {processor.py:914} INFO - Processing file /usr/local/anaconda3/envs/airflow_env/lib/python3.8/site-packages/airflow/example_dags/example_time_delta_sensor_async.py for tasks to queue
[2025-03-07T14:16:52.607+0100] {logging_mixin.py:190} INFO - [2025-03-07T14:16:52.607+0100] {dagbag.py:588} INFO - Filling up the DagBag from /usr/local/anaconda3/envs/airflow_env/lib/python3.8/site-packages/airflow/example_dags/example_time_delta_sensor_async.py
[2025-03-07T14:16:52.613+0100] {processor.py:925} INFO - DAG(s) 'example_time_delta_sensor_async' retrieved from /usr/local/anaconda3/envs/airflow_env/lib/python3.8/site-packages/airflow/example_dags/example_time_delta_sensor_async.py
[2025-03-07T14:16:53.222+0100] {logging_mixin.py:190} INFO - [2025-03-07T14:16:53.222+0100] {dag.py:3239} INFO - Sync 1 DAGs
[2025-03-07T14:16:53.230+0100] {logging_mixin.py:190} INFO - [2025-03-07T14:16:53.230+0100] {dag.py:4180} INFO - Setting next_dagrun for example_time_delta_sensor_async to None, run_after=None
[2025-03-07T14:16:53.242+0100] {processor.py:208} INFO - Processing /usr/local/anaconda3/envs/airflow_env/lib/python3.8/site-packages/airflow/example_dags/example_time_delta_sensor_async.py took 0.642 seconds
[2025-03-07T14:19:10.263+0100] {processor.py:186} INFO - Started process (PID=3566) to work on /usr/local/anaconda3/envs/airflow_env/lib/python3.8/site-packages/airflow/example_dags/example_time_delta_sensor_async.py
[2025-03-07T14:19:10.266+0100] {processor.py:914} INFO - Processing file /usr/local/anaconda3/envs/airflow_env/lib/python3.8/site-packages/airflow/example_dags/example_time_delta_sensor_async.py for tasks to queue
[2025-03-07T14:19:10.267+0100] {logging_mixin.py:190} INFO - [2025-03-07T14:19:10.267+0100] {dagbag.py:588} INFO - Filling up the DagBag from /usr/local/anaconda3/envs/airflow_env/lib/python3.8/site-packages/airflow/example_dags/example_time_delta_sensor_async.py
[2025-03-07T14:19:10.272+0100] {processor.py:925} INFO - DAG(s) 'example_time_delta_sensor_async' retrieved from /usr/local/anaconda3/envs/airflow_env/lib/python3.8/site-packages/airflow/example_dags/example_time_delta_sensor_async.py
[2025-03-07T14:19:10.879+0100] {logging_mixin.py:190} INFO - [2025-03-07T14:19:10.879+0100] {dag.py:3239} INFO - Sync 1 DAGs
[2025-03-07T14:19:10.887+0100] {logging_mixin.py:190} INFO - [2025-03-07T14:19:10.887+0100] {dag.py:4180} INFO - Setting next_dagrun for example_time_delta_sensor_async to None, run_after=None
[2025-03-07T14:19:10.901+0100] {processor.py:208} INFO - Processing /usr/local/anaconda3/envs/airflow_env/lib/python3.8/site-packages/airflow/example_dags/example_time_delta_sensor_async.py took 0.641 seconds
[2025-03-07T14:21:25.825+0100] {processor.py:186} INFO - Started process (PID=3834) to work on /usr/local/anaconda3/envs/airflow_env/lib/python3.8/site-packages/airflow/example_dags/example_time_delta_sensor_async.py
[2025-03-07T14:21:25.828+0100] {processor.py:914} INFO - Processing file /usr/local/anaconda3/envs/airflow_env/lib/python3.8/site-packages/airflow/example_dags/example_time_delta_sensor_async.py for tasks to queue
[2025-03-07T14:21:25.829+0100] {logging_mixin.py:190} INFO - [2025-03-07T14:21:25.829+0100] {dagbag.py:588} INFO - Filling up the DagBag from /usr/local/anaconda3/envs/airflow_env/lib/python3.8/site-packages/airflow/example_dags/example_time_delta_sensor_async.py
[2025-03-07T14:21:25.834+0100] {processor.py:925} INFO - DAG(s) 'example_time_delta_sensor_async' retrieved from /usr/local/anaconda3/envs/airflow_env/lib/python3.8/site-packages/airflow/example_dags/example_time_delta_sensor_async.py
[2025-03-07T14:21:26.453+0100] {logging_mixin.py:190} INFO - [2025-03-07T14:21:26.452+0100] {dag.py:3239} INFO - Sync 1 DAGs
[2025-03-07T14:21:26.460+0100] {logging_mixin.py:190} INFO - [2025-03-07T14:21:26.460+0100] {dag.py:4180} INFO - Setting next_dagrun for example_time_delta_sensor_async to None, run_after=None
[2025-03-07T14:21:26.473+0100] {processor.py:208} INFO - Processing /usr/local/anaconda3/envs/airflow_env/lib/python3.8/site-packages/airflow/example_dags/example_time_delta_sensor_async.py took 0.651 seconds
[2025-03-07T14:23:52.937+0100] {processor.py:186} INFO - Started process (PID=4077) to work on /usr/local/anaconda3/envs/airflow_env/lib/python3.8/site-packages/airflow/example_dags/example_time_delta_sensor_async.py
[2025-03-07T14:23:52.940+0100] {processor.py:914} INFO - Processing file /usr/local/anaconda3/envs/airflow_env/lib/python3.8/site-packages/airflow/example_dags/example_time_delta_sensor_async.py for tasks to queue
[2025-03-07T14:23:52.941+0100] {logging_mixin.py:190} INFO - [2025-03-07T14:23:52.941+0100] {dagbag.py:588} INFO - Filling up the DagBag from /usr/local/anaconda3/envs/airflow_env/lib/python3.8/site-packages/airflow/example_dags/example_time_delta_sensor_async.py
[2025-03-07T14:23:52.947+0100] {processor.py:925} INFO - DAG(s) 'example_time_delta_sensor_async' retrieved from /usr/local/anaconda3/envs/airflow_env/lib/python3.8/site-packages/airflow/example_dags/example_time_delta_sensor_async.py
[2025-03-07T14:23:53.544+0100] {logging_mixin.py:190} INFO - [2025-03-07T14:23:53.544+0100] {dag.py:3239} INFO - Sync 1 DAGs
[2025-03-07T14:23:53.551+0100] {logging_mixin.py:190} INFO - [2025-03-07T14:23:53.551+0100] {dag.py:4180} INFO - Setting next_dagrun for example_time_delta_sensor_async to None, run_after=None
[2025-03-07T14:23:53.564+0100] {processor.py:208} INFO - Processing /usr/local/anaconda3/envs/airflow_env/lib/python3.8/site-packages/airflow/example_dags/example_time_delta_sensor_async.py took 0.630 seconds
[2025-03-07T14:27:37.047+0100] {processor.py:186} INFO - Started process (PID=4451) to work on /usr/local/anaconda3/envs/airflow_env/lib/python3.8/site-packages/airflow/example_dags/example_time_delta_sensor_async.py
[2025-03-07T14:27:37.050+0100] {processor.py:914} INFO - Processing file /usr/local/anaconda3/envs/airflow_env/lib/python3.8/site-packages/airflow/example_dags/example_time_delta_sensor_async.py for tasks to queue
[2025-03-07T14:27:37.051+0100] {logging_mixin.py:190} INFO - [2025-03-07T14:27:37.051+0100] {dagbag.py:588} INFO - Filling up the DagBag from /usr/local/anaconda3/envs/airflow_env/lib/python3.8/site-packages/airflow/example_dags/example_time_delta_sensor_async.py
[2025-03-07T14:27:37.057+0100] {processor.py:925} INFO - DAG(s) 'example_time_delta_sensor_async' retrieved from /usr/local/anaconda3/envs/airflow_env/lib/python3.8/site-packages/airflow/example_dags/example_time_delta_sensor_async.py
[2025-03-07T14:27:37.676+0100] {logging_mixin.py:190} INFO - [2025-03-07T14:27:37.675+0100] {dag.py:3239} INFO - Sync 1 DAGs
[2025-03-07T14:27:37.683+0100] {logging_mixin.py:190} INFO - [2025-03-07T14:27:37.683+0100] {dag.py:4180} INFO - Setting next_dagrun for example_time_delta_sensor_async to None, run_after=None
[2025-03-07T14:27:37.696+0100] {processor.py:208} INFO - Processing /usr/local/anaconda3/envs/airflow_env/lib/python3.8/site-packages/airflow/example_dags/example_time_delta_sensor_async.py took 0.651 seconds
[2025-03-07T14:44:10.499+0100] {processor.py:186} INFO - Started process (PID=4928) to work on /usr/local/anaconda3/envs/airflow_env/lib/python3.8/site-packages/airflow/example_dags/example_time_delta_sensor_async.py
[2025-03-07T14:44:10.502+0100] {processor.py:914} INFO - Processing file /usr/local/anaconda3/envs/airflow_env/lib/python3.8/site-packages/airflow/example_dags/example_time_delta_sensor_async.py for tasks to queue
[2025-03-07T14:44:10.502+0100] {logging_mixin.py:190} INFO - [2025-03-07T14:44:10.502+0100] {dagbag.py:588} INFO - Filling up the DagBag from /usr/local/anaconda3/envs/airflow_env/lib/python3.8/site-packages/airflow/example_dags/example_time_delta_sensor_async.py
[2025-03-07T14:44:10.509+0100] {processor.py:925} INFO - DAG(s) 'example_time_delta_sensor_async' retrieved from /usr/local/anaconda3/envs/airflow_env/lib/python3.8/site-packages/airflow/example_dags/example_time_delta_sensor_async.py
[2025-03-07T14:44:11.106+0100] {logging_mixin.py:190} INFO - [2025-03-07T14:44:11.106+0100] {dag.py:3239} INFO - Sync 1 DAGs
[2025-03-07T14:44:11.113+0100] {logging_mixin.py:190} INFO - [2025-03-07T14:44:11.113+0100] {dag.py:4180} INFO - Setting next_dagrun for example_time_delta_sensor_async to None, run_after=None
[2025-03-07T14:44:11.125+0100] {processor.py:208} INFO - Processing /usr/local/anaconda3/envs/airflow_env/lib/python3.8/site-packages/airflow/example_dags/example_time_delta_sensor_async.py took 0.630 seconds
[2025-03-07T14:47:00.699+0100] {processor.py:186} INFO - Started process (PID=5156) to work on /usr/local/anaconda3/envs/airflow_env/lib/python3.8/site-packages/airflow/example_dags/example_time_delta_sensor_async.py
[2025-03-07T14:47:00.702+0100] {processor.py:914} INFO - Processing file /usr/local/anaconda3/envs/airflow_env/lib/python3.8/site-packages/airflow/example_dags/example_time_delta_sensor_async.py for tasks to queue
[2025-03-07T14:47:00.703+0100] {logging_mixin.py:190} INFO - [2025-03-07T14:47:00.703+0100] {dagbag.py:588} INFO - Filling up the DagBag from /usr/local/anaconda3/envs/airflow_env/lib/python3.8/site-packages/airflow/example_dags/example_time_delta_sensor_async.py
[2025-03-07T14:47:00.710+0100] {processor.py:925} INFO - DAG(s) 'example_time_delta_sensor_async' retrieved from /usr/local/anaconda3/envs/airflow_env/lib/python3.8/site-packages/airflow/example_dags/example_time_delta_sensor_async.py
[2025-03-07T14:47:01.365+0100] {logging_mixin.py:190} INFO - [2025-03-07T14:47:01.364+0100] {dag.py:3239} INFO - Sync 1 DAGs
[2025-03-07T14:47:01.372+0100] {logging_mixin.py:190} INFO - [2025-03-07T14:47:01.372+0100] {dag.py:4180} INFO - Setting next_dagrun for example_time_delta_sensor_async to None, run_after=None
[2025-03-07T14:47:01.385+0100] {processor.py:208} INFO - Processing /usr/local/anaconda3/envs/airflow_env/lib/python3.8/site-packages/airflow/example_dags/example_time_delta_sensor_async.py took 0.690 seconds
[2025-03-07T14:50:05.191+0100] {processor.py:186} INFO - Started process (PID=5569) to work on /usr/local/anaconda3/envs/airflow_env/lib/python3.8/site-packages/airflow/example_dags/example_time_delta_sensor_async.py
[2025-03-07T14:50:05.194+0100] {processor.py:914} INFO - Processing file /usr/local/anaconda3/envs/airflow_env/lib/python3.8/site-packages/airflow/example_dags/example_time_delta_sensor_async.py for tasks to queue
[2025-03-07T14:50:05.195+0100] {logging_mixin.py:190} INFO - [2025-03-07T14:50:05.195+0100] {dagbag.py:588} INFO - Filling up the DagBag from /usr/local/anaconda3/envs/airflow_env/lib/python3.8/site-packages/airflow/example_dags/example_time_delta_sensor_async.py
[2025-03-07T14:50:05.201+0100] {processor.py:925} INFO - DAG(s) 'example_time_delta_sensor_async' retrieved from /usr/local/anaconda3/envs/airflow_env/lib/python3.8/site-packages/airflow/example_dags/example_time_delta_sensor_async.py
[2025-03-07T14:50:05.791+0100] {logging_mixin.py:190} INFO - [2025-03-07T14:50:05.791+0100] {dag.py:3239} INFO - Sync 1 DAGs
[2025-03-07T14:50:05.798+0100] {logging_mixin.py:190} INFO - [2025-03-07T14:50:05.798+0100] {dag.py:4180} INFO - Setting next_dagrun for example_time_delta_sensor_async to None, run_after=None
[2025-03-07T14:50:05.811+0100] {processor.py:208} INFO - Processing /usr/local/anaconda3/envs/airflow_env/lib/python3.8/site-packages/airflow/example_dags/example_time_delta_sensor_async.py took 0.623 seconds
[2025-03-07T14:53:34.240+0100] {processor.py:186} INFO - Started process (PID=6014) to work on /usr/local/anaconda3/envs/airflow_env/lib/python3.8/site-packages/airflow/example_dags/example_time_delta_sensor_async.py
[2025-03-07T14:53:34.244+0100] {processor.py:914} INFO - Processing file /usr/local/anaconda3/envs/airflow_env/lib/python3.8/site-packages/airflow/example_dags/example_time_delta_sensor_async.py for tasks to queue
[2025-03-07T14:53:34.245+0100] {logging_mixin.py:190} INFO - [2025-03-07T14:53:34.245+0100] {dagbag.py:588} INFO - Filling up the DagBag from /usr/local/anaconda3/envs/airflow_env/lib/python3.8/site-packages/airflow/example_dags/example_time_delta_sensor_async.py
[2025-03-07T14:53:34.255+0100] {processor.py:925} INFO - DAG(s) 'example_time_delta_sensor_async' retrieved from /usr/local/anaconda3/envs/airflow_env/lib/python3.8/site-packages/airflow/example_dags/example_time_delta_sensor_async.py
[2025-03-07T14:53:34.888+0100] {logging_mixin.py:190} INFO - [2025-03-07T14:53:34.887+0100] {dag.py:3239} INFO - Sync 1 DAGs
[2025-03-07T14:53:34.895+0100] {logging_mixin.py:190} INFO - [2025-03-07T14:53:34.895+0100] {dag.py:4180} INFO - Setting next_dagrun for example_time_delta_sensor_async to None, run_after=None
[2025-03-07T14:53:34.908+0100] {processor.py:208} INFO - Processing /usr/local/anaconda3/envs/airflow_env/lib/python3.8/site-packages/airflow/example_dags/example_time_delta_sensor_async.py took 0.672 seconds
[2025-03-07T14:56:17.399+0100] {processor.py:186} INFO - Started process (PID=6333) to work on /usr/local/anaconda3/envs/airflow_env/lib/python3.8/site-packages/airflow/example_dags/example_time_delta_sensor_async.py
[2025-03-07T14:56:17.402+0100] {processor.py:914} INFO - Processing file /usr/local/anaconda3/envs/airflow_env/lib/python3.8/site-packages/airflow/example_dags/example_time_delta_sensor_async.py for tasks to queue
[2025-03-07T14:56:17.403+0100] {logging_mixin.py:190} INFO - [2025-03-07T14:56:17.403+0100] {dagbag.py:588} INFO - Filling up the DagBag from /usr/local/anaconda3/envs/airflow_env/lib/python3.8/site-packages/airflow/example_dags/example_time_delta_sensor_async.py
[2025-03-07T14:56:17.409+0100] {processor.py:925} INFO - DAG(s) 'example_time_delta_sensor_async' retrieved from /usr/local/anaconda3/envs/airflow_env/lib/python3.8/site-packages/airflow/example_dags/example_time_delta_sensor_async.py
[2025-03-07T14:56:17.997+0100] {logging_mixin.py:190} INFO - [2025-03-07T14:56:17.996+0100] {dag.py:3239} INFO - Sync 1 DAGs
[2025-03-07T14:56:18.004+0100] {logging_mixin.py:190} INFO - [2025-03-07T14:56:18.003+0100] {dag.py:4180} INFO - Setting next_dagrun for example_time_delta_sensor_async to None, run_after=None
[2025-03-07T14:56:18.016+0100] {processor.py:208} INFO - Processing /usr/local/anaconda3/envs/airflow_env/lib/python3.8/site-packages/airflow/example_dags/example_time_delta_sensor_async.py took 0.619 seconds
[2025-03-07T14:58:30.454+0100] {processor.py:186} INFO - Started process (PID=6593) to work on /usr/local/anaconda3/envs/airflow_env/lib/python3.8/site-packages/airflow/example_dags/example_time_delta_sensor_async.py
[2025-03-07T14:58:30.457+0100] {processor.py:914} INFO - Processing file /usr/local/anaconda3/envs/airflow_env/lib/python3.8/site-packages/airflow/example_dags/example_time_delta_sensor_async.py for tasks to queue
[2025-03-07T14:58:30.458+0100] {logging_mixin.py:190} INFO - [2025-03-07T14:58:30.458+0100] {dagbag.py:588} INFO - Filling up the DagBag from /usr/local/anaconda3/envs/airflow_env/lib/python3.8/site-packages/airflow/example_dags/example_time_delta_sensor_async.py
[2025-03-07T14:58:30.464+0100] {processor.py:925} INFO - DAG(s) 'example_time_delta_sensor_async' retrieved from /usr/local/anaconda3/envs/airflow_env/lib/python3.8/site-packages/airflow/example_dags/example_time_delta_sensor_async.py
[2025-03-07T14:58:31.059+0100] {logging_mixin.py:190} INFO - [2025-03-07T14:58:31.059+0100] {dag.py:3239} INFO - Sync 1 DAGs
[2025-03-07T14:58:31.066+0100] {logging_mixin.py:190} INFO - [2025-03-07T14:58:31.066+0100] {dag.py:4180} INFO - Setting next_dagrun for example_time_delta_sensor_async to None, run_after=None
[2025-03-07T14:58:31.078+0100] {processor.py:208} INFO - Processing /usr/local/anaconda3/envs/airflow_env/lib/python3.8/site-packages/airflow/example_dags/example_time_delta_sensor_async.py took 0.627 seconds
[2025-03-07T15:00:44.299+0100] {processor.py:186} INFO - Started process (PID=6873) to work on /usr/local/anaconda3/envs/airflow_env/lib/python3.8/site-packages/airflow/example_dags/example_time_delta_sensor_async.py
[2025-03-07T15:00:44.302+0100] {processor.py:914} INFO - Processing file /usr/local/anaconda3/envs/airflow_env/lib/python3.8/site-packages/airflow/example_dags/example_time_delta_sensor_async.py for tasks to queue
[2025-03-07T15:00:44.303+0100] {logging_mixin.py:190} INFO - [2025-03-07T15:00:44.303+0100] {dagbag.py:588} INFO - Filling up the DagBag from /usr/local/anaconda3/envs/airflow_env/lib/python3.8/site-packages/airflow/example_dags/example_time_delta_sensor_async.py
[2025-03-07T15:00:44.309+0100] {processor.py:925} INFO - DAG(s) 'example_time_delta_sensor_async' retrieved from /usr/local/anaconda3/envs/airflow_env/lib/python3.8/site-packages/airflow/example_dags/example_time_delta_sensor_async.py
[2025-03-07T15:00:44.923+0100] {logging_mixin.py:190} INFO - [2025-03-07T15:00:44.922+0100] {dag.py:3239} INFO - Sync 1 DAGs
[2025-03-07T15:00:44.930+0100] {logging_mixin.py:190} INFO - [2025-03-07T15:00:44.930+0100] {dag.py:4180} INFO - Setting next_dagrun for example_time_delta_sensor_async to None, run_after=None
[2025-03-07T15:00:44.943+0100] {processor.py:208} INFO - Processing /usr/local/anaconda3/envs/airflow_env/lib/python3.8/site-packages/airflow/example_dags/example_time_delta_sensor_async.py took 0.647 seconds
[2025-03-07T15:03:10.011+0100] {processor.py:186} INFO - Started process (PID=7132) to work on /usr/local/anaconda3/envs/airflow_env/lib/python3.8/site-packages/airflow/example_dags/example_time_delta_sensor_async.py
[2025-03-07T15:03:10.014+0100] {processor.py:914} INFO - Processing file /usr/local/anaconda3/envs/airflow_env/lib/python3.8/site-packages/airflow/example_dags/example_time_delta_sensor_async.py for tasks to queue
[2025-03-07T15:03:10.015+0100] {logging_mixin.py:190} INFO - [2025-03-07T15:03:10.015+0100] {dagbag.py:588} INFO - Filling up the DagBag from /usr/local/anaconda3/envs/airflow_env/lib/python3.8/site-packages/airflow/example_dags/example_time_delta_sensor_async.py
[2025-03-07T15:03:10.021+0100] {processor.py:925} INFO - DAG(s) 'example_time_delta_sensor_async' retrieved from /usr/local/anaconda3/envs/airflow_env/lib/python3.8/site-packages/airflow/example_dags/example_time_delta_sensor_async.py
[2025-03-07T15:03:10.615+0100] {logging_mixin.py:190} INFO - [2025-03-07T15:03:10.615+0100] {dag.py:3239} INFO - Sync 1 DAGs
[2025-03-07T15:03:10.623+0100] {logging_mixin.py:190} INFO - [2025-03-07T15:03:10.622+0100] {dag.py:4180} INFO - Setting next_dagrun for example_time_delta_sensor_async to None, run_after=None
[2025-03-07T15:03:10.638+0100] {processor.py:208} INFO - Processing /usr/local/anaconda3/envs/airflow_env/lib/python3.8/site-packages/airflow/example_dags/example_time_delta_sensor_async.py took 0.630 seconds
[2025-03-07T15:05:30.734+0100] {processor.py:186} INFO - Started process (PID=7380) to work on /usr/local/anaconda3/envs/airflow_env/lib/python3.8/site-packages/airflow/example_dags/example_time_delta_sensor_async.py
[2025-03-07T15:05:30.737+0100] {processor.py:914} INFO - Processing file /usr/local/anaconda3/envs/airflow_env/lib/python3.8/site-packages/airflow/example_dags/example_time_delta_sensor_async.py for tasks to queue
[2025-03-07T15:05:30.738+0100] {logging_mixin.py:190} INFO - [2025-03-07T15:05:30.738+0100] {dagbag.py:588} INFO - Filling up the DagBag from /usr/local/anaconda3/envs/airflow_env/lib/python3.8/site-packages/airflow/example_dags/example_time_delta_sensor_async.py
[2025-03-07T15:05:30.745+0100] {processor.py:925} INFO - DAG(s) 'example_time_delta_sensor_async' retrieved from /usr/local/anaconda3/envs/airflow_env/lib/python3.8/site-packages/airflow/example_dags/example_time_delta_sensor_async.py
[2025-03-07T15:05:31.375+0100] {logging_mixin.py:190} INFO - [2025-03-07T15:05:31.375+0100] {dag.py:3239} INFO - Sync 1 DAGs
[2025-03-07T15:05:31.383+0100] {logging_mixin.py:190} INFO - [2025-03-07T15:05:31.383+0100] {dag.py:4180} INFO - Setting next_dagrun for example_time_delta_sensor_async to None, run_after=None
[2025-03-07T15:05:31.396+0100] {processor.py:208} INFO - Processing /usr/local/anaconda3/envs/airflow_env/lib/python3.8/site-packages/airflow/example_dags/example_time_delta_sensor_async.py took 0.665 seconds
[2025-03-07T15:07:55.299+0100] {processor.py:186} INFO - Started process (PID=7625) to work on /usr/local/anaconda3/envs/airflow_env/lib/python3.8/site-packages/airflow/example_dags/example_time_delta_sensor_async.py
[2025-03-07T15:07:55.302+0100] {processor.py:914} INFO - Processing file /usr/local/anaconda3/envs/airflow_env/lib/python3.8/site-packages/airflow/example_dags/example_time_delta_sensor_async.py for tasks to queue
[2025-03-07T15:07:55.303+0100] {logging_mixin.py:190} INFO - [2025-03-07T15:07:55.303+0100] {dagbag.py:588} INFO - Filling up the DagBag from /usr/local/anaconda3/envs/airflow_env/lib/python3.8/site-packages/airflow/example_dags/example_time_delta_sensor_async.py
[2025-03-07T15:07:55.309+0100] {processor.py:925} INFO - DAG(s) 'example_time_delta_sensor_async' retrieved from /usr/local/anaconda3/envs/airflow_env/lib/python3.8/site-packages/airflow/example_dags/example_time_delta_sensor_async.py
[2025-03-07T15:07:55.937+0100] {logging_mixin.py:190} INFO - [2025-03-07T15:07:55.937+0100] {dag.py:3239} INFO - Sync 1 DAGs
[2025-03-07T15:07:55.945+0100] {logging_mixin.py:190} INFO - [2025-03-07T15:07:55.945+0100] {dag.py:4180} INFO - Setting next_dagrun for example_time_delta_sensor_async to None, run_after=None
[2025-03-07T15:07:55.958+0100] {processor.py:208} INFO - Processing /usr/local/anaconda3/envs/airflow_env/lib/python3.8/site-packages/airflow/example_dags/example_time_delta_sensor_async.py took 0.662 seconds
[2025-03-07T15:10:21.454+0100] {processor.py:186} INFO - Started process (PID=7863) to work on /usr/local/anaconda3/envs/airflow_env/lib/python3.8/site-packages/airflow/example_dags/example_time_delta_sensor_async.py
[2025-03-07T15:10:21.457+0100] {processor.py:914} INFO - Processing file /usr/local/anaconda3/envs/airflow_env/lib/python3.8/site-packages/airflow/example_dags/example_time_delta_sensor_async.py for tasks to queue
[2025-03-07T15:10:21.458+0100] {logging_mixin.py:190} INFO - [2025-03-07T15:10:21.458+0100] {dagbag.py:588} INFO - Filling up the DagBag from /usr/local/anaconda3/envs/airflow_env/lib/python3.8/site-packages/airflow/example_dags/example_time_delta_sensor_async.py
[2025-03-07T15:10:21.464+0100] {processor.py:925} INFO - DAG(s) 'example_time_delta_sensor_async' retrieved from /usr/local/anaconda3/envs/airflow_env/lib/python3.8/site-packages/airflow/example_dags/example_time_delta_sensor_async.py
[2025-03-07T15:10:22.062+0100] {logging_mixin.py:190} INFO - [2025-03-07T15:10:22.061+0100] {dag.py:3239} INFO - Sync 1 DAGs
[2025-03-07T15:10:22.069+0100] {logging_mixin.py:190} INFO - [2025-03-07T15:10:22.069+0100] {dag.py:4180} INFO - Setting next_dagrun for example_time_delta_sensor_async to None, run_after=None
[2025-03-07T15:10:22.081+0100] {processor.py:208} INFO - Processing /usr/local/anaconda3/envs/airflow_env/lib/python3.8/site-packages/airflow/example_dags/example_time_delta_sensor_async.py took 0.629 seconds
[2025-03-07T15:13:03.615+0100] {processor.py:186} INFO - Started process (PID=8225) to work on /usr/local/anaconda3/envs/airflow_env/lib/python3.8/site-packages/airflow/example_dags/example_time_delta_sensor_async.py
[2025-03-07T15:13:03.618+0100] {processor.py:914} INFO - Processing file /usr/local/anaconda3/envs/airflow_env/lib/python3.8/site-packages/airflow/example_dags/example_time_delta_sensor_async.py for tasks to queue
[2025-03-07T15:13:03.619+0100] {logging_mixin.py:190} INFO - [2025-03-07T15:13:03.619+0100] {dagbag.py:588} INFO - Filling up the DagBag from /usr/local/anaconda3/envs/airflow_env/lib/python3.8/site-packages/airflow/example_dags/example_time_delta_sensor_async.py
[2025-03-07T15:13:03.626+0100] {processor.py:925} INFO - DAG(s) 'example_time_delta_sensor_async' retrieved from /usr/local/anaconda3/envs/airflow_env/lib/python3.8/site-packages/airflow/example_dags/example_time_delta_sensor_async.py
[2025-03-07T15:13:04.281+0100] {logging_mixin.py:190} INFO - [2025-03-07T15:13:04.281+0100] {dag.py:3239} INFO - Sync 1 DAGs
[2025-03-07T15:13:04.289+0100] {logging_mixin.py:190} INFO - [2025-03-07T15:13:04.289+0100] {dag.py:4180} INFO - Setting next_dagrun for example_time_delta_sensor_async to None, run_after=None
[2025-03-07T15:13:04.302+0100] {processor.py:208} INFO - Processing /usr/local/anaconda3/envs/airflow_env/lib/python3.8/site-packages/airflow/example_dags/example_time_delta_sensor_async.py took 0.690 seconds
[2025-03-07T15:15:59.403+0100] {processor.py:186} INFO - Started process (PID=8506) to work on /usr/local/anaconda3/envs/airflow_env/lib/python3.8/site-packages/airflow/example_dags/example_time_delta_sensor_async.py
[2025-03-07T15:15:59.415+0100] {processor.py:914} INFO - Processing file /usr/local/anaconda3/envs/airflow_env/lib/python3.8/site-packages/airflow/example_dags/example_time_delta_sensor_async.py for tasks to queue
[2025-03-07T15:15:59.434+0100] {logging_mixin.py:190} INFO - [2025-03-07T15:15:59.434+0100] {dagbag.py:588} INFO - Filling up the DagBag from /usr/local/anaconda3/envs/airflow_env/lib/python3.8/site-packages/airflow/example_dags/example_time_delta_sensor_async.py
[2025-03-07T15:15:59.441+0100] {processor.py:925} INFO - DAG(s) 'example_time_delta_sensor_async' retrieved from /usr/local/anaconda3/envs/airflow_env/lib/python3.8/site-packages/airflow/example_dags/example_time_delta_sensor_async.py
[2025-03-07T15:16:00.085+0100] {logging_mixin.py:190} INFO - [2025-03-07T15:16:00.084+0100] {dag.py:3239} INFO - Sync 1 DAGs
[2025-03-07T15:16:00.092+0100] {logging_mixin.py:190} INFO - [2025-03-07T15:16:00.092+0100] {dag.py:4180} INFO - Setting next_dagrun for example_time_delta_sensor_async to None, run_after=None
[2025-03-07T15:16:00.122+0100] {processor.py:208} INFO - Processing /usr/local/anaconda3/envs/airflow_env/lib/python3.8/site-packages/airflow/example_dags/example_time_delta_sensor_async.py took 0.722 seconds
[2025-03-07T15:18:19.807+0100] {processor.py:186} INFO - Started process (PID=8770) to work on /usr/local/anaconda3/envs/airflow_env/lib/python3.8/site-packages/airflow/example_dags/example_time_delta_sensor_async.py
[2025-03-07T15:18:19.810+0100] {processor.py:914} INFO - Processing file /usr/local/anaconda3/envs/airflow_env/lib/python3.8/site-packages/airflow/example_dags/example_time_delta_sensor_async.py for tasks to queue
[2025-03-07T15:18:19.811+0100] {logging_mixin.py:190} INFO - [2025-03-07T15:18:19.811+0100] {dagbag.py:588} INFO - Filling up the DagBag from /usr/local/anaconda3/envs/airflow_env/lib/python3.8/site-packages/airflow/example_dags/example_time_delta_sensor_async.py
[2025-03-07T15:18:19.818+0100] {processor.py:925} INFO - DAG(s) 'example_time_delta_sensor_async' retrieved from /usr/local/anaconda3/envs/airflow_env/lib/python3.8/site-packages/airflow/example_dags/example_time_delta_sensor_async.py
[2025-03-07T15:18:20.452+0100] {logging_mixin.py:190} INFO - [2025-03-07T15:18:20.452+0100] {dag.py:3239} INFO - Sync 1 DAGs
[2025-03-07T15:18:20.460+0100] {logging_mixin.py:190} INFO - [2025-03-07T15:18:20.460+0100] {dag.py:4180} INFO - Setting next_dagrun for example_time_delta_sensor_async to None, run_after=None
[2025-03-07T15:18:20.474+0100] {processor.py:208} INFO - Processing /usr/local/anaconda3/envs/airflow_env/lib/python3.8/site-packages/airflow/example_dags/example_time_delta_sensor_async.py took 0.669 seconds
[2025-03-07T15:20:34.610+0100] {processor.py:186} INFO - Started process (PID=9125) to work on /usr/local/anaconda3/envs/airflow_env/lib/python3.8/site-packages/airflow/example_dags/example_time_delta_sensor_async.py
[2025-03-07T15:20:34.613+0100] {processor.py:914} INFO - Processing file /usr/local/anaconda3/envs/airflow_env/lib/python3.8/site-packages/airflow/example_dags/example_time_delta_sensor_async.py for tasks to queue
[2025-03-07T15:20:34.614+0100] {logging_mixin.py:190} INFO - [2025-03-07T15:20:34.614+0100] {dagbag.py:588} INFO - Filling up the DagBag from /usr/local/anaconda3/envs/airflow_env/lib/python3.8/site-packages/airflow/example_dags/example_time_delta_sensor_async.py
[2025-03-07T15:20:34.621+0100] {processor.py:925} INFO - DAG(s) 'example_time_delta_sensor_async' retrieved from /usr/local/anaconda3/envs/airflow_env/lib/python3.8/site-packages/airflow/example_dags/example_time_delta_sensor_async.py
[2025-03-07T15:20:35.211+0100] {logging_mixin.py:190} INFO - [2025-03-07T15:20:35.211+0100] {dag.py:3239} INFO - Sync 1 DAGs
[2025-03-07T15:20:35.218+0100] {logging_mixin.py:190} INFO - [2025-03-07T15:20:35.218+0100] {dag.py:4180} INFO - Setting next_dagrun for example_time_delta_sensor_async to None, run_after=None
[2025-03-07T15:20:35.230+0100] {processor.py:208} INFO - Processing /usr/local/anaconda3/envs/airflow_env/lib/python3.8/site-packages/airflow/example_dags/example_time_delta_sensor_async.py took 0.623 seconds
[2025-03-07T15:22:50.045+0100] {processor.py:186} INFO - Started process (PID=9411) to work on /usr/local/anaconda3/envs/airflow_env/lib/python3.8/site-packages/airflow/example_dags/example_time_delta_sensor_async.py
[2025-03-07T15:22:50.048+0100] {processor.py:914} INFO - Processing file /usr/local/anaconda3/envs/airflow_env/lib/python3.8/site-packages/airflow/example_dags/example_time_delta_sensor_async.py for tasks to queue
[2025-03-07T15:22:50.048+0100] {logging_mixin.py:190} INFO - [2025-03-07T15:22:50.048+0100] {dagbag.py:588} INFO - Filling up the DagBag from /usr/local/anaconda3/envs/airflow_env/lib/python3.8/site-packages/airflow/example_dags/example_time_delta_sensor_async.py
[2025-03-07T15:22:50.055+0100] {processor.py:925} INFO - DAG(s) 'example_time_delta_sensor_async' retrieved from /usr/local/anaconda3/envs/airflow_env/lib/python3.8/site-packages/airflow/example_dags/example_time_delta_sensor_async.py
[2025-03-07T15:22:50.645+0100] {logging_mixin.py:190} INFO - [2025-03-07T15:22:50.645+0100] {dag.py:3239} INFO - Sync 1 DAGs
[2025-03-07T15:22:50.652+0100] {logging_mixin.py:190} INFO - [2025-03-07T15:22:50.652+0100] {dag.py:4180} INFO - Setting next_dagrun for example_time_delta_sensor_async to None, run_after=None
[2025-03-07T15:22:50.664+0100] {processor.py:208} INFO - Processing /usr/local/anaconda3/envs/airflow_env/lib/python3.8/site-packages/airflow/example_dags/example_time_delta_sensor_async.py took 0.623 seconds
[2025-03-07T15:25:08.467+0100] {processor.py:186} INFO - Started process (PID=9727) to work on /usr/local/anaconda3/envs/airflow_env/lib/python3.8/site-packages/airflow/example_dags/example_time_delta_sensor_async.py
[2025-03-07T15:25:08.470+0100] {processor.py:914} INFO - Processing file /usr/local/anaconda3/envs/airflow_env/lib/python3.8/site-packages/airflow/example_dags/example_time_delta_sensor_async.py for tasks to queue
[2025-03-07T15:25:08.471+0100] {logging_mixin.py:190} INFO - [2025-03-07T15:25:08.471+0100] {dagbag.py:588} INFO - Filling up the DagBag from /usr/local/anaconda3/envs/airflow_env/lib/python3.8/site-packages/airflow/example_dags/example_time_delta_sensor_async.py
[2025-03-07T15:25:08.478+0100] {processor.py:925} INFO - DAG(s) 'example_time_delta_sensor_async' retrieved from /usr/local/anaconda3/envs/airflow_env/lib/python3.8/site-packages/airflow/example_dags/example_time_delta_sensor_async.py
[2025-03-07T15:25:09.103+0100] {logging_mixin.py:190} INFO - [2025-03-07T15:25:09.102+0100] {dag.py:3239} INFO - Sync 1 DAGs
[2025-03-07T15:25:09.111+0100] {logging_mixin.py:190} INFO - [2025-03-07T15:25:09.110+0100] {dag.py:4180} INFO - Setting next_dagrun for example_time_delta_sensor_async to None, run_after=None
[2025-03-07T15:25:09.125+0100] {processor.py:208} INFO - Processing /usr/local/anaconda3/envs/airflow_env/lib/python3.8/site-packages/airflow/example_dags/example_time_delta_sensor_async.py took 0.661 seconds
[2025-03-07T15:27:31.854+0100] {processor.py:186} INFO - Started process (PID=10043) to work on /usr/local/anaconda3/envs/airflow_env/lib/python3.8/site-packages/airflow/example_dags/example_time_delta_sensor_async.py
[2025-03-07T15:27:31.857+0100] {processor.py:914} INFO - Processing file /usr/local/anaconda3/envs/airflow_env/lib/python3.8/site-packages/airflow/example_dags/example_time_delta_sensor_async.py for tasks to queue
[2025-03-07T15:27:31.858+0100] {logging_mixin.py:190} INFO - [2025-03-07T15:27:31.858+0100] {dagbag.py:588} INFO - Filling up the DagBag from /usr/local/anaconda3/envs/airflow_env/lib/python3.8/site-packages/airflow/example_dags/example_time_delta_sensor_async.py
[2025-03-07T15:27:31.864+0100] {processor.py:925} INFO - DAG(s) 'example_time_delta_sensor_async' retrieved from /usr/local/anaconda3/envs/airflow_env/lib/python3.8/site-packages/airflow/example_dags/example_time_delta_sensor_async.py
[2025-03-07T15:27:32.467+0100] {logging_mixin.py:190} INFO - [2025-03-07T15:27:32.467+0100] {dag.py:3239} INFO - Sync 1 DAGs
[2025-03-07T15:27:32.474+0100] {logging_mixin.py:190} INFO - [2025-03-07T15:27:32.474+0100] {dag.py:4180} INFO - Setting next_dagrun for example_time_delta_sensor_async to None, run_after=None
[2025-03-07T15:27:32.487+0100] {processor.py:208} INFO - Processing /usr/local/anaconda3/envs/airflow_env/lib/python3.8/site-packages/airflow/example_dags/example_time_delta_sensor_async.py took 0.635 seconds
[2025-03-07T15:30:09.478+0100] {processor.py:186} INFO - Started process (PID=10349) to work on /usr/local/anaconda3/envs/airflow_env/lib/python3.8/site-packages/airflow/example_dags/example_time_delta_sensor_async.py
[2025-03-07T15:30:09.481+0100] {processor.py:914} INFO - Processing file /usr/local/anaconda3/envs/airflow_env/lib/python3.8/site-packages/airflow/example_dags/example_time_delta_sensor_async.py for tasks to queue
[2025-03-07T15:30:09.482+0100] {logging_mixin.py:190} INFO - [2025-03-07T15:30:09.482+0100] {dagbag.py:588} INFO - Filling up the DagBag from /usr/local/anaconda3/envs/airflow_env/lib/python3.8/site-packages/airflow/example_dags/example_time_delta_sensor_async.py
[2025-03-07T15:30:09.488+0100] {processor.py:925} INFO - DAG(s) 'example_time_delta_sensor_async' retrieved from /usr/local/anaconda3/envs/airflow_env/lib/python3.8/site-packages/airflow/example_dags/example_time_delta_sensor_async.py
[2025-03-07T15:30:10.094+0100] {logging_mixin.py:190} INFO - [2025-03-07T15:30:10.094+0100] {dag.py:3239} INFO - Sync 1 DAGs
[2025-03-07T15:30:10.101+0100] {logging_mixin.py:190} INFO - [2025-03-07T15:30:10.101+0100] {dag.py:4180} INFO - Setting next_dagrun for example_time_delta_sensor_async to None, run_after=None
[2025-03-07T15:30:10.114+0100] {processor.py:208} INFO - Processing /usr/local/anaconda3/envs/airflow_env/lib/python3.8/site-packages/airflow/example_dags/example_time_delta_sensor_async.py took 0.639 seconds
[2025-03-07T15:32:55.032+0100] {processor.py:186} INFO - Started process (PID=10586) to work on /usr/local/anaconda3/envs/airflow_env/lib/python3.8/site-packages/airflow/example_dags/example_time_delta_sensor_async.py
[2025-03-07T15:32:55.035+0100] {processor.py:914} INFO - Processing file /usr/local/anaconda3/envs/airflow_env/lib/python3.8/site-packages/airflow/example_dags/example_time_delta_sensor_async.py for tasks to queue
[2025-03-07T15:32:55.036+0100] {logging_mixin.py:190} INFO - [2025-03-07T15:32:55.036+0100] {dagbag.py:588} INFO - Filling up the DagBag from /usr/local/anaconda3/envs/airflow_env/lib/python3.8/site-packages/airflow/example_dags/example_time_delta_sensor_async.py
[2025-03-07T15:32:55.042+0100] {processor.py:925} INFO - DAG(s) 'example_time_delta_sensor_async' retrieved from /usr/local/anaconda3/envs/airflow_env/lib/python3.8/site-packages/airflow/example_dags/example_time_delta_sensor_async.py
[2025-03-07T15:32:55.656+0100] {logging_mixin.py:190} INFO - [2025-03-07T15:32:55.656+0100] {dag.py:3239} INFO - Sync 1 DAGs
[2025-03-07T15:32:55.663+0100] {logging_mixin.py:190} INFO - [2025-03-07T15:32:55.663+0100] {dag.py:4180} INFO - Setting next_dagrun for example_time_delta_sensor_async to None, run_after=None
[2025-03-07T15:32:55.675+0100] {processor.py:208} INFO - Processing /usr/local/anaconda3/envs/airflow_env/lib/python3.8/site-packages/airflow/example_dags/example_time_delta_sensor_async.py took 0.647 seconds
[2025-03-07T15:35:10.685+0100] {processor.py:186} INFO - Started process (PID=10835) to work on /usr/local/anaconda3/envs/airflow_env/lib/python3.8/site-packages/airflow/example_dags/example_time_delta_sensor_async.py
[2025-03-07T15:35:10.689+0100] {processor.py:914} INFO - Processing file /usr/local/anaconda3/envs/airflow_env/lib/python3.8/site-packages/airflow/example_dags/example_time_delta_sensor_async.py for tasks to queue
[2025-03-07T15:35:10.690+0100] {logging_mixin.py:190} INFO - [2025-03-07T15:35:10.690+0100] {dagbag.py:588} INFO - Filling up the DagBag from /usr/local/anaconda3/envs/airflow_env/lib/python3.8/site-packages/airflow/example_dags/example_time_delta_sensor_async.py
[2025-03-07T15:35:10.697+0100] {processor.py:925} INFO - DAG(s) 'example_time_delta_sensor_async' retrieved from /usr/local/anaconda3/envs/airflow_env/lib/python3.8/site-packages/airflow/example_dags/example_time_delta_sensor_async.py
[2025-03-07T15:35:11.316+0100] {logging_mixin.py:190} INFO - [2025-03-07T15:35:11.316+0100] {dag.py:3239} INFO - Sync 1 DAGs
[2025-03-07T15:35:11.323+0100] {logging_mixin.py:190} INFO - [2025-03-07T15:35:11.323+0100] {dag.py:4180} INFO - Setting next_dagrun for example_time_delta_sensor_async to None, run_after=None
[2025-03-07T15:35:11.336+0100] {processor.py:208} INFO - Processing /usr/local/anaconda3/envs/airflow_env/lib/python3.8/site-packages/airflow/example_dags/example_time_delta_sensor_async.py took 0.655 seconds
[2025-03-07T15:37:25.875+0100] {processor.py:186} INFO - Started process (PID=11138) to work on /usr/local/anaconda3/envs/airflow_env/lib/python3.8/site-packages/airflow/example_dags/example_time_delta_sensor_async.py
[2025-03-07T15:37:25.878+0100] {processor.py:914} INFO - Processing file /usr/local/anaconda3/envs/airflow_env/lib/python3.8/site-packages/airflow/example_dags/example_time_delta_sensor_async.py for tasks to queue
[2025-03-07T15:37:25.879+0100] {logging_mixin.py:190} INFO - [2025-03-07T15:37:25.879+0100] {dagbag.py:588} INFO - Filling up the DagBag from /usr/local/anaconda3/envs/airflow_env/lib/python3.8/site-packages/airflow/example_dags/example_time_delta_sensor_async.py
[2025-03-07T15:37:25.886+0100] {processor.py:925} INFO - DAG(s) 'example_time_delta_sensor_async' retrieved from /usr/local/anaconda3/envs/airflow_env/lib/python3.8/site-packages/airflow/example_dags/example_time_delta_sensor_async.py
[2025-03-07T15:37:26.485+0100] {logging_mixin.py:190} INFO - [2025-03-07T15:37:26.485+0100] {dag.py:3239} INFO - Sync 1 DAGs
[2025-03-07T15:37:26.492+0100] {logging_mixin.py:190} INFO - [2025-03-07T15:37:26.492+0100] {dag.py:4180} INFO - Setting next_dagrun for example_time_delta_sensor_async to None, run_after=None
[2025-03-07T15:37:26.504+0100] {processor.py:208} INFO - Processing /usr/local/anaconda3/envs/airflow_env/lib/python3.8/site-packages/airflow/example_dags/example_time_delta_sensor_async.py took 0.632 seconds
[2025-03-07T15:39:40.867+0100] {processor.py:186} INFO - Started process (PID=11370) to work on /usr/local/anaconda3/envs/airflow_env/lib/python3.8/site-packages/airflow/example_dags/example_time_delta_sensor_async.py
[2025-03-07T15:39:40.871+0100] {processor.py:914} INFO - Processing file /usr/local/anaconda3/envs/airflow_env/lib/python3.8/site-packages/airflow/example_dags/example_time_delta_sensor_async.py for tasks to queue
[2025-03-07T15:39:40.871+0100] {logging_mixin.py:190} INFO - [2025-03-07T15:39:40.871+0100] {dagbag.py:588} INFO - Filling up the DagBag from /usr/local/anaconda3/envs/airflow_env/lib/python3.8/site-packages/airflow/example_dags/example_time_delta_sensor_async.py
[2025-03-07T15:39:40.878+0100] {processor.py:925} INFO - DAG(s) 'example_time_delta_sensor_async' retrieved from /usr/local/anaconda3/envs/airflow_env/lib/python3.8/site-packages/airflow/example_dags/example_time_delta_sensor_async.py
[2025-03-07T15:39:41.471+0100] {logging_mixin.py:190} INFO - [2025-03-07T15:39:41.471+0100] {dag.py:3239} INFO - Sync 1 DAGs
[2025-03-07T15:39:41.478+0100] {logging_mixin.py:190} INFO - [2025-03-07T15:39:41.478+0100] {dag.py:4180} INFO - Setting next_dagrun for example_time_delta_sensor_async to None, run_after=None
[2025-03-07T15:39:41.490+0100] {processor.py:208} INFO - Processing /usr/local/anaconda3/envs/airflow_env/lib/python3.8/site-packages/airflow/example_dags/example_time_delta_sensor_async.py took 0.626 seconds
[2025-03-07T15:41:50.802+0100] {processor.py:186} INFO - Started process (PID=11537) to work on /usr/local/anaconda3/envs/airflow_env/lib/python3.8/site-packages/airflow/example_dags/example_time_delta_sensor_async.py
[2025-03-07T15:41:50.805+0100] {processor.py:914} INFO - Processing file /usr/local/anaconda3/envs/airflow_env/lib/python3.8/site-packages/airflow/example_dags/example_time_delta_sensor_async.py for tasks to queue
[2025-03-07T15:41:50.806+0100] {logging_mixin.py:190} INFO - [2025-03-07T15:41:50.806+0100] {dagbag.py:588} INFO - Filling up the DagBag from /usr/local/anaconda3/envs/airflow_env/lib/python3.8/site-packages/airflow/example_dags/example_time_delta_sensor_async.py
[2025-03-07T15:41:50.813+0100] {processor.py:925} INFO - DAG(s) 'example_time_delta_sensor_async' retrieved from /usr/local/anaconda3/envs/airflow_env/lib/python3.8/site-packages/airflow/example_dags/example_time_delta_sensor_async.py
[2025-03-07T15:41:51.407+0100] {logging_mixin.py:190} INFO - [2025-03-07T15:41:51.406+0100] {dag.py:3239} INFO - Sync 1 DAGs
[2025-03-07T15:41:51.414+0100] {logging_mixin.py:190} INFO - [2025-03-07T15:41:51.413+0100] {dag.py:4180} INFO - Setting next_dagrun for example_time_delta_sensor_async to None, run_after=None
[2025-03-07T15:41:51.426+0100] {processor.py:208} INFO - Processing /usr/local/anaconda3/envs/airflow_env/lib/python3.8/site-packages/airflow/example_dags/example_time_delta_sensor_async.py took 0.627 seconds
[2025-03-07T15:43:59.698+0100] {processor.py:186} INFO - Started process (PID=11779) to work on /usr/local/anaconda3/envs/airflow_env/lib/python3.8/site-packages/airflow/example_dags/example_time_delta_sensor_async.py
[2025-03-07T15:43:59.701+0100] {processor.py:914} INFO - Processing file /usr/local/anaconda3/envs/airflow_env/lib/python3.8/site-packages/airflow/example_dags/example_time_delta_sensor_async.py for tasks to queue
[2025-03-07T15:43:59.702+0100] {logging_mixin.py:190} INFO - [2025-03-07T15:43:59.702+0100] {dagbag.py:588} INFO - Filling up the DagBag from /usr/local/anaconda3/envs/airflow_env/lib/python3.8/site-packages/airflow/example_dags/example_time_delta_sensor_async.py
[2025-03-07T15:43:59.709+0100] {processor.py:925} INFO - DAG(s) 'example_time_delta_sensor_async' retrieved from /usr/local/anaconda3/envs/airflow_env/lib/python3.8/site-packages/airflow/example_dags/example_time_delta_sensor_async.py
[2025-03-07T15:44:00.311+0100] {logging_mixin.py:190} INFO - [2025-03-07T15:44:00.311+0100] {dag.py:3239} INFO - Sync 1 DAGs
[2025-03-07T15:44:00.319+0100] {logging_mixin.py:190} INFO - [2025-03-07T15:44:00.318+0100] {dag.py:4180} INFO - Setting next_dagrun for example_time_delta_sensor_async to None, run_after=None
[2025-03-07T15:44:00.331+0100] {processor.py:208} INFO - Processing /usr/local/anaconda3/envs/airflow_env/lib/python3.8/site-packages/airflow/example_dags/example_time_delta_sensor_async.py took 0.636 seconds
[2025-03-07T15:46:26.369+0100] {processor.py:186} INFO - Started process (PID=12003) to work on /usr/local/anaconda3/envs/airflow_env/lib/python3.8/site-packages/airflow/example_dags/example_time_delta_sensor_async.py
[2025-03-07T15:46:26.372+0100] {processor.py:914} INFO - Processing file /usr/local/anaconda3/envs/airflow_env/lib/python3.8/site-packages/airflow/example_dags/example_time_delta_sensor_async.py for tasks to queue
[2025-03-07T15:46:26.373+0100] {logging_mixin.py:190} INFO - [2025-03-07T15:46:26.373+0100] {dagbag.py:588} INFO - Filling up the DagBag from /usr/local/anaconda3/envs/airflow_env/lib/python3.8/site-packages/airflow/example_dags/example_time_delta_sensor_async.py
[2025-03-07T15:46:26.379+0100] {processor.py:925} INFO - DAG(s) 'example_time_delta_sensor_async' retrieved from /usr/local/anaconda3/envs/airflow_env/lib/python3.8/site-packages/airflow/example_dags/example_time_delta_sensor_async.py
[2025-03-07T15:46:27.009+0100] {logging_mixin.py:190} INFO - [2025-03-07T15:46:27.009+0100] {dag.py:3239} INFO - Sync 1 DAGs
[2025-03-07T15:46:27.017+0100] {logging_mixin.py:190} INFO - [2025-03-07T15:46:27.017+0100] {dag.py:4180} INFO - Setting next_dagrun for example_time_delta_sensor_async to None, run_after=None
[2025-03-07T15:46:27.029+0100] {processor.py:208} INFO - Processing /usr/local/anaconda3/envs/airflow_env/lib/python3.8/site-packages/airflow/example_dags/example_time_delta_sensor_async.py took 0.664 seconds
[2025-03-07T15:48:42.993+0100] {processor.py:186} INFO - Started process (PID=12221) to work on /usr/local/anaconda3/envs/airflow_env/lib/python3.8/site-packages/airflow/example_dags/example_time_delta_sensor_async.py
[2025-03-07T15:48:42.996+0100] {processor.py:914} INFO - Processing file /usr/local/anaconda3/envs/airflow_env/lib/python3.8/site-packages/airflow/example_dags/example_time_delta_sensor_async.py for tasks to queue
[2025-03-07T15:48:42.997+0100] {logging_mixin.py:190} INFO - [2025-03-07T15:48:42.997+0100] {dagbag.py:588} INFO - Filling up the DagBag from /usr/local/anaconda3/envs/airflow_env/lib/python3.8/site-packages/airflow/example_dags/example_time_delta_sensor_async.py
[2025-03-07T15:48:43.004+0100] {processor.py:925} INFO - DAG(s) 'example_time_delta_sensor_async' retrieved from /usr/local/anaconda3/envs/airflow_env/lib/python3.8/site-packages/airflow/example_dags/example_time_delta_sensor_async.py
[2025-03-07T15:48:43.621+0100] {logging_mixin.py:190} INFO - [2025-03-07T15:48:43.621+0100] {dag.py:3239} INFO - Sync 1 DAGs
[2025-03-07T15:48:43.628+0100] {logging_mixin.py:190} INFO - [2025-03-07T15:48:43.628+0100] {dag.py:4180} INFO - Setting next_dagrun for example_time_delta_sensor_async to None, run_after=None
[2025-03-07T15:48:43.642+0100] {processor.py:208} INFO - Processing /usr/local/anaconda3/envs/airflow_env/lib/python3.8/site-packages/airflow/example_dags/example_time_delta_sensor_async.py took 0.652 seconds
[2025-03-07T15:50:56.407+0100] {processor.py:186} INFO - Started process (PID=12509) to work on /usr/local/anaconda3/envs/airflow_env/lib/python3.8/site-packages/airflow/example_dags/example_time_delta_sensor_async.py
[2025-03-07T15:50:56.410+0100] {processor.py:914} INFO - Processing file /usr/local/anaconda3/envs/airflow_env/lib/python3.8/site-packages/airflow/example_dags/example_time_delta_sensor_async.py for tasks to queue
[2025-03-07T15:50:56.411+0100] {logging_mixin.py:190} INFO - [2025-03-07T15:50:56.411+0100] {dagbag.py:588} INFO - Filling up the DagBag from /usr/local/anaconda3/envs/airflow_env/lib/python3.8/site-packages/airflow/example_dags/example_time_delta_sensor_async.py
[2025-03-07T15:50:56.417+0100] {processor.py:925} INFO - DAG(s) 'example_time_delta_sensor_async' retrieved from /usr/local/anaconda3/envs/airflow_env/lib/python3.8/site-packages/airflow/example_dags/example_time_delta_sensor_async.py
[2025-03-07T15:50:57.046+0100] {logging_mixin.py:190} INFO - [2025-03-07T15:50:57.046+0100] {dag.py:3239} INFO - Sync 1 DAGs
[2025-03-07T15:50:57.053+0100] {logging_mixin.py:190} INFO - [2025-03-07T15:50:57.053+0100] {dag.py:4180} INFO - Setting next_dagrun for example_time_delta_sensor_async to None, run_after=None
[2025-03-07T15:50:57.066+0100] {processor.py:208} INFO - Processing /usr/local/anaconda3/envs/airflow_env/lib/python3.8/site-packages/airflow/example_dags/example_time_delta_sensor_async.py took 0.663 seconds
[2025-03-07T15:53:27.039+0100] {processor.py:186} INFO - Started process (PID=12793) to work on /usr/local/anaconda3/envs/airflow_env/lib/python3.8/site-packages/airflow/example_dags/example_time_delta_sensor_async.py
[2025-03-07T15:53:27.042+0100] {processor.py:914} INFO - Processing file /usr/local/anaconda3/envs/airflow_env/lib/python3.8/site-packages/airflow/example_dags/example_time_delta_sensor_async.py for tasks to queue
[2025-03-07T15:53:27.043+0100] {logging_mixin.py:190} INFO - [2025-03-07T15:53:27.043+0100] {dagbag.py:588} INFO - Filling up the DagBag from /usr/local/anaconda3/envs/airflow_env/lib/python3.8/site-packages/airflow/example_dags/example_time_delta_sensor_async.py
[2025-03-07T15:53:27.049+0100] {processor.py:925} INFO - DAG(s) 'example_time_delta_sensor_async' retrieved from /usr/local/anaconda3/envs/airflow_env/lib/python3.8/site-packages/airflow/example_dags/example_time_delta_sensor_async.py
[2025-03-07T15:53:27.641+0100] {logging_mixin.py:190} INFO - [2025-03-07T15:53:27.641+0100] {dag.py:3239} INFO - Sync 1 DAGs
[2025-03-07T15:53:27.649+0100] {logging_mixin.py:190} INFO - [2025-03-07T15:53:27.649+0100] {dag.py:4180} INFO - Setting next_dagrun for example_time_delta_sensor_async to None, run_after=None
[2025-03-07T15:53:27.661+0100] {processor.py:208} INFO - Processing /usr/local/anaconda3/envs/airflow_env/lib/python3.8/site-packages/airflow/example_dags/example_time_delta_sensor_async.py took 0.626 seconds
[2025-03-07T15:55:44.621+0100] {processor.py:186} INFO - Started process (PID=13039) to work on /usr/local/anaconda3/envs/airflow_env/lib/python3.8/site-packages/airflow/example_dags/example_time_delta_sensor_async.py
[2025-03-07T15:55:44.625+0100] {processor.py:914} INFO - Processing file /usr/local/anaconda3/envs/airflow_env/lib/python3.8/site-packages/airflow/example_dags/example_time_delta_sensor_async.py for tasks to queue
[2025-03-07T15:55:44.626+0100] {logging_mixin.py:190} INFO - [2025-03-07T15:55:44.626+0100] {dagbag.py:588} INFO - Filling up the DagBag from /usr/local/anaconda3/envs/airflow_env/lib/python3.8/site-packages/airflow/example_dags/example_time_delta_sensor_async.py
[2025-03-07T15:55:44.633+0100] {processor.py:925} INFO - DAG(s) 'example_time_delta_sensor_async' retrieved from /usr/local/anaconda3/envs/airflow_env/lib/python3.8/site-packages/airflow/example_dags/example_time_delta_sensor_async.py
[2025-03-07T15:55:45.299+0100] {logging_mixin.py:190} INFO - [2025-03-07T15:55:45.299+0100] {dag.py:3239} INFO - Sync 1 DAGs
[2025-03-07T15:55:45.306+0100] {logging_mixin.py:190} INFO - [2025-03-07T15:55:45.306+0100] {dag.py:4180} INFO - Setting next_dagrun for example_time_delta_sensor_async to None, run_after=None
[2025-03-07T15:55:45.319+0100] {processor.py:208} INFO - Processing /usr/local/anaconda3/envs/airflow_env/lib/python3.8/site-packages/airflow/example_dags/example_time_delta_sensor_async.py took 0.702 seconds
[2025-03-07T15:58:01.127+0100] {processor.py:186} INFO - Started process (PID=13267) to work on /usr/local/anaconda3/envs/airflow_env/lib/python3.8/site-packages/airflow/example_dags/example_time_delta_sensor_async.py
[2025-03-07T15:58:01.130+0100] {processor.py:914} INFO - Processing file /usr/local/anaconda3/envs/airflow_env/lib/python3.8/site-packages/airflow/example_dags/example_time_delta_sensor_async.py for tasks to queue
[2025-03-07T15:58:01.131+0100] {logging_mixin.py:190} INFO - [2025-03-07T15:58:01.131+0100] {dagbag.py:588} INFO - Filling up the DagBag from /usr/local/anaconda3/envs/airflow_env/lib/python3.8/site-packages/airflow/example_dags/example_time_delta_sensor_async.py
[2025-03-07T15:58:01.137+0100] {processor.py:925} INFO - DAG(s) 'example_time_delta_sensor_async' retrieved from /usr/local/anaconda3/envs/airflow_env/lib/python3.8/site-packages/airflow/example_dags/example_time_delta_sensor_async.py
[2025-03-07T15:58:01.763+0100] {logging_mixin.py:190} INFO - [2025-03-07T15:58:01.762+0100] {dag.py:3239} INFO - Sync 1 DAGs
[2025-03-07T15:58:01.770+0100] {logging_mixin.py:190} INFO - [2025-03-07T15:58:01.770+0100] {dag.py:4180} INFO - Setting next_dagrun for example_time_delta_sensor_async to None, run_after=None
[2025-03-07T15:58:01.782+0100] {processor.py:208} INFO - Processing /usr/local/anaconda3/envs/airflow_env/lib/python3.8/site-packages/airflow/example_dags/example_time_delta_sensor_async.py took 0.658 seconds
[2025-03-07T16:00:56.636+0100] {processor.py:186} INFO - Started process (PID=13567) to work on /usr/local/anaconda3/envs/airflow_env/lib/python3.8/site-packages/airflow/example_dags/example_time_delta_sensor_async.py
[2025-03-07T16:00:56.639+0100] {processor.py:914} INFO - Processing file /usr/local/anaconda3/envs/airflow_env/lib/python3.8/site-packages/airflow/example_dags/example_time_delta_sensor_async.py for tasks to queue
[2025-03-07T16:00:56.640+0100] {logging_mixin.py:190} INFO - [2025-03-07T16:00:56.640+0100] {dagbag.py:588} INFO - Filling up the DagBag from /usr/local/anaconda3/envs/airflow_env/lib/python3.8/site-packages/airflow/example_dags/example_time_delta_sensor_async.py
[2025-03-07T16:00:56.647+0100] {processor.py:925} INFO - DAG(s) 'example_time_delta_sensor_async' retrieved from /usr/local/anaconda3/envs/airflow_env/lib/python3.8/site-packages/airflow/example_dags/example_time_delta_sensor_async.py
[2025-03-07T16:00:57.259+0100] {logging_mixin.py:190} INFO - [2025-03-07T16:00:57.259+0100] {dag.py:3239} INFO - Sync 1 DAGs
[2025-03-07T16:00:57.266+0100] {logging_mixin.py:190} INFO - [2025-03-07T16:00:57.266+0100] {dag.py:4180} INFO - Setting next_dagrun for example_time_delta_sensor_async to None, run_after=None
[2025-03-07T16:00:57.279+0100] {processor.py:208} INFO - Processing /usr/local/anaconda3/envs/airflow_env/lib/python3.8/site-packages/airflow/example_dags/example_time_delta_sensor_async.py took 0.646 seconds
[2025-03-07T16:04:02.041+0100] {processor.py:186} INFO - Started process (PID=13830) to work on /usr/local/anaconda3/envs/airflow_env/lib/python3.8/site-packages/airflow/example_dags/example_time_delta_sensor_async.py
[2025-03-07T16:04:02.044+0100] {processor.py:914} INFO - Processing file /usr/local/anaconda3/envs/airflow_env/lib/python3.8/site-packages/airflow/example_dags/example_time_delta_sensor_async.py for tasks to queue
[2025-03-07T16:04:02.045+0100] {logging_mixin.py:190} INFO - [2025-03-07T16:04:02.045+0100] {dagbag.py:588} INFO - Filling up the DagBag from /usr/local/anaconda3/envs/airflow_env/lib/python3.8/site-packages/airflow/example_dags/example_time_delta_sensor_async.py
[2025-03-07T16:04:02.052+0100] {processor.py:925} INFO - DAG(s) 'example_time_delta_sensor_async' retrieved from /usr/local/anaconda3/envs/airflow_env/lib/python3.8/site-packages/airflow/example_dags/example_time_delta_sensor_async.py
[2025-03-07T16:04:02.671+0100] {logging_mixin.py:190} INFO - [2025-03-07T16:04:02.670+0100] {dag.py:3239} INFO - Sync 1 DAGs
[2025-03-07T16:04:02.678+0100] {logging_mixin.py:190} INFO - [2025-03-07T16:04:02.678+0100] {dag.py:4180} INFO - Setting next_dagrun for example_time_delta_sensor_async to None, run_after=None
[2025-03-07T16:04:02.691+0100] {processor.py:208} INFO - Processing /usr/local/anaconda3/envs/airflow_env/lib/python3.8/site-packages/airflow/example_dags/example_time_delta_sensor_async.py took 0.655 seconds
[2025-03-07T16:07:04.389+0100] {processor.py:186} INFO - Started process (PID=14129) to work on /usr/local/anaconda3/envs/airflow_env/lib/python3.8/site-packages/airflow/example_dags/example_time_delta_sensor_async.py
[2025-03-07T16:07:04.393+0100] {processor.py:914} INFO - Processing file /usr/local/anaconda3/envs/airflow_env/lib/python3.8/site-packages/airflow/example_dags/example_time_delta_sensor_async.py for tasks to queue
[2025-03-07T16:07:04.394+0100] {logging_mixin.py:190} INFO - [2025-03-07T16:07:04.394+0100] {dagbag.py:588} INFO - Filling up the DagBag from /usr/local/anaconda3/envs/airflow_env/lib/python3.8/site-packages/airflow/example_dags/example_time_delta_sensor_async.py
[2025-03-07T16:07:04.400+0100] {processor.py:925} INFO - DAG(s) 'example_time_delta_sensor_async' retrieved from /usr/local/anaconda3/envs/airflow_env/lib/python3.8/site-packages/airflow/example_dags/example_time_delta_sensor_async.py
[2025-03-07T16:07:05.032+0100] {logging_mixin.py:190} INFO - [2025-03-07T16:07:05.031+0100] {dag.py:3239} INFO - Sync 1 DAGs
[2025-03-07T16:07:05.039+0100] {logging_mixin.py:190} INFO - [2025-03-07T16:07:05.039+0100] {dag.py:4180} INFO - Setting next_dagrun for example_time_delta_sensor_async to None, run_after=None
[2025-03-07T16:07:05.052+0100] {processor.py:208} INFO - Processing /usr/local/anaconda3/envs/airflow_env/lib/python3.8/site-packages/airflow/example_dags/example_time_delta_sensor_async.py took 0.665 seconds
[2025-03-07T16:10:55.693+0100] {processor.py:186} INFO - Started process (PID=14420) to work on /usr/local/anaconda3/envs/airflow_env/lib/python3.8/site-packages/airflow/example_dags/example_time_delta_sensor_async.py
[2025-03-07T16:10:55.712+0100] {processor.py:914} INFO - Processing file /usr/local/anaconda3/envs/airflow_env/lib/python3.8/site-packages/airflow/example_dags/example_time_delta_sensor_async.py for tasks to queue
[2025-03-07T16:10:55.713+0100] {logging_mixin.py:190} INFO - [2025-03-07T16:10:55.713+0100] {dagbag.py:588} INFO - Filling up the DagBag from /usr/local/anaconda3/envs/airflow_env/lib/python3.8/site-packages/airflow/example_dags/example_time_delta_sensor_async.py
[2025-03-07T16:10:55.726+0100] {processor.py:925} INFO - DAG(s) 'example_time_delta_sensor_async' retrieved from /usr/local/anaconda3/envs/airflow_env/lib/python3.8/site-packages/airflow/example_dags/example_time_delta_sensor_async.py
[2025-03-07T16:10:56.334+0100] {logging_mixin.py:190} INFO - [2025-03-07T16:10:56.334+0100] {dag.py:3239} INFO - Sync 1 DAGs
[2025-03-07T16:10:56.342+0100] {logging_mixin.py:190} INFO - [2025-03-07T16:10:56.342+0100] {dag.py:4180} INFO - Setting next_dagrun for example_time_delta_sensor_async to None, run_after=None
[2025-03-07T16:10:56.355+0100] {processor.py:208} INFO - Processing /usr/local/anaconda3/envs/airflow_env/lib/python3.8/site-packages/airflow/example_dags/example_time_delta_sensor_async.py took 0.667 seconds
[2025-03-07T16:13:13.623+0100] {processor.py:186} INFO - Started process (PID=14730) to work on /usr/local/anaconda3/envs/airflow_env/lib/python3.8/site-packages/airflow/example_dags/example_time_delta_sensor_async.py
[2025-03-07T16:13:13.626+0100] {processor.py:914} INFO - Processing file /usr/local/anaconda3/envs/airflow_env/lib/python3.8/site-packages/airflow/example_dags/example_time_delta_sensor_async.py for tasks to queue
[2025-03-07T16:13:13.627+0100] {logging_mixin.py:190} INFO - [2025-03-07T16:13:13.626+0100] {dagbag.py:588} INFO - Filling up the DagBag from /usr/local/anaconda3/envs/airflow_env/lib/python3.8/site-packages/airflow/example_dags/example_time_delta_sensor_async.py
[2025-03-07T16:13:13.633+0100] {processor.py:925} INFO - DAG(s) 'example_time_delta_sensor_async' retrieved from /usr/local/anaconda3/envs/airflow_env/lib/python3.8/site-packages/airflow/example_dags/example_time_delta_sensor_async.py
[2025-03-07T16:13:14.255+0100] {logging_mixin.py:190} INFO - [2025-03-07T16:13:14.255+0100] {dag.py:3239} INFO - Sync 1 DAGs
[2025-03-07T16:13:14.262+0100] {logging_mixin.py:190} INFO - [2025-03-07T16:13:14.262+0100] {dag.py:4180} INFO - Setting next_dagrun for example_time_delta_sensor_async to None, run_after=None
[2025-03-07T16:13:14.276+0100] {processor.py:208} INFO - Processing /usr/local/anaconda3/envs/airflow_env/lib/python3.8/site-packages/airflow/example_dags/example_time_delta_sensor_async.py took 0.657 seconds
[2025-03-07T16:15:27.140+0100] {processor.py:186} INFO - Started process (PID=15039) to work on /usr/local/anaconda3/envs/airflow_env/lib/python3.8/site-packages/airflow/example_dags/example_time_delta_sensor_async.py
[2025-03-07T16:15:27.143+0100] {processor.py:914} INFO - Processing file /usr/local/anaconda3/envs/airflow_env/lib/python3.8/site-packages/airflow/example_dags/example_time_delta_sensor_async.py for tasks to queue
[2025-03-07T16:15:27.144+0100] {logging_mixin.py:190} INFO - [2025-03-07T16:15:27.144+0100] {dagbag.py:588} INFO - Filling up the DagBag from /usr/local/anaconda3/envs/airflow_env/lib/python3.8/site-packages/airflow/example_dags/example_time_delta_sensor_async.py
[2025-03-07T16:15:27.150+0100] {processor.py:925} INFO - DAG(s) 'example_time_delta_sensor_async' retrieved from /usr/local/anaconda3/envs/airflow_env/lib/python3.8/site-packages/airflow/example_dags/example_time_delta_sensor_async.py
[2025-03-07T16:15:27.761+0100] {logging_mixin.py:190} INFO - [2025-03-07T16:15:27.761+0100] {dag.py:3239} INFO - Sync 1 DAGs
[2025-03-07T16:15:27.768+0100] {logging_mixin.py:190} INFO - [2025-03-07T16:15:27.768+0100] {dag.py:4180} INFO - Setting next_dagrun for example_time_delta_sensor_async to None, run_after=None
[2025-03-07T16:15:27.780+0100] {processor.py:208} INFO - Processing /usr/local/anaconda3/envs/airflow_env/lib/python3.8/site-packages/airflow/example_dags/example_time_delta_sensor_async.py took 0.643 seconds
[2025-03-07T16:17:42.219+0100] {processor.py:186} INFO - Started process (PID=15220) to work on /usr/local/anaconda3/envs/airflow_env/lib/python3.8/site-packages/airflow/example_dags/example_time_delta_sensor_async.py
[2025-03-07T16:17:42.222+0100] {processor.py:914} INFO - Processing file /usr/local/anaconda3/envs/airflow_env/lib/python3.8/site-packages/airflow/example_dags/example_time_delta_sensor_async.py for tasks to queue
[2025-03-07T16:17:42.223+0100] {logging_mixin.py:190} INFO - [2025-03-07T16:17:42.223+0100] {dagbag.py:588} INFO - Filling up the DagBag from /usr/local/anaconda3/envs/airflow_env/lib/python3.8/site-packages/airflow/example_dags/example_time_delta_sensor_async.py
[2025-03-07T16:17:42.229+0100] {processor.py:925} INFO - DAG(s) 'example_time_delta_sensor_async' retrieved from /usr/local/anaconda3/envs/airflow_env/lib/python3.8/site-packages/airflow/example_dags/example_time_delta_sensor_async.py
[2025-03-07T16:17:42.849+0100] {logging_mixin.py:190} INFO - [2025-03-07T16:17:42.848+0100] {dag.py:3239} INFO - Sync 1 DAGs
[2025-03-07T16:17:42.856+0100] {logging_mixin.py:190} INFO - [2025-03-07T16:17:42.856+0100] {dag.py:4180} INFO - Setting next_dagrun for example_time_delta_sensor_async to None, run_after=None
[2025-03-07T16:17:42.870+0100] {processor.py:208} INFO - Processing /usr/local/anaconda3/envs/airflow_env/lib/python3.8/site-packages/airflow/example_dags/example_time_delta_sensor_async.py took 0.654 seconds
[2025-03-07T16:19:59.942+0100] {processor.py:186} INFO - Started process (PID=15505) to work on /usr/local/anaconda3/envs/airflow_env/lib/python3.8/site-packages/airflow/example_dags/example_time_delta_sensor_async.py
[2025-03-07T16:19:59.945+0100] {processor.py:914} INFO - Processing file /usr/local/anaconda3/envs/airflow_env/lib/python3.8/site-packages/airflow/example_dags/example_time_delta_sensor_async.py for tasks to queue
[2025-03-07T16:19:59.946+0100] {logging_mixin.py:190} INFO - [2025-03-07T16:19:59.946+0100] {dagbag.py:588} INFO - Filling up the DagBag from /usr/local/anaconda3/envs/airflow_env/lib/python3.8/site-packages/airflow/example_dags/example_time_delta_sensor_async.py
[2025-03-07T16:19:59.953+0100] {processor.py:925} INFO - DAG(s) 'example_time_delta_sensor_async' retrieved from /usr/local/anaconda3/envs/airflow_env/lib/python3.8/site-packages/airflow/example_dags/example_time_delta_sensor_async.py
[2025-03-07T16:20:00.574+0100] {logging_mixin.py:190} INFO - [2025-03-07T16:20:00.574+0100] {dag.py:3239} INFO - Sync 1 DAGs
[2025-03-07T16:20:00.582+0100] {logging_mixin.py:190} INFO - [2025-03-07T16:20:00.582+0100] {dag.py:4180} INFO - Setting next_dagrun for example_time_delta_sensor_async to None, run_after=None
[2025-03-07T16:20:00.595+0100] {processor.py:208} INFO - Processing /usr/local/anaconda3/envs/airflow_env/lib/python3.8/site-packages/airflow/example_dags/example_time_delta_sensor_async.py took 0.656 seconds
[2025-03-07T16:23:09.598+0100] {processor.py:186} INFO - Started process (PID=15862) to work on /usr/local/anaconda3/envs/airflow_env/lib/python3.8/site-packages/airflow/example_dags/example_time_delta_sensor_async.py
[2025-03-07T16:23:09.601+0100] {processor.py:914} INFO - Processing file /usr/local/anaconda3/envs/airflow_env/lib/python3.8/site-packages/airflow/example_dags/example_time_delta_sensor_async.py for tasks to queue
[2025-03-07T16:23:09.602+0100] {logging_mixin.py:190} INFO - [2025-03-07T16:23:09.601+0100] {dagbag.py:588} INFO - Filling up the DagBag from /usr/local/anaconda3/envs/airflow_env/lib/python3.8/site-packages/airflow/example_dags/example_time_delta_sensor_async.py
[2025-03-07T16:23:09.608+0100] {processor.py:925} INFO - DAG(s) 'example_time_delta_sensor_async' retrieved from /usr/local/anaconda3/envs/airflow_env/lib/python3.8/site-packages/airflow/example_dags/example_time_delta_sensor_async.py
[2025-03-07T16:23:10.287+0100] {logging_mixin.py:190} INFO - [2025-03-07T16:23:10.287+0100] {dag.py:3239} INFO - Sync 1 DAGs
[2025-03-07T16:23:10.296+0100] {logging_mixin.py:190} INFO - [2025-03-07T16:23:10.295+0100] {dag.py:4180} INFO - Setting next_dagrun for example_time_delta_sensor_async to None, run_after=None
[2025-03-07T16:23:10.311+0100] {processor.py:208} INFO - Processing /usr/local/anaconda3/envs/airflow_env/lib/python3.8/site-packages/airflow/example_dags/example_time_delta_sensor_async.py took 0.716 seconds
[2025-03-07T16:30:04.863+0100] {processor.py:186} INFO - Started process (PID=16275) to work on /usr/local/anaconda3/envs/airflow_env/lib/python3.8/site-packages/airflow/example_dags/example_time_delta_sensor_async.py
[2025-03-07T16:30:04.867+0100] {processor.py:914} INFO - Processing file /usr/local/anaconda3/envs/airflow_env/lib/python3.8/site-packages/airflow/example_dags/example_time_delta_sensor_async.py for tasks to queue
[2025-03-07T16:30:04.867+0100] {logging_mixin.py:190} INFO - [2025-03-07T16:30:04.867+0100] {dagbag.py:588} INFO - Filling up the DagBag from /usr/local/anaconda3/envs/airflow_env/lib/python3.8/site-packages/airflow/example_dags/example_time_delta_sensor_async.py
[2025-03-07T16:30:04.875+0100] {processor.py:925} INFO - DAG(s) 'example_time_delta_sensor_async' retrieved from /usr/local/anaconda3/envs/airflow_env/lib/python3.8/site-packages/airflow/example_dags/example_time_delta_sensor_async.py
[2025-03-07T16:30:05.517+0100] {logging_mixin.py:190} INFO - [2025-03-07T16:30:05.516+0100] {dag.py:3239} INFO - Sync 1 DAGs
[2025-03-07T16:30:05.528+0100] {logging_mixin.py:190} INFO - [2025-03-07T16:30:05.528+0100] {dag.py:4180} INFO - Setting next_dagrun for example_time_delta_sensor_async to None, run_after=None
[2025-03-07T16:30:05.549+0100] {processor.py:208} INFO - Processing /usr/local/anaconda3/envs/airflow_env/lib/python3.8/site-packages/airflow/example_dags/example_time_delta_sensor_async.py took 0.689 seconds
