[2025-03-07T14:12:47.179+0100] {processor.py:186} INFO - Started process (PID=2869) to work on /usr/local/anaconda3/envs/airflow_env/lib/python3.8/site-packages/airflow/example_dags/example_complex.py
[2025-03-07T14:12:47.182+0100] {processor.py:914} INFO - Processing file /usr/local/anaconda3/envs/airflow_env/lib/python3.8/site-packages/airflow/example_dags/example_complex.py for tasks to queue
[2025-03-07T14:12:47.183+0100] {logging_mixin.py:190} INFO - [2025-03-07T14:12:47.183+0100] {dagbag.py:588} INFO - Filling up the DagBag from /usr/local/anaconda3/envs/airflow_env/lib/python3.8/site-packages/airflow/example_dags/example_complex.py
[2025-03-07T14:12:47.193+0100] {processor.py:925} INFO - DAG(s) 'example_complex' retrieved from /usr/local/anaconda3/envs/airflow_env/lib/python3.8/site-packages/airflow/example_dags/example_complex.py
[2025-03-07T14:12:47.333+0100] {logging_mixin.py:190} INFO - [2025-03-07T14:12:47.333+0100] {override.py:1901} INFO - Created Permission View: can read on DAG:example_complex
[2025-03-07T14:12:47.339+0100] {logging_mixin.py:190} INFO - [2025-03-07T14:12:47.339+0100] {override.py:1901} INFO - Created Permission View: can edit on DAG:example_complex
[2025-03-07T14:12:47.343+0100] {logging_mixin.py:190} INFO - [2025-03-07T14:12:47.343+0100] {override.py:1901} INFO - Created Permission View: can delete on DAG:example_complex
[2025-03-07T14:12:47.348+0100] {logging_mixin.py:190} INFO - [2025-03-07T14:12:47.348+0100] {override.py:1901} INFO - Created Permission View: can read on DAG Run:example_complex
[2025-03-07T14:12:47.352+0100] {logging_mixin.py:190} INFO - [2025-03-07T14:12:47.352+0100] {override.py:1901} INFO - Created Permission View: can delete on DAG Run:example_complex
[2025-03-07T14:12:47.356+0100] {logging_mixin.py:190} INFO - [2025-03-07T14:12:47.356+0100] {override.py:1901} INFO - Created Permission View: menu access on DAG Run:example_complex
[2025-03-07T14:12:47.360+0100] {logging_mixin.py:190} INFO - [2025-03-07T14:12:47.359+0100] {override.py:1901} INFO - Created Permission View: can create on DAG Run:example_complex
[2025-03-07T14:12:47.360+0100] {logging_mixin.py:190} INFO - [2025-03-07T14:12:47.360+0100] {dag.py:3239} INFO - Sync 1 DAGs
[2025-03-07T14:12:47.367+0100] {logging_mixin.py:190} INFO - [2025-03-07T14:12:47.367+0100] {dag.py:3262} INFO - Creating ORM DAG for example_complex
[2025-03-07T14:12:47.368+0100] {logging_mixin.py:190} INFO - [2025-03-07T14:12:47.368+0100] {dag.py:4180} INFO - Setting next_dagrun for example_complex to None, run_after=None
[2025-03-07T14:12:47.379+0100] {processor.py:208} INFO - Processing /usr/local/anaconda3/envs/airflow_env/lib/python3.8/site-packages/airflow/example_dags/example_complex.py took 0.203 seconds
[2025-03-07T14:17:50.684+0100] {processor.py:186} INFO - Started process (PID=3397) to work on /usr/local/anaconda3/envs/airflow_env/lib/python3.8/site-packages/airflow/example_dags/example_complex.py
[2025-03-07T14:17:50.687+0100] {processor.py:914} INFO - Processing file /usr/local/anaconda3/envs/airflow_env/lib/python3.8/site-packages/airflow/example_dags/example_complex.py for tasks to queue
[2025-03-07T14:17:50.688+0100] {logging_mixin.py:190} INFO - [2025-03-07T14:17:50.688+0100] {dagbag.py:588} INFO - Filling up the DagBag from /usr/local/anaconda3/envs/airflow_env/lib/python3.8/site-packages/airflow/example_dags/example_complex.py
[2025-03-07T14:17:50.697+0100] {processor.py:925} INFO - DAG(s) 'example_complex' retrieved from /usr/local/anaconda3/envs/airflow_env/lib/python3.8/site-packages/airflow/example_dags/example_complex.py
[2025-03-07T14:17:50.781+0100] {logging_mixin.py:190} INFO - [2025-03-07T14:17:50.781+0100] {dag.py:3239} INFO - Sync 1 DAGs
[2025-03-07T14:17:50.789+0100] {logging_mixin.py:190} INFO - [2025-03-07T14:17:50.789+0100] {dag.py:4180} INFO - Setting next_dagrun for example_complex to None, run_after=None
[2025-03-07T14:17:50.802+0100] {processor.py:208} INFO - Processing /usr/local/anaconda3/envs/airflow_env/lib/python3.8/site-packages/airflow/example_dags/example_complex.py took 0.121 seconds
[2025-03-07T14:22:24.037+0100] {processor.py:186} INFO - Started process (PID=3900) to work on /usr/local/anaconda3/envs/airflow_env/lib/python3.8/site-packages/airflow/example_dags/example_complex.py
[2025-03-07T14:22:24.040+0100] {processor.py:914} INFO - Processing file /usr/local/anaconda3/envs/airflow_env/lib/python3.8/site-packages/airflow/example_dags/example_complex.py for tasks to queue
[2025-03-07T14:22:24.041+0100] {logging_mixin.py:190} INFO - [2025-03-07T14:22:24.041+0100] {dagbag.py:588} INFO - Filling up the DagBag from /usr/local/anaconda3/envs/airflow_env/lib/python3.8/site-packages/airflow/example_dags/example_complex.py
[2025-03-07T14:22:24.051+0100] {processor.py:925} INFO - DAG(s) 'example_complex' retrieved from /usr/local/anaconda3/envs/airflow_env/lib/python3.8/site-packages/airflow/example_dags/example_complex.py
[2025-03-07T14:22:24.134+0100] {logging_mixin.py:190} INFO - [2025-03-07T14:22:24.134+0100] {dag.py:3239} INFO - Sync 1 DAGs
[2025-03-07T14:22:24.142+0100] {logging_mixin.py:190} INFO - [2025-03-07T14:22:24.142+0100] {dag.py:4180} INFO - Setting next_dagrun for example_complex to None, run_after=None
[2025-03-07T14:22:24.154+0100] {processor.py:208} INFO - Processing /usr/local/anaconda3/envs/airflow_env/lib/python3.8/site-packages/airflow/example_dags/example_complex.py took 0.121 seconds
[2025-03-07T14:45:37.613+0100] {processor.py:186} INFO - Started process (PID=5034) to work on /usr/local/anaconda3/envs/airflow_env/lib/python3.8/site-packages/airflow/example_dags/example_complex.py
[2025-03-07T14:45:37.616+0100] {processor.py:914} INFO - Processing file /usr/local/anaconda3/envs/airflow_env/lib/python3.8/site-packages/airflow/example_dags/example_complex.py for tasks to queue
[2025-03-07T14:45:37.617+0100] {logging_mixin.py:190} INFO - [2025-03-07T14:45:37.616+0100] {dagbag.py:588} INFO - Filling up the DagBag from /usr/local/anaconda3/envs/airflow_env/lib/python3.8/site-packages/airflow/example_dags/example_complex.py
[2025-03-07T14:45:37.627+0100] {processor.py:925} INFO - DAG(s) 'example_complex' retrieved from /usr/local/anaconda3/envs/airflow_env/lib/python3.8/site-packages/airflow/example_dags/example_complex.py
[2025-03-07T14:45:37.709+0100] {logging_mixin.py:190} INFO - [2025-03-07T14:45:37.709+0100] {dag.py:3239} INFO - Sync 1 DAGs
[2025-03-07T14:45:37.716+0100] {logging_mixin.py:190} INFO - [2025-03-07T14:45:37.716+0100] {dag.py:4180} INFO - Setting next_dagrun for example_complex to None, run_after=None
[2025-03-07T14:45:37.728+0100] {processor.py:208} INFO - Processing /usr/local/anaconda3/envs/airflow_env/lib/python3.8/site-packages/airflow/example_dags/example_complex.py took 0.118 seconds
[2025-03-07T14:55:01.383+0100] {processor.py:186} INFO - Started process (PID=6179) to work on /usr/local/anaconda3/envs/airflow_env/lib/python3.8/site-packages/airflow/example_dags/example_complex.py
[2025-03-07T14:55:01.386+0100] {processor.py:914} INFO - Processing file /usr/local/anaconda3/envs/airflow_env/lib/python3.8/site-packages/airflow/example_dags/example_complex.py for tasks to queue
[2025-03-07T14:55:01.387+0100] {logging_mixin.py:190} INFO - [2025-03-07T14:55:01.387+0100] {dagbag.py:588} INFO - Filling up the DagBag from /usr/local/anaconda3/envs/airflow_env/lib/python3.8/site-packages/airflow/example_dags/example_complex.py
[2025-03-07T14:55:01.397+0100] {processor.py:925} INFO - DAG(s) 'example_complex' retrieved from /usr/local/anaconda3/envs/airflow_env/lib/python3.8/site-packages/airflow/example_dags/example_complex.py
[2025-03-07T14:55:01.475+0100] {logging_mixin.py:190} INFO - [2025-03-07T14:55:01.475+0100] {dag.py:3239} INFO - Sync 1 DAGs
[2025-03-07T14:55:01.482+0100] {logging_mixin.py:190} INFO - [2025-03-07T14:55:01.482+0100] {dag.py:4180} INFO - Setting next_dagrun for example_complex to None, run_after=None
[2025-03-07T14:55:01.493+0100] {processor.py:208} INFO - Processing /usr/local/anaconda3/envs/airflow_env/lib/python3.8/site-packages/airflow/example_dags/example_complex.py took 0.113 seconds
[2025-03-07T14:59:24.421+0100] {processor.py:186} INFO - Started process (PID=6730) to work on /usr/local/anaconda3/envs/airflow_env/lib/python3.8/site-packages/airflow/example_dags/example_complex.py
[2025-03-07T14:59:24.424+0100] {processor.py:914} INFO - Processing file /usr/local/anaconda3/envs/airflow_env/lib/python3.8/site-packages/airflow/example_dags/example_complex.py for tasks to queue
[2025-03-07T14:59:24.425+0100] {logging_mixin.py:190} INFO - [2025-03-07T14:59:24.424+0100] {dagbag.py:588} INFO - Filling up the DagBag from /usr/local/anaconda3/envs/airflow_env/lib/python3.8/site-packages/airflow/example_dags/example_complex.py
[2025-03-07T14:59:24.435+0100] {processor.py:925} INFO - DAG(s) 'example_complex' retrieved from /usr/local/anaconda3/envs/airflow_env/lib/python3.8/site-packages/airflow/example_dags/example_complex.py
[2025-03-07T14:59:24.513+0100] {logging_mixin.py:190} INFO - [2025-03-07T14:59:24.513+0100] {dag.py:3239} INFO - Sync 1 DAGs
[2025-03-07T14:59:24.520+0100] {logging_mixin.py:190} INFO - [2025-03-07T14:59:24.520+0100] {dag.py:4180} INFO - Setting next_dagrun for example_complex to None, run_after=None
[2025-03-07T14:59:24.532+0100] {processor.py:208} INFO - Processing /usr/local/anaconda3/envs/airflow_env/lib/python3.8/site-packages/airflow/example_dags/example_complex.py took 0.114 seconds
[2025-03-07T15:04:10.282+0100] {processor.py:186} INFO - Started process (PID=7216) to work on /usr/local/anaconda3/envs/airflow_env/lib/python3.8/site-packages/airflow/example_dags/example_complex.py
[2025-03-07T15:04:10.285+0100] {processor.py:914} INFO - Processing file /usr/local/anaconda3/envs/airflow_env/lib/python3.8/site-packages/airflow/example_dags/example_complex.py for tasks to queue
[2025-03-07T15:04:10.286+0100] {logging_mixin.py:190} INFO - [2025-03-07T15:04:10.286+0100] {dagbag.py:588} INFO - Filling up the DagBag from /usr/local/anaconda3/envs/airflow_env/lib/python3.8/site-packages/airflow/example_dags/example_complex.py
[2025-03-07T15:04:10.297+0100] {processor.py:925} INFO - DAG(s) 'example_complex' retrieved from /usr/local/anaconda3/envs/airflow_env/lib/python3.8/site-packages/airflow/example_dags/example_complex.py
[2025-03-07T15:04:10.383+0100] {logging_mixin.py:190} INFO - [2025-03-07T15:04:10.382+0100] {dag.py:3239} INFO - Sync 1 DAGs
[2025-03-07T15:04:10.390+0100] {logging_mixin.py:190} INFO - [2025-03-07T15:04:10.390+0100] {dag.py:4180} INFO - Setting next_dagrun for example_complex to None, run_after=None
[2025-03-07T15:04:10.403+0100] {processor.py:208} INFO - Processing /usr/local/anaconda3/envs/airflow_env/lib/python3.8/site-packages/airflow/example_dags/example_complex.py took 0.124 seconds
[2025-03-07T15:08:55.322+0100] {processor.py:186} INFO - Started process (PID=7725) to work on /usr/local/anaconda3/envs/airflow_env/lib/python3.8/site-packages/airflow/example_dags/example_complex.py
[2025-03-07T15:08:55.326+0100] {processor.py:914} INFO - Processing file /usr/local/anaconda3/envs/airflow_env/lib/python3.8/site-packages/airflow/example_dags/example_complex.py for tasks to queue
[2025-03-07T15:08:55.327+0100] {logging_mixin.py:190} INFO - [2025-03-07T15:08:55.327+0100] {dagbag.py:588} INFO - Filling up the DagBag from /usr/local/anaconda3/envs/airflow_env/lib/python3.8/site-packages/airflow/example_dags/example_complex.py
[2025-03-07T15:08:55.338+0100] {processor.py:925} INFO - DAG(s) 'example_complex' retrieved from /usr/local/anaconda3/envs/airflow_env/lib/python3.8/site-packages/airflow/example_dags/example_complex.py
[2025-03-07T15:08:55.424+0100] {logging_mixin.py:190} INFO - [2025-03-07T15:08:55.424+0100] {dag.py:3239} INFO - Sync 1 DAGs
[2025-03-07T15:08:55.433+0100] {logging_mixin.py:190} INFO - [2025-03-07T15:08:55.432+0100] {dag.py:4180} INFO - Setting next_dagrun for example_complex to None, run_after=None
[2025-03-07T15:08:55.447+0100] {processor.py:208} INFO - Processing /usr/local/anaconda3/envs/airflow_env/lib/python3.8/site-packages/airflow/example_dags/example_complex.py took 0.127 seconds
[2025-03-07T15:14:41.259+0100] {processor.py:186} INFO - Started process (PID=8409) to work on /usr/local/anaconda3/envs/airflow_env/lib/python3.8/site-packages/airflow/example_dags/example_complex.py
[2025-03-07T15:14:41.262+0100] {processor.py:914} INFO - Processing file /usr/local/anaconda3/envs/airflow_env/lib/python3.8/site-packages/airflow/example_dags/example_complex.py for tasks to queue
[2025-03-07T15:14:41.263+0100] {logging_mixin.py:190} INFO - [2025-03-07T15:14:41.263+0100] {dagbag.py:588} INFO - Filling up the DagBag from /usr/local/anaconda3/envs/airflow_env/lib/python3.8/site-packages/airflow/example_dags/example_complex.py
[2025-03-07T15:14:41.274+0100] {processor.py:925} INFO - DAG(s) 'example_complex' retrieved from /usr/local/anaconda3/envs/airflow_env/lib/python3.8/site-packages/airflow/example_dags/example_complex.py
[2025-03-07T15:14:41.359+0100] {logging_mixin.py:190} INFO - [2025-03-07T15:14:41.359+0100] {dag.py:3239} INFO - Sync 1 DAGs
[2025-03-07T15:14:41.366+0100] {logging_mixin.py:190} INFO - [2025-03-07T15:14:41.366+0100] {dag.py:4180} INFO - Setting next_dagrun for example_complex to None, run_after=None
[2025-03-07T15:14:41.379+0100] {processor.py:208} INFO - Processing /usr/local/anaconda3/envs/airflow_env/lib/python3.8/site-packages/airflow/example_dags/example_complex.py took 0.123 seconds
[2025-03-07T15:19:19.917+0100] {processor.py:186} INFO - Started process (PID=8955) to work on /usr/local/anaconda3/envs/airflow_env/lib/python3.8/site-packages/airflow/example_dags/example_complex.py
[2025-03-07T15:19:19.920+0100] {processor.py:914} INFO - Processing file /usr/local/anaconda3/envs/airflow_env/lib/python3.8/site-packages/airflow/example_dags/example_complex.py for tasks to queue
[2025-03-07T15:19:19.921+0100] {logging_mixin.py:190} INFO - [2025-03-07T15:19:19.920+0100] {dagbag.py:588} INFO - Filling up the DagBag from /usr/local/anaconda3/envs/airflow_env/lib/python3.8/site-packages/airflow/example_dags/example_complex.py
[2025-03-07T15:19:19.931+0100] {processor.py:925} INFO - DAG(s) 'example_complex' retrieved from /usr/local/anaconda3/envs/airflow_env/lib/python3.8/site-packages/airflow/example_dags/example_complex.py
[2025-03-07T15:19:20.012+0100] {logging_mixin.py:190} INFO - [2025-03-07T15:19:20.012+0100] {dag.py:3239} INFO - Sync 1 DAGs
[2025-03-07T15:19:20.020+0100] {logging_mixin.py:190} INFO - [2025-03-07T15:19:20.020+0100] {dag.py:4180} INFO - Setting next_dagrun for example_complex to None, run_after=None
[2025-03-07T15:19:20.032+0100] {processor.py:208} INFO - Processing /usr/local/anaconda3/envs/airflow_env/lib/python3.8/site-packages/airflow/example_dags/example_complex.py took 0.118 seconds
[2025-03-07T15:23:48.911+0100] {processor.py:186} INFO - Started process (PID=9529) to work on /usr/local/anaconda3/envs/airflow_env/lib/python3.8/site-packages/airflow/example_dags/example_complex.py
[2025-03-07T15:23:48.914+0100] {processor.py:914} INFO - Processing file /usr/local/anaconda3/envs/airflow_env/lib/python3.8/site-packages/airflow/example_dags/example_complex.py for tasks to queue
[2025-03-07T15:23:48.915+0100] {logging_mixin.py:190} INFO - [2025-03-07T15:23:48.915+0100] {dagbag.py:588} INFO - Filling up the DagBag from /usr/local/anaconda3/envs/airflow_env/lib/python3.8/site-packages/airflow/example_dags/example_complex.py
[2025-03-07T15:23:48.925+0100] {processor.py:925} INFO - DAG(s) 'example_complex' retrieved from /usr/local/anaconda3/envs/airflow_env/lib/python3.8/site-packages/airflow/example_dags/example_complex.py
[2025-03-07T15:23:49.007+0100] {logging_mixin.py:190} INFO - [2025-03-07T15:23:49.007+0100] {dag.py:3239} INFO - Sync 1 DAGs
[2025-03-07T15:23:49.015+0100] {logging_mixin.py:190} INFO - [2025-03-07T15:23:49.015+0100] {dag.py:4180} INFO - Setting next_dagrun for example_complex to None, run_after=None
[2025-03-07T15:23:49.028+0100] {processor.py:208} INFO - Processing /usr/local/anaconda3/envs/airflow_env/lib/python3.8/site-packages/airflow/example_dags/example_complex.py took 0.120 seconds
[2025-03-07T15:31:37.353+0100] {processor.py:186} INFO - Started process (PID=10477) to work on /usr/local/anaconda3/envs/airflow_env/lib/python3.8/site-packages/airflow/example_dags/example_complex.py
[2025-03-07T15:31:37.356+0100] {processor.py:914} INFO - Processing file /usr/local/anaconda3/envs/airflow_env/lib/python3.8/site-packages/airflow/example_dags/example_complex.py for tasks to queue
[2025-03-07T15:31:37.357+0100] {logging_mixin.py:190} INFO - [2025-03-07T15:31:37.357+0100] {dagbag.py:588} INFO - Filling up the DagBag from /usr/local/anaconda3/envs/airflow_env/lib/python3.8/site-packages/airflow/example_dags/example_complex.py
[2025-03-07T15:31:37.368+0100] {processor.py:925} INFO - DAG(s) 'example_complex' retrieved from /usr/local/anaconda3/envs/airflow_env/lib/python3.8/site-packages/airflow/example_dags/example_complex.py
[2025-03-07T15:31:37.454+0100] {logging_mixin.py:190} INFO - [2025-03-07T15:31:37.454+0100] {dag.py:3239} INFO - Sync 1 DAGs
[2025-03-07T15:31:37.465+0100] {logging_mixin.py:190} INFO - [2025-03-07T15:31:37.465+0100] {dag.py:4180} INFO - Setting next_dagrun for example_complex to None, run_after=None
[2025-03-07T15:31:37.481+0100] {processor.py:208} INFO - Processing /usr/local/anaconda3/envs/airflow_env/lib/python3.8/site-packages/airflow/example_dags/example_complex.py took 0.131 seconds
[2025-03-07T15:36:09.385+0100] {processor.py:186} INFO - Started process (PID=10979) to work on /usr/local/anaconda3/envs/airflow_env/lib/python3.8/site-packages/airflow/example_dags/example_complex.py
[2025-03-07T15:36:09.388+0100] {processor.py:914} INFO - Processing file /usr/local/anaconda3/envs/airflow_env/lib/python3.8/site-packages/airflow/example_dags/example_complex.py for tasks to queue
[2025-03-07T15:36:09.389+0100] {logging_mixin.py:190} INFO - [2025-03-07T15:36:09.389+0100] {dagbag.py:588} INFO - Filling up the DagBag from /usr/local/anaconda3/envs/airflow_env/lib/python3.8/site-packages/airflow/example_dags/example_complex.py
[2025-03-07T15:36:09.399+0100] {processor.py:925} INFO - DAG(s) 'example_complex' retrieved from /usr/local/anaconda3/envs/airflow_env/lib/python3.8/site-packages/airflow/example_dags/example_complex.py
[2025-03-07T15:36:09.479+0100] {logging_mixin.py:190} INFO - [2025-03-07T15:36:09.479+0100] {dag.py:3239} INFO - Sync 1 DAGs
[2025-03-07T15:36:09.487+0100] {logging_mixin.py:190} INFO - [2025-03-07T15:36:09.487+0100] {dag.py:4180} INFO - Setting next_dagrun for example_complex to None, run_after=None
[2025-03-07T15:36:09.498+0100] {processor.py:208} INFO - Processing /usr/local/anaconda3/envs/airflow_env/lib/python3.8/site-packages/airflow/example_dags/example_complex.py took 0.117 seconds
[2025-03-07T15:40:35.144+0100] {processor.py:186} INFO - Started process (PID=11443) to work on /usr/local/anaconda3/envs/airflow_env/lib/python3.8/site-packages/airflow/example_dags/example_complex.py
[2025-03-07T15:40:35.147+0100] {processor.py:914} INFO - Processing file /usr/local/anaconda3/envs/airflow_env/lib/python3.8/site-packages/airflow/example_dags/example_complex.py for tasks to queue
[2025-03-07T15:40:35.148+0100] {logging_mixin.py:190} INFO - [2025-03-07T15:40:35.148+0100] {dagbag.py:588} INFO - Filling up the DagBag from /usr/local/anaconda3/envs/airflow_env/lib/python3.8/site-packages/airflow/example_dags/example_complex.py
[2025-03-07T15:40:35.158+0100] {processor.py:925} INFO - DAG(s) 'example_complex' retrieved from /usr/local/anaconda3/envs/airflow_env/lib/python3.8/site-packages/airflow/example_dags/example_complex.py
[2025-03-07T15:40:35.241+0100] {logging_mixin.py:190} INFO - [2025-03-07T15:40:35.241+0100] {dag.py:3239} INFO - Sync 1 DAGs
[2025-03-07T15:40:35.249+0100] {logging_mixin.py:190} INFO - [2025-03-07T15:40:35.249+0100] {dag.py:4180} INFO - Setting next_dagrun for example_complex to None, run_after=None
[2025-03-07T15:40:35.260+0100] {processor.py:208} INFO - Processing /usr/local/anaconda3/envs/airflow_env/lib/python3.8/site-packages/airflow/example_dags/example_complex.py took 0.120 seconds
[2025-03-07T15:44:51.848+0100] {processor.py:186} INFO - Started process (PID=11857) to work on /usr/local/anaconda3/envs/airflow_env/lib/python3.8/site-packages/airflow/example_dags/example_complex.py
[2025-03-07T15:44:51.851+0100] {processor.py:914} INFO - Processing file /usr/local/anaconda3/envs/airflow_env/lib/python3.8/site-packages/airflow/example_dags/example_complex.py for tasks to queue
[2025-03-07T15:44:51.852+0100] {logging_mixin.py:190} INFO - [2025-03-07T15:44:51.852+0100] {dagbag.py:588} INFO - Filling up the DagBag from /usr/local/anaconda3/envs/airflow_env/lib/python3.8/site-packages/airflow/example_dags/example_complex.py
[2025-03-07T15:44:51.863+0100] {processor.py:925} INFO - DAG(s) 'example_complex' retrieved from /usr/local/anaconda3/envs/airflow_env/lib/python3.8/site-packages/airflow/example_dags/example_complex.py
[2025-03-07T15:44:51.944+0100] {logging_mixin.py:190} INFO - [2025-03-07T15:44:51.943+0100] {dag.py:3239} INFO - Sync 1 DAGs
[2025-03-07T15:44:51.951+0100] {logging_mixin.py:190} INFO - [2025-03-07T15:44:51.951+0100] {dag.py:4180} INFO - Setting next_dagrun for example_complex to None, run_after=None
[2025-03-07T15:44:51.963+0100] {processor.py:208} INFO - Processing /usr/local/anaconda3/envs/airflow_env/lib/python3.8/site-packages/airflow/example_dags/example_complex.py took 0.118 seconds
[2025-03-07T15:49:39.284+0100] {processor.py:186} INFO - Started process (PID=12354) to work on /usr/local/anaconda3/envs/airflow_env/lib/python3.8/site-packages/airflow/example_dags/example_complex.py
[2025-03-07T15:49:39.287+0100] {processor.py:914} INFO - Processing file /usr/local/anaconda3/envs/airflow_env/lib/python3.8/site-packages/airflow/example_dags/example_complex.py for tasks to queue
[2025-03-07T15:49:39.288+0100] {logging_mixin.py:190} INFO - [2025-03-07T15:49:39.288+0100] {dagbag.py:588} INFO - Filling up the DagBag from /usr/local/anaconda3/envs/airflow_env/lib/python3.8/site-packages/airflow/example_dags/example_complex.py
[2025-03-07T15:49:39.298+0100] {processor.py:925} INFO - DAG(s) 'example_complex' retrieved from /usr/local/anaconda3/envs/airflow_env/lib/python3.8/site-packages/airflow/example_dags/example_complex.py
[2025-03-07T15:49:39.378+0100] {logging_mixin.py:190} INFO - [2025-03-07T15:49:39.378+0100] {dag.py:3239} INFO - Sync 1 DAGs
[2025-03-07T15:49:39.385+0100] {logging_mixin.py:190} INFO - [2025-03-07T15:49:39.385+0100] {dag.py:4180} INFO - Setting next_dagrun for example_complex to None, run_after=None
[2025-03-07T15:49:39.397+0100] {processor.py:208} INFO - Processing /usr/local/anaconda3/envs/airflow_env/lib/python3.8/site-packages/airflow/example_dags/example_complex.py took 0.116 seconds
[2025-03-07T15:54:26.532+0100] {processor.py:186} INFO - Started process (PID=12919) to work on /usr/local/anaconda3/envs/airflow_env/lib/python3.8/site-packages/airflow/example_dags/example_complex.py
[2025-03-07T15:54:26.535+0100] {processor.py:914} INFO - Processing file /usr/local/anaconda3/envs/airflow_env/lib/python3.8/site-packages/airflow/example_dags/example_complex.py for tasks to queue
[2025-03-07T15:54:26.536+0100] {logging_mixin.py:190} INFO - [2025-03-07T15:54:26.535+0100] {dagbag.py:588} INFO - Filling up the DagBag from /usr/local/anaconda3/envs/airflow_env/lib/python3.8/site-packages/airflow/example_dags/example_complex.py
[2025-03-07T15:54:26.546+0100] {processor.py:925} INFO - DAG(s) 'example_complex' retrieved from /usr/local/anaconda3/envs/airflow_env/lib/python3.8/site-packages/airflow/example_dags/example_complex.py
[2025-03-07T15:54:26.628+0100] {logging_mixin.py:190} INFO - [2025-03-07T15:54:26.628+0100] {dag.py:3239} INFO - Sync 1 DAGs
[2025-03-07T15:54:26.636+0100] {logging_mixin.py:190} INFO - [2025-03-07T15:54:26.636+0100] {dag.py:4180} INFO - Setting next_dagrun for example_complex to None, run_after=None
[2025-03-07T15:54:26.648+0100] {processor.py:208} INFO - Processing /usr/local/anaconda3/envs/airflow_env/lib/python3.8/site-packages/airflow/example_dags/example_complex.py took 0.120 seconds
[2025-03-07T15:59:01.762+0100] {processor.py:186} INFO - Started process (PID=13369) to work on /usr/local/anaconda3/envs/airflow_env/lib/python3.8/site-packages/airflow/example_dags/example_complex.py
[2025-03-07T15:59:01.765+0100] {processor.py:914} INFO - Processing file /usr/local/anaconda3/envs/airflow_env/lib/python3.8/site-packages/airflow/example_dags/example_complex.py for tasks to queue
[2025-03-07T15:59:01.766+0100] {logging_mixin.py:190} INFO - [2025-03-07T15:59:01.766+0100] {dagbag.py:588} INFO - Filling up the DagBag from /usr/local/anaconda3/envs/airflow_env/lib/python3.8/site-packages/airflow/example_dags/example_complex.py
[2025-03-07T15:59:01.776+0100] {processor.py:925} INFO - DAG(s) 'example_complex' retrieved from /usr/local/anaconda3/envs/airflow_env/lib/python3.8/site-packages/airflow/example_dags/example_complex.py
[2025-03-07T15:59:01.855+0100] {logging_mixin.py:190} INFO - [2025-03-07T15:59:01.855+0100] {dag.py:3239} INFO - Sync 1 DAGs
[2025-03-07T15:59:01.862+0100] {logging_mixin.py:190} INFO - [2025-03-07T15:59:01.862+0100] {dag.py:4180} INFO - Setting next_dagrun for example_complex to None, run_after=None
[2025-03-07T15:59:01.873+0100] {processor.py:208} INFO - Processing /usr/local/anaconda3/envs/airflow_env/lib/python3.8/site-packages/airflow/example_dags/example_complex.py took 0.114 seconds
[2025-03-07T16:05:47.928+0100] {processor.py:186} INFO - Started process (PID=13982) to work on /usr/local/anaconda3/envs/airflow_env/lib/python3.8/site-packages/airflow/example_dags/example_complex.py
[2025-03-07T16:05:47.931+0100] {processor.py:914} INFO - Processing file /usr/local/anaconda3/envs/airflow_env/lib/python3.8/site-packages/airflow/example_dags/example_complex.py for tasks to queue
[2025-03-07T16:05:47.932+0100] {logging_mixin.py:190} INFO - [2025-03-07T16:05:47.932+0100] {dagbag.py:588} INFO - Filling up the DagBag from /usr/local/anaconda3/envs/airflow_env/lib/python3.8/site-packages/airflow/example_dags/example_complex.py
[2025-03-07T16:05:47.943+0100] {processor.py:925} INFO - DAG(s) 'example_complex' retrieved from /usr/local/anaconda3/envs/airflow_env/lib/python3.8/site-packages/airflow/example_dags/example_complex.py
[2025-03-07T16:05:48.024+0100] {logging_mixin.py:190} INFO - [2025-03-07T16:05:48.024+0100] {dag.py:3239} INFO - Sync 1 DAGs
[2025-03-07T16:05:48.031+0100] {logging_mixin.py:190} INFO - [2025-03-07T16:05:48.031+0100] {dag.py:4180} INFO - Setting next_dagrun for example_complex to None, run_after=None
[2025-03-07T16:05:48.043+0100] {processor.py:208} INFO - Processing /usr/local/anaconda3/envs/airflow_env/lib/python3.8/site-packages/airflow/example_dags/example_complex.py took 0.118 seconds
[2025-03-07T16:11:57.297+0100] {processor.py:186} INFO - Started process (PID=14562) to work on /usr/local/anaconda3/envs/airflow_env/lib/python3.8/site-packages/airflow/example_dags/example_complex.py
[2025-03-07T16:11:57.300+0100] {processor.py:914} INFO - Processing file /usr/local/anaconda3/envs/airflow_env/lib/python3.8/site-packages/airflow/example_dags/example_complex.py for tasks to queue
[2025-03-07T16:11:57.301+0100] {logging_mixin.py:190} INFO - [2025-03-07T16:11:57.301+0100] {dagbag.py:588} INFO - Filling up the DagBag from /usr/local/anaconda3/envs/airflow_env/lib/python3.8/site-packages/airflow/example_dags/example_complex.py
[2025-03-07T16:11:57.312+0100] {processor.py:925} INFO - DAG(s) 'example_complex' retrieved from /usr/local/anaconda3/envs/airflow_env/lib/python3.8/site-packages/airflow/example_dags/example_complex.py
[2025-03-07T16:11:57.396+0100] {logging_mixin.py:190} INFO - [2025-03-07T16:11:57.396+0100] {dag.py:3239} INFO - Sync 1 DAGs
[2025-03-07T16:11:57.404+0100] {logging_mixin.py:190} INFO - [2025-03-07T16:11:57.403+0100] {dag.py:4180} INFO - Setting next_dagrun for example_complex to None, run_after=None
[2025-03-07T16:11:57.416+0100] {processor.py:208} INFO - Processing /usr/local/anaconda3/envs/airflow_env/lib/python3.8/site-packages/airflow/example_dags/example_complex.py took 0.122 seconds
[2025-03-07T16:16:22.901+0100] {processor.py:186} INFO - Started process (PID=15106) to work on /usr/local/anaconda3/envs/airflow_env/lib/python3.8/site-packages/airflow/example_dags/example_complex.py
[2025-03-07T16:16:22.904+0100] {processor.py:914} INFO - Processing file /usr/local/anaconda3/envs/airflow_env/lib/python3.8/site-packages/airflow/example_dags/example_complex.py for tasks to queue
[2025-03-07T16:16:22.905+0100] {logging_mixin.py:190} INFO - [2025-03-07T16:16:22.905+0100] {dagbag.py:588} INFO - Filling up the DagBag from /usr/local/anaconda3/envs/airflow_env/lib/python3.8/site-packages/airflow/example_dags/example_complex.py
[2025-03-07T16:16:22.915+0100] {processor.py:925} INFO - DAG(s) 'example_complex' retrieved from /usr/local/anaconda3/envs/airflow_env/lib/python3.8/site-packages/airflow/example_dags/example_complex.py
[2025-03-07T16:16:22.995+0100] {logging_mixin.py:190} INFO - [2025-03-07T16:16:22.995+0100] {dag.py:3239} INFO - Sync 1 DAGs
[2025-03-07T16:16:23.003+0100] {logging_mixin.py:190} INFO - [2025-03-07T16:16:23.003+0100] {dag.py:4180} INFO - Setting next_dagrun for example_complex to None, run_after=None
[2025-03-07T16:16:23.017+0100] {processor.py:208} INFO - Processing /usr/local/anaconda3/envs/airflow_env/lib/python3.8/site-packages/airflow/example_dags/example_complex.py took 0.119 seconds
[2025-03-07T16:21:03.318+0100] {processor.py:186} INFO - Started process (PID=15615) to work on /usr/local/anaconda3/envs/airflow_env/lib/python3.8/site-packages/airflow/example_dags/example_complex.py
[2025-03-07T16:21:03.322+0100] {processor.py:914} INFO - Processing file /usr/local/anaconda3/envs/airflow_env/lib/python3.8/site-packages/airflow/example_dags/example_complex.py for tasks to queue
[2025-03-07T16:21:03.322+0100] {logging_mixin.py:190} INFO - [2025-03-07T16:21:03.322+0100] {dagbag.py:588} INFO - Filling up the DagBag from /usr/local/anaconda3/envs/airflow_env/lib/python3.8/site-packages/airflow/example_dags/example_complex.py
[2025-03-07T16:21:03.333+0100] {processor.py:925} INFO - DAG(s) 'example_complex' retrieved from /usr/local/anaconda3/envs/airflow_env/lib/python3.8/site-packages/airflow/example_dags/example_complex.py
[2025-03-07T16:21:03.412+0100] {logging_mixin.py:190} INFO - [2025-03-07T16:21:03.412+0100] {dag.py:3239} INFO - Sync 1 DAGs
[2025-03-07T16:21:03.419+0100] {logging_mixin.py:190} INFO - [2025-03-07T16:21:03.419+0100] {dag.py:4180} INFO - Setting next_dagrun for example_complex to None, run_after=None
[2025-03-07T16:21:03.431+0100] {processor.py:208} INFO - Processing /usr/local/anaconda3/envs/airflow_env/lib/python3.8/site-packages/airflow/example_dags/example_complex.py took 0.115 seconds
[2025-03-07T16:31:35.339+0100] {processor.py:186} INFO - Started process (PID=16406) to work on /usr/local/anaconda3/envs/airflow_env/lib/python3.8/site-packages/airflow/example_dags/example_complex.py
[2025-03-07T16:31:35.342+0100] {processor.py:914} INFO - Processing file /usr/local/anaconda3/envs/airflow_env/lib/python3.8/site-packages/airflow/example_dags/example_complex.py for tasks to queue
[2025-03-07T16:31:35.343+0100] {logging_mixin.py:190} INFO - [2025-03-07T16:31:35.343+0100] {dagbag.py:588} INFO - Filling up the DagBag from /usr/local/anaconda3/envs/airflow_env/lib/python3.8/site-packages/airflow/example_dags/example_complex.py
[2025-03-07T16:31:35.353+0100] {processor.py:925} INFO - DAG(s) 'example_complex' retrieved from /usr/local/anaconda3/envs/airflow_env/lib/python3.8/site-packages/airflow/example_dags/example_complex.py
[2025-03-07T16:31:35.435+0100] {logging_mixin.py:190} INFO - [2025-03-07T16:31:35.435+0100] {dag.py:3239} INFO - Sync 1 DAGs
[2025-03-07T16:31:35.443+0100] {logging_mixin.py:190} INFO - [2025-03-07T16:31:35.443+0100] {dag.py:4180} INFO - Setting next_dagrun for example_complex to None, run_after=None
[2025-03-07T16:31:35.455+0100] {processor.py:208} INFO - Processing /usr/local/anaconda3/envs/airflow_env/lib/python3.8/site-packages/airflow/example_dags/example_complex.py took 0.120 seconds
[2025-03-07T16:42:12.459+0100] {processor.py:186} INFO - Started process (PID=17514) to work on /usr/local/anaconda3/envs/airflow_env/lib/python3.8/site-packages/airflow/example_dags/example_complex.py
[2025-03-07T16:42:12.462+0100] {processor.py:914} INFO - Processing file /usr/local/anaconda3/envs/airflow_env/lib/python3.8/site-packages/airflow/example_dags/example_complex.py for tasks to queue
[2025-03-07T16:42:12.463+0100] {logging_mixin.py:190} INFO - [2025-03-07T16:42:12.463+0100] {dagbag.py:588} INFO - Filling up the DagBag from /usr/local/anaconda3/envs/airflow_env/lib/python3.8/site-packages/airflow/example_dags/example_complex.py
[2025-03-07T16:42:12.475+0100] {processor.py:925} INFO - DAG(s) 'example_complex' retrieved from /usr/local/anaconda3/envs/airflow_env/lib/python3.8/site-packages/airflow/example_dags/example_complex.py
[2025-03-07T16:42:12.558+0100] {logging_mixin.py:190} INFO - [2025-03-07T16:42:12.558+0100] {dag.py:3239} INFO - Sync 1 DAGs
[2025-03-07T16:42:12.565+0100] {logging_mixin.py:190} INFO - [2025-03-07T16:42:12.565+0100] {dag.py:4180} INFO - Setting next_dagrun for example_complex to None, run_after=None
[2025-03-07T16:42:12.577+0100] {processor.py:208} INFO - Processing /usr/local/anaconda3/envs/airflow_env/lib/python3.8/site-packages/airflow/example_dags/example_complex.py took 0.121 seconds
[2025-03-07T16:48:33.560+0100] {processor.py:186} INFO - Started process (PID=18285) to work on /usr/local/anaconda3/envs/airflow_env/lib/python3.8/site-packages/airflow/example_dags/example_complex.py
[2025-03-07T16:48:33.563+0100] {processor.py:914} INFO - Processing file /usr/local/anaconda3/envs/airflow_env/lib/python3.8/site-packages/airflow/example_dags/example_complex.py for tasks to queue
[2025-03-07T16:48:33.564+0100] {logging_mixin.py:190} INFO - [2025-03-07T16:48:33.564+0100] {dagbag.py:588} INFO - Filling up the DagBag from /usr/local/anaconda3/envs/airflow_env/lib/python3.8/site-packages/airflow/example_dags/example_complex.py
[2025-03-07T16:48:33.575+0100] {processor.py:925} INFO - DAG(s) 'example_complex' retrieved from /usr/local/anaconda3/envs/airflow_env/lib/python3.8/site-packages/airflow/example_dags/example_complex.py
[2025-03-07T16:48:33.656+0100] {logging_mixin.py:190} INFO - [2025-03-07T16:48:33.656+0100] {dag.py:3239} INFO - Sync 1 DAGs
[2025-03-07T16:48:33.664+0100] {logging_mixin.py:190} INFO - [2025-03-07T16:48:33.664+0100] {dag.py:4180} INFO - Setting next_dagrun for example_complex to None, run_after=None
[2025-03-07T16:48:33.676+0100] {processor.py:208} INFO - Processing /usr/local/anaconda3/envs/airflow_env/lib/python3.8/site-packages/airflow/example_dags/example_complex.py took 0.119 seconds
[2025-03-07T16:53:28.232+0100] {processor.py:186} INFO - Started process (PID=18862) to work on /usr/local/anaconda3/envs/airflow_env/lib/python3.8/site-packages/airflow/example_dags/example_complex.py
[2025-03-07T16:53:28.235+0100] {processor.py:914} INFO - Processing file /usr/local/anaconda3/envs/airflow_env/lib/python3.8/site-packages/airflow/example_dags/example_complex.py for tasks to queue
[2025-03-07T16:53:28.236+0100] {logging_mixin.py:190} INFO - [2025-03-07T16:53:28.235+0100] {dagbag.py:588} INFO - Filling up the DagBag from /usr/local/anaconda3/envs/airflow_env/lib/python3.8/site-packages/airflow/example_dags/example_complex.py
[2025-03-07T16:53:28.246+0100] {processor.py:925} INFO - DAG(s) 'example_complex' retrieved from /usr/local/anaconda3/envs/airflow_env/lib/python3.8/site-packages/airflow/example_dags/example_complex.py
[2025-03-07T16:53:28.327+0100] {logging_mixin.py:190} INFO - [2025-03-07T16:53:28.327+0100] {dag.py:3239} INFO - Sync 1 DAGs
[2025-03-07T16:53:28.335+0100] {logging_mixin.py:190} INFO - [2025-03-07T16:53:28.335+0100] {dag.py:4180} INFO - Setting next_dagrun for example_complex to None, run_after=None
[2025-03-07T16:53:28.347+0100] {processor.py:208} INFO - Processing /usr/local/anaconda3/envs/airflow_env/lib/python3.8/site-packages/airflow/example_dags/example_complex.py took 0.118 seconds
[2025-03-07T16:56:43.878+0100] {processor.py:186} INFO - Started process (PID=19530) to work on /usr/local/anaconda3/envs/airflow_env/lib/python3.8/site-packages/airflow/example_dags/example_complex.py
[2025-03-07T16:56:43.881+0100] {processor.py:914} INFO - Processing file /usr/local/anaconda3/envs/airflow_env/lib/python3.8/site-packages/airflow/example_dags/example_complex.py for tasks to queue
[2025-03-07T16:56:43.881+0100] {logging_mixin.py:190} INFO - [2025-03-07T16:56:43.881+0100] {dagbag.py:588} INFO - Filling up the DagBag from /usr/local/anaconda3/envs/airflow_env/lib/python3.8/site-packages/airflow/example_dags/example_complex.py
[2025-03-07T16:56:43.891+0100] {processor.py:925} INFO - DAG(s) 'example_complex' retrieved from /usr/local/anaconda3/envs/airflow_env/lib/python3.8/site-packages/airflow/example_dags/example_complex.py
[2025-03-07T16:56:43.968+0100] {logging_mixin.py:190} INFO - [2025-03-07T16:56:43.967+0100] {dag.py:3239} INFO - Sync 1 DAGs
[2025-03-07T16:56:43.975+0100] {logging_mixin.py:190} INFO - [2025-03-07T16:56:43.974+0100] {dag.py:4180} INFO - Setting next_dagrun for example_complex to None, run_after=None
[2025-03-07T16:56:43.986+0100] {processor.py:208} INFO - Processing /usr/local/anaconda3/envs/airflow_env/lib/python3.8/site-packages/airflow/example_dags/example_complex.py took 0.111 seconds
[2025-03-07T17:01:34.967+0100] {processor.py:186} INFO - Started process (PID=20328) to work on /usr/local/anaconda3/envs/airflow_env/lib/python3.8/site-packages/airflow/example_dags/example_complex.py
[2025-03-07T17:01:34.970+0100] {processor.py:914} INFO - Processing file /usr/local/anaconda3/envs/airflow_env/lib/python3.8/site-packages/airflow/example_dags/example_complex.py for tasks to queue
[2025-03-07T17:01:34.971+0100] {logging_mixin.py:190} INFO - [2025-03-07T17:01:34.971+0100] {dagbag.py:588} INFO - Filling up the DagBag from /usr/local/anaconda3/envs/airflow_env/lib/python3.8/site-packages/airflow/example_dags/example_complex.py
[2025-03-07T17:01:34.981+0100] {processor.py:925} INFO - DAG(s) 'example_complex' retrieved from /usr/local/anaconda3/envs/airflow_env/lib/python3.8/site-packages/airflow/example_dags/example_complex.py
[2025-03-07T17:01:35.061+0100] {logging_mixin.py:190} INFO - [2025-03-07T17:01:35.061+0100] {dag.py:3239} INFO - Sync 1 DAGs
[2025-03-07T17:01:35.069+0100] {logging_mixin.py:190} INFO - [2025-03-07T17:01:35.069+0100] {dag.py:4180} INFO - Setting next_dagrun for example_complex to None, run_after=None
[2025-03-07T17:01:35.082+0100] {processor.py:208} INFO - Processing /usr/local/anaconda3/envs/airflow_env/lib/python3.8/site-packages/airflow/example_dags/example_complex.py took 0.117 seconds
[2025-03-07T17:09:46.553+0100] {processor.py:186} INFO - Started process (PID=20711) to work on /usr/local/anaconda3/envs/airflow_env/lib/python3.8/site-packages/airflow/example_dags/example_complex.py
[2025-03-07T17:09:46.556+0100] {processor.py:914} INFO - Processing file /usr/local/anaconda3/envs/airflow_env/lib/python3.8/site-packages/airflow/example_dags/example_complex.py for tasks to queue
[2025-03-07T17:09:46.557+0100] {logging_mixin.py:190} INFO - [2025-03-07T17:09:46.557+0100] {dagbag.py:588} INFO - Filling up the DagBag from /usr/local/anaconda3/envs/airflow_env/lib/python3.8/site-packages/airflow/example_dags/example_complex.py
[2025-03-07T17:09:46.568+0100] {processor.py:925} INFO - DAG(s) 'example_complex' retrieved from /usr/local/anaconda3/envs/airflow_env/lib/python3.8/site-packages/airflow/example_dags/example_complex.py
[2025-03-07T17:09:46.648+0100] {logging_mixin.py:190} INFO - [2025-03-07T17:09:46.648+0100] {dag.py:3239} INFO - Sync 1 DAGs
[2025-03-07T17:09:46.656+0100] {logging_mixin.py:190} INFO - [2025-03-07T17:09:46.656+0100] {dag.py:4180} INFO - Setting next_dagrun for example_complex to None, run_after=None
[2025-03-07T17:09:46.668+0100] {processor.py:208} INFO - Processing /usr/local/anaconda3/envs/airflow_env/lib/python3.8/site-packages/airflow/example_dags/example_complex.py took 0.118 seconds
[2025-03-07T17:14:30.831+0100] {processor.py:186} INFO - Started process (PID=21397) to work on /usr/local/anaconda3/envs/airflow_env/lib/python3.8/site-packages/airflow/example_dags/example_complex.py
[2025-03-07T17:14:30.834+0100] {processor.py:914} INFO - Processing file /usr/local/anaconda3/envs/airflow_env/lib/python3.8/site-packages/airflow/example_dags/example_complex.py for tasks to queue
[2025-03-07T17:14:30.834+0100] {logging_mixin.py:190} INFO - [2025-03-07T17:14:30.834+0100] {dagbag.py:588} INFO - Filling up the DagBag from /usr/local/anaconda3/envs/airflow_env/lib/python3.8/site-packages/airflow/example_dags/example_complex.py
[2025-03-07T17:14:30.846+0100] {processor.py:925} INFO - DAG(s) 'example_complex' retrieved from /usr/local/anaconda3/envs/airflow_env/lib/python3.8/site-packages/airflow/example_dags/example_complex.py
[2025-03-07T17:14:30.931+0100] {logging_mixin.py:190} INFO - [2025-03-07T17:14:30.930+0100] {dag.py:3239} INFO - Sync 1 DAGs
[2025-03-07T17:14:30.938+0100] {logging_mixin.py:190} INFO - [2025-03-07T17:14:30.938+0100] {dag.py:4180} INFO - Setting next_dagrun for example_complex to None, run_after=None
[2025-03-07T17:14:30.951+0100] {processor.py:208} INFO - Processing /usr/local/anaconda3/envs/airflow_env/lib/python3.8/site-packages/airflow/example_dags/example_complex.py took 0.123 seconds
[2025-03-07T17:26:13.456+0100] {processor.py:186} INFO - Started process (PID=22539) to work on /usr/local/anaconda3/envs/airflow_env/lib/python3.8/site-packages/airflow/example_dags/example_complex.py
[2025-03-07T17:26:13.460+0100] {processor.py:914} INFO - Processing file /usr/local/anaconda3/envs/airflow_env/lib/python3.8/site-packages/airflow/example_dags/example_complex.py for tasks to queue
[2025-03-07T17:26:13.461+0100] {logging_mixin.py:190} INFO - [2025-03-07T17:26:13.461+0100] {dagbag.py:588} INFO - Filling up the DagBag from /usr/local/anaconda3/envs/airflow_env/lib/python3.8/site-packages/airflow/example_dags/example_complex.py
[2025-03-07T17:26:13.475+0100] {processor.py:925} INFO - DAG(s) 'example_complex' retrieved from /usr/local/anaconda3/envs/airflow_env/lib/python3.8/site-packages/airflow/example_dags/example_complex.py
[2025-03-07T17:26:13.580+0100] {logging_mixin.py:190} INFO - [2025-03-07T17:26:13.580+0100] {dag.py:3239} INFO - Sync 1 DAGs
[2025-03-07T17:26:13.588+0100] {logging_mixin.py:190} INFO - [2025-03-07T17:26:13.588+0100] {dag.py:4180} INFO - Setting next_dagrun for example_complex to None, run_after=None
[2025-03-07T17:26:13.601+0100] {processor.py:208} INFO - Processing /usr/local/anaconda3/envs/airflow_env/lib/python3.8/site-packages/airflow/example_dags/example_complex.py took 0.150 seconds
[2025-03-07T20:34:27.686+0100] {processor.py:186} INFO - Started process (PID=23287) to work on /usr/local/anaconda3/envs/airflow_env/lib/python3.8/site-packages/airflow/example_dags/example_complex.py
[2025-03-07T20:34:27.690+0100] {processor.py:914} INFO - Processing file /usr/local/anaconda3/envs/airflow_env/lib/python3.8/site-packages/airflow/example_dags/example_complex.py for tasks to queue
[2025-03-07T20:34:27.691+0100] {logging_mixin.py:190} INFO - [2025-03-07T20:34:27.691+0100] {dagbag.py:588} INFO - Filling up the DagBag from /usr/local/anaconda3/envs/airflow_env/lib/python3.8/site-packages/airflow/example_dags/example_complex.py
[2025-03-07T20:34:27.706+0100] {processor.py:925} INFO - DAG(s) 'example_complex' retrieved from /usr/local/anaconda3/envs/airflow_env/lib/python3.8/site-packages/airflow/example_dags/example_complex.py
[2025-03-07T20:34:27.820+0100] {logging_mixin.py:190} INFO - [2025-03-07T20:34:27.819+0100] {dag.py:3239} INFO - Sync 1 DAGs
[2025-03-07T20:34:27.830+0100] {logging_mixin.py:190} INFO - [2025-03-07T20:34:27.830+0100] {dag.py:4180} INFO - Setting next_dagrun for example_complex to None, run_after=None
[2025-03-07T20:34:27.846+0100] {processor.py:208} INFO - Processing /usr/local/anaconda3/envs/airflow_env/lib/python3.8/site-packages/airflow/example_dags/example_complex.py took 0.164 seconds
[2025-03-07T20:46:10.172+0100] {processor.py:186} INFO - Started process (PID=23654) to work on /usr/local/anaconda3/envs/airflow_env/lib/python3.8/site-packages/airflow/example_dags/example_complex.py
[2025-03-07T20:46:10.175+0100] {processor.py:914} INFO - Processing file /usr/local/anaconda3/envs/airflow_env/lib/python3.8/site-packages/airflow/example_dags/example_complex.py for tasks to queue
[2025-03-07T20:46:10.176+0100] {logging_mixin.py:190} INFO - [2025-03-07T20:46:10.176+0100] {dagbag.py:588} INFO - Filling up the DagBag from /usr/local/anaconda3/envs/airflow_env/lib/python3.8/site-packages/airflow/example_dags/example_complex.py
[2025-03-07T20:46:10.187+0100] {processor.py:925} INFO - DAG(s) 'example_complex' retrieved from /usr/local/anaconda3/envs/airflow_env/lib/python3.8/site-packages/airflow/example_dags/example_complex.py
[2025-03-07T20:46:10.273+0100] {logging_mixin.py:190} INFO - [2025-03-07T20:46:10.273+0100] {dag.py:3239} INFO - Sync 1 DAGs
[2025-03-07T20:46:10.281+0100] {logging_mixin.py:190} INFO - [2025-03-07T20:46:10.280+0100] {dag.py:4180} INFO - Setting next_dagrun for example_complex to None, run_after=None
[2025-03-07T20:46:10.293+0100] {processor.py:208} INFO - Processing /usr/local/anaconda3/envs/airflow_env/lib/python3.8/site-packages/airflow/example_dags/example_complex.py took 0.124 seconds
[2025-03-07T20:50:55.656+0100] {processor.py:186} INFO - Started process (PID=24127) to work on /usr/local/anaconda3/envs/airflow_env/lib/python3.8/site-packages/airflow/example_dags/example_complex.py
[2025-03-07T20:50:55.660+0100] {processor.py:914} INFO - Processing file /usr/local/anaconda3/envs/airflow_env/lib/python3.8/site-packages/airflow/example_dags/example_complex.py for tasks to queue
[2025-03-07T20:50:55.660+0100] {logging_mixin.py:190} INFO - [2025-03-07T20:50:55.660+0100] {dagbag.py:588} INFO - Filling up the DagBag from /usr/local/anaconda3/envs/airflow_env/lib/python3.8/site-packages/airflow/example_dags/example_complex.py
[2025-03-07T20:50:55.671+0100] {processor.py:925} INFO - DAG(s) 'example_complex' retrieved from /usr/local/anaconda3/envs/airflow_env/lib/python3.8/site-packages/airflow/example_dags/example_complex.py
[2025-03-07T20:50:55.750+0100] {logging_mixin.py:190} INFO - [2025-03-07T20:50:55.750+0100] {dag.py:3239} INFO - Sync 1 DAGs
[2025-03-07T20:50:55.758+0100] {logging_mixin.py:190} INFO - [2025-03-07T20:50:55.758+0100] {dag.py:4180} INFO - Setting next_dagrun for example_complex to None, run_after=None
[2025-03-07T20:50:55.770+0100] {processor.py:208} INFO - Processing /usr/local/anaconda3/envs/airflow_env/lib/python3.8/site-packages/airflow/example_dags/example_complex.py took 0.116 seconds
[2025-03-07T20:55:41.524+0100] {processor.py:186} INFO - Started process (PID=24731) to work on /usr/local/anaconda3/envs/airflow_env/lib/python3.8/site-packages/airflow/example_dags/example_complex.py
[2025-03-07T20:55:41.527+0100] {processor.py:914} INFO - Processing file /usr/local/anaconda3/envs/airflow_env/lib/python3.8/site-packages/airflow/example_dags/example_complex.py for tasks to queue
[2025-03-07T20:55:41.528+0100] {logging_mixin.py:190} INFO - [2025-03-07T20:55:41.528+0100] {dagbag.py:588} INFO - Filling up the DagBag from /usr/local/anaconda3/envs/airflow_env/lib/python3.8/site-packages/airflow/example_dags/example_complex.py
[2025-03-07T20:55:41.540+0100] {processor.py:925} INFO - DAG(s) 'example_complex' retrieved from /usr/local/anaconda3/envs/airflow_env/lib/python3.8/site-packages/airflow/example_dags/example_complex.py
[2025-03-07T20:55:41.627+0100] {logging_mixin.py:190} INFO - [2025-03-07T20:55:41.627+0100] {dag.py:3239} INFO - Sync 1 DAGs
[2025-03-07T20:55:41.635+0100] {logging_mixin.py:190} INFO - [2025-03-07T20:55:41.635+0100] {dag.py:4180} INFO - Setting next_dagrun for example_complex to None, run_after=None
[2025-03-07T20:55:41.649+0100] {processor.py:208} INFO - Processing /usr/local/anaconda3/envs/airflow_env/lib/python3.8/site-packages/airflow/example_dags/example_complex.py took 0.128 seconds
[2025-03-07T21:00:25.934+0100] {processor.py:186} INFO - Started process (PID=25124) to work on /usr/local/anaconda3/envs/airflow_env/lib/python3.8/site-packages/airflow/example_dags/example_complex.py
[2025-03-07T21:00:25.937+0100] {processor.py:914} INFO - Processing file /usr/local/anaconda3/envs/airflow_env/lib/python3.8/site-packages/airflow/example_dags/example_complex.py for tasks to queue
[2025-03-07T21:00:25.938+0100] {logging_mixin.py:190} INFO - [2025-03-07T21:00:25.938+0100] {dagbag.py:588} INFO - Filling up the DagBag from /usr/local/anaconda3/envs/airflow_env/lib/python3.8/site-packages/airflow/example_dags/example_complex.py
[2025-03-07T21:00:25.949+0100] {processor.py:925} INFO - DAG(s) 'example_complex' retrieved from /usr/local/anaconda3/envs/airflow_env/lib/python3.8/site-packages/airflow/example_dags/example_complex.py
[2025-03-07T21:00:26.030+0100] {logging_mixin.py:190} INFO - [2025-03-07T21:00:26.030+0100] {dag.py:3239} INFO - Sync 1 DAGs
[2025-03-07T21:00:26.038+0100] {logging_mixin.py:190} INFO - [2025-03-07T21:00:26.037+0100] {dag.py:4180} INFO - Setting next_dagrun for example_complex to None, run_after=None
[2025-03-07T21:00:26.050+0100] {processor.py:208} INFO - Processing /usr/local/anaconda3/envs/airflow_env/lib/python3.8/site-packages/airflow/example_dags/example_complex.py took 0.119 seconds
[2025-03-07T21:04:05.327+0100] {processor.py:186} INFO - Started process (PID=25506) to work on /usr/local/anaconda3/envs/airflow_env/lib/python3.8/site-packages/airflow/example_dags/example_complex.py
[2025-03-07T21:04:05.331+0100] {processor.py:914} INFO - Processing file /usr/local/anaconda3/envs/airflow_env/lib/python3.8/site-packages/airflow/example_dags/example_complex.py for tasks to queue
[2025-03-07T21:04:05.332+0100] {logging_mixin.py:190} INFO - [2025-03-07T21:04:05.331+0100] {dagbag.py:588} INFO - Filling up the DagBag from /usr/local/anaconda3/envs/airflow_env/lib/python3.8/site-packages/airflow/example_dags/example_complex.py
[2025-03-07T21:04:05.342+0100] {processor.py:925} INFO - DAG(s) 'example_complex' retrieved from /usr/local/anaconda3/envs/airflow_env/lib/python3.8/site-packages/airflow/example_dags/example_complex.py
[2025-03-07T21:04:05.424+0100] {logging_mixin.py:190} INFO - [2025-03-07T21:04:05.424+0100] {dag.py:3239} INFO - Sync 1 DAGs
[2025-03-07T21:04:05.432+0100] {logging_mixin.py:190} INFO - [2025-03-07T21:04:05.432+0100] {dag.py:4180} INFO - Setting next_dagrun for example_complex to None, run_after=None
[2025-03-07T21:04:05.445+0100] {processor.py:208} INFO - Processing /usr/local/anaconda3/envs/airflow_env/lib/python3.8/site-packages/airflow/example_dags/example_complex.py took 0.120 seconds
[2025-03-07T21:08:45.407+0100] {processor.py:186} INFO - Started process (PID=25994) to work on /usr/local/anaconda3/envs/airflow_env/lib/python3.8/site-packages/airflow/example_dags/example_complex.py
[2025-03-07T21:08:45.410+0100] {processor.py:914} INFO - Processing file /usr/local/anaconda3/envs/airflow_env/lib/python3.8/site-packages/airflow/example_dags/example_complex.py for tasks to queue
[2025-03-07T21:08:45.411+0100] {logging_mixin.py:190} INFO - [2025-03-07T21:08:45.411+0100] {dagbag.py:588} INFO - Filling up the DagBag from /usr/local/anaconda3/envs/airflow_env/lib/python3.8/site-packages/airflow/example_dags/example_complex.py
[2025-03-07T21:08:45.423+0100] {processor.py:925} INFO - DAG(s) 'example_complex' retrieved from /usr/local/anaconda3/envs/airflow_env/lib/python3.8/site-packages/airflow/example_dags/example_complex.py
[2025-03-07T21:08:45.513+0100] {logging_mixin.py:190} INFO - [2025-03-07T21:08:45.512+0100] {dag.py:3239} INFO - Sync 1 DAGs
[2025-03-07T21:08:45.521+0100] {logging_mixin.py:190} INFO - [2025-03-07T21:08:45.521+0100] {dag.py:4180} INFO - Setting next_dagrun for example_complex to None, run_after=None
[2025-03-07T21:08:45.535+0100] {processor.py:208} INFO - Processing /usr/local/anaconda3/envs/airflow_env/lib/python3.8/site-packages/airflow/example_dags/example_complex.py took 0.132 seconds
