[2025-03-07T14:12:17.848+0100] {processor.py:186} INFO - Started process (PID=2821) to work on /usr/local/anaconda3/envs/airflow_env/lib/python3.8/site-packages/airflow/example_dags/example_kubernetes_executor.py
[2025-03-07T14:12:17.851+0100] {processor.py:914} INFO - Processing file /usr/local/anaconda3/envs/airflow_env/lib/python3.8/site-packages/airflow/example_dags/example_kubernetes_executor.py for tasks to queue
[2025-03-07T14:12:17.852+0100] {logging_mixin.py:190} INFO - [2025-03-07T14:12:17.852+0100] {dagbag.py:588} INFO - Filling up the DagBag from /usr/local/anaconda3/envs/airflow_env/lib/python3.8/site-packages/airflow/example_dags/example_kubernetes_executor.py
[2025-03-07T14:12:17.876+0100] {logging_mixin.py:190} INFO - [2025-03-07T14:12:17.876+0100] {example_kubernetes_executor.py:39} WARNING - The example_kubernetes_executor example DAG requires the kubernetes provider. Please install it with: pip install apache-airflow[cncf.kubernetes]
[2025-03-07T14:12:17.876+0100] {processor.py:927} WARNING - No viable dags retrieved from /usr/local/anaconda3/envs/airflow_env/lib/python3.8/site-packages/airflow/example_dags/example_kubernetes_executor.py
[2025-03-07T14:12:17.941+0100] {processor.py:208} INFO - Processing /usr/local/anaconda3/envs/airflow_env/lib/python3.8/site-packages/airflow/example_dags/example_kubernetes_executor.py took 0.096 seconds
[2025-03-07T14:15:40.007+0100] {processor.py:186} INFO - Started process (PID=3140) to work on /usr/local/anaconda3/envs/airflow_env/lib/python3.8/site-packages/airflow/example_dags/example_kubernetes_executor.py
[2025-03-07T14:15:40.010+0100] {processor.py:914} INFO - Processing file /usr/local/anaconda3/envs/airflow_env/lib/python3.8/site-packages/airflow/example_dags/example_kubernetes_executor.py for tasks to queue
[2025-03-07T14:15:40.011+0100] {logging_mixin.py:190} INFO - [2025-03-07T14:15:40.011+0100] {dagbag.py:588} INFO - Filling up the DagBag from /usr/local/anaconda3/envs/airflow_env/lib/python3.8/site-packages/airflow/example_dags/example_kubernetes_executor.py
[2025-03-07T14:15:40.034+0100] {logging_mixin.py:190} INFO - [2025-03-07T14:15:40.034+0100] {example_kubernetes_executor.py:39} WARNING - The example_kubernetes_executor example DAG requires the kubernetes provider. Please install it with: pip install apache-airflow[cncf.kubernetes]
[2025-03-07T14:15:40.034+0100] {processor.py:927} WARNING - No viable dags retrieved from /usr/local/anaconda3/envs/airflow_env/lib/python3.8/site-packages/airflow/example_dags/example_kubernetes_executor.py
[2025-03-07T14:15:40.099+0100] {processor.py:208} INFO - Processing /usr/local/anaconda3/envs/airflow_env/lib/python3.8/site-packages/airflow/example_dags/example_kubernetes_executor.py took 0.095 seconds
[2025-03-07T14:20:09.379+0100] {processor.py:186} INFO - Started process (PID=3682) to work on /usr/local/anaconda3/envs/airflow_env/lib/python3.8/site-packages/airflow/example_dags/example_kubernetes_executor.py
[2025-03-07T14:20:09.382+0100] {processor.py:914} INFO - Processing file /usr/local/anaconda3/envs/airflow_env/lib/python3.8/site-packages/airflow/example_dags/example_kubernetes_executor.py for tasks to queue
[2025-03-07T14:20:09.383+0100] {logging_mixin.py:190} INFO - [2025-03-07T14:20:09.383+0100] {dagbag.py:588} INFO - Filling up the DagBag from /usr/local/anaconda3/envs/airflow_env/lib/python3.8/site-packages/airflow/example_dags/example_kubernetes_executor.py
[2025-03-07T14:20:09.405+0100] {logging_mixin.py:190} INFO - [2025-03-07T14:20:09.405+0100] {example_kubernetes_executor.py:39} WARNING - The example_kubernetes_executor example DAG requires the kubernetes provider. Please install it with: pip install apache-airflow[cncf.kubernetes]
[2025-03-07T14:20:09.405+0100] {processor.py:927} WARNING - No viable dags retrieved from /usr/local/anaconda3/envs/airflow_env/lib/python3.8/site-packages/airflow/example_dags/example_kubernetes_executor.py
[2025-03-07T14:20:09.467+0100] {processor.py:208} INFO - Processing /usr/local/anaconda3/envs/airflow_env/lib/python3.8/site-packages/airflow/example_dags/example_kubernetes_executor.py took 0.091 seconds
[2025-03-07T14:24:46.970+0100] {processor.py:186} INFO - Started process (PID=4156) to work on /usr/local/anaconda3/envs/airflow_env/lib/python3.8/site-packages/airflow/example_dags/example_kubernetes_executor.py
[2025-03-07T14:24:46.973+0100] {processor.py:914} INFO - Processing file /usr/local/anaconda3/envs/airflow_env/lib/python3.8/site-packages/airflow/example_dags/example_kubernetes_executor.py for tasks to queue
[2025-03-07T14:24:46.974+0100] {logging_mixin.py:190} INFO - [2025-03-07T14:24:46.974+0100] {dagbag.py:588} INFO - Filling up the DagBag from /usr/local/anaconda3/envs/airflow_env/lib/python3.8/site-packages/airflow/example_dags/example_kubernetes_executor.py
[2025-03-07T14:24:46.995+0100] {logging_mixin.py:190} INFO - [2025-03-07T14:24:46.995+0100] {example_kubernetes_executor.py:39} WARNING - The example_kubernetes_executor example DAG requires the kubernetes provider. Please install it with: pip install apache-airflow[cncf.kubernetes]
[2025-03-07T14:24:46.996+0100] {processor.py:927} WARNING - No viable dags retrieved from /usr/local/anaconda3/envs/airflow_env/lib/python3.8/site-packages/airflow/example_dags/example_kubernetes_executor.py
[2025-03-07T14:24:47.058+0100] {processor.py:208} INFO - Processing /usr/local/anaconda3/envs/airflow_env/lib/python3.8/site-packages/airflow/example_dags/example_kubernetes_executor.py took 0.091 seconds
[2025-03-07T14:45:10.252+0100] {processor.py:186} INFO - Started process (PID=5004) to work on /usr/local/anaconda3/envs/airflow_env/lib/python3.8/site-packages/airflow/example_dags/example_kubernetes_executor.py
[2025-03-07T14:45:10.255+0100] {processor.py:914} INFO - Processing file /usr/local/anaconda3/envs/airflow_env/lib/python3.8/site-packages/airflow/example_dags/example_kubernetes_executor.py for tasks to queue
[2025-03-07T14:45:10.256+0100] {logging_mixin.py:190} INFO - [2025-03-07T14:45:10.256+0100] {dagbag.py:588} INFO - Filling up the DagBag from /usr/local/anaconda3/envs/airflow_env/lib/python3.8/site-packages/airflow/example_dags/example_kubernetes_executor.py
[2025-03-07T14:45:10.278+0100] {logging_mixin.py:190} INFO - [2025-03-07T14:45:10.278+0100] {example_kubernetes_executor.py:39} WARNING - The example_kubernetes_executor example DAG requires the kubernetes provider. Please install it with: pip install apache-airflow[cncf.kubernetes]
[2025-03-07T14:45:10.278+0100] {processor.py:927} WARNING - No viable dags retrieved from /usr/local/anaconda3/envs/airflow_env/lib/python3.8/site-packages/airflow/example_dags/example_kubernetes_executor.py
[2025-03-07T14:45:10.339+0100] {processor.py:208} INFO - Processing /usr/local/anaconda3/envs/airflow_env/lib/python3.8/site-packages/airflow/example_dags/example_kubernetes_executor.py took 0.090 seconds
[2025-03-07T14:48:01.577+0100] {processor.py:186} INFO - Started process (PID=5278) to work on /usr/local/anaconda3/envs/airflow_env/lib/python3.8/site-packages/airflow/example_dags/example_kubernetes_executor.py
[2025-03-07T14:48:01.580+0100] {processor.py:914} INFO - Processing file /usr/local/anaconda3/envs/airflow_env/lib/python3.8/site-packages/airflow/example_dags/example_kubernetes_executor.py for tasks to queue
[2025-03-07T14:48:01.581+0100] {logging_mixin.py:190} INFO - [2025-03-07T14:48:01.581+0100] {dagbag.py:588} INFO - Filling up the DagBag from /usr/local/anaconda3/envs/airflow_env/lib/python3.8/site-packages/airflow/example_dags/example_kubernetes_executor.py
[2025-03-07T14:48:01.603+0100] {logging_mixin.py:190} INFO - [2025-03-07T14:48:01.603+0100] {example_kubernetes_executor.py:39} WARNING - The example_kubernetes_executor example DAG requires the kubernetes provider. Please install it with: pip install apache-airflow[cncf.kubernetes]
[2025-03-07T14:48:01.603+0100] {processor.py:927} WARNING - No viable dags retrieved from /usr/local/anaconda3/envs/airflow_env/lib/python3.8/site-packages/airflow/example_dags/example_kubernetes_executor.py
[2025-03-07T14:48:01.666+0100] {processor.py:208} INFO - Processing /usr/local/anaconda3/envs/airflow_env/lib/python3.8/site-packages/airflow/example_dags/example_kubernetes_executor.py took 0.091 seconds
[2025-03-07T14:51:05.506+0100] {processor.py:186} INFO - Started process (PID=5689) to work on /usr/local/anaconda3/envs/airflow_env/lib/python3.8/site-packages/airflow/example_dags/example_kubernetes_executor.py
[2025-03-07T14:51:05.509+0100] {processor.py:914} INFO - Processing file /usr/local/anaconda3/envs/airflow_env/lib/python3.8/site-packages/airflow/example_dags/example_kubernetes_executor.py for tasks to queue
[2025-03-07T14:51:05.510+0100] {logging_mixin.py:190} INFO - [2025-03-07T14:51:05.510+0100] {dagbag.py:588} INFO - Filling up the DagBag from /usr/local/anaconda3/envs/airflow_env/lib/python3.8/site-packages/airflow/example_dags/example_kubernetes_executor.py
[2025-03-07T14:51:05.534+0100] {logging_mixin.py:190} INFO - [2025-03-07T14:51:05.534+0100] {example_kubernetes_executor.py:39} WARNING - The example_kubernetes_executor example DAG requires the kubernetes provider. Please install it with: pip install apache-airflow[cncf.kubernetes]
[2025-03-07T14:51:05.534+0100] {processor.py:927} WARNING - No viable dags retrieved from /usr/local/anaconda3/envs/airflow_env/lib/python3.8/site-packages/airflow/example_dags/example_kubernetes_executor.py
[2025-03-07T14:51:05.598+0100] {processor.py:208} INFO - Processing /usr/local/anaconda3/envs/airflow_env/lib/python3.8/site-packages/airflow/example_dags/example_kubernetes_executor.py took 0.096 seconds
[2025-03-07T14:54:34.360+0100] {processor.py:186} INFO - Started process (PID=6126) to work on /usr/local/anaconda3/envs/airflow_env/lib/python3.8/site-packages/airflow/example_dags/example_kubernetes_executor.py
[2025-03-07T14:54:34.363+0100] {processor.py:914} INFO - Processing file /usr/local/anaconda3/envs/airflow_env/lib/python3.8/site-packages/airflow/example_dags/example_kubernetes_executor.py for tasks to queue
[2025-03-07T14:54:34.364+0100] {logging_mixin.py:190} INFO - [2025-03-07T14:54:34.363+0100] {dagbag.py:588} INFO - Filling up the DagBag from /usr/local/anaconda3/envs/airflow_env/lib/python3.8/site-packages/airflow/example_dags/example_kubernetes_executor.py
[2025-03-07T14:54:34.386+0100] {logging_mixin.py:190} INFO - [2025-03-07T14:54:34.386+0100] {example_kubernetes_executor.py:39} WARNING - The example_kubernetes_executor example DAG requires the kubernetes provider. Please install it with: pip install apache-airflow[cncf.kubernetes]
[2025-03-07T14:54:34.386+0100] {processor.py:927} WARNING - No viable dags retrieved from /usr/local/anaconda3/envs/airflow_env/lib/python3.8/site-packages/airflow/example_dags/example_kubernetes_executor.py
[2025-03-07T14:54:34.448+0100] {processor.py:208} INFO - Processing /usr/local/anaconda3/envs/airflow_env/lib/python3.8/site-packages/airflow/example_dags/example_kubernetes_executor.py took 0.091 seconds
[2025-03-07T14:57:15.682+0100] {processor.py:186} INFO - Started process (PID=6450) to work on /usr/local/anaconda3/envs/airflow_env/lib/python3.8/site-packages/airflow/example_dags/example_kubernetes_executor.py
[2025-03-07T14:57:15.685+0100] {processor.py:914} INFO - Processing file /usr/local/anaconda3/envs/airflow_env/lib/python3.8/site-packages/airflow/example_dags/example_kubernetes_executor.py for tasks to queue
[2025-03-07T14:57:15.685+0100] {logging_mixin.py:190} INFO - [2025-03-07T14:57:15.685+0100] {dagbag.py:588} INFO - Filling up the DagBag from /usr/local/anaconda3/envs/airflow_env/lib/python3.8/site-packages/airflow/example_dags/example_kubernetes_executor.py
[2025-03-07T14:57:15.707+0100] {logging_mixin.py:190} INFO - [2025-03-07T14:57:15.707+0100] {example_kubernetes_executor.py:39} WARNING - The example_kubernetes_executor example DAG requires the kubernetes provider. Please install it with: pip install apache-airflow[cncf.kubernetes]
[2025-03-07T14:57:15.707+0100] {processor.py:927} WARNING - No viable dags retrieved from /usr/local/anaconda3/envs/airflow_env/lib/python3.8/site-packages/airflow/example_dags/example_kubernetes_executor.py
[2025-03-07T14:57:15.770+0100] {processor.py:208} INFO - Processing /usr/local/anaconda3/envs/airflow_env/lib/python3.8/site-packages/airflow/example_dags/example_kubernetes_executor.py took 0.091 seconds
[2025-03-07T15:01:51.918+0100] {processor.py:186} INFO - Started process (PID=6992) to work on /usr/local/anaconda3/envs/airflow_env/lib/python3.8/site-packages/airflow/example_dags/example_kubernetes_executor.py
[2025-03-07T15:01:51.922+0100] {processor.py:914} INFO - Processing file /usr/local/anaconda3/envs/airflow_env/lib/python3.8/site-packages/airflow/example_dags/example_kubernetes_executor.py for tasks to queue
[2025-03-07T15:01:51.923+0100] {logging_mixin.py:190} INFO - [2025-03-07T15:01:51.923+0100] {dagbag.py:588} INFO - Filling up the DagBag from /usr/local/anaconda3/envs/airflow_env/lib/python3.8/site-packages/airflow/example_dags/example_kubernetes_executor.py
[2025-03-07T15:01:51.945+0100] {logging_mixin.py:190} INFO - [2025-03-07T15:01:51.945+0100] {example_kubernetes_executor.py:39} WARNING - The example_kubernetes_executor example DAG requires the kubernetes provider. Please install it with: pip install apache-airflow[cncf.kubernetes]
[2025-03-07T15:01:51.945+0100] {processor.py:927} WARNING - No viable dags retrieved from /usr/local/anaconda3/envs/airflow_env/lib/python3.8/site-packages/airflow/example_dags/example_kubernetes_executor.py
[2025-03-07T15:01:52.010+0100] {processor.py:208} INFO - Processing /usr/local/anaconda3/envs/airflow_env/lib/python3.8/site-packages/airflow/example_dags/example_kubernetes_executor.py took 0.095 seconds
[2025-03-07T15:06:31.218+0100] {processor.py:186} INFO - Started process (PID=7480) to work on /usr/local/anaconda3/envs/airflow_env/lib/python3.8/site-packages/airflow/example_dags/example_kubernetes_executor.py
[2025-03-07T15:06:31.222+0100] {processor.py:914} INFO - Processing file /usr/local/anaconda3/envs/airflow_env/lib/python3.8/site-packages/airflow/example_dags/example_kubernetes_executor.py for tasks to queue
[2025-03-07T15:06:31.223+0100] {logging_mixin.py:190} INFO - [2025-03-07T15:06:31.222+0100] {dagbag.py:588} INFO - Filling up the DagBag from /usr/local/anaconda3/envs/airflow_env/lib/python3.8/site-packages/airflow/example_dags/example_kubernetes_executor.py
[2025-03-07T15:06:31.246+0100] {logging_mixin.py:190} INFO - [2025-03-07T15:06:31.246+0100] {example_kubernetes_executor.py:39} WARNING - The example_kubernetes_executor example DAG requires the kubernetes provider. Please install it with: pip install apache-airflow[cncf.kubernetes]
[2025-03-07T15:06:31.247+0100] {processor.py:927} WARNING - No viable dags retrieved from /usr/local/anaconda3/envs/airflow_env/lib/python3.8/site-packages/airflow/example_dags/example_kubernetes_executor.py
[2025-03-07T15:06:31.311+0100] {processor.py:208} INFO - Processing /usr/local/anaconda3/envs/airflow_env/lib/python3.8/site-packages/airflow/example_dags/example_kubernetes_executor.py took 0.096 seconds
[2025-03-07T15:11:21.007+0100] {processor.py:186} INFO - Started process (PID=7956) to work on /usr/local/anaconda3/envs/airflow_env/lib/python3.8/site-packages/airflow/example_dags/example_kubernetes_executor.py
[2025-03-07T15:11:21.010+0100] {processor.py:914} INFO - Processing file /usr/local/anaconda3/envs/airflow_env/lib/python3.8/site-packages/airflow/example_dags/example_kubernetes_executor.py for tasks to queue
[2025-03-07T15:11:21.011+0100] {logging_mixin.py:190} INFO - [2025-03-07T15:11:21.011+0100] {dagbag.py:588} INFO - Filling up the DagBag from /usr/local/anaconda3/envs/airflow_env/lib/python3.8/site-packages/airflow/example_dags/example_kubernetes_executor.py
[2025-03-07T15:11:21.036+0100] {logging_mixin.py:190} INFO - [2025-03-07T15:11:21.035+0100] {example_kubernetes_executor.py:39} WARNING - The example_kubernetes_executor example DAG requires the kubernetes provider. Please install it with: pip install apache-airflow[cncf.kubernetes]
[2025-03-07T15:11:21.036+0100] {processor.py:927} WARNING - No viable dags retrieved from /usr/local/anaconda3/envs/airflow_env/lib/python3.8/site-packages/airflow/example_dags/example_kubernetes_executor.py
[2025-03-07T15:11:21.103+0100] {processor.py:208} INFO - Processing /usr/local/anaconda3/envs/airflow_env/lib/python3.8/site-packages/airflow/example_dags/example_kubernetes_executor.py took 0.100 seconds
[2025-03-07T15:14:06.543+0100] {processor.py:186} INFO - Started process (PID=8342) to work on /usr/local/anaconda3/envs/airflow_env/lib/python3.8/site-packages/airflow/example_dags/example_kubernetes_executor.py
[2025-03-07T15:14:06.546+0100] {processor.py:914} INFO - Processing file /usr/local/anaconda3/envs/airflow_env/lib/python3.8/site-packages/airflow/example_dags/example_kubernetes_executor.py for tasks to queue
[2025-03-07T15:14:06.547+0100] {logging_mixin.py:190} INFO - [2025-03-07T15:14:06.547+0100] {dagbag.py:588} INFO - Filling up the DagBag from /usr/local/anaconda3/envs/airflow_env/lib/python3.8/site-packages/airflow/example_dags/example_kubernetes_executor.py
[2025-03-07T15:14:06.572+0100] {logging_mixin.py:190} INFO - [2025-03-07T15:14:06.571+0100] {example_kubernetes_executor.py:39} WARNING - The example_kubernetes_executor example DAG requires the kubernetes provider. Please install it with: pip install apache-airflow[cncf.kubernetes]
[2025-03-07T15:14:06.572+0100] {processor.py:927} WARNING - No viable dags retrieved from /usr/local/anaconda3/envs/airflow_env/lib/python3.8/site-packages/airflow/example_dags/example_kubernetes_executor.py
[2025-03-07T15:14:06.642+0100] {processor.py:208} INFO - Processing /usr/local/anaconda3/envs/airflow_env/lib/python3.8/site-packages/airflow/example_dags/example_kubernetes_executor.py took 0.102 seconds
[2025-03-07T15:17:01.828+0100] {processor.py:186} INFO - Started process (PID=8602) to work on /usr/local/anaconda3/envs/airflow_env/lib/python3.8/site-packages/airflow/example_dags/example_kubernetes_executor.py
[2025-03-07T15:17:01.831+0100] {processor.py:914} INFO - Processing file /usr/local/anaconda3/envs/airflow_env/lib/python3.8/site-packages/airflow/example_dags/example_kubernetes_executor.py for tasks to queue
[2025-03-07T15:17:01.832+0100] {logging_mixin.py:190} INFO - [2025-03-07T15:17:01.832+0100] {dagbag.py:588} INFO - Filling up the DagBag from /usr/local/anaconda3/envs/airflow_env/lib/python3.8/site-packages/airflow/example_dags/example_kubernetes_executor.py
[2025-03-07T15:17:01.857+0100] {logging_mixin.py:190} INFO - [2025-03-07T15:17:01.857+0100] {example_kubernetes_executor.py:39} WARNING - The example_kubernetes_executor example DAG requires the kubernetes provider. Please install it with: pip install apache-airflow[cncf.kubernetes]
[2025-03-07T15:17:01.857+0100] {processor.py:927} WARNING - No viable dags retrieved from /usr/local/anaconda3/envs/airflow_env/lib/python3.8/site-packages/airflow/example_dags/example_kubernetes_executor.py
[2025-03-07T15:17:01.922+0100] {processor.py:208} INFO - Processing /usr/local/anaconda3/envs/airflow_env/lib/python3.8/site-packages/airflow/example_dags/example_kubernetes_executor.py took 0.097 seconds
