[2025-03-07T14:11:06.230+0100] {processor.py:186} INFO - Started process (PID=2666) to work on /usr/local/anaconda3/envs/airflow_env/lib/python3.8/site-packages/airflow/example_dags/example_workday_timetable.py
[2025-03-07T14:11:06.234+0100] {processor.py:914} INFO - Processing file /usr/local/anaconda3/envs/airflow_env/lib/python3.8/site-packages/airflow/example_dags/example_workday_timetable.py for tasks to queue
[2025-03-07T14:11:06.234+0100] {logging_mixin.py:190} INFO - [2025-03-07T14:11:06.234+0100] {dagbag.py:588} INFO - Filling up the DagBag from /usr/local/anaconda3/envs/airflow_env/lib/python3.8/site-packages/airflow/example_dags/example_workday_timetable.py
[2025-03-07T14:11:06.755+0100] {processor.py:925} INFO - DAG(s) 'example_workday_timetable' retrieved from /usr/local/anaconda3/envs/airflow_env/lib/python3.8/site-packages/airflow/example_dags/example_workday_timetable.py
[2025-03-07T14:11:06.884+0100] {logging_mixin.py:190} INFO - [2025-03-07T14:11:06.884+0100] {override.py:1901} INFO - Created Permission View: can edit on DAG:example_workday_timetable
[2025-03-07T14:11:06.890+0100] {logging_mixin.py:190} INFO - [2025-03-07T14:11:06.890+0100] {override.py:1901} INFO - Created Permission View: can delete on DAG:example_workday_timetable
[2025-03-07T14:11:06.895+0100] {logging_mixin.py:190} INFO - [2025-03-07T14:11:06.894+0100] {override.py:1901} INFO - Created Permission View: can read on DAG:example_workday_timetable
[2025-03-07T14:11:06.899+0100] {logging_mixin.py:190} INFO - [2025-03-07T14:11:06.899+0100] {override.py:1901} INFO - Created Permission View: menu access on DAG Run:example_workday_timetable
[2025-03-07T14:11:06.903+0100] {logging_mixin.py:190} INFO - [2025-03-07T14:11:06.903+0100] {override.py:1901} INFO - Created Permission View: can create on DAG Run:example_workday_timetable
[2025-03-07T14:11:06.907+0100] {logging_mixin.py:190} INFO - [2025-03-07T14:11:06.907+0100] {override.py:1901} INFO - Created Permission View: can delete on DAG Run:example_workday_timetable
[2025-03-07T14:11:06.911+0100] {logging_mixin.py:190} INFO - [2025-03-07T14:11:06.911+0100] {override.py:1901} INFO - Created Permission View: can read on DAG Run:example_workday_timetable
[2025-03-07T14:11:06.911+0100] {logging_mixin.py:190} INFO - [2025-03-07T14:11:06.911+0100] {dag.py:3239} INFO - Sync 1 DAGs
[2025-03-07T14:11:06.920+0100] {logging_mixin.py:190} INFO - [2025-03-07T14:11:06.920+0100] {dag.py:3262} INFO - Creating ORM DAG for example_workday_timetable
[2025-03-07T14:11:06.958+0100] {logging_mixin.py:190} INFO - [2025-03-07T14:11:06.958+0100] {dag.py:4180} INFO - Setting next_dagrun for example_workday_timetable to 2021-01-04T00:00:00+00:00, run_after=2021-01-05T00:00:00+00:00
[2025-03-07T14:11:06.970+0100] {processor.py:208} INFO - Processing /usr/local/anaconda3/envs/airflow_env/lib/python3.8/site-packages/airflow/example_dags/example_workday_timetable.py took 0.743 seconds
[2025-03-07T14:14:31.632+0100] {processor.py:186} INFO - Started process (PID=3022) to work on /usr/local/anaconda3/envs/airflow_env/lib/python3.8/site-packages/airflow/example_dags/example_workday_timetable.py
[2025-03-07T14:14:31.635+0100] {processor.py:914} INFO - Processing file /usr/local/anaconda3/envs/airflow_env/lib/python3.8/site-packages/airflow/example_dags/example_workday_timetable.py for tasks to queue
[2025-03-07T14:14:31.636+0100] {logging_mixin.py:190} INFO - [2025-03-07T14:14:31.636+0100] {dagbag.py:588} INFO - Filling up the DagBag from /usr/local/anaconda3/envs/airflow_env/lib/python3.8/site-packages/airflow/example_dags/example_workday_timetable.py
[2025-03-07T14:14:32.167+0100] {processor.py:925} INFO - DAG(s) 'example_workday_timetable' retrieved from /usr/local/anaconda3/envs/airflow_env/lib/python3.8/site-packages/airflow/example_dags/example_workday_timetable.py
[2025-03-07T14:14:32.250+0100] {logging_mixin.py:190} INFO - [2025-03-07T14:14:32.250+0100] {dag.py:3239} INFO - Sync 1 DAGs
[2025-03-07T14:14:32.288+0100] {logging_mixin.py:190} INFO - [2025-03-07T14:14:32.288+0100] {dag.py:4180} INFO - Setting next_dagrun for example_workday_timetable to 2021-01-04T00:00:00+00:00, run_after=2021-01-05T00:00:00+00:00
[2025-03-07T14:14:32.302+0100] {processor.py:208} INFO - Processing /usr/local/anaconda3/envs/airflow_env/lib/python3.8/site-packages/airflow/example_dags/example_workday_timetable.py took 0.673 seconds
[2025-03-07T14:16:43.996+0100] {processor.py:186} INFO - Started process (PID=3291) to work on /usr/local/anaconda3/envs/airflow_env/lib/python3.8/site-packages/airflow/example_dags/example_workday_timetable.py
[2025-03-07T14:16:43.999+0100] {processor.py:914} INFO - Processing file /usr/local/anaconda3/envs/airflow_env/lib/python3.8/site-packages/airflow/example_dags/example_workday_timetable.py for tasks to queue
[2025-03-07T14:16:44.000+0100] {logging_mixin.py:190} INFO - [2025-03-07T14:16:44.000+0100] {dagbag.py:588} INFO - Filling up the DagBag from /usr/local/anaconda3/envs/airflow_env/lib/python3.8/site-packages/airflow/example_dags/example_workday_timetable.py
[2025-03-07T14:16:44.553+0100] {processor.py:925} INFO - DAG(s) 'example_workday_timetable' retrieved from /usr/local/anaconda3/envs/airflow_env/lib/python3.8/site-packages/airflow/example_dags/example_workday_timetable.py
[2025-03-07T14:16:44.637+0100] {logging_mixin.py:190} INFO - [2025-03-07T14:16:44.637+0100] {dag.py:3239} INFO - Sync 1 DAGs
[2025-03-07T14:16:44.674+0100] {logging_mixin.py:190} INFO - [2025-03-07T14:16:44.674+0100] {dag.py:4180} INFO - Setting next_dagrun for example_workday_timetable to 2021-01-04T00:00:00+00:00, run_after=2021-01-05T00:00:00+00:00
[2025-03-07T14:16:44.686+0100] {processor.py:208} INFO - Processing /usr/local/anaconda3/envs/airflow_env/lib/python3.8/site-packages/airflow/example_dags/example_workday_timetable.py took 0.693 seconds
[2025-03-07T14:19:02.054+0100] {processor.py:186} INFO - Started process (PID=3546) to work on /usr/local/anaconda3/envs/airflow_env/lib/python3.8/site-packages/airflow/example_dags/example_workday_timetable.py
[2025-03-07T14:19:02.057+0100] {processor.py:914} INFO - Processing file /usr/local/anaconda3/envs/airflow_env/lib/python3.8/site-packages/airflow/example_dags/example_workday_timetable.py for tasks to queue
[2025-03-07T14:19:02.058+0100] {logging_mixin.py:190} INFO - [2025-03-07T14:19:02.058+0100] {dagbag.py:588} INFO - Filling up the DagBag from /usr/local/anaconda3/envs/airflow_env/lib/python3.8/site-packages/airflow/example_dags/example_workday_timetable.py
[2025-03-07T14:19:02.601+0100] {processor.py:925} INFO - DAG(s) 'example_workday_timetable' retrieved from /usr/local/anaconda3/envs/airflow_env/lib/python3.8/site-packages/airflow/example_dags/example_workday_timetable.py
[2025-03-07T14:19:02.682+0100] {logging_mixin.py:190} INFO - [2025-03-07T14:19:02.682+0100] {dag.py:3239} INFO - Sync 1 DAGs
[2025-03-07T14:19:02.718+0100] {logging_mixin.py:190} INFO - [2025-03-07T14:19:02.718+0100] {dag.py:4180} INFO - Setting next_dagrun for example_workday_timetable to 2021-01-04T00:00:00+00:00, run_after=2021-01-05T00:00:00+00:00
[2025-03-07T14:19:02.731+0100] {processor.py:208} INFO - Processing /usr/local/anaconda3/envs/airflow_env/lib/python3.8/site-packages/airflow/example_dags/example_workday_timetable.py took 0.680 seconds
[2025-03-07T14:21:17.021+0100] {processor.py:186} INFO - Started process (PID=3825) to work on /usr/local/anaconda3/envs/airflow_env/lib/python3.8/site-packages/airflow/example_dags/example_workday_timetable.py
[2025-03-07T14:21:17.024+0100] {processor.py:914} INFO - Processing file /usr/local/anaconda3/envs/airflow_env/lib/python3.8/site-packages/airflow/example_dags/example_workday_timetable.py for tasks to queue
[2025-03-07T14:21:17.025+0100] {logging_mixin.py:190} INFO - [2025-03-07T14:21:17.025+0100] {dagbag.py:588} INFO - Filling up the DagBag from /usr/local/anaconda3/envs/airflow_env/lib/python3.8/site-packages/airflow/example_dags/example_workday_timetable.py
[2025-03-07T14:21:17.584+0100] {processor.py:925} INFO - DAG(s) 'example_workday_timetable' retrieved from /usr/local/anaconda3/envs/airflow_env/lib/python3.8/site-packages/airflow/example_dags/example_workday_timetable.py
[2025-03-07T14:21:17.678+0100] {logging_mixin.py:190} INFO - [2025-03-07T14:21:17.677+0100] {dag.py:3239} INFO - Sync 1 DAGs
[2025-03-07T14:21:17.751+0100] {logging_mixin.py:190} INFO - [2025-03-07T14:21:17.750+0100] {dag.py:4180} INFO - Setting next_dagrun for example_workday_timetable to 2021-01-04T00:00:00+00:00, run_after=2021-01-05T00:00:00+00:00
[2025-03-07T14:21:17.768+0100] {processor.py:208} INFO - Processing /usr/local/anaconda3/envs/airflow_env/lib/python3.8/site-packages/airflow/example_dags/example_workday_timetable.py took 0.750 seconds
[2025-03-07T14:23:32.477+0100] {processor.py:186} INFO - Started process (PID=4044) to work on /usr/local/anaconda3/envs/airflow_env/lib/python3.8/site-packages/airflow/example_dags/example_workday_timetable.py
[2025-03-07T14:23:32.480+0100] {processor.py:914} INFO - Processing file /usr/local/anaconda3/envs/airflow_env/lib/python3.8/site-packages/airflow/example_dags/example_workday_timetable.py for tasks to queue
[2025-03-07T14:23:32.481+0100] {logging_mixin.py:190} INFO - [2025-03-07T14:23:32.481+0100] {dagbag.py:588} INFO - Filling up the DagBag from /usr/local/anaconda3/envs/airflow_env/lib/python3.8/site-packages/airflow/example_dags/example_workday_timetable.py
[2025-03-07T14:23:33.001+0100] {processor.py:925} INFO - DAG(s) 'example_workday_timetable' retrieved from /usr/local/anaconda3/envs/airflow_env/lib/python3.8/site-packages/airflow/example_dags/example_workday_timetable.py
[2025-03-07T14:23:33.097+0100] {logging_mixin.py:190} INFO - [2025-03-07T14:23:33.096+0100] {dag.py:3239} INFO - Sync 1 DAGs
[2025-03-07T14:23:33.131+0100] {logging_mixin.py:190} INFO - [2025-03-07T14:23:33.131+0100] {dag.py:4180} INFO - Setting next_dagrun for example_workday_timetable to 2021-01-04T00:00:00+00:00, run_after=2021-01-05T00:00:00+00:00
[2025-03-07T14:23:33.143+0100] {processor.py:208} INFO - Processing /usr/local/anaconda3/envs/airflow_env/lib/python3.8/site-packages/airflow/example_dags/example_workday_timetable.py took 0.668 seconds
[2025-03-07T14:27:29.775+0100] {processor.py:186} INFO - Started process (PID=4435) to work on /usr/local/anaconda3/envs/airflow_env/lib/python3.8/site-packages/airflow/example_dags/example_workday_timetable.py
[2025-03-07T14:27:29.778+0100] {processor.py:914} INFO - Processing file /usr/local/anaconda3/envs/airflow_env/lib/python3.8/site-packages/airflow/example_dags/example_workday_timetable.py for tasks to queue
[2025-03-07T14:27:29.779+0100] {logging_mixin.py:190} INFO - [2025-03-07T14:27:29.779+0100] {dagbag.py:588} INFO - Filling up the DagBag from /usr/local/anaconda3/envs/airflow_env/lib/python3.8/site-packages/airflow/example_dags/example_workday_timetable.py
[2025-03-07T14:27:30.304+0100] {processor.py:925} INFO - DAG(s) 'example_workday_timetable' retrieved from /usr/local/anaconda3/envs/airflow_env/lib/python3.8/site-packages/airflow/example_dags/example_workday_timetable.py
[2025-03-07T14:27:30.385+0100] {logging_mixin.py:190} INFO - [2025-03-07T14:27:30.385+0100] {dag.py:3239} INFO - Sync 1 DAGs
[2025-03-07T14:27:30.420+0100] {logging_mixin.py:190} INFO - [2025-03-07T14:27:30.420+0100] {dag.py:4180} INFO - Setting next_dagrun for example_workday_timetable to 2021-01-04T00:00:00+00:00, run_after=2021-01-05T00:00:00+00:00
[2025-03-07T14:27:30.432+0100] {processor.py:208} INFO - Processing /usr/local/anaconda3/envs/airflow_env/lib/python3.8/site-packages/airflow/example_dags/example_workday_timetable.py took 0.660 seconds
[2025-03-07T14:44:01.741+0100] {processor.py:186} INFO - Started process (PID=4918) to work on /usr/local/anaconda3/envs/airflow_env/lib/python3.8/site-packages/airflow/example_dags/example_workday_timetable.py
[2025-03-07T14:44:01.744+0100] {processor.py:914} INFO - Processing file /usr/local/anaconda3/envs/airflow_env/lib/python3.8/site-packages/airflow/example_dags/example_workday_timetable.py for tasks to queue
[2025-03-07T14:44:01.745+0100] {logging_mixin.py:190} INFO - [2025-03-07T14:44:01.745+0100] {dagbag.py:588} INFO - Filling up the DagBag from /usr/local/anaconda3/envs/airflow_env/lib/python3.8/site-packages/airflow/example_dags/example_workday_timetable.py
[2025-03-07T14:44:02.269+0100] {processor.py:925} INFO - DAG(s) 'example_workday_timetable' retrieved from /usr/local/anaconda3/envs/airflow_env/lib/python3.8/site-packages/airflow/example_dags/example_workday_timetable.py
[2025-03-07T14:44:02.351+0100] {logging_mixin.py:190} INFO - [2025-03-07T14:44:02.351+0100] {dag.py:3239} INFO - Sync 1 DAGs
[2025-03-07T14:44:02.387+0100] {logging_mixin.py:190} INFO - [2025-03-07T14:44:02.387+0100] {dag.py:4180} INFO - Setting next_dagrun for example_workday_timetable to 2021-01-04T00:00:00+00:00, run_after=2021-01-05T00:00:00+00:00
[2025-03-07T14:44:02.400+0100] {processor.py:208} INFO - Processing /usr/local/anaconda3/envs/airflow_env/lib/python3.8/site-packages/airflow/example_dags/example_workday_timetable.py took 0.661 seconds
[2025-03-07T14:46:51.300+0100] {processor.py:186} INFO - Started process (PID=5138) to work on /usr/local/anaconda3/envs/airflow_env/lib/python3.8/site-packages/airflow/example_dags/example_workday_timetable.py
[2025-03-07T14:46:51.304+0100] {processor.py:914} INFO - Processing file /usr/local/anaconda3/envs/airflow_env/lib/python3.8/site-packages/airflow/example_dags/example_workday_timetable.py for tasks to queue
[2025-03-07T14:46:51.304+0100] {logging_mixin.py:190} INFO - [2025-03-07T14:46:51.304+0100] {dagbag.py:588} INFO - Filling up the DagBag from /usr/local/anaconda3/envs/airflow_env/lib/python3.8/site-packages/airflow/example_dags/example_workday_timetable.py
[2025-03-07T14:46:51.877+0100] {processor.py:925} INFO - DAG(s) 'example_workday_timetable' retrieved from /usr/local/anaconda3/envs/airflow_env/lib/python3.8/site-packages/airflow/example_dags/example_workday_timetable.py
[2025-03-07T14:46:51.964+0100] {logging_mixin.py:190} INFO - [2025-03-07T14:46:51.963+0100] {dag.py:3239} INFO - Sync 1 DAGs
[2025-03-07T14:46:52.005+0100] {logging_mixin.py:190} INFO - [2025-03-07T14:46:52.005+0100] {dag.py:4180} INFO - Setting next_dagrun for example_workday_timetable to 2021-01-04T00:00:00+00:00, run_after=2021-01-05T00:00:00+00:00
[2025-03-07T14:46:52.019+0100] {processor.py:208} INFO - Processing /usr/local/anaconda3/envs/airflow_env/lib/python3.8/site-packages/airflow/example_dags/example_workday_timetable.py took 0.722 seconds
[2025-03-07T14:49:56.516+0100] {processor.py:186} INFO - Started process (PID=5552) to work on /usr/local/anaconda3/envs/airflow_env/lib/python3.8/site-packages/airflow/example_dags/example_workday_timetable.py
[2025-03-07T14:49:56.520+0100] {processor.py:914} INFO - Processing file /usr/local/anaconda3/envs/airflow_env/lib/python3.8/site-packages/airflow/example_dags/example_workday_timetable.py for tasks to queue
[2025-03-07T14:49:56.521+0100] {logging_mixin.py:190} INFO - [2025-03-07T14:49:56.521+0100] {dagbag.py:588} INFO - Filling up the DagBag from /usr/local/anaconda3/envs/airflow_env/lib/python3.8/site-packages/airflow/example_dags/example_workday_timetable.py
[2025-03-07T14:49:57.048+0100] {processor.py:925} INFO - DAG(s) 'example_workday_timetable' retrieved from /usr/local/anaconda3/envs/airflow_env/lib/python3.8/site-packages/airflow/example_dags/example_workday_timetable.py
[2025-03-07T14:49:57.127+0100] {logging_mixin.py:190} INFO - [2025-03-07T14:49:57.126+0100] {dag.py:3239} INFO - Sync 1 DAGs
[2025-03-07T14:49:57.161+0100] {logging_mixin.py:190} INFO - [2025-03-07T14:49:57.161+0100] {dag.py:4180} INFO - Setting next_dagrun for example_workday_timetable to 2021-01-04T00:00:00+00:00, run_after=2021-01-05T00:00:00+00:00
[2025-03-07T14:49:57.175+0100] {processor.py:208} INFO - Processing /usr/local/anaconda3/envs/airflow_env/lib/python3.8/site-packages/airflow/example_dags/example_workday_timetable.py took 0.662 seconds
[2025-03-07T14:52:28.031+0100] {processor.py:186} INFO - Started process (PID=5879) to work on /usr/local/anaconda3/envs/airflow_env/lib/python3.8/site-packages/airflow/example_dags/example_workday_timetable.py
[2025-03-07T14:52:28.034+0100] {processor.py:914} INFO - Processing file /usr/local/anaconda3/envs/airflow_env/lib/python3.8/site-packages/airflow/example_dags/example_workday_timetable.py for tasks to queue
[2025-03-07T14:52:28.035+0100] {logging_mixin.py:190} INFO - [2025-03-07T14:52:28.035+0100] {dagbag.py:588} INFO - Filling up the DagBag from /usr/local/anaconda3/envs/airflow_env/lib/python3.8/site-packages/airflow/example_dags/example_workday_timetable.py
[2025-03-07T14:52:28.586+0100] {processor.py:925} INFO - DAG(s) 'example_workday_timetable' retrieved from /usr/local/anaconda3/envs/airflow_env/lib/python3.8/site-packages/airflow/example_dags/example_workday_timetable.py
[2025-03-07T14:52:28.673+0100] {logging_mixin.py:190} INFO - [2025-03-07T14:52:28.673+0100] {dag.py:3239} INFO - Sync 1 DAGs
[2025-03-07T14:52:28.713+0100] {logging_mixin.py:190} INFO - [2025-03-07T14:52:28.713+0100] {dag.py:4180} INFO - Setting next_dagrun for example_workday_timetable to 2021-01-04T00:00:00+00:00, run_after=2021-01-05T00:00:00+00:00
[2025-03-07T14:52:28.728+0100] {processor.py:208} INFO - Processing /usr/local/anaconda3/envs/airflow_env/lib/python3.8/site-packages/airflow/example_dags/example_workday_timetable.py took 0.700 seconds
[2025-03-07T14:53:25.344+0100] {processor.py:186} INFO - Started process (PID=6000) to work on /usr/local/anaconda3/envs/airflow_env/lib/python3.8/site-packages/airflow/example_dags/example_workday_timetable.py
[2025-03-07T14:53:25.348+0100] {processor.py:914} INFO - Processing file /usr/local/anaconda3/envs/airflow_env/lib/python3.8/site-packages/airflow/example_dags/example_workday_timetable.py for tasks to queue
[2025-03-07T14:53:25.349+0100] {logging_mixin.py:190} INFO - [2025-03-07T14:53:25.348+0100] {dagbag.py:588} INFO - Filling up the DagBag from /usr/local/anaconda3/envs/airflow_env/lib/python3.8/site-packages/airflow/example_dags/example_workday_timetable.py
[2025-03-07T14:53:25.894+0100] {processor.py:925} INFO - DAG(s) 'example_workday_timetable' retrieved from /usr/local/anaconda3/envs/airflow_env/lib/python3.8/site-packages/airflow/example_dags/example_workday_timetable.py
[2025-03-07T14:53:25.978+0100] {logging_mixin.py:190} INFO - [2025-03-07T14:53:25.978+0100] {dag.py:3239} INFO - Sync 1 DAGs
[2025-03-07T14:53:26.014+0100] {logging_mixin.py:190} INFO - [2025-03-07T14:53:26.014+0100] {dag.py:4180} INFO - Setting next_dagrun for example_workday_timetable to 2021-01-04T00:00:00+00:00, run_after=2021-01-05T00:00:00+00:00
[2025-03-07T14:53:26.028+0100] {processor.py:208} INFO - Processing /usr/local/anaconda3/envs/airflow_env/lib/python3.8/site-packages/airflow/example_dags/example_workday_timetable.py took 0.687 seconds
[2025-03-07T14:56:08.840+0100] {processor.py:186} INFO - Started process (PID=6306) to work on /usr/local/anaconda3/envs/airflow_env/lib/python3.8/site-packages/airflow/example_dags/example_workday_timetable.py
[2025-03-07T14:56:08.843+0100] {processor.py:914} INFO - Processing file /usr/local/anaconda3/envs/airflow_env/lib/python3.8/site-packages/airflow/example_dags/example_workday_timetable.py for tasks to queue
[2025-03-07T14:56:08.844+0100] {logging_mixin.py:190} INFO - [2025-03-07T14:56:08.844+0100] {dagbag.py:588} INFO - Filling up the DagBag from /usr/local/anaconda3/envs/airflow_env/lib/python3.8/site-packages/airflow/example_dags/example_workday_timetable.py
[2025-03-07T14:56:09.366+0100] {processor.py:925} INFO - DAG(s) 'example_workday_timetable' retrieved from /usr/local/anaconda3/envs/airflow_env/lib/python3.8/site-packages/airflow/example_dags/example_workday_timetable.py
[2025-03-07T14:56:09.445+0100] {logging_mixin.py:190} INFO - [2025-03-07T14:56:09.445+0100] {dag.py:3239} INFO - Sync 1 DAGs
[2025-03-07T14:56:09.479+0100] {logging_mixin.py:190} INFO - [2025-03-07T14:56:09.479+0100] {dag.py:4180} INFO - Setting next_dagrun for example_workday_timetable to 2021-01-04T00:00:00+00:00, run_after=2021-01-05T00:00:00+00:00
[2025-03-07T14:56:09.492+0100] {processor.py:208} INFO - Processing /usr/local/anaconda3/envs/airflow_env/lib/python3.8/site-packages/airflow/example_dags/example_workday_timetable.py took 0.655 seconds
[2025-03-07T14:58:21.872+0100] {processor.py:186} INFO - Started process (PID=6580) to work on /usr/local/anaconda3/envs/airflow_env/lib/python3.8/site-packages/airflow/example_dags/example_workday_timetable.py
[2025-03-07T14:58:21.875+0100] {processor.py:914} INFO - Processing file /usr/local/anaconda3/envs/airflow_env/lib/python3.8/site-packages/airflow/example_dags/example_workday_timetable.py for tasks to queue
[2025-03-07T14:58:21.876+0100] {logging_mixin.py:190} INFO - [2025-03-07T14:58:21.876+0100] {dagbag.py:588} INFO - Filling up the DagBag from /usr/local/anaconda3/envs/airflow_env/lib/python3.8/site-packages/airflow/example_dags/example_workday_timetable.py
[2025-03-07T14:58:22.395+0100] {processor.py:925} INFO - DAG(s) 'example_workday_timetable' retrieved from /usr/local/anaconda3/envs/airflow_env/lib/python3.8/site-packages/airflow/example_dags/example_workday_timetable.py
[2025-03-07T14:58:22.475+0100] {logging_mixin.py:190} INFO - [2025-03-07T14:58:22.475+0100] {dag.py:3239} INFO - Sync 1 DAGs
[2025-03-07T14:58:22.509+0100] {logging_mixin.py:190} INFO - [2025-03-07T14:58:22.509+0100] {dag.py:4180} INFO - Setting next_dagrun for example_workday_timetable to 2021-01-04T00:00:00+00:00, run_after=2021-01-05T00:00:00+00:00
[2025-03-07T14:58:22.521+0100] {processor.py:208} INFO - Processing /usr/local/anaconda3/envs/airflow_env/lib/python3.8/site-packages/airflow/example_dags/example_workday_timetable.py took 0.652 seconds
[2025-03-07T15:00:35.598+0100] {processor.py:186} INFO - Started process (PID=6862) to work on /usr/local/anaconda3/envs/airflow_env/lib/python3.8/site-packages/airflow/example_dags/example_workday_timetable.py
[2025-03-07T15:00:35.602+0100] {processor.py:914} INFO - Processing file /usr/local/anaconda3/envs/airflow_env/lib/python3.8/site-packages/airflow/example_dags/example_workday_timetable.py for tasks to queue
[2025-03-07T15:00:35.603+0100] {logging_mixin.py:190} INFO - [2025-03-07T15:00:35.602+0100] {dagbag.py:588} INFO - Filling up the DagBag from /usr/local/anaconda3/envs/airflow_env/lib/python3.8/site-packages/airflow/example_dags/example_workday_timetable.py
[2025-03-07T15:00:36.156+0100] {processor.py:925} INFO - DAG(s) 'example_workday_timetable' retrieved from /usr/local/anaconda3/envs/airflow_env/lib/python3.8/site-packages/airflow/example_dags/example_workday_timetable.py
[2025-03-07T15:00:36.244+0100] {logging_mixin.py:190} INFO - [2025-03-07T15:00:36.243+0100] {dag.py:3239} INFO - Sync 1 DAGs
[2025-03-07T15:00:36.281+0100] {logging_mixin.py:190} INFO - [2025-03-07T15:00:36.281+0100] {dag.py:4180} INFO - Setting next_dagrun for example_workday_timetable to 2021-01-04T00:00:00+00:00, run_after=2021-01-05T00:00:00+00:00
[2025-03-07T15:00:36.295+0100] {processor.py:208} INFO - Processing /usr/local/anaconda3/envs/airflow_env/lib/python3.8/site-packages/airflow/example_dags/example_workday_timetable.py took 0.700 seconds
[2025-03-07T15:03:01.255+0100] {processor.py:186} INFO - Started process (PID=7123) to work on /usr/local/anaconda3/envs/airflow_env/lib/python3.8/site-packages/airflow/example_dags/example_workday_timetable.py
[2025-03-07T15:03:01.258+0100] {processor.py:914} INFO - Processing file /usr/local/anaconda3/envs/airflow_env/lib/python3.8/site-packages/airflow/example_dags/example_workday_timetable.py for tasks to queue
[2025-03-07T15:03:01.259+0100] {logging_mixin.py:190} INFO - [2025-03-07T15:03:01.259+0100] {dagbag.py:588} INFO - Filling up the DagBag from /usr/local/anaconda3/envs/airflow_env/lib/python3.8/site-packages/airflow/example_dags/example_workday_timetable.py
[2025-03-07T15:03:01.797+0100] {processor.py:925} INFO - DAG(s) 'example_workday_timetable' retrieved from /usr/local/anaconda3/envs/airflow_env/lib/python3.8/site-packages/airflow/example_dags/example_workday_timetable.py
[2025-03-07T15:03:01.880+0100] {logging_mixin.py:190} INFO - [2025-03-07T15:03:01.879+0100] {dag.py:3239} INFO - Sync 1 DAGs
[2025-03-07T15:03:01.917+0100] {logging_mixin.py:190} INFO - [2025-03-07T15:03:01.917+0100] {dag.py:4180} INFO - Setting next_dagrun for example_workday_timetable to 2021-01-04T00:00:00+00:00, run_after=2021-01-05T00:00:00+00:00
[2025-03-07T15:03:01.929+0100] {processor.py:208} INFO - Processing /usr/local/anaconda3/envs/airflow_env/lib/python3.8/site-packages/airflow/example_dags/example_workday_timetable.py took 0.677 seconds
[2025-03-07T15:05:22.386+0100] {processor.py:186} INFO - Started process (PID=7360) to work on /usr/local/anaconda3/envs/airflow_env/lib/python3.8/site-packages/airflow/example_dags/example_workday_timetable.py
[2025-03-07T15:05:22.389+0100] {processor.py:914} INFO - Processing file /usr/local/anaconda3/envs/airflow_env/lib/python3.8/site-packages/airflow/example_dags/example_workday_timetable.py for tasks to queue
[2025-03-07T15:05:22.390+0100] {logging_mixin.py:190} INFO - [2025-03-07T15:05:22.390+0100] {dagbag.py:588} INFO - Filling up the DagBag from /usr/local/anaconda3/envs/airflow_env/lib/python3.8/site-packages/airflow/example_dags/example_workday_timetable.py
[2025-03-07T15:05:22.962+0100] {processor.py:925} INFO - DAG(s) 'example_workday_timetable' retrieved from /usr/local/anaconda3/envs/airflow_env/lib/python3.8/site-packages/airflow/example_dags/example_workday_timetable.py
[2025-03-07T15:05:23.064+0100] {logging_mixin.py:190} INFO - [2025-03-07T15:05:23.064+0100] {dag.py:3239} INFO - Sync 1 DAGs
[2025-03-07T15:05:23.103+0100] {logging_mixin.py:190} INFO - [2025-03-07T15:05:23.102+0100] {dag.py:4180} INFO - Setting next_dagrun for example_workday_timetable to 2021-01-04T00:00:00+00:00, run_after=2021-01-05T00:00:00+00:00
[2025-03-07T15:05:23.116+0100] {processor.py:208} INFO - Processing /usr/local/anaconda3/envs/airflow_env/lib/python3.8/site-packages/airflow/example_dags/example_workday_timetable.py took 0.733 seconds
[2025-03-07T15:07:46.570+0100] {processor.py:186} INFO - Started process (PID=7616) to work on /usr/local/anaconda3/envs/airflow_env/lib/python3.8/site-packages/airflow/example_dags/example_workday_timetable.py
[2025-03-07T15:07:46.573+0100] {processor.py:914} INFO - Processing file /usr/local/anaconda3/envs/airflow_env/lib/python3.8/site-packages/airflow/example_dags/example_workday_timetable.py for tasks to queue
[2025-03-07T15:07:46.574+0100] {logging_mixin.py:190} INFO - [2025-03-07T15:07:46.574+0100] {dagbag.py:588} INFO - Filling up the DagBag from /usr/local/anaconda3/envs/airflow_env/lib/python3.8/site-packages/airflow/example_dags/example_workday_timetable.py
[2025-03-07T15:07:47.123+0100] {processor.py:925} INFO - DAG(s) 'example_workday_timetable' retrieved from /usr/local/anaconda3/envs/airflow_env/lib/python3.8/site-packages/airflow/example_dags/example_workday_timetable.py
[2025-03-07T15:07:47.206+0100] {logging_mixin.py:190} INFO - [2025-03-07T15:07:47.206+0100] {dag.py:3239} INFO - Sync 1 DAGs
[2025-03-07T15:07:47.242+0100] {logging_mixin.py:190} INFO - [2025-03-07T15:07:47.242+0100] {dag.py:4180} INFO - Setting next_dagrun for example_workday_timetable to 2021-01-04T00:00:00+00:00, run_after=2021-01-05T00:00:00+00:00
[2025-03-07T15:07:47.255+0100] {processor.py:208} INFO - Processing /usr/local/anaconda3/envs/airflow_env/lib/python3.8/site-packages/airflow/example_dags/example_workday_timetable.py took 0.688 seconds
[2025-03-07T15:10:12.861+0100] {processor.py:186} INFO - Started process (PID=7854) to work on /usr/local/anaconda3/envs/airflow_env/lib/python3.8/site-packages/airflow/example_dags/example_workday_timetable.py
[2025-03-07T15:10:12.865+0100] {processor.py:914} INFO - Processing file /usr/local/anaconda3/envs/airflow_env/lib/python3.8/site-packages/airflow/example_dags/example_workday_timetable.py for tasks to queue
[2025-03-07T15:10:12.866+0100] {logging_mixin.py:190} INFO - [2025-03-07T15:10:12.866+0100] {dagbag.py:588} INFO - Filling up the DagBag from /usr/local/anaconda3/envs/airflow_env/lib/python3.8/site-packages/airflow/example_dags/example_workday_timetable.py
[2025-03-07T15:10:13.414+0100] {processor.py:925} INFO - DAG(s) 'example_workday_timetable' retrieved from /usr/local/anaconda3/envs/airflow_env/lib/python3.8/site-packages/airflow/example_dags/example_workday_timetable.py
[2025-03-07T15:10:13.495+0100] {logging_mixin.py:190} INFO - [2025-03-07T15:10:13.494+0100] {dag.py:3239} INFO - Sync 1 DAGs
[2025-03-07T15:10:13.530+0100] {logging_mixin.py:190} INFO - [2025-03-07T15:10:13.530+0100] {dag.py:4180} INFO - Setting next_dagrun for example_workday_timetable to 2021-01-04T00:00:00+00:00, run_after=2021-01-05T00:00:00+00:00
[2025-03-07T15:10:13.544+0100] {processor.py:208} INFO - Processing /usr/local/anaconda3/envs/airflow_env/lib/python3.8/site-packages/airflow/example_dags/example_workday_timetable.py took 0.685 seconds
[2025-03-07T15:12:55.584+0100] {processor.py:186} INFO - Started process (PID=8198) to work on /usr/local/anaconda3/envs/airflow_env/lib/python3.8/site-packages/airflow/example_dags/example_workday_timetable.py
[2025-03-07T15:12:55.587+0100] {processor.py:914} INFO - Processing file /usr/local/anaconda3/envs/airflow_env/lib/python3.8/site-packages/airflow/example_dags/example_workday_timetable.py for tasks to queue
[2025-03-07T15:12:55.588+0100] {logging_mixin.py:190} INFO - [2025-03-07T15:12:55.588+0100] {dagbag.py:588} INFO - Filling up the DagBag from /usr/local/anaconda3/envs/airflow_env/lib/python3.8/site-packages/airflow/example_dags/example_workday_timetable.py
[2025-03-07T15:12:56.151+0100] {processor.py:925} INFO - DAG(s) 'example_workday_timetable' retrieved from /usr/local/anaconda3/envs/airflow_env/lib/python3.8/site-packages/airflow/example_dags/example_workday_timetable.py
[2025-03-07T15:12:56.238+0100] {logging_mixin.py:190} INFO - [2025-03-07T15:12:56.237+0100] {dag.py:3239} INFO - Sync 1 DAGs
[2025-03-07T15:12:56.274+0100] {logging_mixin.py:190} INFO - [2025-03-07T15:12:56.274+0100] {dag.py:4180} INFO - Setting next_dagrun for example_workday_timetable to 2021-01-04T00:00:00+00:00, run_after=2021-01-05T00:00:00+00:00
[2025-03-07T15:12:56.288+0100] {processor.py:208} INFO - Processing /usr/local/anaconda3/envs/airflow_env/lib/python3.8/site-packages/airflow/example_dags/example_workday_timetable.py took 0.707 seconds
[2025-03-07T15:15:50.881+0100] {processor.py:186} INFO - Started process (PID=8497) to work on /usr/local/anaconda3/envs/airflow_env/lib/python3.8/site-packages/airflow/example_dags/example_workday_timetable.py
[2025-03-07T15:15:50.884+0100] {processor.py:914} INFO - Processing file /usr/local/anaconda3/envs/airflow_env/lib/python3.8/site-packages/airflow/example_dags/example_workday_timetable.py for tasks to queue
[2025-03-07T15:15:50.885+0100] {logging_mixin.py:190} INFO - [2025-03-07T15:15:50.885+0100] {dagbag.py:588} INFO - Filling up the DagBag from /usr/local/anaconda3/envs/airflow_env/lib/python3.8/site-packages/airflow/example_dags/example_workday_timetable.py
[2025-03-07T15:15:51.526+0100] {processor.py:925} INFO - DAG(s) 'example_workday_timetable' retrieved from /usr/local/anaconda3/envs/airflow_env/lib/python3.8/site-packages/airflow/example_dags/example_workday_timetable.py
[2025-03-07T15:15:51.612+0100] {logging_mixin.py:190} INFO - [2025-03-07T15:15:51.612+0100] {dag.py:3239} INFO - Sync 1 DAGs
[2025-03-07T15:15:51.650+0100] {logging_mixin.py:190} INFO - [2025-03-07T15:15:51.650+0100] {dag.py:4180} INFO - Setting next_dagrun for example_workday_timetable to 2021-01-04T00:00:00+00:00, run_after=2021-01-05T00:00:00+00:00
[2025-03-07T15:15:51.664+0100] {processor.py:208} INFO - Processing /usr/local/anaconda3/envs/airflow_env/lib/python3.8/site-packages/airflow/example_dags/example_workday_timetable.py took 0.787 seconds
[2025-03-07T15:18:10.952+0100] {processor.py:186} INFO - Started process (PID=8739) to work on /usr/local/anaconda3/envs/airflow_env/lib/python3.8/site-packages/airflow/example_dags/example_workday_timetable.py
[2025-03-07T15:18:10.956+0100] {processor.py:914} INFO - Processing file /usr/local/anaconda3/envs/airflow_env/lib/python3.8/site-packages/airflow/example_dags/example_workday_timetable.py for tasks to queue
[2025-03-07T15:18:10.957+0100] {logging_mixin.py:190} INFO - [2025-03-07T15:18:10.956+0100] {dagbag.py:588} INFO - Filling up the DagBag from /usr/local/anaconda3/envs/airflow_env/lib/python3.8/site-packages/airflow/example_dags/example_workday_timetable.py
[2025-03-07T15:18:11.493+0100] {processor.py:925} INFO - DAG(s) 'example_workday_timetable' retrieved from /usr/local/anaconda3/envs/airflow_env/lib/python3.8/site-packages/airflow/example_dags/example_workday_timetable.py
[2025-03-07T15:18:11.574+0100] {logging_mixin.py:190} INFO - [2025-03-07T15:18:11.574+0100] {dag.py:3239} INFO - Sync 1 DAGs
[2025-03-07T15:18:11.609+0100] {logging_mixin.py:190} INFO - [2025-03-07T15:18:11.609+0100] {dag.py:4180} INFO - Setting next_dagrun for example_workday_timetable to 2021-01-04T00:00:00+00:00, run_after=2021-01-05T00:00:00+00:00
[2025-03-07T15:18:11.622+0100] {processor.py:208} INFO - Processing /usr/local/anaconda3/envs/airflow_env/lib/python3.8/site-packages/airflow/example_dags/example_workday_timetable.py took 0.673 seconds
[2025-03-07T15:20:25.974+0100] {processor.py:186} INFO - Started process (PID=9099) to work on /usr/local/anaconda3/envs/airflow_env/lib/python3.8/site-packages/airflow/example_dags/example_workday_timetable.py
[2025-03-07T15:20:25.978+0100] {processor.py:914} INFO - Processing file /usr/local/anaconda3/envs/airflow_env/lib/python3.8/site-packages/airflow/example_dags/example_workday_timetable.py for tasks to queue
[2025-03-07T15:20:25.978+0100] {logging_mixin.py:190} INFO - [2025-03-07T15:20:25.978+0100] {dagbag.py:588} INFO - Filling up the DagBag from /usr/local/anaconda3/envs/airflow_env/lib/python3.8/site-packages/airflow/example_dags/example_workday_timetable.py
[2025-03-07T15:20:26.509+0100] {processor.py:925} INFO - DAG(s) 'example_workday_timetable' retrieved from /usr/local/anaconda3/envs/airflow_env/lib/python3.8/site-packages/airflow/example_dags/example_workday_timetable.py
[2025-03-07T15:20:26.590+0100] {logging_mixin.py:190} INFO - [2025-03-07T15:20:26.590+0100] {dag.py:3239} INFO - Sync 1 DAGs
[2025-03-07T15:20:26.625+0100] {logging_mixin.py:190} INFO - [2025-03-07T15:20:26.625+0100] {dag.py:4180} INFO - Setting next_dagrun for example_workday_timetable to 2021-01-04T00:00:00+00:00, run_after=2021-01-05T00:00:00+00:00
[2025-03-07T15:20:26.637+0100] {processor.py:208} INFO - Processing /usr/local/anaconda3/envs/airflow_env/lib/python3.8/site-packages/airflow/example_dags/example_workday_timetable.py took 0.666 seconds
[2025-03-07T15:22:41.425+0100] {processor.py:186} INFO - Started process (PID=9394) to work on /usr/local/anaconda3/envs/airflow_env/lib/python3.8/site-packages/airflow/example_dags/example_workday_timetable.py
[2025-03-07T15:22:41.429+0100] {processor.py:914} INFO - Processing file /usr/local/anaconda3/envs/airflow_env/lib/python3.8/site-packages/airflow/example_dags/example_workday_timetable.py for tasks to queue
[2025-03-07T15:22:41.429+0100] {logging_mixin.py:190} INFO - [2025-03-07T15:22:41.429+0100] {dagbag.py:588} INFO - Filling up the DagBag from /usr/local/anaconda3/envs/airflow_env/lib/python3.8/site-packages/airflow/example_dags/example_workday_timetable.py
[2025-03-07T15:22:41.949+0100] {processor.py:925} INFO - DAG(s) 'example_workday_timetable' retrieved from /usr/local/anaconda3/envs/airflow_env/lib/python3.8/site-packages/airflow/example_dags/example_workday_timetable.py
[2025-03-07T15:22:42.034+0100] {logging_mixin.py:190} INFO - [2025-03-07T15:22:42.034+0100] {dag.py:3239} INFO - Sync 1 DAGs
[2025-03-07T15:22:42.071+0100] {logging_mixin.py:190} INFO - [2025-03-07T15:22:42.071+0100] {dag.py:4180} INFO - Setting next_dagrun for example_workday_timetable to 2021-01-04T00:00:00+00:00, run_after=2021-01-05T00:00:00+00:00
[2025-03-07T15:22:42.083+0100] {processor.py:208} INFO - Processing /usr/local/anaconda3/envs/airflow_env/lib/python3.8/site-packages/airflow/example_dags/example_workday_timetable.py took 0.661 seconds
[2025-03-07T15:25:01.037+0100] {processor.py:186} INFO - Started process (PID=9714) to work on /usr/local/anaconda3/envs/airflow_env/lib/python3.8/site-packages/airflow/example_dags/example_workday_timetable.py
[2025-03-07T15:25:01.040+0100] {processor.py:914} INFO - Processing file /usr/local/anaconda3/envs/airflow_env/lib/python3.8/site-packages/airflow/example_dags/example_workday_timetable.py for tasks to queue
[2025-03-07T15:25:01.041+0100] {logging_mixin.py:190} INFO - [2025-03-07T15:25:01.041+0100] {dagbag.py:588} INFO - Filling up the DagBag from /usr/local/anaconda3/envs/airflow_env/lib/python3.8/site-packages/airflow/example_dags/example_workday_timetable.py
[2025-03-07T15:25:01.596+0100] {processor.py:925} INFO - DAG(s) 'example_workday_timetable' retrieved from /usr/local/anaconda3/envs/airflow_env/lib/python3.8/site-packages/airflow/example_dags/example_workday_timetable.py
[2025-03-07T15:25:01.680+0100] {logging_mixin.py:190} INFO - [2025-03-07T15:25:01.680+0100] {dag.py:3239} INFO - Sync 1 DAGs
[2025-03-07T15:25:01.717+0100] {logging_mixin.py:190} INFO - [2025-03-07T15:25:01.717+0100] {dag.py:4180} INFO - Setting next_dagrun for example_workday_timetable to 2021-01-04T00:00:00+00:00, run_after=2021-01-05T00:00:00+00:00
[2025-03-07T15:25:01.731+0100] {processor.py:208} INFO - Processing /usr/local/anaconda3/envs/airflow_env/lib/python3.8/site-packages/airflow/example_dags/example_workday_timetable.py took 0.697 seconds
[2025-03-07T15:27:23.112+0100] {processor.py:186} INFO - Started process (PID=10026) to work on /usr/local/anaconda3/envs/airflow_env/lib/python3.8/site-packages/airflow/example_dags/example_workday_timetable.py
[2025-03-07T15:27:23.115+0100] {processor.py:914} INFO - Processing file /usr/local/anaconda3/envs/airflow_env/lib/python3.8/site-packages/airflow/example_dags/example_workday_timetable.py for tasks to queue
[2025-03-07T15:27:23.115+0100] {logging_mixin.py:190} INFO - [2025-03-07T15:27:23.115+0100] {dagbag.py:588} INFO - Filling up the DagBag from /usr/local/anaconda3/envs/airflow_env/lib/python3.8/site-packages/airflow/example_dags/example_workday_timetable.py
[2025-03-07T15:27:23.648+0100] {processor.py:925} INFO - DAG(s) 'example_workday_timetable' retrieved from /usr/local/anaconda3/envs/airflow_env/lib/python3.8/site-packages/airflow/example_dags/example_workday_timetable.py
[2025-03-07T15:27:23.731+0100] {logging_mixin.py:190} INFO - [2025-03-07T15:27:23.730+0100] {dag.py:3239} INFO - Sync 1 DAGs
[2025-03-07T15:27:23.766+0100] {logging_mixin.py:190} INFO - [2025-03-07T15:27:23.766+0100] {dag.py:4180} INFO - Setting next_dagrun for example_workday_timetable to 2021-01-04T00:00:00+00:00, run_after=2021-01-05T00:00:00+00:00
[2025-03-07T15:27:23.779+0100] {processor.py:208} INFO - Processing /usr/local/anaconda3/envs/airflow_env/lib/python3.8/site-packages/airflow/example_dags/example_workday_timetable.py took 0.670 seconds
[2025-03-07T15:30:00.823+0100] {processor.py:186} INFO - Started process (PID=10337) to work on /usr/local/anaconda3/envs/airflow_env/lib/python3.8/site-packages/airflow/example_dags/example_workday_timetable.py
[2025-03-07T15:30:00.826+0100] {processor.py:914} INFO - Processing file /usr/local/anaconda3/envs/airflow_env/lib/python3.8/site-packages/airflow/example_dags/example_workday_timetable.py for tasks to queue
[2025-03-07T15:30:00.827+0100] {logging_mixin.py:190} INFO - [2025-03-07T15:30:00.827+0100] {dagbag.py:588} INFO - Filling up the DagBag from /usr/local/anaconda3/envs/airflow_env/lib/python3.8/site-packages/airflow/example_dags/example_workday_timetable.py
[2025-03-07T15:30:01.345+0100] {processor.py:925} INFO - DAG(s) 'example_workday_timetable' retrieved from /usr/local/anaconda3/envs/airflow_env/lib/python3.8/site-packages/airflow/example_dags/example_workday_timetable.py
[2025-03-07T15:30:01.424+0100] {logging_mixin.py:190} INFO - [2025-03-07T15:30:01.424+0100] {dag.py:3239} INFO - Sync 1 DAGs
[2025-03-07T15:30:01.458+0100] {logging_mixin.py:190} INFO - [2025-03-07T15:30:01.458+0100] {dag.py:4180} INFO - Setting next_dagrun for example_workday_timetable to 2021-01-04T00:00:00+00:00, run_after=2021-01-05T00:00:00+00:00
[2025-03-07T15:30:01.469+0100] {processor.py:208} INFO - Processing /usr/local/anaconda3/envs/airflow_env/lib/python3.8/site-packages/airflow/example_dags/example_workday_timetable.py took 0.649 seconds
[2025-03-07T15:32:46.545+0100] {processor.py:186} INFO - Started process (PID=10572) to work on /usr/local/anaconda3/envs/airflow_env/lib/python3.8/site-packages/airflow/example_dags/example_workday_timetable.py
[2025-03-07T15:32:46.548+0100] {processor.py:914} INFO - Processing file /usr/local/anaconda3/envs/airflow_env/lib/python3.8/site-packages/airflow/example_dags/example_workday_timetable.py for tasks to queue
[2025-03-07T15:32:46.549+0100] {logging_mixin.py:190} INFO - [2025-03-07T15:32:46.549+0100] {dagbag.py:588} INFO - Filling up the DagBag from /usr/local/anaconda3/envs/airflow_env/lib/python3.8/site-packages/airflow/example_dags/example_workday_timetable.py
[2025-03-07T15:32:47.084+0100] {processor.py:925} INFO - DAG(s) 'example_workday_timetable' retrieved from /usr/local/anaconda3/envs/airflow_env/lib/python3.8/site-packages/airflow/example_dags/example_workday_timetable.py
[2025-03-07T15:32:47.164+0100] {logging_mixin.py:190} INFO - [2025-03-07T15:32:47.163+0100] {dag.py:3239} INFO - Sync 1 DAGs
[2025-03-07T15:32:47.198+0100] {logging_mixin.py:190} INFO - [2025-03-07T15:32:47.198+0100] {dag.py:4180} INFO - Setting next_dagrun for example_workday_timetable to 2021-01-04T00:00:00+00:00, run_after=2021-01-05T00:00:00+00:00
[2025-03-07T15:32:47.210+0100] {processor.py:208} INFO - Processing /usr/local/anaconda3/envs/airflow_env/lib/python3.8/site-packages/airflow/example_dags/example_workday_timetable.py took 0.668 seconds
[2025-03-07T15:35:01.871+0100] {processor.py:186} INFO - Started process (PID=10818) to work on /usr/local/anaconda3/envs/airflow_env/lib/python3.8/site-packages/airflow/example_dags/example_workday_timetable.py
[2025-03-07T15:35:01.874+0100] {processor.py:914} INFO - Processing file /usr/local/anaconda3/envs/airflow_env/lib/python3.8/site-packages/airflow/example_dags/example_workday_timetable.py for tasks to queue
[2025-03-07T15:35:01.875+0100] {logging_mixin.py:190} INFO - [2025-03-07T15:35:01.875+0100] {dagbag.py:588} INFO - Filling up the DagBag from /usr/local/anaconda3/envs/airflow_env/lib/python3.8/site-packages/airflow/example_dags/example_workday_timetable.py
[2025-03-07T15:35:02.410+0100] {processor.py:925} INFO - DAG(s) 'example_workday_timetable' retrieved from /usr/local/anaconda3/envs/airflow_env/lib/python3.8/site-packages/airflow/example_dags/example_workday_timetable.py
[2025-03-07T15:35:02.496+0100] {logging_mixin.py:190} INFO - [2025-03-07T15:35:02.496+0100] {dag.py:3239} INFO - Sync 1 DAGs
[2025-03-07T15:35:02.531+0100] {logging_mixin.py:190} INFO - [2025-03-07T15:35:02.531+0100] {dag.py:4180} INFO - Setting next_dagrun for example_workday_timetable to 2021-01-04T00:00:00+00:00, run_after=2021-01-05T00:00:00+00:00
[2025-03-07T15:35:02.545+0100] {processor.py:208} INFO - Processing /usr/local/anaconda3/envs/airflow_env/lib/python3.8/site-packages/airflow/example_dags/example_workday_timetable.py took 0.677 seconds
[2025-03-07T15:37:17.177+0100] {processor.py:186} INFO - Started process (PID=11119) to work on /usr/local/anaconda3/envs/airflow_env/lib/python3.8/site-packages/airflow/example_dags/example_workday_timetable.py
[2025-03-07T15:37:17.181+0100] {processor.py:914} INFO - Processing file /usr/local/anaconda3/envs/airflow_env/lib/python3.8/site-packages/airflow/example_dags/example_workday_timetable.py for tasks to queue
[2025-03-07T15:37:17.181+0100] {logging_mixin.py:190} INFO - [2025-03-07T15:37:17.181+0100] {dagbag.py:588} INFO - Filling up the DagBag from /usr/local/anaconda3/envs/airflow_env/lib/python3.8/site-packages/airflow/example_dags/example_workday_timetable.py
[2025-03-07T15:37:17.710+0100] {processor.py:925} INFO - DAG(s) 'example_workday_timetable' retrieved from /usr/local/anaconda3/envs/airflow_env/lib/python3.8/site-packages/airflow/example_dags/example_workday_timetable.py
[2025-03-07T15:37:17.793+0100] {logging_mixin.py:190} INFO - [2025-03-07T15:37:17.792+0100] {dag.py:3239} INFO - Sync 1 DAGs
[2025-03-07T15:37:17.829+0100] {logging_mixin.py:190} INFO - [2025-03-07T15:37:17.828+0100] {dag.py:4180} INFO - Setting next_dagrun for example_workday_timetable to 2021-01-04T00:00:00+00:00, run_after=2021-01-05T00:00:00+00:00
[2025-03-07T15:37:17.841+0100] {processor.py:208} INFO - Processing /usr/local/anaconda3/envs/airflow_env/lib/python3.8/site-packages/airflow/example_dags/example_workday_timetable.py took 0.667 seconds
[2025-03-07T15:39:32.255+0100] {processor.py:186} INFO - Started process (PID=11361) to work on /usr/local/anaconda3/envs/airflow_env/lib/python3.8/site-packages/airflow/example_dags/example_workday_timetable.py
[2025-03-07T15:39:32.258+0100] {processor.py:914} INFO - Processing file /usr/local/anaconda3/envs/airflow_env/lib/python3.8/site-packages/airflow/example_dags/example_workday_timetable.py for tasks to queue
[2025-03-07T15:39:32.259+0100] {logging_mixin.py:190} INFO - [2025-03-07T15:39:32.259+0100] {dagbag.py:588} INFO - Filling up the DagBag from /usr/local/anaconda3/envs/airflow_env/lib/python3.8/site-packages/airflow/example_dags/example_workday_timetable.py
[2025-03-07T15:39:32.789+0100] {processor.py:925} INFO - DAG(s) 'example_workday_timetable' retrieved from /usr/local/anaconda3/envs/airflow_env/lib/python3.8/site-packages/airflow/example_dags/example_workday_timetable.py
[2025-03-07T15:39:32.872+0100] {logging_mixin.py:190} INFO - [2025-03-07T15:39:32.872+0100] {dag.py:3239} INFO - Sync 1 DAGs
[2025-03-07T15:39:32.908+0100] {logging_mixin.py:190} INFO - [2025-03-07T15:39:32.908+0100] {dag.py:4180} INFO - Setting next_dagrun for example_workday_timetable to 2021-01-04T00:00:00+00:00, run_after=2021-01-05T00:00:00+00:00
[2025-03-07T15:39:32.920+0100] {processor.py:208} INFO - Processing /usr/local/anaconda3/envs/airflow_env/lib/python3.8/site-packages/airflow/example_dags/example_workday_timetable.py took 0.668 seconds
[2025-03-07T15:41:41.979+0100] {processor.py:186} INFO - Started process (PID=11528) to work on /usr/local/anaconda3/envs/airflow_env/lib/python3.8/site-packages/airflow/example_dags/example_workday_timetable.py
[2025-03-07T15:41:41.982+0100] {processor.py:914} INFO - Processing file /usr/local/anaconda3/envs/airflow_env/lib/python3.8/site-packages/airflow/example_dags/example_workday_timetable.py for tasks to queue
[2025-03-07T15:41:41.983+0100] {logging_mixin.py:190} INFO - [2025-03-07T15:41:41.983+0100] {dagbag.py:588} INFO - Filling up the DagBag from /usr/local/anaconda3/envs/airflow_env/lib/python3.8/site-packages/airflow/example_dags/example_workday_timetable.py
[2025-03-07T15:41:42.547+0100] {processor.py:925} INFO - DAG(s) 'example_workday_timetable' retrieved from /usr/local/anaconda3/envs/airflow_env/lib/python3.8/site-packages/airflow/example_dags/example_workday_timetable.py
[2025-03-07T15:41:42.636+0100] {logging_mixin.py:190} INFO - [2025-03-07T15:41:42.636+0100] {dag.py:3239} INFO - Sync 1 DAGs
[2025-03-07T15:41:42.673+0100] {logging_mixin.py:190} INFO - [2025-03-07T15:41:42.673+0100] {dag.py:4180} INFO - Setting next_dagrun for example_workday_timetable to 2021-01-04T00:00:00+00:00, run_after=2021-01-05T00:00:00+00:00
[2025-03-07T15:41:42.687+0100] {processor.py:208} INFO - Processing /usr/local/anaconda3/envs/airflow_env/lib/python3.8/site-packages/airflow/example_dags/example_workday_timetable.py took 0.711 seconds
[2025-03-07T15:43:50.985+0100] {processor.py:186} INFO - Started process (PID=11766) to work on /usr/local/anaconda3/envs/airflow_env/lib/python3.8/site-packages/airflow/example_dags/example_workday_timetable.py
[2025-03-07T15:43:50.988+0100] {processor.py:914} INFO - Processing file /usr/local/anaconda3/envs/airflow_env/lib/python3.8/site-packages/airflow/example_dags/example_workday_timetable.py for tasks to queue
[2025-03-07T15:43:50.989+0100] {logging_mixin.py:190} INFO - [2025-03-07T15:43:50.989+0100] {dagbag.py:588} INFO - Filling up the DagBag from /usr/local/anaconda3/envs/airflow_env/lib/python3.8/site-packages/airflow/example_dags/example_workday_timetable.py
[2025-03-07T15:43:51.524+0100] {processor.py:925} INFO - DAG(s) 'example_workday_timetable' retrieved from /usr/local/anaconda3/envs/airflow_env/lib/python3.8/site-packages/airflow/example_dags/example_workday_timetable.py
[2025-03-07T15:43:51.605+0100] {logging_mixin.py:190} INFO - [2025-03-07T15:43:51.605+0100] {dag.py:3239} INFO - Sync 1 DAGs
[2025-03-07T15:43:51.639+0100] {logging_mixin.py:190} INFO - [2025-03-07T15:43:51.639+0100] {dag.py:4180} INFO - Setting next_dagrun for example_workday_timetable to 2021-01-04T00:00:00+00:00, run_after=2021-01-05T00:00:00+00:00
[2025-03-07T15:43:51.652+0100] {processor.py:208} INFO - Processing /usr/local/anaconda3/envs/airflow_env/lib/python3.8/site-packages/airflow/example_dags/example_workday_timetable.py took 0.670 seconds
[2025-03-07T15:46:00.583+0100] {processor.py:186} INFO - Started process (PID=11945) to work on /usr/local/anaconda3/envs/airflow_env/lib/python3.8/site-packages/airflow/example_dags/example_workday_timetable.py
[2025-03-07T15:46:00.586+0100] {processor.py:914} INFO - Processing file /usr/local/anaconda3/envs/airflow_env/lib/python3.8/site-packages/airflow/example_dags/example_workday_timetable.py for tasks to queue
[2025-03-07T15:46:00.587+0100] {logging_mixin.py:190} INFO - [2025-03-07T15:46:00.587+0100] {dagbag.py:588} INFO - Filling up the DagBag from /usr/local/anaconda3/envs/airflow_env/lib/python3.8/site-packages/airflow/example_dags/example_workday_timetable.py
[2025-03-07T15:46:01.123+0100] {processor.py:925} INFO - DAG(s) 'example_workday_timetable' retrieved from /usr/local/anaconda3/envs/airflow_env/lib/python3.8/site-packages/airflow/example_dags/example_workday_timetable.py
[2025-03-07T15:46:01.202+0100] {logging_mixin.py:190} INFO - [2025-03-07T15:46:01.202+0100] {dag.py:3239} INFO - Sync 1 DAGs
[2025-03-07T15:46:01.236+0100] {logging_mixin.py:190} INFO - [2025-03-07T15:46:01.236+0100] {dag.py:4180} INFO - Setting next_dagrun for example_workday_timetable to 2021-01-04T00:00:00+00:00, run_after=2021-01-05T00:00:00+00:00
[2025-03-07T15:46:01.249+0100] {processor.py:208} INFO - Processing /usr/local/anaconda3/envs/airflow_env/lib/python3.8/site-packages/airflow/example_dags/example_workday_timetable.py took 0.669 seconds
[2025-03-07T15:48:34.395+0100] {processor.py:186} INFO - Started process (PID=12208) to work on /usr/local/anaconda3/envs/airflow_env/lib/python3.8/site-packages/airflow/example_dags/example_workday_timetable.py
[2025-03-07T15:48:34.398+0100] {processor.py:914} INFO - Processing file /usr/local/anaconda3/envs/airflow_env/lib/python3.8/site-packages/airflow/example_dags/example_workday_timetable.py for tasks to queue
[2025-03-07T15:48:34.399+0100] {logging_mixin.py:190} INFO - [2025-03-07T15:48:34.399+0100] {dagbag.py:588} INFO - Filling up the DagBag from /usr/local/anaconda3/envs/airflow_env/lib/python3.8/site-packages/airflow/example_dags/example_workday_timetable.py
[2025-03-07T15:48:34.936+0100] {processor.py:925} INFO - DAG(s) 'example_workday_timetable' retrieved from /usr/local/anaconda3/envs/airflow_env/lib/python3.8/site-packages/airflow/example_dags/example_workday_timetable.py
[2025-03-07T15:48:35.019+0100] {logging_mixin.py:190} INFO - [2025-03-07T15:48:35.019+0100] {dag.py:3239} INFO - Sync 1 DAGs
[2025-03-07T15:48:35.054+0100] {logging_mixin.py:190} INFO - [2025-03-07T15:48:35.054+0100] {dag.py:4180} INFO - Setting next_dagrun for example_workday_timetable to 2021-01-04T00:00:00+00:00, run_after=2021-01-05T00:00:00+00:00
[2025-03-07T15:48:35.067+0100] {processor.py:208} INFO - Processing /usr/local/anaconda3/envs/airflow_env/lib/python3.8/site-packages/airflow/example_dags/example_workday_timetable.py took 0.675 seconds
[2025-03-07T15:50:47.547+0100] {processor.py:186} INFO - Started process (PID=12485) to work on /usr/local/anaconda3/envs/airflow_env/lib/python3.8/site-packages/airflow/example_dags/example_workday_timetable.py
[2025-03-07T15:50:47.551+0100] {processor.py:914} INFO - Processing file /usr/local/anaconda3/envs/airflow_env/lib/python3.8/site-packages/airflow/example_dags/example_workday_timetable.py for tasks to queue
[2025-03-07T15:50:47.552+0100] {logging_mixin.py:190} INFO - [2025-03-07T15:50:47.551+0100] {dagbag.py:588} INFO - Filling up the DagBag from /usr/local/anaconda3/envs/airflow_env/lib/python3.8/site-packages/airflow/example_dags/example_workday_timetable.py
[2025-03-07T15:50:48.090+0100] {processor.py:925} INFO - DAG(s) 'example_workday_timetable' retrieved from /usr/local/anaconda3/envs/airflow_env/lib/python3.8/site-packages/airflow/example_dags/example_workday_timetable.py
[2025-03-07T15:50:48.178+0100] {logging_mixin.py:190} INFO - [2025-03-07T15:50:48.178+0100] {dag.py:3239} INFO - Sync 1 DAGs
[2025-03-07T15:50:48.216+0100] {logging_mixin.py:190} INFO - [2025-03-07T15:50:48.216+0100] {dag.py:4180} INFO - Setting next_dagrun for example_workday_timetable to 2021-01-04T00:00:00+00:00, run_after=2021-01-05T00:00:00+00:00
[2025-03-07T15:50:48.230+0100] {processor.py:208} INFO - Processing /usr/local/anaconda3/envs/airflow_env/lib/python3.8/site-packages/airflow/example_dags/example_workday_timetable.py took 0.686 seconds
[2025-03-07T15:53:19.735+0100] {processor.py:186} INFO - Started process (PID=12773) to work on /usr/local/anaconda3/envs/airflow_env/lib/python3.8/site-packages/airflow/example_dags/example_workday_timetable.py
[2025-03-07T15:53:19.738+0100] {processor.py:914} INFO - Processing file /usr/local/anaconda3/envs/airflow_env/lib/python3.8/site-packages/airflow/example_dags/example_workday_timetable.py for tasks to queue
[2025-03-07T15:53:19.739+0100] {logging_mixin.py:190} INFO - [2025-03-07T15:53:19.738+0100] {dagbag.py:588} INFO - Filling up the DagBag from /usr/local/anaconda3/envs/airflow_env/lib/python3.8/site-packages/airflow/example_dags/example_workday_timetable.py
[2025-03-07T15:53:20.269+0100] {processor.py:925} INFO - DAG(s) 'example_workday_timetable' retrieved from /usr/local/anaconda3/envs/airflow_env/lib/python3.8/site-packages/airflow/example_dags/example_workday_timetable.py
[2025-03-07T15:53:20.349+0100] {logging_mixin.py:190} INFO - [2025-03-07T15:53:20.349+0100] {dag.py:3239} INFO - Sync 1 DAGs
[2025-03-07T15:53:20.384+0100] {logging_mixin.py:190} INFO - [2025-03-07T15:53:20.383+0100] {dag.py:4180} INFO - Setting next_dagrun for example_workday_timetable to 2021-01-04T00:00:00+00:00, run_after=2021-01-05T00:00:00+00:00
[2025-03-07T15:53:20.396+0100] {processor.py:208} INFO - Processing /usr/local/anaconda3/envs/airflow_env/lib/python3.8/site-packages/airflow/example_dags/example_workday_timetable.py took 0.665 seconds
[2025-03-07T15:55:35.345+0100] {processor.py:186} INFO - Started process (PID=13030) to work on /usr/local/anaconda3/envs/airflow_env/lib/python3.8/site-packages/airflow/example_dags/example_workday_timetable.py
[2025-03-07T15:55:35.349+0100] {processor.py:914} INFO - Processing file /usr/local/anaconda3/envs/airflow_env/lib/python3.8/site-packages/airflow/example_dags/example_workday_timetable.py for tasks to queue
[2025-03-07T15:55:35.350+0100] {logging_mixin.py:190} INFO - [2025-03-07T15:55:35.349+0100] {dagbag.py:588} INFO - Filling up the DagBag from /usr/local/anaconda3/envs/airflow_env/lib/python3.8/site-packages/airflow/example_dags/example_workday_timetable.py
[2025-03-07T15:55:35.927+0100] {processor.py:925} INFO - DAG(s) 'example_workday_timetable' retrieved from /usr/local/anaconda3/envs/airflow_env/lib/python3.8/site-packages/airflow/example_dags/example_workday_timetable.py
[2025-03-07T15:55:36.018+0100] {logging_mixin.py:190} INFO - [2025-03-07T15:55:36.018+0100] {dag.py:3239} INFO - Sync 1 DAGs
[2025-03-07T15:55:36.063+0100] {logging_mixin.py:190} INFO - [2025-03-07T15:55:36.063+0100] {dag.py:4180} INFO - Setting next_dagrun for example_workday_timetable to 2021-01-04T00:00:00+00:00, run_after=2021-01-05T00:00:00+00:00
[2025-03-07T15:55:36.078+0100] {processor.py:208} INFO - Processing /usr/local/anaconda3/envs/airflow_env/lib/python3.8/site-packages/airflow/example_dags/example_workday_timetable.py took 0.735 seconds
[2025-03-07T15:57:52.195+0100] {processor.py:186} INFO - Started process (PID=13250) to work on /usr/local/anaconda3/envs/airflow_env/lib/python3.8/site-packages/airflow/example_dags/example_workday_timetable.py
[2025-03-07T15:57:52.198+0100] {processor.py:914} INFO - Processing file /usr/local/anaconda3/envs/airflow_env/lib/python3.8/site-packages/airflow/example_dags/example_workday_timetable.py for tasks to queue
[2025-03-07T15:57:52.199+0100] {logging_mixin.py:190} INFO - [2025-03-07T15:57:52.199+0100] {dagbag.py:588} INFO - Filling up the DagBag from /usr/local/anaconda3/envs/airflow_env/lib/python3.8/site-packages/airflow/example_dags/example_workday_timetable.py
[2025-03-07T15:57:52.734+0100] {processor.py:925} INFO - DAG(s) 'example_workday_timetable' retrieved from /usr/local/anaconda3/envs/airflow_env/lib/python3.8/site-packages/airflow/example_dags/example_workday_timetable.py
[2025-03-07T15:57:52.818+0100] {logging_mixin.py:190} INFO - [2025-03-07T15:57:52.818+0100] {dag.py:3239} INFO - Sync 1 DAGs
[2025-03-07T15:57:52.854+0100] {logging_mixin.py:190} INFO - [2025-03-07T15:57:52.854+0100] {dag.py:4180} INFO - Setting next_dagrun for example_workday_timetable to 2021-01-04T00:00:00+00:00, run_after=2021-01-05T00:00:00+00:00
[2025-03-07T15:57:52.869+0100] {processor.py:208} INFO - Processing /usr/local/anaconda3/envs/airflow_env/lib/python3.8/site-packages/airflow/example_dags/example_workday_timetable.py took 0.676 seconds
[2025-03-07T16:00:08.398+0100] {processor.py:186} INFO - Started process (PID=13521) to work on /usr/local/anaconda3/envs/airflow_env/lib/python3.8/site-packages/airflow/example_dags/example_workday_timetable.py
[2025-03-07T16:00:08.401+0100] {processor.py:914} INFO - Processing file /usr/local/anaconda3/envs/airflow_env/lib/python3.8/site-packages/airflow/example_dags/example_workday_timetable.py for tasks to queue
[2025-03-07T16:00:08.402+0100] {logging_mixin.py:190} INFO - [2025-03-07T16:00:08.402+0100] {dagbag.py:588} INFO - Filling up the DagBag from /usr/local/anaconda3/envs/airflow_env/lib/python3.8/site-packages/airflow/example_dags/example_workday_timetable.py
[2025-03-07T16:00:08.929+0100] {processor.py:925} INFO - DAG(s) 'example_workday_timetable' retrieved from /usr/local/anaconda3/envs/airflow_env/lib/python3.8/site-packages/airflow/example_dags/example_workday_timetable.py
[2025-03-07T16:00:09.013+0100] {logging_mixin.py:190} INFO - [2025-03-07T16:00:09.013+0100] {dag.py:3239} INFO - Sync 1 DAGs
[2025-03-07T16:00:09.050+0100] {logging_mixin.py:190} INFO - [2025-03-07T16:00:09.050+0100] {dag.py:4180} INFO - Setting next_dagrun for example_workday_timetable to 2021-01-04T00:00:00+00:00, run_after=2021-01-05T00:00:00+00:00
[2025-03-07T16:00:09.064+0100] {processor.py:208} INFO - Processing /usr/local/anaconda3/envs/airflow_env/lib/python3.8/site-packages/airflow/example_dags/example_workday_timetable.py took 0.669 seconds
[2025-03-07T16:03:53.208+0100] {processor.py:186} INFO - Started process (PID=13819) to work on /usr/local/anaconda3/envs/airflow_env/lib/python3.8/site-packages/airflow/example_dags/example_workday_timetable.py
[2025-03-07T16:03:53.211+0100] {processor.py:914} INFO - Processing file /usr/local/anaconda3/envs/airflow_env/lib/python3.8/site-packages/airflow/example_dags/example_workday_timetable.py for tasks to queue
[2025-03-07T16:03:53.212+0100] {logging_mixin.py:190} INFO - [2025-03-07T16:03:53.212+0100] {dagbag.py:588} INFO - Filling up the DagBag from /usr/local/anaconda3/envs/airflow_env/lib/python3.8/site-packages/airflow/example_dags/example_workday_timetable.py
[2025-03-07T16:03:53.761+0100] {processor.py:925} INFO - DAG(s) 'example_workday_timetable' retrieved from /usr/local/anaconda3/envs/airflow_env/lib/python3.8/site-packages/airflow/example_dags/example_workday_timetable.py
[2025-03-07T16:03:53.846+0100] {logging_mixin.py:190} INFO - [2025-03-07T16:03:53.846+0100] {dag.py:3239} INFO - Sync 1 DAGs
[2025-03-07T16:03:53.883+0100] {logging_mixin.py:190} INFO - [2025-03-07T16:03:53.882+0100] {dag.py:4180} INFO - Setting next_dagrun for example_workday_timetable to 2021-01-04T00:00:00+00:00, run_after=2021-01-05T00:00:00+00:00
[2025-03-07T16:03:53.896+0100] {processor.py:208} INFO - Processing /usr/local/anaconda3/envs/airflow_env/lib/python3.8/site-packages/airflow/example_dags/example_workday_timetable.py took 0.692 seconds
[2025-03-07T16:06:55.311+0100] {processor.py:186} INFO - Started process (PID=14111) to work on /usr/local/anaconda3/envs/airflow_env/lib/python3.8/site-packages/airflow/example_dags/example_workday_timetable.py
[2025-03-07T16:06:55.314+0100] {processor.py:914} INFO - Processing file /usr/local/anaconda3/envs/airflow_env/lib/python3.8/site-packages/airflow/example_dags/example_workday_timetable.py for tasks to queue
[2025-03-07T16:06:55.315+0100] {logging_mixin.py:190} INFO - [2025-03-07T16:06:55.315+0100] {dagbag.py:588} INFO - Filling up the DagBag from /usr/local/anaconda3/envs/airflow_env/lib/python3.8/site-packages/airflow/example_dags/example_workday_timetable.py
[2025-03-07T16:06:55.856+0100] {processor.py:925} INFO - DAG(s) 'example_workday_timetable' retrieved from /usr/local/anaconda3/envs/airflow_env/lib/python3.8/site-packages/airflow/example_dags/example_workday_timetable.py
[2025-03-07T16:06:55.938+0100] {logging_mixin.py:190} INFO - [2025-03-07T16:06:55.937+0100] {dag.py:3239} INFO - Sync 1 DAGs
[2025-03-07T16:06:55.973+0100] {logging_mixin.py:190} INFO - [2025-03-07T16:06:55.973+0100] {dag.py:4180} INFO - Setting next_dagrun for example_workday_timetable to 2021-01-04T00:00:00+00:00, run_after=2021-01-05T00:00:00+00:00
[2025-03-07T16:06:55.986+0100] {processor.py:208} INFO - Processing /usr/local/anaconda3/envs/airflow_env/lib/python3.8/site-packages/airflow/example_dags/example_workday_timetable.py took 0.678 seconds
[2025-03-07T16:10:46.968+0100] {processor.py:186} INFO - Started process (PID=14411) to work on /usr/local/anaconda3/envs/airflow_env/lib/python3.8/site-packages/airflow/example_dags/example_workday_timetable.py
[2025-03-07T16:10:46.971+0100] {processor.py:914} INFO - Processing file /usr/local/anaconda3/envs/airflow_env/lib/python3.8/site-packages/airflow/example_dags/example_workday_timetable.py for tasks to queue
[2025-03-07T16:10:46.972+0100] {logging_mixin.py:190} INFO - [2025-03-07T16:10:46.972+0100] {dagbag.py:588} INFO - Filling up the DagBag from /usr/local/anaconda3/envs/airflow_env/lib/python3.8/site-packages/airflow/example_dags/example_workday_timetable.py
[2025-03-07T16:10:47.495+0100] {processor.py:925} INFO - DAG(s) 'example_workday_timetable' retrieved from /usr/local/anaconda3/envs/airflow_env/lib/python3.8/site-packages/airflow/example_dags/example_workday_timetable.py
[2025-03-07T16:10:47.577+0100] {logging_mixin.py:190} INFO - [2025-03-07T16:10:47.576+0100] {dag.py:3239} INFO - Sync 1 DAGs
[2025-03-07T16:10:47.633+0100] {logging_mixin.py:190} INFO - [2025-03-07T16:10:47.632+0100] {dag.py:4180} INFO - Setting next_dagrun for example_workday_timetable to 2021-01-04T00:00:00+00:00, run_after=2021-01-05T00:00:00+00:00
[2025-03-07T16:10:47.653+0100] {processor.py:208} INFO - Processing /usr/local/anaconda3/envs/airflow_env/lib/python3.8/site-packages/airflow/example_dags/example_workday_timetable.py took 0.687 seconds
[2025-03-07T16:13:06.181+0100] {processor.py:186} INFO - Started process (PID=14717) to work on /usr/local/anaconda3/envs/airflow_env/lib/python3.8/site-packages/airflow/example_dags/example_workday_timetable.py
[2025-03-07T16:13:06.184+0100] {processor.py:914} INFO - Processing file /usr/local/anaconda3/envs/airflow_env/lib/python3.8/site-packages/airflow/example_dags/example_workday_timetable.py for tasks to queue
[2025-03-07T16:13:06.185+0100] {logging_mixin.py:190} INFO - [2025-03-07T16:13:06.185+0100] {dagbag.py:588} INFO - Filling up the DagBag from /usr/local/anaconda3/envs/airflow_env/lib/python3.8/site-packages/airflow/example_dags/example_workday_timetable.py
[2025-03-07T16:13:06.729+0100] {processor.py:925} INFO - DAG(s) 'example_workday_timetable' retrieved from /usr/local/anaconda3/envs/airflow_env/lib/python3.8/site-packages/airflow/example_dags/example_workday_timetable.py
[2025-03-07T16:13:06.815+0100] {logging_mixin.py:190} INFO - [2025-03-07T16:13:06.814+0100] {dag.py:3239} INFO - Sync 1 DAGs
[2025-03-07T16:13:06.851+0100] {logging_mixin.py:190} INFO - [2025-03-07T16:13:06.850+0100] {dag.py:4180} INFO - Setting next_dagrun for example_workday_timetable to 2021-01-04T00:00:00+00:00, run_after=2021-01-05T00:00:00+00:00
[2025-03-07T16:13:06.863+0100] {processor.py:208} INFO - Processing /usr/local/anaconda3/envs/airflow_env/lib/python3.8/site-packages/airflow/example_dags/example_workday_timetable.py took 0.685 seconds
[2025-03-07T16:15:18.377+0100] {processor.py:186} INFO - Started process (PID=15022) to work on /usr/local/anaconda3/envs/airflow_env/lib/python3.8/site-packages/airflow/example_dags/example_workday_timetable.py
[2025-03-07T16:15:18.381+0100] {processor.py:914} INFO - Processing file /usr/local/anaconda3/envs/airflow_env/lib/python3.8/site-packages/airflow/example_dags/example_workday_timetable.py for tasks to queue
[2025-03-07T16:15:18.382+0100] {logging_mixin.py:190} INFO - [2025-03-07T16:15:18.381+0100] {dagbag.py:588} INFO - Filling up the DagBag from /usr/local/anaconda3/envs/airflow_env/lib/python3.8/site-packages/airflow/example_dags/example_workday_timetable.py
[2025-03-07T16:15:18.914+0100] {processor.py:925} INFO - DAG(s) 'example_workday_timetable' retrieved from /usr/local/anaconda3/envs/airflow_env/lib/python3.8/site-packages/airflow/example_dags/example_workday_timetable.py
[2025-03-07T16:15:18.997+0100] {logging_mixin.py:190} INFO - [2025-03-07T16:15:18.997+0100] {dag.py:3239} INFO - Sync 1 DAGs
[2025-03-07T16:15:19.034+0100] {logging_mixin.py:190} INFO - [2025-03-07T16:15:19.034+0100] {dag.py:4180} INFO - Setting next_dagrun for example_workday_timetable to 2021-01-04T00:00:00+00:00, run_after=2021-01-05T00:00:00+00:00
[2025-03-07T16:15:19.047+0100] {processor.py:208} INFO - Processing /usr/local/anaconda3/envs/airflow_env/lib/python3.8/site-packages/airflow/example_dags/example_workday_timetable.py took 0.672 seconds
[2025-03-07T16:17:33.357+0100] {processor.py:186} INFO - Started process (PID=15210) to work on /usr/local/anaconda3/envs/airflow_env/lib/python3.8/site-packages/airflow/example_dags/example_workday_timetable.py
[2025-03-07T16:17:33.360+0100] {processor.py:914} INFO - Processing file /usr/local/anaconda3/envs/airflow_env/lib/python3.8/site-packages/airflow/example_dags/example_workday_timetable.py for tasks to queue
[2025-03-07T16:17:33.361+0100] {logging_mixin.py:190} INFO - [2025-03-07T16:17:33.360+0100] {dagbag.py:588} INFO - Filling up the DagBag from /usr/local/anaconda3/envs/airflow_env/lib/python3.8/site-packages/airflow/example_dags/example_workday_timetable.py
[2025-03-07T16:17:33.903+0100] {processor.py:925} INFO - DAG(s) 'example_workday_timetable' retrieved from /usr/local/anaconda3/envs/airflow_env/lib/python3.8/site-packages/airflow/example_dags/example_workday_timetable.py
[2025-03-07T16:17:33.986+0100] {logging_mixin.py:190} INFO - [2025-03-07T16:17:33.985+0100] {dag.py:3239} INFO - Sync 1 DAGs
[2025-03-07T16:17:34.020+0100] {logging_mixin.py:190} INFO - [2025-03-07T16:17:34.020+0100] {dag.py:4180} INFO - Setting next_dagrun for example_workday_timetable to 2021-01-04T00:00:00+00:00, run_after=2021-01-05T00:00:00+00:00
[2025-03-07T16:17:34.033+0100] {processor.py:208} INFO - Processing /usr/local/anaconda3/envs/airflow_env/lib/python3.8/site-packages/airflow/example_dags/example_workday_timetable.py took 0.679 seconds
[2025-03-07T16:19:51.215+0100] {processor.py:186} INFO - Started process (PID=15492) to work on /usr/local/anaconda3/envs/airflow_env/lib/python3.8/site-packages/airflow/example_dags/example_workday_timetable.py
[2025-03-07T16:19:51.218+0100] {processor.py:914} INFO - Processing file /usr/local/anaconda3/envs/airflow_env/lib/python3.8/site-packages/airflow/example_dags/example_workday_timetable.py for tasks to queue
[2025-03-07T16:19:51.219+0100] {logging_mixin.py:190} INFO - [2025-03-07T16:19:51.219+0100] {dagbag.py:588} INFO - Filling up the DagBag from /usr/local/anaconda3/envs/airflow_env/lib/python3.8/site-packages/airflow/example_dags/example_workday_timetable.py
[2025-03-07T16:19:51.744+0100] {processor.py:925} INFO - DAG(s) 'example_workday_timetable' retrieved from /usr/local/anaconda3/envs/airflow_env/lib/python3.8/site-packages/airflow/example_dags/example_workday_timetable.py
[2025-03-07T16:19:51.826+0100] {logging_mixin.py:190} INFO - [2025-03-07T16:19:51.826+0100] {dag.py:3239} INFO - Sync 1 DAGs
[2025-03-07T16:19:51.860+0100] {logging_mixin.py:190} INFO - [2025-03-07T16:19:51.860+0100] {dag.py:4180} INFO - Setting next_dagrun for example_workday_timetable to 2021-01-04T00:00:00+00:00, run_after=2021-01-05T00:00:00+00:00
[2025-03-07T16:19:51.872+0100] {processor.py:208} INFO - Processing /usr/local/anaconda3/envs/airflow_env/lib/python3.8/site-packages/airflow/example_dags/example_workday_timetable.py took 0.660 seconds
[2025-03-07T16:22:54.620+0100] {processor.py:186} INFO - Started process (PID=15820) to work on /usr/local/anaconda3/envs/airflow_env/lib/python3.8/site-packages/airflow/example_dags/example_workday_timetable.py
[2025-03-07T16:22:54.623+0100] {processor.py:914} INFO - Processing file /usr/local/anaconda3/envs/airflow_env/lib/python3.8/site-packages/airflow/example_dags/example_workday_timetable.py for tasks to queue
[2025-03-07T16:22:54.624+0100] {logging_mixin.py:190} INFO - [2025-03-07T16:22:54.624+0100] {dagbag.py:588} INFO - Filling up the DagBag from /usr/local/anaconda3/envs/airflow_env/lib/python3.8/site-packages/airflow/example_dags/example_workday_timetable.py
[2025-03-07T16:22:55.155+0100] {processor.py:925} INFO - DAG(s) 'example_workday_timetable' retrieved from /usr/local/anaconda3/envs/airflow_env/lib/python3.8/site-packages/airflow/example_dags/example_workday_timetable.py
[2025-03-07T16:22:55.235+0100] {logging_mixin.py:190} INFO - [2025-03-07T16:22:55.235+0100] {dag.py:3239} INFO - Sync 1 DAGs
[2025-03-07T16:22:55.270+0100] {logging_mixin.py:190} INFO - [2025-03-07T16:22:55.270+0100] {dag.py:4180} INFO - Setting next_dagrun for example_workday_timetable to 2021-01-04T00:00:00+00:00, run_after=2021-01-05T00:00:00+00:00
[2025-03-07T16:22:55.282+0100] {processor.py:208} INFO - Processing /usr/local/anaconda3/envs/airflow_env/lib/python3.8/site-packages/airflow/example_dags/example_workday_timetable.py took 0.665 seconds
[2025-03-07T16:29:56.027+0100] {processor.py:186} INFO - Started process (PID=16260) to work on /usr/local/anaconda3/envs/airflow_env/lib/python3.8/site-packages/airflow/example_dags/example_workday_timetable.py
[2025-03-07T16:29:56.030+0100] {processor.py:914} INFO - Processing file /usr/local/anaconda3/envs/airflow_env/lib/python3.8/site-packages/airflow/example_dags/example_workday_timetable.py for tasks to queue
[2025-03-07T16:29:56.031+0100] {logging_mixin.py:190} INFO - [2025-03-07T16:29:56.031+0100] {dagbag.py:588} INFO - Filling up the DagBag from /usr/local/anaconda3/envs/airflow_env/lib/python3.8/site-packages/airflow/example_dags/example_workday_timetable.py
[2025-03-07T16:29:56.552+0100] {processor.py:925} INFO - DAG(s) 'example_workday_timetable' retrieved from /usr/local/anaconda3/envs/airflow_env/lib/python3.8/site-packages/airflow/example_dags/example_workday_timetable.py
[2025-03-07T16:29:56.631+0100] {logging_mixin.py:190} INFO - [2025-03-07T16:29:56.631+0100] {dag.py:3239} INFO - Sync 1 DAGs
[2025-03-07T16:29:56.665+0100] {logging_mixin.py:190} INFO - [2025-03-07T16:29:56.665+0100] {dag.py:4180} INFO - Setting next_dagrun for example_workday_timetable to 2021-01-04T00:00:00+00:00, run_after=2021-01-05T00:00:00+00:00
[2025-03-07T16:29:56.678+0100] {processor.py:208} INFO - Processing /usr/local/anaconda3/envs/airflow_env/lib/python3.8/site-packages/airflow/example_dags/example_workday_timetable.py took 0.654 seconds
