[2025-03-07T14:13:03.423+0100] {processor.py:186} INFO - Started process (PID=2900) to work on /usr/local/anaconda3/envs/airflow_env/lib/python3.8/site-packages/airflow/example_dags/example_branch_datetime_operator.py
[2025-03-07T14:13:03.426+0100] {processor.py:914} INFO - Processing file /usr/local/anaconda3/envs/airflow_env/lib/python3.8/site-packages/airflow/example_dags/example_branch_datetime_operator.py for tasks to queue
[2025-03-07T14:13:03.427+0100] {logging_mixin.py:190} INFO - [2025-03-07T14:13:03.426+0100] {dagbag.py:588} INFO - Filling up the DagBag from /usr/local/anaconda3/envs/airflow_env/lib/python3.8/site-packages/airflow/example_dags/example_branch_datetime_operator.py
[2025-03-07T14:13:03.436+0100] {processor.py:925} INFO - DAG(s) 'example_branch_datetime_operator_3', 'example_branch_datetime_operator_2', 'example_branch_datetime_operator' retrieved from /usr/local/anaconda3/envs/airflow_env/lib/python3.8/site-packages/airflow/example_dags/example_branch_datetime_operator.py
[2025-03-07T14:13:03.561+0100] {logging_mixin.py:190} INFO - [2025-03-07T14:13:03.560+0100] {override.py:1901} INFO - Created Permission View: can delete on DAG:example_branch_datetime_operator_3
[2025-03-07T14:13:03.566+0100] {logging_mixin.py:190} INFO - [2025-03-07T14:13:03.566+0100] {override.py:1901} INFO - Created Permission View: can edit on DAG:example_branch_datetime_operator_3
[2025-03-07T14:13:03.570+0100] {logging_mixin.py:190} INFO - [2025-03-07T14:13:03.570+0100] {override.py:1901} INFO - Created Permission View: can read on DAG:example_branch_datetime_operator_3
[2025-03-07T14:13:03.575+0100] {logging_mixin.py:190} INFO - [2025-03-07T14:13:03.575+0100] {override.py:1901} INFO - Created Permission View: can delete on DAG Run:example_branch_datetime_operator_3
[2025-03-07T14:13:03.579+0100] {logging_mixin.py:190} INFO - [2025-03-07T14:13:03.579+0100] {override.py:1901} INFO - Created Permission View: menu access on DAG Run:example_branch_datetime_operator_3
[2025-03-07T14:13:03.583+0100] {logging_mixin.py:190} INFO - [2025-03-07T14:13:03.583+0100] {override.py:1901} INFO - Created Permission View: can create on DAG Run:example_branch_datetime_operator_3
[2025-03-07T14:13:03.586+0100] {logging_mixin.py:190} INFO - [2025-03-07T14:13:03.586+0100] {override.py:1901} INFO - Created Permission View: can read on DAG Run:example_branch_datetime_operator_3
[2025-03-07T14:13:03.595+0100] {logging_mixin.py:190} INFO - [2025-03-07T14:13:03.594+0100] {override.py:1901} INFO - Created Permission View: can delete on DAG:example_branch_datetime_operator_2
[2025-03-07T14:13:03.598+0100] {logging_mixin.py:190} INFO - [2025-03-07T14:13:03.598+0100] {override.py:1901} INFO - Created Permission View: can edit on DAG:example_branch_datetime_operator_2
[2025-03-07T14:13:03.602+0100] {logging_mixin.py:190} INFO - [2025-03-07T14:13:03.602+0100] {override.py:1901} INFO - Created Permission View: can read on DAG:example_branch_datetime_operator_2
[2025-03-07T14:13:03.607+0100] {logging_mixin.py:190} INFO - [2025-03-07T14:13:03.607+0100] {override.py:1901} INFO - Created Permission View: can delete on DAG Run:example_branch_datetime_operator_2
[2025-03-07T14:13:03.611+0100] {logging_mixin.py:190} INFO - [2025-03-07T14:13:03.611+0100] {override.py:1901} INFO - Created Permission View: menu access on DAG Run:example_branch_datetime_operator_2
[2025-03-07T14:13:03.615+0100] {logging_mixin.py:190} INFO - [2025-03-07T14:13:03.615+0100] {override.py:1901} INFO - Created Permission View: can create on DAG Run:example_branch_datetime_operator_2
[2025-03-07T14:13:03.619+0100] {logging_mixin.py:190} INFO - [2025-03-07T14:13:03.618+0100] {override.py:1901} INFO - Created Permission View: can read on DAG Run:example_branch_datetime_operator_2
[2025-03-07T14:13:03.627+0100] {logging_mixin.py:190} INFO - [2025-03-07T14:13:03.627+0100] {override.py:1901} INFO - Created Permission View: can delete on DAG:example_branch_datetime_operator
[2025-03-07T14:13:03.630+0100] {logging_mixin.py:190} INFO - [2025-03-07T14:13:03.630+0100] {override.py:1901} INFO - Created Permission View: can edit on DAG:example_branch_datetime_operator
[2025-03-07T14:13:03.634+0100] {logging_mixin.py:190} INFO - [2025-03-07T14:13:03.634+0100] {override.py:1901} INFO - Created Permission View: can read on DAG:example_branch_datetime_operator
[2025-03-07T14:13:03.639+0100] {logging_mixin.py:190} INFO - [2025-03-07T14:13:03.639+0100] {override.py:1901} INFO - Created Permission View: can delete on DAG Run:example_branch_datetime_operator
[2025-03-07T14:13:03.643+0100] {logging_mixin.py:190} INFO - [2025-03-07T14:13:03.643+0100] {override.py:1901} INFO - Created Permission View: menu access on DAG Run:example_branch_datetime_operator
[2025-03-07T14:13:03.647+0100] {logging_mixin.py:190} INFO - [2025-03-07T14:13:03.647+0100] {override.py:1901} INFO - Created Permission View: can create on DAG Run:example_branch_datetime_operator
[2025-03-07T14:13:03.651+0100] {logging_mixin.py:190} INFO - [2025-03-07T14:13:03.650+0100] {override.py:1901} INFO - Created Permission View: can read on DAG Run:example_branch_datetime_operator
[2025-03-07T14:13:03.651+0100] {logging_mixin.py:190} INFO - [2025-03-07T14:13:03.651+0100] {dag.py:3239} INFO - Sync 3 DAGs
[2025-03-07T14:13:03.659+0100] {logging_mixin.py:190} INFO - [2025-03-07T14:13:03.659+0100] {dag.py:3262} INFO - Creating ORM DAG for example_branch_datetime_operator_3
[2025-03-07T14:13:03.659+0100] {logging_mixin.py:190} INFO - [2025-03-07T14:13:03.659+0100] {dag.py:3262} INFO - Creating ORM DAG for example_branch_datetime_operator_2
[2025-03-07T14:13:03.660+0100] {logging_mixin.py:190} INFO - [2025-03-07T14:13:03.660+0100] {dag.py:3262} INFO - Creating ORM DAG for example_branch_datetime_operator
[2025-03-07T14:13:03.665+0100] {logging_mixin.py:190} INFO - [2025-03-07T14:13:03.665+0100] {dag.py:4180} INFO - Setting next_dagrun for example_branch_datetime_operator to 2025-03-06T00:00:00+00:00, run_after=2025-03-07T00:00:00+00:00
[2025-03-07T14:13:03.667+0100] {logging_mixin.py:190} INFO - [2025-03-07T14:13:03.667+0100] {dag.py:4180} INFO - Setting next_dagrun for example_branch_datetime_operator_2 to 2025-03-06T00:00:00+00:00, run_after=2025-03-07T00:00:00+00:00
[2025-03-07T14:13:03.668+0100] {logging_mixin.py:190} INFO - [2025-03-07T14:13:03.668+0100] {dag.py:4180} INFO - Setting next_dagrun for example_branch_datetime_operator_3 to 2025-03-06T00:00:00+00:00, run_after=2025-03-07T00:00:00+00:00
[2025-03-07T14:13:03.680+0100] {processor.py:208} INFO - Processing /usr/local/anaconda3/envs/airflow_env/lib/python3.8/site-packages/airflow/example_dags/example_branch_datetime_operator.py took 0.260 seconds
[2025-03-07T14:18:06.921+0100] {processor.py:186} INFO - Started process (PID=3422) to work on /usr/local/anaconda3/envs/airflow_env/lib/python3.8/site-packages/airflow/example_dags/example_branch_datetime_operator.py
[2025-03-07T14:18:06.924+0100] {processor.py:914} INFO - Processing file /usr/local/anaconda3/envs/airflow_env/lib/python3.8/site-packages/airflow/example_dags/example_branch_datetime_operator.py for tasks to queue
[2025-03-07T14:18:06.925+0100] {logging_mixin.py:190} INFO - [2025-03-07T14:18:06.925+0100] {dagbag.py:588} INFO - Filling up the DagBag from /usr/local/anaconda3/envs/airflow_env/lib/python3.8/site-packages/airflow/example_dags/example_branch_datetime_operator.py
[2025-03-07T14:18:06.934+0100] {processor.py:925} INFO - DAG(s) 'example_branch_datetime_operator', 'example_branch_datetime_operator_2', 'example_branch_datetime_operator_3' retrieved from /usr/local/anaconda3/envs/airflow_env/lib/python3.8/site-packages/airflow/example_dags/example_branch_datetime_operator.py
[2025-03-07T14:18:07.011+0100] {logging_mixin.py:190} INFO - [2025-03-07T14:18:07.011+0100] {dag.py:3239} INFO - Sync 3 DAGs
[2025-03-07T14:18:07.024+0100] {logging_mixin.py:190} INFO - [2025-03-07T14:18:07.024+0100] {dag.py:4180} INFO - Setting next_dagrun for example_branch_datetime_operator to 2025-03-06T00:00:00+00:00, run_after=2025-03-07T00:00:00+00:00
[2025-03-07T14:18:07.027+0100] {logging_mixin.py:190} INFO - [2025-03-07T14:18:07.027+0100] {dag.py:4180} INFO - Setting next_dagrun for example_branch_datetime_operator_2 to 2025-03-06T00:00:00+00:00, run_after=2025-03-07T00:00:00+00:00
[2025-03-07T14:18:07.029+0100] {logging_mixin.py:190} INFO - [2025-03-07T14:18:07.029+0100] {dag.py:4180} INFO - Setting next_dagrun for example_branch_datetime_operator_3 to 2025-03-06T00:00:00+00:00, run_after=2025-03-07T00:00:00+00:00
[2025-03-07T14:18:07.039+0100] {processor.py:208} INFO - Processing /usr/local/anaconda3/envs/airflow_env/lib/python3.8/site-packages/airflow/example_dags/example_branch_datetime_operator.py took 0.121 seconds
[2025-03-07T14:22:37.446+0100] {processor.py:186} INFO - Started process (PID=3939) to work on /usr/local/anaconda3/envs/airflow_env/lib/python3.8/site-packages/airflow/example_dags/example_branch_datetime_operator.py
[2025-03-07T14:22:37.450+0100] {processor.py:914} INFO - Processing file /usr/local/anaconda3/envs/airflow_env/lib/python3.8/site-packages/airflow/example_dags/example_branch_datetime_operator.py for tasks to queue
[2025-03-07T14:22:37.451+0100] {logging_mixin.py:190} INFO - [2025-03-07T14:22:37.450+0100] {dagbag.py:588} INFO - Filling up the DagBag from /usr/local/anaconda3/envs/airflow_env/lib/python3.8/site-packages/airflow/example_dags/example_branch_datetime_operator.py
[2025-03-07T14:22:37.460+0100] {processor.py:925} INFO - DAG(s) 'example_branch_datetime_operator', 'example_branch_datetime_operator_2', 'example_branch_datetime_operator_3' retrieved from /usr/local/anaconda3/envs/airflow_env/lib/python3.8/site-packages/airflow/example_dags/example_branch_datetime_operator.py
[2025-03-07T14:22:37.541+0100] {logging_mixin.py:190} INFO - [2025-03-07T14:22:37.540+0100] {dag.py:3239} INFO - Sync 3 DAGs
[2025-03-07T14:22:37.554+0100] {logging_mixin.py:190} INFO - [2025-03-07T14:22:37.554+0100] {dag.py:4180} INFO - Setting next_dagrun for example_branch_datetime_operator to 2025-03-06T00:00:00+00:00, run_after=2025-03-07T00:00:00+00:00
[2025-03-07T14:22:37.557+0100] {logging_mixin.py:190} INFO - [2025-03-07T14:22:37.557+0100] {dag.py:4180} INFO - Setting next_dagrun for example_branch_datetime_operator_2 to 2025-03-06T00:00:00+00:00, run_after=2025-03-07T00:00:00+00:00
[2025-03-07T14:22:37.559+0100] {logging_mixin.py:190} INFO - [2025-03-07T14:22:37.558+0100] {dag.py:4180} INFO - Setting next_dagrun for example_branch_datetime_operator_3 to 2025-03-06T00:00:00+00:00, run_after=2025-03-07T00:00:00+00:00
[2025-03-07T14:22:37.569+0100] {processor.py:208} INFO - Processing /usr/local/anaconda3/envs/airflow_env/lib/python3.8/site-packages/airflow/example_dags/example_branch_datetime_operator.py took 0.126 seconds
[2025-03-07T14:45:53.824+0100] {processor.py:186} INFO - Started process (PID=5052) to work on /usr/local/anaconda3/envs/airflow_env/lib/python3.8/site-packages/airflow/example_dags/example_branch_datetime_operator.py
[2025-03-07T14:45:53.827+0100] {processor.py:914} INFO - Processing file /usr/local/anaconda3/envs/airflow_env/lib/python3.8/site-packages/airflow/example_dags/example_branch_datetime_operator.py for tasks to queue
[2025-03-07T14:45:53.828+0100] {logging_mixin.py:190} INFO - [2025-03-07T14:45:53.828+0100] {dagbag.py:588} INFO - Filling up the DagBag from /usr/local/anaconda3/envs/airflow_env/lib/python3.8/site-packages/airflow/example_dags/example_branch_datetime_operator.py
[2025-03-07T14:45:53.839+0100] {processor.py:925} INFO - DAG(s) 'example_branch_datetime_operator_2', 'example_branch_datetime_operator_3', 'example_branch_datetime_operator' retrieved from /usr/local/anaconda3/envs/airflow_env/lib/python3.8/site-packages/airflow/example_dags/example_branch_datetime_operator.py
[2025-03-07T14:45:53.930+0100] {logging_mixin.py:190} INFO - [2025-03-07T14:45:53.930+0100] {dag.py:3239} INFO - Sync 3 DAGs
[2025-03-07T14:45:53.943+0100] {logging_mixin.py:190} INFO - [2025-03-07T14:45:53.943+0100] {dag.py:4180} INFO - Setting next_dagrun for example_branch_datetime_operator to 2025-03-06T00:00:00+00:00, run_after=2025-03-07T00:00:00+00:00
[2025-03-07T14:45:53.946+0100] {logging_mixin.py:190} INFO - [2025-03-07T14:45:53.946+0100] {dag.py:4180} INFO - Setting next_dagrun for example_branch_datetime_operator_2 to 2025-03-06T00:00:00+00:00, run_after=2025-03-07T00:00:00+00:00
[2025-03-07T14:45:53.948+0100] {logging_mixin.py:190} INFO - [2025-03-07T14:45:53.947+0100] {dag.py:4180} INFO - Setting next_dagrun for example_branch_datetime_operator_3 to 2025-03-06T00:00:00+00:00, run_after=2025-03-07T00:00:00+00:00
[2025-03-07T14:45:53.958+0100] {processor.py:208} INFO - Processing /usr/local/anaconda3/envs/airflow_env/lib/python3.8/site-packages/airflow/example_dags/example_branch_datetime_operator.py took 0.138 seconds
[2025-03-07T14:55:17.328+0100] {processor.py:186} INFO - Started process (PID=6209) to work on /usr/local/anaconda3/envs/airflow_env/lib/python3.8/site-packages/airflow/example_dags/example_branch_datetime_operator.py
[2025-03-07T14:55:17.331+0100] {processor.py:914} INFO - Processing file /usr/local/anaconda3/envs/airflow_env/lib/python3.8/site-packages/airflow/example_dags/example_branch_datetime_operator.py for tasks to queue
[2025-03-07T14:55:17.332+0100] {logging_mixin.py:190} INFO - [2025-03-07T14:55:17.332+0100] {dagbag.py:588} INFO - Filling up the DagBag from /usr/local/anaconda3/envs/airflow_env/lib/python3.8/site-packages/airflow/example_dags/example_branch_datetime_operator.py
[2025-03-07T14:55:17.342+0100] {processor.py:925} INFO - DAG(s) 'example_branch_datetime_operator', 'example_branch_datetime_operator_3', 'example_branch_datetime_operator_2' retrieved from /usr/local/anaconda3/envs/airflow_env/lib/python3.8/site-packages/airflow/example_dags/example_branch_datetime_operator.py
[2025-03-07T14:55:17.416+0100] {logging_mixin.py:190} INFO - [2025-03-07T14:55:17.416+0100] {dag.py:3239} INFO - Sync 3 DAGs
[2025-03-07T14:55:17.429+0100] {logging_mixin.py:190} INFO - [2025-03-07T14:55:17.429+0100] {dag.py:4180} INFO - Setting next_dagrun for example_branch_datetime_operator to 2025-03-06T00:00:00+00:00, run_after=2025-03-07T00:00:00+00:00
[2025-03-07T14:55:17.431+0100] {logging_mixin.py:190} INFO - [2025-03-07T14:55:17.431+0100] {dag.py:4180} INFO - Setting next_dagrun for example_branch_datetime_operator_2 to 2025-03-06T00:00:00+00:00, run_after=2025-03-07T00:00:00+00:00
[2025-03-07T14:55:17.433+0100] {logging_mixin.py:190} INFO - [2025-03-07T14:55:17.433+0100] {dag.py:4180} INFO - Setting next_dagrun for example_branch_datetime_operator_3 to 2025-03-06T00:00:00+00:00, run_after=2025-03-07T00:00:00+00:00
[2025-03-07T14:55:17.443+0100] {processor.py:208} INFO - Processing /usr/local/anaconda3/envs/airflow_env/lib/python3.8/site-packages/airflow/example_dags/example_branch_datetime_operator.py took 0.118 seconds
[2025-03-07T14:59:40.259+0100] {processor.py:186} INFO - Started process (PID=6760) to work on /usr/local/anaconda3/envs/airflow_env/lib/python3.8/site-packages/airflow/example_dags/example_branch_datetime_operator.py
[2025-03-07T14:59:40.262+0100] {processor.py:914} INFO - Processing file /usr/local/anaconda3/envs/airflow_env/lib/python3.8/site-packages/airflow/example_dags/example_branch_datetime_operator.py for tasks to queue
[2025-03-07T14:59:40.263+0100] {logging_mixin.py:190} INFO - [2025-03-07T14:59:40.263+0100] {dagbag.py:588} INFO - Filling up the DagBag from /usr/local/anaconda3/envs/airflow_env/lib/python3.8/site-packages/airflow/example_dags/example_branch_datetime_operator.py
[2025-03-07T14:59:40.273+0100] {processor.py:925} INFO - DAG(s) 'example_branch_datetime_operator', 'example_branch_datetime_operator_3', 'example_branch_datetime_operator_2' retrieved from /usr/local/anaconda3/envs/airflow_env/lib/python3.8/site-packages/airflow/example_dags/example_branch_datetime_operator.py
[2025-03-07T14:59:40.347+0100] {logging_mixin.py:190} INFO - [2025-03-07T14:59:40.346+0100] {dag.py:3239} INFO - Sync 3 DAGs
[2025-03-07T14:59:40.359+0100] {logging_mixin.py:190} INFO - [2025-03-07T14:59:40.359+0100] {dag.py:4180} INFO - Setting next_dagrun for example_branch_datetime_operator to 2025-03-06T00:00:00+00:00, run_after=2025-03-07T00:00:00+00:00
[2025-03-07T14:59:40.362+0100] {logging_mixin.py:190} INFO - [2025-03-07T14:59:40.362+0100] {dag.py:4180} INFO - Setting next_dagrun for example_branch_datetime_operator_2 to 2025-03-06T00:00:00+00:00, run_after=2025-03-07T00:00:00+00:00
[2025-03-07T14:59:40.363+0100] {logging_mixin.py:190} INFO - [2025-03-07T14:59:40.363+0100] {dag.py:4180} INFO - Setting next_dagrun for example_branch_datetime_operator_3 to 2025-03-06T00:00:00+00:00, run_after=2025-03-07T00:00:00+00:00
[2025-03-07T14:59:40.373+0100] {processor.py:208} INFO - Processing /usr/local/anaconda3/envs/airflow_env/lib/python3.8/site-packages/airflow/example_dags/example_branch_datetime_operator.py took 0.117 seconds
[2025-03-07T15:04:26.951+0100] {processor.py:186} INFO - Started process (PID=7234) to work on /usr/local/anaconda3/envs/airflow_env/lib/python3.8/site-packages/airflow/example_dags/example_branch_datetime_operator.py
[2025-03-07T15:04:26.954+0100] {processor.py:914} INFO - Processing file /usr/local/anaconda3/envs/airflow_env/lib/python3.8/site-packages/airflow/example_dags/example_branch_datetime_operator.py for tasks to queue
[2025-03-07T15:04:26.955+0100] {logging_mixin.py:190} INFO - [2025-03-07T15:04:26.955+0100] {dagbag.py:588} INFO - Filling up the DagBag from /usr/local/anaconda3/envs/airflow_env/lib/python3.8/site-packages/airflow/example_dags/example_branch_datetime_operator.py
[2025-03-07T15:04:26.965+0100] {processor.py:925} INFO - DAG(s) 'example_branch_datetime_operator_2', 'example_branch_datetime_operator', 'example_branch_datetime_operator_3' retrieved from /usr/local/anaconda3/envs/airflow_env/lib/python3.8/site-packages/airflow/example_dags/example_branch_datetime_operator.py
[2025-03-07T15:04:27.044+0100] {logging_mixin.py:190} INFO - [2025-03-07T15:04:27.044+0100] {dag.py:3239} INFO - Sync 3 DAGs
[2025-03-07T15:04:27.058+0100] {logging_mixin.py:190} INFO - [2025-03-07T15:04:27.058+0100] {dag.py:4180} INFO - Setting next_dagrun for example_branch_datetime_operator to 2025-03-06T00:00:00+00:00, run_after=2025-03-07T00:00:00+00:00
[2025-03-07T15:04:27.061+0100] {logging_mixin.py:190} INFO - [2025-03-07T15:04:27.061+0100] {dag.py:4180} INFO - Setting next_dagrun for example_branch_datetime_operator_2 to 2025-03-06T00:00:00+00:00, run_after=2025-03-07T00:00:00+00:00
[2025-03-07T15:04:27.063+0100] {logging_mixin.py:190} INFO - [2025-03-07T15:04:27.063+0100] {dag.py:4180} INFO - Setting next_dagrun for example_branch_datetime_operator_3 to 2025-03-06T00:00:00+00:00, run_after=2025-03-07T00:00:00+00:00
[2025-03-07T15:04:27.074+0100] {processor.py:208} INFO - Processing /usr/local/anaconda3/envs/airflow_env/lib/python3.8/site-packages/airflow/example_dags/example_branch_datetime_operator.py took 0.127 seconds
[2025-03-07T15:09:18.281+0100] {processor.py:186} INFO - Started process (PID=7775) to work on /usr/local/anaconda3/envs/airflow_env/lib/python3.8/site-packages/airflow/example_dags/example_branch_datetime_operator.py
[2025-03-07T15:09:18.285+0100] {processor.py:914} INFO - Processing file /usr/local/anaconda3/envs/airflow_env/lib/python3.8/site-packages/airflow/example_dags/example_branch_datetime_operator.py for tasks to queue
[2025-03-07T15:09:18.285+0100] {logging_mixin.py:190} INFO - [2025-03-07T15:09:18.285+0100] {dagbag.py:588} INFO - Filling up the DagBag from /usr/local/anaconda3/envs/airflow_env/lib/python3.8/site-packages/airflow/example_dags/example_branch_datetime_operator.py
[2025-03-07T15:09:18.295+0100] {processor.py:925} INFO - DAG(s) 'example_branch_datetime_operator_3', 'example_branch_datetime_operator', 'example_branch_datetime_operator_2' retrieved from /usr/local/anaconda3/envs/airflow_env/lib/python3.8/site-packages/airflow/example_dags/example_branch_datetime_operator.py
[2025-03-07T15:09:18.374+0100] {logging_mixin.py:190} INFO - [2025-03-07T15:09:18.373+0100] {dag.py:3239} INFO - Sync 3 DAGs
[2025-03-07T15:09:18.387+0100] {logging_mixin.py:190} INFO - [2025-03-07T15:09:18.387+0100] {dag.py:4180} INFO - Setting next_dagrun for example_branch_datetime_operator to 2025-03-06T00:00:00+00:00, run_after=2025-03-07T00:00:00+00:00
[2025-03-07T15:09:18.390+0100] {logging_mixin.py:190} INFO - [2025-03-07T15:09:18.389+0100] {dag.py:4180} INFO - Setting next_dagrun for example_branch_datetime_operator_2 to 2025-03-06T00:00:00+00:00, run_after=2025-03-07T00:00:00+00:00
[2025-03-07T15:09:18.391+0100] {logging_mixin.py:190} INFO - [2025-03-07T15:09:18.391+0100] {dag.py:4180} INFO - Setting next_dagrun for example_branch_datetime_operator_3 to 2025-03-06T00:00:00+00:00, run_after=2025-03-07T00:00:00+00:00
[2025-03-07T15:09:18.403+0100] {processor.py:208} INFO - Processing /usr/local/anaconda3/envs/airflow_env/lib/python3.8/site-packages/airflow/example_dags/example_branch_datetime_operator.py took 0.125 seconds
[2025-03-07T15:14:57.557+0100] {processor.py:186} INFO - Started process (PID=8427) to work on /usr/local/anaconda3/envs/airflow_env/lib/python3.8/site-packages/airflow/example_dags/example_branch_datetime_operator.py
[2025-03-07T15:14:57.561+0100] {processor.py:914} INFO - Processing file /usr/local/anaconda3/envs/airflow_env/lib/python3.8/site-packages/airflow/example_dags/example_branch_datetime_operator.py for tasks to queue
[2025-03-07T15:14:57.562+0100] {logging_mixin.py:190} INFO - [2025-03-07T15:14:57.562+0100] {dagbag.py:588} INFO - Filling up the DagBag from /usr/local/anaconda3/envs/airflow_env/lib/python3.8/site-packages/airflow/example_dags/example_branch_datetime_operator.py
[2025-03-07T15:14:57.573+0100] {processor.py:925} INFO - DAG(s) 'example_branch_datetime_operator_3', 'example_branch_datetime_operator', 'example_branch_datetime_operator_2' retrieved from /usr/local/anaconda3/envs/airflow_env/lib/python3.8/site-packages/airflow/example_dags/example_branch_datetime_operator.py
[2025-03-07T15:14:57.651+0100] {logging_mixin.py:190} INFO - [2025-03-07T15:14:57.651+0100] {dag.py:3239} INFO - Sync 3 DAGs
[2025-03-07T15:14:57.664+0100] {logging_mixin.py:190} INFO - [2025-03-07T15:14:57.664+0100] {dag.py:4180} INFO - Setting next_dagrun for example_branch_datetime_operator to 2025-03-06T00:00:00+00:00, run_after=2025-03-07T00:00:00+00:00
[2025-03-07T15:14:57.667+0100] {logging_mixin.py:190} INFO - [2025-03-07T15:14:57.667+0100] {dag.py:4180} INFO - Setting next_dagrun for example_branch_datetime_operator_2 to 2025-03-06T00:00:00+00:00, run_after=2025-03-07T00:00:00+00:00
[2025-03-07T15:14:57.669+0100] {logging_mixin.py:190} INFO - [2025-03-07T15:14:57.669+0100] {dag.py:4180} INFO - Setting next_dagrun for example_branch_datetime_operator_3 to 2025-03-06T00:00:00+00:00, run_after=2025-03-07T00:00:00+00:00
[2025-03-07T15:14:57.680+0100] {processor.py:208} INFO - Processing /usr/local/anaconda3/envs/airflow_env/lib/python3.8/site-packages/airflow/example_dags/example_branch_datetime_operator.py took 0.126 seconds
[2025-03-07T15:19:35.981+0100] {processor.py:186} INFO - Started process (PID=8988) to work on /usr/local/anaconda3/envs/airflow_env/lib/python3.8/site-packages/airflow/example_dags/example_branch_datetime_operator.py
[2025-03-07T15:19:35.984+0100] {processor.py:914} INFO - Processing file /usr/local/anaconda3/envs/airflow_env/lib/python3.8/site-packages/airflow/example_dags/example_branch_datetime_operator.py for tasks to queue
[2025-03-07T15:19:35.985+0100] {logging_mixin.py:190} INFO - [2025-03-07T15:19:35.985+0100] {dagbag.py:588} INFO - Filling up the DagBag from /usr/local/anaconda3/envs/airflow_env/lib/python3.8/site-packages/airflow/example_dags/example_branch_datetime_operator.py
[2025-03-07T15:19:35.996+0100] {processor.py:925} INFO - DAG(s) 'example_branch_datetime_operator', 'example_branch_datetime_operator_2', 'example_branch_datetime_operator_3' retrieved from /usr/local/anaconda3/envs/airflow_env/lib/python3.8/site-packages/airflow/example_dags/example_branch_datetime_operator.py
[2025-03-07T15:19:36.072+0100] {logging_mixin.py:190} INFO - [2025-03-07T15:19:36.071+0100] {dag.py:3239} INFO - Sync 3 DAGs
[2025-03-07T15:19:36.084+0100] {logging_mixin.py:190} INFO - [2025-03-07T15:19:36.084+0100] {dag.py:4180} INFO - Setting next_dagrun for example_branch_datetime_operator to 2025-03-06T00:00:00+00:00, run_after=2025-03-07T00:00:00+00:00
[2025-03-07T15:19:36.087+0100] {logging_mixin.py:190} INFO - [2025-03-07T15:19:36.087+0100] {dag.py:4180} INFO - Setting next_dagrun for example_branch_datetime_operator_2 to 2025-03-06T00:00:00+00:00, run_after=2025-03-07T00:00:00+00:00
[2025-03-07T15:19:36.089+0100] {logging_mixin.py:190} INFO - [2025-03-07T15:19:36.088+0100] {dag.py:4180} INFO - Setting next_dagrun for example_branch_datetime_operator_3 to 2025-03-06T00:00:00+00:00, run_after=2025-03-07T00:00:00+00:00
[2025-03-07T15:19:36.099+0100] {processor.py:208} INFO - Processing /usr/local/anaconda3/envs/airflow_env/lib/python3.8/site-packages/airflow/example_dags/example_branch_datetime_operator.py took 0.121 seconds
[2025-03-07T15:24:05.359+0100] {processor.py:186} INFO - Started process (PID=9581) to work on /usr/local/anaconda3/envs/airflow_env/lib/python3.8/site-packages/airflow/example_dags/example_branch_datetime_operator.py
[2025-03-07T15:24:05.362+0100] {processor.py:914} INFO - Processing file /usr/local/anaconda3/envs/airflow_env/lib/python3.8/site-packages/airflow/example_dags/example_branch_datetime_operator.py for tasks to queue
[2025-03-07T15:24:05.363+0100] {logging_mixin.py:190} INFO - [2025-03-07T15:24:05.363+0100] {dagbag.py:588} INFO - Filling up the DagBag from /usr/local/anaconda3/envs/airflow_env/lib/python3.8/site-packages/airflow/example_dags/example_branch_datetime_operator.py
[2025-03-07T15:24:05.373+0100] {processor.py:925} INFO - DAG(s) 'example_branch_datetime_operator', 'example_branch_datetime_operator_3', 'example_branch_datetime_operator_2' retrieved from /usr/local/anaconda3/envs/airflow_env/lib/python3.8/site-packages/airflow/example_dags/example_branch_datetime_operator.py
[2025-03-07T15:24:05.450+0100] {logging_mixin.py:190} INFO - [2025-03-07T15:24:05.450+0100] {dag.py:3239} INFO - Sync 3 DAGs
[2025-03-07T15:24:05.463+0100] {logging_mixin.py:190} INFO - [2025-03-07T15:24:05.463+0100] {dag.py:4180} INFO - Setting next_dagrun for example_branch_datetime_operator to 2025-03-06T00:00:00+00:00, run_after=2025-03-07T00:00:00+00:00
[2025-03-07T15:24:05.466+0100] {logging_mixin.py:190} INFO - [2025-03-07T15:24:05.466+0100] {dag.py:4180} INFO - Setting next_dagrun for example_branch_datetime_operator_2 to 2025-03-06T00:00:00+00:00, run_after=2025-03-07T00:00:00+00:00
[2025-03-07T15:24:05.468+0100] {logging_mixin.py:190} INFO - [2025-03-07T15:24:05.468+0100] {dag.py:4180} INFO - Setting next_dagrun for example_branch_datetime_operator_3 to 2025-03-06T00:00:00+00:00, run_after=2025-03-07T00:00:00+00:00
[2025-03-07T15:24:05.478+0100] {processor.py:208} INFO - Processing /usr/local/anaconda3/envs/airflow_env/lib/python3.8/site-packages/airflow/example_dags/example_branch_datetime_operator.py took 0.123 seconds
[2025-03-07T15:31:54.511+0100] {processor.py:186} INFO - Started process (PID=10497) to work on /usr/local/anaconda3/envs/airflow_env/lib/python3.8/site-packages/airflow/example_dags/example_branch_datetime_operator.py
[2025-03-07T15:31:54.514+0100] {processor.py:914} INFO - Processing file /usr/local/anaconda3/envs/airflow_env/lib/python3.8/site-packages/airflow/example_dags/example_branch_datetime_operator.py for tasks to queue
[2025-03-07T15:31:54.515+0100] {logging_mixin.py:190} INFO - [2025-03-07T15:31:54.515+0100] {dagbag.py:588} INFO - Filling up the DagBag from /usr/local/anaconda3/envs/airflow_env/lib/python3.8/site-packages/airflow/example_dags/example_branch_datetime_operator.py
[2025-03-07T15:31:54.525+0100] {processor.py:925} INFO - DAG(s) 'example_branch_datetime_operator_3', 'example_branch_datetime_operator_2', 'example_branch_datetime_operator' retrieved from /usr/local/anaconda3/envs/airflow_env/lib/python3.8/site-packages/airflow/example_dags/example_branch_datetime_operator.py
[2025-03-07T15:31:54.600+0100] {logging_mixin.py:190} INFO - [2025-03-07T15:31:54.600+0100] {dag.py:3239} INFO - Sync 3 DAGs
[2025-03-07T15:31:54.613+0100] {logging_mixin.py:190} INFO - [2025-03-07T15:31:54.613+0100] {dag.py:4180} INFO - Setting next_dagrun for example_branch_datetime_operator to 2025-03-06T00:00:00+00:00, run_after=2025-03-07T00:00:00+00:00
[2025-03-07T15:31:54.616+0100] {logging_mixin.py:190} INFO - [2025-03-07T15:31:54.616+0100] {dag.py:4180} INFO - Setting next_dagrun for example_branch_datetime_operator_2 to 2025-03-06T00:00:00+00:00, run_after=2025-03-07T00:00:00+00:00
[2025-03-07T15:31:54.617+0100] {logging_mixin.py:190} INFO - [2025-03-07T15:31:54.617+0100] {dag.py:4180} INFO - Setting next_dagrun for example_branch_datetime_operator_3 to 2025-03-06T00:00:00+00:00, run_after=2025-03-07T00:00:00+00:00
[2025-03-07T15:31:54.630+0100] {processor.py:208} INFO - Processing /usr/local/anaconda3/envs/airflow_env/lib/python3.8/site-packages/airflow/example_dags/example_branch_datetime_operator.py took 0.122 seconds
[2025-03-07T15:36:25.812+0100] {processor.py:186} INFO - Started process (PID=11012) to work on /usr/local/anaconda3/envs/airflow_env/lib/python3.8/site-packages/airflow/example_dags/example_branch_datetime_operator.py
[2025-03-07T15:36:25.815+0100] {processor.py:914} INFO - Processing file /usr/local/anaconda3/envs/airflow_env/lib/python3.8/site-packages/airflow/example_dags/example_branch_datetime_operator.py for tasks to queue
[2025-03-07T15:36:25.816+0100] {logging_mixin.py:190} INFO - [2025-03-07T15:36:25.816+0100] {dagbag.py:588} INFO - Filling up the DagBag from /usr/local/anaconda3/envs/airflow_env/lib/python3.8/site-packages/airflow/example_dags/example_branch_datetime_operator.py
[2025-03-07T15:36:25.826+0100] {processor.py:925} INFO - DAG(s) 'example_branch_datetime_operator_2', 'example_branch_datetime_operator', 'example_branch_datetime_operator_3' retrieved from /usr/local/anaconda3/envs/airflow_env/lib/python3.8/site-packages/airflow/example_dags/example_branch_datetime_operator.py
[2025-03-07T15:36:25.906+0100] {logging_mixin.py:190} INFO - [2025-03-07T15:36:25.906+0100] {dag.py:3239} INFO - Sync 3 DAGs
[2025-03-07T15:36:25.918+0100] {logging_mixin.py:190} INFO - [2025-03-07T15:36:25.918+0100] {dag.py:4180} INFO - Setting next_dagrun for example_branch_datetime_operator to 2025-03-06T00:00:00+00:00, run_after=2025-03-07T00:00:00+00:00
[2025-03-07T15:36:25.921+0100] {logging_mixin.py:190} INFO - [2025-03-07T15:36:25.921+0100] {dag.py:4180} INFO - Setting next_dagrun for example_branch_datetime_operator_2 to 2025-03-06T00:00:00+00:00, run_after=2025-03-07T00:00:00+00:00
[2025-03-07T15:36:25.923+0100] {logging_mixin.py:190} INFO - [2025-03-07T15:36:25.922+0100] {dag.py:4180} INFO - Setting next_dagrun for example_branch_datetime_operator_3 to 2025-03-06T00:00:00+00:00, run_after=2025-03-07T00:00:00+00:00
[2025-03-07T15:36:25.933+0100] {processor.py:208} INFO - Processing /usr/local/anaconda3/envs/airflow_env/lib/python3.8/site-packages/airflow/example_dags/example_branch_datetime_operator.py took 0.124 seconds
[2025-03-07T15:40:51.009+0100] {processor.py:186} INFO - Started process (PID=11462) to work on /usr/local/anaconda3/envs/airflow_env/lib/python3.8/site-packages/airflow/example_dags/example_branch_datetime_operator.py
[2025-03-07T15:40:51.012+0100] {processor.py:914} INFO - Processing file /usr/local/anaconda3/envs/airflow_env/lib/python3.8/site-packages/airflow/example_dags/example_branch_datetime_operator.py for tasks to queue
[2025-03-07T15:40:51.013+0100] {logging_mixin.py:190} INFO - [2025-03-07T15:40:51.013+0100] {dagbag.py:588} INFO - Filling up the DagBag from /usr/local/anaconda3/envs/airflow_env/lib/python3.8/site-packages/airflow/example_dags/example_branch_datetime_operator.py
[2025-03-07T15:40:51.023+0100] {processor.py:925} INFO - DAG(s) 'example_branch_datetime_operator', 'example_branch_datetime_operator_3', 'example_branch_datetime_operator_2' retrieved from /usr/local/anaconda3/envs/airflow_env/lib/python3.8/site-packages/airflow/example_dags/example_branch_datetime_operator.py
[2025-03-07T15:40:51.103+0100] {logging_mixin.py:190} INFO - [2025-03-07T15:40:51.102+0100] {dag.py:3239} INFO - Sync 3 DAGs
[2025-03-07T15:40:51.115+0100] {logging_mixin.py:190} INFO - [2025-03-07T15:40:51.115+0100] {dag.py:4180} INFO - Setting next_dagrun for example_branch_datetime_operator to 2025-03-06T00:00:00+00:00, run_after=2025-03-07T00:00:00+00:00
[2025-03-07T15:40:51.118+0100] {logging_mixin.py:190} INFO - [2025-03-07T15:40:51.118+0100] {dag.py:4180} INFO - Setting next_dagrun for example_branch_datetime_operator_2 to 2025-03-06T00:00:00+00:00, run_after=2025-03-07T00:00:00+00:00
[2025-03-07T15:40:51.119+0100] {logging_mixin.py:190} INFO - [2025-03-07T15:40:51.119+0100] {dag.py:4180} INFO - Setting next_dagrun for example_branch_datetime_operator_3 to 2025-03-06T00:00:00+00:00, run_after=2025-03-07T00:00:00+00:00
[2025-03-07T15:40:51.130+0100] {processor.py:208} INFO - Processing /usr/local/anaconda3/envs/airflow_env/lib/python3.8/site-packages/airflow/example_dags/example_branch_datetime_operator.py took 0.124 seconds
[2025-03-07T15:45:08.555+0100] {processor.py:186} INFO - Started process (PID=11876) to work on /usr/local/anaconda3/envs/airflow_env/lib/python3.8/site-packages/airflow/example_dags/example_branch_datetime_operator.py
[2025-03-07T15:45:08.558+0100] {processor.py:914} INFO - Processing file /usr/local/anaconda3/envs/airflow_env/lib/python3.8/site-packages/airflow/example_dags/example_branch_datetime_operator.py for tasks to queue
[2025-03-07T15:45:08.559+0100] {logging_mixin.py:190} INFO - [2025-03-07T15:45:08.558+0100] {dagbag.py:588} INFO - Filling up the DagBag from /usr/local/anaconda3/envs/airflow_env/lib/python3.8/site-packages/airflow/example_dags/example_branch_datetime_operator.py
[2025-03-07T15:45:08.568+0100] {processor.py:925} INFO - DAG(s) 'example_branch_datetime_operator_3', 'example_branch_datetime_operator', 'example_branch_datetime_operator_2' retrieved from /usr/local/anaconda3/envs/airflow_env/lib/python3.8/site-packages/airflow/example_dags/example_branch_datetime_operator.py
[2025-03-07T15:45:08.645+0100] {logging_mixin.py:190} INFO - [2025-03-07T15:45:08.645+0100] {dag.py:3239} INFO - Sync 3 DAGs
[2025-03-07T15:45:08.657+0100] {logging_mixin.py:190} INFO - [2025-03-07T15:45:08.657+0100] {dag.py:4180} INFO - Setting next_dagrun for example_branch_datetime_operator to 2025-03-06T00:00:00+00:00, run_after=2025-03-07T00:00:00+00:00
[2025-03-07T15:45:08.660+0100] {logging_mixin.py:190} INFO - [2025-03-07T15:45:08.660+0100] {dag.py:4180} INFO - Setting next_dagrun for example_branch_datetime_operator_2 to 2025-03-06T00:00:00+00:00, run_after=2025-03-07T00:00:00+00:00
[2025-03-07T15:45:08.661+0100] {logging_mixin.py:190} INFO - [2025-03-07T15:45:08.661+0100] {dag.py:4180} INFO - Setting next_dagrun for example_branch_datetime_operator_3 to 2025-03-06T00:00:00+00:00, run_after=2025-03-07T00:00:00+00:00
[2025-03-07T15:45:08.672+0100] {processor.py:208} INFO - Processing /usr/local/anaconda3/envs/airflow_env/lib/python3.8/site-packages/airflow/example_dags/example_branch_datetime_operator.py took 0.120 seconds
[2025-03-07T15:49:55.661+0100] {processor.py:186} INFO - Started process (PID=12383) to work on /usr/local/anaconda3/envs/airflow_env/lib/python3.8/site-packages/airflow/example_dags/example_branch_datetime_operator.py
[2025-03-07T15:49:55.664+0100] {processor.py:914} INFO - Processing file /usr/local/anaconda3/envs/airflow_env/lib/python3.8/site-packages/airflow/example_dags/example_branch_datetime_operator.py for tasks to queue
[2025-03-07T15:49:55.665+0100] {logging_mixin.py:190} INFO - [2025-03-07T15:49:55.665+0100] {dagbag.py:588} INFO - Filling up the DagBag from /usr/local/anaconda3/envs/airflow_env/lib/python3.8/site-packages/airflow/example_dags/example_branch_datetime_operator.py
[2025-03-07T15:49:55.675+0100] {processor.py:925} INFO - DAG(s) 'example_branch_datetime_operator', 'example_branch_datetime_operator_2', 'example_branch_datetime_operator_3' retrieved from /usr/local/anaconda3/envs/airflow_env/lib/python3.8/site-packages/airflow/example_dags/example_branch_datetime_operator.py
[2025-03-07T15:49:55.749+0100] {logging_mixin.py:190} INFO - [2025-03-07T15:49:55.749+0100] {dag.py:3239} INFO - Sync 3 DAGs
[2025-03-07T15:49:55.762+0100] {logging_mixin.py:190} INFO - [2025-03-07T15:49:55.761+0100] {dag.py:4180} INFO - Setting next_dagrun for example_branch_datetime_operator to 2025-03-06T00:00:00+00:00, run_after=2025-03-07T00:00:00+00:00
[2025-03-07T15:49:55.764+0100] {logging_mixin.py:190} INFO - [2025-03-07T15:49:55.764+0100] {dag.py:4180} INFO - Setting next_dagrun for example_branch_datetime_operator_2 to 2025-03-06T00:00:00+00:00, run_after=2025-03-07T00:00:00+00:00
[2025-03-07T15:49:55.766+0100] {logging_mixin.py:190} INFO - [2025-03-07T15:49:55.766+0100] {dag.py:4180} INFO - Setting next_dagrun for example_branch_datetime_operator_3 to 2025-03-06T00:00:00+00:00, run_after=2025-03-07T00:00:00+00:00
[2025-03-07T15:49:55.776+0100] {processor.py:208} INFO - Processing /usr/local/anaconda3/envs/airflow_env/lib/python3.8/site-packages/airflow/example_dags/example_branch_datetime_operator.py took 0.118 seconds
[2025-03-07T15:54:42.843+0100] {processor.py:186} INFO - Started process (PID=12938) to work on /usr/local/anaconda3/envs/airflow_env/lib/python3.8/site-packages/airflow/example_dags/example_branch_datetime_operator.py
[2025-03-07T15:54:42.846+0100] {processor.py:914} INFO - Processing file /usr/local/anaconda3/envs/airflow_env/lib/python3.8/site-packages/airflow/example_dags/example_branch_datetime_operator.py for tasks to queue
[2025-03-07T15:54:42.847+0100] {logging_mixin.py:190} INFO - [2025-03-07T15:54:42.847+0100] {dagbag.py:588} INFO - Filling up the DagBag from /usr/local/anaconda3/envs/airflow_env/lib/python3.8/site-packages/airflow/example_dags/example_branch_datetime_operator.py
[2025-03-07T15:54:42.858+0100] {processor.py:925} INFO - DAG(s) 'example_branch_datetime_operator_2', 'example_branch_datetime_operator_3', 'example_branch_datetime_operator' retrieved from /usr/local/anaconda3/envs/airflow_env/lib/python3.8/site-packages/airflow/example_dags/example_branch_datetime_operator.py
[2025-03-07T15:54:42.937+0100] {logging_mixin.py:190} INFO - [2025-03-07T15:54:42.936+0100] {dag.py:3239} INFO - Sync 3 DAGs
[2025-03-07T15:54:42.951+0100] {logging_mixin.py:190} INFO - [2025-03-07T15:54:42.950+0100] {dag.py:4180} INFO - Setting next_dagrun for example_branch_datetime_operator to 2025-03-06T00:00:00+00:00, run_after=2025-03-07T00:00:00+00:00
[2025-03-07T15:54:42.954+0100] {logging_mixin.py:190} INFO - [2025-03-07T15:54:42.953+0100] {dag.py:4180} INFO - Setting next_dagrun for example_branch_datetime_operator_2 to 2025-03-06T00:00:00+00:00, run_after=2025-03-07T00:00:00+00:00
[2025-03-07T15:54:42.955+0100] {logging_mixin.py:190} INFO - [2025-03-07T15:54:42.955+0100] {dag.py:4180} INFO - Setting next_dagrun for example_branch_datetime_operator_3 to 2025-03-06T00:00:00+00:00, run_after=2025-03-07T00:00:00+00:00
[2025-03-07T15:54:42.967+0100] {processor.py:208} INFO - Processing /usr/local/anaconda3/envs/airflow_env/lib/python3.8/site-packages/airflow/example_dags/example_branch_datetime_operator.py took 0.127 seconds
[2025-03-07T15:59:18.309+0100] {processor.py:186} INFO - Started process (PID=13403) to work on /usr/local/anaconda3/envs/airflow_env/lib/python3.8/site-packages/airflow/example_dags/example_branch_datetime_operator.py
[2025-03-07T15:59:18.312+0100] {processor.py:914} INFO - Processing file /usr/local/anaconda3/envs/airflow_env/lib/python3.8/site-packages/airflow/example_dags/example_branch_datetime_operator.py for tasks to queue
[2025-03-07T15:59:18.313+0100] {logging_mixin.py:190} INFO - [2025-03-07T15:59:18.313+0100] {dagbag.py:588} INFO - Filling up the DagBag from /usr/local/anaconda3/envs/airflow_env/lib/python3.8/site-packages/airflow/example_dags/example_branch_datetime_operator.py
[2025-03-07T15:59:18.323+0100] {processor.py:925} INFO - DAG(s) 'example_branch_datetime_operator_2', 'example_branch_datetime_operator_3', 'example_branch_datetime_operator' retrieved from /usr/local/anaconda3/envs/airflow_env/lib/python3.8/site-packages/airflow/example_dags/example_branch_datetime_operator.py
[2025-03-07T15:59:18.402+0100] {logging_mixin.py:190} INFO - [2025-03-07T15:59:18.402+0100] {dag.py:3239} INFO - Sync 3 DAGs
[2025-03-07T15:59:18.414+0100] {logging_mixin.py:190} INFO - [2025-03-07T15:59:18.414+0100] {dag.py:4180} INFO - Setting next_dagrun for example_branch_datetime_operator to 2025-03-06T00:00:00+00:00, run_after=2025-03-07T00:00:00+00:00
[2025-03-07T15:59:18.417+0100] {logging_mixin.py:190} INFO - [2025-03-07T15:59:18.417+0100] {dag.py:4180} INFO - Setting next_dagrun for example_branch_datetime_operator_2 to 2025-03-06T00:00:00+00:00, run_after=2025-03-07T00:00:00+00:00
[2025-03-07T15:59:18.419+0100] {logging_mixin.py:190} INFO - [2025-03-07T15:59:18.418+0100] {dag.py:4180} INFO - Setting next_dagrun for example_branch_datetime_operator_3 to 2025-03-06T00:00:00+00:00, run_after=2025-03-07T00:00:00+00:00
[2025-03-07T15:59:18.429+0100] {processor.py:208} INFO - Processing /usr/local/anaconda3/envs/airflow_env/lib/python3.8/site-packages/airflow/example_dags/example_branch_datetime_operator.py took 0.124 seconds
[2025-03-07T16:06:03.943+0100] {processor.py:186} INFO - Started process (PID=14000) to work on /usr/local/anaconda3/envs/airflow_env/lib/python3.8/site-packages/airflow/example_dags/example_branch_datetime_operator.py
[2025-03-07T16:06:03.946+0100] {processor.py:914} INFO - Processing file /usr/local/anaconda3/envs/airflow_env/lib/python3.8/site-packages/airflow/example_dags/example_branch_datetime_operator.py for tasks to queue
[2025-03-07T16:06:03.947+0100] {logging_mixin.py:190} INFO - [2025-03-07T16:06:03.947+0100] {dagbag.py:588} INFO - Filling up the DagBag from /usr/local/anaconda3/envs/airflow_env/lib/python3.8/site-packages/airflow/example_dags/example_branch_datetime_operator.py
[2025-03-07T16:06:03.957+0100] {processor.py:925} INFO - DAG(s) 'example_branch_datetime_operator', 'example_branch_datetime_operator_2', 'example_branch_datetime_operator_3' retrieved from /usr/local/anaconda3/envs/airflow_env/lib/python3.8/site-packages/airflow/example_dags/example_branch_datetime_operator.py
[2025-03-07T16:06:04.031+0100] {logging_mixin.py:190} INFO - [2025-03-07T16:06:04.031+0100] {dag.py:3239} INFO - Sync 3 DAGs
[2025-03-07T16:06:04.043+0100] {logging_mixin.py:190} INFO - [2025-03-07T16:06:04.043+0100] {dag.py:4180} INFO - Setting next_dagrun for example_branch_datetime_operator to 2025-03-06T00:00:00+00:00, run_after=2025-03-07T00:00:00+00:00
[2025-03-07T16:06:04.046+0100] {logging_mixin.py:190} INFO - [2025-03-07T16:06:04.046+0100] {dag.py:4180} INFO - Setting next_dagrun for example_branch_datetime_operator_2 to 2025-03-06T00:00:00+00:00, run_after=2025-03-07T00:00:00+00:00
[2025-03-07T16:06:04.047+0100] {logging_mixin.py:190} INFO - [2025-03-07T16:06:04.047+0100] {dag.py:4180} INFO - Setting next_dagrun for example_branch_datetime_operator_3 to 2025-03-06T00:00:00+00:00, run_after=2025-03-07T00:00:00+00:00
[2025-03-07T16:06:04.058+0100] {processor.py:208} INFO - Processing /usr/local/anaconda3/envs/airflow_env/lib/python3.8/site-packages/airflow/example_dags/example_branch_datetime_operator.py took 0.117 seconds
[2025-03-07T16:12:14.167+0100] {processor.py:186} INFO - Started process (PID=14608) to work on /usr/local/anaconda3/envs/airflow_env/lib/python3.8/site-packages/airflow/example_dags/example_branch_datetime_operator.py
[2025-03-07T16:12:14.170+0100] {processor.py:914} INFO - Processing file /usr/local/anaconda3/envs/airflow_env/lib/python3.8/site-packages/airflow/example_dags/example_branch_datetime_operator.py for tasks to queue
[2025-03-07T16:12:14.171+0100] {logging_mixin.py:190} INFO - [2025-03-07T16:12:14.171+0100] {dagbag.py:588} INFO - Filling up the DagBag from /usr/local/anaconda3/envs/airflow_env/lib/python3.8/site-packages/airflow/example_dags/example_branch_datetime_operator.py
[2025-03-07T16:12:14.182+0100] {processor.py:925} INFO - DAG(s) 'example_branch_datetime_operator_3', 'example_branch_datetime_operator', 'example_branch_datetime_operator_2' retrieved from /usr/local/anaconda3/envs/airflow_env/lib/python3.8/site-packages/airflow/example_dags/example_branch_datetime_operator.py
[2025-03-07T16:12:14.263+0100] {logging_mixin.py:190} INFO - [2025-03-07T16:12:14.262+0100] {dag.py:3239} INFO - Sync 3 DAGs
[2025-03-07T16:12:14.277+0100] {logging_mixin.py:190} INFO - [2025-03-07T16:12:14.277+0100] {dag.py:4180} INFO - Setting next_dagrun for example_branch_datetime_operator to 2025-03-06T00:00:00+00:00, run_after=2025-03-07T00:00:00+00:00
[2025-03-07T16:12:14.280+0100] {logging_mixin.py:190} INFO - [2025-03-07T16:12:14.280+0100] {dag.py:4180} INFO - Setting next_dagrun for example_branch_datetime_operator_2 to 2025-03-06T00:00:00+00:00, run_after=2025-03-07T00:00:00+00:00
[2025-03-07T16:12:14.282+0100] {logging_mixin.py:190} INFO - [2025-03-07T16:12:14.281+0100] {dag.py:4180} INFO - Setting next_dagrun for example_branch_datetime_operator_3 to 2025-03-06T00:00:00+00:00, run_after=2025-03-07T00:00:00+00:00
[2025-03-07T16:12:14.293+0100] {processor.py:208} INFO - Processing /usr/local/anaconda3/envs/airflow_env/lib/python3.8/site-packages/airflow/example_dags/example_branch_datetime_operator.py took 0.129 seconds
[2025-03-07T16:16:39.353+0100] {processor.py:186} INFO - Started process (PID=15125) to work on /usr/local/anaconda3/envs/airflow_env/lib/python3.8/site-packages/airflow/example_dags/example_branch_datetime_operator.py
[2025-03-07T16:16:39.356+0100] {processor.py:914} INFO - Processing file /usr/local/anaconda3/envs/airflow_env/lib/python3.8/site-packages/airflow/example_dags/example_branch_datetime_operator.py for tasks to queue
[2025-03-07T16:16:39.357+0100] {logging_mixin.py:190} INFO - [2025-03-07T16:16:39.356+0100] {dagbag.py:588} INFO - Filling up the DagBag from /usr/local/anaconda3/envs/airflow_env/lib/python3.8/site-packages/airflow/example_dags/example_branch_datetime_operator.py
[2025-03-07T16:16:39.366+0100] {processor.py:925} INFO - DAG(s) 'example_branch_datetime_operator_2', 'example_branch_datetime_operator_3', 'example_branch_datetime_operator' retrieved from /usr/local/anaconda3/envs/airflow_env/lib/python3.8/site-packages/airflow/example_dags/example_branch_datetime_operator.py
[2025-03-07T16:16:39.442+0100] {logging_mixin.py:190} INFO - [2025-03-07T16:16:39.441+0100] {dag.py:3239} INFO - Sync 3 DAGs
[2025-03-07T16:16:39.454+0100] {logging_mixin.py:190} INFO - [2025-03-07T16:16:39.454+0100] {dag.py:4180} INFO - Setting next_dagrun for example_branch_datetime_operator to 2025-03-06T00:00:00+00:00, run_after=2025-03-07T00:00:00+00:00
[2025-03-07T16:16:39.456+0100] {logging_mixin.py:190} INFO - [2025-03-07T16:16:39.456+0100] {dag.py:4180} INFO - Setting next_dagrun for example_branch_datetime_operator_2 to 2025-03-06T00:00:00+00:00, run_after=2025-03-07T00:00:00+00:00
[2025-03-07T16:16:39.458+0100] {logging_mixin.py:190} INFO - [2025-03-07T16:16:39.458+0100] {dag.py:4180} INFO - Setting next_dagrun for example_branch_datetime_operator_3 to 2025-03-06T00:00:00+00:00, run_after=2025-03-07T00:00:00+00:00
[2025-03-07T16:16:39.469+0100] {processor.py:208} INFO - Processing /usr/local/anaconda3/envs/airflow_env/lib/python3.8/site-packages/airflow/example_dags/example_branch_datetime_operator.py took 0.119 seconds
[2025-03-07T16:21:19.823+0100] {processor.py:186} INFO - Started process (PID=15657) to work on /usr/local/anaconda3/envs/airflow_env/lib/python3.8/site-packages/airflow/example_dags/example_branch_datetime_operator.py
[2025-03-07T16:21:19.826+0100] {processor.py:914} INFO - Processing file /usr/local/anaconda3/envs/airflow_env/lib/python3.8/site-packages/airflow/example_dags/example_branch_datetime_operator.py for tasks to queue
[2025-03-07T16:21:19.827+0100] {logging_mixin.py:190} INFO - [2025-03-07T16:21:19.827+0100] {dagbag.py:588} INFO - Filling up the DagBag from /usr/local/anaconda3/envs/airflow_env/lib/python3.8/site-packages/airflow/example_dags/example_branch_datetime_operator.py
[2025-03-07T16:21:19.837+0100] {processor.py:925} INFO - DAG(s) 'example_branch_datetime_operator_2', 'example_branch_datetime_operator', 'example_branch_datetime_operator_3' retrieved from /usr/local/anaconda3/envs/airflow_env/lib/python3.8/site-packages/airflow/example_dags/example_branch_datetime_operator.py
[2025-03-07T16:21:19.916+0100] {logging_mixin.py:190} INFO - [2025-03-07T16:21:19.915+0100] {dag.py:3239} INFO - Sync 3 DAGs
[2025-03-07T16:21:19.928+0100] {logging_mixin.py:190} INFO - [2025-03-07T16:21:19.928+0100] {dag.py:4180} INFO - Setting next_dagrun for example_branch_datetime_operator to 2025-03-06T00:00:00+00:00, run_after=2025-03-07T00:00:00+00:00
[2025-03-07T16:21:19.931+0100] {logging_mixin.py:190} INFO - [2025-03-07T16:21:19.931+0100] {dag.py:4180} INFO - Setting next_dagrun for example_branch_datetime_operator_2 to 2025-03-06T00:00:00+00:00, run_after=2025-03-07T00:00:00+00:00
[2025-03-07T16:21:19.932+0100] {logging_mixin.py:190} INFO - [2025-03-07T16:21:19.932+0100] {dag.py:4180} INFO - Setting next_dagrun for example_branch_datetime_operator_3 to 2025-03-06T00:00:00+00:00, run_after=2025-03-07T00:00:00+00:00
[2025-03-07T16:21:19.943+0100] {processor.py:208} INFO - Processing /usr/local/anaconda3/envs/airflow_env/lib/python3.8/site-packages/airflow/example_dags/example_branch_datetime_operator.py took 0.123 seconds
[2025-03-07T16:42:28.740+0100] {processor.py:186} INFO - Started process (PID=17535) to work on /usr/local/anaconda3/envs/airflow_env/lib/python3.8/site-packages/airflow/example_dags/example_branch_datetime_operator.py
[2025-03-07T16:42:28.743+0100] {processor.py:914} INFO - Processing file /usr/local/anaconda3/envs/airflow_env/lib/python3.8/site-packages/airflow/example_dags/example_branch_datetime_operator.py for tasks to queue
[2025-03-07T16:42:28.744+0100] {logging_mixin.py:190} INFO - [2025-03-07T16:42:28.744+0100] {dagbag.py:588} INFO - Filling up the DagBag from /usr/local/anaconda3/envs/airflow_env/lib/python3.8/site-packages/airflow/example_dags/example_branch_datetime_operator.py
[2025-03-07T16:42:28.755+0100] {processor.py:925} INFO - DAG(s) 'example_branch_datetime_operator_2', 'example_branch_datetime_operator_3', 'example_branch_datetime_operator' retrieved from /usr/local/anaconda3/envs/airflow_env/lib/python3.8/site-packages/airflow/example_dags/example_branch_datetime_operator.py
[2025-03-07T16:42:28.831+0100] {logging_mixin.py:190} INFO - [2025-03-07T16:42:28.830+0100] {dag.py:3239} INFO - Sync 3 DAGs
[2025-03-07T16:42:28.843+0100] {logging_mixin.py:190} INFO - [2025-03-07T16:42:28.843+0100] {dag.py:4180} INFO - Setting next_dagrun for example_branch_datetime_operator to 2025-03-06T00:00:00+00:00, run_after=2025-03-07T00:00:00+00:00
[2025-03-07T16:42:28.846+0100] {logging_mixin.py:190} INFO - [2025-03-07T16:42:28.846+0100] {dag.py:4180} INFO - Setting next_dagrun for example_branch_datetime_operator_2 to 2025-03-06T00:00:00+00:00, run_after=2025-03-07T00:00:00+00:00
[2025-03-07T16:42:28.847+0100] {logging_mixin.py:190} INFO - [2025-03-07T16:42:28.847+0100] {dag.py:4180} INFO - Setting next_dagrun for example_branch_datetime_operator_3 to 2025-03-06T00:00:00+00:00, run_after=2025-03-07T00:00:00+00:00
[2025-03-07T16:42:28.858+0100] {processor.py:208} INFO - Processing /usr/local/anaconda3/envs/airflow_env/lib/python3.8/site-packages/airflow/example_dags/example_branch_datetime_operator.py took 0.121 seconds
[2025-03-07T16:48:50.277+0100] {processor.py:186} INFO - Started process (PID=18328) to work on /usr/local/anaconda3/envs/airflow_env/lib/python3.8/site-packages/airflow/example_dags/example_branch_datetime_operator.py
[2025-03-07T16:48:50.280+0100] {processor.py:914} INFO - Processing file /usr/local/anaconda3/envs/airflow_env/lib/python3.8/site-packages/airflow/example_dags/example_branch_datetime_operator.py for tasks to queue
[2025-03-07T16:48:50.281+0100] {logging_mixin.py:190} INFO - [2025-03-07T16:48:50.281+0100] {dagbag.py:588} INFO - Filling up the DagBag from /usr/local/anaconda3/envs/airflow_env/lib/python3.8/site-packages/airflow/example_dags/example_branch_datetime_operator.py
[2025-03-07T16:48:50.291+0100] {processor.py:925} INFO - DAG(s) 'example_branch_datetime_operator', 'example_branch_datetime_operator_3', 'example_branch_datetime_operator_2' retrieved from /usr/local/anaconda3/envs/airflow_env/lib/python3.8/site-packages/airflow/example_dags/example_branch_datetime_operator.py
[2025-03-07T16:48:50.367+0100] {logging_mixin.py:190} INFO - [2025-03-07T16:48:50.367+0100] {dag.py:3239} INFO - Sync 3 DAGs
[2025-03-07T16:48:50.380+0100] {logging_mixin.py:190} INFO - [2025-03-07T16:48:50.380+0100] {dag.py:4180} INFO - Setting next_dagrun for example_branch_datetime_operator to 2025-03-06T00:00:00+00:00, run_after=2025-03-07T00:00:00+00:00
[2025-03-07T16:48:50.383+0100] {logging_mixin.py:190} INFO - [2025-03-07T16:48:50.383+0100] {dag.py:4180} INFO - Setting next_dagrun for example_branch_datetime_operator_2 to 2025-03-06T00:00:00+00:00, run_after=2025-03-07T00:00:00+00:00
[2025-03-07T16:48:50.385+0100] {logging_mixin.py:190} INFO - [2025-03-07T16:48:50.384+0100] {dag.py:4180} INFO - Setting next_dagrun for example_branch_datetime_operator_3 to 2025-03-06T00:00:00+00:00, run_after=2025-03-07T00:00:00+00:00
[2025-03-07T16:48:50.395+0100] {processor.py:208} INFO - Processing /usr/local/anaconda3/envs/airflow_env/lib/python3.8/site-packages/airflow/example_dags/example_branch_datetime_operator.py took 0.121 seconds
[2025-03-07T16:56:58.575+0100] {processor.py:186} INFO - Started process (PID=19554) to work on /usr/local/anaconda3/envs/airflow_env/lib/python3.8/site-packages/airflow/example_dags/example_branch_datetime_operator.py
[2025-03-07T16:56:58.578+0100] {processor.py:914} INFO - Processing file /usr/local/anaconda3/envs/airflow_env/lib/python3.8/site-packages/airflow/example_dags/example_branch_datetime_operator.py for tasks to queue
[2025-03-07T16:56:58.579+0100] {logging_mixin.py:190} INFO - [2025-03-07T16:56:58.579+0100] {dagbag.py:588} INFO - Filling up the DagBag from /usr/local/anaconda3/envs/airflow_env/lib/python3.8/site-packages/airflow/example_dags/example_branch_datetime_operator.py
[2025-03-07T16:56:58.589+0100] {processor.py:925} INFO - DAG(s) 'example_branch_datetime_operator_3', 'example_branch_datetime_operator_2', 'example_branch_datetime_operator' retrieved from /usr/local/anaconda3/envs/airflow_env/lib/python3.8/site-packages/airflow/example_dags/example_branch_datetime_operator.py
[2025-03-07T16:56:58.666+0100] {logging_mixin.py:190} INFO - [2025-03-07T16:56:58.666+0100] {dag.py:3239} INFO - Sync 3 DAGs
[2025-03-07T16:56:58.679+0100] {logging_mixin.py:190} INFO - [2025-03-07T16:56:58.679+0100] {dag.py:4180} INFO - Setting next_dagrun for example_branch_datetime_operator to 2025-03-06T00:00:00+00:00, run_after=2025-03-07T00:00:00+00:00
[2025-03-07T16:56:58.683+0100] {logging_mixin.py:190} INFO - [2025-03-07T16:56:58.683+0100] {dag.py:4180} INFO - Setting next_dagrun for example_branch_datetime_operator_2 to 2025-03-06T00:00:00+00:00, run_after=2025-03-07T00:00:00+00:00
[2025-03-07T16:56:58.684+0100] {logging_mixin.py:190} INFO - [2025-03-07T16:56:58.684+0100] {dag.py:4180} INFO - Setting next_dagrun for example_branch_datetime_operator_3 to 2025-03-06T00:00:00+00:00, run_after=2025-03-07T00:00:00+00:00
[2025-03-07T16:56:58.695+0100] {processor.py:208} INFO - Processing /usr/local/anaconda3/envs/airflow_env/lib/python3.8/site-packages/airflow/example_dags/example_branch_datetime_operator.py took 0.123 seconds
[2025-03-07T17:01:49.895+0100] {processor.py:186} INFO - Started process (PID=20346) to work on /usr/local/anaconda3/envs/airflow_env/lib/python3.8/site-packages/airflow/example_dags/example_branch_datetime_operator.py
[2025-03-07T17:01:49.898+0100] {processor.py:914} INFO - Processing file /usr/local/anaconda3/envs/airflow_env/lib/python3.8/site-packages/airflow/example_dags/example_branch_datetime_operator.py for tasks to queue
[2025-03-07T17:01:49.899+0100] {logging_mixin.py:190} INFO - [2025-03-07T17:01:49.899+0100] {dagbag.py:588} INFO - Filling up the DagBag from /usr/local/anaconda3/envs/airflow_env/lib/python3.8/site-packages/airflow/example_dags/example_branch_datetime_operator.py
[2025-03-07T17:01:49.909+0100] {processor.py:925} INFO - DAG(s) 'example_branch_datetime_operator_3', 'example_branch_datetime_operator', 'example_branch_datetime_operator_2' retrieved from /usr/local/anaconda3/envs/airflow_env/lib/python3.8/site-packages/airflow/example_dags/example_branch_datetime_operator.py
[2025-03-07T17:01:49.985+0100] {logging_mixin.py:190} INFO - [2025-03-07T17:01:49.985+0100] {dag.py:3239} INFO - Sync 3 DAGs
[2025-03-07T17:01:49.998+0100] {logging_mixin.py:190} INFO - [2025-03-07T17:01:49.998+0100] {dag.py:4180} INFO - Setting next_dagrun for example_branch_datetime_operator to 2025-03-06T00:00:00+00:00, run_after=2025-03-07T00:00:00+00:00
[2025-03-07T17:01:50.001+0100] {logging_mixin.py:190} INFO - [2025-03-07T17:01:50.000+0100] {dag.py:4180} INFO - Setting next_dagrun for example_branch_datetime_operator_2 to 2025-03-06T00:00:00+00:00, run_after=2025-03-07T00:00:00+00:00
[2025-03-07T17:01:50.002+0100] {logging_mixin.py:190} INFO - [2025-03-07T17:01:50.002+0100] {dag.py:4180} INFO - Setting next_dagrun for example_branch_datetime_operator_3 to 2025-03-06T00:00:00+00:00, run_after=2025-03-07T00:00:00+00:00
[2025-03-07T17:01:50.013+0100] {processor.py:208} INFO - Processing /usr/local/anaconda3/envs/airflow_env/lib/python3.8/site-packages/airflow/example_dags/example_branch_datetime_operator.py took 0.121 seconds
[2025-03-07T17:10:02.757+0100] {processor.py:186} INFO - Started process (PID=20729) to work on /usr/local/anaconda3/envs/airflow_env/lib/python3.8/site-packages/airflow/example_dags/example_branch_datetime_operator.py
[2025-03-07T17:10:02.760+0100] {processor.py:914} INFO - Processing file /usr/local/anaconda3/envs/airflow_env/lib/python3.8/site-packages/airflow/example_dags/example_branch_datetime_operator.py for tasks to queue
[2025-03-07T17:10:02.761+0100] {logging_mixin.py:190} INFO - [2025-03-07T17:10:02.761+0100] {dagbag.py:588} INFO - Filling up the DagBag from /usr/local/anaconda3/envs/airflow_env/lib/python3.8/site-packages/airflow/example_dags/example_branch_datetime_operator.py
[2025-03-07T17:10:02.771+0100] {processor.py:925} INFO - DAG(s) 'example_branch_datetime_operator_2', 'example_branch_datetime_operator_3', 'example_branch_datetime_operator' retrieved from /usr/local/anaconda3/envs/airflow_env/lib/python3.8/site-packages/airflow/example_dags/example_branch_datetime_operator.py
[2025-03-07T17:10:02.849+0100] {logging_mixin.py:190} INFO - [2025-03-07T17:10:02.849+0100] {dag.py:3239} INFO - Sync 3 DAGs
[2025-03-07T17:10:02.862+0100] {logging_mixin.py:190} INFO - [2025-03-07T17:10:02.862+0100] {dag.py:4180} INFO - Setting next_dagrun for example_branch_datetime_operator to 2025-03-06T00:00:00+00:00, run_after=2025-03-07T00:00:00+00:00
[2025-03-07T17:10:02.865+0100] {logging_mixin.py:190} INFO - [2025-03-07T17:10:02.865+0100] {dag.py:4180} INFO - Setting next_dagrun for example_branch_datetime_operator_2 to 2025-03-06T00:00:00+00:00, run_after=2025-03-07T00:00:00+00:00
[2025-03-07T17:10:02.866+0100] {logging_mixin.py:190} INFO - [2025-03-07T17:10:02.866+0100] {dag.py:4180} INFO - Setting next_dagrun for example_branch_datetime_operator_3 to 2025-03-06T00:00:00+00:00, run_after=2025-03-07T00:00:00+00:00
[2025-03-07T17:10:02.877+0100] {processor.py:208} INFO - Processing /usr/local/anaconda3/envs/airflow_env/lib/python3.8/site-packages/airflow/example_dags/example_branch_datetime_operator.py took 0.123 seconds
[2025-03-07T17:14:47.119+0100] {processor.py:186} INFO - Started process (PID=21435) to work on /usr/local/anaconda3/envs/airflow_env/lib/python3.8/site-packages/airflow/example_dags/example_branch_datetime_operator.py
[2025-03-07T17:14:47.123+0100] {processor.py:914} INFO - Processing file /usr/local/anaconda3/envs/airflow_env/lib/python3.8/site-packages/airflow/example_dags/example_branch_datetime_operator.py for tasks to queue
[2025-03-07T17:14:47.123+0100] {logging_mixin.py:190} INFO - [2025-03-07T17:14:47.123+0100] {dagbag.py:588} INFO - Filling up the DagBag from /usr/local/anaconda3/envs/airflow_env/lib/python3.8/site-packages/airflow/example_dags/example_branch_datetime_operator.py
[2025-03-07T17:14:47.133+0100] {processor.py:925} INFO - DAG(s) 'example_branch_datetime_operator', 'example_branch_datetime_operator_2', 'example_branch_datetime_operator_3' retrieved from /usr/local/anaconda3/envs/airflow_env/lib/python3.8/site-packages/airflow/example_dags/example_branch_datetime_operator.py
[2025-03-07T17:14:47.212+0100] {logging_mixin.py:190} INFO - [2025-03-07T17:14:47.212+0100] {dag.py:3239} INFO - Sync 3 DAGs
[2025-03-07T17:14:47.226+0100] {logging_mixin.py:190} INFO - [2025-03-07T17:14:47.226+0100] {dag.py:4180} INFO - Setting next_dagrun for example_branch_datetime_operator to 2025-03-06T00:00:00+00:00, run_after=2025-03-07T00:00:00+00:00
[2025-03-07T17:14:47.229+0100] {logging_mixin.py:190} INFO - [2025-03-07T17:14:47.229+0100] {dag.py:4180} INFO - Setting next_dagrun for example_branch_datetime_operator_2 to 2025-03-06T00:00:00+00:00, run_after=2025-03-07T00:00:00+00:00
[2025-03-07T17:14:47.231+0100] {logging_mixin.py:190} INFO - [2025-03-07T17:14:47.231+0100] {dag.py:4180} INFO - Setting next_dagrun for example_branch_datetime_operator_3 to 2025-03-06T00:00:00+00:00, run_after=2025-03-07T00:00:00+00:00
[2025-03-07T17:14:47.242+0100] {processor.py:208} INFO - Processing /usr/local/anaconda3/envs/airflow_env/lib/python3.8/site-packages/airflow/example_dags/example_branch_datetime_operator.py took 0.126 seconds
[2025-03-07T17:26:29.907+0100] {processor.py:186} INFO - Started process (PID=22563) to work on /usr/local/anaconda3/envs/airflow_env/lib/python3.8/site-packages/airflow/example_dags/example_branch_datetime_operator.py
[2025-03-07T17:26:29.910+0100] {processor.py:914} INFO - Processing file /usr/local/anaconda3/envs/airflow_env/lib/python3.8/site-packages/airflow/example_dags/example_branch_datetime_operator.py for tasks to queue
[2025-03-07T17:26:29.911+0100] {logging_mixin.py:190} INFO - [2025-03-07T17:26:29.911+0100] {dagbag.py:588} INFO - Filling up the DagBag from /usr/local/anaconda3/envs/airflow_env/lib/python3.8/site-packages/airflow/example_dags/example_branch_datetime_operator.py
[2025-03-07T17:26:29.921+0100] {processor.py:925} INFO - DAG(s) 'example_branch_datetime_operator_3', 'example_branch_datetime_operator_2', 'example_branch_datetime_operator' retrieved from /usr/local/anaconda3/envs/airflow_env/lib/python3.8/site-packages/airflow/example_dags/example_branch_datetime_operator.py
[2025-03-07T17:26:29.998+0100] {logging_mixin.py:190} INFO - [2025-03-07T17:26:29.998+0100] {dag.py:3239} INFO - Sync 3 DAGs
[2025-03-07T17:26:30.010+0100] {logging_mixin.py:190} INFO - [2025-03-07T17:26:30.010+0100] {dag.py:4180} INFO - Setting next_dagrun for example_branch_datetime_operator to 2025-03-06T00:00:00+00:00, run_after=2025-03-07T00:00:00+00:00
[2025-03-07T17:26:30.013+0100] {logging_mixin.py:190} INFO - [2025-03-07T17:26:30.013+0100] {dag.py:4180} INFO - Setting next_dagrun for example_branch_datetime_operator_2 to 2025-03-06T00:00:00+00:00, run_after=2025-03-07T00:00:00+00:00
[2025-03-07T17:26:30.015+0100] {logging_mixin.py:190} INFO - [2025-03-07T17:26:30.015+0100] {dag.py:4180} INFO - Setting next_dagrun for example_branch_datetime_operator_3 to 2025-03-06T00:00:00+00:00, run_after=2025-03-07T00:00:00+00:00
[2025-03-07T17:26:30.025+0100] {processor.py:208} INFO - Processing /usr/local/anaconda3/envs/airflow_env/lib/python3.8/site-packages/airflow/example_dags/example_branch_datetime_operator.py took 0.121 seconds
[2025-03-07T20:43:30.690+0100] {processor.py:186} INFO - Started process (PID=23305) to work on /usr/local/anaconda3/envs/airflow_env/lib/python3.8/site-packages/airflow/example_dags/example_branch_datetime_operator.py
[2025-03-07T20:43:30.693+0100] {processor.py:914} INFO - Processing file /usr/local/anaconda3/envs/airflow_env/lib/python3.8/site-packages/airflow/example_dags/example_branch_datetime_operator.py for tasks to queue
[2025-03-07T20:43:30.694+0100] {logging_mixin.py:190} INFO - [2025-03-07T20:43:30.694+0100] {dagbag.py:588} INFO - Filling up the DagBag from /usr/local/anaconda3/envs/airflow_env/lib/python3.8/site-packages/airflow/example_dags/example_branch_datetime_operator.py
[2025-03-07T20:43:30.704+0100] {processor.py:925} INFO - DAG(s) 'example_branch_datetime_operator_3', 'example_branch_datetime_operator', 'example_branch_datetime_operator_2' retrieved from /usr/local/anaconda3/envs/airflow_env/lib/python3.8/site-packages/airflow/example_dags/example_branch_datetime_operator.py
[2025-03-07T20:43:30.780+0100] {logging_mixin.py:190} INFO - [2025-03-07T20:43:30.780+0100] {dag.py:3239} INFO - Sync 3 DAGs
[2025-03-07T20:43:30.793+0100] {logging_mixin.py:190} INFO - [2025-03-07T20:43:30.793+0100] {dag.py:4180} INFO - Setting next_dagrun for example_branch_datetime_operator to 2025-03-06T00:00:00+00:00, run_after=2025-03-07T00:00:00+00:00
[2025-03-07T20:43:30.796+0100] {logging_mixin.py:190} INFO - [2025-03-07T20:43:30.796+0100] {dag.py:4180} INFO - Setting next_dagrun for example_branch_datetime_operator_2 to 2025-03-06T00:00:00+00:00, run_after=2025-03-07T00:00:00+00:00
[2025-03-07T20:43:30.798+0100] {logging_mixin.py:190} INFO - [2025-03-07T20:43:30.798+0100] {dag.py:4180} INFO - Setting next_dagrun for example_branch_datetime_operator_3 to 2025-03-06T00:00:00+00:00, run_after=2025-03-07T00:00:00+00:00
[2025-03-07T20:43:30.809+0100] {processor.py:208} INFO - Processing /usr/local/anaconda3/envs/airflow_env/lib/python3.8/site-packages/airflow/example_dags/example_branch_datetime_operator.py took 0.123 seconds
[2025-03-07T20:48:39.937+0100] {processor.py:186} INFO - Started process (PID=23973) to work on /usr/local/anaconda3/envs/airflow_env/lib/python3.8/site-packages/airflow/example_dags/example_branch_datetime_operator.py
[2025-03-07T20:48:39.940+0100] {processor.py:914} INFO - Processing file /usr/local/anaconda3/envs/airflow_env/lib/python3.8/site-packages/airflow/example_dags/example_branch_datetime_operator.py for tasks to queue
[2025-03-07T20:48:39.941+0100] {logging_mixin.py:190} INFO - [2025-03-07T20:48:39.941+0100] {dagbag.py:588} INFO - Filling up the DagBag from /usr/local/anaconda3/envs/airflow_env/lib/python3.8/site-packages/airflow/example_dags/example_branch_datetime_operator.py
[2025-03-07T20:48:39.951+0100] {processor.py:925} INFO - DAG(s) 'example_branch_datetime_operator', 'example_branch_datetime_operator_3', 'example_branch_datetime_operator_2' retrieved from /usr/local/anaconda3/envs/airflow_env/lib/python3.8/site-packages/airflow/example_dags/example_branch_datetime_operator.py
[2025-03-07T20:48:40.026+0100] {logging_mixin.py:190} INFO - [2025-03-07T20:48:40.025+0100] {dag.py:3239} INFO - Sync 3 DAGs
[2025-03-07T20:48:40.038+0100] {logging_mixin.py:190} INFO - [2025-03-07T20:48:40.038+0100] {dag.py:4180} INFO - Setting next_dagrun for example_branch_datetime_operator to 2025-03-06T00:00:00+00:00, run_after=2025-03-07T00:00:00+00:00
[2025-03-07T20:48:40.041+0100] {logging_mixin.py:190} INFO - [2025-03-07T20:48:40.041+0100] {dag.py:4180} INFO - Setting next_dagrun for example_branch_datetime_operator_2 to 2025-03-06T00:00:00+00:00, run_after=2025-03-07T00:00:00+00:00
[2025-03-07T20:48:40.043+0100] {logging_mixin.py:190} INFO - [2025-03-07T20:48:40.042+0100] {dag.py:4180} INFO - Setting next_dagrun for example_branch_datetime_operator_3 to 2025-03-06T00:00:00+00:00, run_after=2025-03-07T00:00:00+00:00
[2025-03-07T20:48:40.053+0100] {processor.py:208} INFO - Processing /usr/local/anaconda3/envs/airflow_env/lib/python3.8/site-packages/airflow/example_dags/example_branch_datetime_operator.py took 0.119 seconds
[2025-03-07T20:53:27.785+0100] {processor.py:186} INFO - Started process (PID=24454) to work on /usr/local/anaconda3/envs/airflow_env/lib/python3.8/site-packages/airflow/example_dags/example_branch_datetime_operator.py
[2025-03-07T20:53:27.788+0100] {processor.py:914} INFO - Processing file /usr/local/anaconda3/envs/airflow_env/lib/python3.8/site-packages/airflow/example_dags/example_branch_datetime_operator.py for tasks to queue
[2025-03-07T20:53:27.789+0100] {logging_mixin.py:190} INFO - [2025-03-07T20:53:27.789+0100] {dagbag.py:588} INFO - Filling up the DagBag from /usr/local/anaconda3/envs/airflow_env/lib/python3.8/site-packages/airflow/example_dags/example_branch_datetime_operator.py
[2025-03-07T20:53:27.799+0100] {processor.py:925} INFO - DAG(s) 'example_branch_datetime_operator_3', 'example_branch_datetime_operator', 'example_branch_datetime_operator_2' retrieved from /usr/local/anaconda3/envs/airflow_env/lib/python3.8/site-packages/airflow/example_dags/example_branch_datetime_operator.py
[2025-03-07T20:53:27.878+0100] {logging_mixin.py:190} INFO - [2025-03-07T20:53:27.877+0100] {dag.py:3239} INFO - Sync 3 DAGs
[2025-03-07T20:53:27.891+0100] {logging_mixin.py:190} INFO - [2025-03-07T20:53:27.890+0100] {dag.py:4180} INFO - Setting next_dagrun for example_branch_datetime_operator to 2025-03-06T00:00:00+00:00, run_after=2025-03-07T00:00:00+00:00
[2025-03-07T20:53:27.894+0100] {logging_mixin.py:190} INFO - [2025-03-07T20:53:27.894+0100] {dag.py:4180} INFO - Setting next_dagrun for example_branch_datetime_operator_2 to 2025-03-06T00:00:00+00:00, run_after=2025-03-07T00:00:00+00:00
[2025-03-07T20:53:27.895+0100] {logging_mixin.py:190} INFO - [2025-03-07T20:53:27.895+0100] {dag.py:4180} INFO - Setting next_dagrun for example_branch_datetime_operator_3 to 2025-03-06T00:00:00+00:00, run_after=2025-03-07T00:00:00+00:00
[2025-03-07T20:53:27.906+0100] {processor.py:208} INFO - Processing /usr/local/anaconda3/envs/airflow_env/lib/python3.8/site-packages/airflow/example_dags/example_branch_datetime_operator.py took 0.124 seconds
[2025-03-07T20:58:12.556+0100] {processor.py:186} INFO - Started process (PID=24950) to work on /usr/local/anaconda3/envs/airflow_env/lib/python3.8/site-packages/airflow/example_dags/example_branch_datetime_operator.py
[2025-03-07T20:58:12.559+0100] {processor.py:914} INFO - Processing file /usr/local/anaconda3/envs/airflow_env/lib/python3.8/site-packages/airflow/example_dags/example_branch_datetime_operator.py for tasks to queue
[2025-03-07T20:58:12.560+0100] {logging_mixin.py:190} INFO - [2025-03-07T20:58:12.560+0100] {dagbag.py:588} INFO - Filling up the DagBag from /usr/local/anaconda3/envs/airflow_env/lib/python3.8/site-packages/airflow/example_dags/example_branch_datetime_operator.py
[2025-03-07T20:58:12.570+0100] {processor.py:925} INFO - DAG(s) 'example_branch_datetime_operator_2', 'example_branch_datetime_operator', 'example_branch_datetime_operator_3' retrieved from /usr/local/anaconda3/envs/airflow_env/lib/python3.8/site-packages/airflow/example_dags/example_branch_datetime_operator.py
[2025-03-07T20:58:12.647+0100] {logging_mixin.py:190} INFO - [2025-03-07T20:58:12.647+0100] {dag.py:3239} INFO - Sync 3 DAGs
[2025-03-07T20:58:12.660+0100] {logging_mixin.py:190} INFO - [2025-03-07T20:58:12.660+0100] {dag.py:4180} INFO - Setting next_dagrun for example_branch_datetime_operator to 2025-03-06T00:00:00+00:00, run_after=2025-03-07T00:00:00+00:00
[2025-03-07T20:58:12.663+0100] {logging_mixin.py:190} INFO - [2025-03-07T20:58:12.663+0100] {dag.py:4180} INFO - Setting next_dagrun for example_branch_datetime_operator_2 to 2025-03-06T00:00:00+00:00, run_after=2025-03-07T00:00:00+00:00
[2025-03-07T20:58:12.665+0100] {logging_mixin.py:190} INFO - [2025-03-07T20:58:12.664+0100] {dag.py:4180} INFO - Setting next_dagrun for example_branch_datetime_operator_3 to 2025-03-06T00:00:00+00:00, run_after=2025-03-07T00:00:00+00:00
[2025-03-07T20:58:12.675+0100] {processor.py:208} INFO - Processing /usr/local/anaconda3/envs/airflow_env/lib/python3.8/site-packages/airflow/example_dags/example_branch_datetime_operator.py took 0.122 seconds
[2025-03-07T21:04:21.895+0100] {processor.py:186} INFO - Started process (PID=25540) to work on /usr/local/anaconda3/envs/airflow_env/lib/python3.8/site-packages/airflow/example_dags/example_branch_datetime_operator.py
[2025-03-07T21:04:21.898+0100] {processor.py:914} INFO - Processing file /usr/local/anaconda3/envs/airflow_env/lib/python3.8/site-packages/airflow/example_dags/example_branch_datetime_operator.py for tasks to queue
[2025-03-07T21:04:21.899+0100] {logging_mixin.py:190} INFO - [2025-03-07T21:04:21.898+0100] {dagbag.py:588} INFO - Filling up the DagBag from /usr/local/anaconda3/envs/airflow_env/lib/python3.8/site-packages/airflow/example_dags/example_branch_datetime_operator.py
[2025-03-07T21:04:21.908+0100] {processor.py:925} INFO - DAG(s) 'example_branch_datetime_operator_2', 'example_branch_datetime_operator', 'example_branch_datetime_operator_3' retrieved from /usr/local/anaconda3/envs/airflow_env/lib/python3.8/site-packages/airflow/example_dags/example_branch_datetime_operator.py
[2025-03-07T21:04:21.983+0100] {logging_mixin.py:190} INFO - [2025-03-07T21:04:21.983+0100] {dag.py:3239} INFO - Sync 3 DAGs
[2025-03-07T21:04:21.996+0100] {logging_mixin.py:190} INFO - [2025-03-07T21:04:21.995+0100] {dag.py:4180} INFO - Setting next_dagrun for example_branch_datetime_operator to 2025-03-06T00:00:00+00:00, run_after=2025-03-07T00:00:00+00:00
[2025-03-07T21:04:21.998+0100] {logging_mixin.py:190} INFO - [2025-03-07T21:04:21.998+0100] {dag.py:4180} INFO - Setting next_dagrun for example_branch_datetime_operator_2 to 2025-03-06T00:00:00+00:00, run_after=2025-03-07T00:00:00+00:00
[2025-03-07T21:04:22.000+0100] {logging_mixin.py:190} INFO - [2025-03-07T21:04:22.000+0100] {dag.py:4180} INFO - Setting next_dagrun for example_branch_datetime_operator_3 to 2025-03-06T00:00:00+00:00, run_after=2025-03-07T00:00:00+00:00
[2025-03-07T21:04:22.010+0100] {processor.py:208} INFO - Processing /usr/local/anaconda3/envs/airflow_env/lib/python3.8/site-packages/airflow/example_dags/example_branch_datetime_operator.py took 0.118 seconds
[2025-03-07T21:09:02.130+0100] {processor.py:186} INFO - Started process (PID=26017) to work on /usr/local/anaconda3/envs/airflow_env/lib/python3.8/site-packages/airflow/example_dags/example_branch_datetime_operator.py
[2025-03-07T21:09:02.133+0100] {processor.py:914} INFO - Processing file /usr/local/anaconda3/envs/airflow_env/lib/python3.8/site-packages/airflow/example_dags/example_branch_datetime_operator.py for tasks to queue
[2025-03-07T21:09:02.134+0100] {logging_mixin.py:190} INFO - [2025-03-07T21:09:02.134+0100] {dagbag.py:588} INFO - Filling up the DagBag from /usr/local/anaconda3/envs/airflow_env/lib/python3.8/site-packages/airflow/example_dags/example_branch_datetime_operator.py
[2025-03-07T21:09:02.156+0100] {processor.py:925} INFO - DAG(s) 'example_branch_datetime_operator_3', 'example_branch_datetime_operator', 'example_branch_datetime_operator_2' retrieved from /usr/local/anaconda3/envs/airflow_env/lib/python3.8/site-packages/airflow/example_dags/example_branch_datetime_operator.py
[2025-03-07T21:09:02.237+0100] {logging_mixin.py:190} INFO - [2025-03-07T21:09:02.237+0100] {dag.py:3239} INFO - Sync 3 DAGs
[2025-03-07T21:09:02.251+0100] {logging_mixin.py:190} INFO - [2025-03-07T21:09:02.251+0100] {dag.py:4180} INFO - Setting next_dagrun for example_branch_datetime_operator to 2025-03-06T00:00:00+00:00, run_after=2025-03-07T00:00:00+00:00
[2025-03-07T21:09:02.254+0100] {logging_mixin.py:190} INFO - [2025-03-07T21:09:02.254+0100] {dag.py:4180} INFO - Setting next_dagrun for example_branch_datetime_operator_2 to 2025-03-06T00:00:00+00:00, run_after=2025-03-07T00:00:00+00:00
[2025-03-07T21:09:02.255+0100] {logging_mixin.py:190} INFO - [2025-03-07T21:09:02.255+0100] {dag.py:4180} INFO - Setting next_dagrun for example_branch_datetime_operator_3 to 2025-03-06T00:00:00+00:00, run_after=2025-03-07T00:00:00+00:00
[2025-03-07T21:09:02.267+0100] {processor.py:208} INFO - Processing /usr/local/anaconda3/envs/airflow_env/lib/python3.8/site-packages/airflow/example_dags/example_branch_datetime_operator.py took 0.140 seconds
