[2025-03-07T14:13:06.219+0100] {processor.py:186} INFO - Started process (PID=2903) to work on /usr/local/anaconda3/envs/airflow_env/lib/python3.8/site-packages/airflow/example_dags/example_bash_operator.py
[2025-03-07T14:13:06.222+0100] {processor.py:914} INFO - Processing file /usr/local/anaconda3/envs/airflow_env/lib/python3.8/site-packages/airflow/example_dags/example_bash_operator.py for tasks to queue
[2025-03-07T14:13:06.223+0100] {logging_mixin.py:190} INFO - [2025-03-07T14:13:06.223+0100] {dagbag.py:588} INFO - Filling up the DagBag from /usr/local/anaconda3/envs/airflow_env/lib/python3.8/site-packages/airflow/example_dags/example_bash_operator.py
[2025-03-07T14:13:06.232+0100] {processor.py:925} INFO - DAG(s) 'example_bash_operator' retrieved from /usr/local/anaconda3/envs/airflow_env/lib/python3.8/site-packages/airflow/example_dags/example_bash_operator.py
[2025-03-07T14:13:06.364+0100] {logging_mixin.py:190} INFO - [2025-03-07T14:13:06.364+0100] {override.py:1901} INFO - Created Permission View: can delete on DAG:example_bash_operator
[2025-03-07T14:13:06.369+0100] {logging_mixin.py:190} INFO - [2025-03-07T14:13:06.369+0100] {override.py:1901} INFO - Created Permission View: can edit on DAG:example_bash_operator
[2025-03-07T14:13:06.373+0100] {logging_mixin.py:190} INFO - [2025-03-07T14:13:06.373+0100] {override.py:1901} INFO - Created Permission View: can read on DAG:example_bash_operator
[2025-03-07T14:13:06.378+0100] {logging_mixin.py:190} INFO - [2025-03-07T14:13:06.378+0100] {override.py:1901} INFO - Created Permission View: can delete on DAG Run:example_bash_operator
[2025-03-07T14:13:06.382+0100] {logging_mixin.py:190} INFO - [2025-03-07T14:13:06.382+0100] {override.py:1901} INFO - Created Permission View: menu access on DAG Run:example_bash_operator
[2025-03-07T14:13:06.386+0100] {logging_mixin.py:190} INFO - [2025-03-07T14:13:06.386+0100] {override.py:1901} INFO - Created Permission View: can read on DAG Run:example_bash_operator
[2025-03-07T14:13:06.390+0100] {logging_mixin.py:190} INFO - [2025-03-07T14:13:06.390+0100] {override.py:1901} INFO - Created Permission View: can create on DAG Run:example_bash_operator
[2025-03-07T14:13:06.390+0100] {logging_mixin.py:190} INFO - [2025-03-07T14:13:06.390+0100] {dag.py:3239} INFO - Sync 1 DAGs
[2025-03-07T14:13:06.397+0100] {logging_mixin.py:190} INFO - [2025-03-07T14:13:06.397+0100] {dag.py:3262} INFO - Creating ORM DAG for example_bash_operator
[2025-03-07T14:13:06.403+0100] {logging_mixin.py:190} INFO - [2025-03-07T14:13:06.403+0100] {dag.py:4180} INFO - Setting next_dagrun for example_bash_operator to 2025-03-06T00:00:00+00:00, run_after=2025-03-07T00:00:00+00:00
[2025-03-07T14:13:06.414+0100] {processor.py:208} INFO - Processing /usr/local/anaconda3/envs/airflow_env/lib/python3.8/site-packages/airflow/example_dags/example_bash_operator.py took 0.198 seconds
[2025-03-07T14:18:09.628+0100] {processor.py:186} INFO - Started process (PID=3425) to work on /usr/local/anaconda3/envs/airflow_env/lib/python3.8/site-packages/airflow/example_dags/example_bash_operator.py
[2025-03-07T14:18:09.631+0100] {processor.py:914} INFO - Processing file /usr/local/anaconda3/envs/airflow_env/lib/python3.8/site-packages/airflow/example_dags/example_bash_operator.py for tasks to queue
[2025-03-07T14:18:09.632+0100] {logging_mixin.py:190} INFO - [2025-03-07T14:18:09.632+0100] {dagbag.py:588} INFO - Filling up the DagBag from /usr/local/anaconda3/envs/airflow_env/lib/python3.8/site-packages/airflow/example_dags/example_bash_operator.py
[2025-03-07T14:18:09.641+0100] {processor.py:925} INFO - DAG(s) 'example_bash_operator' retrieved from /usr/local/anaconda3/envs/airflow_env/lib/python3.8/site-packages/airflow/example_dags/example_bash_operator.py
[2025-03-07T14:18:09.720+0100] {logging_mixin.py:190} INFO - [2025-03-07T14:18:09.720+0100] {dag.py:3239} INFO - Sync 1 DAGs
[2025-03-07T14:18:09.733+0100] {logging_mixin.py:190} INFO - [2025-03-07T14:18:09.733+0100] {dag.py:4180} INFO - Setting next_dagrun for example_bash_operator to 2025-03-06T00:00:00+00:00, run_after=2025-03-07T00:00:00+00:00
[2025-03-07T14:18:09.745+0100] {processor.py:208} INFO - Processing /usr/local/anaconda3/envs/airflow_env/lib/python3.8/site-packages/airflow/example_dags/example_bash_operator.py took 0.120 seconds
[2025-03-07T14:22:40.204+0100] {processor.py:186} INFO - Started process (PID=3948) to work on /usr/local/anaconda3/envs/airflow_env/lib/python3.8/site-packages/airflow/example_dags/example_bash_operator.py
[2025-03-07T14:22:40.207+0100] {processor.py:914} INFO - Processing file /usr/local/anaconda3/envs/airflow_env/lib/python3.8/site-packages/airflow/example_dags/example_bash_operator.py for tasks to queue
[2025-03-07T14:22:40.208+0100] {logging_mixin.py:190} INFO - [2025-03-07T14:22:40.208+0100] {dagbag.py:588} INFO - Filling up the DagBag from /usr/local/anaconda3/envs/airflow_env/lib/python3.8/site-packages/airflow/example_dags/example_bash_operator.py
[2025-03-07T14:22:40.218+0100] {processor.py:925} INFO - DAG(s) 'example_bash_operator' retrieved from /usr/local/anaconda3/envs/airflow_env/lib/python3.8/site-packages/airflow/example_dags/example_bash_operator.py
[2025-03-07T14:22:40.298+0100] {logging_mixin.py:190} INFO - [2025-03-07T14:22:40.297+0100] {dag.py:3239} INFO - Sync 1 DAGs
[2025-03-07T14:22:40.311+0100] {logging_mixin.py:190} INFO - [2025-03-07T14:22:40.311+0100] {dag.py:4180} INFO - Setting next_dagrun for example_bash_operator to 2025-03-06T00:00:00+00:00, run_after=2025-03-07T00:00:00+00:00
[2025-03-07T14:22:40.323+0100] {processor.py:208} INFO - Processing /usr/local/anaconda3/envs/airflow_env/lib/python3.8/site-packages/airflow/example_dags/example_bash_operator.py took 0.122 seconds
[2025-03-07T14:45:56.547+0100] {processor.py:186} INFO - Started process (PID=5055) to work on /usr/local/anaconda3/envs/airflow_env/lib/python3.8/site-packages/airflow/example_dags/example_bash_operator.py
[2025-03-07T14:45:56.550+0100] {processor.py:914} INFO - Processing file /usr/local/anaconda3/envs/airflow_env/lib/python3.8/site-packages/airflow/example_dags/example_bash_operator.py for tasks to queue
[2025-03-07T14:45:56.550+0100] {logging_mixin.py:190} INFO - [2025-03-07T14:45:56.550+0100] {dagbag.py:588} INFO - Filling up the DagBag from /usr/local/anaconda3/envs/airflow_env/lib/python3.8/site-packages/airflow/example_dags/example_bash_operator.py
[2025-03-07T14:45:56.561+0100] {processor.py:925} INFO - DAG(s) 'example_bash_operator' retrieved from /usr/local/anaconda3/envs/airflow_env/lib/python3.8/site-packages/airflow/example_dags/example_bash_operator.py
[2025-03-07T14:45:56.638+0100] {logging_mixin.py:190} INFO - [2025-03-07T14:45:56.637+0100] {dag.py:3239} INFO - Sync 1 DAGs
[2025-03-07T14:45:56.650+0100] {logging_mixin.py:190} INFO - [2025-03-07T14:45:56.649+0100] {dag.py:4180} INFO - Setting next_dagrun for example_bash_operator to 2025-03-06T00:00:00+00:00, run_after=2025-03-07T00:00:00+00:00
[2025-03-07T14:45:56.661+0100] {processor.py:208} INFO - Processing /usr/local/anaconda3/envs/airflow_env/lib/python3.8/site-packages/airflow/example_dags/example_bash_operator.py took 0.118 seconds
[2025-03-07T14:55:19.987+0100] {processor.py:186} INFO - Started process (PID=6216) to work on /usr/local/anaconda3/envs/airflow_env/lib/python3.8/site-packages/airflow/example_dags/example_bash_operator.py
[2025-03-07T14:55:19.990+0100] {processor.py:914} INFO - Processing file /usr/local/anaconda3/envs/airflow_env/lib/python3.8/site-packages/airflow/example_dags/example_bash_operator.py for tasks to queue
[2025-03-07T14:55:19.991+0100] {logging_mixin.py:190} INFO - [2025-03-07T14:55:19.991+0100] {dagbag.py:588} INFO - Filling up the DagBag from /usr/local/anaconda3/envs/airflow_env/lib/python3.8/site-packages/airflow/example_dags/example_bash_operator.py
[2025-03-07T14:55:20.002+0100] {processor.py:925} INFO - DAG(s) 'example_bash_operator' retrieved from /usr/local/anaconda3/envs/airflow_env/lib/python3.8/site-packages/airflow/example_dags/example_bash_operator.py
[2025-03-07T14:55:20.079+0100] {logging_mixin.py:190} INFO - [2025-03-07T14:55:20.078+0100] {dag.py:3239} INFO - Sync 1 DAGs
[2025-03-07T14:55:20.090+0100] {logging_mixin.py:190} INFO - [2025-03-07T14:55:20.090+0100] {dag.py:4180} INFO - Setting next_dagrun for example_bash_operator to 2025-03-06T00:00:00+00:00, run_after=2025-03-07T00:00:00+00:00
[2025-03-07T14:55:20.102+0100] {processor.py:208} INFO - Processing /usr/local/anaconda3/envs/airflow_env/lib/python3.8/site-packages/airflow/example_dags/example_bash_operator.py took 0.118 seconds
[2025-03-07T14:59:42.608+0100] {processor.py:186} INFO - Started process (PID=6767) to work on /usr/local/anaconda3/envs/airflow_env/lib/python3.8/site-packages/airflow/example_dags/example_bash_operator.py
[2025-03-07T14:59:42.611+0100] {processor.py:914} INFO - Processing file /usr/local/anaconda3/envs/airflow_env/lib/python3.8/site-packages/airflow/example_dags/example_bash_operator.py for tasks to queue
[2025-03-07T14:59:42.612+0100] {logging_mixin.py:190} INFO - [2025-03-07T14:59:42.611+0100] {dagbag.py:588} INFO - Filling up the DagBag from /usr/local/anaconda3/envs/airflow_env/lib/python3.8/site-packages/airflow/example_dags/example_bash_operator.py
[2025-03-07T14:59:42.621+0100] {processor.py:925} INFO - DAG(s) 'example_bash_operator' retrieved from /usr/local/anaconda3/envs/airflow_env/lib/python3.8/site-packages/airflow/example_dags/example_bash_operator.py
[2025-03-07T14:59:42.696+0100] {logging_mixin.py:190} INFO - [2025-03-07T14:59:42.696+0100] {dag.py:3239} INFO - Sync 1 DAGs
[2025-03-07T14:59:42.708+0100] {logging_mixin.py:190} INFO - [2025-03-07T14:59:42.707+0100] {dag.py:4180} INFO - Setting next_dagrun for example_bash_operator to 2025-03-06T00:00:00+00:00, run_after=2025-03-07T00:00:00+00:00
[2025-03-07T14:59:42.719+0100] {processor.py:208} INFO - Processing /usr/local/anaconda3/envs/airflow_env/lib/python3.8/site-packages/airflow/example_dags/example_bash_operator.py took 0.114 seconds
[2025-03-07T15:04:29.731+0100] {processor.py:186} INFO - Started process (PID=7237) to work on /usr/local/anaconda3/envs/airflow_env/lib/python3.8/site-packages/airflow/example_dags/example_bash_operator.py
[2025-03-07T15:04:29.734+0100] {processor.py:914} INFO - Processing file /usr/local/anaconda3/envs/airflow_env/lib/python3.8/site-packages/airflow/example_dags/example_bash_operator.py for tasks to queue
[2025-03-07T15:04:29.735+0100] {logging_mixin.py:190} INFO - [2025-03-07T15:04:29.735+0100] {dagbag.py:588} INFO - Filling up the DagBag from /usr/local/anaconda3/envs/airflow_env/lib/python3.8/site-packages/airflow/example_dags/example_bash_operator.py
[2025-03-07T15:04:29.747+0100] {processor.py:925} INFO - DAG(s) 'example_bash_operator' retrieved from /usr/local/anaconda3/envs/airflow_env/lib/python3.8/site-packages/airflow/example_dags/example_bash_operator.py
[2025-03-07T15:04:29.831+0100] {logging_mixin.py:190} INFO - [2025-03-07T15:04:29.831+0100] {dag.py:3239} INFO - Sync 1 DAGs
[2025-03-07T15:04:29.845+0100] {logging_mixin.py:190} INFO - [2025-03-07T15:04:29.844+0100] {dag.py:4180} INFO - Setting next_dagrun for example_bash_operator to 2025-03-06T00:00:00+00:00, run_after=2025-03-07T00:00:00+00:00
[2025-03-07T15:04:29.857+0100] {processor.py:208} INFO - Processing /usr/local/anaconda3/envs/airflow_env/lib/python3.8/site-packages/airflow/example_dags/example_bash_operator.py took 0.129 seconds
[2025-03-07T15:09:20.450+0100] {processor.py:186} INFO - Started process (PID=7780) to work on /usr/local/anaconda3/envs/airflow_env/lib/python3.8/site-packages/airflow/example_dags/example_bash_operator.py
[2025-03-07T15:09:20.453+0100] {processor.py:914} INFO - Processing file /usr/local/anaconda3/envs/airflow_env/lib/python3.8/site-packages/airflow/example_dags/example_bash_operator.py for tasks to queue
[2025-03-07T15:09:20.454+0100] {logging_mixin.py:190} INFO - [2025-03-07T15:09:20.454+0100] {dagbag.py:588} INFO - Filling up the DagBag from /usr/local/anaconda3/envs/airflow_env/lib/python3.8/site-packages/airflow/example_dags/example_bash_operator.py
[2025-03-07T15:09:20.465+0100] {processor.py:925} INFO - DAG(s) 'example_bash_operator' retrieved from /usr/local/anaconda3/envs/airflow_env/lib/python3.8/site-packages/airflow/example_dags/example_bash_operator.py
[2025-03-07T15:09:20.542+0100] {logging_mixin.py:190} INFO - [2025-03-07T15:09:20.542+0100] {dag.py:3239} INFO - Sync 1 DAGs
[2025-03-07T15:09:20.555+0100] {logging_mixin.py:190} INFO - [2025-03-07T15:09:20.554+0100] {dag.py:4180} INFO - Setting next_dagrun for example_bash_operator to 2025-03-06T00:00:00+00:00, run_after=2025-03-07T00:00:00+00:00
[2025-03-07T15:09:20.567+0100] {processor.py:208} INFO - Processing /usr/local/anaconda3/envs/airflow_env/lib/python3.8/site-packages/airflow/example_dags/example_bash_operator.py took 0.119 seconds
[2025-03-07T15:14:59.651+0100] {processor.py:186} INFO - Started process (PID=8430) to work on /usr/local/anaconda3/envs/airflow_env/lib/python3.8/site-packages/airflow/example_dags/example_bash_operator.py
[2025-03-07T15:14:59.654+0100] {processor.py:914} INFO - Processing file /usr/local/anaconda3/envs/airflow_env/lib/python3.8/site-packages/airflow/example_dags/example_bash_operator.py for tasks to queue
[2025-03-07T15:14:59.655+0100] {logging_mixin.py:190} INFO - [2025-03-07T15:14:59.655+0100] {dagbag.py:588} INFO - Filling up the DagBag from /usr/local/anaconda3/envs/airflow_env/lib/python3.8/site-packages/airflow/example_dags/example_bash_operator.py
[2025-03-07T15:14:59.665+0100] {processor.py:925} INFO - DAG(s) 'example_bash_operator' retrieved from /usr/local/anaconda3/envs/airflow_env/lib/python3.8/site-packages/airflow/example_dags/example_bash_operator.py
[2025-03-07T15:14:59.745+0100] {logging_mixin.py:190} INFO - [2025-03-07T15:14:59.744+0100] {dag.py:3239} INFO - Sync 1 DAGs
[2025-03-07T15:14:59.757+0100] {logging_mixin.py:190} INFO - [2025-03-07T15:14:59.757+0100] {dag.py:4180} INFO - Setting next_dagrun for example_bash_operator to 2025-03-06T00:00:00+00:00, run_after=2025-03-07T00:00:00+00:00
[2025-03-07T15:14:59.768+0100] {processor.py:208} INFO - Processing /usr/local/anaconda3/envs/airflow_env/lib/python3.8/site-packages/airflow/example_dags/example_bash_operator.py took 0.121 seconds
[2025-03-07T15:19:38.658+0100] {processor.py:186} INFO - Started process (PID=8996) to work on /usr/local/anaconda3/envs/airflow_env/lib/python3.8/site-packages/airflow/example_dags/example_bash_operator.py
[2025-03-07T15:19:38.661+0100] {processor.py:914} INFO - Processing file /usr/local/anaconda3/envs/airflow_env/lib/python3.8/site-packages/airflow/example_dags/example_bash_operator.py for tasks to queue
[2025-03-07T15:19:38.662+0100] {logging_mixin.py:190} INFO - [2025-03-07T15:19:38.662+0100] {dagbag.py:588} INFO - Filling up the DagBag from /usr/local/anaconda3/envs/airflow_env/lib/python3.8/site-packages/airflow/example_dags/example_bash_operator.py
[2025-03-07T15:19:38.672+0100] {processor.py:925} INFO - DAG(s) 'example_bash_operator' retrieved from /usr/local/anaconda3/envs/airflow_env/lib/python3.8/site-packages/airflow/example_dags/example_bash_operator.py
[2025-03-07T15:19:38.748+0100] {logging_mixin.py:190} INFO - [2025-03-07T15:19:38.748+0100] {dag.py:3239} INFO - Sync 1 DAGs
[2025-03-07T15:19:38.760+0100] {logging_mixin.py:190} INFO - [2025-03-07T15:19:38.760+0100] {dag.py:4180} INFO - Setting next_dagrun for example_bash_operator to 2025-03-06T00:00:00+00:00, run_after=2025-03-07T00:00:00+00:00
[2025-03-07T15:19:38.771+0100] {processor.py:208} INFO - Processing /usr/local/anaconda3/envs/airflow_env/lib/python3.8/site-packages/airflow/example_dags/example_bash_operator.py took 0.116 seconds
[2025-03-07T15:24:08.087+0100] {processor.py:186} INFO - Started process (PID=9601) to work on /usr/local/anaconda3/envs/airflow_env/lib/python3.8/site-packages/airflow/example_dags/example_bash_operator.py
[2025-03-07T15:24:08.090+0100] {processor.py:914} INFO - Processing file /usr/local/anaconda3/envs/airflow_env/lib/python3.8/site-packages/airflow/example_dags/example_bash_operator.py for tasks to queue
[2025-03-07T15:24:08.091+0100] {logging_mixin.py:190} INFO - [2025-03-07T15:24:08.091+0100] {dagbag.py:588} INFO - Filling up the DagBag from /usr/local/anaconda3/envs/airflow_env/lib/python3.8/site-packages/airflow/example_dags/example_bash_operator.py
[2025-03-07T15:24:08.102+0100] {processor.py:925} INFO - DAG(s) 'example_bash_operator' retrieved from /usr/local/anaconda3/envs/airflow_env/lib/python3.8/site-packages/airflow/example_dags/example_bash_operator.py
[2025-03-07T15:24:08.180+0100] {logging_mixin.py:190} INFO - [2025-03-07T15:24:08.180+0100] {dag.py:3239} INFO - Sync 1 DAGs
[2025-03-07T15:24:08.192+0100] {logging_mixin.py:190} INFO - [2025-03-07T15:24:08.192+0100] {dag.py:4180} INFO - Setting next_dagrun for example_bash_operator to 2025-03-06T00:00:00+00:00, run_after=2025-03-07T00:00:00+00:00
[2025-03-07T15:24:08.203+0100] {processor.py:208} INFO - Processing /usr/local/anaconda3/envs/airflow_env/lib/python3.8/site-packages/airflow/example_dags/example_bash_operator.py took 0.119 seconds
[2025-03-07T15:31:57.324+0100] {processor.py:186} INFO - Started process (PID=10500) to work on /usr/local/anaconda3/envs/airflow_env/lib/python3.8/site-packages/airflow/example_dags/example_bash_operator.py
[2025-03-07T15:31:57.327+0100] {processor.py:914} INFO - Processing file /usr/local/anaconda3/envs/airflow_env/lib/python3.8/site-packages/airflow/example_dags/example_bash_operator.py for tasks to queue
[2025-03-07T15:31:57.328+0100] {logging_mixin.py:190} INFO - [2025-03-07T15:31:57.328+0100] {dagbag.py:588} INFO - Filling up the DagBag from /usr/local/anaconda3/envs/airflow_env/lib/python3.8/site-packages/airflow/example_dags/example_bash_operator.py
[2025-03-07T15:31:57.344+0100] {processor.py:925} INFO - DAG(s) 'example_bash_operator' retrieved from /usr/local/anaconda3/envs/airflow_env/lib/python3.8/site-packages/airflow/example_dags/example_bash_operator.py
[2025-03-07T15:31:57.435+0100] {logging_mixin.py:190} INFO - [2025-03-07T15:31:57.435+0100] {dag.py:3239} INFO - Sync 1 DAGs
[2025-03-07T15:31:57.451+0100] {logging_mixin.py:190} INFO - [2025-03-07T15:31:57.451+0100] {dag.py:4180} INFO - Setting next_dagrun for example_bash_operator to 2025-03-06T00:00:00+00:00, run_after=2025-03-07T00:00:00+00:00
[2025-03-07T15:31:57.466+0100] {processor.py:208} INFO - Processing /usr/local/anaconda3/envs/airflow_env/lib/python3.8/site-packages/airflow/example_dags/example_bash_operator.py took 0.146 seconds
[2025-03-07T15:36:28.579+0100] {processor.py:186} INFO - Started process (PID=11019) to work on /usr/local/anaconda3/envs/airflow_env/lib/python3.8/site-packages/airflow/example_dags/example_bash_operator.py
[2025-03-07T15:36:28.582+0100] {processor.py:914} INFO - Processing file /usr/local/anaconda3/envs/airflow_env/lib/python3.8/site-packages/airflow/example_dags/example_bash_operator.py for tasks to queue
[2025-03-07T15:36:28.583+0100] {logging_mixin.py:190} INFO - [2025-03-07T15:36:28.583+0100] {dagbag.py:588} INFO - Filling up the DagBag from /usr/local/anaconda3/envs/airflow_env/lib/python3.8/site-packages/airflow/example_dags/example_bash_operator.py
[2025-03-07T15:36:28.594+0100] {processor.py:925} INFO - DAG(s) 'example_bash_operator' retrieved from /usr/local/anaconda3/envs/airflow_env/lib/python3.8/site-packages/airflow/example_dags/example_bash_operator.py
[2025-03-07T15:36:28.684+0100] {logging_mixin.py:190} INFO - [2025-03-07T15:36:28.684+0100] {dag.py:3239} INFO - Sync 1 DAGs
[2025-03-07T15:36:28.702+0100] {logging_mixin.py:190} INFO - [2025-03-07T15:36:28.702+0100] {dag.py:4180} INFO - Setting next_dagrun for example_bash_operator to 2025-03-06T00:00:00+00:00, run_after=2025-03-07T00:00:00+00:00
[2025-03-07T15:36:28.719+0100] {processor.py:208} INFO - Processing /usr/local/anaconda3/envs/airflow_env/lib/python3.8/site-packages/airflow/example_dags/example_bash_operator.py took 0.143 seconds
[2025-03-07T15:40:53.704+0100] {processor.py:186} INFO - Started process (PID=11465) to work on /usr/local/anaconda3/envs/airflow_env/lib/python3.8/site-packages/airflow/example_dags/example_bash_operator.py
[2025-03-07T15:40:53.707+0100] {processor.py:914} INFO - Processing file /usr/local/anaconda3/envs/airflow_env/lib/python3.8/site-packages/airflow/example_dags/example_bash_operator.py for tasks to queue
[2025-03-07T15:40:53.708+0100] {logging_mixin.py:190} INFO - [2025-03-07T15:40:53.708+0100] {dagbag.py:588} INFO - Filling up the DagBag from /usr/local/anaconda3/envs/airflow_env/lib/python3.8/site-packages/airflow/example_dags/example_bash_operator.py
[2025-03-07T15:40:53.720+0100] {processor.py:925} INFO - DAG(s) 'example_bash_operator' retrieved from /usr/local/anaconda3/envs/airflow_env/lib/python3.8/site-packages/airflow/example_dags/example_bash_operator.py
[2025-03-07T15:40:53.798+0100] {logging_mixin.py:190} INFO - [2025-03-07T15:40:53.797+0100] {dag.py:3239} INFO - Sync 1 DAGs
[2025-03-07T15:40:53.810+0100] {logging_mixin.py:190} INFO - [2025-03-07T15:40:53.810+0100] {dag.py:4180} INFO - Setting next_dagrun for example_bash_operator to 2025-03-06T00:00:00+00:00, run_after=2025-03-07T00:00:00+00:00
[2025-03-07T15:40:53.821+0100] {processor.py:208} INFO - Processing /usr/local/anaconda3/envs/airflow_env/lib/python3.8/site-packages/airflow/example_dags/example_bash_operator.py took 0.120 seconds
[2025-03-07T15:45:11.227+0100] {processor.py:186} INFO - Started process (PID=11879) to work on /usr/local/anaconda3/envs/airflow_env/lib/python3.8/site-packages/airflow/example_dags/example_bash_operator.py
[2025-03-07T15:45:11.230+0100] {processor.py:914} INFO - Processing file /usr/local/anaconda3/envs/airflow_env/lib/python3.8/site-packages/airflow/example_dags/example_bash_operator.py for tasks to queue
[2025-03-07T15:45:11.231+0100] {logging_mixin.py:190} INFO - [2025-03-07T15:45:11.231+0100] {dagbag.py:588} INFO - Filling up the DagBag from /usr/local/anaconda3/envs/airflow_env/lib/python3.8/site-packages/airflow/example_dags/example_bash_operator.py
[2025-03-07T15:45:11.242+0100] {processor.py:925} INFO - DAG(s) 'example_bash_operator' retrieved from /usr/local/anaconda3/envs/airflow_env/lib/python3.8/site-packages/airflow/example_dags/example_bash_operator.py
[2025-03-07T15:45:11.327+0100] {logging_mixin.py:190} INFO - [2025-03-07T15:45:11.327+0100] {dag.py:3239} INFO - Sync 1 DAGs
[2025-03-07T15:45:11.339+0100] {logging_mixin.py:190} INFO - [2025-03-07T15:45:11.339+0100] {dag.py:4180} INFO - Setting next_dagrun for example_bash_operator to 2025-03-06T00:00:00+00:00, run_after=2025-03-07T00:00:00+00:00
[2025-03-07T15:45:11.351+0100] {processor.py:208} INFO - Processing /usr/local/anaconda3/envs/airflow_env/lib/python3.8/site-packages/airflow/example_dags/example_bash_operator.py took 0.127 seconds
[2025-03-07T15:49:58.574+0100] {processor.py:186} INFO - Started process (PID=12387) to work on /usr/local/anaconda3/envs/airflow_env/lib/python3.8/site-packages/airflow/example_dags/example_bash_operator.py
[2025-03-07T15:49:58.578+0100] {processor.py:914} INFO - Processing file /usr/local/anaconda3/envs/airflow_env/lib/python3.8/site-packages/airflow/example_dags/example_bash_operator.py for tasks to queue
[2025-03-07T15:49:58.579+0100] {logging_mixin.py:190} INFO - [2025-03-07T15:49:58.578+0100] {dagbag.py:588} INFO - Filling up the DagBag from /usr/local/anaconda3/envs/airflow_env/lib/python3.8/site-packages/airflow/example_dags/example_bash_operator.py
[2025-03-07T15:49:58.590+0100] {processor.py:925} INFO - DAG(s) 'example_bash_operator' retrieved from /usr/local/anaconda3/envs/airflow_env/lib/python3.8/site-packages/airflow/example_dags/example_bash_operator.py
[2025-03-07T15:49:58.683+0100] {logging_mixin.py:190} INFO - [2025-03-07T15:49:58.683+0100] {dag.py:3239} INFO - Sync 1 DAGs
[2025-03-07T15:49:58.696+0100] {logging_mixin.py:190} INFO - [2025-03-07T15:49:58.696+0100] {dag.py:4180} INFO - Setting next_dagrun for example_bash_operator to 2025-03-06T00:00:00+00:00, run_after=2025-03-07T00:00:00+00:00
[2025-03-07T15:49:58.709+0100] {processor.py:208} INFO - Processing /usr/local/anaconda3/envs/airflow_env/lib/python3.8/site-packages/airflow/example_dags/example_bash_operator.py took 0.138 seconds
[2025-03-07T15:54:45.653+0100] {processor.py:186} INFO - Started process (PID=12945) to work on /usr/local/anaconda3/envs/airflow_env/lib/python3.8/site-packages/airflow/example_dags/example_bash_operator.py
[2025-03-07T15:54:45.656+0100] {processor.py:914} INFO - Processing file /usr/local/anaconda3/envs/airflow_env/lib/python3.8/site-packages/airflow/example_dags/example_bash_operator.py for tasks to queue
[2025-03-07T15:54:45.657+0100] {logging_mixin.py:190} INFO - [2025-03-07T15:54:45.657+0100] {dagbag.py:588} INFO - Filling up the DagBag from /usr/local/anaconda3/envs/airflow_env/lib/python3.8/site-packages/airflow/example_dags/example_bash_operator.py
[2025-03-07T15:54:45.667+0100] {processor.py:925} INFO - DAG(s) 'example_bash_operator' retrieved from /usr/local/anaconda3/envs/airflow_env/lib/python3.8/site-packages/airflow/example_dags/example_bash_operator.py
[2025-03-07T15:54:45.745+0100] {logging_mixin.py:190} INFO - [2025-03-07T15:54:45.744+0100] {dag.py:3239} INFO - Sync 1 DAGs
[2025-03-07T15:54:45.757+0100] {logging_mixin.py:190} INFO - [2025-03-07T15:54:45.757+0100] {dag.py:4180} INFO - Setting next_dagrun for example_bash_operator to 2025-03-06T00:00:00+00:00, run_after=2025-03-07T00:00:00+00:00
[2025-03-07T15:54:45.769+0100] {processor.py:208} INFO - Processing /usr/local/anaconda3/envs/airflow_env/lib/python3.8/site-packages/airflow/example_dags/example_bash_operator.py took 0.119 seconds
[2025-03-07T15:59:21.075+0100] {processor.py:186} INFO - Started process (PID=13406) to work on /usr/local/anaconda3/envs/airflow_env/lib/python3.8/site-packages/airflow/example_dags/example_bash_operator.py
[2025-03-07T15:59:21.078+0100] {processor.py:914} INFO - Processing file /usr/local/anaconda3/envs/airflow_env/lib/python3.8/site-packages/airflow/example_dags/example_bash_operator.py for tasks to queue
[2025-03-07T15:59:21.079+0100] {logging_mixin.py:190} INFO - [2025-03-07T15:59:21.079+0100] {dagbag.py:588} INFO - Filling up the DagBag from /usr/local/anaconda3/envs/airflow_env/lib/python3.8/site-packages/airflow/example_dags/example_bash_operator.py
[2025-03-07T15:59:21.089+0100] {processor.py:925} INFO - DAG(s) 'example_bash_operator' retrieved from /usr/local/anaconda3/envs/airflow_env/lib/python3.8/site-packages/airflow/example_dags/example_bash_operator.py
[2025-03-07T15:59:21.167+0100] {logging_mixin.py:190} INFO - [2025-03-07T15:59:21.167+0100] {dag.py:3239} INFO - Sync 1 DAGs
[2025-03-07T15:59:21.179+0100] {logging_mixin.py:190} INFO - [2025-03-07T15:59:21.179+0100] {dag.py:4180} INFO - Setting next_dagrun for example_bash_operator to 2025-03-06T00:00:00+00:00, run_after=2025-03-07T00:00:00+00:00
[2025-03-07T15:59:21.191+0100] {processor.py:208} INFO - Processing /usr/local/anaconda3/envs/airflow_env/lib/python3.8/site-packages/airflow/example_dags/example_bash_operator.py took 0.119 seconds
[2025-03-07T16:06:06.605+0100] {processor.py:186} INFO - Started process (PID=14003) to work on /usr/local/anaconda3/envs/airflow_env/lib/python3.8/site-packages/airflow/example_dags/example_bash_operator.py
[2025-03-07T16:06:06.609+0100] {processor.py:914} INFO - Processing file /usr/local/anaconda3/envs/airflow_env/lib/python3.8/site-packages/airflow/example_dags/example_bash_operator.py for tasks to queue
[2025-03-07T16:06:06.609+0100] {logging_mixin.py:190} INFO - [2025-03-07T16:06:06.609+0100] {dagbag.py:588} INFO - Filling up the DagBag from /usr/local/anaconda3/envs/airflow_env/lib/python3.8/site-packages/airflow/example_dags/example_bash_operator.py
[2025-03-07T16:06:06.619+0100] {processor.py:925} INFO - DAG(s) 'example_bash_operator' retrieved from /usr/local/anaconda3/envs/airflow_env/lib/python3.8/site-packages/airflow/example_dags/example_bash_operator.py
[2025-03-07T16:06:06.695+0100] {logging_mixin.py:190} INFO - [2025-03-07T16:06:06.695+0100] {dag.py:3239} INFO - Sync 1 DAGs
[2025-03-07T16:06:06.707+0100] {logging_mixin.py:190} INFO - [2025-03-07T16:06:06.707+0100] {dag.py:4180} INFO - Setting next_dagrun for example_bash_operator to 2025-03-06T00:00:00+00:00, run_after=2025-03-07T00:00:00+00:00
[2025-03-07T16:06:06.719+0100] {processor.py:208} INFO - Processing /usr/local/anaconda3/envs/airflow_env/lib/python3.8/site-packages/airflow/example_dags/example_bash_operator.py took 0.116 seconds
[2025-03-07T16:12:16.909+0100] {processor.py:186} INFO - Started process (PID=14620) to work on /usr/local/anaconda3/envs/airflow_env/lib/python3.8/site-packages/airflow/example_dags/example_bash_operator.py
[2025-03-07T16:12:16.913+0100] {processor.py:914} INFO - Processing file /usr/local/anaconda3/envs/airflow_env/lib/python3.8/site-packages/airflow/example_dags/example_bash_operator.py for tasks to queue
[2025-03-07T16:12:16.914+0100] {logging_mixin.py:190} INFO - [2025-03-07T16:12:16.913+0100] {dagbag.py:588} INFO - Filling up the DagBag from /usr/local/anaconda3/envs/airflow_env/lib/python3.8/site-packages/airflow/example_dags/example_bash_operator.py
[2025-03-07T16:12:16.924+0100] {processor.py:925} INFO - DAG(s) 'example_bash_operator' retrieved from /usr/local/anaconda3/envs/airflow_env/lib/python3.8/site-packages/airflow/example_dags/example_bash_operator.py
[2025-03-07T16:12:17.001+0100] {logging_mixin.py:190} INFO - [2025-03-07T16:12:17.001+0100] {dag.py:3239} INFO - Sync 1 DAGs
[2025-03-07T16:12:17.013+0100] {logging_mixin.py:190} INFO - [2025-03-07T16:12:17.013+0100] {dag.py:4180} INFO - Setting next_dagrun for example_bash_operator to 2025-03-06T00:00:00+00:00, run_after=2025-03-07T00:00:00+00:00
[2025-03-07T16:12:17.025+0100] {processor.py:208} INFO - Processing /usr/local/anaconda3/envs/airflow_env/lib/python3.8/site-packages/airflow/example_dags/example_bash_operator.py took 0.119 seconds
[2025-03-07T16:16:42.071+0100] {processor.py:186} INFO - Started process (PID=15128) to work on /usr/local/anaconda3/envs/airflow_env/lib/python3.8/site-packages/airflow/example_dags/example_bash_operator.py
[2025-03-07T16:16:42.074+0100] {processor.py:914} INFO - Processing file /usr/local/anaconda3/envs/airflow_env/lib/python3.8/site-packages/airflow/example_dags/example_bash_operator.py for tasks to queue
[2025-03-07T16:16:42.075+0100] {logging_mixin.py:190} INFO - [2025-03-07T16:16:42.075+0100] {dagbag.py:588} INFO - Filling up the DagBag from /usr/local/anaconda3/envs/airflow_env/lib/python3.8/site-packages/airflow/example_dags/example_bash_operator.py
[2025-03-07T16:16:42.085+0100] {processor.py:925} INFO - DAG(s) 'example_bash_operator' retrieved from /usr/local/anaconda3/envs/airflow_env/lib/python3.8/site-packages/airflow/example_dags/example_bash_operator.py
[2025-03-07T16:16:42.163+0100] {logging_mixin.py:190} INFO - [2025-03-07T16:16:42.163+0100] {dag.py:3239} INFO - Sync 1 DAGs
[2025-03-07T16:16:42.175+0100] {logging_mixin.py:190} INFO - [2025-03-07T16:16:42.175+0100] {dag.py:4180} INFO - Setting next_dagrun for example_bash_operator to 2025-03-06T00:00:00+00:00, run_after=2025-03-07T00:00:00+00:00
[2025-03-07T16:16:42.187+0100] {processor.py:208} INFO - Processing /usr/local/anaconda3/envs/airflow_env/lib/python3.8/site-packages/airflow/example_dags/example_bash_operator.py took 0.119 seconds
[2025-03-07T16:21:22.606+0100] {processor.py:186} INFO - Started process (PID=15660) to work on /usr/local/anaconda3/envs/airflow_env/lib/python3.8/site-packages/airflow/example_dags/example_bash_operator.py
[2025-03-07T16:21:22.609+0100] {processor.py:914} INFO - Processing file /usr/local/anaconda3/envs/airflow_env/lib/python3.8/site-packages/airflow/example_dags/example_bash_operator.py for tasks to queue
[2025-03-07T16:21:22.609+0100] {logging_mixin.py:190} INFO - [2025-03-07T16:21:22.609+0100] {dagbag.py:588} INFO - Filling up the DagBag from /usr/local/anaconda3/envs/airflow_env/lib/python3.8/site-packages/airflow/example_dags/example_bash_operator.py
[2025-03-07T16:21:22.620+0100] {processor.py:925} INFO - DAG(s) 'example_bash_operator' retrieved from /usr/local/anaconda3/envs/airflow_env/lib/python3.8/site-packages/airflow/example_dags/example_bash_operator.py
[2025-03-07T16:21:22.700+0100] {logging_mixin.py:190} INFO - [2025-03-07T16:21:22.699+0100] {dag.py:3239} INFO - Sync 1 DAGs
[2025-03-07T16:21:22.712+0100] {logging_mixin.py:190} INFO - [2025-03-07T16:21:22.712+0100] {dag.py:4180} INFO - Setting next_dagrun for example_bash_operator to 2025-03-06T00:00:00+00:00, run_after=2025-03-07T00:00:00+00:00
[2025-03-07T16:21:22.724+0100] {processor.py:208} INFO - Processing /usr/local/anaconda3/envs/airflow_env/lib/python3.8/site-packages/airflow/example_dags/example_bash_operator.py took 0.121 seconds
[2025-03-07T16:42:31.467+0100] {processor.py:186} INFO - Started process (PID=17538) to work on /usr/local/anaconda3/envs/airflow_env/lib/python3.8/site-packages/airflow/example_dags/example_bash_operator.py
[2025-03-07T16:42:31.470+0100] {processor.py:914} INFO - Processing file /usr/local/anaconda3/envs/airflow_env/lib/python3.8/site-packages/airflow/example_dags/example_bash_operator.py for tasks to queue
[2025-03-07T16:42:31.471+0100] {logging_mixin.py:190} INFO - [2025-03-07T16:42:31.471+0100] {dagbag.py:588} INFO - Filling up the DagBag from /usr/local/anaconda3/envs/airflow_env/lib/python3.8/site-packages/airflow/example_dags/example_bash_operator.py
[2025-03-07T16:42:31.481+0100] {processor.py:925} INFO - DAG(s) 'example_bash_operator' retrieved from /usr/local/anaconda3/envs/airflow_env/lib/python3.8/site-packages/airflow/example_dags/example_bash_operator.py
[2025-03-07T16:42:31.558+0100] {logging_mixin.py:190} INFO - [2025-03-07T16:42:31.558+0100] {dag.py:3239} INFO - Sync 1 DAGs
[2025-03-07T16:42:31.569+0100] {logging_mixin.py:190} INFO - [2025-03-07T16:42:31.569+0100] {dag.py:4180} INFO - Setting next_dagrun for example_bash_operator to 2025-03-06T00:00:00+00:00, run_after=2025-03-07T00:00:00+00:00
[2025-03-07T16:42:31.581+0100] {processor.py:208} INFO - Processing /usr/local/anaconda3/envs/airflow_env/lib/python3.8/site-packages/airflow/example_dags/example_bash_operator.py took 0.117 seconds
[2025-03-07T16:48:53.106+0100] {processor.py:186} INFO - Started process (PID=18337) to work on /usr/local/anaconda3/envs/airflow_env/lib/python3.8/site-packages/airflow/example_dags/example_bash_operator.py
[2025-03-07T16:48:53.109+0100] {processor.py:914} INFO - Processing file /usr/local/anaconda3/envs/airflow_env/lib/python3.8/site-packages/airflow/example_dags/example_bash_operator.py for tasks to queue
[2025-03-07T16:48:53.110+0100] {logging_mixin.py:190} INFO - [2025-03-07T16:48:53.110+0100] {dagbag.py:588} INFO - Filling up the DagBag from /usr/local/anaconda3/envs/airflow_env/lib/python3.8/site-packages/airflow/example_dags/example_bash_operator.py
[2025-03-07T16:48:53.120+0100] {processor.py:925} INFO - DAG(s) 'example_bash_operator' retrieved from /usr/local/anaconda3/envs/airflow_env/lib/python3.8/site-packages/airflow/example_dags/example_bash_operator.py
[2025-03-07T16:48:53.199+0100] {logging_mixin.py:190} INFO - [2025-03-07T16:48:53.199+0100] {dag.py:3239} INFO - Sync 1 DAGs
[2025-03-07T16:48:53.212+0100] {logging_mixin.py:190} INFO - [2025-03-07T16:48:53.212+0100] {dag.py:4180} INFO - Setting next_dagrun for example_bash_operator to 2025-03-06T00:00:00+00:00, run_after=2025-03-07T00:00:00+00:00
[2025-03-07T16:48:53.224+0100] {processor.py:208} INFO - Processing /usr/local/anaconda3/envs/airflow_env/lib/python3.8/site-packages/airflow/example_dags/example_bash_operator.py took 0.121 seconds
[2025-03-07T16:57:01.251+0100] {processor.py:186} INFO - Started process (PID=19560) to work on /usr/local/anaconda3/envs/airflow_env/lib/python3.8/site-packages/airflow/example_dags/example_bash_operator.py
[2025-03-07T16:57:01.254+0100] {processor.py:914} INFO - Processing file /usr/local/anaconda3/envs/airflow_env/lib/python3.8/site-packages/airflow/example_dags/example_bash_operator.py for tasks to queue
[2025-03-07T16:57:01.255+0100] {logging_mixin.py:190} INFO - [2025-03-07T16:57:01.255+0100] {dagbag.py:588} INFO - Filling up the DagBag from /usr/local/anaconda3/envs/airflow_env/lib/python3.8/site-packages/airflow/example_dags/example_bash_operator.py
[2025-03-07T16:57:01.266+0100] {processor.py:925} INFO - DAG(s) 'example_bash_operator' retrieved from /usr/local/anaconda3/envs/airflow_env/lib/python3.8/site-packages/airflow/example_dags/example_bash_operator.py
[2025-03-07T16:57:01.340+0100] {logging_mixin.py:190} INFO - [2025-03-07T16:57:01.340+0100] {dag.py:3239} INFO - Sync 1 DAGs
[2025-03-07T16:57:01.352+0100] {logging_mixin.py:190} INFO - [2025-03-07T16:57:01.352+0100] {dag.py:4180} INFO - Setting next_dagrun for example_bash_operator to 2025-03-06T00:00:00+00:00, run_after=2025-03-07T00:00:00+00:00
[2025-03-07T16:57:01.364+0100] {processor.py:208} INFO - Processing /usr/local/anaconda3/envs/airflow_env/lib/python3.8/site-packages/airflow/example_dags/example_bash_operator.py took 0.115 seconds
[2025-03-07T17:01:52.597+0100] {processor.py:186} INFO - Started process (PID=20349) to work on /usr/local/anaconda3/envs/airflow_env/lib/python3.8/site-packages/airflow/example_dags/example_bash_operator.py
[2025-03-07T17:01:52.601+0100] {processor.py:914} INFO - Processing file /usr/local/anaconda3/envs/airflow_env/lib/python3.8/site-packages/airflow/example_dags/example_bash_operator.py for tasks to queue
[2025-03-07T17:01:52.602+0100] {logging_mixin.py:190} INFO - [2025-03-07T17:01:52.602+0100] {dagbag.py:588} INFO - Filling up the DagBag from /usr/local/anaconda3/envs/airflow_env/lib/python3.8/site-packages/airflow/example_dags/example_bash_operator.py
[2025-03-07T17:01:52.612+0100] {processor.py:925} INFO - DAG(s) 'example_bash_operator' retrieved from /usr/local/anaconda3/envs/airflow_env/lib/python3.8/site-packages/airflow/example_dags/example_bash_operator.py
[2025-03-07T17:01:52.692+0100] {logging_mixin.py:190} INFO - [2025-03-07T17:01:52.692+0100] {dag.py:3239} INFO - Sync 1 DAGs
[2025-03-07T17:01:52.705+0100] {logging_mixin.py:190} INFO - [2025-03-07T17:01:52.705+0100] {dag.py:4180} INFO - Setting next_dagrun for example_bash_operator to 2025-03-06T00:00:00+00:00, run_after=2025-03-07T00:00:00+00:00
[2025-03-07T17:01:52.717+0100] {processor.py:208} INFO - Processing /usr/local/anaconda3/envs/airflow_env/lib/python3.8/site-packages/airflow/example_dags/example_bash_operator.py took 0.122 seconds
[2025-03-07T17:10:05.540+0100] {processor.py:186} INFO - Started process (PID=20732) to work on /usr/local/anaconda3/envs/airflow_env/lib/python3.8/site-packages/airflow/example_dags/example_bash_operator.py
[2025-03-07T17:10:05.543+0100] {processor.py:914} INFO - Processing file /usr/local/anaconda3/envs/airflow_env/lib/python3.8/site-packages/airflow/example_dags/example_bash_operator.py for tasks to queue
[2025-03-07T17:10:05.544+0100] {logging_mixin.py:190} INFO - [2025-03-07T17:10:05.543+0100] {dagbag.py:588} INFO - Filling up the DagBag from /usr/local/anaconda3/envs/airflow_env/lib/python3.8/site-packages/airflow/example_dags/example_bash_operator.py
[2025-03-07T17:10:05.554+0100] {processor.py:925} INFO - DAG(s) 'example_bash_operator' retrieved from /usr/local/anaconda3/envs/airflow_env/lib/python3.8/site-packages/airflow/example_dags/example_bash_operator.py
[2025-03-07T17:10:05.636+0100] {logging_mixin.py:190} INFO - [2025-03-07T17:10:05.636+0100] {dag.py:3239} INFO - Sync 1 DAGs
[2025-03-07T17:10:05.648+0100] {logging_mixin.py:190} INFO - [2025-03-07T17:10:05.648+0100] {dag.py:4180} INFO - Setting next_dagrun for example_bash_operator to 2025-03-06T00:00:00+00:00, run_after=2025-03-07T00:00:00+00:00
[2025-03-07T17:10:05.661+0100] {processor.py:208} INFO - Processing /usr/local/anaconda3/envs/airflow_env/lib/python3.8/site-packages/airflow/example_dags/example_bash_operator.py took 0.125 seconds
[2025-03-07T17:14:49.901+0100] {processor.py:186} INFO - Started process (PID=21438) to work on /usr/local/anaconda3/envs/airflow_env/lib/python3.8/site-packages/airflow/example_dags/example_bash_operator.py
[2025-03-07T17:14:49.904+0100] {processor.py:914} INFO - Processing file /usr/local/anaconda3/envs/airflow_env/lib/python3.8/site-packages/airflow/example_dags/example_bash_operator.py for tasks to queue
[2025-03-07T17:14:49.905+0100] {logging_mixin.py:190} INFO - [2025-03-07T17:14:49.905+0100] {dagbag.py:588} INFO - Filling up the DagBag from /usr/local/anaconda3/envs/airflow_env/lib/python3.8/site-packages/airflow/example_dags/example_bash_operator.py
[2025-03-07T17:14:49.916+0100] {processor.py:925} INFO - DAG(s) 'example_bash_operator' retrieved from /usr/local/anaconda3/envs/airflow_env/lib/python3.8/site-packages/airflow/example_dags/example_bash_operator.py
[2025-03-07T17:14:49.995+0100] {logging_mixin.py:190} INFO - [2025-03-07T17:14:49.995+0100] {dag.py:3239} INFO - Sync 1 DAGs
[2025-03-07T17:14:50.008+0100] {logging_mixin.py:190} INFO - [2025-03-07T17:14:50.008+0100] {dag.py:4180} INFO - Setting next_dagrun for example_bash_operator to 2025-03-06T00:00:00+00:00, run_after=2025-03-07T00:00:00+00:00
[2025-03-07T17:14:50.020+0100] {processor.py:208} INFO - Processing /usr/local/anaconda3/envs/airflow_env/lib/python3.8/site-packages/airflow/example_dags/example_bash_operator.py took 0.122 seconds
[2025-03-07T17:26:32.625+0100] {processor.py:186} INFO - Started process (PID=22568) to work on /usr/local/anaconda3/envs/airflow_env/lib/python3.8/site-packages/airflow/example_dags/example_bash_operator.py
[2025-03-07T17:26:32.628+0100] {processor.py:914} INFO - Processing file /usr/local/anaconda3/envs/airflow_env/lib/python3.8/site-packages/airflow/example_dags/example_bash_operator.py for tasks to queue
[2025-03-07T17:26:32.629+0100] {logging_mixin.py:190} INFO - [2025-03-07T17:26:32.629+0100] {dagbag.py:588} INFO - Filling up the DagBag from /usr/local/anaconda3/envs/airflow_env/lib/python3.8/site-packages/airflow/example_dags/example_bash_operator.py
[2025-03-07T17:26:32.639+0100] {processor.py:925} INFO - DAG(s) 'example_bash_operator' retrieved from /usr/local/anaconda3/envs/airflow_env/lib/python3.8/site-packages/airflow/example_dags/example_bash_operator.py
[2025-03-07T17:26:32.718+0100] {logging_mixin.py:190} INFO - [2025-03-07T17:26:32.717+0100] {dag.py:3239} INFO - Sync 1 DAGs
[2025-03-07T17:26:32.730+0100] {logging_mixin.py:190} INFO - [2025-03-07T17:26:32.730+0100] {dag.py:4180} INFO - Setting next_dagrun for example_bash_operator to 2025-03-06T00:00:00+00:00, run_after=2025-03-07T00:00:00+00:00
[2025-03-07T17:26:32.742+0100] {processor.py:208} INFO - Processing /usr/local/anaconda3/envs/airflow_env/lib/python3.8/site-packages/airflow/example_dags/example_bash_operator.py took 0.120 seconds
[2025-03-07T20:43:33.078+0100] {processor.py:186} INFO - Started process (PID=23318) to work on /usr/local/anaconda3/envs/airflow_env/lib/python3.8/site-packages/airflow/example_dags/example_bash_operator.py
[2025-03-07T20:43:33.081+0100] {processor.py:914} INFO - Processing file /usr/local/anaconda3/envs/airflow_env/lib/python3.8/site-packages/airflow/example_dags/example_bash_operator.py for tasks to queue
[2025-03-07T20:43:33.082+0100] {logging_mixin.py:190} INFO - [2025-03-07T20:43:33.082+0100] {dagbag.py:588} INFO - Filling up the DagBag from /usr/local/anaconda3/envs/airflow_env/lib/python3.8/site-packages/airflow/example_dags/example_bash_operator.py
[2025-03-07T20:43:33.092+0100] {processor.py:925} INFO - DAG(s) 'example_bash_operator' retrieved from /usr/local/anaconda3/envs/airflow_env/lib/python3.8/site-packages/airflow/example_dags/example_bash_operator.py
[2025-03-07T20:43:33.170+0100] {logging_mixin.py:190} INFO - [2025-03-07T20:43:33.170+0100] {dag.py:3239} INFO - Sync 1 DAGs
[2025-03-07T20:43:33.184+0100] {logging_mixin.py:190} INFO - [2025-03-07T20:43:33.183+0100] {dag.py:4180} INFO - Setting next_dagrun for example_bash_operator to 2025-03-06T00:00:00+00:00, run_after=2025-03-07T00:00:00+00:00
[2025-03-07T20:43:33.198+0100] {processor.py:208} INFO - Processing /usr/local/anaconda3/envs/airflow_env/lib/python3.8/site-packages/airflow/example_dags/example_bash_operator.py took 0.122 seconds
[2025-03-07T20:48:42.238+0100] {processor.py:186} INFO - Started process (PID=23976) to work on /usr/local/anaconda3/envs/airflow_env/lib/python3.8/site-packages/airflow/example_dags/example_bash_operator.py
[2025-03-07T20:48:42.241+0100] {processor.py:914} INFO - Processing file /usr/local/anaconda3/envs/airflow_env/lib/python3.8/site-packages/airflow/example_dags/example_bash_operator.py for tasks to queue
[2025-03-07T20:48:42.242+0100] {logging_mixin.py:190} INFO - [2025-03-07T20:48:42.242+0100] {dagbag.py:588} INFO - Filling up the DagBag from /usr/local/anaconda3/envs/airflow_env/lib/python3.8/site-packages/airflow/example_dags/example_bash_operator.py
[2025-03-07T20:48:42.253+0100] {processor.py:925} INFO - DAG(s) 'example_bash_operator' retrieved from /usr/local/anaconda3/envs/airflow_env/lib/python3.8/site-packages/airflow/example_dags/example_bash_operator.py
[2025-03-07T20:48:42.335+0100] {logging_mixin.py:190} INFO - [2025-03-07T20:48:42.334+0100] {dag.py:3239} INFO - Sync 1 DAGs
[2025-03-07T20:48:42.348+0100] {logging_mixin.py:190} INFO - [2025-03-07T20:48:42.347+0100] {dag.py:4180} INFO - Setting next_dagrun for example_bash_operator to 2025-03-06T00:00:00+00:00, run_after=2025-03-07T00:00:00+00:00
[2025-03-07T20:48:42.360+0100] {processor.py:208} INFO - Processing /usr/local/anaconda3/envs/airflow_env/lib/python3.8/site-packages/airflow/example_dags/example_bash_operator.py took 0.125 seconds
[2025-03-07T20:53:30.559+0100] {processor.py:186} INFO - Started process (PID=24457) to work on /usr/local/anaconda3/envs/airflow_env/lib/python3.8/site-packages/airflow/example_dags/example_bash_operator.py
[2025-03-07T20:53:30.563+0100] {processor.py:914} INFO - Processing file /usr/local/anaconda3/envs/airflow_env/lib/python3.8/site-packages/airflow/example_dags/example_bash_operator.py for tasks to queue
[2025-03-07T20:53:30.564+0100] {logging_mixin.py:190} INFO - [2025-03-07T20:53:30.564+0100] {dagbag.py:588} INFO - Filling up the DagBag from /usr/local/anaconda3/envs/airflow_env/lib/python3.8/site-packages/airflow/example_dags/example_bash_operator.py
[2025-03-07T20:53:30.575+0100] {processor.py:925} INFO - DAG(s) 'example_bash_operator' retrieved from /usr/local/anaconda3/envs/airflow_env/lib/python3.8/site-packages/airflow/example_dags/example_bash_operator.py
[2025-03-07T20:53:30.658+0100] {logging_mixin.py:190} INFO - [2025-03-07T20:53:30.657+0100] {dag.py:3239} INFO - Sync 1 DAGs
[2025-03-07T20:53:30.670+0100] {logging_mixin.py:190} INFO - [2025-03-07T20:53:30.670+0100] {dag.py:4180} INFO - Setting next_dagrun for example_bash_operator to 2025-03-06T00:00:00+00:00, run_after=2025-03-07T00:00:00+00:00
[2025-03-07T20:53:30.682+0100] {processor.py:208} INFO - Processing /usr/local/anaconda3/envs/airflow_env/lib/python3.8/site-packages/airflow/example_dags/example_bash_operator.py took 0.127 seconds
[2025-03-07T20:58:15.266+0100] {processor.py:186} INFO - Started process (PID=24953) to work on /usr/local/anaconda3/envs/airflow_env/lib/python3.8/site-packages/airflow/example_dags/example_bash_operator.py
[2025-03-07T20:58:15.269+0100] {processor.py:914} INFO - Processing file /usr/local/anaconda3/envs/airflow_env/lib/python3.8/site-packages/airflow/example_dags/example_bash_operator.py for tasks to queue
[2025-03-07T20:58:15.270+0100] {logging_mixin.py:190} INFO - [2025-03-07T20:58:15.270+0100] {dagbag.py:588} INFO - Filling up the DagBag from /usr/local/anaconda3/envs/airflow_env/lib/python3.8/site-packages/airflow/example_dags/example_bash_operator.py
[2025-03-07T20:58:15.280+0100] {processor.py:925} INFO - DAG(s) 'example_bash_operator' retrieved from /usr/local/anaconda3/envs/airflow_env/lib/python3.8/site-packages/airflow/example_dags/example_bash_operator.py
[2025-03-07T20:58:15.357+0100] {logging_mixin.py:190} INFO - [2025-03-07T20:58:15.357+0100] {dag.py:3239} INFO - Sync 1 DAGs
[2025-03-07T20:58:15.369+0100] {logging_mixin.py:190} INFO - [2025-03-07T20:58:15.369+0100] {dag.py:4180} INFO - Setting next_dagrun for example_bash_operator to 2025-03-06T00:00:00+00:00, run_after=2025-03-07T00:00:00+00:00
[2025-03-07T20:58:15.381+0100] {processor.py:208} INFO - Processing /usr/local/anaconda3/envs/airflow_env/lib/python3.8/site-packages/airflow/example_dags/example_bash_operator.py took 0.118 seconds
[2025-03-07T21:04:24.606+0100] {processor.py:186} INFO - Started process (PID=25543) to work on /usr/local/anaconda3/envs/airflow_env/lib/python3.8/site-packages/airflow/example_dags/example_bash_operator.py
[2025-03-07T21:04:24.609+0100] {processor.py:914} INFO - Processing file /usr/local/anaconda3/envs/airflow_env/lib/python3.8/site-packages/airflow/example_dags/example_bash_operator.py for tasks to queue
[2025-03-07T21:04:24.610+0100] {logging_mixin.py:190} INFO - [2025-03-07T21:04:24.610+0100] {dagbag.py:588} INFO - Filling up the DagBag from /usr/local/anaconda3/envs/airflow_env/lib/python3.8/site-packages/airflow/example_dags/example_bash_operator.py
[2025-03-07T21:04:24.621+0100] {processor.py:925} INFO - DAG(s) 'example_bash_operator' retrieved from /usr/local/anaconda3/envs/airflow_env/lib/python3.8/site-packages/airflow/example_dags/example_bash_operator.py
[2025-03-07T21:04:24.698+0100] {logging_mixin.py:190} INFO - [2025-03-07T21:04:24.697+0100] {dag.py:3239} INFO - Sync 1 DAGs
[2025-03-07T21:04:24.710+0100] {logging_mixin.py:190} INFO - [2025-03-07T21:04:24.710+0100] {dag.py:4180} INFO - Setting next_dagrun for example_bash_operator to 2025-03-06T00:00:00+00:00, run_after=2025-03-07T00:00:00+00:00
[2025-03-07T21:04:24.722+0100] {processor.py:208} INFO - Processing /usr/local/anaconda3/envs/airflow_env/lib/python3.8/site-packages/airflow/example_dags/example_bash_operator.py took 0.119 seconds
[2025-03-07T21:09:04.966+0100] {processor.py:186} INFO - Started process (PID=26021) to work on /usr/local/anaconda3/envs/airflow_env/lib/python3.8/site-packages/airflow/example_dags/example_bash_operator.py
[2025-03-07T21:09:04.969+0100] {processor.py:914} INFO - Processing file /usr/local/anaconda3/envs/airflow_env/lib/python3.8/site-packages/airflow/example_dags/example_bash_operator.py for tasks to queue
[2025-03-07T21:09:04.970+0100] {logging_mixin.py:190} INFO - [2025-03-07T21:09:04.970+0100] {dagbag.py:588} INFO - Filling up the DagBag from /usr/local/anaconda3/envs/airflow_env/lib/python3.8/site-packages/airflow/example_dags/example_bash_operator.py
[2025-03-07T21:09:04.982+0100] {processor.py:925} INFO - DAG(s) 'example_bash_operator' retrieved from /usr/local/anaconda3/envs/airflow_env/lib/python3.8/site-packages/airflow/example_dags/example_bash_operator.py
[2025-03-07T21:09:05.065+0100] {logging_mixin.py:190} INFO - [2025-03-07T21:09:05.065+0100] {dag.py:3239} INFO - Sync 1 DAGs
[2025-03-07T21:09:05.079+0100] {logging_mixin.py:190} INFO - [2025-03-07T21:09:05.079+0100] {dag.py:4180} INFO - Setting next_dagrun for example_bash_operator to 2025-03-06T00:00:00+00:00, run_after=2025-03-07T00:00:00+00:00
[2025-03-07T21:09:05.093+0100] {processor.py:208} INFO - Processing /usr/local/anaconda3/envs/airflow_env/lib/python3.8/site-packages/airflow/example_dags/example_bash_operator.py took 0.130 seconds
