[2025-03-07T14:12:55.081+0100] {processor.py:186} INFO - Started process (PID=2883) to work on /usr/local/anaconda3/envs/airflow_env/lib/python3.8/site-packages/airflow/example_dags/example_branch_operator.py
[2025-03-07T14:12:55.084+0100] {processor.py:914} INFO - Processing file /usr/local/anaconda3/envs/airflow_env/lib/python3.8/site-packages/airflow/example_dags/example_branch_operator.py for tasks to queue
[2025-03-07T14:12:55.085+0100] {logging_mixin.py:190} INFO - [2025-03-07T14:12:55.085+0100] {dagbag.py:588} INFO - Filling up the DagBag from /usr/local/anaconda3/envs/airflow_env/lib/python3.8/site-packages/airflow/example_dags/example_branch_operator.py
[2025-03-07T14:12:55.099+0100] {processor.py:927} WARNING - No viable dags retrieved from /usr/local/anaconda3/envs/airflow_env/lib/python3.8/site-packages/airflow/example_dags/example_branch_operator.py
[2025-03-07T14:12:55.161+0100] {processor.py:208} INFO - Processing /usr/local/anaconda3/envs/airflow_env/lib/python3.8/site-packages/airflow/example_dags/example_branch_operator.py took 0.084 seconds
[2025-03-07T14:17:58.960+0100] {processor.py:186} INFO - Started process (PID=3409) to work on /usr/local/anaconda3/envs/airflow_env/lib/python3.8/site-packages/airflow/example_dags/example_branch_operator.py
[2025-03-07T14:17:58.963+0100] {processor.py:914} INFO - Processing file /usr/local/anaconda3/envs/airflow_env/lib/python3.8/site-packages/airflow/example_dags/example_branch_operator.py for tasks to queue
[2025-03-07T14:17:58.964+0100] {logging_mixin.py:190} INFO - [2025-03-07T14:17:58.964+0100] {dagbag.py:588} INFO - Filling up the DagBag from /usr/local/anaconda3/envs/airflow_env/lib/python3.8/site-packages/airflow/example_dags/example_branch_operator.py
[2025-03-07T14:17:58.978+0100] {processor.py:927} WARNING - No viable dags retrieved from /usr/local/anaconda3/envs/airflow_env/lib/python3.8/site-packages/airflow/example_dags/example_branch_operator.py
[2025-03-07T14:17:59.043+0100] {processor.py:208} INFO - Processing /usr/local/anaconda3/envs/airflow_env/lib/python3.8/site-packages/airflow/example_dags/example_branch_operator.py took 0.087 seconds
[2025-03-07T14:22:30.777+0100] {processor.py:186} INFO - Started process (PID=3925) to work on /usr/local/anaconda3/envs/airflow_env/lib/python3.8/site-packages/airflow/example_dags/example_branch_operator.py
[2025-03-07T14:22:30.781+0100] {processor.py:914} INFO - Processing file /usr/local/anaconda3/envs/airflow_env/lib/python3.8/site-packages/airflow/example_dags/example_branch_operator.py for tasks to queue
[2025-03-07T14:22:30.781+0100] {logging_mixin.py:190} INFO - [2025-03-07T14:22:30.781+0100] {dagbag.py:588} INFO - Filling up the DagBag from /usr/local/anaconda3/envs/airflow_env/lib/python3.8/site-packages/airflow/example_dags/example_branch_operator.py
[2025-03-07T14:22:30.796+0100] {processor.py:927} WARNING - No viable dags retrieved from /usr/local/anaconda3/envs/airflow_env/lib/python3.8/site-packages/airflow/example_dags/example_branch_operator.py
[2025-03-07T14:22:30.861+0100] {processor.py:208} INFO - Processing /usr/local/anaconda3/envs/airflow_env/lib/python3.8/site-packages/airflow/example_dags/example_branch_operator.py took 0.087 seconds
[2025-03-07T14:45:45.688+0100] {processor.py:186} INFO - Started process (PID=5043) to work on /usr/local/anaconda3/envs/airflow_env/lib/python3.8/site-packages/airflow/example_dags/example_branch_operator.py
[2025-03-07T14:45:45.691+0100] {processor.py:914} INFO - Processing file /usr/local/anaconda3/envs/airflow_env/lib/python3.8/site-packages/airflow/example_dags/example_branch_operator.py for tasks to queue
[2025-03-07T14:45:45.692+0100] {logging_mixin.py:190} INFO - [2025-03-07T14:45:45.692+0100] {dagbag.py:588} INFO - Filling up the DagBag from /usr/local/anaconda3/envs/airflow_env/lib/python3.8/site-packages/airflow/example_dags/example_branch_operator.py
[2025-03-07T14:45:45.706+0100] {processor.py:927} WARNING - No viable dags retrieved from /usr/local/anaconda3/envs/airflow_env/lib/python3.8/site-packages/airflow/example_dags/example_branch_operator.py
[2025-03-07T14:45:45.769+0100] {processor.py:208} INFO - Processing /usr/local/anaconda3/envs/airflow_env/lib/python3.8/site-packages/airflow/example_dags/example_branch_operator.py took 0.084 seconds
[2025-03-07T14:55:09.314+0100] {processor.py:186} INFO - Started process (PID=6196) to work on /usr/local/anaconda3/envs/airflow_env/lib/python3.8/site-packages/airflow/example_dags/example_branch_operator.py
[2025-03-07T14:55:09.318+0100] {processor.py:914} INFO - Processing file /usr/local/anaconda3/envs/airflow_env/lib/python3.8/site-packages/airflow/example_dags/example_branch_operator.py for tasks to queue
[2025-03-07T14:55:09.318+0100] {logging_mixin.py:190} INFO - [2025-03-07T14:55:09.318+0100] {dagbag.py:588} INFO - Filling up the DagBag from /usr/local/anaconda3/envs/airflow_env/lib/python3.8/site-packages/airflow/example_dags/example_branch_operator.py
[2025-03-07T14:55:09.332+0100] {processor.py:927} WARNING - No viable dags retrieved from /usr/local/anaconda3/envs/airflow_env/lib/python3.8/site-packages/airflow/example_dags/example_branch_operator.py
[2025-03-07T14:55:09.394+0100] {processor.py:208} INFO - Processing /usr/local/anaconda3/envs/airflow_env/lib/python3.8/site-packages/airflow/example_dags/example_branch_operator.py took 0.082 seconds
[2025-03-07T14:59:32.362+0100] {processor.py:186} INFO - Started process (PID=6747) to work on /usr/local/anaconda3/envs/airflow_env/lib/python3.8/site-packages/airflow/example_dags/example_branch_operator.py
[2025-03-07T14:59:32.365+0100] {processor.py:914} INFO - Processing file /usr/local/anaconda3/envs/airflow_env/lib/python3.8/site-packages/airflow/example_dags/example_branch_operator.py for tasks to queue
[2025-03-07T14:59:32.366+0100] {logging_mixin.py:190} INFO - [2025-03-07T14:59:32.365+0100] {dagbag.py:588} INFO - Filling up the DagBag from /usr/local/anaconda3/envs/airflow_env/lib/python3.8/site-packages/airflow/example_dags/example_branch_operator.py
[2025-03-07T14:59:32.379+0100] {processor.py:927} WARNING - No viable dags retrieved from /usr/local/anaconda3/envs/airflow_env/lib/python3.8/site-packages/airflow/example_dags/example_branch_operator.py
[2025-03-07T14:59:32.442+0100] {processor.py:208} INFO - Processing /usr/local/anaconda3/envs/airflow_env/lib/python3.8/site-packages/airflow/example_dags/example_branch_operator.py took 0.083 seconds
[2025-03-07T15:04:18.862+0100] {processor.py:186} INFO - Started process (PID=7225) to work on /usr/local/anaconda3/envs/airflow_env/lib/python3.8/site-packages/airflow/example_dags/example_branch_operator.py
[2025-03-07T15:04:18.865+0100] {processor.py:914} INFO - Processing file /usr/local/anaconda3/envs/airflow_env/lib/python3.8/site-packages/airflow/example_dags/example_branch_operator.py for tasks to queue
[2025-03-07T15:04:18.866+0100] {logging_mixin.py:190} INFO - [2025-03-07T15:04:18.866+0100] {dagbag.py:588} INFO - Filling up the DagBag from /usr/local/anaconda3/envs/airflow_env/lib/python3.8/site-packages/airflow/example_dags/example_branch_operator.py
[2025-03-07T15:04:18.881+0100] {processor.py:927} WARNING - No viable dags retrieved from /usr/local/anaconda3/envs/airflow_env/lib/python3.8/site-packages/airflow/example_dags/example_branch_operator.py
[2025-03-07T15:04:18.946+0100] {processor.py:208} INFO - Processing /usr/local/anaconda3/envs/airflow_env/lib/python3.8/site-packages/airflow/example_dags/example_branch_operator.py took 0.088 seconds
[2025-03-07T15:09:03.064+0100] {processor.py:186} INFO - Started process (PID=7739) to work on /usr/local/anaconda3/envs/airflow_env/lib/python3.8/site-packages/airflow/example_dags/example_branch_operator.py
[2025-03-07T15:09:03.067+0100] {processor.py:914} INFO - Processing file /usr/local/anaconda3/envs/airflow_env/lib/python3.8/site-packages/airflow/example_dags/example_branch_operator.py for tasks to queue
[2025-03-07T15:09:03.068+0100] {logging_mixin.py:190} INFO - [2025-03-07T15:09:03.068+0100] {dagbag.py:588} INFO - Filling up the DagBag from /usr/local/anaconda3/envs/airflow_env/lib/python3.8/site-packages/airflow/example_dags/example_branch_operator.py
[2025-03-07T15:09:03.082+0100] {processor.py:927} WARNING - No viable dags retrieved from /usr/local/anaconda3/envs/airflow_env/lib/python3.8/site-packages/airflow/example_dags/example_branch_operator.py
[2025-03-07T15:09:03.146+0100] {processor.py:208} INFO - Processing /usr/local/anaconda3/envs/airflow_env/lib/python3.8/site-packages/airflow/example_dags/example_branch_operator.py took 0.085 seconds
[2025-03-07T15:14:49.566+0100] {processor.py:186} INFO - Started process (PID=8418) to work on /usr/local/anaconda3/envs/airflow_env/lib/python3.8/site-packages/airflow/example_dags/example_branch_operator.py
[2025-03-07T15:14:49.569+0100] {processor.py:914} INFO - Processing file /usr/local/anaconda3/envs/airflow_env/lib/python3.8/site-packages/airflow/example_dags/example_branch_operator.py for tasks to queue
[2025-03-07T15:14:49.570+0100] {logging_mixin.py:190} INFO - [2025-03-07T15:14:49.570+0100] {dagbag.py:588} INFO - Filling up the DagBag from /usr/local/anaconda3/envs/airflow_env/lib/python3.8/site-packages/airflow/example_dags/example_branch_operator.py
[2025-03-07T15:14:49.583+0100] {processor.py:927} WARNING - No viable dags retrieved from /usr/local/anaconda3/envs/airflow_env/lib/python3.8/site-packages/airflow/example_dags/example_branch_operator.py
[2025-03-07T15:14:49.644+0100] {processor.py:208} INFO - Processing /usr/local/anaconda3/envs/airflow_env/lib/python3.8/site-packages/airflow/example_dags/example_branch_operator.py took 0.082 seconds
[2025-03-07T15:19:27.929+0100] {processor.py:186} INFO - Started process (PID=8974) to work on /usr/local/anaconda3/envs/airflow_env/lib/python3.8/site-packages/airflow/example_dags/example_branch_operator.py
[2025-03-07T15:19:27.932+0100] {processor.py:914} INFO - Processing file /usr/local/anaconda3/envs/airflow_env/lib/python3.8/site-packages/airflow/example_dags/example_branch_operator.py for tasks to queue
[2025-03-07T15:19:27.932+0100] {logging_mixin.py:190} INFO - [2025-03-07T15:19:27.932+0100] {dagbag.py:588} INFO - Filling up the DagBag from /usr/local/anaconda3/envs/airflow_env/lib/python3.8/site-packages/airflow/example_dags/example_branch_operator.py
[2025-03-07T15:19:27.946+0100] {processor.py:927} WARNING - No viable dags retrieved from /usr/local/anaconda3/envs/airflow_env/lib/python3.8/site-packages/airflow/example_dags/example_branch_operator.py
[2025-03-07T15:19:28.010+0100] {processor.py:208} INFO - Processing /usr/local/anaconda3/envs/airflow_env/lib/python3.8/site-packages/airflow/example_dags/example_branch_operator.py took 0.084 seconds
[2025-03-07T15:23:57.027+0100] {processor.py:186} INFO - Started process (PID=9545) to work on /usr/local/anaconda3/envs/airflow_env/lib/python3.8/site-packages/airflow/example_dags/example_branch_operator.py
[2025-03-07T15:23:57.030+0100] {processor.py:914} INFO - Processing file /usr/local/anaconda3/envs/airflow_env/lib/python3.8/site-packages/airflow/example_dags/example_branch_operator.py for tasks to queue
[2025-03-07T15:23:57.031+0100] {logging_mixin.py:190} INFO - [2025-03-07T15:23:57.031+0100] {dagbag.py:588} INFO - Filling up the DagBag from /usr/local/anaconda3/envs/airflow_env/lib/python3.8/site-packages/airflow/example_dags/example_branch_operator.py
[2025-03-07T15:23:57.046+0100] {processor.py:927} WARNING - No viable dags retrieved from /usr/local/anaconda3/envs/airflow_env/lib/python3.8/site-packages/airflow/example_dags/example_branch_operator.py
[2025-03-07T15:23:57.112+0100] {processor.py:208} INFO - Processing /usr/local/anaconda3/envs/airflow_env/lib/python3.8/site-packages/airflow/example_dags/example_branch_operator.py took 0.089 seconds
[2025-03-07T15:31:45.651+0100] {processor.py:186} INFO - Started process (PID=10488) to work on /usr/local/anaconda3/envs/airflow_env/lib/python3.8/site-packages/airflow/example_dags/example_branch_operator.py
[2025-03-07T15:31:45.654+0100] {processor.py:914} INFO - Processing file /usr/local/anaconda3/envs/airflow_env/lib/python3.8/site-packages/airflow/example_dags/example_branch_operator.py for tasks to queue
[2025-03-07T15:31:45.655+0100] {logging_mixin.py:190} INFO - [2025-03-07T15:31:45.655+0100] {dagbag.py:588} INFO - Filling up the DagBag from /usr/local/anaconda3/envs/airflow_env/lib/python3.8/site-packages/airflow/example_dags/example_branch_operator.py
[2025-03-07T15:31:45.669+0100] {processor.py:927} WARNING - No viable dags retrieved from /usr/local/anaconda3/envs/airflow_env/lib/python3.8/site-packages/airflow/example_dags/example_branch_operator.py
[2025-03-07T15:31:45.735+0100] {processor.py:208} INFO - Processing /usr/local/anaconda3/envs/airflow_env/lib/python3.8/site-packages/airflow/example_dags/example_branch_operator.py took 0.087 seconds
[2025-03-07T15:36:17.624+0100] {processor.py:186} INFO - Started process (PID=10995) to work on /usr/local/anaconda3/envs/airflow_env/lib/python3.8/site-packages/airflow/example_dags/example_branch_operator.py
[2025-03-07T15:36:17.627+0100] {processor.py:914} INFO - Processing file /usr/local/anaconda3/envs/airflow_env/lib/python3.8/site-packages/airflow/example_dags/example_branch_operator.py for tasks to queue
[2025-03-07T15:36:17.628+0100] {logging_mixin.py:190} INFO - [2025-03-07T15:36:17.628+0100] {dagbag.py:588} INFO - Filling up the DagBag from /usr/local/anaconda3/envs/airflow_env/lib/python3.8/site-packages/airflow/example_dags/example_branch_operator.py
[2025-03-07T15:36:17.642+0100] {processor.py:927} WARNING - No viable dags retrieved from /usr/local/anaconda3/envs/airflow_env/lib/python3.8/site-packages/airflow/example_dags/example_branch_operator.py
[2025-03-07T15:36:17.704+0100] {processor.py:208} INFO - Processing /usr/local/anaconda3/envs/airflow_env/lib/python3.8/site-packages/airflow/example_dags/example_branch_operator.py took 0.083 seconds
[2025-03-07T15:40:42.886+0100] {processor.py:186} INFO - Started process (PID=11452) to work on /usr/local/anaconda3/envs/airflow_env/lib/python3.8/site-packages/airflow/example_dags/example_branch_operator.py
[2025-03-07T15:40:42.889+0100] {processor.py:914} INFO - Processing file /usr/local/anaconda3/envs/airflow_env/lib/python3.8/site-packages/airflow/example_dags/example_branch_operator.py for tasks to queue
[2025-03-07T15:40:42.890+0100] {logging_mixin.py:190} INFO - [2025-03-07T15:40:42.890+0100] {dagbag.py:588} INFO - Filling up the DagBag from /usr/local/anaconda3/envs/airflow_env/lib/python3.8/site-packages/airflow/example_dags/example_branch_operator.py
[2025-03-07T15:40:42.905+0100] {processor.py:927} WARNING - No viable dags retrieved from /usr/local/anaconda3/envs/airflow_env/lib/python3.8/site-packages/airflow/example_dags/example_branch_operator.py
[2025-03-07T15:40:42.968+0100] {processor.py:208} INFO - Processing /usr/local/anaconda3/envs/airflow_env/lib/python3.8/site-packages/airflow/example_dags/example_branch_operator.py took 0.085 seconds
[2025-03-07T15:45:00.569+0100] {processor.py:186} INFO - Started process (PID=11867) to work on /usr/local/anaconda3/envs/airflow_env/lib/python3.8/site-packages/airflow/example_dags/example_branch_operator.py
[2025-03-07T15:45:00.572+0100] {processor.py:914} INFO - Processing file /usr/local/anaconda3/envs/airflow_env/lib/python3.8/site-packages/airflow/example_dags/example_branch_operator.py for tasks to queue
[2025-03-07T15:45:00.573+0100] {logging_mixin.py:190} INFO - [2025-03-07T15:45:00.573+0100] {dagbag.py:588} INFO - Filling up the DagBag from /usr/local/anaconda3/envs/airflow_env/lib/python3.8/site-packages/airflow/example_dags/example_branch_operator.py
[2025-03-07T15:45:00.588+0100] {processor.py:927} WARNING - No viable dags retrieved from /usr/local/anaconda3/envs/airflow_env/lib/python3.8/site-packages/airflow/example_dags/example_branch_operator.py
[2025-03-07T15:45:00.651+0100] {processor.py:208} INFO - Processing /usr/local/anaconda3/envs/airflow_env/lib/python3.8/site-packages/airflow/example_dags/example_branch_operator.py took 0.085 seconds
[2025-03-07T15:49:47.475+0100] {processor.py:186} INFO - Started process (PID=12367) to work on /usr/local/anaconda3/envs/airflow_env/lib/python3.8/site-packages/airflow/example_dags/example_branch_operator.py
[2025-03-07T15:49:47.478+0100] {processor.py:914} INFO - Processing file /usr/local/anaconda3/envs/airflow_env/lib/python3.8/site-packages/airflow/example_dags/example_branch_operator.py for tasks to queue
[2025-03-07T15:49:47.479+0100] {logging_mixin.py:190} INFO - [2025-03-07T15:49:47.479+0100] {dagbag.py:588} INFO - Filling up the DagBag from /usr/local/anaconda3/envs/airflow_env/lib/python3.8/site-packages/airflow/example_dags/example_branch_operator.py
[2025-03-07T15:49:47.493+0100] {processor.py:927} WARNING - No viable dags retrieved from /usr/local/anaconda3/envs/airflow_env/lib/python3.8/site-packages/airflow/example_dags/example_branch_operator.py
[2025-03-07T15:49:47.555+0100] {processor.py:208} INFO - Processing /usr/local/anaconda3/envs/airflow_env/lib/python3.8/site-packages/airflow/example_dags/example_branch_operator.py took 0.083 seconds
[2025-03-07T15:54:34.726+0100] {processor.py:186} INFO - Started process (PID=12928) to work on /usr/local/anaconda3/envs/airflow_env/lib/python3.8/site-packages/airflow/example_dags/example_branch_operator.py
[2025-03-07T15:54:34.729+0100] {processor.py:914} INFO - Processing file /usr/local/anaconda3/envs/airflow_env/lib/python3.8/site-packages/airflow/example_dags/example_branch_operator.py for tasks to queue
[2025-03-07T15:54:34.730+0100] {logging_mixin.py:190} INFO - [2025-03-07T15:54:34.730+0100] {dagbag.py:588} INFO - Filling up the DagBag from /usr/local/anaconda3/envs/airflow_env/lib/python3.8/site-packages/airflow/example_dags/example_branch_operator.py
[2025-03-07T15:54:34.745+0100] {processor.py:927} WARNING - No viable dags retrieved from /usr/local/anaconda3/envs/airflow_env/lib/python3.8/site-packages/airflow/example_dags/example_branch_operator.py
[2025-03-07T15:54:34.812+0100] {processor.py:208} INFO - Processing /usr/local/anaconda3/envs/airflow_env/lib/python3.8/site-packages/airflow/example_dags/example_branch_operator.py took 0.089 seconds
[2025-03-07T15:59:09.979+0100] {processor.py:186} INFO - Started process (PID=13387) to work on /usr/local/anaconda3/envs/airflow_env/lib/python3.8/site-packages/airflow/example_dags/example_branch_operator.py
[2025-03-07T15:59:09.983+0100] {processor.py:914} INFO - Processing file /usr/local/anaconda3/envs/airflow_env/lib/python3.8/site-packages/airflow/example_dags/example_branch_operator.py for tasks to queue
[2025-03-07T15:59:09.983+0100] {logging_mixin.py:190} INFO - [2025-03-07T15:59:09.983+0100] {dagbag.py:588} INFO - Filling up the DagBag from /usr/local/anaconda3/envs/airflow_env/lib/python3.8/site-packages/airflow/example_dags/example_branch_operator.py
[2025-03-07T15:59:10.000+0100] {processor.py:927} WARNING - No viable dags retrieved from /usr/local/anaconda3/envs/airflow_env/lib/python3.8/site-packages/airflow/example_dags/example_branch_operator.py
[2025-03-07T15:59:10.068+0100] {processor.py:208} INFO - Processing /usr/local/anaconda3/envs/airflow_env/lib/python3.8/site-packages/airflow/example_dags/example_branch_operator.py took 0.092 seconds
[2025-03-07T16:05:55.943+0100] {processor.py:186} INFO - Started process (PID=13991) to work on /usr/local/anaconda3/envs/airflow_env/lib/python3.8/site-packages/airflow/example_dags/example_branch_operator.py
[2025-03-07T16:05:55.946+0100] {processor.py:914} INFO - Processing file /usr/local/anaconda3/envs/airflow_env/lib/python3.8/site-packages/airflow/example_dags/example_branch_operator.py for tasks to queue
[2025-03-07T16:05:55.947+0100] {logging_mixin.py:190} INFO - [2025-03-07T16:05:55.947+0100] {dagbag.py:588} INFO - Filling up the DagBag from /usr/local/anaconda3/envs/airflow_env/lib/python3.8/site-packages/airflow/example_dags/example_branch_operator.py
[2025-03-07T16:05:55.960+0100] {processor.py:927} WARNING - No viable dags retrieved from /usr/local/anaconda3/envs/airflow_env/lib/python3.8/site-packages/airflow/example_dags/example_branch_operator.py
[2025-03-07T16:05:56.022+0100] {processor.py:208} INFO - Processing /usr/local/anaconda3/envs/airflow_env/lib/python3.8/site-packages/airflow/example_dags/example_branch_operator.py took 0.082 seconds
[2025-03-07T16:12:05.527+0100] {processor.py:186} INFO - Started process (PID=14590) to work on /usr/local/anaconda3/envs/airflow_env/lib/python3.8/site-packages/airflow/example_dags/example_branch_operator.py
[2025-03-07T16:12:05.530+0100] {processor.py:914} INFO - Processing file /usr/local/anaconda3/envs/airflow_env/lib/python3.8/site-packages/airflow/example_dags/example_branch_operator.py for tasks to queue
[2025-03-07T16:12:05.531+0100] {logging_mixin.py:190} INFO - [2025-03-07T16:12:05.531+0100] {dagbag.py:588} INFO - Filling up the DagBag from /usr/local/anaconda3/envs/airflow_env/lib/python3.8/site-packages/airflow/example_dags/example_branch_operator.py
[2025-03-07T16:12:05.545+0100] {processor.py:927} WARNING - No viable dags retrieved from /usr/local/anaconda3/envs/airflow_env/lib/python3.8/site-packages/airflow/example_dags/example_branch_operator.py
[2025-03-07T16:12:05.614+0100] {processor.py:208} INFO - Processing /usr/local/anaconda3/envs/airflow_env/lib/python3.8/site-packages/airflow/example_dags/example_branch_operator.py took 0.090 seconds
[2025-03-07T16:16:31.145+0100] {processor.py:186} INFO - Started process (PID=15115) to work on /usr/local/anaconda3/envs/airflow_env/lib/python3.8/site-packages/airflow/example_dags/example_branch_operator.py
[2025-03-07T16:16:31.148+0100] {processor.py:914} INFO - Processing file /usr/local/anaconda3/envs/airflow_env/lib/python3.8/site-packages/airflow/example_dags/example_branch_operator.py for tasks to queue
[2025-03-07T16:16:31.149+0100] {logging_mixin.py:190} INFO - [2025-03-07T16:16:31.149+0100] {dagbag.py:588} INFO - Filling up the DagBag from /usr/local/anaconda3/envs/airflow_env/lib/python3.8/site-packages/airflow/example_dags/example_branch_operator.py
[2025-03-07T16:16:31.163+0100] {processor.py:927} WARNING - No viable dags retrieved from /usr/local/anaconda3/envs/airflow_env/lib/python3.8/site-packages/airflow/example_dags/example_branch_operator.py
[2025-03-07T16:16:31.228+0100] {processor.py:208} INFO - Processing /usr/local/anaconda3/envs/airflow_env/lib/python3.8/site-packages/airflow/example_dags/example_branch_operator.py took 0.086 seconds
[2025-03-07T16:21:11.527+0100] {processor.py:186} INFO - Started process (PID=15640) to work on /usr/local/anaconda3/envs/airflow_env/lib/python3.8/site-packages/airflow/example_dags/example_branch_operator.py
[2025-03-07T16:21:11.530+0100] {processor.py:914} INFO - Processing file /usr/local/anaconda3/envs/airflow_env/lib/python3.8/site-packages/airflow/example_dags/example_branch_operator.py for tasks to queue
[2025-03-07T16:21:11.531+0100] {logging_mixin.py:190} INFO - [2025-03-07T16:21:11.531+0100] {dagbag.py:588} INFO - Filling up the DagBag from /usr/local/anaconda3/envs/airflow_env/lib/python3.8/site-packages/airflow/example_dags/example_branch_operator.py
[2025-03-07T16:21:11.545+0100] {processor.py:927} WARNING - No viable dags retrieved from /usr/local/anaconda3/envs/airflow_env/lib/python3.8/site-packages/airflow/example_dags/example_branch_operator.py
[2025-03-07T16:21:11.608+0100] {processor.py:208} INFO - Processing /usr/local/anaconda3/envs/airflow_env/lib/python3.8/site-packages/airflow/example_dags/example_branch_operator.py took 0.084 seconds
[2025-03-07T16:42:20.580+0100] {processor.py:186} INFO - Started process (PID=17526) to work on /usr/local/anaconda3/envs/airflow_env/lib/python3.8/site-packages/airflow/example_dags/example_branch_operator.py
[2025-03-07T16:42:20.583+0100] {processor.py:914} INFO - Processing file /usr/local/anaconda3/envs/airflow_env/lib/python3.8/site-packages/airflow/example_dags/example_branch_operator.py for tasks to queue
[2025-03-07T16:42:20.584+0100] {logging_mixin.py:190} INFO - [2025-03-07T16:42:20.584+0100] {dagbag.py:588} INFO - Filling up the DagBag from /usr/local/anaconda3/envs/airflow_env/lib/python3.8/site-packages/airflow/example_dags/example_branch_operator.py
[2025-03-07T16:42:20.598+0100] {processor.py:927} WARNING - No viable dags retrieved from /usr/local/anaconda3/envs/airflow_env/lib/python3.8/site-packages/airflow/example_dags/example_branch_operator.py
[2025-03-07T16:42:20.660+0100] {processor.py:208} INFO - Processing /usr/local/anaconda3/envs/airflow_env/lib/python3.8/site-packages/airflow/example_dags/example_branch_operator.py took 0.083 seconds
[2025-03-07T16:48:41.939+0100] {processor.py:186} INFO - Started process (PID=18302) to work on /usr/local/anaconda3/envs/airflow_env/lib/python3.8/site-packages/airflow/example_dags/example_branch_operator.py
[2025-03-07T16:48:41.942+0100] {processor.py:914} INFO - Processing file /usr/local/anaconda3/envs/airflow_env/lib/python3.8/site-packages/airflow/example_dags/example_branch_operator.py for tasks to queue
[2025-03-07T16:48:41.943+0100] {logging_mixin.py:190} INFO - [2025-03-07T16:48:41.943+0100] {dagbag.py:588} INFO - Filling up the DagBag from /usr/local/anaconda3/envs/airflow_env/lib/python3.8/site-packages/airflow/example_dags/example_branch_operator.py
[2025-03-07T16:48:41.958+0100] {processor.py:927} WARNING - No viable dags retrieved from /usr/local/anaconda3/envs/airflow_env/lib/python3.8/site-packages/airflow/example_dags/example_branch_operator.py
[2025-03-07T16:48:42.024+0100] {processor.py:208} INFO - Processing /usr/local/anaconda3/envs/airflow_env/lib/python3.8/site-packages/airflow/example_dags/example_branch_operator.py took 0.088 seconds
[2025-03-07T16:53:34.924+0100] {processor.py:186} INFO - Started process (PID=18879) to work on /usr/local/anaconda3/envs/airflow_env/lib/python3.8/site-packages/airflow/example_dags/example_branch_operator.py
[2025-03-07T16:53:34.927+0100] {processor.py:914} INFO - Processing file /usr/local/anaconda3/envs/airflow_env/lib/python3.8/site-packages/airflow/example_dags/example_branch_operator.py for tasks to queue
[2025-03-07T16:53:34.928+0100] {logging_mixin.py:190} INFO - [2025-03-07T16:53:34.928+0100] {dagbag.py:588} INFO - Filling up the DagBag from /usr/local/anaconda3/envs/airflow_env/lib/python3.8/site-packages/airflow/example_dags/example_branch_operator.py
[2025-03-07T16:53:34.942+0100] {processor.py:927} WARNING - No viable dags retrieved from /usr/local/anaconda3/envs/airflow_env/lib/python3.8/site-packages/airflow/example_dags/example_branch_operator.py
[2025-03-07T16:53:35.006+0100] {processor.py:208} INFO - Processing /usr/local/anaconda3/envs/airflow_env/lib/python3.8/site-packages/airflow/example_dags/example_branch_operator.py took 0.084 seconds
[2025-03-07T16:56:51.906+0100] {processor.py:186} INFO - Started process (PID=19543) to work on /usr/local/anaconda3/envs/airflow_env/lib/python3.8/site-packages/airflow/example_dags/example_branch_operator.py
[2025-03-07T16:56:51.909+0100] {processor.py:914} INFO - Processing file /usr/local/anaconda3/envs/airflow_env/lib/python3.8/site-packages/airflow/example_dags/example_branch_operator.py for tasks to queue
[2025-03-07T16:56:51.910+0100] {logging_mixin.py:190} INFO - [2025-03-07T16:56:51.910+0100] {dagbag.py:588} INFO - Filling up the DagBag from /usr/local/anaconda3/envs/airflow_env/lib/python3.8/site-packages/airflow/example_dags/example_branch_operator.py
[2025-03-07T16:56:51.924+0100] {processor.py:927} WARNING - No viable dags retrieved from /usr/local/anaconda3/envs/airflow_env/lib/python3.8/site-packages/airflow/example_dags/example_branch_operator.py
[2025-03-07T16:56:51.986+0100] {processor.py:208} INFO - Processing /usr/local/anaconda3/envs/airflow_env/lib/python3.8/site-packages/airflow/example_dags/example_branch_operator.py took 0.083 seconds
[2025-03-07T17:01:42.475+0100] {processor.py:186} INFO - Started process (PID=20337) to work on /usr/local/anaconda3/envs/airflow_env/lib/python3.8/site-packages/airflow/example_dags/example_branch_operator.py
[2025-03-07T17:01:42.478+0100] {processor.py:914} INFO - Processing file /usr/local/anaconda3/envs/airflow_env/lib/python3.8/site-packages/airflow/example_dags/example_branch_operator.py for tasks to queue
[2025-03-07T17:01:42.479+0100] {logging_mixin.py:190} INFO - [2025-03-07T17:01:42.478+0100] {dagbag.py:588} INFO - Filling up the DagBag from /usr/local/anaconda3/envs/airflow_env/lib/python3.8/site-packages/airflow/example_dags/example_branch_operator.py
[2025-03-07T17:01:42.492+0100] {processor.py:927} WARNING - No viable dags retrieved from /usr/local/anaconda3/envs/airflow_env/lib/python3.8/site-packages/airflow/example_dags/example_branch_operator.py
[2025-03-07T17:01:42.554+0100] {processor.py:208} INFO - Processing /usr/local/anaconda3/envs/airflow_env/lib/python3.8/site-packages/airflow/example_dags/example_branch_operator.py took 0.083 seconds
[2025-03-07T17:09:54.724+0100] {processor.py:186} INFO - Started process (PID=20720) to work on /usr/local/anaconda3/envs/airflow_env/lib/python3.8/site-packages/airflow/example_dags/example_branch_operator.py
[2025-03-07T17:09:54.727+0100] {processor.py:914} INFO - Processing file /usr/local/anaconda3/envs/airflow_env/lib/python3.8/site-packages/airflow/example_dags/example_branch_operator.py for tasks to queue
[2025-03-07T17:09:54.728+0100] {logging_mixin.py:190} INFO - [2025-03-07T17:09:54.728+0100] {dagbag.py:588} INFO - Filling up the DagBag from /usr/local/anaconda3/envs/airflow_env/lib/python3.8/site-packages/airflow/example_dags/example_branch_operator.py
[2025-03-07T17:09:54.742+0100] {processor.py:927} WARNING - No viable dags retrieved from /usr/local/anaconda3/envs/airflow_env/lib/python3.8/site-packages/airflow/example_dags/example_branch_operator.py
[2025-03-07T17:09:54.805+0100] {processor.py:208} INFO - Processing /usr/local/anaconda3/envs/airflow_env/lib/python3.8/site-packages/airflow/example_dags/example_branch_operator.py took 0.084 seconds
[2025-03-07T17:14:38.879+0100] {processor.py:186} INFO - Started process (PID=21406) to work on /usr/local/anaconda3/envs/airflow_env/lib/python3.8/site-packages/airflow/example_dags/example_branch_operator.py
[2025-03-07T17:14:38.882+0100] {processor.py:914} INFO - Processing file /usr/local/anaconda3/envs/airflow_env/lib/python3.8/site-packages/airflow/example_dags/example_branch_operator.py for tasks to queue
[2025-03-07T17:14:38.883+0100] {logging_mixin.py:190} INFO - [2025-03-07T17:14:38.883+0100] {dagbag.py:588} INFO - Filling up the DagBag from /usr/local/anaconda3/envs/airflow_env/lib/python3.8/site-packages/airflow/example_dags/example_branch_operator.py
[2025-03-07T17:14:38.897+0100] {processor.py:927} WARNING - No viable dags retrieved from /usr/local/anaconda3/envs/airflow_env/lib/python3.8/site-packages/airflow/example_dags/example_branch_operator.py
[2025-03-07T17:14:38.958+0100] {processor.py:208} INFO - Processing /usr/local/anaconda3/envs/airflow_env/lib/python3.8/site-packages/airflow/example_dags/example_branch_operator.py took 0.081 seconds
[2025-03-07T17:26:21.749+0100] {processor.py:186} INFO - Started process (PID=22552) to work on /usr/local/anaconda3/envs/airflow_env/lib/python3.8/site-packages/airflow/example_dags/example_branch_operator.py
[2025-03-07T17:26:21.752+0100] {processor.py:914} INFO - Processing file /usr/local/anaconda3/envs/airflow_env/lib/python3.8/site-packages/airflow/example_dags/example_branch_operator.py for tasks to queue
[2025-03-07T17:26:21.753+0100] {logging_mixin.py:190} INFO - [2025-03-07T17:26:21.753+0100] {dagbag.py:588} INFO - Filling up the DagBag from /usr/local/anaconda3/envs/airflow_env/lib/python3.8/site-packages/airflow/example_dags/example_branch_operator.py
[2025-03-07T17:26:21.767+0100] {processor.py:927} WARNING - No viable dags retrieved from /usr/local/anaconda3/envs/airflow_env/lib/python3.8/site-packages/airflow/example_dags/example_branch_operator.py
[2025-03-07T17:26:21.831+0100] {processor.py:208} INFO - Processing /usr/local/anaconda3/envs/airflow_env/lib/python3.8/site-packages/airflow/example_dags/example_branch_operator.py took 0.085 seconds
[2025-03-07T20:34:37.276+0100] {processor.py:186} INFO - Started process (PID=23296) to work on /usr/local/anaconda3/envs/airflow_env/lib/python3.8/site-packages/airflow/example_dags/example_branch_operator.py
[2025-03-07T20:34:37.280+0100] {processor.py:914} INFO - Processing file /usr/local/anaconda3/envs/airflow_env/lib/python3.8/site-packages/airflow/example_dags/example_branch_operator.py for tasks to queue
[2025-03-07T20:34:37.281+0100] {logging_mixin.py:190} INFO - [2025-03-07T20:34:37.281+0100] {dagbag.py:588} INFO - Filling up the DagBag from /usr/local/anaconda3/envs/airflow_env/lib/python3.8/site-packages/airflow/example_dags/example_branch_operator.py
[2025-03-07T20:34:37.301+0100] {processor.py:927} WARNING - No viable dags retrieved from /usr/local/anaconda3/envs/airflow_env/lib/python3.8/site-packages/airflow/example_dags/example_branch_operator.py
[2025-03-07T20:34:37.392+0100] {processor.py:208} INFO - Processing /usr/local/anaconda3/envs/airflow_env/lib/python3.8/site-packages/airflow/example_dags/example_branch_operator.py took 0.120 seconds
[2025-03-07T20:46:18.300+0100] {processor.py:186} INFO - Started process (PID=23679) to work on /usr/local/anaconda3/envs/airflow_env/lib/python3.8/site-packages/airflow/example_dags/example_branch_operator.py
[2025-03-07T20:46:18.303+0100] {processor.py:914} INFO - Processing file /usr/local/anaconda3/envs/airflow_env/lib/python3.8/site-packages/airflow/example_dags/example_branch_operator.py for tasks to queue
[2025-03-07T20:46:18.304+0100] {logging_mixin.py:190} INFO - [2025-03-07T20:46:18.304+0100] {dagbag.py:588} INFO - Filling up the DagBag from /usr/local/anaconda3/envs/airflow_env/lib/python3.8/site-packages/airflow/example_dags/example_branch_operator.py
[2025-03-07T20:46:18.320+0100] {processor.py:927} WARNING - No viable dags retrieved from /usr/local/anaconda3/envs/airflow_env/lib/python3.8/site-packages/airflow/example_dags/example_branch_operator.py
[2025-03-07T20:46:18.388+0100] {processor.py:208} INFO - Processing /usr/local/anaconda3/envs/airflow_env/lib/python3.8/site-packages/airflow/example_dags/example_branch_operator.py took 0.091 seconds
[2025-03-07T20:51:03.859+0100] {processor.py:186} INFO - Started process (PID=24136) to work on /usr/local/anaconda3/envs/airflow_env/lib/python3.8/site-packages/airflow/example_dags/example_branch_operator.py
[2025-03-07T20:51:03.862+0100] {processor.py:914} INFO - Processing file /usr/local/anaconda3/envs/airflow_env/lib/python3.8/site-packages/airflow/example_dags/example_branch_operator.py for tasks to queue
[2025-03-07T20:51:03.863+0100] {logging_mixin.py:190} INFO - [2025-03-07T20:51:03.863+0100] {dagbag.py:588} INFO - Filling up the DagBag from /usr/local/anaconda3/envs/airflow_env/lib/python3.8/site-packages/airflow/example_dags/example_branch_operator.py
[2025-03-07T20:51:03.877+0100] {processor.py:927} WARNING - No viable dags retrieved from /usr/local/anaconda3/envs/airflow_env/lib/python3.8/site-packages/airflow/example_dags/example_branch_operator.py
[2025-03-07T20:51:03.945+0100] {processor.py:208} INFO - Processing /usr/local/anaconda3/envs/airflow_env/lib/python3.8/site-packages/airflow/example_dags/example_branch_operator.py took 0.089 seconds
[2025-03-07T20:55:49.818+0100] {processor.py:186} INFO - Started process (PID=24754) to work on /usr/local/anaconda3/envs/airflow_env/lib/python3.8/site-packages/airflow/example_dags/example_branch_operator.py
[2025-03-07T20:55:49.822+0100] {processor.py:914} INFO - Processing file /usr/local/anaconda3/envs/airflow_env/lib/python3.8/site-packages/airflow/example_dags/example_branch_operator.py for tasks to queue
[2025-03-07T20:55:49.823+0100] {logging_mixin.py:190} INFO - [2025-03-07T20:55:49.823+0100] {dagbag.py:588} INFO - Filling up the DagBag from /usr/local/anaconda3/envs/airflow_env/lib/python3.8/site-packages/airflow/example_dags/example_branch_operator.py
[2025-03-07T20:55:49.840+0100] {processor.py:927} WARNING - No viable dags retrieved from /usr/local/anaconda3/envs/airflow_env/lib/python3.8/site-packages/airflow/example_dags/example_branch_operator.py
[2025-03-07T20:55:49.913+0100] {processor.py:208} INFO - Processing /usr/local/anaconda3/envs/airflow_env/lib/python3.8/site-packages/airflow/example_dags/example_branch_operator.py took 0.101 seconds
[2025-03-07T21:00:32.966+0100] {processor.py:186} INFO - Started process (PID=25138) to work on /usr/local/anaconda3/envs/airflow_env/lib/python3.8/site-packages/airflow/example_dags/example_branch_operator.py
[2025-03-07T21:00:32.969+0100] {processor.py:914} INFO - Processing file /usr/local/anaconda3/envs/airflow_env/lib/python3.8/site-packages/airflow/example_dags/example_branch_operator.py for tasks to queue
[2025-03-07T21:00:32.970+0100] {logging_mixin.py:190} INFO - [2025-03-07T21:00:32.970+0100] {dagbag.py:588} INFO - Filling up the DagBag from /usr/local/anaconda3/envs/airflow_env/lib/python3.8/site-packages/airflow/example_dags/example_branch_operator.py
[2025-03-07T21:00:32.986+0100] {processor.py:927} WARNING - No viable dags retrieved from /usr/local/anaconda3/envs/airflow_env/lib/python3.8/site-packages/airflow/example_dags/example_branch_operator.py
[2025-03-07T21:00:33.058+0100] {processor.py:208} INFO - Processing /usr/local/anaconda3/envs/airflow_env/lib/python3.8/site-packages/airflow/example_dags/example_branch_operator.py took 0.095 seconds
[2025-03-07T21:04:13.686+0100] {processor.py:186} INFO - Started process (PID=25523) to work on /usr/local/anaconda3/envs/airflow_env/lib/python3.8/site-packages/airflow/example_dags/example_branch_operator.py
[2025-03-07T21:04:13.693+0100] {processor.py:914} INFO - Processing file /usr/local/anaconda3/envs/airflow_env/lib/python3.8/site-packages/airflow/example_dags/example_branch_operator.py for tasks to queue
[2025-03-07T21:04:13.694+0100] {logging_mixin.py:190} INFO - [2025-03-07T21:04:13.694+0100] {dagbag.py:588} INFO - Filling up the DagBag from /usr/local/anaconda3/envs/airflow_env/lib/python3.8/site-packages/airflow/example_dags/example_branch_operator.py
[2025-03-07T21:04:13.720+0100] {processor.py:927} WARNING - No viable dags retrieved from /usr/local/anaconda3/envs/airflow_env/lib/python3.8/site-packages/airflow/example_dags/example_branch_operator.py
[2025-03-07T21:04:13.803+0100] {processor.py:208} INFO - Processing /usr/local/anaconda3/envs/airflow_env/lib/python3.8/site-packages/airflow/example_dags/example_branch_operator.py took 0.120 seconds
[2025-03-07T21:08:53.876+0100] {processor.py:186} INFO - Started process (PID=26007) to work on /usr/local/anaconda3/envs/airflow_env/lib/python3.8/site-packages/airflow/example_dags/example_branch_operator.py
[2025-03-07T21:08:53.879+0100] {processor.py:914} INFO - Processing file /usr/local/anaconda3/envs/airflow_env/lib/python3.8/site-packages/airflow/example_dags/example_branch_operator.py for tasks to queue
[2025-03-07T21:08:53.880+0100] {logging_mixin.py:190} INFO - [2025-03-07T21:08:53.880+0100] {dagbag.py:588} INFO - Filling up the DagBag from /usr/local/anaconda3/envs/airflow_env/lib/python3.8/site-packages/airflow/example_dags/example_branch_operator.py
[2025-03-07T21:08:53.894+0100] {processor.py:927} WARNING - No viable dags retrieved from /usr/local/anaconda3/envs/airflow_env/lib/python3.8/site-packages/airflow/example_dags/example_branch_operator.py
[2025-03-07T21:08:53.958+0100] {processor.py:208} INFO - Processing /usr/local/anaconda3/envs/airflow_env/lib/python3.8/site-packages/airflow/example_dags/example_branch_operator.py took 0.086 seconds
