[2025-03-07T14:12:19.657+0100] {processor.py:186} INFO - Started process (PID=2826) to work on /usr/local/anaconda3/envs/airflow_env/lib/python3.8/site-packages/airflow/example_dags/example_inlet_event_extra.py
[2025-03-07T14:12:19.660+0100] {processor.py:914} INFO - Processing file /usr/local/anaconda3/envs/airflow_env/lib/python3.8/site-packages/airflow/example_dags/example_inlet_event_extra.py for tasks to queue
[2025-03-07T14:12:19.661+0100] {logging_mixin.py:190} INFO - [2025-03-07T14:12:19.661+0100] {dagbag.py:588} INFO - Filling up the DagBag from /usr/local/anaconda3/envs/airflow_env/lib/python3.8/site-packages/airflow/example_dags/example_inlet_event_extra.py
[2025-03-07T14:12:19.722+0100] {processor.py:925} INFO - DAG(s) 'read_dataset_event_from_classic', 'read_dataset_event' retrieved from /usr/local/anaconda3/envs/airflow_env/lib/python3.8/site-packages/airflow/example_dags/example_inlet_event_extra.py
[2025-03-07T14:12:19.848+0100] {logging_mixin.py:190} INFO - [2025-03-07T14:12:19.847+0100] {override.py:1901} INFO - Created Permission View: can edit on DAG:read_dataset_event_from_classic
[2025-03-07T14:12:19.853+0100] {logging_mixin.py:190} INFO - [2025-03-07T14:12:19.853+0100] {override.py:1901} INFO - Created Permission View: can read on DAG:read_dataset_event_from_classic
[2025-03-07T14:12:19.858+0100] {logging_mixin.py:190} INFO - [2025-03-07T14:12:19.857+0100] {override.py:1901} INFO - Created Permission View: can delete on DAG:read_dataset_event_from_classic
[2025-03-07T14:12:19.863+0100] {logging_mixin.py:190} INFO - [2025-03-07T14:12:19.862+0100] {override.py:1901} INFO - Created Permission View: menu access on DAG Run:read_dataset_event_from_classic
[2025-03-07T14:12:19.867+0100] {logging_mixin.py:190} INFO - [2025-03-07T14:12:19.867+0100] {override.py:1901} INFO - Created Permission View: can create on DAG Run:read_dataset_event_from_classic
[2025-03-07T14:12:19.871+0100] {logging_mixin.py:190} INFO - [2025-03-07T14:12:19.871+0100] {override.py:1901} INFO - Created Permission View: can read on DAG Run:read_dataset_event_from_classic
[2025-03-07T14:12:19.875+0100] {logging_mixin.py:190} INFO - [2025-03-07T14:12:19.875+0100] {override.py:1901} INFO - Created Permission View: can delete on DAG Run:read_dataset_event_from_classic
[2025-03-07T14:12:19.883+0100] {logging_mixin.py:190} INFO - [2025-03-07T14:12:19.883+0100] {override.py:1901} INFO - Created Permission View: can edit on DAG:read_dataset_event
[2025-03-07T14:12:19.887+0100] {logging_mixin.py:190} INFO - [2025-03-07T14:12:19.887+0100] {override.py:1901} INFO - Created Permission View: can read on DAG:read_dataset_event
[2025-03-07T14:12:19.892+0100] {logging_mixin.py:190} INFO - [2025-03-07T14:12:19.891+0100] {override.py:1901} INFO - Created Permission View: can delete on DAG:read_dataset_event
[2025-03-07T14:12:19.897+0100] {logging_mixin.py:190} INFO - [2025-03-07T14:12:19.897+0100] {override.py:1901} INFO - Created Permission View: menu access on DAG Run:read_dataset_event
[2025-03-07T14:12:19.901+0100] {logging_mixin.py:190} INFO - [2025-03-07T14:12:19.900+0100] {override.py:1901} INFO - Created Permission View: can create on DAG Run:read_dataset_event
[2025-03-07T14:12:19.905+0100] {logging_mixin.py:190} INFO - [2025-03-07T14:12:19.904+0100] {override.py:1901} INFO - Created Permission View: can read on DAG Run:read_dataset_event
[2025-03-07T14:12:19.908+0100] {logging_mixin.py:190} INFO - [2025-03-07T14:12:19.908+0100] {override.py:1901} INFO - Created Permission View: can delete on DAG Run:read_dataset_event
[2025-03-07T14:12:19.909+0100] {logging_mixin.py:190} INFO - [2025-03-07T14:12:19.909+0100] {dag.py:3239} INFO - Sync 2 DAGs
[2025-03-07T14:12:19.917+0100] {logging_mixin.py:190} INFO - [2025-03-07T14:12:19.917+0100] {dag.py:3262} INFO - Creating ORM DAG for read_dataset_event_from_classic
[2025-03-07T14:12:19.917+0100] {logging_mixin.py:190} INFO - [2025-03-07T14:12:19.917+0100] {dag.py:3262} INFO - Creating ORM DAG for read_dataset_event
[2025-03-07T14:12:19.923+0100] {logging_mixin.py:190} INFO - [2025-03-07T14:12:19.923+0100] {dag.py:4180} INFO - Setting next_dagrun for read_dataset_event to 2025-03-06T00:00:00+00:00, run_after=2025-03-07T00:00:00+00:00
[2025-03-07T14:12:19.925+0100] {logging_mixin.py:190} INFO - [2025-03-07T14:12:19.925+0100] {dag.py:4180} INFO - Setting next_dagrun for read_dataset_event_from_classic to 2025-03-06T00:00:00+00:00, run_after=2025-03-07T00:00:00+00:00
[2025-03-07T14:12:19.936+0100] {processor.py:208} INFO - Processing /usr/local/anaconda3/envs/airflow_env/lib/python3.8/site-packages/airflow/example_dags/example_inlet_event_extra.py took 0.282 seconds
[2025-03-07T14:15:42.688+0100] {processor.py:186} INFO - Started process (PID=3143) to work on /usr/local/anaconda3/envs/airflow_env/lib/python3.8/site-packages/airflow/example_dags/example_inlet_event_extra.py
[2025-03-07T14:15:42.691+0100] {processor.py:914} INFO - Processing file /usr/local/anaconda3/envs/airflow_env/lib/python3.8/site-packages/airflow/example_dags/example_inlet_event_extra.py for tasks to queue
[2025-03-07T14:15:42.692+0100] {logging_mixin.py:190} INFO - [2025-03-07T14:15:42.692+0100] {dagbag.py:588} INFO - Filling up the DagBag from /usr/local/anaconda3/envs/airflow_env/lib/python3.8/site-packages/airflow/example_dags/example_inlet_event_extra.py
[2025-03-07T14:15:42.753+0100] {processor.py:925} INFO - DAG(s) 'read_dataset_event_from_classic', 'read_dataset_event' retrieved from /usr/local/anaconda3/envs/airflow_env/lib/python3.8/site-packages/airflow/example_dags/example_inlet_event_extra.py
[2025-03-07T14:15:42.823+0100] {logging_mixin.py:190} INFO - [2025-03-07T14:15:42.822+0100] {dag.py:3239} INFO - Sync 2 DAGs
[2025-03-07T14:15:42.835+0100] {logging_mixin.py:190} INFO - [2025-03-07T14:15:42.835+0100] {dag.py:4180} INFO - Setting next_dagrun for read_dataset_event to 2025-03-06T00:00:00+00:00, run_after=2025-03-07T00:00:00+00:00
[2025-03-07T14:15:42.838+0100] {logging_mixin.py:190} INFO - [2025-03-07T14:15:42.838+0100] {dag.py:4180} INFO - Setting next_dagrun for read_dataset_event_from_classic to 2025-03-06T00:00:00+00:00, run_after=2025-03-07T00:00:00+00:00
[2025-03-07T14:15:42.848+0100] {processor.py:208} INFO - Processing /usr/local/anaconda3/envs/airflow_env/lib/python3.8/site-packages/airflow/example_dags/example_inlet_event_extra.py took 0.163 seconds
[2025-03-07T14:20:12.052+0100] {processor.py:186} INFO - Started process (PID=3685) to work on /usr/local/anaconda3/envs/airflow_env/lib/python3.8/site-packages/airflow/example_dags/example_inlet_event_extra.py
[2025-03-07T14:20:12.055+0100] {processor.py:914} INFO - Processing file /usr/local/anaconda3/envs/airflow_env/lib/python3.8/site-packages/airflow/example_dags/example_inlet_event_extra.py for tasks to queue
[2025-03-07T14:20:12.056+0100] {logging_mixin.py:190} INFO - [2025-03-07T14:20:12.056+0100] {dagbag.py:588} INFO - Filling up the DagBag from /usr/local/anaconda3/envs/airflow_env/lib/python3.8/site-packages/airflow/example_dags/example_inlet_event_extra.py
[2025-03-07T14:20:12.114+0100] {processor.py:925} INFO - DAG(s) 'read_dataset_event_from_classic', 'read_dataset_event' retrieved from /usr/local/anaconda3/envs/airflow_env/lib/python3.8/site-packages/airflow/example_dags/example_inlet_event_extra.py
[2025-03-07T14:20:12.184+0100] {logging_mixin.py:190} INFO - [2025-03-07T14:20:12.184+0100] {dag.py:3239} INFO - Sync 2 DAGs
[2025-03-07T14:20:12.197+0100] {logging_mixin.py:190} INFO - [2025-03-07T14:20:12.197+0100] {dag.py:4180} INFO - Setting next_dagrun for read_dataset_event to 2025-03-06T00:00:00+00:00, run_after=2025-03-07T00:00:00+00:00
[2025-03-07T14:20:12.200+0100] {logging_mixin.py:190} INFO - [2025-03-07T14:20:12.200+0100] {dag.py:4180} INFO - Setting next_dagrun for read_dataset_event_from_classic to 2025-03-06T00:00:00+00:00, run_after=2025-03-07T00:00:00+00:00
[2025-03-07T14:20:12.210+0100] {processor.py:208} INFO - Processing /usr/local/anaconda3/envs/airflow_env/lib/python3.8/site-packages/airflow/example_dags/example_inlet_event_extra.py took 0.161 seconds
[2025-03-07T14:24:49.579+0100] {processor.py:186} INFO - Started process (PID=4159) to work on /usr/local/anaconda3/envs/airflow_env/lib/python3.8/site-packages/airflow/example_dags/example_inlet_event_extra.py
[2025-03-07T14:24:49.582+0100] {processor.py:914} INFO - Processing file /usr/local/anaconda3/envs/airflow_env/lib/python3.8/site-packages/airflow/example_dags/example_inlet_event_extra.py for tasks to queue
[2025-03-07T14:24:49.583+0100] {logging_mixin.py:190} INFO - [2025-03-07T14:24:49.583+0100] {dagbag.py:588} INFO - Filling up the DagBag from /usr/local/anaconda3/envs/airflow_env/lib/python3.8/site-packages/airflow/example_dags/example_inlet_event_extra.py
[2025-03-07T14:24:49.639+0100] {processor.py:925} INFO - DAG(s) 'read_dataset_event_from_classic', 'read_dataset_event' retrieved from /usr/local/anaconda3/envs/airflow_env/lib/python3.8/site-packages/airflow/example_dags/example_inlet_event_extra.py
[2025-03-07T14:24:49.708+0100] {logging_mixin.py:190} INFO - [2025-03-07T14:24:49.708+0100] {dag.py:3239} INFO - Sync 2 DAGs
[2025-03-07T14:24:49.721+0100] {logging_mixin.py:190} INFO - [2025-03-07T14:24:49.721+0100] {dag.py:4180} INFO - Setting next_dagrun for read_dataset_event to 2025-03-06T00:00:00+00:00, run_after=2025-03-07T00:00:00+00:00
[2025-03-07T14:24:49.724+0100] {logging_mixin.py:190} INFO - [2025-03-07T14:24:49.724+0100] {dag.py:4180} INFO - Setting next_dagrun for read_dataset_event_from_classic to 2025-03-06T00:00:00+00:00, run_after=2025-03-07T00:00:00+00:00
[2025-03-07T14:24:49.734+0100] {processor.py:208} INFO - Processing /usr/local/anaconda3/envs/airflow_env/lib/python3.8/site-packages/airflow/example_dags/example_inlet_event_extra.py took 0.158 seconds
[2025-03-07T14:45:12.310+0100] {processor.py:186} INFO - Started process (PID=5007) to work on /usr/local/anaconda3/envs/airflow_env/lib/python3.8/site-packages/airflow/example_dags/example_inlet_event_extra.py
[2025-03-07T14:45:12.312+0100] {processor.py:914} INFO - Processing file /usr/local/anaconda3/envs/airflow_env/lib/python3.8/site-packages/airflow/example_dags/example_inlet_event_extra.py for tasks to queue
[2025-03-07T14:45:12.313+0100] {logging_mixin.py:190} INFO - [2025-03-07T14:45:12.313+0100] {dagbag.py:588} INFO - Filling up the DagBag from /usr/local/anaconda3/envs/airflow_env/lib/python3.8/site-packages/airflow/example_dags/example_inlet_event_extra.py
[2025-03-07T14:45:12.374+0100] {processor.py:925} INFO - DAG(s) 'read_dataset_event', 'read_dataset_event_from_classic' retrieved from /usr/local/anaconda3/envs/airflow_env/lib/python3.8/site-packages/airflow/example_dags/example_inlet_event_extra.py
[2025-03-07T14:45:12.444+0100] {logging_mixin.py:190} INFO - [2025-03-07T14:45:12.444+0100] {dag.py:3239} INFO - Sync 2 DAGs
[2025-03-07T14:45:12.457+0100] {logging_mixin.py:190} INFO - [2025-03-07T14:45:12.456+0100] {dag.py:4180} INFO - Setting next_dagrun for read_dataset_event to 2025-03-06T00:00:00+00:00, run_after=2025-03-07T00:00:00+00:00
[2025-03-07T14:45:12.459+0100] {logging_mixin.py:190} INFO - [2025-03-07T14:45:12.459+0100] {dag.py:4180} INFO - Setting next_dagrun for read_dataset_event_from_classic to 2025-03-06T00:00:00+00:00, run_after=2025-03-07T00:00:00+00:00
[2025-03-07T14:45:12.470+0100] {processor.py:208} INFO - Processing /usr/local/anaconda3/envs/airflow_env/lib/python3.8/site-packages/airflow/example_dags/example_inlet_event_extra.py took 0.163 seconds
[2025-03-07T14:48:04.288+0100] {processor.py:186} INFO - Started process (PID=5285) to work on /usr/local/anaconda3/envs/airflow_env/lib/python3.8/site-packages/airflow/example_dags/example_inlet_event_extra.py
[2025-03-07T14:48:04.291+0100] {processor.py:914} INFO - Processing file /usr/local/anaconda3/envs/airflow_env/lib/python3.8/site-packages/airflow/example_dags/example_inlet_event_extra.py for tasks to queue
[2025-03-07T14:48:04.292+0100] {logging_mixin.py:190} INFO - [2025-03-07T14:48:04.292+0100] {dagbag.py:588} INFO - Filling up the DagBag from /usr/local/anaconda3/envs/airflow_env/lib/python3.8/site-packages/airflow/example_dags/example_inlet_event_extra.py
[2025-03-07T14:48:04.354+0100] {processor.py:925} INFO - DAG(s) 'read_dataset_event_from_classic', 'read_dataset_event' retrieved from /usr/local/anaconda3/envs/airflow_env/lib/python3.8/site-packages/airflow/example_dags/example_inlet_event_extra.py
[2025-03-07T14:48:04.428+0100] {logging_mixin.py:190} INFO - [2025-03-07T14:48:04.427+0100] {dag.py:3239} INFO - Sync 2 DAGs
[2025-03-07T14:48:04.441+0100] {logging_mixin.py:190} INFO - [2025-03-07T14:48:04.441+0100] {dag.py:4180} INFO - Setting next_dagrun for read_dataset_event to 2025-03-06T00:00:00+00:00, run_after=2025-03-07T00:00:00+00:00
[2025-03-07T14:48:04.444+0100] {logging_mixin.py:190} INFO - [2025-03-07T14:48:04.444+0100] {dag.py:4180} INFO - Setting next_dagrun for read_dataset_event_from_classic to 2025-03-06T00:00:00+00:00, run_after=2025-03-07T00:00:00+00:00
[2025-03-07T14:48:04.455+0100] {processor.py:208} INFO - Processing /usr/local/anaconda3/envs/airflow_env/lib/python3.8/site-packages/airflow/example_dags/example_inlet_event_extra.py took 0.171 seconds
[2025-03-07T14:51:07.514+0100] {processor.py:186} INFO - Started process (PID=5698) to work on /usr/local/anaconda3/envs/airflow_env/lib/python3.8/site-packages/airflow/example_dags/example_inlet_event_extra.py
[2025-03-07T14:51:07.517+0100] {processor.py:914} INFO - Processing file /usr/local/anaconda3/envs/airflow_env/lib/python3.8/site-packages/airflow/example_dags/example_inlet_event_extra.py for tasks to queue
[2025-03-07T14:51:07.518+0100] {logging_mixin.py:190} INFO - [2025-03-07T14:51:07.518+0100] {dagbag.py:588} INFO - Filling up the DagBag from /usr/local/anaconda3/envs/airflow_env/lib/python3.8/site-packages/airflow/example_dags/example_inlet_event_extra.py
[2025-03-07T14:51:07.580+0100] {processor.py:925} INFO - DAG(s) 'read_dataset_event_from_classic', 'read_dataset_event' retrieved from /usr/local/anaconda3/envs/airflow_env/lib/python3.8/site-packages/airflow/example_dags/example_inlet_event_extra.py
[2025-03-07T14:51:07.654+0100] {logging_mixin.py:190} INFO - [2025-03-07T14:51:07.654+0100] {dag.py:3239} INFO - Sync 2 DAGs
[2025-03-07T14:51:07.669+0100] {logging_mixin.py:190} INFO - [2025-03-07T14:51:07.668+0100] {dag.py:4180} INFO - Setting next_dagrun for read_dataset_event to 2025-03-06T00:00:00+00:00, run_after=2025-03-07T00:00:00+00:00
[2025-03-07T14:51:07.672+0100] {logging_mixin.py:190} INFO - [2025-03-07T14:51:07.672+0100] {dag.py:4180} INFO - Setting next_dagrun for read_dataset_event_from_classic to 2025-03-06T00:00:00+00:00, run_after=2025-03-07T00:00:00+00:00
[2025-03-07T14:51:07.683+0100] {processor.py:208} INFO - Processing /usr/local/anaconda3/envs/airflow_env/lib/python3.8/site-packages/airflow/example_dags/example_inlet_event_extra.py took 0.172 seconds
[2025-03-07T14:54:36.572+0100] {processor.py:186} INFO - Started process (PID=6129) to work on /usr/local/anaconda3/envs/airflow_env/lib/python3.8/site-packages/airflow/example_dags/example_inlet_event_extra.py
[2025-03-07T14:54:36.575+0100] {processor.py:914} INFO - Processing file /usr/local/anaconda3/envs/airflow_env/lib/python3.8/site-packages/airflow/example_dags/example_inlet_event_extra.py for tasks to queue
[2025-03-07T14:54:36.576+0100] {logging_mixin.py:190} INFO - [2025-03-07T14:54:36.576+0100] {dagbag.py:588} INFO - Filling up the DagBag from /usr/local/anaconda3/envs/airflow_env/lib/python3.8/site-packages/airflow/example_dags/example_inlet_event_extra.py
[2025-03-07T14:54:36.633+0100] {processor.py:925} INFO - DAG(s) 'read_dataset_event', 'read_dataset_event_from_classic' retrieved from /usr/local/anaconda3/envs/airflow_env/lib/python3.8/site-packages/airflow/example_dags/example_inlet_event_extra.py
[2025-03-07T14:54:36.704+0100] {logging_mixin.py:190} INFO - [2025-03-07T14:54:36.704+0100] {dag.py:3239} INFO - Sync 2 DAGs
[2025-03-07T14:54:36.717+0100] {logging_mixin.py:190} INFO - [2025-03-07T14:54:36.717+0100] {dag.py:4180} INFO - Setting next_dagrun for read_dataset_event to 2025-03-06T00:00:00+00:00, run_after=2025-03-07T00:00:00+00:00
[2025-03-07T14:54:36.720+0100] {logging_mixin.py:190} INFO - [2025-03-07T14:54:36.720+0100] {dag.py:4180} INFO - Setting next_dagrun for read_dataset_event_from_classic to 2025-03-06T00:00:00+00:00, run_after=2025-03-07T00:00:00+00:00
[2025-03-07T14:54:36.730+0100] {processor.py:208} INFO - Processing /usr/local/anaconda3/envs/airflow_env/lib/python3.8/site-packages/airflow/example_dags/example_inlet_event_extra.py took 0.161 seconds
[2025-03-07T14:57:18.324+0100] {processor.py:186} INFO - Started process (PID=6453) to work on /usr/local/anaconda3/envs/airflow_env/lib/python3.8/site-packages/airflow/example_dags/example_inlet_event_extra.py
[2025-03-07T14:57:18.328+0100] {processor.py:914} INFO - Processing file /usr/local/anaconda3/envs/airflow_env/lib/python3.8/site-packages/airflow/example_dags/example_inlet_event_extra.py for tasks to queue
[2025-03-07T14:57:18.328+0100] {logging_mixin.py:190} INFO - [2025-03-07T14:57:18.328+0100] {dagbag.py:588} INFO - Filling up the DagBag from /usr/local/anaconda3/envs/airflow_env/lib/python3.8/site-packages/airflow/example_dags/example_inlet_event_extra.py
[2025-03-07T14:57:18.385+0100] {processor.py:925} INFO - DAG(s) 'read_dataset_event_from_classic', 'read_dataset_event' retrieved from /usr/local/anaconda3/envs/airflow_env/lib/python3.8/site-packages/airflow/example_dags/example_inlet_event_extra.py
[2025-03-07T14:57:18.455+0100] {logging_mixin.py:190} INFO - [2025-03-07T14:57:18.455+0100] {dag.py:3239} INFO - Sync 2 DAGs
[2025-03-07T14:57:18.468+0100] {logging_mixin.py:190} INFO - [2025-03-07T14:57:18.468+0100] {dag.py:4180} INFO - Setting next_dagrun for read_dataset_event to 2025-03-06T00:00:00+00:00, run_after=2025-03-07T00:00:00+00:00
[2025-03-07T14:57:18.471+0100] {logging_mixin.py:190} INFO - [2025-03-07T14:57:18.471+0100] {dag.py:4180} INFO - Setting next_dagrun for read_dataset_event_from_classic to 2025-03-06T00:00:00+00:00, run_after=2025-03-07T00:00:00+00:00
[2025-03-07T14:57:18.481+0100] {processor.py:208} INFO - Processing /usr/local/anaconda3/envs/airflow_env/lib/python3.8/site-packages/airflow/example_dags/example_inlet_event_extra.py took 0.159 seconds
[2025-03-07T15:01:54.558+0100] {processor.py:186} INFO - Started process (PID=6997) to work on /usr/local/anaconda3/envs/airflow_env/lib/python3.8/site-packages/airflow/example_dags/example_inlet_event_extra.py
[2025-03-07T15:01:54.561+0100] {processor.py:914} INFO - Processing file /usr/local/anaconda3/envs/airflow_env/lib/python3.8/site-packages/airflow/example_dags/example_inlet_event_extra.py for tasks to queue
[2025-03-07T15:01:54.562+0100] {logging_mixin.py:190} INFO - [2025-03-07T15:01:54.562+0100] {dagbag.py:588} INFO - Filling up the DagBag from /usr/local/anaconda3/envs/airflow_env/lib/python3.8/site-packages/airflow/example_dags/example_inlet_event_extra.py
[2025-03-07T15:01:54.618+0100] {processor.py:925} INFO - DAG(s) 'read_dataset_event_from_classic', 'read_dataset_event' retrieved from /usr/local/anaconda3/envs/airflow_env/lib/python3.8/site-packages/airflow/example_dags/example_inlet_event_extra.py
[2025-03-07T15:01:54.687+0100] {logging_mixin.py:190} INFO - [2025-03-07T15:01:54.686+0100] {dag.py:3239} INFO - Sync 2 DAGs
[2025-03-07T15:01:54.699+0100] {logging_mixin.py:190} INFO - [2025-03-07T15:01:54.699+0100] {dag.py:4180} INFO - Setting next_dagrun for read_dataset_event to 2025-03-06T00:00:00+00:00, run_after=2025-03-07T00:00:00+00:00
[2025-03-07T15:01:54.702+0100] {logging_mixin.py:190} INFO - [2025-03-07T15:01:54.702+0100] {dag.py:4180} INFO - Setting next_dagrun for read_dataset_event_from_classic to 2025-03-06T00:00:00+00:00, run_after=2025-03-07T00:00:00+00:00
[2025-03-07T15:01:54.712+0100] {processor.py:208} INFO - Processing /usr/local/anaconda3/envs/airflow_env/lib/python3.8/site-packages/airflow/example_dags/example_inlet_event_extra.py took 0.157 seconds
[2025-03-07T15:06:40.657+0100] {processor.py:186} INFO - Started process (PID=7499) to work on /usr/local/anaconda3/envs/airflow_env/lib/python3.8/site-packages/airflow/example_dags/example_inlet_event_extra.py
[2025-03-07T15:06:40.660+0100] {processor.py:914} INFO - Processing file /usr/local/anaconda3/envs/airflow_env/lib/python3.8/site-packages/airflow/example_dags/example_inlet_event_extra.py for tasks to queue
[2025-03-07T15:06:40.661+0100] {logging_mixin.py:190} INFO - [2025-03-07T15:06:40.661+0100] {dagbag.py:588} INFO - Filling up the DagBag from /usr/local/anaconda3/envs/airflow_env/lib/python3.8/site-packages/airflow/example_dags/example_inlet_event_extra.py
[2025-03-07T15:06:40.720+0100] {processor.py:925} INFO - DAG(s) 'read_dataset_event_from_classic', 'read_dataset_event' retrieved from /usr/local/anaconda3/envs/airflow_env/lib/python3.8/site-packages/airflow/example_dags/example_inlet_event_extra.py
[2025-03-07T15:06:40.791+0100] {logging_mixin.py:190} INFO - [2025-03-07T15:06:40.791+0100] {dag.py:3239} INFO - Sync 2 DAGs
[2025-03-07T15:06:40.804+0100] {logging_mixin.py:190} INFO - [2025-03-07T15:06:40.804+0100] {dag.py:4180} INFO - Setting next_dagrun for read_dataset_event to 2025-03-06T00:00:00+00:00, run_after=2025-03-07T00:00:00+00:00
[2025-03-07T15:06:40.807+0100] {logging_mixin.py:190} INFO - [2025-03-07T15:06:40.807+0100] {dag.py:4180} INFO - Setting next_dagrun for read_dataset_event_from_classic to 2025-03-06T00:00:00+00:00, run_after=2025-03-07T00:00:00+00:00
[2025-03-07T15:06:40.817+0100] {processor.py:208} INFO - Processing /usr/local/anaconda3/envs/airflow_env/lib/python3.8/site-packages/airflow/example_dags/example_inlet_event_extra.py took 0.163 seconds
[2025-03-07T15:11:23.808+0100] {processor.py:186} INFO - Started process (PID=7972) to work on /usr/local/anaconda3/envs/airflow_env/lib/python3.8/site-packages/airflow/example_dags/example_inlet_event_extra.py
[2025-03-07T15:11:23.811+0100] {processor.py:914} INFO - Processing file /usr/local/anaconda3/envs/airflow_env/lib/python3.8/site-packages/airflow/example_dags/example_inlet_event_extra.py for tasks to queue
[2025-03-07T15:11:23.812+0100] {logging_mixin.py:190} INFO - [2025-03-07T15:11:23.812+0100] {dagbag.py:588} INFO - Filling up the DagBag from /usr/local/anaconda3/envs/airflow_env/lib/python3.8/site-packages/airflow/example_dags/example_inlet_event_extra.py
[2025-03-07T15:11:23.876+0100] {processor.py:925} INFO - DAG(s) 'read_dataset_event', 'read_dataset_event_from_classic' retrieved from /usr/local/anaconda3/envs/airflow_env/lib/python3.8/site-packages/airflow/example_dags/example_inlet_event_extra.py
[2025-03-07T15:11:23.950+0100] {logging_mixin.py:190} INFO - [2025-03-07T15:11:23.950+0100] {dag.py:3239} INFO - Sync 2 DAGs
[2025-03-07T15:11:23.964+0100] {logging_mixin.py:190} INFO - [2025-03-07T15:11:23.964+0100] {dag.py:4180} INFO - Setting next_dagrun for read_dataset_event to 2025-03-06T00:00:00+00:00, run_after=2025-03-07T00:00:00+00:00
[2025-03-07T15:11:23.967+0100] {logging_mixin.py:190} INFO - [2025-03-07T15:11:23.967+0100] {dag.py:4180} INFO - Setting next_dagrun for read_dataset_event_from_classic to 2025-03-06T00:00:00+00:00, run_after=2025-03-07T00:00:00+00:00
[2025-03-07T15:11:23.978+0100] {processor.py:208} INFO - Processing /usr/local/anaconda3/envs/airflow_env/lib/python3.8/site-packages/airflow/example_dags/example_inlet_event_extra.py took 0.173 seconds
[2025-03-07T15:14:09.423+0100] {processor.py:186} INFO - Started process (PID=8345) to work on /usr/local/anaconda3/envs/airflow_env/lib/python3.8/site-packages/airflow/example_dags/example_inlet_event_extra.py
[2025-03-07T15:14:09.426+0100] {processor.py:914} INFO - Processing file /usr/local/anaconda3/envs/airflow_env/lib/python3.8/site-packages/airflow/example_dags/example_inlet_event_extra.py for tasks to queue
[2025-03-07T15:14:09.427+0100] {logging_mixin.py:190} INFO - [2025-03-07T15:14:09.427+0100] {dagbag.py:588} INFO - Filling up the DagBag from /usr/local/anaconda3/envs/airflow_env/lib/python3.8/site-packages/airflow/example_dags/example_inlet_event_extra.py
[2025-03-07T15:14:09.488+0100] {processor.py:925} INFO - DAG(s) 'read_dataset_event', 'read_dataset_event_from_classic' retrieved from /usr/local/anaconda3/envs/airflow_env/lib/python3.8/site-packages/airflow/example_dags/example_inlet_event_extra.py
[2025-03-07T15:14:09.569+0100] {logging_mixin.py:190} INFO - [2025-03-07T15:14:09.569+0100] {dag.py:3239} INFO - Sync 2 DAGs
[2025-03-07T15:14:09.584+0100] {logging_mixin.py:190} INFO - [2025-03-07T15:14:09.583+0100] {dag.py:4180} INFO - Setting next_dagrun for read_dataset_event to 2025-03-06T00:00:00+00:00, run_after=2025-03-07T00:00:00+00:00
[2025-03-07T15:14:09.586+0100] {logging_mixin.py:190} INFO - [2025-03-07T15:14:09.586+0100] {dag.py:4180} INFO - Setting next_dagrun for read_dataset_event_from_classic to 2025-03-06T00:00:00+00:00, run_after=2025-03-07T00:00:00+00:00
[2025-03-07T15:14:09.597+0100] {processor.py:208} INFO - Processing /usr/local/anaconda3/envs/airflow_env/lib/python3.8/site-packages/airflow/example_dags/example_inlet_event_extra.py took 0.178 seconds
[2025-03-07T15:17:04.608+0100] {processor.py:186} INFO - Started process (PID=8605) to work on /usr/local/anaconda3/envs/airflow_env/lib/python3.8/site-packages/airflow/example_dags/example_inlet_event_extra.py
[2025-03-07T15:17:04.612+0100] {processor.py:914} INFO - Processing file /usr/local/anaconda3/envs/airflow_env/lib/python3.8/site-packages/airflow/example_dags/example_inlet_event_extra.py for tasks to queue
[2025-03-07T15:17:04.612+0100] {logging_mixin.py:190} INFO - [2025-03-07T15:17:04.612+0100] {dagbag.py:588} INFO - Filling up the DagBag from /usr/local/anaconda3/envs/airflow_env/lib/python3.8/site-packages/airflow/example_dags/example_inlet_event_extra.py
[2025-03-07T15:17:04.675+0100] {processor.py:925} INFO - DAG(s) 'read_dataset_event', 'read_dataset_event_from_classic' retrieved from /usr/local/anaconda3/envs/airflow_env/lib/python3.8/site-packages/airflow/example_dags/example_inlet_event_extra.py
[2025-03-07T15:17:04.748+0100] {logging_mixin.py:190} INFO - [2025-03-07T15:17:04.748+0100] {dag.py:3239} INFO - Sync 2 DAGs
[2025-03-07T15:17:04.761+0100] {logging_mixin.py:190} INFO - [2025-03-07T15:17:04.761+0100] {dag.py:4180} INFO - Setting next_dagrun for read_dataset_event to 2025-03-06T00:00:00+00:00, run_after=2025-03-07T00:00:00+00:00
[2025-03-07T15:17:04.764+0100] {logging_mixin.py:190} INFO - [2025-03-07T15:17:04.764+0100] {dag.py:4180} INFO - Setting next_dagrun for read_dataset_event_from_classic to 2025-03-06T00:00:00+00:00, run_after=2025-03-07T00:00:00+00:00
[2025-03-07T15:17:04.775+0100] {processor.py:208} INFO - Processing /usr/local/anaconda3/envs/airflow_env/lib/python3.8/site-packages/airflow/example_dags/example_inlet_event_extra.py took 0.170 seconds
