[2025-03-07T14:11:32.783+0100] {processor.py:186} INFO - Started process (PID=2739) to work on /usr/local/anaconda3/envs/airflow_env/lib/python3.8/site-packages/airflow/example_dags/example_short_circuit_operator.py
[2025-03-07T14:11:32.786+0100] {processor.py:914} INFO - Processing file /usr/local/anaconda3/envs/airflow_env/lib/python3.8/site-packages/airflow/example_dags/example_short_circuit_operator.py for tasks to queue
[2025-03-07T14:11:32.787+0100] {logging_mixin.py:190} INFO - [2025-03-07T14:11:32.787+0100] {dagbag.py:588} INFO - Filling up the DagBag from /usr/local/anaconda3/envs/airflow_env/lib/python3.8/site-packages/airflow/example_dags/example_short_circuit_operator.py
[2025-03-07T14:11:32.805+0100] {processor.py:925} INFO - DAG(s) 'example_short_circuit_operator' retrieved from /usr/local/anaconda3/envs/airflow_env/lib/python3.8/site-packages/airflow/example_dags/example_short_circuit_operator.py
[2025-03-07T14:11:32.928+0100] {logging_mixin.py:190} INFO - [2025-03-07T14:11:32.928+0100] {override.py:1901} INFO - Created Permission View: can read on DAG:example_short_circuit_operator
[2025-03-07T14:11:32.934+0100] {logging_mixin.py:190} INFO - [2025-03-07T14:11:32.934+0100] {override.py:1901} INFO - Created Permission View: can edit on DAG:example_short_circuit_operator
[2025-03-07T14:11:32.938+0100] {logging_mixin.py:190} INFO - [2025-03-07T14:11:32.938+0100] {override.py:1901} INFO - Created Permission View: can delete on DAG:example_short_circuit_operator
[2025-03-07T14:11:32.943+0100] {logging_mixin.py:190} INFO - [2025-03-07T14:11:32.943+0100] {override.py:1901} INFO - Created Permission View: can read on DAG Run:example_short_circuit_operator
[2025-03-07T14:11:32.947+0100] {logging_mixin.py:190} INFO - [2025-03-07T14:11:32.947+0100] {override.py:1901} INFO - Created Permission View: can create on DAG Run:example_short_circuit_operator
[2025-03-07T14:11:32.950+0100] {logging_mixin.py:190} INFO - [2025-03-07T14:11:32.950+0100] {override.py:1901} INFO - Created Permission View: can delete on DAG Run:example_short_circuit_operator
[2025-03-07T14:11:32.954+0100] {logging_mixin.py:190} INFO - [2025-03-07T14:11:32.954+0100] {override.py:1901} INFO - Created Permission View: menu access on DAG Run:example_short_circuit_operator
[2025-03-07T14:11:32.954+0100] {logging_mixin.py:190} INFO - [2025-03-07T14:11:32.954+0100] {dag.py:3239} INFO - Sync 1 DAGs
[2025-03-07T14:11:32.963+0100] {logging_mixin.py:190} INFO - [2025-03-07T14:11:32.963+0100] {dag.py:3262} INFO - Creating ORM DAG for example_short_circuit_operator
[2025-03-07T14:11:32.963+0100] {logging_mixin.py:190} INFO - [2025-03-07T14:11:32.963+0100] {dag.py:4180} INFO - Setting next_dagrun for example_short_circuit_operator to None, run_after=None
[2025-03-07T14:11:32.973+0100] {processor.py:208} INFO - Processing /usr/local/anaconda3/envs/airflow_env/lib/python3.8/site-packages/airflow/example_dags/example_short_circuit_operator.py took 0.194 seconds
[2025-03-07T14:14:57.504+0100] {processor.py:186} INFO - Started process (PID=3072) to work on /usr/local/anaconda3/envs/airflow_env/lib/python3.8/site-packages/airflow/example_dags/example_short_circuit_operator.py
[2025-03-07T14:14:57.507+0100] {processor.py:914} INFO - Processing file /usr/local/anaconda3/envs/airflow_env/lib/python3.8/site-packages/airflow/example_dags/example_short_circuit_operator.py for tasks to queue
[2025-03-07T14:14:57.508+0100] {logging_mixin.py:190} INFO - [2025-03-07T14:14:57.508+0100] {dagbag.py:588} INFO - Filling up the DagBag from /usr/local/anaconda3/envs/airflow_env/lib/python3.8/site-packages/airflow/example_dags/example_short_circuit_operator.py
[2025-03-07T14:14:57.526+0100] {processor.py:925} INFO - DAG(s) 'example_short_circuit_operator' retrieved from /usr/local/anaconda3/envs/airflow_env/lib/python3.8/site-packages/airflow/example_dags/example_short_circuit_operator.py
[2025-03-07T14:14:57.596+0100] {logging_mixin.py:190} INFO - [2025-03-07T14:14:57.596+0100] {dag.py:3239} INFO - Sync 1 DAGs
[2025-03-07T14:14:57.603+0100] {logging_mixin.py:190} INFO - [2025-03-07T14:14:57.603+0100] {dag.py:4180} INFO - Setting next_dagrun for example_short_circuit_operator to None, run_after=None
[2025-03-07T14:14:57.615+0100] {processor.py:208} INFO - Processing /usr/local/anaconda3/envs/airflow_env/lib/python3.8/site-packages/airflow/example_dags/example_short_circuit_operator.py took 0.114 seconds
[2025-03-07T14:17:10.324+0100] {processor.py:186} INFO - Started process (PID=3347) to work on /usr/local/anaconda3/envs/airflow_env/lib/python3.8/site-packages/airflow/example_dags/example_short_circuit_operator.py
[2025-03-07T14:17:10.328+0100] {processor.py:914} INFO - Processing file /usr/local/anaconda3/envs/airflow_env/lib/python3.8/site-packages/airflow/example_dags/example_short_circuit_operator.py for tasks to queue
[2025-03-07T14:17:10.328+0100] {logging_mixin.py:190} INFO - [2025-03-07T14:17:10.328+0100] {dagbag.py:588} INFO - Filling up the DagBag from /usr/local/anaconda3/envs/airflow_env/lib/python3.8/site-packages/airflow/example_dags/example_short_circuit_operator.py
[2025-03-07T14:17:10.347+0100] {processor.py:925} INFO - DAG(s) 'example_short_circuit_operator' retrieved from /usr/local/anaconda3/envs/airflow_env/lib/python3.8/site-packages/airflow/example_dags/example_short_circuit_operator.py
[2025-03-07T14:17:10.419+0100] {logging_mixin.py:190} INFO - [2025-03-07T14:17:10.419+0100] {dag.py:3239} INFO - Sync 1 DAGs
[2025-03-07T14:17:10.426+0100] {logging_mixin.py:190} INFO - [2025-03-07T14:17:10.426+0100] {dag.py:4180} INFO - Setting next_dagrun for example_short_circuit_operator to None, run_after=None
[2025-03-07T14:17:10.437+0100] {processor.py:208} INFO - Processing /usr/local/anaconda3/envs/airflow_env/lib/python3.8/site-packages/airflow/example_dags/example_short_circuit_operator.py took 0.116 seconds
[2025-03-07T14:19:26.869+0100] {processor.py:186} INFO - Started process (PID=3584) to work on /usr/local/anaconda3/envs/airflow_env/lib/python3.8/site-packages/airflow/example_dags/example_short_circuit_operator.py
[2025-03-07T14:19:26.872+0100] {processor.py:914} INFO - Processing file /usr/local/anaconda3/envs/airflow_env/lib/python3.8/site-packages/airflow/example_dags/example_short_circuit_operator.py for tasks to queue
[2025-03-07T14:19:26.873+0100] {logging_mixin.py:190} INFO - [2025-03-07T14:19:26.873+0100] {dagbag.py:588} INFO - Filling up the DagBag from /usr/local/anaconda3/envs/airflow_env/lib/python3.8/site-packages/airflow/example_dags/example_short_circuit_operator.py
[2025-03-07T14:19:26.890+0100] {processor.py:925} INFO - DAG(s) 'example_short_circuit_operator' retrieved from /usr/local/anaconda3/envs/airflow_env/lib/python3.8/site-packages/airflow/example_dags/example_short_circuit_operator.py
[2025-03-07T14:19:26.958+0100] {logging_mixin.py:190} INFO - [2025-03-07T14:19:26.958+0100] {dag.py:3239} INFO - Sync 1 DAGs
[2025-03-07T14:19:26.965+0100] {logging_mixin.py:190} INFO - [2025-03-07T14:19:26.965+0100] {dag.py:4180} INFO - Setting next_dagrun for example_short_circuit_operator to None, run_after=None
[2025-03-07T14:19:26.976+0100] {processor.py:208} INFO - Processing /usr/local/anaconda3/envs/airflow_env/lib/python3.8/site-packages/airflow/example_dags/example_short_circuit_operator.py took 0.110 seconds
[2025-03-07T14:21:43.214+0100] {processor.py:186} INFO - Started process (PID=3852) to work on /usr/local/anaconda3/envs/airflow_env/lib/python3.8/site-packages/airflow/example_dags/example_short_circuit_operator.py
[2025-03-07T14:21:43.218+0100] {processor.py:914} INFO - Processing file /usr/local/anaconda3/envs/airflow_env/lib/python3.8/site-packages/airflow/example_dags/example_short_circuit_operator.py for tasks to queue
[2025-03-07T14:21:43.218+0100] {logging_mixin.py:190} INFO - [2025-03-07T14:21:43.218+0100] {dagbag.py:588} INFO - Filling up the DagBag from /usr/local/anaconda3/envs/airflow_env/lib/python3.8/site-packages/airflow/example_dags/example_short_circuit_operator.py
[2025-03-07T14:21:43.236+0100] {processor.py:925} INFO - DAG(s) 'example_short_circuit_operator' retrieved from /usr/local/anaconda3/envs/airflow_env/lib/python3.8/site-packages/airflow/example_dags/example_short_circuit_operator.py
[2025-03-07T14:21:43.307+0100] {logging_mixin.py:190} INFO - [2025-03-07T14:21:43.306+0100] {dag.py:3239} INFO - Sync 1 DAGs
[2025-03-07T14:21:43.314+0100] {logging_mixin.py:190} INFO - [2025-03-07T14:21:43.314+0100] {dag.py:4180} INFO - Setting next_dagrun for example_short_circuit_operator to None, run_after=None
[2025-03-07T14:21:43.325+0100] {processor.py:208} INFO - Processing /usr/local/anaconda3/envs/airflow_env/lib/python3.8/site-packages/airflow/example_dags/example_short_circuit_operator.py took 0.114 seconds
[2025-03-07T14:24:07.635+0100] {processor.py:186} INFO - Started process (PID=4099) to work on /usr/local/anaconda3/envs/airflow_env/lib/python3.8/site-packages/airflow/example_dags/example_short_circuit_operator.py
[2025-03-07T14:24:07.638+0100] {processor.py:914} INFO - Processing file /usr/local/anaconda3/envs/airflow_env/lib/python3.8/site-packages/airflow/example_dags/example_short_circuit_operator.py for tasks to queue
[2025-03-07T14:24:07.639+0100] {logging_mixin.py:190} INFO - [2025-03-07T14:24:07.639+0100] {dagbag.py:588} INFO - Filling up the DagBag from /usr/local/anaconda3/envs/airflow_env/lib/python3.8/site-packages/airflow/example_dags/example_short_circuit_operator.py
[2025-03-07T14:24:07.657+0100] {processor.py:925} INFO - DAG(s) 'example_short_circuit_operator' retrieved from /usr/local/anaconda3/envs/airflow_env/lib/python3.8/site-packages/airflow/example_dags/example_short_circuit_operator.py
[2025-03-07T14:24:07.728+0100] {logging_mixin.py:190} INFO - [2025-03-07T14:24:07.728+0100] {dag.py:3239} INFO - Sync 1 DAGs
[2025-03-07T14:24:07.736+0100] {logging_mixin.py:190} INFO - [2025-03-07T14:24:07.735+0100] {dag.py:4180} INFO - Setting next_dagrun for example_short_circuit_operator to None, run_after=None
[2025-03-07T14:24:07.749+0100] {processor.py:208} INFO - Processing /usr/local/anaconda3/envs/airflow_env/lib/python3.8/site-packages/airflow/example_dags/example_short_circuit_operator.py took 0.118 seconds
[2025-03-07T14:44:27.170+0100] {processor.py:186} INFO - Started process (PID=4947) to work on /usr/local/anaconda3/envs/airflow_env/lib/python3.8/site-packages/airflow/example_dags/example_short_circuit_operator.py
[2025-03-07T14:44:27.173+0100] {processor.py:914} INFO - Processing file /usr/local/anaconda3/envs/airflow_env/lib/python3.8/site-packages/airflow/example_dags/example_short_circuit_operator.py for tasks to queue
[2025-03-07T14:44:27.174+0100] {logging_mixin.py:190} INFO - [2025-03-07T14:44:27.174+0100] {dagbag.py:588} INFO - Filling up the DagBag from /usr/local/anaconda3/envs/airflow_env/lib/python3.8/site-packages/airflow/example_dags/example_short_circuit_operator.py
[2025-03-07T14:44:27.192+0100] {processor.py:925} INFO - DAG(s) 'example_short_circuit_operator' retrieved from /usr/local/anaconda3/envs/airflow_env/lib/python3.8/site-packages/airflow/example_dags/example_short_circuit_operator.py
[2025-03-07T14:44:27.262+0100] {logging_mixin.py:190} INFO - [2025-03-07T14:44:27.262+0100] {dag.py:3239} INFO - Sync 1 DAGs
[2025-03-07T14:44:27.269+0100] {logging_mixin.py:190} INFO - [2025-03-07T14:44:27.269+0100] {dag.py:4180} INFO - Setting next_dagrun for example_short_circuit_operator to None, run_after=None
[2025-03-07T14:44:27.282+0100] {processor.py:208} INFO - Processing /usr/local/anaconda3/envs/airflow_env/lib/python3.8/site-packages/airflow/example_dags/example_short_circuit_operator.py took 0.114 seconds
[2025-03-07T14:47:18.111+0100] {processor.py:186} INFO - Started process (PID=5192) to work on /usr/local/anaconda3/envs/airflow_env/lib/python3.8/site-packages/airflow/example_dags/example_short_circuit_operator.py
[2025-03-07T14:47:18.115+0100] {processor.py:914} INFO - Processing file /usr/local/anaconda3/envs/airflow_env/lib/python3.8/site-packages/airflow/example_dags/example_short_circuit_operator.py for tasks to queue
[2025-03-07T14:47:18.116+0100] {logging_mixin.py:190} INFO - [2025-03-07T14:47:18.116+0100] {dagbag.py:588} INFO - Filling up the DagBag from /usr/local/anaconda3/envs/airflow_env/lib/python3.8/site-packages/airflow/example_dags/example_short_circuit_operator.py
[2025-03-07T14:47:18.136+0100] {processor.py:925} INFO - DAG(s) 'example_short_circuit_operator' retrieved from /usr/local/anaconda3/envs/airflow_env/lib/python3.8/site-packages/airflow/example_dags/example_short_circuit_operator.py
[2025-03-07T14:47:18.208+0100] {logging_mixin.py:190} INFO - [2025-03-07T14:47:18.208+0100] {dag.py:3239} INFO - Sync 1 DAGs
[2025-03-07T14:47:18.216+0100] {logging_mixin.py:190} INFO - [2025-03-07T14:47:18.216+0100] {dag.py:4180} INFO - Setting next_dagrun for example_short_circuit_operator to None, run_after=None
[2025-03-07T14:47:18.229+0100] {processor.py:208} INFO - Processing /usr/local/anaconda3/envs/airflow_env/lib/python3.8/site-packages/airflow/example_dags/example_short_circuit_operator.py took 0.121 seconds
[2025-03-07T14:50:21.283+0100] {processor.py:186} INFO - Started process (PID=5599) to work on /usr/local/anaconda3/envs/airflow_env/lib/python3.8/site-packages/airflow/example_dags/example_short_circuit_operator.py
[2025-03-07T14:50:21.286+0100] {processor.py:914} INFO - Processing file /usr/local/anaconda3/envs/airflow_env/lib/python3.8/site-packages/airflow/example_dags/example_short_circuit_operator.py for tasks to queue
[2025-03-07T14:50:21.287+0100] {logging_mixin.py:190} INFO - [2025-03-07T14:50:21.287+0100] {dagbag.py:588} INFO - Filling up the DagBag from /usr/local/anaconda3/envs/airflow_env/lib/python3.8/site-packages/airflow/example_dags/example_short_circuit_operator.py
[2025-03-07T14:50:21.306+0100] {processor.py:925} INFO - DAG(s) 'example_short_circuit_operator' retrieved from /usr/local/anaconda3/envs/airflow_env/lib/python3.8/site-packages/airflow/example_dags/example_short_circuit_operator.py
[2025-03-07T14:50:21.378+0100] {logging_mixin.py:190} INFO - [2025-03-07T14:50:21.378+0100] {dag.py:3239} INFO - Sync 1 DAGs
[2025-03-07T14:50:21.386+0100] {logging_mixin.py:190} INFO - [2025-03-07T14:50:21.385+0100] {dag.py:4180} INFO - Setting next_dagrun for example_short_circuit_operator to None, run_after=None
[2025-03-07T14:50:21.398+0100] {processor.py:208} INFO - Processing /usr/local/anaconda3/envs/airflow_env/lib/python3.8/site-packages/airflow/example_dags/example_short_circuit_operator.py took 0.118 seconds
[2025-03-07T14:53:52.261+0100] {processor.py:186} INFO - Started process (PID=6039) to work on /usr/local/anaconda3/envs/airflow_env/lib/python3.8/site-packages/airflow/example_dags/example_short_circuit_operator.py
[2025-03-07T14:53:52.264+0100] {processor.py:914} INFO - Processing file /usr/local/anaconda3/envs/airflow_env/lib/python3.8/site-packages/airflow/example_dags/example_short_circuit_operator.py for tasks to queue
[2025-03-07T14:53:52.265+0100] {logging_mixin.py:190} INFO - [2025-03-07T14:53:52.265+0100] {dagbag.py:588} INFO - Filling up the DagBag from /usr/local/anaconda3/envs/airflow_env/lib/python3.8/site-packages/airflow/example_dags/example_short_circuit_operator.py
[2025-03-07T14:53:52.285+0100] {processor.py:925} INFO - DAG(s) 'example_short_circuit_operator' retrieved from /usr/local/anaconda3/envs/airflow_env/lib/python3.8/site-packages/airflow/example_dags/example_short_circuit_operator.py
[2025-03-07T14:53:52.359+0100] {logging_mixin.py:190} INFO - [2025-03-07T14:53:52.358+0100] {dag.py:3239} INFO - Sync 1 DAGs
[2025-03-07T14:53:52.366+0100] {logging_mixin.py:190} INFO - [2025-03-07T14:53:52.366+0100] {dag.py:4180} INFO - Setting next_dagrun for example_short_circuit_operator to None, run_after=None
[2025-03-07T14:53:52.379+0100] {processor.py:208} INFO - Processing /usr/local/anaconda3/envs/airflow_env/lib/python3.8/site-packages/airflow/example_dags/example_short_circuit_operator.py took 0.121 seconds
[2025-03-07T14:56:34.494+0100] {processor.py:186} INFO - Started process (PID=6364) to work on /usr/local/anaconda3/envs/airflow_env/lib/python3.8/site-packages/airflow/example_dags/example_short_circuit_operator.py
[2025-03-07T14:56:34.497+0100] {processor.py:914} INFO - Processing file /usr/local/anaconda3/envs/airflow_env/lib/python3.8/site-packages/airflow/example_dags/example_short_circuit_operator.py for tasks to queue
[2025-03-07T14:56:34.498+0100] {logging_mixin.py:190} INFO - [2025-03-07T14:56:34.498+0100] {dagbag.py:588} INFO - Filling up the DagBag from /usr/local/anaconda3/envs/airflow_env/lib/python3.8/site-packages/airflow/example_dags/example_short_circuit_operator.py
[2025-03-07T14:56:34.515+0100] {processor.py:925} INFO - DAG(s) 'example_short_circuit_operator' retrieved from /usr/local/anaconda3/envs/airflow_env/lib/python3.8/site-packages/airflow/example_dags/example_short_circuit_operator.py
[2025-03-07T14:56:34.585+0100] {logging_mixin.py:190} INFO - [2025-03-07T14:56:34.585+0100] {dag.py:3239} INFO - Sync 1 DAGs
[2025-03-07T14:56:34.592+0100] {logging_mixin.py:190} INFO - [2025-03-07T14:56:34.592+0100] {dag.py:4180} INFO - Setting next_dagrun for example_short_circuit_operator to None, run_after=None
[2025-03-07T14:56:34.604+0100] {processor.py:208} INFO - Processing /usr/local/anaconda3/envs/airflow_env/lib/python3.8/site-packages/airflow/example_dags/example_short_circuit_operator.py took 0.113 seconds
[2025-03-07T14:58:45.777+0100] {processor.py:186} INFO - Started process (PID=6623) to work on /usr/local/anaconda3/envs/airflow_env/lib/python3.8/site-packages/airflow/example_dags/example_short_circuit_operator.py
[2025-03-07T14:58:45.780+0100] {processor.py:914} INFO - Processing file /usr/local/anaconda3/envs/airflow_env/lib/python3.8/site-packages/airflow/example_dags/example_short_circuit_operator.py for tasks to queue
[2025-03-07T14:58:45.781+0100] {logging_mixin.py:190} INFO - [2025-03-07T14:58:45.781+0100] {dagbag.py:588} INFO - Filling up the DagBag from /usr/local/anaconda3/envs/airflow_env/lib/python3.8/site-packages/airflow/example_dags/example_short_circuit_operator.py
[2025-03-07T14:58:45.799+0100] {processor.py:925} INFO - DAG(s) 'example_short_circuit_operator' retrieved from /usr/local/anaconda3/envs/airflow_env/lib/python3.8/site-packages/airflow/example_dags/example_short_circuit_operator.py
[2025-03-07T14:58:45.868+0100] {logging_mixin.py:190} INFO - [2025-03-07T14:58:45.867+0100] {dag.py:3239} INFO - Sync 1 DAGs
[2025-03-07T14:58:45.875+0100] {logging_mixin.py:190} INFO - [2025-03-07T14:58:45.874+0100] {dag.py:4180} INFO - Setting next_dagrun for example_short_circuit_operator to None, run_after=None
[2025-03-07T14:58:45.886+0100] {processor.py:208} INFO - Processing /usr/local/anaconda3/envs/airflow_env/lib/python3.8/site-packages/airflow/example_dags/example_short_circuit_operator.py took 0.113 seconds
[2025-03-07T15:01:02.161+0100] {processor.py:186} INFO - Started process (PID=6909) to work on /usr/local/anaconda3/envs/airflow_env/lib/python3.8/site-packages/airflow/example_dags/example_short_circuit_operator.py
[2025-03-07T15:01:02.164+0100] {processor.py:914} INFO - Processing file /usr/local/anaconda3/envs/airflow_env/lib/python3.8/site-packages/airflow/example_dags/example_short_circuit_operator.py for tasks to queue
[2025-03-07T15:01:02.165+0100] {logging_mixin.py:190} INFO - [2025-03-07T15:01:02.165+0100] {dagbag.py:588} INFO - Filling up the DagBag from /usr/local/anaconda3/envs/airflow_env/lib/python3.8/site-packages/airflow/example_dags/example_short_circuit_operator.py
[2025-03-07T15:01:02.183+0100] {processor.py:925} INFO - DAG(s) 'example_short_circuit_operator' retrieved from /usr/local/anaconda3/envs/airflow_env/lib/python3.8/site-packages/airflow/example_dags/example_short_circuit_operator.py
[2025-03-07T15:01:02.256+0100] {logging_mixin.py:190} INFO - [2025-03-07T15:01:02.255+0100] {dag.py:3239} INFO - Sync 1 DAGs
[2025-03-07T15:01:02.263+0100] {logging_mixin.py:190} INFO - [2025-03-07T15:01:02.262+0100] {dag.py:4180} INFO - Setting next_dagrun for example_short_circuit_operator to None, run_after=None
[2025-03-07T15:01:02.275+0100] {processor.py:208} INFO - Processing /usr/local/anaconda3/envs/airflow_env/lib/python3.8/site-packages/airflow/example_dags/example_short_circuit_operator.py took 0.117 seconds
[2025-03-07T15:03:27.716+0100] {processor.py:186} INFO - Started process (PID=7155) to work on /usr/local/anaconda3/envs/airflow_env/lib/python3.8/site-packages/airflow/example_dags/example_short_circuit_operator.py
[2025-03-07T15:03:27.719+0100] {processor.py:914} INFO - Processing file /usr/local/anaconda3/envs/airflow_env/lib/python3.8/site-packages/airflow/example_dags/example_short_circuit_operator.py for tasks to queue
[2025-03-07T15:03:27.720+0100] {logging_mixin.py:190} INFO - [2025-03-07T15:03:27.720+0100] {dagbag.py:588} INFO - Filling up the DagBag from /usr/local/anaconda3/envs/airflow_env/lib/python3.8/site-packages/airflow/example_dags/example_short_circuit_operator.py
[2025-03-07T15:03:27.740+0100] {processor.py:925} INFO - DAG(s) 'example_short_circuit_operator' retrieved from /usr/local/anaconda3/envs/airflow_env/lib/python3.8/site-packages/airflow/example_dags/example_short_circuit_operator.py
[2025-03-07T15:03:27.811+0100] {logging_mixin.py:190} INFO - [2025-03-07T15:03:27.811+0100] {dag.py:3239} INFO - Sync 1 DAGs
[2025-03-07T15:03:27.818+0100] {logging_mixin.py:190} INFO - [2025-03-07T15:03:27.818+0100] {dag.py:4180} INFO - Setting next_dagrun for example_short_circuit_operator to None, run_after=None
[2025-03-07T15:03:27.831+0100] {processor.py:208} INFO - Processing /usr/local/anaconda3/envs/airflow_env/lib/python3.8/site-packages/airflow/example_dags/example_short_circuit_operator.py took 0.117 seconds
[2025-03-07T15:05:48.114+0100] {processor.py:186} INFO - Started process (PID=7412) to work on /usr/local/anaconda3/envs/airflow_env/lib/python3.8/site-packages/airflow/example_dags/example_short_circuit_operator.py
[2025-03-07T15:05:48.117+0100] {processor.py:914} INFO - Processing file /usr/local/anaconda3/envs/airflow_env/lib/python3.8/site-packages/airflow/example_dags/example_short_circuit_operator.py for tasks to queue
[2025-03-07T15:05:48.118+0100] {logging_mixin.py:190} INFO - [2025-03-07T15:05:48.118+0100] {dagbag.py:588} INFO - Filling up the DagBag from /usr/local/anaconda3/envs/airflow_env/lib/python3.8/site-packages/airflow/example_dags/example_short_circuit_operator.py
[2025-03-07T15:05:48.136+0100] {processor.py:925} INFO - DAG(s) 'example_short_circuit_operator' retrieved from /usr/local/anaconda3/envs/airflow_env/lib/python3.8/site-packages/airflow/example_dags/example_short_circuit_operator.py
[2025-03-07T15:05:48.210+0100] {logging_mixin.py:190} INFO - [2025-03-07T15:05:48.210+0100] {dag.py:3239} INFO - Sync 1 DAGs
[2025-03-07T15:05:48.218+0100] {logging_mixin.py:190} INFO - [2025-03-07T15:05:48.218+0100] {dag.py:4180} INFO - Setting next_dagrun for example_short_circuit_operator to None, run_after=None
[2025-03-07T15:05:48.232+0100] {processor.py:208} INFO - Processing /usr/local/anaconda3/envs/airflow_env/lib/python3.8/site-packages/airflow/example_dags/example_short_circuit_operator.py took 0.121 seconds
[2025-03-07T15:08:11.557+0100] {processor.py:186} INFO - Started process (PID=7644) to work on /usr/local/anaconda3/envs/airflow_env/lib/python3.8/site-packages/airflow/example_dags/example_short_circuit_operator.py
[2025-03-07T15:08:11.561+0100] {processor.py:914} INFO - Processing file /usr/local/anaconda3/envs/airflow_env/lib/python3.8/site-packages/airflow/example_dags/example_short_circuit_operator.py for tasks to queue
[2025-03-07T15:08:11.562+0100] {logging_mixin.py:190} INFO - [2025-03-07T15:08:11.561+0100] {dagbag.py:588} INFO - Filling up the DagBag from /usr/local/anaconda3/envs/airflow_env/lib/python3.8/site-packages/airflow/example_dags/example_short_circuit_operator.py
[2025-03-07T15:08:11.579+0100] {processor.py:925} INFO - DAG(s) 'example_short_circuit_operator' retrieved from /usr/local/anaconda3/envs/airflow_env/lib/python3.8/site-packages/airflow/example_dags/example_short_circuit_operator.py
[2025-03-07T15:08:11.650+0100] {logging_mixin.py:190} INFO - [2025-03-07T15:08:11.650+0100] {dag.py:3239} INFO - Sync 1 DAGs
[2025-03-07T15:08:11.657+0100] {logging_mixin.py:190} INFO - [2025-03-07T15:08:11.657+0100] {dag.py:4180} INFO - Setting next_dagrun for example_short_circuit_operator to None, run_after=None
[2025-03-07T15:08:11.669+0100] {processor.py:208} INFO - Processing /usr/local/anaconda3/envs/airflow_env/lib/python3.8/site-packages/airflow/example_dags/example_short_circuit_operator.py took 0.115 seconds
[2025-03-07T15:10:38.757+0100] {processor.py:186} INFO - Started process (PID=7881) to work on /usr/local/anaconda3/envs/airflow_env/lib/python3.8/site-packages/airflow/example_dags/example_short_circuit_operator.py
[2025-03-07T15:10:38.760+0100] {processor.py:914} INFO - Processing file /usr/local/anaconda3/envs/airflow_env/lib/python3.8/site-packages/airflow/example_dags/example_short_circuit_operator.py for tasks to queue
[2025-03-07T15:10:38.761+0100] {logging_mixin.py:190} INFO - [2025-03-07T15:10:38.761+0100] {dagbag.py:588} INFO - Filling up the DagBag from /usr/local/anaconda3/envs/airflow_env/lib/python3.8/site-packages/airflow/example_dags/example_short_circuit_operator.py
[2025-03-07T15:10:38.779+0100] {processor.py:925} INFO - DAG(s) 'example_short_circuit_operator' retrieved from /usr/local/anaconda3/envs/airflow_env/lib/python3.8/site-packages/airflow/example_dags/example_short_circuit_operator.py
[2025-03-07T15:10:38.850+0100] {logging_mixin.py:190} INFO - [2025-03-07T15:10:38.850+0100] {dag.py:3239} INFO - Sync 1 DAGs
[2025-03-07T15:10:38.857+0100] {logging_mixin.py:190} INFO - [2025-03-07T15:10:38.857+0100] {dag.py:4180} INFO - Setting next_dagrun for example_short_circuit_operator to None, run_after=None
[2025-03-07T15:10:38.869+0100] {processor.py:208} INFO - Processing /usr/local/anaconda3/envs/airflow_env/lib/python3.8/site-packages/airflow/example_dags/example_short_circuit_operator.py took 0.115 seconds
[2025-03-07T15:13:21.551+0100] {processor.py:186} INFO - Started process (PID=8269) to work on /usr/local/anaconda3/envs/airflow_env/lib/python3.8/site-packages/airflow/example_dags/example_short_circuit_operator.py
[2025-03-07T15:13:21.555+0100] {processor.py:914} INFO - Processing file /usr/local/anaconda3/envs/airflow_env/lib/python3.8/site-packages/airflow/example_dags/example_short_circuit_operator.py for tasks to queue
[2025-03-07T15:13:21.556+0100] {logging_mixin.py:190} INFO - [2025-03-07T15:13:21.555+0100] {dagbag.py:588} INFO - Filling up the DagBag from /usr/local/anaconda3/envs/airflow_env/lib/python3.8/site-packages/airflow/example_dags/example_short_circuit_operator.py
[2025-03-07T15:13:21.576+0100] {processor.py:925} INFO - DAG(s) 'example_short_circuit_operator' retrieved from /usr/local/anaconda3/envs/airflow_env/lib/python3.8/site-packages/airflow/example_dags/example_short_circuit_operator.py
[2025-03-07T15:13:21.653+0100] {logging_mixin.py:190} INFO - [2025-03-07T15:13:21.653+0100] {dag.py:3239} INFO - Sync 1 DAGs
[2025-03-07T15:13:21.662+0100] {logging_mixin.py:190} INFO - [2025-03-07T15:13:21.662+0100] {dag.py:4180} INFO - Setting next_dagrun for example_short_circuit_operator to None, run_after=None
[2025-03-07T15:13:21.676+0100] {processor.py:208} INFO - Processing /usr/local/anaconda3/envs/airflow_env/lib/python3.8/site-packages/airflow/example_dags/example_short_circuit_operator.py took 0.128 seconds
[2025-03-07T15:16:16.764+0100] {processor.py:186} INFO - Started process (PID=8524) to work on /usr/local/anaconda3/envs/airflow_env/lib/python3.8/site-packages/airflow/example_dags/example_short_circuit_operator.py
[2025-03-07T15:16:16.767+0100] {processor.py:914} INFO - Processing file /usr/local/anaconda3/envs/airflow_env/lib/python3.8/site-packages/airflow/example_dags/example_short_circuit_operator.py for tasks to queue
[2025-03-07T15:16:16.768+0100] {logging_mixin.py:190} INFO - [2025-03-07T15:16:16.768+0100] {dagbag.py:588} INFO - Filling up the DagBag from /usr/local/anaconda3/envs/airflow_env/lib/python3.8/site-packages/airflow/example_dags/example_short_circuit_operator.py
[2025-03-07T15:16:16.786+0100] {processor.py:925} INFO - DAG(s) 'example_short_circuit_operator' retrieved from /usr/local/anaconda3/envs/airflow_env/lib/python3.8/site-packages/airflow/example_dags/example_short_circuit_operator.py
[2025-03-07T15:16:16.859+0100] {logging_mixin.py:190} INFO - [2025-03-07T15:16:16.858+0100] {dag.py:3239} INFO - Sync 1 DAGs
[2025-03-07T15:16:16.866+0100] {logging_mixin.py:190} INFO - [2025-03-07T15:16:16.866+0100] {dag.py:4180} INFO - Setting next_dagrun for example_short_circuit_operator to None, run_after=None
[2025-03-07T15:16:16.880+0100] {processor.py:208} INFO - Processing /usr/local/anaconda3/envs/airflow_env/lib/python3.8/site-packages/airflow/example_dags/example_short_circuit_operator.py took 0.119 seconds
[2025-03-07T15:18:36.912+0100] {processor.py:186} INFO - Started process (PID=8854) to work on /usr/local/anaconda3/envs/airflow_env/lib/python3.8/site-packages/airflow/example_dags/example_short_circuit_operator.py
[2025-03-07T15:18:36.915+0100] {processor.py:914} INFO - Processing file /usr/local/anaconda3/envs/airflow_env/lib/python3.8/site-packages/airflow/example_dags/example_short_circuit_operator.py for tasks to queue
[2025-03-07T15:18:36.916+0100] {logging_mixin.py:190} INFO - [2025-03-07T15:18:36.916+0100] {dagbag.py:588} INFO - Filling up the DagBag from /usr/local/anaconda3/envs/airflow_env/lib/python3.8/site-packages/airflow/example_dags/example_short_circuit_operator.py
[2025-03-07T15:18:36.934+0100] {processor.py:925} INFO - DAG(s) 'example_short_circuit_operator' retrieved from /usr/local/anaconda3/envs/airflow_env/lib/python3.8/site-packages/airflow/example_dags/example_short_circuit_operator.py
[2025-03-07T15:18:37.006+0100] {logging_mixin.py:190} INFO - [2025-03-07T15:18:37.005+0100] {dag.py:3239} INFO - Sync 1 DAGs
[2025-03-07T15:18:37.013+0100] {logging_mixin.py:190} INFO - [2025-03-07T15:18:37.013+0100] {dag.py:4180} INFO - Setting next_dagrun for example_short_circuit_operator to None, run_after=None
[2025-03-07T15:18:37.025+0100] {processor.py:208} INFO - Processing /usr/local/anaconda3/envs/airflow_env/lib/python3.8/site-packages/airflow/example_dags/example_short_circuit_operator.py took 0.116 seconds
[2025-03-07T15:20:51.774+0100] {processor.py:186} INFO - Started process (PID=9158) to work on /usr/local/anaconda3/envs/airflow_env/lib/python3.8/site-packages/airflow/example_dags/example_short_circuit_operator.py
[2025-03-07T15:20:51.777+0100] {processor.py:914} INFO - Processing file /usr/local/anaconda3/envs/airflow_env/lib/python3.8/site-packages/airflow/example_dags/example_short_circuit_operator.py for tasks to queue
[2025-03-07T15:20:51.778+0100] {logging_mixin.py:190} INFO - [2025-03-07T15:20:51.778+0100] {dagbag.py:588} INFO - Filling up the DagBag from /usr/local/anaconda3/envs/airflow_env/lib/python3.8/site-packages/airflow/example_dags/example_short_circuit_operator.py
[2025-03-07T15:20:51.796+0100] {processor.py:925} INFO - DAG(s) 'example_short_circuit_operator' retrieved from /usr/local/anaconda3/envs/airflow_env/lib/python3.8/site-packages/airflow/example_dags/example_short_circuit_operator.py
[2025-03-07T15:20:51.866+0100] {logging_mixin.py:190} INFO - [2025-03-07T15:20:51.866+0100] {dag.py:3239} INFO - Sync 1 DAGs
[2025-03-07T15:20:51.873+0100] {logging_mixin.py:190} INFO - [2025-03-07T15:20:51.873+0100] {dag.py:4180} INFO - Setting next_dagrun for example_short_circuit_operator to None, run_after=None
[2025-03-07T15:20:51.885+0100] {processor.py:208} INFO - Processing /usr/local/anaconda3/envs/airflow_env/lib/python3.8/site-packages/airflow/example_dags/example_short_circuit_operator.py took 0.114 seconds
[2025-03-07T15:23:07.259+0100] {processor.py:186} INFO - Started process (PID=9442) to work on /usr/local/anaconda3/envs/airflow_env/lib/python3.8/site-packages/airflow/example_dags/example_short_circuit_operator.py
[2025-03-07T15:23:07.262+0100] {processor.py:914} INFO - Processing file /usr/local/anaconda3/envs/airflow_env/lib/python3.8/site-packages/airflow/example_dags/example_short_circuit_operator.py for tasks to queue
[2025-03-07T15:23:07.263+0100] {logging_mixin.py:190} INFO - [2025-03-07T15:23:07.263+0100] {dagbag.py:588} INFO - Filling up the DagBag from /usr/local/anaconda3/envs/airflow_env/lib/python3.8/site-packages/airflow/example_dags/example_short_circuit_operator.py
[2025-03-07T15:23:07.280+0100] {processor.py:925} INFO - DAG(s) 'example_short_circuit_operator' retrieved from /usr/local/anaconda3/envs/airflow_env/lib/python3.8/site-packages/airflow/example_dags/example_short_circuit_operator.py
[2025-03-07T15:23:07.356+0100] {logging_mixin.py:190} INFO - [2025-03-07T15:23:07.356+0100] {dag.py:3239} INFO - Sync 1 DAGs
[2025-03-07T15:23:07.363+0100] {logging_mixin.py:190} INFO - [2025-03-07T15:23:07.363+0100] {dag.py:4180} INFO - Setting next_dagrun for example_short_circuit_operator to None, run_after=None
[2025-03-07T15:23:07.376+0100] {processor.py:208} INFO - Processing /usr/local/anaconda3/envs/airflow_env/lib/python3.8/site-packages/airflow/example_dags/example_short_circuit_operator.py took 0.120 seconds
