[2025-03-07T14:12:37.066+0100] {processor.py:186} INFO - Started process (PID=2847) to work on /usr/local/anaconda3/envs/airflow_env/lib/python3.8/site-packages/airflow/example_dags/example_dataset_alias_with_no_taskflow.py
[2025-03-07T14:12:37.069+0100] {processor.py:914} INFO - Processing file /usr/local/anaconda3/envs/airflow_env/lib/python3.8/site-packages/airflow/example_dags/example_dataset_alias_with_no_taskflow.py for tasks to queue
[2025-03-07T14:12:37.070+0100] {logging_mixin.py:190} INFO - [2025-03-07T14:12:37.069+0100] {dagbag.py:588} INFO - Filling up the DagBag from /usr/local/anaconda3/envs/airflow_env/lib/python3.8/site-packages/airflow/example_dags/example_dataset_alias_with_no_taskflow.py
[2025-03-07T14:12:37.181+0100] {processor.py:925} INFO - DAG(s) 'dataset_alias_example_alias_consumer_with_no_taskflow', 'dataset_s3_bucket_producer_with_no_taskflow', 'dataset_alias_example_alias_producer_with_no_taskflow', 'dataset_s3_bucket_consumer_with_no_taskflow' retrieved from /usr/local/anaconda3/envs/airflow_env/lib/python3.8/site-packages/airflow/example_dags/example_dataset_alias_with_no_taskflow.py
[2025-03-07T14:12:37.245+0100] {logging_mixin.py:190} INFO - [2025-03-07T14:12:37.244+0100] {override.py:1901} INFO - Created Permission View: can delete on DAG:dataset_alias_example_alias_consumer_with_no_taskflow
[2025-03-07T14:12:37.251+0100] {logging_mixin.py:190} INFO - [2025-03-07T14:12:37.251+0100] {override.py:1901} INFO - Created Permission View: can edit on DAG:dataset_alias_example_alias_consumer_with_no_taskflow
[2025-03-07T14:12:37.256+0100] {logging_mixin.py:190} INFO - [2025-03-07T14:12:37.256+0100] {override.py:1901} INFO - Created Permission View: can read on DAG:dataset_alias_example_alias_consumer_with_no_taskflow
[2025-03-07T14:12:37.261+0100] {logging_mixin.py:190} INFO - [2025-03-07T14:12:37.261+0100] {override.py:1901} INFO - Created Permission View: can create on DAG Run:dataset_alias_example_alias_consumer_with_no_taskflow
[2025-03-07T14:12:37.265+0100] {logging_mixin.py:190} INFO - [2025-03-07T14:12:37.265+0100] {override.py:1901} INFO - Created Permission View: can delete on DAG Run:dataset_alias_example_alias_consumer_with_no_taskflow
[2025-03-07T14:12:37.269+0100] {logging_mixin.py:190} INFO - [2025-03-07T14:12:37.269+0100] {override.py:1901} INFO - Created Permission View: menu access on DAG Run:dataset_alias_example_alias_consumer_with_no_taskflow
[2025-03-07T14:12:37.274+0100] {logging_mixin.py:190} INFO - [2025-03-07T14:12:37.274+0100] {override.py:1901} INFO - Created Permission View: can read on DAG Run:dataset_alias_example_alias_consumer_with_no_taskflow
[2025-03-07T14:12:37.283+0100] {logging_mixin.py:190} INFO - [2025-03-07T14:12:37.282+0100] {override.py:1901} INFO - Created Permission View: can delete on DAG:dataset_s3_bucket_producer_with_no_taskflow
[2025-03-07T14:12:37.287+0100] {logging_mixin.py:190} INFO - [2025-03-07T14:12:37.287+0100] {override.py:1901} INFO - Created Permission View: can edit on DAG:dataset_s3_bucket_producer_with_no_taskflow
[2025-03-07T14:12:37.293+0100] {logging_mixin.py:190} INFO - [2025-03-07T14:12:37.292+0100] {override.py:1901} INFO - Created Permission View: can read on DAG:dataset_s3_bucket_producer_with_no_taskflow
[2025-03-07T14:12:37.298+0100] {logging_mixin.py:190} INFO - [2025-03-07T14:12:37.298+0100] {override.py:1901} INFO - Created Permission View: can create on DAG Run:dataset_s3_bucket_producer_with_no_taskflow
[2025-03-07T14:12:37.302+0100] {logging_mixin.py:190} INFO - [2025-03-07T14:12:37.302+0100] {override.py:1901} INFO - Created Permission View: can delete on DAG Run:dataset_s3_bucket_producer_with_no_taskflow
[2025-03-07T14:12:37.306+0100] {logging_mixin.py:190} INFO - [2025-03-07T14:12:37.306+0100] {override.py:1901} INFO - Created Permission View: menu access on DAG Run:dataset_s3_bucket_producer_with_no_taskflow
[2025-03-07T14:12:37.311+0100] {logging_mixin.py:190} INFO - [2025-03-07T14:12:37.310+0100] {override.py:1901} INFO - Created Permission View: can read on DAG Run:dataset_s3_bucket_producer_with_no_taskflow
[2025-03-07T14:12:37.320+0100] {logging_mixin.py:190} INFO - [2025-03-07T14:12:37.320+0100] {override.py:1901} INFO - Created Permission View: can delete on DAG:dataset_alias_example_alias_producer_with_no_taskflow
[2025-03-07T14:12:37.324+0100] {logging_mixin.py:190} INFO - [2025-03-07T14:12:37.324+0100] {override.py:1901} INFO - Created Permission View: can edit on DAG:dataset_alias_example_alias_producer_with_no_taskflow
[2025-03-07T14:12:37.329+0100] {logging_mixin.py:190} INFO - [2025-03-07T14:12:37.329+0100] {override.py:1901} INFO - Created Permission View: can read on DAG:dataset_alias_example_alias_producer_with_no_taskflow
[2025-03-07T14:12:37.334+0100] {logging_mixin.py:190} INFO - [2025-03-07T14:12:37.334+0100] {override.py:1901} INFO - Created Permission View: can create on DAG Run:dataset_alias_example_alias_producer_with_no_taskflow
[2025-03-07T14:12:37.338+0100] {logging_mixin.py:190} INFO - [2025-03-07T14:12:37.338+0100] {override.py:1901} INFO - Created Permission View: can delete on DAG Run:dataset_alias_example_alias_producer_with_no_taskflow
[2025-03-07T14:12:37.342+0100] {logging_mixin.py:190} INFO - [2025-03-07T14:12:37.341+0100] {override.py:1901} INFO - Created Permission View: menu access on DAG Run:dataset_alias_example_alias_producer_with_no_taskflow
[2025-03-07T14:12:37.346+0100] {logging_mixin.py:190} INFO - [2025-03-07T14:12:37.345+0100] {override.py:1901} INFO - Created Permission View: can read on DAG Run:dataset_alias_example_alias_producer_with_no_taskflow
[2025-03-07T14:12:37.353+0100] {logging_mixin.py:190} INFO - [2025-03-07T14:12:37.353+0100] {override.py:1901} INFO - Created Permission View: can delete on DAG:dataset_s3_bucket_consumer_with_no_taskflow
[2025-03-07T14:12:37.357+0100] {logging_mixin.py:190} INFO - [2025-03-07T14:12:37.357+0100] {override.py:1901} INFO - Created Permission View: can edit on DAG:dataset_s3_bucket_consumer_with_no_taskflow
[2025-03-07T14:12:37.361+0100] {logging_mixin.py:190} INFO - [2025-03-07T14:12:37.361+0100] {override.py:1901} INFO - Created Permission View: can read on DAG:dataset_s3_bucket_consumer_with_no_taskflow
[2025-03-07T14:12:37.366+0100] {logging_mixin.py:190} INFO - [2025-03-07T14:12:37.366+0100] {override.py:1901} INFO - Created Permission View: can create on DAG Run:dataset_s3_bucket_consumer_with_no_taskflow
[2025-03-07T14:12:37.370+0100] {logging_mixin.py:190} INFO - [2025-03-07T14:12:37.370+0100] {override.py:1901} INFO - Created Permission View: can delete on DAG Run:dataset_s3_bucket_consumer_with_no_taskflow
[2025-03-07T14:12:37.374+0100] {logging_mixin.py:190} INFO - [2025-03-07T14:12:37.374+0100] {override.py:1901} INFO - Created Permission View: menu access on DAG Run:dataset_s3_bucket_consumer_with_no_taskflow
[2025-03-07T14:12:37.378+0100] {logging_mixin.py:190} INFO - [2025-03-07T14:12:37.378+0100] {override.py:1901} INFO - Created Permission View: can read on DAG Run:dataset_s3_bucket_consumer_with_no_taskflow
[2025-03-07T14:12:37.378+0100] {logging_mixin.py:190} INFO - [2025-03-07T14:12:37.378+0100] {dag.py:3239} INFO - Sync 4 DAGs
[2025-03-07T14:12:37.386+0100] {logging_mixin.py:190} INFO - [2025-03-07T14:12:37.386+0100] {dag.py:3262} INFO - Creating ORM DAG for dataset_s3_bucket_producer_with_no_taskflow
[2025-03-07T14:12:37.386+0100] {logging_mixin.py:190} INFO - [2025-03-07T14:12:37.386+0100] {dag.py:3262} INFO - Creating ORM DAG for dataset_alias_example_alias_consumer_with_no_taskflow
[2025-03-07T14:12:37.387+0100] {logging_mixin.py:190} INFO - [2025-03-07T14:12:37.387+0100] {dag.py:3262} INFO - Creating ORM DAG for dataset_s3_bucket_consumer_with_no_taskflow
[2025-03-07T14:12:37.387+0100] {logging_mixin.py:190} INFO - [2025-03-07T14:12:37.387+0100] {dag.py:3262} INFO - Creating ORM DAG for dataset_alias_example_alias_producer_with_no_taskflow
[2025-03-07T14:12:37.392+0100] {logging_mixin.py:190} INFO - [2025-03-07T14:12:37.392+0100] {dag.py:4180} INFO - Setting next_dagrun for dataset_alias_example_alias_consumer_with_no_taskflow to None, run_after=None
[2025-03-07T14:12:37.393+0100] {logging_mixin.py:190} INFO - [2025-03-07T14:12:37.393+0100] {dag.py:4180} INFO - Setting next_dagrun for dataset_alias_example_alias_producer_with_no_taskflow to None, run_after=None
[2025-03-07T14:12:37.393+0100] {logging_mixin.py:190} INFO - [2025-03-07T14:12:37.393+0100] {dag.py:4180} INFO - Setting next_dagrun for dataset_s3_bucket_consumer_with_no_taskflow to None, run_after=None
[2025-03-07T14:12:37.393+0100] {logging_mixin.py:190} INFO - [2025-03-07T14:12:37.393+0100] {dag.py:4180} INFO - Setting next_dagrun for dataset_s3_bucket_producer_with_no_taskflow to None, run_after=None
[2025-03-07T14:12:37.932+0100] {processor.py:208} INFO - Processing /usr/local/anaconda3/envs/airflow_env/lib/python3.8/site-packages/airflow/example_dags/example_dataset_alias_with_no_taskflow.py took 0.869 seconds
[2025-03-07T14:15:59.582+0100] {processor.py:186} INFO - Started process (PID=3164) to work on /usr/local/anaconda3/envs/airflow_env/lib/python3.8/site-packages/airflow/example_dags/example_dataset_alias_with_no_taskflow.py
[2025-03-07T14:15:59.585+0100] {processor.py:914} INFO - Processing file /usr/local/anaconda3/envs/airflow_env/lib/python3.8/site-packages/airflow/example_dags/example_dataset_alias_with_no_taskflow.py for tasks to queue
[2025-03-07T14:15:59.586+0100] {logging_mixin.py:190} INFO - [2025-03-07T14:15:59.586+0100] {dagbag.py:588} INFO - Filling up the DagBag from /usr/local/anaconda3/envs/airflow_env/lib/python3.8/site-packages/airflow/example_dags/example_dataset_alias_with_no_taskflow.py
[2025-03-07T14:15:59.702+0100] {processor.py:925} INFO - DAG(s) 'dataset_s3_bucket_consumer_with_no_taskflow', 'dataset_s3_bucket_producer_with_no_taskflow', 'dataset_alias_example_alias_consumer_with_no_taskflow', 'dataset_alias_example_alias_producer_with_no_taskflow' retrieved from /usr/local/anaconda3/envs/airflow_env/lib/python3.8/site-packages/airflow/example_dags/example_dataset_alias_with_no_taskflow.py
[2025-03-07T14:15:59.718+0100] {logging_mixin.py:190} INFO - [2025-03-07T14:15:59.718+0100] {dag.py:3239} INFO - Sync 4 DAGs
[2025-03-07T14:15:59.732+0100] {logging_mixin.py:190} INFO - [2025-03-07T14:15:59.732+0100] {dag.py:4180} INFO - Setting next_dagrun for dataset_alias_example_alias_consumer_with_no_taskflow to None, run_after=None
[2025-03-07T14:15:59.733+0100] {logging_mixin.py:190} INFO - [2025-03-07T14:15:59.733+0100] {dag.py:4180} INFO - Setting next_dagrun for dataset_alias_example_alias_producer_with_no_taskflow to None, run_after=None
[2025-03-07T14:15:59.734+0100] {logging_mixin.py:190} INFO - [2025-03-07T14:15:59.734+0100] {dag.py:4180} INFO - Setting next_dagrun for dataset_s3_bucket_consumer_with_no_taskflow to None, run_after=None
[2025-03-07T14:15:59.735+0100] {logging_mixin.py:190} INFO - [2025-03-07T14:15:59.734+0100] {dag.py:4180} INFO - Setting next_dagrun for dataset_s3_bucket_producer_with_no_taskflow to None, run_after=None
[2025-03-07T14:15:59.748+0100] {processor.py:208} INFO - Processing /usr/local/anaconda3/envs/airflow_env/lib/python3.8/site-packages/airflow/example_dags/example_dataset_alias_with_no_taskflow.py took 0.169 seconds
[2025-03-07T14:20:28.842+0100] {processor.py:186} INFO - Started process (PID=3727) to work on /usr/local/anaconda3/envs/airflow_env/lib/python3.8/site-packages/airflow/example_dags/example_dataset_alias_with_no_taskflow.py
[2025-03-07T14:20:28.846+0100] {processor.py:914} INFO - Processing file /usr/local/anaconda3/envs/airflow_env/lib/python3.8/site-packages/airflow/example_dags/example_dataset_alias_with_no_taskflow.py for tasks to queue
[2025-03-07T14:20:28.846+0100] {logging_mixin.py:190} INFO - [2025-03-07T14:20:28.846+0100] {dagbag.py:588} INFO - Filling up the DagBag from /usr/local/anaconda3/envs/airflow_env/lib/python3.8/site-packages/airflow/example_dags/example_dataset_alias_with_no_taskflow.py
[2025-03-07T14:20:28.964+0100] {processor.py:925} INFO - DAG(s) 'dataset_alias_example_alias_consumer_with_no_taskflow', 'dataset_alias_example_alias_producer_with_no_taskflow', 'dataset_s3_bucket_producer_with_no_taskflow', 'dataset_s3_bucket_consumer_with_no_taskflow' retrieved from /usr/local/anaconda3/envs/airflow_env/lib/python3.8/site-packages/airflow/example_dags/example_dataset_alias_with_no_taskflow.py
[2025-03-07T14:20:28.980+0100] {logging_mixin.py:190} INFO - [2025-03-07T14:20:28.980+0100] {dag.py:3239} INFO - Sync 4 DAGs
[2025-03-07T14:20:28.993+0100] {logging_mixin.py:190} INFO - [2025-03-07T14:20:28.992+0100] {dag.py:4180} INFO - Setting next_dagrun for dataset_alias_example_alias_consumer_with_no_taskflow to None, run_after=None
[2025-03-07T14:20:28.994+0100] {logging_mixin.py:190} INFO - [2025-03-07T14:20:28.994+0100] {dag.py:4180} INFO - Setting next_dagrun for dataset_alias_example_alias_producer_with_no_taskflow to None, run_after=None
[2025-03-07T14:20:28.995+0100] {logging_mixin.py:190} INFO - [2025-03-07T14:20:28.995+0100] {dag.py:4180} INFO - Setting next_dagrun for dataset_s3_bucket_consumer_with_no_taskflow to None, run_after=None
[2025-03-07T14:20:28.995+0100] {logging_mixin.py:190} INFO - [2025-03-07T14:20:28.995+0100] {dag.py:4180} INFO - Setting next_dagrun for dataset_s3_bucket_producer_with_no_taskflow to None, run_after=None
[2025-03-07T14:20:29.010+0100] {processor.py:208} INFO - Processing /usr/local/anaconda3/envs/airflow_env/lib/python3.8/site-packages/airflow/example_dags/example_dataset_alias_with_no_taskflow.py took 0.170 seconds
[2025-03-07T14:25:06.516+0100] {processor.py:186} INFO - Started process (PID=4183) to work on /usr/local/anaconda3/envs/airflow_env/lib/python3.8/site-packages/airflow/example_dags/example_dataset_alias_with_no_taskflow.py
[2025-03-07T14:25:06.520+0100] {processor.py:914} INFO - Processing file /usr/local/anaconda3/envs/airflow_env/lib/python3.8/site-packages/airflow/example_dags/example_dataset_alias_with_no_taskflow.py for tasks to queue
[2025-03-07T14:25:06.521+0100] {logging_mixin.py:190} INFO - [2025-03-07T14:25:06.521+0100] {dagbag.py:588} INFO - Filling up the DagBag from /usr/local/anaconda3/envs/airflow_env/lib/python3.8/site-packages/airflow/example_dags/example_dataset_alias_with_no_taskflow.py
[2025-03-07T14:25:06.646+0100] {processor.py:925} INFO - DAG(s) 'dataset_alias_example_alias_producer_with_no_taskflow', 'dataset_s3_bucket_producer_with_no_taskflow', 'dataset_s3_bucket_consumer_with_no_taskflow', 'dataset_alias_example_alias_consumer_with_no_taskflow' retrieved from /usr/local/anaconda3/envs/airflow_env/lib/python3.8/site-packages/airflow/example_dags/example_dataset_alias_with_no_taskflow.py
[2025-03-07T14:25:06.664+0100] {logging_mixin.py:190} INFO - [2025-03-07T14:25:06.664+0100] {dag.py:3239} INFO - Sync 4 DAGs
[2025-03-07T14:25:06.678+0100] {logging_mixin.py:190} INFO - [2025-03-07T14:25:06.678+0100] {dag.py:4180} INFO - Setting next_dagrun for dataset_alias_example_alias_consumer_with_no_taskflow to None, run_after=None
[2025-03-07T14:25:06.680+0100] {logging_mixin.py:190} INFO - [2025-03-07T14:25:06.680+0100] {dag.py:4180} INFO - Setting next_dagrun for dataset_alias_example_alias_producer_with_no_taskflow to None, run_after=None
[2025-03-07T14:25:06.680+0100] {logging_mixin.py:190} INFO - [2025-03-07T14:25:06.680+0100] {dag.py:4180} INFO - Setting next_dagrun for dataset_s3_bucket_consumer_with_no_taskflow to None, run_after=None
[2025-03-07T14:25:06.681+0100] {logging_mixin.py:190} INFO - [2025-03-07T14:25:06.681+0100] {dag.py:4180} INFO - Setting next_dagrun for dataset_s3_bucket_producer_with_no_taskflow to None, run_after=None
[2025-03-07T14:25:06.696+0100] {processor.py:208} INFO - Processing /usr/local/anaconda3/envs/airflow_env/lib/python3.8/site-packages/airflow/example_dags/example_dataset_alias_with_no_taskflow.py took 0.182 seconds
[2025-03-07T14:45:29.307+0100] {processor.py:186} INFO - Started process (PID=5025) to work on /usr/local/anaconda3/envs/airflow_env/lib/python3.8/site-packages/airflow/example_dags/example_dataset_alias_with_no_taskflow.py
[2025-03-07T14:45:29.310+0100] {processor.py:914} INFO - Processing file /usr/local/anaconda3/envs/airflow_env/lib/python3.8/site-packages/airflow/example_dags/example_dataset_alias_with_no_taskflow.py for tasks to queue
[2025-03-07T14:45:29.311+0100] {logging_mixin.py:190} INFO - [2025-03-07T14:45:29.311+0100] {dagbag.py:588} INFO - Filling up the DagBag from /usr/local/anaconda3/envs/airflow_env/lib/python3.8/site-packages/airflow/example_dags/example_dataset_alias_with_no_taskflow.py
[2025-03-07T14:45:29.424+0100] {processor.py:925} INFO - DAG(s) 'dataset_s3_bucket_producer_with_no_taskflow', 'dataset_s3_bucket_consumer_with_no_taskflow', 'dataset_alias_example_alias_consumer_with_no_taskflow', 'dataset_alias_example_alias_producer_with_no_taskflow' retrieved from /usr/local/anaconda3/envs/airflow_env/lib/python3.8/site-packages/airflow/example_dags/example_dataset_alias_with_no_taskflow.py
[2025-03-07T14:45:29.440+0100] {logging_mixin.py:190} INFO - [2025-03-07T14:45:29.440+0100] {dag.py:3239} INFO - Sync 4 DAGs
[2025-03-07T14:45:29.452+0100] {logging_mixin.py:190} INFO - [2025-03-07T14:45:29.452+0100] {dag.py:4180} INFO - Setting next_dagrun for dataset_alias_example_alias_consumer_with_no_taskflow to None, run_after=None
[2025-03-07T14:45:29.453+0100] {logging_mixin.py:190} INFO - [2025-03-07T14:45:29.453+0100] {dag.py:4180} INFO - Setting next_dagrun for dataset_alias_example_alias_producer_with_no_taskflow to None, run_after=None
[2025-03-07T14:45:29.454+0100] {logging_mixin.py:190} INFO - [2025-03-07T14:45:29.454+0100] {dag.py:4180} INFO - Setting next_dagrun for dataset_s3_bucket_consumer_with_no_taskflow to None, run_after=None
[2025-03-07T14:45:29.455+0100] {logging_mixin.py:190} INFO - [2025-03-07T14:45:29.454+0100] {dag.py:4180} INFO - Setting next_dagrun for dataset_s3_bucket_producer_with_no_taskflow to None, run_after=None
[2025-03-07T14:45:29.468+0100] {processor.py:208} INFO - Processing /usr/local/anaconda3/envs/airflow_env/lib/python3.8/site-packages/airflow/example_dags/example_dataset_alias_with_no_taskflow.py took 0.163 seconds
[2025-03-07T14:48:20.012+0100] {processor.py:186} INFO - Started process (PID=5317) to work on /usr/local/anaconda3/envs/airflow_env/lib/python3.8/site-packages/airflow/example_dags/example_dataset_alias_with_no_taskflow.py
[2025-03-07T14:48:20.015+0100] {processor.py:914} INFO - Processing file /usr/local/anaconda3/envs/airflow_env/lib/python3.8/site-packages/airflow/example_dags/example_dataset_alias_with_no_taskflow.py for tasks to queue
[2025-03-07T14:48:20.016+0100] {logging_mixin.py:190} INFO - [2025-03-07T14:48:20.016+0100] {dagbag.py:588} INFO - Filling up the DagBag from /usr/local/anaconda3/envs/airflow_env/lib/python3.8/site-packages/airflow/example_dags/example_dataset_alias_with_no_taskflow.py
[2025-03-07T14:48:20.135+0100] {processor.py:925} INFO - DAG(s) 'dataset_alias_example_alias_producer_with_no_taskflow', 'dataset_s3_bucket_producer_with_no_taskflow', 'dataset_s3_bucket_consumer_with_no_taskflow', 'dataset_alias_example_alias_consumer_with_no_taskflow' retrieved from /usr/local/anaconda3/envs/airflow_env/lib/python3.8/site-packages/airflow/example_dags/example_dataset_alias_with_no_taskflow.py
[2025-03-07T14:48:20.152+0100] {logging_mixin.py:190} INFO - [2025-03-07T14:48:20.152+0100] {dag.py:3239} INFO - Sync 4 DAGs
[2025-03-07T14:48:20.165+0100] {logging_mixin.py:190} INFO - [2025-03-07T14:48:20.164+0100] {dag.py:4180} INFO - Setting next_dagrun for dataset_alias_example_alias_consumer_with_no_taskflow to None, run_after=None
[2025-03-07T14:48:20.166+0100] {logging_mixin.py:190} INFO - [2025-03-07T14:48:20.166+0100] {dag.py:4180} INFO - Setting next_dagrun for dataset_alias_example_alias_producer_with_no_taskflow to None, run_after=None
[2025-03-07T14:48:20.167+0100] {logging_mixin.py:190} INFO - [2025-03-07T14:48:20.167+0100] {dag.py:4180} INFO - Setting next_dagrun for dataset_s3_bucket_consumer_with_no_taskflow to None, run_after=None
[2025-03-07T14:48:20.167+0100] {logging_mixin.py:190} INFO - [2025-03-07T14:48:20.167+0100] {dag.py:4180} INFO - Setting next_dagrun for dataset_s3_bucket_producer_with_no_taskflow to None, run_after=None
[2025-03-07T14:48:20.181+0100] {processor.py:208} INFO - Processing /usr/local/anaconda3/envs/airflow_env/lib/python3.8/site-packages/airflow/example_dags/example_dataset_alias_with_no_taskflow.py took 0.172 seconds
[2025-03-07T14:51:25.115+0100] {processor.py:186} INFO - Started process (PID=5737) to work on /usr/local/anaconda3/envs/airflow_env/lib/python3.8/site-packages/airflow/example_dags/example_dataset_alias_with_no_taskflow.py
[2025-03-07T14:51:25.118+0100] {processor.py:914} INFO - Processing file /usr/local/anaconda3/envs/airflow_env/lib/python3.8/site-packages/airflow/example_dags/example_dataset_alias_with_no_taskflow.py for tasks to queue
[2025-03-07T14:51:25.119+0100] {logging_mixin.py:190} INFO - [2025-03-07T14:51:25.119+0100] {dagbag.py:588} INFO - Filling up the DagBag from /usr/local/anaconda3/envs/airflow_env/lib/python3.8/site-packages/airflow/example_dags/example_dataset_alias_with_no_taskflow.py
[2025-03-07T14:51:25.232+0100] {processor.py:925} INFO - DAG(s) 'dataset_alias_example_alias_producer_with_no_taskflow', 'dataset_alias_example_alias_consumer_with_no_taskflow', 'dataset_s3_bucket_consumer_with_no_taskflow', 'dataset_s3_bucket_producer_with_no_taskflow' retrieved from /usr/local/anaconda3/envs/airflow_env/lib/python3.8/site-packages/airflow/example_dags/example_dataset_alias_with_no_taskflow.py
[2025-03-07T14:51:25.248+0100] {logging_mixin.py:190} INFO - [2025-03-07T14:51:25.247+0100] {dag.py:3239} INFO - Sync 4 DAGs
[2025-03-07T14:51:25.260+0100] {logging_mixin.py:190} INFO - [2025-03-07T14:51:25.260+0100] {dag.py:4180} INFO - Setting next_dagrun for dataset_alias_example_alias_consumer_with_no_taskflow to None, run_after=None
[2025-03-07T14:51:25.261+0100] {logging_mixin.py:190} INFO - [2025-03-07T14:51:25.261+0100] {dag.py:4180} INFO - Setting next_dagrun for dataset_alias_example_alias_producer_with_no_taskflow to None, run_after=None
[2025-03-07T14:51:25.262+0100] {logging_mixin.py:190} INFO - [2025-03-07T14:51:25.261+0100] {dag.py:4180} INFO - Setting next_dagrun for dataset_s3_bucket_consumer_with_no_taskflow to None, run_after=None
[2025-03-07T14:51:25.262+0100] {logging_mixin.py:190} INFO - [2025-03-07T14:51:25.262+0100] {dag.py:4180} INFO - Setting next_dagrun for dataset_s3_bucket_producer_with_no_taskflow to None, run_after=None
[2025-03-07T14:51:25.275+0100] {processor.py:208} INFO - Processing /usr/local/anaconda3/envs/airflow_env/lib/python3.8/site-packages/airflow/example_dags/example_dataset_alias_with_no_taskflow.py took 0.163 seconds
[2025-03-07T14:54:53.179+0100] {processor.py:186} INFO - Started process (PID=6159) to work on /usr/local/anaconda3/envs/airflow_env/lib/python3.8/site-packages/airflow/example_dags/example_dataset_alias_with_no_taskflow.py
[2025-03-07T14:54:53.182+0100] {processor.py:914} INFO - Processing file /usr/local/anaconda3/envs/airflow_env/lib/python3.8/site-packages/airflow/example_dags/example_dataset_alias_with_no_taskflow.py for tasks to queue
[2025-03-07T14:54:53.183+0100] {logging_mixin.py:190} INFO - [2025-03-07T14:54:53.183+0100] {dagbag.py:588} INFO - Filling up the DagBag from /usr/local/anaconda3/envs/airflow_env/lib/python3.8/site-packages/airflow/example_dags/example_dataset_alias_with_no_taskflow.py
[2025-03-07T14:54:53.294+0100] {processor.py:925} INFO - DAG(s) 'dataset_s3_bucket_consumer_with_no_taskflow', 'dataset_alias_example_alias_producer_with_no_taskflow', 'dataset_alias_example_alias_consumer_with_no_taskflow', 'dataset_s3_bucket_producer_with_no_taskflow' retrieved from /usr/local/anaconda3/envs/airflow_env/lib/python3.8/site-packages/airflow/example_dags/example_dataset_alias_with_no_taskflow.py
[2025-03-07T14:54:53.310+0100] {logging_mixin.py:190} INFO - [2025-03-07T14:54:53.310+0100] {dag.py:3239} INFO - Sync 4 DAGs
[2025-03-07T14:54:53.322+0100] {logging_mixin.py:190} INFO - [2025-03-07T14:54:53.322+0100] {dag.py:4180} INFO - Setting next_dagrun for dataset_alias_example_alias_consumer_with_no_taskflow to None, run_after=None
[2025-03-07T14:54:53.323+0100] {logging_mixin.py:190} INFO - [2025-03-07T14:54:53.323+0100] {dag.py:4180} INFO - Setting next_dagrun for dataset_alias_example_alias_producer_with_no_taskflow to None, run_after=None
[2025-03-07T14:54:53.324+0100] {logging_mixin.py:190} INFO - [2025-03-07T14:54:53.324+0100] {dag.py:4180} INFO - Setting next_dagrun for dataset_s3_bucket_consumer_with_no_taskflow to None, run_after=None
[2025-03-07T14:54:53.325+0100] {logging_mixin.py:190} INFO - [2025-03-07T14:54:53.325+0100] {dag.py:4180} INFO - Setting next_dagrun for dataset_s3_bucket_producer_with_no_taskflow to None, run_after=None
[2025-03-07T14:54:53.338+0100] {processor.py:208} INFO - Processing /usr/local/anaconda3/envs/airflow_env/lib/python3.8/site-packages/airflow/example_dags/example_dataset_alias_with_no_taskflow.py took 0.162 seconds
[2025-03-07T14:57:34.926+0100] {processor.py:186} INFO - Started process (PID=6486) to work on /usr/local/anaconda3/envs/airflow_env/lib/python3.8/site-packages/airflow/example_dags/example_dataset_alias_with_no_taskflow.py
[2025-03-07T14:57:34.929+0100] {processor.py:914} INFO - Processing file /usr/local/anaconda3/envs/airflow_env/lib/python3.8/site-packages/airflow/example_dags/example_dataset_alias_with_no_taskflow.py for tasks to queue
[2025-03-07T14:57:34.930+0100] {logging_mixin.py:190} INFO - [2025-03-07T14:57:34.930+0100] {dagbag.py:588} INFO - Filling up the DagBag from /usr/local/anaconda3/envs/airflow_env/lib/python3.8/site-packages/airflow/example_dags/example_dataset_alias_with_no_taskflow.py
[2025-03-07T14:57:35.041+0100] {processor.py:925} INFO - DAG(s) 'dataset_alias_example_alias_consumer_with_no_taskflow', 'dataset_alias_example_alias_producer_with_no_taskflow', 'dataset_s3_bucket_producer_with_no_taskflow', 'dataset_s3_bucket_consumer_with_no_taskflow' retrieved from /usr/local/anaconda3/envs/airflow_env/lib/python3.8/site-packages/airflow/example_dags/example_dataset_alias_with_no_taskflow.py
[2025-03-07T14:57:35.056+0100] {logging_mixin.py:190} INFO - [2025-03-07T14:57:35.056+0100] {dag.py:3239} INFO - Sync 4 DAGs
[2025-03-07T14:57:35.068+0100] {logging_mixin.py:190} INFO - [2025-03-07T14:57:35.068+0100] {dag.py:4180} INFO - Setting next_dagrun for dataset_alias_example_alias_consumer_with_no_taskflow to None, run_after=None
[2025-03-07T14:57:35.069+0100] {logging_mixin.py:190} INFO - [2025-03-07T14:57:35.069+0100] {dag.py:4180} INFO - Setting next_dagrun for dataset_alias_example_alias_producer_with_no_taskflow to None, run_after=None
[2025-03-07T14:57:35.070+0100] {logging_mixin.py:190} INFO - [2025-03-07T14:57:35.070+0100] {dag.py:4180} INFO - Setting next_dagrun for dataset_s3_bucket_consumer_with_no_taskflow to None, run_after=None
[2025-03-07T14:57:35.070+0100] {logging_mixin.py:190} INFO - [2025-03-07T14:57:35.070+0100] {dag.py:4180} INFO - Setting next_dagrun for dataset_s3_bucket_producer_with_no_taskflow to None, run_after=None
[2025-03-07T14:57:35.084+0100] {processor.py:208} INFO - Processing /usr/local/anaconda3/envs/airflow_env/lib/python3.8/site-packages/airflow/example_dags/example_dataset_alias_with_no_taskflow.py took 0.160 seconds
[2025-03-07T15:02:11.284+0100] {processor.py:186} INFO - Started process (PID=7022) to work on /usr/local/anaconda3/envs/airflow_env/lib/python3.8/site-packages/airflow/example_dags/example_dataset_alias_with_no_taskflow.py
[2025-03-07T15:02:11.287+0100] {processor.py:914} INFO - Processing file /usr/local/anaconda3/envs/airflow_env/lib/python3.8/site-packages/airflow/example_dags/example_dataset_alias_with_no_taskflow.py for tasks to queue
[2025-03-07T15:02:11.288+0100] {logging_mixin.py:190} INFO - [2025-03-07T15:02:11.288+0100] {dagbag.py:588} INFO - Filling up the DagBag from /usr/local/anaconda3/envs/airflow_env/lib/python3.8/site-packages/airflow/example_dags/example_dataset_alias_with_no_taskflow.py
[2025-03-07T15:02:11.402+0100] {processor.py:925} INFO - DAG(s) 'dataset_alias_example_alias_producer_with_no_taskflow', 'dataset_alias_example_alias_consumer_with_no_taskflow', 'dataset_s3_bucket_producer_with_no_taskflow', 'dataset_s3_bucket_consumer_with_no_taskflow' retrieved from /usr/local/anaconda3/envs/airflow_env/lib/python3.8/site-packages/airflow/example_dags/example_dataset_alias_with_no_taskflow.py
[2025-03-07T15:02:11.418+0100] {logging_mixin.py:190} INFO - [2025-03-07T15:02:11.418+0100] {dag.py:3239} INFO - Sync 4 DAGs
[2025-03-07T15:02:11.431+0100] {logging_mixin.py:190} INFO - [2025-03-07T15:02:11.431+0100] {dag.py:4180} INFO - Setting next_dagrun for dataset_alias_example_alias_consumer_with_no_taskflow to None, run_after=None
[2025-03-07T15:02:11.433+0100] {logging_mixin.py:190} INFO - [2025-03-07T15:02:11.433+0100] {dag.py:4180} INFO - Setting next_dagrun for dataset_alias_example_alias_producer_with_no_taskflow to None, run_after=None
[2025-03-07T15:02:11.433+0100] {logging_mixin.py:190} INFO - [2025-03-07T15:02:11.433+0100] {dag.py:4180} INFO - Setting next_dagrun for dataset_s3_bucket_consumer_with_no_taskflow to None, run_after=None
[2025-03-07T15:02:11.434+0100] {logging_mixin.py:190} INFO - [2025-03-07T15:02:11.434+0100] {dag.py:4180} INFO - Setting next_dagrun for dataset_s3_bucket_producer_with_no_taskflow to None, run_after=None
[2025-03-07T15:02:11.448+0100] {processor.py:208} INFO - Processing /usr/local/anaconda3/envs/airflow_env/lib/python3.8/site-packages/airflow/example_dags/example_dataset_alias_with_no_taskflow.py took 0.167 seconds
[2025-03-07T15:06:56.152+0100] {processor.py:186} INFO - Started process (PID=7530) to work on /usr/local/anaconda3/envs/airflow_env/lib/python3.8/site-packages/airflow/example_dags/example_dataset_alias_with_no_taskflow.py
[2025-03-07T15:06:56.155+0100] {processor.py:914} INFO - Processing file /usr/local/anaconda3/envs/airflow_env/lib/python3.8/site-packages/airflow/example_dags/example_dataset_alias_with_no_taskflow.py for tasks to queue
[2025-03-07T15:06:56.156+0100] {logging_mixin.py:190} INFO - [2025-03-07T15:06:56.156+0100] {dagbag.py:588} INFO - Filling up the DagBag from /usr/local/anaconda3/envs/airflow_env/lib/python3.8/site-packages/airflow/example_dags/example_dataset_alias_with_no_taskflow.py
[2025-03-07T15:06:56.270+0100] {processor.py:925} INFO - DAG(s) 'dataset_alias_example_alias_producer_with_no_taskflow', 'dataset_s3_bucket_consumer_with_no_taskflow', 'dataset_s3_bucket_producer_with_no_taskflow', 'dataset_alias_example_alias_consumer_with_no_taskflow' retrieved from /usr/local/anaconda3/envs/airflow_env/lib/python3.8/site-packages/airflow/example_dags/example_dataset_alias_with_no_taskflow.py
[2025-03-07T15:06:56.286+0100] {logging_mixin.py:190} INFO - [2025-03-07T15:06:56.285+0100] {dag.py:3239} INFO - Sync 4 DAGs
[2025-03-07T15:06:56.298+0100] {logging_mixin.py:190} INFO - [2025-03-07T15:06:56.298+0100] {dag.py:4180} INFO - Setting next_dagrun for dataset_alias_example_alias_consumer_with_no_taskflow to None, run_after=None
[2025-03-07T15:06:56.299+0100] {logging_mixin.py:190} INFO - [2025-03-07T15:06:56.299+0100] {dag.py:4180} INFO - Setting next_dagrun for dataset_alias_example_alias_producer_with_no_taskflow to None, run_after=None
[2025-03-07T15:06:56.300+0100] {logging_mixin.py:190} INFO - [2025-03-07T15:06:56.300+0100] {dag.py:4180} INFO - Setting next_dagrun for dataset_s3_bucket_consumer_with_no_taskflow to None, run_after=None
[2025-03-07T15:06:56.301+0100] {logging_mixin.py:190} INFO - [2025-03-07T15:06:56.300+0100] {dag.py:4180} INFO - Setting next_dagrun for dataset_s3_bucket_producer_with_no_taskflow to None, run_after=None
[2025-03-07T15:06:56.314+0100] {processor.py:208} INFO - Processing /usr/local/anaconda3/envs/airflow_env/lib/python3.8/site-packages/airflow/example_dags/example_dataset_alias_with_no_taskflow.py took 0.165 seconds
[2025-03-07T15:11:48.133+0100] {processor.py:186} INFO - Started process (PID=8026) to work on /usr/local/anaconda3/envs/airflow_env/lib/python3.8/site-packages/airflow/example_dags/example_dataset_alias_with_no_taskflow.py
[2025-03-07T15:11:48.136+0100] {processor.py:914} INFO - Processing file /usr/local/anaconda3/envs/airflow_env/lib/python3.8/site-packages/airflow/example_dags/example_dataset_alias_with_no_taskflow.py for tasks to queue
[2025-03-07T15:11:48.137+0100] {logging_mixin.py:190} INFO - [2025-03-07T15:11:48.137+0100] {dagbag.py:588} INFO - Filling up the DagBag from /usr/local/anaconda3/envs/airflow_env/lib/python3.8/site-packages/airflow/example_dags/example_dataset_alias_with_no_taskflow.py
[2025-03-07T15:11:48.259+0100] {processor.py:925} INFO - DAG(s) 'dataset_s3_bucket_consumer_with_no_taskflow', 'dataset_alias_example_alias_consumer_with_no_taskflow', 'dataset_alias_example_alias_producer_with_no_taskflow', 'dataset_s3_bucket_producer_with_no_taskflow' retrieved from /usr/local/anaconda3/envs/airflow_env/lib/python3.8/site-packages/airflow/example_dags/example_dataset_alias_with_no_taskflow.py
[2025-03-07T15:11:48.278+0100] {logging_mixin.py:190} INFO - [2025-03-07T15:11:48.278+0100] {dag.py:3239} INFO - Sync 4 DAGs
[2025-03-07T15:11:48.292+0100] {logging_mixin.py:190} INFO - [2025-03-07T15:11:48.292+0100] {dag.py:4180} INFO - Setting next_dagrun for dataset_alias_example_alias_consumer_with_no_taskflow to None, run_after=None
[2025-03-07T15:11:48.294+0100] {logging_mixin.py:190} INFO - [2025-03-07T15:11:48.294+0100] {dag.py:4180} INFO - Setting next_dagrun for dataset_alias_example_alias_producer_with_no_taskflow to None, run_after=None
[2025-03-07T15:11:48.294+0100] {logging_mixin.py:190} INFO - [2025-03-07T15:11:48.294+0100] {dag.py:4180} INFO - Setting next_dagrun for dataset_s3_bucket_consumer_with_no_taskflow to None, run_after=None
[2025-03-07T15:11:48.295+0100] {logging_mixin.py:190} INFO - [2025-03-07T15:11:48.295+0100] {dag.py:4180} INFO - Setting next_dagrun for dataset_s3_bucket_producer_with_no_taskflow to None, run_after=None
[2025-03-07T15:11:48.311+0100] {processor.py:208} INFO - Processing /usr/local/anaconda3/envs/airflow_env/lib/python3.8/site-packages/airflow/example_dags/example_dataset_alias_with_no_taskflow.py took 0.181 seconds
[2025-03-07T15:14:33.571+0100] {processor.py:186} INFO - Started process (PID=8396) to work on /usr/local/anaconda3/envs/airflow_env/lib/python3.8/site-packages/airflow/example_dags/example_dataset_alias_with_no_taskflow.py
[2025-03-07T15:14:33.575+0100] {processor.py:914} INFO - Processing file /usr/local/anaconda3/envs/airflow_env/lib/python3.8/site-packages/airflow/example_dags/example_dataset_alias_with_no_taskflow.py for tasks to queue
[2025-03-07T15:14:33.575+0100] {logging_mixin.py:190} INFO - [2025-03-07T15:14:33.575+0100] {dagbag.py:588} INFO - Filling up the DagBag from /usr/local/anaconda3/envs/airflow_env/lib/python3.8/site-packages/airflow/example_dags/example_dataset_alias_with_no_taskflow.py
[2025-03-07T15:14:33.694+0100] {processor.py:925} INFO - DAG(s) 'dataset_alias_example_alias_consumer_with_no_taskflow', 'dataset_s3_bucket_producer_with_no_taskflow', 'dataset_alias_example_alias_producer_with_no_taskflow', 'dataset_s3_bucket_consumer_with_no_taskflow' retrieved from /usr/local/anaconda3/envs/airflow_env/lib/python3.8/site-packages/airflow/example_dags/example_dataset_alias_with_no_taskflow.py
[2025-03-07T15:14:33.710+0100] {logging_mixin.py:190} INFO - [2025-03-07T15:14:33.710+0100] {dag.py:3239} INFO - Sync 4 DAGs
[2025-03-07T15:14:33.723+0100] {logging_mixin.py:190} INFO - [2025-03-07T15:14:33.723+0100] {dag.py:4180} INFO - Setting next_dagrun for dataset_alias_example_alias_consumer_with_no_taskflow to None, run_after=None
[2025-03-07T15:14:33.724+0100] {logging_mixin.py:190} INFO - [2025-03-07T15:14:33.724+0100] {dag.py:4180} INFO - Setting next_dagrun for dataset_alias_example_alias_producer_with_no_taskflow to None, run_after=None
[2025-03-07T15:14:33.725+0100] {logging_mixin.py:190} INFO - [2025-03-07T15:14:33.725+0100] {dag.py:4180} INFO - Setting next_dagrun for dataset_s3_bucket_consumer_with_no_taskflow to None, run_after=None
[2025-03-07T15:14:33.725+0100] {logging_mixin.py:190} INFO - [2025-03-07T15:14:33.725+0100] {dag.py:4180} INFO - Setting next_dagrun for dataset_s3_bucket_producer_with_no_taskflow to None, run_after=None
[2025-03-07T15:14:33.739+0100] {processor.py:208} INFO - Processing /usr/local/anaconda3/envs/airflow_env/lib/python3.8/site-packages/airflow/example_dags/example_dataset_alias_with_no_taskflow.py took 0.171 seconds
