[2025-03-07T14:12:40.670+0100] {processor.py:186} INFO - Started process (PID=2850) to work on /usr/local/anaconda3/envs/airflow_env/lib/python3.8/site-packages/airflow/example_dags/example_dataset_alias.py
[2025-03-07T14:12:40.673+0100] {processor.py:914} INFO - Processing file /usr/local/anaconda3/envs/airflow_env/lib/python3.8/site-packages/airflow/example_dags/example_dataset_alias.py for tasks to queue
[2025-03-07T14:12:40.674+0100] {logging_mixin.py:190} INFO - [2025-03-07T14:12:40.674+0100] {dagbag.py:588} INFO - Filling up the DagBag from /usr/local/anaconda3/envs/airflow_env/lib/python3.8/site-packages/airflow/example_dags/example_dataset_alias.py
[2025-03-07T14:12:40.799+0100] {processor.py:925} INFO - DAG(s) 'dataset_alias_example_alias_producer', 'dataset_s3_bucket_producer', 'dataset_alias_example_alias_consumer', 'dataset_s3_bucket_consumer' retrieved from /usr/local/anaconda3/envs/airflow_env/lib/python3.8/site-packages/airflow/example_dags/example_dataset_alias.py
[2025-03-07T14:12:40.867+0100] {logging_mixin.py:190} INFO - [2025-03-07T14:12:40.867+0100] {override.py:1901} INFO - Created Permission View: can delete on DAG:dataset_alias_example_alias_producer
[2025-03-07T14:12:40.874+0100] {logging_mixin.py:190} INFO - [2025-03-07T14:12:40.873+0100] {override.py:1901} INFO - Created Permission View: can edit on DAG:dataset_alias_example_alias_producer
[2025-03-07T14:12:40.878+0100] {logging_mixin.py:190} INFO - [2025-03-07T14:12:40.878+0100] {override.py:1901} INFO - Created Permission View: can read on DAG:dataset_alias_example_alias_producer
[2025-03-07T14:12:40.883+0100] {logging_mixin.py:190} INFO - [2025-03-07T14:12:40.883+0100] {override.py:1901} INFO - Created Permission View: can create on DAG Run:dataset_alias_example_alias_producer
[2025-03-07T14:12:40.888+0100] {logging_mixin.py:190} INFO - [2025-03-07T14:12:40.887+0100] {override.py:1901} INFO - Created Permission View: menu access on DAG Run:dataset_alias_example_alias_producer
[2025-03-07T14:12:40.892+0100] {logging_mixin.py:190} INFO - [2025-03-07T14:12:40.892+0100] {override.py:1901} INFO - Created Permission View: can delete on DAG Run:dataset_alias_example_alias_producer
[2025-03-07T14:12:40.896+0100] {logging_mixin.py:190} INFO - [2025-03-07T14:12:40.896+0100] {override.py:1901} INFO - Created Permission View: can read on DAG Run:dataset_alias_example_alias_producer
[2025-03-07T14:12:40.905+0100] {logging_mixin.py:190} INFO - [2025-03-07T14:12:40.905+0100] {override.py:1901} INFO - Created Permission View: can delete on DAG:dataset_s3_bucket_producer
[2025-03-07T14:12:40.909+0100] {logging_mixin.py:190} INFO - [2025-03-07T14:12:40.909+0100] {override.py:1901} INFO - Created Permission View: can edit on DAG:dataset_s3_bucket_producer
[2025-03-07T14:12:40.913+0100] {logging_mixin.py:190} INFO - [2025-03-07T14:12:40.913+0100] {override.py:1901} INFO - Created Permission View: can read on DAG:dataset_s3_bucket_producer
[2025-03-07T14:12:40.919+0100] {logging_mixin.py:190} INFO - [2025-03-07T14:12:40.918+0100] {override.py:1901} INFO - Created Permission View: can create on DAG Run:dataset_s3_bucket_producer
[2025-03-07T14:12:40.923+0100] {logging_mixin.py:190} INFO - [2025-03-07T14:12:40.922+0100] {override.py:1901} INFO - Created Permission View: menu access on DAG Run:dataset_s3_bucket_producer
[2025-03-07T14:12:40.927+0100] {logging_mixin.py:190} INFO - [2025-03-07T14:12:40.927+0100] {override.py:1901} INFO - Created Permission View: can delete on DAG Run:dataset_s3_bucket_producer
[2025-03-07T14:12:40.931+0100] {logging_mixin.py:190} INFO - [2025-03-07T14:12:40.931+0100] {override.py:1901} INFO - Created Permission View: can read on DAG Run:dataset_s3_bucket_producer
[2025-03-07T14:12:40.939+0100] {logging_mixin.py:190} INFO - [2025-03-07T14:12:40.939+0100] {override.py:1901} INFO - Created Permission View: can delete on DAG:dataset_alias_example_alias_consumer
[2025-03-07T14:12:40.943+0100] {logging_mixin.py:190} INFO - [2025-03-07T14:12:40.943+0100] {override.py:1901} INFO - Created Permission View: can edit on DAG:dataset_alias_example_alias_consumer
[2025-03-07T14:12:40.947+0100] {logging_mixin.py:190} INFO - [2025-03-07T14:12:40.947+0100] {override.py:1901} INFO - Created Permission View: can read on DAG:dataset_alias_example_alias_consumer
[2025-03-07T14:12:40.953+0100] {logging_mixin.py:190} INFO - [2025-03-07T14:12:40.953+0100] {override.py:1901} INFO - Created Permission View: can create on DAG Run:dataset_alias_example_alias_consumer
[2025-03-07T14:12:40.957+0100] {logging_mixin.py:190} INFO - [2025-03-07T14:12:40.956+0100] {override.py:1901} INFO - Created Permission View: menu access on DAG Run:dataset_alias_example_alias_consumer
[2025-03-07T14:12:40.961+0100] {logging_mixin.py:190} INFO - [2025-03-07T14:12:40.961+0100] {override.py:1901} INFO - Created Permission View: can delete on DAG Run:dataset_alias_example_alias_consumer
[2025-03-07T14:12:40.965+0100] {logging_mixin.py:190} INFO - [2025-03-07T14:12:40.964+0100] {override.py:1901} INFO - Created Permission View: can read on DAG Run:dataset_alias_example_alias_consumer
[2025-03-07T14:12:40.973+0100] {logging_mixin.py:190} INFO - [2025-03-07T14:12:40.973+0100] {override.py:1901} INFO - Created Permission View: can delete on DAG:dataset_s3_bucket_consumer
[2025-03-07T14:12:40.977+0100] {logging_mixin.py:190} INFO - [2025-03-07T14:12:40.977+0100] {override.py:1901} INFO - Created Permission View: can edit on DAG:dataset_s3_bucket_consumer
[2025-03-07T14:12:40.981+0100] {logging_mixin.py:190} INFO - [2025-03-07T14:12:40.981+0100] {override.py:1901} INFO - Created Permission View: can read on DAG:dataset_s3_bucket_consumer
[2025-03-07T14:12:40.986+0100] {logging_mixin.py:190} INFO - [2025-03-07T14:12:40.986+0100] {override.py:1901} INFO - Created Permission View: can create on DAG Run:dataset_s3_bucket_consumer
[2025-03-07T14:12:40.990+0100] {logging_mixin.py:190} INFO - [2025-03-07T14:12:40.990+0100] {override.py:1901} INFO - Created Permission View: menu access on DAG Run:dataset_s3_bucket_consumer
[2025-03-07T14:12:40.994+0100] {logging_mixin.py:190} INFO - [2025-03-07T14:12:40.994+0100] {override.py:1901} INFO - Created Permission View: can delete on DAG Run:dataset_s3_bucket_consumer
[2025-03-07T14:12:40.998+0100] {logging_mixin.py:190} INFO - [2025-03-07T14:12:40.998+0100] {override.py:1901} INFO - Created Permission View: can read on DAG Run:dataset_s3_bucket_consumer
[2025-03-07T14:12:40.999+0100] {logging_mixin.py:190} INFO - [2025-03-07T14:12:40.999+0100] {dag.py:3239} INFO - Sync 4 DAGs
[2025-03-07T14:12:41.007+0100] {logging_mixin.py:190} INFO - [2025-03-07T14:12:41.007+0100] {dag.py:3262} INFO - Creating ORM DAG for dataset_alias_example_alias_producer
[2025-03-07T14:12:41.007+0100] {logging_mixin.py:190} INFO - [2025-03-07T14:12:41.007+0100] {dag.py:3262} INFO - Creating ORM DAG for dataset_alias_example_alias_consumer
[2025-03-07T14:12:41.008+0100] {logging_mixin.py:190} INFO - [2025-03-07T14:12:41.008+0100] {dag.py:3262} INFO - Creating ORM DAG for dataset_s3_bucket_producer
[2025-03-07T14:12:41.008+0100] {logging_mixin.py:190} INFO - [2025-03-07T14:12:41.008+0100] {dag.py:3262} INFO - Creating ORM DAG for dataset_s3_bucket_consumer
[2025-03-07T14:12:41.013+0100] {logging_mixin.py:190} INFO - [2025-03-07T14:12:41.013+0100] {dag.py:4180} INFO - Setting next_dagrun for dataset_alias_example_alias_consumer to None, run_after=None
[2025-03-07T14:12:41.013+0100] {logging_mixin.py:190} INFO - [2025-03-07T14:12:41.013+0100] {dag.py:4180} INFO - Setting next_dagrun for dataset_alias_example_alias_producer to None, run_after=None
[2025-03-07T14:12:41.014+0100] {logging_mixin.py:190} INFO - [2025-03-07T14:12:41.014+0100] {dag.py:4180} INFO - Setting next_dagrun for dataset_s3_bucket_consumer to None, run_after=None
[2025-03-07T14:12:41.014+0100] {logging_mixin.py:190} INFO - [2025-03-07T14:12:41.014+0100] {dag.py:4180} INFO - Setting next_dagrun for dataset_s3_bucket_producer to None, run_after=None
[2025-03-07T14:12:41.563+0100] {processor.py:208} INFO - Processing /usr/local/anaconda3/envs/airflow_env/lib/python3.8/site-packages/airflow/example_dags/example_dataset_alias.py took 0.895 seconds
[2025-03-07T14:16:02.330+0100] {processor.py:186} INFO - Started process (PID=3182) to work on /usr/local/anaconda3/envs/airflow_env/lib/python3.8/site-packages/airflow/example_dags/example_dataset_alias.py
[2025-03-07T14:16:02.333+0100] {processor.py:914} INFO - Processing file /usr/local/anaconda3/envs/airflow_env/lib/python3.8/site-packages/airflow/example_dags/example_dataset_alias.py for tasks to queue
[2025-03-07T14:16:02.334+0100] {logging_mixin.py:190} INFO - [2025-03-07T14:16:02.334+0100] {dagbag.py:588} INFO - Filling up the DagBag from /usr/local/anaconda3/envs/airflow_env/lib/python3.8/site-packages/airflow/example_dags/example_dataset_alias.py
[2025-03-07T14:16:02.453+0100] {processor.py:925} INFO - DAG(s) 'dataset_alias_example_alias_consumer', 'dataset_s3_bucket_producer', 'dataset_s3_bucket_consumer', 'dataset_alias_example_alias_producer' retrieved from /usr/local/anaconda3/envs/airflow_env/lib/python3.8/site-packages/airflow/example_dags/example_dataset_alias.py
[2025-03-07T14:16:02.468+0100] {logging_mixin.py:190} INFO - [2025-03-07T14:16:02.468+0100] {dag.py:3239} INFO - Sync 4 DAGs
[2025-03-07T14:16:02.480+0100] {logging_mixin.py:190} INFO - [2025-03-07T14:16:02.480+0100] {dag.py:4180} INFO - Setting next_dagrun for dataset_alias_example_alias_consumer to None, run_after=None
[2025-03-07T14:16:02.482+0100] {logging_mixin.py:190} INFO - [2025-03-07T14:16:02.481+0100] {dag.py:4180} INFO - Setting next_dagrun for dataset_alias_example_alias_producer to None, run_after=None
[2025-03-07T14:16:02.482+0100] {logging_mixin.py:190} INFO - [2025-03-07T14:16:02.482+0100] {dag.py:4180} INFO - Setting next_dagrun for dataset_s3_bucket_consumer to None, run_after=None
[2025-03-07T14:16:02.483+0100] {logging_mixin.py:190} INFO - [2025-03-07T14:16:02.483+0100] {dag.py:4180} INFO - Setting next_dagrun for dataset_s3_bucket_producer to None, run_after=None
[2025-03-07T14:16:02.496+0100] {processor.py:208} INFO - Processing /usr/local/anaconda3/envs/airflow_env/lib/python3.8/site-packages/airflow/example_dags/example_dataset_alias.py took 0.169 seconds
[2025-03-07T14:20:31.658+0100] {processor.py:186} INFO - Started process (PID=3734) to work on /usr/local/anaconda3/envs/airflow_env/lib/python3.8/site-packages/airflow/example_dags/example_dataset_alias.py
[2025-03-07T14:20:31.661+0100] {processor.py:914} INFO - Processing file /usr/local/anaconda3/envs/airflow_env/lib/python3.8/site-packages/airflow/example_dags/example_dataset_alias.py for tasks to queue
[2025-03-07T14:20:31.662+0100] {logging_mixin.py:190} INFO - [2025-03-07T14:20:31.662+0100] {dagbag.py:588} INFO - Filling up the DagBag from /usr/local/anaconda3/envs/airflow_env/lib/python3.8/site-packages/airflow/example_dags/example_dataset_alias.py
[2025-03-07T14:20:31.779+0100] {processor.py:925} INFO - DAG(s) 'dataset_s3_bucket_consumer', 'dataset_s3_bucket_producer', 'dataset_alias_example_alias_consumer', 'dataset_alias_example_alias_producer' retrieved from /usr/local/anaconda3/envs/airflow_env/lib/python3.8/site-packages/airflow/example_dags/example_dataset_alias.py
[2025-03-07T14:20:31.795+0100] {logging_mixin.py:190} INFO - [2025-03-07T14:20:31.795+0100] {dag.py:3239} INFO - Sync 4 DAGs
[2025-03-07T14:20:31.807+0100] {logging_mixin.py:190} INFO - [2025-03-07T14:20:31.807+0100] {dag.py:4180} INFO - Setting next_dagrun for dataset_alias_example_alias_consumer to None, run_after=None
[2025-03-07T14:20:31.809+0100] {logging_mixin.py:190} INFO - [2025-03-07T14:20:31.808+0100] {dag.py:4180} INFO - Setting next_dagrun for dataset_alias_example_alias_producer to None, run_after=None
[2025-03-07T14:20:31.809+0100] {logging_mixin.py:190} INFO - [2025-03-07T14:20:31.809+0100] {dag.py:4180} INFO - Setting next_dagrun for dataset_s3_bucket_consumer to None, run_after=None
[2025-03-07T14:20:31.810+0100] {logging_mixin.py:190} INFO - [2025-03-07T14:20:31.810+0100] {dag.py:4180} INFO - Setting next_dagrun for dataset_s3_bucket_producer to None, run_after=None
[2025-03-07T14:20:31.824+0100] {processor.py:208} INFO - Processing /usr/local/anaconda3/envs/airflow_env/lib/python3.8/site-packages/airflow/example_dags/example_dataset_alias.py took 0.169 seconds
[2025-03-07T14:25:09.359+0100] {processor.py:186} INFO - Started process (PID=4188) to work on /usr/local/anaconda3/envs/airflow_env/lib/python3.8/site-packages/airflow/example_dags/example_dataset_alias.py
[2025-03-07T14:25:09.362+0100] {processor.py:914} INFO - Processing file /usr/local/anaconda3/envs/airflow_env/lib/python3.8/site-packages/airflow/example_dags/example_dataset_alias.py for tasks to queue
[2025-03-07T14:25:09.363+0100] {logging_mixin.py:190} INFO - [2025-03-07T14:25:09.363+0100] {dagbag.py:588} INFO - Filling up the DagBag from /usr/local/anaconda3/envs/airflow_env/lib/python3.8/site-packages/airflow/example_dags/example_dataset_alias.py
[2025-03-07T14:25:09.479+0100] {processor.py:925} INFO - DAG(s) 'dataset_s3_bucket_consumer', 'dataset_s3_bucket_producer', 'dataset_alias_example_alias_consumer', 'dataset_alias_example_alias_producer' retrieved from /usr/local/anaconda3/envs/airflow_env/lib/python3.8/site-packages/airflow/example_dags/example_dataset_alias.py
[2025-03-07T14:25:09.495+0100] {logging_mixin.py:190} INFO - [2025-03-07T14:25:09.494+0100] {dag.py:3239} INFO - Sync 4 DAGs
[2025-03-07T14:25:09.507+0100] {logging_mixin.py:190} INFO - [2025-03-07T14:25:09.507+0100] {dag.py:4180} INFO - Setting next_dagrun for dataset_alias_example_alias_consumer to None, run_after=None
[2025-03-07T14:25:09.508+0100] {logging_mixin.py:190} INFO - [2025-03-07T14:25:09.508+0100] {dag.py:4180} INFO - Setting next_dagrun for dataset_alias_example_alias_producer to None, run_after=None
[2025-03-07T14:25:09.509+0100] {logging_mixin.py:190} INFO - [2025-03-07T14:25:09.509+0100] {dag.py:4180} INFO - Setting next_dagrun for dataset_s3_bucket_consumer to None, run_after=None
[2025-03-07T14:25:09.509+0100] {logging_mixin.py:190} INFO - [2025-03-07T14:25:09.509+0100] {dag.py:4180} INFO - Setting next_dagrun for dataset_s3_bucket_producer to None, run_after=None
[2025-03-07T14:25:09.522+0100] {processor.py:208} INFO - Processing /usr/local/anaconda3/envs/airflow_env/lib/python3.8/site-packages/airflow/example_dags/example_dataset_alias.py took 0.166 seconds
[2025-03-07T14:45:32.062+0100] {processor.py:186} INFO - Started process (PID=5028) to work on /usr/local/anaconda3/envs/airflow_env/lib/python3.8/site-packages/airflow/example_dags/example_dataset_alias.py
[2025-03-07T14:45:32.065+0100] {processor.py:914} INFO - Processing file /usr/local/anaconda3/envs/airflow_env/lib/python3.8/site-packages/airflow/example_dags/example_dataset_alias.py for tasks to queue
[2025-03-07T14:45:32.066+0100] {logging_mixin.py:190} INFO - [2025-03-07T14:45:32.066+0100] {dagbag.py:588} INFO - Filling up the DagBag from /usr/local/anaconda3/envs/airflow_env/lib/python3.8/site-packages/airflow/example_dags/example_dataset_alias.py
[2025-03-07T14:45:32.187+0100] {processor.py:925} INFO - DAG(s) 'dataset_s3_bucket_consumer', 'dataset_alias_example_alias_producer', 'dataset_alias_example_alias_consumer', 'dataset_s3_bucket_producer' retrieved from /usr/local/anaconda3/envs/airflow_env/lib/python3.8/site-packages/airflow/example_dags/example_dataset_alias.py
[2025-03-07T14:45:32.205+0100] {logging_mixin.py:190} INFO - [2025-03-07T14:45:32.205+0100] {dag.py:3239} INFO - Sync 4 DAGs
[2025-03-07T14:45:32.218+0100] {logging_mixin.py:190} INFO - [2025-03-07T14:45:32.218+0100] {dag.py:4180} INFO - Setting next_dagrun for dataset_alias_example_alias_consumer to None, run_after=None
[2025-03-07T14:45:32.220+0100] {logging_mixin.py:190} INFO - [2025-03-07T14:45:32.220+0100] {dag.py:4180} INFO - Setting next_dagrun for dataset_alias_example_alias_producer to None, run_after=None
[2025-03-07T14:45:32.220+0100] {logging_mixin.py:190} INFO - [2025-03-07T14:45:32.220+0100] {dag.py:4180} INFO - Setting next_dagrun for dataset_s3_bucket_consumer to None, run_after=None
[2025-03-07T14:45:32.221+0100] {logging_mixin.py:190} INFO - [2025-03-07T14:45:32.221+0100] {dag.py:4180} INFO - Setting next_dagrun for dataset_s3_bucket_producer to None, run_after=None
[2025-03-07T14:45:32.236+0100] {processor.py:208} INFO - Processing /usr/local/anaconda3/envs/airflow_env/lib/python3.8/site-packages/airflow/example_dags/example_dataset_alias.py took 0.176 seconds
[2025-03-07T14:51:27.982+0100] {processor.py:186} INFO - Started process (PID=5742) to work on /usr/local/anaconda3/envs/airflow_env/lib/python3.8/site-packages/airflow/example_dags/example_dataset_alias.py
[2025-03-07T14:51:27.985+0100] {processor.py:914} INFO - Processing file /usr/local/anaconda3/envs/airflow_env/lib/python3.8/site-packages/airflow/example_dags/example_dataset_alias.py for tasks to queue
[2025-03-07T14:51:27.986+0100] {logging_mixin.py:190} INFO - [2025-03-07T14:51:27.986+0100] {dagbag.py:588} INFO - Filling up the DagBag from /usr/local/anaconda3/envs/airflow_env/lib/python3.8/site-packages/airflow/example_dags/example_dataset_alias.py
[2025-03-07T14:51:28.113+0100] {processor.py:925} INFO - DAG(s) 'dataset_alias_example_alias_producer', 'dataset_s3_bucket_consumer', 'dataset_s3_bucket_producer', 'dataset_alias_example_alias_consumer' retrieved from /usr/local/anaconda3/envs/airflow_env/lib/python3.8/site-packages/airflow/example_dags/example_dataset_alias.py
[2025-03-07T14:51:28.130+0100] {logging_mixin.py:190} INFO - [2025-03-07T14:51:28.130+0100] {dag.py:3239} INFO - Sync 4 DAGs
[2025-03-07T14:51:28.143+0100] {logging_mixin.py:190} INFO - [2025-03-07T14:51:28.142+0100] {dag.py:4180} INFO - Setting next_dagrun for dataset_alias_example_alias_consumer to None, run_after=None
[2025-03-07T14:51:28.144+0100] {logging_mixin.py:190} INFO - [2025-03-07T14:51:28.144+0100] {dag.py:4180} INFO - Setting next_dagrun for dataset_alias_example_alias_producer to None, run_after=None
[2025-03-07T14:51:28.145+0100] {logging_mixin.py:190} INFO - [2025-03-07T14:51:28.145+0100] {dag.py:4180} INFO - Setting next_dagrun for dataset_s3_bucket_consumer to None, run_after=None
[2025-03-07T14:51:28.146+0100] {logging_mixin.py:190} INFO - [2025-03-07T14:51:28.145+0100] {dag.py:4180} INFO - Setting next_dagrun for dataset_s3_bucket_producer to None, run_after=None
[2025-03-07T14:51:28.159+0100] {processor.py:208} INFO - Processing /usr/local/anaconda3/envs/airflow_env/lib/python3.8/site-packages/airflow/example_dags/example_dataset_alias.py took 0.180 seconds
[2025-03-07T14:54:55.871+0100] {processor.py:186} INFO - Started process (PID=6167) to work on /usr/local/anaconda3/envs/airflow_env/lib/python3.8/site-packages/airflow/example_dags/example_dataset_alias.py
[2025-03-07T14:54:55.874+0100] {processor.py:914} INFO - Processing file /usr/local/anaconda3/envs/airflow_env/lib/python3.8/site-packages/airflow/example_dags/example_dataset_alias.py for tasks to queue
[2025-03-07T14:54:55.875+0100] {logging_mixin.py:190} INFO - [2025-03-07T14:54:55.875+0100] {dagbag.py:588} INFO - Filling up the DagBag from /usr/local/anaconda3/envs/airflow_env/lib/python3.8/site-packages/airflow/example_dags/example_dataset_alias.py
[2025-03-07T14:54:55.995+0100] {processor.py:925} INFO - DAG(s) 'dataset_alias_example_alias_producer', 'dataset_alias_example_alias_consumer', 'dataset_s3_bucket_producer', 'dataset_s3_bucket_consumer' retrieved from /usr/local/anaconda3/envs/airflow_env/lib/python3.8/site-packages/airflow/example_dags/example_dataset_alias.py
[2025-03-07T14:54:56.011+0100] {logging_mixin.py:190} INFO - [2025-03-07T14:54:56.011+0100] {dag.py:3239} INFO - Sync 4 DAGs
[2025-03-07T14:54:56.023+0100] {logging_mixin.py:190} INFO - [2025-03-07T14:54:56.023+0100] {dag.py:4180} INFO - Setting next_dagrun for dataset_alias_example_alias_consumer to None, run_after=None
[2025-03-07T14:54:56.024+0100] {logging_mixin.py:190} INFO - [2025-03-07T14:54:56.024+0100] {dag.py:4180} INFO - Setting next_dagrun for dataset_alias_example_alias_producer to None, run_after=None
[2025-03-07T14:54:56.025+0100] {logging_mixin.py:190} INFO - [2025-03-07T14:54:56.025+0100] {dag.py:4180} INFO - Setting next_dagrun for dataset_s3_bucket_consumer to None, run_after=None
[2025-03-07T14:54:56.026+0100] {logging_mixin.py:190} INFO - [2025-03-07T14:54:56.026+0100] {dag.py:4180} INFO - Setting next_dagrun for dataset_s3_bucket_producer to None, run_after=None
[2025-03-07T14:54:56.039+0100] {processor.py:208} INFO - Processing /usr/local/anaconda3/envs/airflow_env/lib/python3.8/site-packages/airflow/example_dags/example_dataset_alias.py took 0.171 seconds
[2025-03-07T14:59:19.510+0100] {processor.py:186} INFO - Started process (PID=6720) to work on /usr/local/anaconda3/envs/airflow_env/lib/python3.8/site-packages/airflow/example_dags/example_dataset_alias.py
[2025-03-07T14:59:19.513+0100] {processor.py:914} INFO - Processing file /usr/local/anaconda3/envs/airflow_env/lib/python3.8/site-packages/airflow/example_dags/example_dataset_alias.py for tasks to queue
[2025-03-07T14:59:19.514+0100] {logging_mixin.py:190} INFO - [2025-03-07T14:59:19.514+0100] {dagbag.py:588} INFO - Filling up the DagBag from /usr/local/anaconda3/envs/airflow_env/lib/python3.8/site-packages/airflow/example_dags/example_dataset_alias.py
[2025-03-07T14:59:19.634+0100] {processor.py:925} INFO - DAG(s) 'dataset_alias_example_alias_producer', 'dataset_alias_example_alias_consumer', 'dataset_s3_bucket_consumer', 'dataset_s3_bucket_producer' retrieved from /usr/local/anaconda3/envs/airflow_env/lib/python3.8/site-packages/airflow/example_dags/example_dataset_alias.py
[2025-03-07T14:59:19.650+0100] {logging_mixin.py:190} INFO - [2025-03-07T14:59:19.650+0100] {dag.py:3239} INFO - Sync 4 DAGs
[2025-03-07T14:59:19.661+0100] {logging_mixin.py:190} INFO - [2025-03-07T14:59:19.661+0100] {dag.py:4180} INFO - Setting next_dagrun for dataset_alias_example_alias_consumer to None, run_after=None
[2025-03-07T14:59:19.662+0100] {logging_mixin.py:190} INFO - [2025-03-07T14:59:19.662+0100] {dag.py:4180} INFO - Setting next_dagrun for dataset_alias_example_alias_producer to None, run_after=None
[2025-03-07T14:59:19.663+0100] {logging_mixin.py:190} INFO - [2025-03-07T14:59:19.663+0100] {dag.py:4180} INFO - Setting next_dagrun for dataset_s3_bucket_consumer to None, run_after=None
[2025-03-07T14:59:19.664+0100] {logging_mixin.py:190} INFO - [2025-03-07T14:59:19.664+0100] {dag.py:4180} INFO - Setting next_dagrun for dataset_s3_bucket_producer to None, run_after=None
[2025-03-07T14:59:19.677+0100] {processor.py:208} INFO - Processing /usr/local/anaconda3/envs/airflow_env/lib/python3.8/site-packages/airflow/example_dags/example_dataset_alias.py took 0.170 seconds
[2025-03-07T15:04:04.608+0100] {processor.py:186} INFO - Started process (PID=7210) to work on /usr/local/anaconda3/envs/airflow_env/lib/python3.8/site-packages/airflow/example_dags/example_dataset_alias.py
[2025-03-07T15:04:04.611+0100] {processor.py:914} INFO - Processing file /usr/local/anaconda3/envs/airflow_env/lib/python3.8/site-packages/airflow/example_dags/example_dataset_alias.py for tasks to queue
[2025-03-07T15:04:04.612+0100] {logging_mixin.py:190} INFO - [2025-03-07T15:04:04.612+0100] {dagbag.py:588} INFO - Filling up the DagBag from /usr/local/anaconda3/envs/airflow_env/lib/python3.8/site-packages/airflow/example_dags/example_dataset_alias.py
[2025-03-07T15:04:04.732+0100] {processor.py:925} INFO - DAG(s) 'dataset_alias_example_alias_consumer', 'dataset_s3_bucket_producer', 'dataset_alias_example_alias_producer', 'dataset_s3_bucket_consumer' retrieved from /usr/local/anaconda3/envs/airflow_env/lib/python3.8/site-packages/airflow/example_dags/example_dataset_alias.py
[2025-03-07T15:04:04.748+0100] {logging_mixin.py:190} INFO - [2025-03-07T15:04:04.748+0100] {dag.py:3239} INFO - Sync 4 DAGs
[2025-03-07T15:04:04.760+0100] {logging_mixin.py:190} INFO - [2025-03-07T15:04:04.759+0100] {dag.py:4180} INFO - Setting next_dagrun for dataset_alias_example_alias_consumer to None, run_after=None
[2025-03-07T15:04:04.761+0100] {logging_mixin.py:190} INFO - [2025-03-07T15:04:04.761+0100] {dag.py:4180} INFO - Setting next_dagrun for dataset_alias_example_alias_producer to None, run_after=None
[2025-03-07T15:04:04.762+0100] {logging_mixin.py:190} INFO - [2025-03-07T15:04:04.762+0100] {dag.py:4180} INFO - Setting next_dagrun for dataset_s3_bucket_consumer to None, run_after=None
[2025-03-07T15:04:04.762+0100] {logging_mixin.py:190} INFO - [2025-03-07T15:04:04.762+0100] {dag.py:4180} INFO - Setting next_dagrun for dataset_s3_bucket_producer to None, run_after=None
[2025-03-07T15:04:04.776+0100] {processor.py:208} INFO - Processing /usr/local/anaconda3/envs/airflow_env/lib/python3.8/site-packages/airflow/example_dags/example_dataset_alias.py took 0.171 seconds
[2025-03-07T15:08:50.457+0100] {processor.py:186} INFO - Started process (PID=7719) to work on /usr/local/anaconda3/envs/airflow_env/lib/python3.8/site-packages/airflow/example_dags/example_dataset_alias.py
[2025-03-07T15:08:50.460+0100] {processor.py:914} INFO - Processing file /usr/local/anaconda3/envs/airflow_env/lib/python3.8/site-packages/airflow/example_dags/example_dataset_alias.py for tasks to queue
[2025-03-07T15:08:50.461+0100] {logging_mixin.py:190} INFO - [2025-03-07T15:08:50.461+0100] {dagbag.py:588} INFO - Filling up the DagBag from /usr/local/anaconda3/envs/airflow_env/lib/python3.8/site-packages/airflow/example_dags/example_dataset_alias.py
[2025-03-07T15:08:50.579+0100] {processor.py:925} INFO - DAG(s) 'dataset_s3_bucket_producer', 'dataset_s3_bucket_consumer', 'dataset_alias_example_alias_consumer', 'dataset_alias_example_alias_producer' retrieved from /usr/local/anaconda3/envs/airflow_env/lib/python3.8/site-packages/airflow/example_dags/example_dataset_alias.py
[2025-03-07T15:08:50.595+0100] {logging_mixin.py:190} INFO - [2025-03-07T15:08:50.595+0100] {dag.py:3239} INFO - Sync 4 DAGs
[2025-03-07T15:08:50.606+0100] {logging_mixin.py:190} INFO - [2025-03-07T15:08:50.606+0100] {dag.py:4180} INFO - Setting next_dagrun for dataset_alias_example_alias_consumer to None, run_after=None
[2025-03-07T15:08:50.608+0100] {logging_mixin.py:190} INFO - [2025-03-07T15:08:50.608+0100] {dag.py:4180} INFO - Setting next_dagrun for dataset_alias_example_alias_producer to None, run_after=None
[2025-03-07T15:08:50.608+0100] {logging_mixin.py:190} INFO - [2025-03-07T15:08:50.608+0100] {dag.py:4180} INFO - Setting next_dagrun for dataset_s3_bucket_consumer to None, run_after=None
[2025-03-07T15:08:50.609+0100] {logging_mixin.py:190} INFO - [2025-03-07T15:08:50.609+0100] {dag.py:4180} INFO - Setting next_dagrun for dataset_s3_bucket_producer to None, run_after=None
[2025-03-07T15:08:50.622+0100] {processor.py:208} INFO - Processing /usr/local/anaconda3/envs/airflow_env/lib/python3.8/site-packages/airflow/example_dags/example_dataset_alias.py took 0.168 seconds
[2025-03-07T15:14:35.511+0100] {processor.py:186} INFO - Started process (PID=8399) to work on /usr/local/anaconda3/envs/airflow_env/lib/python3.8/site-packages/airflow/example_dags/example_dataset_alias.py
[2025-03-07T15:14:35.514+0100] {processor.py:914} INFO - Processing file /usr/local/anaconda3/envs/airflow_env/lib/python3.8/site-packages/airflow/example_dags/example_dataset_alias.py for tasks to queue
[2025-03-07T15:14:35.515+0100] {logging_mixin.py:190} INFO - [2025-03-07T15:14:35.515+0100] {dagbag.py:588} INFO - Filling up the DagBag from /usr/local/anaconda3/envs/airflow_env/lib/python3.8/site-packages/airflow/example_dags/example_dataset_alias.py
[2025-03-07T15:14:35.637+0100] {processor.py:925} INFO - DAG(s) 'dataset_s3_bucket_consumer', 'dataset_alias_example_alias_producer', 'dataset_alias_example_alias_consumer', 'dataset_s3_bucket_producer' retrieved from /usr/local/anaconda3/envs/airflow_env/lib/python3.8/site-packages/airflow/example_dags/example_dataset_alias.py
[2025-03-07T15:14:35.654+0100] {logging_mixin.py:190} INFO - [2025-03-07T15:14:35.654+0100] {dag.py:3239} INFO - Sync 4 DAGs
[2025-03-07T15:14:35.665+0100] {logging_mixin.py:190} INFO - [2025-03-07T15:14:35.665+0100] {dag.py:4180} INFO - Setting next_dagrun for dataset_alias_example_alias_consumer to None, run_after=None
[2025-03-07T15:14:35.667+0100] {logging_mixin.py:190} INFO - [2025-03-07T15:14:35.667+0100] {dag.py:4180} INFO - Setting next_dagrun for dataset_alias_example_alias_producer to None, run_after=None
[2025-03-07T15:14:35.667+0100] {logging_mixin.py:190} INFO - [2025-03-07T15:14:35.667+0100] {dag.py:4180} INFO - Setting next_dagrun for dataset_s3_bucket_consumer to None, run_after=None
[2025-03-07T15:14:35.668+0100] {logging_mixin.py:190} INFO - [2025-03-07T15:14:35.668+0100] {dag.py:4180} INFO - Setting next_dagrun for dataset_s3_bucket_producer to None, run_after=None
[2025-03-07T15:14:35.682+0100] {processor.py:208} INFO - Processing /usr/local/anaconda3/envs/airflow_env/lib/python3.8/site-packages/airflow/example_dags/example_dataset_alias.py took 0.174 seconds
[2025-03-07T15:19:14.403+0100] {processor.py:186} INFO - Started process (PID=8944) to work on /usr/local/anaconda3/envs/airflow_env/lib/python3.8/site-packages/airflow/example_dags/example_dataset_alias.py
[2025-03-07T15:19:14.406+0100] {processor.py:914} INFO - Processing file /usr/local/anaconda3/envs/airflow_env/lib/python3.8/site-packages/airflow/example_dags/example_dataset_alias.py for tasks to queue
[2025-03-07T15:19:14.407+0100] {logging_mixin.py:190} INFO - [2025-03-07T15:19:14.407+0100] {dagbag.py:588} INFO - Filling up the DagBag from /usr/local/anaconda3/envs/airflow_env/lib/python3.8/site-packages/airflow/example_dags/example_dataset_alias.py
[2025-03-07T15:19:14.536+0100] {processor.py:925} INFO - DAG(s) 'dataset_s3_bucket_producer', 'dataset_alias_example_alias_producer', 'dataset_s3_bucket_consumer', 'dataset_alias_example_alias_consumer' retrieved from /usr/local/anaconda3/envs/airflow_env/lib/python3.8/site-packages/airflow/example_dags/example_dataset_alias.py
[2025-03-07T15:19:14.553+0100] {logging_mixin.py:190} INFO - [2025-03-07T15:19:14.553+0100] {dag.py:3239} INFO - Sync 4 DAGs
[2025-03-07T15:19:14.565+0100] {logging_mixin.py:190} INFO - [2025-03-07T15:19:14.565+0100] {dag.py:4180} INFO - Setting next_dagrun for dataset_alias_example_alias_consumer to None, run_after=None
[2025-03-07T15:19:14.567+0100] {logging_mixin.py:190} INFO - [2025-03-07T15:19:14.567+0100] {dag.py:4180} INFO - Setting next_dagrun for dataset_alias_example_alias_producer to None, run_after=None
[2025-03-07T15:19:14.568+0100] {logging_mixin.py:190} INFO - [2025-03-07T15:19:14.567+0100] {dag.py:4180} INFO - Setting next_dagrun for dataset_s3_bucket_consumer to None, run_after=None
[2025-03-07T15:19:14.568+0100] {logging_mixin.py:190} INFO - [2025-03-07T15:19:14.568+0100] {dag.py:4180} INFO - Setting next_dagrun for dataset_s3_bucket_producer to None, run_after=None
[2025-03-07T15:19:14.582+0100] {processor.py:208} INFO - Processing /usr/local/anaconda3/envs/airflow_env/lib/python3.8/site-packages/airflow/example_dags/example_dataset_alias.py took 0.182 seconds
[2025-03-07T15:23:43.310+0100] {processor.py:186} INFO - Started process (PID=9508) to work on /usr/local/anaconda3/envs/airflow_env/lib/python3.8/site-packages/airflow/example_dags/example_dataset_alias.py
[2025-03-07T15:23:43.313+0100] {processor.py:914} INFO - Processing file /usr/local/anaconda3/envs/airflow_env/lib/python3.8/site-packages/airflow/example_dags/example_dataset_alias.py for tasks to queue
[2025-03-07T15:23:43.314+0100] {logging_mixin.py:190} INFO - [2025-03-07T15:23:43.314+0100] {dagbag.py:588} INFO - Filling up the DagBag from /usr/local/anaconda3/envs/airflow_env/lib/python3.8/site-packages/airflow/example_dags/example_dataset_alias.py
[2025-03-07T15:23:43.436+0100] {processor.py:925} INFO - DAG(s) 'dataset_s3_bucket_consumer', 'dataset_alias_example_alias_consumer', 'dataset_s3_bucket_producer', 'dataset_alias_example_alias_producer' retrieved from /usr/local/anaconda3/envs/airflow_env/lib/python3.8/site-packages/airflow/example_dags/example_dataset_alias.py
[2025-03-07T15:23:43.453+0100] {logging_mixin.py:190} INFO - [2025-03-07T15:23:43.453+0100] {dag.py:3239} INFO - Sync 4 DAGs
[2025-03-07T15:23:43.464+0100] {logging_mixin.py:190} INFO - [2025-03-07T15:23:43.464+0100] {dag.py:4180} INFO - Setting next_dagrun for dataset_alias_example_alias_consumer to None, run_after=None
[2025-03-07T15:23:43.466+0100] {logging_mixin.py:190} INFO - [2025-03-07T15:23:43.466+0100] {dag.py:4180} INFO - Setting next_dagrun for dataset_alias_example_alias_producer to None, run_after=None
[2025-03-07T15:23:43.467+0100] {logging_mixin.py:190} INFO - [2025-03-07T15:23:43.466+0100] {dag.py:4180} INFO - Setting next_dagrun for dataset_s3_bucket_consumer to None, run_after=None
[2025-03-07T15:23:43.467+0100] {logging_mixin.py:190} INFO - [2025-03-07T15:23:43.467+0100] {dag.py:4180} INFO - Setting next_dagrun for dataset_s3_bucket_producer to None, run_after=None
[2025-03-07T15:23:43.481+0100] {processor.py:208} INFO - Processing /usr/local/anaconda3/envs/airflow_env/lib/python3.8/site-packages/airflow/example_dags/example_dataset_alias.py took 0.174 seconds
[2025-03-07T15:31:31.802+0100] {processor.py:186} INFO - Started process (PID=10468) to work on /usr/local/anaconda3/envs/airflow_env/lib/python3.8/site-packages/airflow/example_dags/example_dataset_alias.py
[2025-03-07T15:31:31.805+0100] {processor.py:914} INFO - Processing file /usr/local/anaconda3/envs/airflow_env/lib/python3.8/site-packages/airflow/example_dags/example_dataset_alias.py for tasks to queue
[2025-03-07T15:31:31.806+0100] {logging_mixin.py:190} INFO - [2025-03-07T15:31:31.806+0100] {dagbag.py:588} INFO - Filling up the DagBag from /usr/local/anaconda3/envs/airflow_env/lib/python3.8/site-packages/airflow/example_dags/example_dataset_alias.py
[2025-03-07T15:31:31.930+0100] {processor.py:925} INFO - DAG(s) 'dataset_s3_bucket_consumer', 'dataset_alias_example_alias_consumer', 'dataset_alias_example_alias_producer', 'dataset_s3_bucket_producer' retrieved from /usr/local/anaconda3/envs/airflow_env/lib/python3.8/site-packages/airflow/example_dags/example_dataset_alias.py
[2025-03-07T15:31:31.948+0100] {logging_mixin.py:190} INFO - [2025-03-07T15:31:31.947+0100] {dag.py:3239} INFO - Sync 4 DAGs
[2025-03-07T15:31:31.960+0100] {logging_mixin.py:190} INFO - [2025-03-07T15:31:31.960+0100] {dag.py:4180} INFO - Setting next_dagrun for dataset_alias_example_alias_consumer to None, run_after=None
[2025-03-07T15:31:31.961+0100] {logging_mixin.py:190} INFO - [2025-03-07T15:31:31.961+0100] {dag.py:4180} INFO - Setting next_dagrun for dataset_alias_example_alias_producer to None, run_after=None
[2025-03-07T15:31:31.962+0100] {logging_mixin.py:190} INFO - [2025-03-07T15:31:31.962+0100] {dag.py:4180} INFO - Setting next_dagrun for dataset_s3_bucket_consumer to None, run_after=None
[2025-03-07T15:31:31.963+0100] {logging_mixin.py:190} INFO - [2025-03-07T15:31:31.963+0100] {dag.py:4180} INFO - Setting next_dagrun for dataset_s3_bucket_producer to None, run_after=None
[2025-03-07T15:31:31.977+0100] {processor.py:208} INFO - Processing /usr/local/anaconda3/envs/airflow_env/lib/python3.8/site-packages/airflow/example_dags/example_dataset_alias.py took 0.178 seconds
[2025-03-07T15:36:03.877+0100] {processor.py:186} INFO - Started process (PID=10969) to work on /usr/local/anaconda3/envs/airflow_env/lib/python3.8/site-packages/airflow/example_dags/example_dataset_alias.py
[2025-03-07T15:36:03.880+0100] {processor.py:914} INFO - Processing file /usr/local/anaconda3/envs/airflow_env/lib/python3.8/site-packages/airflow/example_dags/example_dataset_alias.py for tasks to queue
[2025-03-07T15:36:03.881+0100] {logging_mixin.py:190} INFO - [2025-03-07T15:36:03.881+0100] {dagbag.py:588} INFO - Filling up the DagBag from /usr/local/anaconda3/envs/airflow_env/lib/python3.8/site-packages/airflow/example_dags/example_dataset_alias.py
[2025-03-07T15:36:04.001+0100] {processor.py:925} INFO - DAG(s) 'dataset_s3_bucket_consumer', 'dataset_alias_example_alias_consumer', 'dataset_alias_example_alias_producer', 'dataset_s3_bucket_producer' retrieved from /usr/local/anaconda3/envs/airflow_env/lib/python3.8/site-packages/airflow/example_dags/example_dataset_alias.py
[2025-03-07T15:36:04.017+0100] {logging_mixin.py:190} INFO - [2025-03-07T15:36:04.017+0100] {dag.py:3239} INFO - Sync 4 DAGs
[2025-03-07T15:36:04.028+0100] {logging_mixin.py:190} INFO - [2025-03-07T15:36:04.028+0100] {dag.py:4180} INFO - Setting next_dagrun for dataset_alias_example_alias_consumer to None, run_after=None
[2025-03-07T15:36:04.030+0100] {logging_mixin.py:190} INFO - [2025-03-07T15:36:04.030+0100] {dag.py:4180} INFO - Setting next_dagrun for dataset_alias_example_alias_producer to None, run_after=None
[2025-03-07T15:36:04.030+0100] {logging_mixin.py:190} INFO - [2025-03-07T15:36:04.030+0100] {dag.py:4180} INFO - Setting next_dagrun for dataset_s3_bucket_consumer to None, run_after=None
[2025-03-07T15:36:04.031+0100] {logging_mixin.py:190} INFO - [2025-03-07T15:36:04.031+0100] {dag.py:4180} INFO - Setting next_dagrun for dataset_s3_bucket_producer to None, run_after=None
[2025-03-07T15:36:04.044+0100] {processor.py:208} INFO - Processing /usr/local/anaconda3/envs/airflow_env/lib/python3.8/site-packages/airflow/example_dags/example_dataset_alias.py took 0.172 seconds
[2025-03-07T15:40:30.627+0100] {processor.py:186} INFO - Started process (PID=11437) to work on /usr/local/anaconda3/envs/airflow_env/lib/python3.8/site-packages/airflow/example_dags/example_dataset_alias.py
[2025-03-07T15:40:30.630+0100] {processor.py:914} INFO - Processing file /usr/local/anaconda3/envs/airflow_env/lib/python3.8/site-packages/airflow/example_dags/example_dataset_alias.py for tasks to queue
[2025-03-07T15:40:30.631+0100] {logging_mixin.py:190} INFO - [2025-03-07T15:40:30.631+0100] {dagbag.py:588} INFO - Filling up the DagBag from /usr/local/anaconda3/envs/airflow_env/lib/python3.8/site-packages/airflow/example_dags/example_dataset_alias.py
[2025-03-07T15:40:30.754+0100] {processor.py:925} INFO - DAG(s) 'dataset_s3_bucket_producer', 'dataset_s3_bucket_consumer', 'dataset_alias_example_alias_consumer', 'dataset_alias_example_alias_producer' retrieved from /usr/local/anaconda3/envs/airflow_env/lib/python3.8/site-packages/airflow/example_dags/example_dataset_alias.py
[2025-03-07T15:40:30.770+0100] {logging_mixin.py:190} INFO - [2025-03-07T15:40:30.770+0100] {dag.py:3239} INFO - Sync 4 DAGs
[2025-03-07T15:40:30.782+0100] {logging_mixin.py:190} INFO - [2025-03-07T15:40:30.782+0100] {dag.py:4180} INFO - Setting next_dagrun for dataset_alias_example_alias_consumer to None, run_after=None
[2025-03-07T15:40:30.783+0100] {logging_mixin.py:190} INFO - [2025-03-07T15:40:30.783+0100] {dag.py:4180} INFO - Setting next_dagrun for dataset_alias_example_alias_producer to None, run_after=None
[2025-03-07T15:40:30.784+0100] {logging_mixin.py:190} INFO - [2025-03-07T15:40:30.784+0100] {dag.py:4180} INFO - Setting next_dagrun for dataset_s3_bucket_consumer to None, run_after=None
[2025-03-07T15:40:30.785+0100] {logging_mixin.py:190} INFO - [2025-03-07T15:40:30.784+0100] {dag.py:4180} INFO - Setting next_dagrun for dataset_s3_bucket_producer to None, run_after=None
[2025-03-07T15:40:30.797+0100] {processor.py:208} INFO - Processing /usr/local/anaconda3/envs/airflow_env/lib/python3.8/site-packages/airflow/example_dags/example_dataset_alias.py took 0.173 seconds
[2025-03-07T15:44:46.413+0100] {processor.py:186} INFO - Started process (PID=11837) to work on /usr/local/anaconda3/envs/airflow_env/lib/python3.8/site-packages/airflow/example_dags/example_dataset_alias.py
[2025-03-07T15:44:46.418+0100] {processor.py:914} INFO - Processing file /usr/local/anaconda3/envs/airflow_env/lib/python3.8/site-packages/airflow/example_dags/example_dataset_alias.py for tasks to queue
[2025-03-07T15:44:46.419+0100] {logging_mixin.py:190} INFO - [2025-03-07T15:44:46.419+0100] {dagbag.py:588} INFO - Filling up the DagBag from /usr/local/anaconda3/envs/airflow_env/lib/python3.8/site-packages/airflow/example_dags/example_dataset_alias.py
[2025-03-07T15:44:46.550+0100] {processor.py:925} INFO - DAG(s) 'dataset_alias_example_alias_consumer', 'dataset_s3_bucket_consumer', 'dataset_s3_bucket_producer', 'dataset_alias_example_alias_producer' retrieved from /usr/local/anaconda3/envs/airflow_env/lib/python3.8/site-packages/airflow/example_dags/example_dataset_alias.py
[2025-03-07T15:44:46.570+0100] {logging_mixin.py:190} INFO - [2025-03-07T15:44:46.570+0100] {dag.py:3239} INFO - Sync 4 DAGs
[2025-03-07T15:44:46.582+0100] {logging_mixin.py:190} INFO - [2025-03-07T15:44:46.582+0100] {dag.py:4180} INFO - Setting next_dagrun for dataset_alias_example_alias_consumer to None, run_after=None
[2025-03-07T15:44:46.584+0100] {logging_mixin.py:190} INFO - [2025-03-07T15:44:46.584+0100] {dag.py:4180} INFO - Setting next_dagrun for dataset_alias_example_alias_producer to None, run_after=None
[2025-03-07T15:44:46.585+0100] {logging_mixin.py:190} INFO - [2025-03-07T15:44:46.585+0100] {dag.py:4180} INFO - Setting next_dagrun for dataset_s3_bucket_consumer to None, run_after=None
[2025-03-07T15:44:46.585+0100] {logging_mixin.py:190} INFO - [2025-03-07T15:44:46.585+0100] {dag.py:4180} INFO - Setting next_dagrun for dataset_s3_bucket_producer to None, run_after=None
[2025-03-07T15:44:46.599+0100] {processor.py:208} INFO - Processing /usr/local/anaconda3/envs/airflow_env/lib/python3.8/site-packages/airflow/example_dags/example_dataset_alias.py took 0.190 seconds
[2025-03-07T15:49:33.698+0100] {processor.py:186} INFO - Started process (PID=12345) to work on /usr/local/anaconda3/envs/airflow_env/lib/python3.8/site-packages/airflow/example_dags/example_dataset_alias.py
[2025-03-07T15:49:33.701+0100] {processor.py:914} INFO - Processing file /usr/local/anaconda3/envs/airflow_env/lib/python3.8/site-packages/airflow/example_dags/example_dataset_alias.py for tasks to queue
[2025-03-07T15:49:33.702+0100] {logging_mixin.py:190} INFO - [2025-03-07T15:49:33.701+0100] {dagbag.py:588} INFO - Filling up the DagBag from /usr/local/anaconda3/envs/airflow_env/lib/python3.8/site-packages/airflow/example_dags/example_dataset_alias.py
[2025-03-07T15:49:33.819+0100] {processor.py:925} INFO - DAG(s) 'dataset_s3_bucket_consumer', 'dataset_alias_example_alias_consumer', 'dataset_alias_example_alias_producer', 'dataset_s3_bucket_producer' retrieved from /usr/local/anaconda3/envs/airflow_env/lib/python3.8/site-packages/airflow/example_dags/example_dataset_alias.py
[2025-03-07T15:49:33.836+0100] {logging_mixin.py:190} INFO - [2025-03-07T15:49:33.835+0100] {dag.py:3239} INFO - Sync 4 DAGs
[2025-03-07T15:49:33.848+0100] {logging_mixin.py:190} INFO - [2025-03-07T15:49:33.848+0100] {dag.py:4180} INFO - Setting next_dagrun for dataset_alias_example_alias_consumer to None, run_after=None
[2025-03-07T15:49:33.850+0100] {logging_mixin.py:190} INFO - [2025-03-07T15:49:33.849+0100] {dag.py:4180} INFO - Setting next_dagrun for dataset_alias_example_alias_producer to None, run_after=None
[2025-03-07T15:49:33.850+0100] {logging_mixin.py:190} INFO - [2025-03-07T15:49:33.850+0100] {dag.py:4180} INFO - Setting next_dagrun for dataset_s3_bucket_consumer to None, run_after=None
[2025-03-07T15:49:33.851+0100] {logging_mixin.py:190} INFO - [2025-03-07T15:49:33.851+0100] {dag.py:4180} INFO - Setting next_dagrun for dataset_s3_bucket_producer to None, run_after=None
[2025-03-07T15:49:33.865+0100] {processor.py:208} INFO - Processing /usr/local/anaconda3/envs/airflow_env/lib/python3.8/site-packages/airflow/example_dags/example_dataset_alias.py took 0.170 seconds
[2025-03-07T15:54:20.982+0100] {processor.py:186} INFO - Started process (PID=12913) to work on /usr/local/anaconda3/envs/airflow_env/lib/python3.8/site-packages/airflow/example_dags/example_dataset_alias.py
[2025-03-07T15:54:20.985+0100] {processor.py:914} INFO - Processing file /usr/local/anaconda3/envs/airflow_env/lib/python3.8/site-packages/airflow/example_dags/example_dataset_alias.py for tasks to queue
[2025-03-07T15:54:20.986+0100] {logging_mixin.py:190} INFO - [2025-03-07T15:54:20.986+0100] {dagbag.py:588} INFO - Filling up the DagBag from /usr/local/anaconda3/envs/airflow_env/lib/python3.8/site-packages/airflow/example_dags/example_dataset_alias.py
[2025-03-07T15:54:21.106+0100] {processor.py:925} INFO - DAG(s) 'dataset_alias_example_alias_producer', 'dataset_s3_bucket_producer', 'dataset_s3_bucket_consumer', 'dataset_alias_example_alias_consumer' retrieved from /usr/local/anaconda3/envs/airflow_env/lib/python3.8/site-packages/airflow/example_dags/example_dataset_alias.py
[2025-03-07T15:54:21.122+0100] {logging_mixin.py:190} INFO - [2025-03-07T15:54:21.122+0100] {dag.py:3239} INFO - Sync 4 DAGs
[2025-03-07T15:54:21.133+0100] {logging_mixin.py:190} INFO - [2025-03-07T15:54:21.133+0100] {dag.py:4180} INFO - Setting next_dagrun for dataset_alias_example_alias_consumer to None, run_after=None
[2025-03-07T15:54:21.135+0100] {logging_mixin.py:190} INFO - [2025-03-07T15:54:21.135+0100] {dag.py:4180} INFO - Setting next_dagrun for dataset_alias_example_alias_producer to None, run_after=None
[2025-03-07T15:54:21.135+0100] {logging_mixin.py:190} INFO - [2025-03-07T15:54:21.135+0100] {dag.py:4180} INFO - Setting next_dagrun for dataset_s3_bucket_consumer to None, run_after=None
[2025-03-07T15:54:21.136+0100] {logging_mixin.py:190} INFO - [2025-03-07T15:54:21.136+0100] {dag.py:4180} INFO - Setting next_dagrun for dataset_s3_bucket_producer to None, run_after=None
[2025-03-07T15:54:21.149+0100] {processor.py:208} INFO - Processing /usr/local/anaconda3/envs/airflow_env/lib/python3.8/site-packages/airflow/example_dags/example_dataset_alias.py took 0.170 seconds
[2025-03-07T15:58:56.240+0100] {processor.py:186} INFO - Started process (PID=13363) to work on /usr/local/anaconda3/envs/airflow_env/lib/python3.8/site-packages/airflow/example_dags/example_dataset_alias.py
[2025-03-07T15:58:56.243+0100] {processor.py:914} INFO - Processing file /usr/local/anaconda3/envs/airflow_env/lib/python3.8/site-packages/airflow/example_dags/example_dataset_alias.py for tasks to queue
[2025-03-07T15:58:56.244+0100] {logging_mixin.py:190} INFO - [2025-03-07T15:58:56.244+0100] {dagbag.py:588} INFO - Filling up the DagBag from /usr/local/anaconda3/envs/airflow_env/lib/python3.8/site-packages/airflow/example_dags/example_dataset_alias.py
[2025-03-07T15:58:56.364+0100] {processor.py:925} INFO - DAG(s) 'dataset_s3_bucket_consumer', 'dataset_s3_bucket_producer', 'dataset_alias_example_alias_consumer', 'dataset_alias_example_alias_producer' retrieved from /usr/local/anaconda3/envs/airflow_env/lib/python3.8/site-packages/airflow/example_dags/example_dataset_alias.py
[2025-03-07T15:58:56.381+0100] {logging_mixin.py:190} INFO - [2025-03-07T15:58:56.381+0100] {dag.py:3239} INFO - Sync 4 DAGs
[2025-03-07T15:58:56.392+0100] {logging_mixin.py:190} INFO - [2025-03-07T15:58:56.392+0100] {dag.py:4180} INFO - Setting next_dagrun for dataset_alias_example_alias_consumer to None, run_after=None
[2025-03-07T15:58:56.394+0100] {logging_mixin.py:190} INFO - [2025-03-07T15:58:56.394+0100] {dag.py:4180} INFO - Setting next_dagrun for dataset_alias_example_alias_producer to None, run_after=None
[2025-03-07T15:58:56.394+0100] {logging_mixin.py:190} INFO - [2025-03-07T15:58:56.394+0100] {dag.py:4180} INFO - Setting next_dagrun for dataset_s3_bucket_consumer to None, run_after=None
[2025-03-07T15:58:56.395+0100] {logging_mixin.py:190} INFO - [2025-03-07T15:58:56.395+0100] {dag.py:4180} INFO - Setting next_dagrun for dataset_s3_bucket_producer to None, run_after=None
[2025-03-07T15:58:56.409+0100] {processor.py:208} INFO - Processing /usr/local/anaconda3/envs/airflow_env/lib/python3.8/site-packages/airflow/example_dags/example_dataset_alias.py took 0.172 seconds
[2025-03-07T16:05:42.417+0100] {processor.py:186} INFO - Started process (PID=13976) to work on /usr/local/anaconda3/envs/airflow_env/lib/python3.8/site-packages/airflow/example_dags/example_dataset_alias.py
[2025-03-07T16:05:42.420+0100] {processor.py:914} INFO - Processing file /usr/local/anaconda3/envs/airflow_env/lib/python3.8/site-packages/airflow/example_dags/example_dataset_alias.py for tasks to queue
[2025-03-07T16:05:42.421+0100] {logging_mixin.py:190} INFO - [2025-03-07T16:05:42.421+0100] {dagbag.py:588} INFO - Filling up the DagBag from /usr/local/anaconda3/envs/airflow_env/lib/python3.8/site-packages/airflow/example_dags/example_dataset_alias.py
[2025-03-07T16:05:42.539+0100] {processor.py:925} INFO - DAG(s) 'dataset_s3_bucket_producer', 'dataset_alias_example_alias_consumer', 'dataset_s3_bucket_consumer', 'dataset_alias_example_alias_producer' retrieved from /usr/local/anaconda3/envs/airflow_env/lib/python3.8/site-packages/airflow/example_dags/example_dataset_alias.py
[2025-03-07T16:05:42.556+0100] {logging_mixin.py:190} INFO - [2025-03-07T16:05:42.555+0100] {dag.py:3239} INFO - Sync 4 DAGs
[2025-03-07T16:05:42.567+0100] {logging_mixin.py:190} INFO - [2025-03-07T16:05:42.567+0100] {dag.py:4180} INFO - Setting next_dagrun for dataset_alias_example_alias_consumer to None, run_after=None
[2025-03-07T16:05:42.568+0100] {logging_mixin.py:190} INFO - [2025-03-07T16:05:42.568+0100] {dag.py:4180} INFO - Setting next_dagrun for dataset_alias_example_alias_producer to None, run_after=None
[2025-03-07T16:05:42.569+0100] {logging_mixin.py:190} INFO - [2025-03-07T16:05:42.569+0100] {dag.py:4180} INFO - Setting next_dagrun for dataset_s3_bucket_consumer to None, run_after=None
[2025-03-07T16:05:42.570+0100] {logging_mixin.py:190} INFO - [2025-03-07T16:05:42.569+0100] {dag.py:4180} INFO - Setting next_dagrun for dataset_s3_bucket_producer to None, run_after=None
[2025-03-07T16:05:42.583+0100] {processor.py:208} INFO - Processing /usr/local/anaconda3/envs/airflow_env/lib/python3.8/site-packages/airflow/example_dags/example_dataset_alias.py took 0.169 seconds
[2025-03-07T16:11:51.584+0100] {processor.py:186} INFO - Started process (PID=14545) to work on /usr/local/anaconda3/envs/airflow_env/lib/python3.8/site-packages/airflow/example_dags/example_dataset_alias.py
[2025-03-07T16:11:51.587+0100] {processor.py:914} INFO - Processing file /usr/local/anaconda3/envs/airflow_env/lib/python3.8/site-packages/airflow/example_dags/example_dataset_alias.py for tasks to queue
[2025-03-07T16:11:51.588+0100] {logging_mixin.py:190} INFO - [2025-03-07T16:11:51.588+0100] {dagbag.py:588} INFO - Filling up the DagBag from /usr/local/anaconda3/envs/airflow_env/lib/python3.8/site-packages/airflow/example_dags/example_dataset_alias.py
[2025-03-07T16:11:51.712+0100] {processor.py:925} INFO - DAG(s) 'dataset_alias_example_alias_consumer', 'dataset_alias_example_alias_producer', 'dataset_s3_bucket_consumer', 'dataset_s3_bucket_producer' retrieved from /usr/local/anaconda3/envs/airflow_env/lib/python3.8/site-packages/airflow/example_dags/example_dataset_alias.py
[2025-03-07T16:11:51.732+0100] {logging_mixin.py:190} INFO - [2025-03-07T16:11:51.732+0100] {dag.py:3239} INFO - Sync 4 DAGs
[2025-03-07T16:11:51.744+0100] {logging_mixin.py:190} INFO - [2025-03-07T16:11:51.744+0100] {dag.py:4180} INFO - Setting next_dagrun for dataset_alias_example_alias_consumer to None, run_after=None
[2025-03-07T16:11:51.746+0100] {logging_mixin.py:190} INFO - [2025-03-07T16:11:51.746+0100] {dag.py:4180} INFO - Setting next_dagrun for dataset_alias_example_alias_producer to None, run_after=None
[2025-03-07T16:11:51.746+0100] {logging_mixin.py:190} INFO - [2025-03-07T16:11:51.746+0100] {dag.py:4180} INFO - Setting next_dagrun for dataset_s3_bucket_consumer to None, run_after=None
[2025-03-07T16:11:51.747+0100] {logging_mixin.py:190} INFO - [2025-03-07T16:11:51.747+0100] {dag.py:4180} INFO - Setting next_dagrun for dataset_s3_bucket_producer to None, run_after=None
[2025-03-07T16:11:51.761+0100] {processor.py:208} INFO - Processing /usr/local/anaconda3/envs/airflow_env/lib/python3.8/site-packages/airflow/example_dags/example_dataset_alias.py took 0.180 seconds
[2025-03-07T16:16:17.313+0100] {processor.py:186} INFO - Started process (PID=15100) to work on /usr/local/anaconda3/envs/airflow_env/lib/python3.8/site-packages/airflow/example_dags/example_dataset_alias.py
[2025-03-07T16:16:17.316+0100] {processor.py:914} INFO - Processing file /usr/local/anaconda3/envs/airflow_env/lib/python3.8/site-packages/airflow/example_dags/example_dataset_alias.py for tasks to queue
[2025-03-07T16:16:17.316+0100] {logging_mixin.py:190} INFO - [2025-03-07T16:16:17.316+0100] {dagbag.py:588} INFO - Filling up the DagBag from /usr/local/anaconda3/envs/airflow_env/lib/python3.8/site-packages/airflow/example_dags/example_dataset_alias.py
[2025-03-07T16:16:17.442+0100] {processor.py:925} INFO - DAG(s) 'dataset_s3_bucket_consumer', 'dataset_s3_bucket_producer', 'dataset_alias_example_alias_consumer', 'dataset_alias_example_alias_producer' retrieved from /usr/local/anaconda3/envs/airflow_env/lib/python3.8/site-packages/airflow/example_dags/example_dataset_alias.py
[2025-03-07T16:16:17.460+0100] {logging_mixin.py:190} INFO - [2025-03-07T16:16:17.459+0100] {dag.py:3239} INFO - Sync 4 DAGs
[2025-03-07T16:16:17.472+0100] {logging_mixin.py:190} INFO - [2025-03-07T16:16:17.472+0100] {dag.py:4180} INFO - Setting next_dagrun for dataset_alias_example_alias_consumer to None, run_after=None
[2025-03-07T16:16:17.473+0100] {logging_mixin.py:190} INFO - [2025-03-07T16:16:17.473+0100] {dag.py:4180} INFO - Setting next_dagrun for dataset_alias_example_alias_producer to None, run_after=None
[2025-03-07T16:16:17.474+0100] {logging_mixin.py:190} INFO - [2025-03-07T16:16:17.474+0100] {dag.py:4180} INFO - Setting next_dagrun for dataset_s3_bucket_consumer to None, run_after=None
[2025-03-07T16:16:17.474+0100] {logging_mixin.py:190} INFO - [2025-03-07T16:16:17.474+0100] {dag.py:4180} INFO - Setting next_dagrun for dataset_s3_bucket_producer to None, run_after=None
[2025-03-07T16:16:17.488+0100] {processor.py:208} INFO - Processing /usr/local/anaconda3/envs/airflow_env/lib/python3.8/site-packages/airflow/example_dags/example_dataset_alias.py took 0.179 seconds
[2025-03-07T16:20:57.735+0100] {processor.py:186} INFO - Started process (PID=15608) to work on /usr/local/anaconda3/envs/airflow_env/lib/python3.8/site-packages/airflow/example_dags/example_dataset_alias.py
[2025-03-07T16:20:57.738+0100] {processor.py:914} INFO - Processing file /usr/local/anaconda3/envs/airflow_env/lib/python3.8/site-packages/airflow/example_dags/example_dataset_alias.py for tasks to queue
[2025-03-07T16:20:57.739+0100] {logging_mixin.py:190} INFO - [2025-03-07T16:20:57.739+0100] {dagbag.py:588} INFO - Filling up the DagBag from /usr/local/anaconda3/envs/airflow_env/lib/python3.8/site-packages/airflow/example_dags/example_dataset_alias.py
[2025-03-07T16:20:57.874+0100] {processor.py:925} INFO - DAG(s) 'dataset_alias_example_alias_consumer', 'dataset_s3_bucket_consumer', 'dataset_s3_bucket_producer', 'dataset_alias_example_alias_producer' retrieved from /usr/local/anaconda3/envs/airflow_env/lib/python3.8/site-packages/airflow/example_dags/example_dataset_alias.py
[2025-03-07T16:20:57.896+0100] {logging_mixin.py:190} INFO - [2025-03-07T16:20:57.895+0100] {dag.py:3239} INFO - Sync 4 DAGs
[2025-03-07T16:20:57.911+0100] {logging_mixin.py:190} INFO - [2025-03-07T16:20:57.911+0100] {dag.py:4180} INFO - Setting next_dagrun for dataset_alias_example_alias_consumer to None, run_after=None
[2025-03-07T16:20:57.912+0100] {logging_mixin.py:190} INFO - [2025-03-07T16:20:57.912+0100] {dag.py:4180} INFO - Setting next_dagrun for dataset_alias_example_alias_producer to None, run_after=None
[2025-03-07T16:20:57.913+0100] {logging_mixin.py:190} INFO - [2025-03-07T16:20:57.913+0100] {dag.py:4180} INFO - Setting next_dagrun for dataset_s3_bucket_consumer to None, run_after=None
[2025-03-07T16:20:57.914+0100] {logging_mixin.py:190} INFO - [2025-03-07T16:20:57.914+0100] {dag.py:4180} INFO - Setting next_dagrun for dataset_s3_bucket_producer to None, run_after=None
[2025-03-07T16:20:57.928+0100] {processor.py:208} INFO - Processing /usr/local/anaconda3/envs/airflow_env/lib/python3.8/site-packages/airflow/example_dags/example_dataset_alias.py took 0.196 seconds
[2025-03-07T16:31:29.680+0100] {processor.py:186} INFO - Started process (PID=16394) to work on /usr/local/anaconda3/envs/airflow_env/lib/python3.8/site-packages/airflow/example_dags/example_dataset_alias.py
[2025-03-07T16:31:29.683+0100] {processor.py:914} INFO - Processing file /usr/local/anaconda3/envs/airflow_env/lib/python3.8/site-packages/airflow/example_dags/example_dataset_alias.py for tasks to queue
[2025-03-07T16:31:29.684+0100] {logging_mixin.py:190} INFO - [2025-03-07T16:31:29.684+0100] {dagbag.py:588} INFO - Filling up the DagBag from /usr/local/anaconda3/envs/airflow_env/lib/python3.8/site-packages/airflow/example_dags/example_dataset_alias.py
[2025-03-07T16:31:29.822+0100] {processor.py:925} INFO - DAG(s) 'dataset_s3_bucket_consumer', 'dataset_alias_example_alias_consumer', 'dataset_alias_example_alias_producer', 'dataset_s3_bucket_producer' retrieved from /usr/local/anaconda3/envs/airflow_env/lib/python3.8/site-packages/airflow/example_dags/example_dataset_alias.py
[2025-03-07T16:31:29.842+0100] {logging_mixin.py:190} INFO - [2025-03-07T16:31:29.842+0100] {dag.py:3239} INFO - Sync 4 DAGs
[2025-03-07T16:31:29.855+0100] {logging_mixin.py:190} INFO - [2025-03-07T16:31:29.855+0100] {dag.py:4180} INFO - Setting next_dagrun for dataset_alias_example_alias_consumer to None, run_after=None
[2025-03-07T16:31:29.857+0100] {logging_mixin.py:190} INFO - [2025-03-07T16:31:29.857+0100] {dag.py:4180} INFO - Setting next_dagrun for dataset_alias_example_alias_producer to None, run_after=None
[2025-03-07T16:31:29.858+0100] {logging_mixin.py:190} INFO - [2025-03-07T16:31:29.857+0100] {dag.py:4180} INFO - Setting next_dagrun for dataset_s3_bucket_consumer to None, run_after=None
[2025-03-07T16:31:29.858+0100] {logging_mixin.py:190} INFO - [2025-03-07T16:31:29.858+0100] {dag.py:4180} INFO - Setting next_dagrun for dataset_s3_bucket_producer to None, run_after=None
[2025-03-07T16:31:29.873+0100] {processor.py:208} INFO - Processing /usr/local/anaconda3/envs/airflow_env/lib/python3.8/site-packages/airflow/example_dags/example_dataset_alias.py took 0.198 seconds
[2025-03-07T16:42:06.902+0100] {processor.py:186} INFO - Started process (PID=17508) to work on /usr/local/anaconda3/envs/airflow_env/lib/python3.8/site-packages/airflow/example_dags/example_dataset_alias.py
[2025-03-07T16:42:06.905+0100] {processor.py:914} INFO - Processing file /usr/local/anaconda3/envs/airflow_env/lib/python3.8/site-packages/airflow/example_dags/example_dataset_alias.py for tasks to queue
[2025-03-07T16:42:06.906+0100] {logging_mixin.py:190} INFO - [2025-03-07T16:42:06.906+0100] {dagbag.py:588} INFO - Filling up the DagBag from /usr/local/anaconda3/envs/airflow_env/lib/python3.8/site-packages/airflow/example_dags/example_dataset_alias.py
[2025-03-07T16:42:07.028+0100] {processor.py:925} INFO - DAG(s) 'dataset_s3_bucket_consumer', 'dataset_alias_example_alias_consumer', 'dataset_alias_example_alias_producer', 'dataset_s3_bucket_producer' retrieved from /usr/local/anaconda3/envs/airflow_env/lib/python3.8/site-packages/airflow/example_dags/example_dataset_alias.py
[2025-03-07T16:42:07.044+0100] {logging_mixin.py:190} INFO - [2025-03-07T16:42:07.044+0100] {dag.py:3239} INFO - Sync 4 DAGs
[2025-03-07T16:42:07.056+0100] {logging_mixin.py:190} INFO - [2025-03-07T16:42:07.055+0100] {dag.py:4180} INFO - Setting next_dagrun for dataset_alias_example_alias_consumer to None, run_after=None
[2025-03-07T16:42:07.057+0100] {logging_mixin.py:190} INFO - [2025-03-07T16:42:07.057+0100] {dag.py:4180} INFO - Setting next_dagrun for dataset_alias_example_alias_producer to None, run_after=None
[2025-03-07T16:42:07.058+0100] {logging_mixin.py:190} INFO - [2025-03-07T16:42:07.057+0100] {dag.py:4180} INFO - Setting next_dagrun for dataset_s3_bucket_consumer to None, run_after=None
[2025-03-07T16:42:07.058+0100] {logging_mixin.py:190} INFO - [2025-03-07T16:42:07.058+0100] {dag.py:4180} INFO - Setting next_dagrun for dataset_s3_bucket_producer to None, run_after=None
[2025-03-07T16:42:07.071+0100] {processor.py:208} INFO - Processing /usr/local/anaconda3/envs/airflow_env/lib/python3.8/site-packages/airflow/example_dags/example_dataset_alias.py took 0.173 seconds
[2025-03-07T16:48:27.881+0100] {processor.py:186} INFO - Started process (PID=18272) to work on /usr/local/anaconda3/envs/airflow_env/lib/python3.8/site-packages/airflow/example_dags/example_dataset_alias.py
[2025-03-07T16:48:27.884+0100] {processor.py:914} INFO - Processing file /usr/local/anaconda3/envs/airflow_env/lib/python3.8/site-packages/airflow/example_dags/example_dataset_alias.py for tasks to queue
[2025-03-07T16:48:27.885+0100] {logging_mixin.py:190} INFO - [2025-03-07T16:48:27.885+0100] {dagbag.py:588} INFO - Filling up the DagBag from /usr/local/anaconda3/envs/airflow_env/lib/python3.8/site-packages/airflow/example_dags/example_dataset_alias.py
[2025-03-07T16:48:28.005+0100] {processor.py:925} INFO - DAG(s) 'dataset_alias_example_alias_consumer', 'dataset_s3_bucket_producer', 'dataset_s3_bucket_consumer', 'dataset_alias_example_alias_producer' retrieved from /usr/local/anaconda3/envs/airflow_env/lib/python3.8/site-packages/airflow/example_dags/example_dataset_alias.py
[2025-03-07T16:48:28.022+0100] {logging_mixin.py:190} INFO - [2025-03-07T16:48:28.022+0100] {dag.py:3239} INFO - Sync 4 DAGs
[2025-03-07T16:48:28.034+0100] {logging_mixin.py:190} INFO - [2025-03-07T16:48:28.033+0100] {dag.py:4180} INFO - Setting next_dagrun for dataset_alias_example_alias_consumer to None, run_after=None
[2025-03-07T16:48:28.035+0100] {logging_mixin.py:190} INFO - [2025-03-07T16:48:28.035+0100] {dag.py:4180} INFO - Setting next_dagrun for dataset_alias_example_alias_producer to None, run_after=None
[2025-03-07T16:48:28.036+0100] {logging_mixin.py:190} INFO - [2025-03-07T16:48:28.036+0100] {dag.py:4180} INFO - Setting next_dagrun for dataset_s3_bucket_consumer to None, run_after=None
[2025-03-07T16:48:28.036+0100] {logging_mixin.py:190} INFO - [2025-03-07T16:48:28.036+0100] {dag.py:4180} INFO - Setting next_dagrun for dataset_s3_bucket_producer to None, run_after=None
[2025-03-07T16:48:28.050+0100] {processor.py:208} INFO - Processing /usr/local/anaconda3/envs/airflow_env/lib/python3.8/site-packages/airflow/example_dags/example_dataset_alias.py took 0.172 seconds
[2025-03-07T16:53:23.580+0100] {processor.py:186} INFO - Started process (PID=18850) to work on /usr/local/anaconda3/envs/airflow_env/lib/python3.8/site-packages/airflow/example_dags/example_dataset_alias.py
[2025-03-07T16:53:23.583+0100] {processor.py:914} INFO - Processing file /usr/local/anaconda3/envs/airflow_env/lib/python3.8/site-packages/airflow/example_dags/example_dataset_alias.py for tasks to queue
[2025-03-07T16:53:23.584+0100] {logging_mixin.py:190} INFO - [2025-03-07T16:53:23.583+0100] {dagbag.py:588} INFO - Filling up the DagBag from /usr/local/anaconda3/envs/airflow_env/lib/python3.8/site-packages/airflow/example_dags/example_dataset_alias.py
[2025-03-07T16:53:23.707+0100] {processor.py:925} INFO - DAG(s) 'dataset_s3_bucket_producer', 'dataset_s3_bucket_consumer', 'dataset_alias_example_alias_producer', 'dataset_alias_example_alias_consumer' retrieved from /usr/local/anaconda3/envs/airflow_env/lib/python3.8/site-packages/airflow/example_dags/example_dataset_alias.py
[2025-03-07T16:53:23.724+0100] {logging_mixin.py:190} INFO - [2025-03-07T16:53:23.724+0100] {dag.py:3239} INFO - Sync 4 DAGs
[2025-03-07T16:53:23.736+0100] {logging_mixin.py:190} INFO - [2025-03-07T16:53:23.736+0100] {dag.py:4180} INFO - Setting next_dagrun for dataset_alias_example_alias_consumer to None, run_after=None
[2025-03-07T16:53:23.738+0100] {logging_mixin.py:190} INFO - [2025-03-07T16:53:23.737+0100] {dag.py:4180} INFO - Setting next_dagrun for dataset_alias_example_alias_producer to None, run_after=None
[2025-03-07T16:53:23.738+0100] {logging_mixin.py:190} INFO - [2025-03-07T16:53:23.738+0100] {dag.py:4180} INFO - Setting next_dagrun for dataset_s3_bucket_consumer to None, run_after=None
[2025-03-07T16:53:23.739+0100] {logging_mixin.py:190} INFO - [2025-03-07T16:53:23.739+0100] {dag.py:4180} INFO - Setting next_dagrun for dataset_s3_bucket_producer to None, run_after=None
[2025-03-07T16:53:23.754+0100] {processor.py:208} INFO - Processing /usr/local/anaconda3/envs/airflow_env/lib/python3.8/site-packages/airflow/example_dags/example_dataset_alias.py took 0.177 seconds
[2025-03-07T16:56:38.362+0100] {processor.py:186} INFO - Started process (PID=19522) to work on /usr/local/anaconda3/envs/airflow_env/lib/python3.8/site-packages/airflow/example_dags/example_dataset_alias.py
[2025-03-07T16:56:38.366+0100] {processor.py:914} INFO - Processing file /usr/local/anaconda3/envs/airflow_env/lib/python3.8/site-packages/airflow/example_dags/example_dataset_alias.py for tasks to queue
[2025-03-07T16:56:38.366+0100] {logging_mixin.py:190} INFO - [2025-03-07T16:56:38.366+0100] {dagbag.py:588} INFO - Filling up the DagBag from /usr/local/anaconda3/envs/airflow_env/lib/python3.8/site-packages/airflow/example_dags/example_dataset_alias.py
[2025-03-07T16:56:38.486+0100] {processor.py:925} INFO - DAG(s) 'dataset_alias_example_alias_consumer', 'dataset_s3_bucket_consumer', 'dataset_alias_example_alias_producer', 'dataset_s3_bucket_producer' retrieved from /usr/local/anaconda3/envs/airflow_env/lib/python3.8/site-packages/airflow/example_dags/example_dataset_alias.py
[2025-03-07T16:56:38.502+0100] {logging_mixin.py:190} INFO - [2025-03-07T16:56:38.502+0100] {dag.py:3239} INFO - Sync 4 DAGs
[2025-03-07T16:56:38.513+0100] {logging_mixin.py:190} INFO - [2025-03-07T16:56:38.513+0100] {dag.py:4180} INFO - Setting next_dagrun for dataset_alias_example_alias_consumer to None, run_after=None
[2025-03-07T16:56:38.514+0100] {logging_mixin.py:190} INFO - [2025-03-07T16:56:38.514+0100] {dag.py:4180} INFO - Setting next_dagrun for dataset_alias_example_alias_producer to None, run_after=None
[2025-03-07T16:56:38.515+0100] {logging_mixin.py:190} INFO - [2025-03-07T16:56:38.515+0100] {dag.py:4180} INFO - Setting next_dagrun for dataset_s3_bucket_consumer to None, run_after=None
[2025-03-07T16:56:38.515+0100] {logging_mixin.py:190} INFO - [2025-03-07T16:56:38.515+0100] {dag.py:4180} INFO - Setting next_dagrun for dataset_s3_bucket_producer to None, run_after=None
[2025-03-07T16:56:38.529+0100] {processor.py:208} INFO - Processing /usr/local/anaconda3/envs/airflow_env/lib/python3.8/site-packages/airflow/example_dags/example_dataset_alias.py took 0.169 seconds
[2025-03-07T17:01:30.449+0100] {processor.py:186} INFO - Started process (PID=20321) to work on /usr/local/anaconda3/envs/airflow_env/lib/python3.8/site-packages/airflow/example_dags/example_dataset_alias.py
[2025-03-07T17:01:30.452+0100] {processor.py:914} INFO - Processing file /usr/local/anaconda3/envs/airflow_env/lib/python3.8/site-packages/airflow/example_dags/example_dataset_alias.py for tasks to queue
[2025-03-07T17:01:30.453+0100] {logging_mixin.py:190} INFO - [2025-03-07T17:01:30.453+0100] {dagbag.py:588} INFO - Filling up the DagBag from /usr/local/anaconda3/envs/airflow_env/lib/python3.8/site-packages/airflow/example_dags/example_dataset_alias.py
[2025-03-07T17:01:30.573+0100] {processor.py:925} INFO - DAG(s) 'dataset_alias_example_alias_producer', 'dataset_s3_bucket_producer', 'dataset_alias_example_alias_consumer', 'dataset_s3_bucket_consumer' retrieved from /usr/local/anaconda3/envs/airflow_env/lib/python3.8/site-packages/airflow/example_dags/example_dataset_alias.py
[2025-03-07T17:01:30.589+0100] {logging_mixin.py:190} INFO - [2025-03-07T17:01:30.589+0100] {dag.py:3239} INFO - Sync 4 DAGs
[2025-03-07T17:01:30.601+0100] {logging_mixin.py:190} INFO - [2025-03-07T17:01:30.601+0100] {dag.py:4180} INFO - Setting next_dagrun for dataset_alias_example_alias_consumer to None, run_after=None
[2025-03-07T17:01:30.602+0100] {logging_mixin.py:190} INFO - [2025-03-07T17:01:30.602+0100] {dag.py:4180} INFO - Setting next_dagrun for dataset_alias_example_alias_producer to None, run_after=None
[2025-03-07T17:01:30.603+0100] {logging_mixin.py:190} INFO - [2025-03-07T17:01:30.603+0100] {dag.py:4180} INFO - Setting next_dagrun for dataset_s3_bucket_consumer to None, run_after=None
[2025-03-07T17:01:30.603+0100] {logging_mixin.py:190} INFO - [2025-03-07T17:01:30.603+0100] {dag.py:4180} INFO - Setting next_dagrun for dataset_s3_bucket_producer to None, run_after=None
[2025-03-07T17:01:30.617+0100] {processor.py:208} INFO - Processing /usr/local/anaconda3/envs/airflow_env/lib/python3.8/site-packages/airflow/example_dags/example_dataset_alias.py took 0.171 seconds
[2025-03-07T17:09:40.992+0100] {processor.py:186} INFO - Started process (PID=20705) to work on /usr/local/anaconda3/envs/airflow_env/lib/python3.8/site-packages/airflow/example_dags/example_dataset_alias.py
[2025-03-07T17:09:40.995+0100] {processor.py:914} INFO - Processing file /usr/local/anaconda3/envs/airflow_env/lib/python3.8/site-packages/airflow/example_dags/example_dataset_alias.py for tasks to queue
[2025-03-07T17:09:40.996+0100] {logging_mixin.py:190} INFO - [2025-03-07T17:09:40.996+0100] {dagbag.py:588} INFO - Filling up the DagBag from /usr/local/anaconda3/envs/airflow_env/lib/python3.8/site-packages/airflow/example_dags/example_dataset_alias.py
[2025-03-07T17:09:41.127+0100] {processor.py:925} INFO - DAG(s) 'dataset_s3_bucket_producer', 'dataset_s3_bucket_consumer', 'dataset_alias_example_alias_consumer', 'dataset_alias_example_alias_producer' retrieved from /usr/local/anaconda3/envs/airflow_env/lib/python3.8/site-packages/airflow/example_dags/example_dataset_alias.py
[2025-03-07T17:09:41.144+0100] {logging_mixin.py:190} INFO - [2025-03-07T17:09:41.144+0100] {dag.py:3239} INFO - Sync 4 DAGs
[2025-03-07T17:09:41.156+0100] {logging_mixin.py:190} INFO - [2025-03-07T17:09:41.156+0100] {dag.py:4180} INFO - Setting next_dagrun for dataset_alias_example_alias_consumer to None, run_after=None
[2025-03-07T17:09:41.158+0100] {logging_mixin.py:190} INFO - [2025-03-07T17:09:41.158+0100] {dag.py:4180} INFO - Setting next_dagrun for dataset_alias_example_alias_producer to None, run_after=None
[2025-03-07T17:09:41.158+0100] {logging_mixin.py:190} INFO - [2025-03-07T17:09:41.158+0100] {dag.py:4180} INFO - Setting next_dagrun for dataset_s3_bucket_consumer to None, run_after=None
[2025-03-07T17:09:41.159+0100] {logging_mixin.py:190} INFO - [2025-03-07T17:09:41.159+0100] {dag.py:4180} INFO - Setting next_dagrun for dataset_s3_bucket_producer to None, run_after=None
[2025-03-07T17:09:41.174+0100] {processor.py:208} INFO - Processing /usr/local/anaconda3/envs/airflow_env/lib/python3.8/site-packages/airflow/example_dags/example_dataset_alias.py took 0.185 seconds
[2025-03-07T17:14:25.236+0100] {processor.py:186} INFO - Started process (PID=21390) to work on /usr/local/anaconda3/envs/airflow_env/lib/python3.8/site-packages/airflow/example_dags/example_dataset_alias.py
[2025-03-07T17:14:25.240+0100] {processor.py:914} INFO - Processing file /usr/local/anaconda3/envs/airflow_env/lib/python3.8/site-packages/airflow/example_dags/example_dataset_alias.py for tasks to queue
[2025-03-07T17:14:25.241+0100] {logging_mixin.py:190} INFO - [2025-03-07T17:14:25.240+0100] {dagbag.py:588} INFO - Filling up the DagBag from /usr/local/anaconda3/envs/airflow_env/lib/python3.8/site-packages/airflow/example_dags/example_dataset_alias.py
[2025-03-07T17:14:25.363+0100] {processor.py:925} INFO - DAG(s) 'dataset_s3_bucket_producer', 'dataset_alias_example_alias_producer', 'dataset_alias_example_alias_consumer', 'dataset_s3_bucket_consumer' retrieved from /usr/local/anaconda3/envs/airflow_env/lib/python3.8/site-packages/airflow/example_dags/example_dataset_alias.py
[2025-03-07T17:14:25.380+0100] {logging_mixin.py:190} INFO - [2025-03-07T17:14:25.380+0100] {dag.py:3239} INFO - Sync 4 DAGs
[2025-03-07T17:14:25.392+0100] {logging_mixin.py:190} INFO - [2025-03-07T17:14:25.391+0100] {dag.py:4180} INFO - Setting next_dagrun for dataset_alias_example_alias_consumer to None, run_after=None
[2025-03-07T17:14:25.393+0100] {logging_mixin.py:190} INFO - [2025-03-07T17:14:25.393+0100] {dag.py:4180} INFO - Setting next_dagrun for dataset_alias_example_alias_producer to None, run_after=None
[2025-03-07T17:14:25.394+0100] {logging_mixin.py:190} INFO - [2025-03-07T17:14:25.394+0100] {dag.py:4180} INFO - Setting next_dagrun for dataset_s3_bucket_consumer to None, run_after=None
[2025-03-07T17:14:25.395+0100] {logging_mixin.py:190} INFO - [2025-03-07T17:14:25.394+0100] {dag.py:4180} INFO - Setting next_dagrun for dataset_s3_bucket_producer to None, run_after=None
[2025-03-07T17:14:25.409+0100] {processor.py:208} INFO - Processing /usr/local/anaconda3/envs/airflow_env/lib/python3.8/site-packages/airflow/example_dags/example_dataset_alias.py took 0.175 seconds
[2025-03-07T17:26:08.664+0100] {processor.py:186} INFO - Started process (PID=22533) to work on /usr/local/anaconda3/envs/airflow_env/lib/python3.8/site-packages/airflow/example_dags/example_dataset_alias.py
[2025-03-07T17:26:08.668+0100] {processor.py:914} INFO - Processing file /usr/local/anaconda3/envs/airflow_env/lib/python3.8/site-packages/airflow/example_dags/example_dataset_alias.py for tasks to queue
[2025-03-07T17:26:08.669+0100] {logging_mixin.py:190} INFO - [2025-03-07T17:26:08.668+0100] {dagbag.py:588} INFO - Filling up the DagBag from /usr/local/anaconda3/envs/airflow_env/lib/python3.8/site-packages/airflow/example_dags/example_dataset_alias.py
[2025-03-07T17:26:08.788+0100] {processor.py:925} INFO - DAG(s) 'dataset_s3_bucket_producer', 'dataset_s3_bucket_consumer', 'dataset_alias_example_alias_producer', 'dataset_alias_example_alias_consumer' retrieved from /usr/local/anaconda3/envs/airflow_env/lib/python3.8/site-packages/airflow/example_dags/example_dataset_alias.py
[2025-03-07T17:26:08.804+0100] {logging_mixin.py:190} INFO - [2025-03-07T17:26:08.804+0100] {dag.py:3239} INFO - Sync 4 DAGs
[2025-03-07T17:26:08.816+0100] {logging_mixin.py:190} INFO - [2025-03-07T17:26:08.815+0100] {dag.py:4180} INFO - Setting next_dagrun for dataset_alias_example_alias_consumer to None, run_after=None
[2025-03-07T17:26:08.817+0100] {logging_mixin.py:190} INFO - [2025-03-07T17:26:08.817+0100] {dag.py:4180} INFO - Setting next_dagrun for dataset_alias_example_alias_producer to None, run_after=None
[2025-03-07T17:26:08.818+0100] {logging_mixin.py:190} INFO - [2025-03-07T17:26:08.818+0100] {dag.py:4180} INFO - Setting next_dagrun for dataset_s3_bucket_consumer to None, run_after=None
[2025-03-07T17:26:08.818+0100] {logging_mixin.py:190} INFO - [2025-03-07T17:26:08.818+0100] {dag.py:4180} INFO - Setting next_dagrun for dataset_s3_bucket_producer to None, run_after=None
[2025-03-07T17:26:08.831+0100] {processor.py:208} INFO - Processing /usr/local/anaconda3/envs/airflow_env/lib/python3.8/site-packages/airflow/example_dags/example_dataset_alias.py took 0.170 seconds
[2025-03-07T20:34:21.225+0100] {processor.py:186} INFO - Started process (PID=23281) to work on /usr/local/anaconda3/envs/airflow_env/lib/python3.8/site-packages/airflow/example_dags/example_dataset_alias.py
[2025-03-07T20:34:21.230+0100] {processor.py:914} INFO - Processing file /usr/local/anaconda3/envs/airflow_env/lib/python3.8/site-packages/airflow/example_dags/example_dataset_alias.py for tasks to queue
[2025-03-07T20:34:21.232+0100] {logging_mixin.py:190} INFO - [2025-03-07T20:34:21.231+0100] {dagbag.py:588} INFO - Filling up the DagBag from /usr/local/anaconda3/envs/airflow_env/lib/python3.8/site-packages/airflow/example_dags/example_dataset_alias.py
[2025-03-07T20:34:21.425+0100] {processor.py:925} INFO - DAG(s) 'dataset_s3_bucket_consumer', 'dataset_alias_example_alias_consumer', 'dataset_alias_example_alias_producer', 'dataset_s3_bucket_producer' retrieved from /usr/local/anaconda3/envs/airflow_env/lib/python3.8/site-packages/airflow/example_dags/example_dataset_alias.py
[2025-03-07T20:34:21.451+0100] {logging_mixin.py:190} INFO - [2025-03-07T20:34:21.451+0100] {dag.py:3239} INFO - Sync 4 DAGs
[2025-03-07T20:34:21.470+0100] {logging_mixin.py:190} INFO - [2025-03-07T20:34:21.470+0100] {dag.py:4180} INFO - Setting next_dagrun for dataset_alias_example_alias_consumer to None, run_after=None
[2025-03-07T20:34:21.472+0100] {logging_mixin.py:190} INFO - [2025-03-07T20:34:21.472+0100] {dag.py:4180} INFO - Setting next_dagrun for dataset_alias_example_alias_producer to None, run_after=None
[2025-03-07T20:34:21.473+0100] {logging_mixin.py:190} INFO - [2025-03-07T20:34:21.473+0100] {dag.py:4180} INFO - Setting next_dagrun for dataset_s3_bucket_consumer to None, run_after=None
[2025-03-07T20:34:21.474+0100] {logging_mixin.py:190} INFO - [2025-03-07T20:34:21.474+0100] {dag.py:4180} INFO - Setting next_dagrun for dataset_s3_bucket_producer to None, run_after=None
[2025-03-07T20:34:21.496+0100] {processor.py:208} INFO - Processing /usr/local/anaconda3/envs/airflow_env/lib/python3.8/site-packages/airflow/example_dags/example_dataset_alias.py took 0.274 seconds
[2025-03-07T20:46:04.613+0100] {processor.py:186} INFO - Started process (PID=23636) to work on /usr/local/anaconda3/envs/airflow_env/lib/python3.8/site-packages/airflow/example_dags/example_dataset_alias.py
[2025-03-07T20:46:04.616+0100] {processor.py:914} INFO - Processing file /usr/local/anaconda3/envs/airflow_env/lib/python3.8/site-packages/airflow/example_dags/example_dataset_alias.py for tasks to queue
[2025-03-07T20:46:04.617+0100] {logging_mixin.py:190} INFO - [2025-03-07T20:46:04.617+0100] {dagbag.py:588} INFO - Filling up the DagBag from /usr/local/anaconda3/envs/airflow_env/lib/python3.8/site-packages/airflow/example_dags/example_dataset_alias.py
[2025-03-07T20:46:04.737+0100] {processor.py:925} INFO - DAG(s) 'dataset_s3_bucket_producer', 'dataset_s3_bucket_consumer', 'dataset_alias_example_alias_producer', 'dataset_alias_example_alias_consumer' retrieved from /usr/local/anaconda3/envs/airflow_env/lib/python3.8/site-packages/airflow/example_dags/example_dataset_alias.py
[2025-03-07T20:46:04.753+0100] {logging_mixin.py:190} INFO - [2025-03-07T20:46:04.753+0100] {dag.py:3239} INFO - Sync 4 DAGs
[2025-03-07T20:46:04.764+0100] {logging_mixin.py:190} INFO - [2025-03-07T20:46:04.764+0100] {dag.py:4180} INFO - Setting next_dagrun for dataset_alias_example_alias_consumer to None, run_after=None
[2025-03-07T20:46:04.766+0100] {logging_mixin.py:190} INFO - [2025-03-07T20:46:04.766+0100] {dag.py:4180} INFO - Setting next_dagrun for dataset_alias_example_alias_producer to None, run_after=None
[2025-03-07T20:46:04.767+0100] {logging_mixin.py:190} INFO - [2025-03-07T20:46:04.766+0100] {dag.py:4180} INFO - Setting next_dagrun for dataset_s3_bucket_consumer to None, run_after=None
[2025-03-07T20:46:04.767+0100] {logging_mixin.py:190} INFO - [2025-03-07T20:46:04.767+0100] {dag.py:4180} INFO - Setting next_dagrun for dataset_s3_bucket_producer to None, run_after=None
[2025-03-07T20:46:04.781+0100] {processor.py:208} INFO - Processing /usr/local/anaconda3/envs/airflow_env/lib/python3.8/site-packages/airflow/example_dags/example_dataset_alias.py took 0.171 seconds
[2025-03-07T20:50:50.103+0100] {processor.py:186} INFO - Started process (PID=24121) to work on /usr/local/anaconda3/envs/airflow_env/lib/python3.8/site-packages/airflow/example_dags/example_dataset_alias.py
[2025-03-07T20:50:50.107+0100] {processor.py:914} INFO - Processing file /usr/local/anaconda3/envs/airflow_env/lib/python3.8/site-packages/airflow/example_dags/example_dataset_alias.py for tasks to queue
[2025-03-07T20:50:50.107+0100] {logging_mixin.py:190} INFO - [2025-03-07T20:50:50.107+0100] {dagbag.py:588} INFO - Filling up the DagBag from /usr/local/anaconda3/envs/airflow_env/lib/python3.8/site-packages/airflow/example_dags/example_dataset_alias.py
[2025-03-07T20:50:50.229+0100] {processor.py:925} INFO - DAG(s) 'dataset_s3_bucket_producer', 'dataset_alias_example_alias_consumer', 'dataset_s3_bucket_consumer', 'dataset_alias_example_alias_producer' retrieved from /usr/local/anaconda3/envs/airflow_env/lib/python3.8/site-packages/airflow/example_dags/example_dataset_alias.py
[2025-03-07T20:50:50.246+0100] {logging_mixin.py:190} INFO - [2025-03-07T20:50:50.246+0100] {dag.py:3239} INFO - Sync 4 DAGs
[2025-03-07T20:50:50.258+0100] {logging_mixin.py:190} INFO - [2025-03-07T20:50:50.258+0100] {dag.py:4180} INFO - Setting next_dagrun for dataset_alias_example_alias_consumer to None, run_after=None
[2025-03-07T20:50:50.260+0100] {logging_mixin.py:190} INFO - [2025-03-07T20:50:50.259+0100] {dag.py:4180} INFO - Setting next_dagrun for dataset_alias_example_alias_producer to None, run_after=None
[2025-03-07T20:50:50.260+0100] {logging_mixin.py:190} INFO - [2025-03-07T20:50:50.260+0100] {dag.py:4180} INFO - Setting next_dagrun for dataset_s3_bucket_consumer to None, run_after=None
[2025-03-07T20:50:50.261+0100] {logging_mixin.py:190} INFO - [2025-03-07T20:50:50.261+0100] {dag.py:4180} INFO - Setting next_dagrun for dataset_s3_bucket_producer to None, run_after=None
[2025-03-07T20:50:50.275+0100] {processor.py:208} INFO - Processing /usr/local/anaconda3/envs/airflow_env/lib/python3.8/site-packages/airflow/example_dags/example_dataset_alias.py took 0.174 seconds
[2025-03-07T20:55:35.728+0100] {processor.py:186} INFO - Started process (PID=24721) to work on /usr/local/anaconda3/envs/airflow_env/lib/python3.8/site-packages/airflow/example_dags/example_dataset_alias.py
[2025-03-07T20:55:35.732+0100] {processor.py:914} INFO - Processing file /usr/local/anaconda3/envs/airflow_env/lib/python3.8/site-packages/airflow/example_dags/example_dataset_alias.py for tasks to queue
[2025-03-07T20:55:35.733+0100] {logging_mixin.py:190} INFO - [2025-03-07T20:55:35.733+0100] {dagbag.py:588} INFO - Filling up the DagBag from /usr/local/anaconda3/envs/airflow_env/lib/python3.8/site-packages/airflow/example_dags/example_dataset_alias.py
[2025-03-07T20:55:35.861+0100] {processor.py:925} INFO - DAG(s) 'dataset_alias_example_alias_producer', 'dataset_alias_example_alias_consumer', 'dataset_s3_bucket_producer', 'dataset_s3_bucket_consumer' retrieved from /usr/local/anaconda3/envs/airflow_env/lib/python3.8/site-packages/airflow/example_dags/example_dataset_alias.py
[2025-03-07T20:55:35.879+0100] {logging_mixin.py:190} INFO - [2025-03-07T20:55:35.879+0100] {dag.py:3239} INFO - Sync 4 DAGs
[2025-03-07T20:55:35.892+0100] {logging_mixin.py:190} INFO - [2025-03-07T20:55:35.892+0100] {dag.py:4180} INFO - Setting next_dagrun for dataset_alias_example_alias_consumer to None, run_after=None
[2025-03-07T20:55:35.893+0100] {logging_mixin.py:190} INFO - [2025-03-07T20:55:35.893+0100] {dag.py:4180} INFO - Setting next_dagrun for dataset_alias_example_alias_producer to None, run_after=None
[2025-03-07T20:55:35.894+0100] {logging_mixin.py:190} INFO - [2025-03-07T20:55:35.894+0100] {dag.py:4180} INFO - Setting next_dagrun for dataset_s3_bucket_consumer to None, run_after=None
[2025-03-07T20:55:35.895+0100] {logging_mixin.py:190} INFO - [2025-03-07T20:55:35.895+0100] {dag.py:4180} INFO - Setting next_dagrun for dataset_s3_bucket_producer to None, run_after=None
[2025-03-07T20:55:35.910+0100] {processor.py:208} INFO - Processing /usr/local/anaconda3/envs/airflow_env/lib/python3.8/site-packages/airflow/example_dags/example_dataset_alias.py took 0.184 seconds
[2025-03-07T21:00:21.179+0100] {processor.py:186} INFO - Started process (PID=25118) to work on /usr/local/anaconda3/envs/airflow_env/lib/python3.8/site-packages/airflow/example_dags/example_dataset_alias.py
[2025-03-07T21:00:21.183+0100] {processor.py:914} INFO - Processing file /usr/local/anaconda3/envs/airflow_env/lib/python3.8/site-packages/airflow/example_dags/example_dataset_alias.py for tasks to queue
[2025-03-07T21:00:21.183+0100] {logging_mixin.py:190} INFO - [2025-03-07T21:00:21.183+0100] {dagbag.py:588} INFO - Filling up the DagBag from /usr/local/anaconda3/envs/airflow_env/lib/python3.8/site-packages/airflow/example_dags/example_dataset_alias.py
[2025-03-07T21:00:21.311+0100] {processor.py:925} INFO - DAG(s) 'dataset_s3_bucket_consumer', 'dataset_alias_example_alias_producer', 'dataset_s3_bucket_producer', 'dataset_alias_example_alias_consumer' retrieved from /usr/local/anaconda3/envs/airflow_env/lib/python3.8/site-packages/airflow/example_dags/example_dataset_alias.py
[2025-03-07T21:00:21.329+0100] {logging_mixin.py:190} INFO - [2025-03-07T21:00:21.329+0100] {dag.py:3239} INFO - Sync 4 DAGs
[2025-03-07T21:00:21.340+0100] {logging_mixin.py:190} INFO - [2025-03-07T21:00:21.340+0100] {dag.py:4180} INFO - Setting next_dagrun for dataset_alias_example_alias_consumer to None, run_after=None
[2025-03-07T21:00:21.342+0100] {logging_mixin.py:190} INFO - [2025-03-07T21:00:21.342+0100] {dag.py:4180} INFO - Setting next_dagrun for dataset_alias_example_alias_producer to None, run_after=None
[2025-03-07T21:00:21.342+0100] {logging_mixin.py:190} INFO - [2025-03-07T21:00:21.342+0100] {dag.py:4180} INFO - Setting next_dagrun for dataset_s3_bucket_consumer to None, run_after=None
[2025-03-07T21:00:21.343+0100] {logging_mixin.py:190} INFO - [2025-03-07T21:00:21.343+0100] {dag.py:4180} INFO - Setting next_dagrun for dataset_s3_bucket_producer to None, run_after=None
[2025-03-07T21:00:21.357+0100] {processor.py:208} INFO - Processing /usr/local/anaconda3/envs/airflow_env/lib/python3.8/site-packages/airflow/example_dags/example_dataset_alias.py took 0.180 seconds
[2025-03-07T21:03:59.665+0100] {processor.py:186} INFO - Started process (PID=25496) to work on /usr/local/anaconda3/envs/airflow_env/lib/python3.8/site-packages/airflow/example_dags/example_dataset_alias.py
[2025-03-07T21:03:59.668+0100] {processor.py:914} INFO - Processing file /usr/local/anaconda3/envs/airflow_env/lib/python3.8/site-packages/airflow/example_dags/example_dataset_alias.py for tasks to queue
[2025-03-07T21:03:59.669+0100] {logging_mixin.py:190} INFO - [2025-03-07T21:03:59.668+0100] {dagbag.py:588} INFO - Filling up the DagBag from /usr/local/anaconda3/envs/airflow_env/lib/python3.8/site-packages/airflow/example_dags/example_dataset_alias.py
[2025-03-07T21:03:59.792+0100] {processor.py:925} INFO - DAG(s) 'dataset_s3_bucket_consumer', 'dataset_alias_example_alias_producer', 'dataset_alias_example_alias_consumer', 'dataset_s3_bucket_producer' retrieved from /usr/local/anaconda3/envs/airflow_env/lib/python3.8/site-packages/airflow/example_dags/example_dataset_alias.py
[2025-03-07T21:03:59.809+0100] {logging_mixin.py:190} INFO - [2025-03-07T21:03:59.808+0100] {dag.py:3239} INFO - Sync 4 DAGs
[2025-03-07T21:03:59.821+0100] {logging_mixin.py:190} INFO - [2025-03-07T21:03:59.821+0100] {dag.py:4180} INFO - Setting next_dagrun for dataset_alias_example_alias_consumer to None, run_after=None
[2025-03-07T21:03:59.822+0100] {logging_mixin.py:190} INFO - [2025-03-07T21:03:59.822+0100] {dag.py:4180} INFO - Setting next_dagrun for dataset_alias_example_alias_producer to None, run_after=None
[2025-03-07T21:03:59.823+0100] {logging_mixin.py:190} INFO - [2025-03-07T21:03:59.823+0100] {dag.py:4180} INFO - Setting next_dagrun for dataset_s3_bucket_consumer to None, run_after=None
[2025-03-07T21:03:59.823+0100] {logging_mixin.py:190} INFO - [2025-03-07T21:03:59.823+0100] {dag.py:4180} INFO - Setting next_dagrun for dataset_s3_bucket_producer to None, run_after=None
[2025-03-07T21:03:59.837+0100] {processor.py:208} INFO - Processing /usr/local/anaconda3/envs/airflow_env/lib/python3.8/site-packages/airflow/example_dags/example_dataset_alias.py took 0.176 seconds
[2025-03-07T21:08:39.871+0100] {processor.py:186} INFO - Started process (PID=25988) to work on /usr/local/anaconda3/envs/airflow_env/lib/python3.8/site-packages/airflow/example_dags/example_dataset_alias.py
[2025-03-07T21:08:39.875+0100] {processor.py:914} INFO - Processing file /usr/local/anaconda3/envs/airflow_env/lib/python3.8/site-packages/airflow/example_dags/example_dataset_alias.py for tasks to queue
[2025-03-07T21:08:39.876+0100] {logging_mixin.py:190} INFO - [2025-03-07T21:08:39.876+0100] {dagbag.py:588} INFO - Filling up the DagBag from /usr/local/anaconda3/envs/airflow_env/lib/python3.8/site-packages/airflow/example_dags/example_dataset_alias.py
[2025-03-07T21:08:40.006+0100] {processor.py:925} INFO - DAG(s) 'dataset_s3_bucket_producer', 'dataset_alias_example_alias_consumer', 'dataset_s3_bucket_consumer', 'dataset_alias_example_alias_producer' retrieved from /usr/local/anaconda3/envs/airflow_env/lib/python3.8/site-packages/airflow/example_dags/example_dataset_alias.py
[2025-03-07T21:08:40.025+0100] {logging_mixin.py:190} INFO - [2025-03-07T21:08:40.025+0100] {dag.py:3239} INFO - Sync 4 DAGs
[2025-03-07T21:08:40.038+0100] {logging_mixin.py:190} INFO - [2025-03-07T21:08:40.038+0100] {dag.py:4180} INFO - Setting next_dagrun for dataset_alias_example_alias_consumer to None, run_after=None
[2025-03-07T21:08:40.040+0100] {logging_mixin.py:190} INFO - [2025-03-07T21:08:40.040+0100] {dag.py:4180} INFO - Setting next_dagrun for dataset_alias_example_alias_producer to None, run_after=None
[2025-03-07T21:08:40.041+0100] {logging_mixin.py:190} INFO - [2025-03-07T21:08:40.041+0100] {dag.py:4180} INFO - Setting next_dagrun for dataset_s3_bucket_consumer to None, run_after=None
[2025-03-07T21:08:40.041+0100] {logging_mixin.py:190} INFO - [2025-03-07T21:08:40.041+0100] {dag.py:4180} INFO - Setting next_dagrun for dataset_s3_bucket_producer to None, run_after=None
[2025-03-07T21:08:40.057+0100] {processor.py:208} INFO - Processing /usr/local/anaconda3/envs/airflow_env/lib/python3.8/site-packages/airflow/example_dags/example_dataset_alias.py took 0.189 seconds
