[2025-03-07T14:12:00.893+0100] {processor.py:186} INFO - Started process (PID=2799) to work on /usr/local/anaconda3/envs/airflow_env/lib/python3.8/site-packages/airflow/example_dags/example_params_trigger_ui.py
[2025-03-07T14:12:00.896+0100] {processor.py:914} INFO - Processing file /usr/local/anaconda3/envs/airflow_env/lib/python3.8/site-packages/airflow/example_dags/example_params_trigger_ui.py for tasks to queue
[2025-03-07T14:12:00.897+0100] {logging_mixin.py:190} INFO - [2025-03-07T14:12:00.896+0100] {dagbag.py:588} INFO - Filling up the DagBag from /usr/local/anaconda3/envs/airflow_env/lib/python3.8/site-packages/airflow/example_dags/example_params_trigger_ui.py
[2025-03-07T14:12:00.923+0100] {processor.py:925} INFO - DAG(s) 'example_params_trigger_ui' retrieved from /usr/local/anaconda3/envs/airflow_env/lib/python3.8/site-packages/airflow/example_dags/example_params_trigger_ui.py
[2025-03-07T14:12:01.083+0100] {logging_mixin.py:190} INFO - [2025-03-07T14:12:01.083+0100] {override.py:1901} INFO - Created Permission View: can edit on DAG:example_params_trigger_ui
[2025-03-07T14:12:01.089+0100] {logging_mixin.py:190} INFO - [2025-03-07T14:12:01.089+0100] {override.py:1901} INFO - Created Permission View: can read on DAG:example_params_trigger_ui
[2025-03-07T14:12:01.093+0100] {logging_mixin.py:190} INFO - [2025-03-07T14:12:01.093+0100] {override.py:1901} INFO - Created Permission View: can delete on DAG:example_params_trigger_ui
[2025-03-07T14:12:01.098+0100] {logging_mixin.py:190} INFO - [2025-03-07T14:12:01.098+0100] {override.py:1901} INFO - Created Permission View: can create on DAG Run:example_params_trigger_ui
[2025-03-07T14:12:01.102+0100] {logging_mixin.py:190} INFO - [2025-03-07T14:12:01.102+0100] {override.py:1901} INFO - Created Permission View: can read on DAG Run:example_params_trigger_ui
[2025-03-07T14:12:01.106+0100] {logging_mixin.py:190} INFO - [2025-03-07T14:12:01.106+0100] {override.py:1901} INFO - Created Permission View: can delete on DAG Run:example_params_trigger_ui
[2025-03-07T14:12:01.110+0100] {logging_mixin.py:190} INFO - [2025-03-07T14:12:01.110+0100] {override.py:1901} INFO - Created Permission View: menu access on DAG Run:example_params_trigger_ui
[2025-03-07T14:12:01.110+0100] {logging_mixin.py:190} INFO - [2025-03-07T14:12:01.110+0100] {dag.py:3239} INFO - Sync 1 DAGs
[2025-03-07T14:12:01.119+0100] {logging_mixin.py:190} INFO - [2025-03-07T14:12:01.119+0100] {dag.py:3262} INFO - Creating ORM DAG for example_params_trigger_ui
[2025-03-07T14:12:01.119+0100] {logging_mixin.py:190} INFO - [2025-03-07T14:12:01.119+0100] {dag.py:4180} INFO - Setting next_dagrun for example_params_trigger_ui to None, run_after=None
[2025-03-07T14:12:01.130+0100] {processor.py:208} INFO - Processing /usr/local/anaconda3/envs/airflow_env/lib/python3.8/site-packages/airflow/example_dags/example_params_trigger_ui.py took 0.241 seconds
[2025-03-07T14:15:26.040+0100] {processor.py:186} INFO - Started process (PID=3120) to work on /usr/local/anaconda3/envs/airflow_env/lib/python3.8/site-packages/airflow/example_dags/example_params_trigger_ui.py
[2025-03-07T14:15:26.043+0100] {processor.py:914} INFO - Processing file /usr/local/anaconda3/envs/airflow_env/lib/python3.8/site-packages/airflow/example_dags/example_params_trigger_ui.py for tasks to queue
[2025-03-07T14:15:26.043+0100] {logging_mixin.py:190} INFO - [2025-03-07T14:15:26.043+0100] {dagbag.py:588} INFO - Filling up the DagBag from /usr/local/anaconda3/envs/airflow_env/lib/python3.8/site-packages/airflow/example_dags/example_params_trigger_ui.py
[2025-03-07T14:15:26.068+0100] {processor.py:925} INFO - DAG(s) 'example_params_trigger_ui' retrieved from /usr/local/anaconda3/envs/airflow_env/lib/python3.8/site-packages/airflow/example_dags/example_params_trigger_ui.py
[2025-03-07T14:15:26.155+0100] {logging_mixin.py:190} INFO - [2025-03-07T14:15:26.155+0100] {dag.py:3239} INFO - Sync 1 DAGs
[2025-03-07T14:15:26.162+0100] {logging_mixin.py:190} INFO - [2025-03-07T14:15:26.162+0100] {dag.py:4180} INFO - Setting next_dagrun for example_params_trigger_ui to None, run_after=None
[2025-03-07T14:15:26.175+0100] {processor.py:208} INFO - Processing /usr/local/anaconda3/envs/airflow_env/lib/python3.8/site-packages/airflow/example_dags/example_params_trigger_ui.py took 0.138 seconds
[2025-03-07T14:17:36.927+0100] {processor.py:186} INFO - Started process (PID=3382) to work on /usr/local/anaconda3/envs/airflow_env/lib/python3.8/site-packages/airflow/example_dags/example_params_trigger_ui.py
[2025-03-07T14:17:36.930+0100] {processor.py:914} INFO - Processing file /usr/local/anaconda3/envs/airflow_env/lib/python3.8/site-packages/airflow/example_dags/example_params_trigger_ui.py for tasks to queue
[2025-03-07T14:17:36.931+0100] {logging_mixin.py:190} INFO - [2025-03-07T14:17:36.931+0100] {dagbag.py:588} INFO - Filling up the DagBag from /usr/local/anaconda3/envs/airflow_env/lib/python3.8/site-packages/airflow/example_dags/example_params_trigger_ui.py
[2025-03-07T14:17:36.957+0100] {processor.py:925} INFO - DAG(s) 'example_params_trigger_ui' retrieved from /usr/local/anaconda3/envs/airflow_env/lib/python3.8/site-packages/airflow/example_dags/example_params_trigger_ui.py
[2025-03-07T14:17:37.049+0100] {logging_mixin.py:190} INFO - [2025-03-07T14:17:37.049+0100] {dag.py:3239} INFO - Sync 1 DAGs
[2025-03-07T14:17:37.057+0100] {logging_mixin.py:190} INFO - [2025-03-07T14:17:37.057+0100] {dag.py:4180} INFO - Setting next_dagrun for example_params_trigger_ui to None, run_after=None
[2025-03-07T14:17:37.071+0100] {processor.py:208} INFO - Processing /usr/local/anaconda3/envs/airflow_env/lib/python3.8/site-packages/airflow/example_dags/example_params_trigger_ui.py took 0.147 seconds
[2025-03-07T14:19:52.988+0100] {processor.py:186} INFO - Started process (PID=3655) to work on /usr/local/anaconda3/envs/airflow_env/lib/python3.8/site-packages/airflow/example_dags/example_params_trigger_ui.py
[2025-03-07T14:19:52.991+0100] {processor.py:914} INFO - Processing file /usr/local/anaconda3/envs/airflow_env/lib/python3.8/site-packages/airflow/example_dags/example_params_trigger_ui.py for tasks to queue
[2025-03-07T14:19:52.992+0100] {logging_mixin.py:190} INFO - [2025-03-07T14:19:52.992+0100] {dagbag.py:588} INFO - Filling up the DagBag from /usr/local/anaconda3/envs/airflow_env/lib/python3.8/site-packages/airflow/example_dags/example_params_trigger_ui.py
[2025-03-07T14:19:53.019+0100] {processor.py:925} INFO - DAG(s) 'example_params_trigger_ui' retrieved from /usr/local/anaconda3/envs/airflow_env/lib/python3.8/site-packages/airflow/example_dags/example_params_trigger_ui.py
[2025-03-07T14:19:53.108+0100] {logging_mixin.py:190} INFO - [2025-03-07T14:19:53.107+0100] {dag.py:3239} INFO - Sync 1 DAGs
[2025-03-07T14:19:53.115+0100] {logging_mixin.py:190} INFO - [2025-03-07T14:19:53.115+0100] {dag.py:4180} INFO - Setting next_dagrun for example_params_trigger_ui to None, run_after=None
[2025-03-07T14:19:53.127+0100] {processor.py:208} INFO - Processing /usr/local/anaconda3/envs/airflow_env/lib/python3.8/site-packages/airflow/example_dags/example_params_trigger_ui.py took 0.143 seconds
[2025-03-07T14:22:09.925+0100] {processor.py:186} INFO - Started process (PID=3883) to work on /usr/local/anaconda3/envs/airflow_env/lib/python3.8/site-packages/airflow/example_dags/example_params_trigger_ui.py
[2025-03-07T14:22:09.928+0100] {processor.py:914} INFO - Processing file /usr/local/anaconda3/envs/airflow_env/lib/python3.8/site-packages/airflow/example_dags/example_params_trigger_ui.py for tasks to queue
[2025-03-07T14:22:09.929+0100] {logging_mixin.py:190} INFO - [2025-03-07T14:22:09.929+0100] {dagbag.py:588} INFO - Filling up the DagBag from /usr/local/anaconda3/envs/airflow_env/lib/python3.8/site-packages/airflow/example_dags/example_params_trigger_ui.py
[2025-03-07T14:22:09.956+0100] {processor.py:925} INFO - DAG(s) 'example_params_trigger_ui' retrieved from /usr/local/anaconda3/envs/airflow_env/lib/python3.8/site-packages/airflow/example_dags/example_params_trigger_ui.py
[2025-03-07T14:22:10.047+0100] {logging_mixin.py:190} INFO - [2025-03-07T14:22:10.046+0100] {dag.py:3239} INFO - Sync 1 DAGs
[2025-03-07T14:22:10.054+0100] {logging_mixin.py:190} INFO - [2025-03-07T14:22:10.054+0100] {dag.py:4180} INFO - Setting next_dagrun for example_params_trigger_ui to None, run_after=None
[2025-03-07T14:22:10.067+0100] {processor.py:208} INFO - Processing /usr/local/anaconda3/envs/airflow_env/lib/python3.8/site-packages/airflow/example_dags/example_params_trigger_ui.py took 0.145 seconds
[2025-03-07T14:24:33.387+0100] {processor.py:186} INFO - Started process (PID=4137) to work on /usr/local/anaconda3/envs/airflow_env/lib/python3.8/site-packages/airflow/example_dags/example_params_trigger_ui.py
[2025-03-07T14:24:33.390+0100] {processor.py:914} INFO - Processing file /usr/local/anaconda3/envs/airflow_env/lib/python3.8/site-packages/airflow/example_dags/example_params_trigger_ui.py for tasks to queue
[2025-03-07T14:24:33.390+0100] {logging_mixin.py:190} INFO - [2025-03-07T14:24:33.390+0100] {dagbag.py:588} INFO - Filling up the DagBag from /usr/local/anaconda3/envs/airflow_env/lib/python3.8/site-packages/airflow/example_dags/example_params_trigger_ui.py
[2025-03-07T14:24:33.418+0100] {processor.py:925} INFO - DAG(s) 'example_params_trigger_ui' retrieved from /usr/local/anaconda3/envs/airflow_env/lib/python3.8/site-packages/airflow/example_dags/example_params_trigger_ui.py
[2025-03-07T14:24:33.506+0100] {logging_mixin.py:190} INFO - [2025-03-07T14:24:33.506+0100] {dag.py:3239} INFO - Sync 1 DAGs
[2025-03-07T14:24:33.514+0100] {logging_mixin.py:190} INFO - [2025-03-07T14:24:33.513+0100] {dag.py:4180} INFO - Setting next_dagrun for example_params_trigger_ui to None, run_after=None
[2025-03-07T14:24:33.525+0100] {processor.py:208} INFO - Processing /usr/local/anaconda3/envs/airflow_env/lib/python3.8/site-packages/airflow/example_dags/example_params_trigger_ui.py took 0.142 seconds
[2025-03-07T14:44:53.820+0100] {processor.py:186} INFO - Started process (PID=4981) to work on /usr/local/anaconda3/envs/airflow_env/lib/python3.8/site-packages/airflow/example_dags/example_params_trigger_ui.py
[2025-03-07T14:44:53.824+0100] {processor.py:914} INFO - Processing file /usr/local/anaconda3/envs/airflow_env/lib/python3.8/site-packages/airflow/example_dags/example_params_trigger_ui.py for tasks to queue
[2025-03-07T14:44:53.824+0100] {logging_mixin.py:190} INFO - [2025-03-07T14:44:53.824+0100] {dagbag.py:588} INFO - Filling up the DagBag from /usr/local/anaconda3/envs/airflow_env/lib/python3.8/site-packages/airflow/example_dags/example_params_trigger_ui.py
[2025-03-07T14:44:53.852+0100] {processor.py:925} INFO - DAG(s) 'example_params_trigger_ui' retrieved from /usr/local/anaconda3/envs/airflow_env/lib/python3.8/site-packages/airflow/example_dags/example_params_trigger_ui.py
[2025-03-07T14:44:53.945+0100] {logging_mixin.py:190} INFO - [2025-03-07T14:44:53.945+0100] {dag.py:3239} INFO - Sync 1 DAGs
[2025-03-07T14:44:53.953+0100] {logging_mixin.py:190} INFO - [2025-03-07T14:44:53.953+0100] {dag.py:4180} INFO - Setting next_dagrun for example_params_trigger_ui to None, run_after=None
[2025-03-07T14:44:53.965+0100] {processor.py:208} INFO - Processing /usr/local/anaconda3/envs/airflow_env/lib/python3.8/site-packages/airflow/example_dags/example_params_trigger_ui.py took 0.148 seconds
[2025-03-07T14:47:45.225+0100] {processor.py:186} INFO - Started process (PID=5247) to work on /usr/local/anaconda3/envs/airflow_env/lib/python3.8/site-packages/airflow/example_dags/example_params_trigger_ui.py
[2025-03-07T14:47:45.228+0100] {processor.py:914} INFO - Processing file /usr/local/anaconda3/envs/airflow_env/lib/python3.8/site-packages/airflow/example_dags/example_params_trigger_ui.py for tasks to queue
[2025-03-07T14:47:45.228+0100] {logging_mixin.py:190} INFO - [2025-03-07T14:47:45.228+0100] {dagbag.py:588} INFO - Filling up the DagBag from /usr/local/anaconda3/envs/airflow_env/lib/python3.8/site-packages/airflow/example_dags/example_params_trigger_ui.py
[2025-03-07T14:47:45.254+0100] {processor.py:925} INFO - DAG(s) 'example_params_trigger_ui' retrieved from /usr/local/anaconda3/envs/airflow_env/lib/python3.8/site-packages/airflow/example_dags/example_params_trigger_ui.py
[2025-03-07T14:47:45.343+0100] {logging_mixin.py:190} INFO - [2025-03-07T14:47:45.343+0100] {dag.py:3239} INFO - Sync 1 DAGs
[2025-03-07T14:47:45.352+0100] {logging_mixin.py:190} INFO - [2025-03-07T14:47:45.352+0100] {dag.py:4180} INFO - Setting next_dagrun for example_params_trigger_ui to None, run_after=None
[2025-03-07T14:47:45.364+0100] {processor.py:208} INFO - Processing /usr/local/anaconda3/envs/airflow_env/lib/python3.8/site-packages/airflow/example_dags/example_params_trigger_ui.py took 0.142 seconds
[2025-03-07T14:50:48.393+0100] {processor.py:186} INFO - Started process (PID=5655) to work on /usr/local/anaconda3/envs/airflow_env/lib/python3.8/site-packages/airflow/example_dags/example_params_trigger_ui.py
[2025-03-07T14:50:48.397+0100] {processor.py:914} INFO - Processing file /usr/local/anaconda3/envs/airflow_env/lib/python3.8/site-packages/airflow/example_dags/example_params_trigger_ui.py for tasks to queue
[2025-03-07T14:50:48.398+0100] {logging_mixin.py:190} INFO - [2025-03-07T14:50:48.397+0100] {dagbag.py:588} INFO - Filling up the DagBag from /usr/local/anaconda3/envs/airflow_env/lib/python3.8/site-packages/airflow/example_dags/example_params_trigger_ui.py
[2025-03-07T14:50:48.427+0100] {processor.py:925} INFO - DAG(s) 'example_params_trigger_ui' retrieved from /usr/local/anaconda3/envs/airflow_env/lib/python3.8/site-packages/airflow/example_dags/example_params_trigger_ui.py
[2025-03-07T14:50:48.535+0100] {logging_mixin.py:190} INFO - [2025-03-07T14:50:48.535+0100] {dag.py:3239} INFO - Sync 1 DAGs
[2025-03-07T14:50:48.553+0100] {logging_mixin.py:190} INFO - [2025-03-07T14:50:48.553+0100] {dag.py:4180} INFO - Setting next_dagrun for example_params_trigger_ui to None, run_after=None
[2025-03-07T14:50:48.567+0100] {processor.py:208} INFO - Processing /usr/local/anaconda3/envs/airflow_env/lib/python3.8/site-packages/airflow/example_dags/example_params_trigger_ui.py took 0.178 seconds
[2025-03-07T14:54:18.428+0100] {processor.py:186} INFO - Started process (PID=6096) to work on /usr/local/anaconda3/envs/airflow_env/lib/python3.8/site-packages/airflow/example_dags/example_params_trigger_ui.py
[2025-03-07T14:54:18.431+0100] {processor.py:914} INFO - Processing file /usr/local/anaconda3/envs/airflow_env/lib/python3.8/site-packages/airflow/example_dags/example_params_trigger_ui.py for tasks to queue
[2025-03-07T14:54:18.432+0100] {logging_mixin.py:190} INFO - [2025-03-07T14:54:18.432+0100] {dagbag.py:588} INFO - Filling up the DagBag from /usr/local/anaconda3/envs/airflow_env/lib/python3.8/site-packages/airflow/example_dags/example_params_trigger_ui.py
[2025-03-07T14:54:18.457+0100] {processor.py:925} INFO - DAG(s) 'example_params_trigger_ui' retrieved from /usr/local/anaconda3/envs/airflow_env/lib/python3.8/site-packages/airflow/example_dags/example_params_trigger_ui.py
[2025-03-07T14:54:18.544+0100] {logging_mixin.py:190} INFO - [2025-03-07T14:54:18.544+0100] {dag.py:3239} INFO - Sync 1 DAGs
[2025-03-07T14:54:18.552+0100] {logging_mixin.py:190} INFO - [2025-03-07T14:54:18.551+0100] {dag.py:4180} INFO - Setting next_dagrun for example_params_trigger_ui to None, run_after=None
[2025-03-07T14:54:18.563+0100] {processor.py:208} INFO - Processing /usr/local/anaconda3/envs/airflow_env/lib/python3.8/site-packages/airflow/example_dags/example_params_trigger_ui.py took 0.138 seconds
[2025-03-07T14:57:00.967+0100] {processor.py:186} INFO - Started process (PID=6420) to work on /usr/local/anaconda3/envs/airflow_env/lib/python3.8/site-packages/airflow/example_dags/example_params_trigger_ui.py
[2025-03-07T14:57:00.970+0100] {processor.py:914} INFO - Processing file /usr/local/anaconda3/envs/airflow_env/lib/python3.8/site-packages/airflow/example_dags/example_params_trigger_ui.py for tasks to queue
[2025-03-07T14:57:00.971+0100] {logging_mixin.py:190} INFO - [2025-03-07T14:57:00.971+0100] {dagbag.py:588} INFO - Filling up the DagBag from /usr/local/anaconda3/envs/airflow_env/lib/python3.8/site-packages/airflow/example_dags/example_params_trigger_ui.py
[2025-03-07T14:57:00.996+0100] {processor.py:925} INFO - DAG(s) 'example_params_trigger_ui' retrieved from /usr/local/anaconda3/envs/airflow_env/lib/python3.8/site-packages/airflow/example_dags/example_params_trigger_ui.py
[2025-03-07T14:57:01.082+0100] {logging_mixin.py:190} INFO - [2025-03-07T14:57:01.082+0100] {dag.py:3239} INFO - Sync 1 DAGs
[2025-03-07T14:57:01.090+0100] {logging_mixin.py:190} INFO - [2025-03-07T14:57:01.090+0100] {dag.py:4180} INFO - Setting next_dagrun for example_params_trigger_ui to None, run_after=None
[2025-03-07T14:57:01.102+0100] {processor.py:208} INFO - Processing /usr/local/anaconda3/envs/airflow_env/lib/python3.8/site-packages/airflow/example_dags/example_params_trigger_ui.py took 0.137 seconds
[2025-03-07T14:59:12.246+0100] {processor.py:186} INFO - Started process (PID=6700) to work on /usr/local/anaconda3/envs/airflow_env/lib/python3.8/site-packages/airflow/example_dags/example_params_trigger_ui.py
[2025-03-07T14:59:12.249+0100] {processor.py:914} INFO - Processing file /usr/local/anaconda3/envs/airflow_env/lib/python3.8/site-packages/airflow/example_dags/example_params_trigger_ui.py for tasks to queue
[2025-03-07T14:59:12.250+0100] {logging_mixin.py:190} INFO - [2025-03-07T14:59:12.250+0100] {dagbag.py:588} INFO - Filling up the DagBag from /usr/local/anaconda3/envs/airflow_env/lib/python3.8/site-packages/airflow/example_dags/example_params_trigger_ui.py
[2025-03-07T14:59:12.276+0100] {processor.py:925} INFO - DAG(s) 'example_params_trigger_ui' retrieved from /usr/local/anaconda3/envs/airflow_env/lib/python3.8/site-packages/airflow/example_dags/example_params_trigger_ui.py
[2025-03-07T14:59:12.364+0100] {logging_mixin.py:190} INFO - [2025-03-07T14:59:12.363+0100] {dag.py:3239} INFO - Sync 1 DAGs
[2025-03-07T14:59:12.371+0100] {logging_mixin.py:190} INFO - [2025-03-07T14:59:12.371+0100] {dag.py:4180} INFO - Setting next_dagrun for example_params_trigger_ui to None, run_after=None
[2025-03-07T14:59:12.383+0100] {processor.py:208} INFO - Processing /usr/local/anaconda3/envs/airflow_env/lib/python3.8/site-packages/airflow/example_dags/example_params_trigger_ui.py took 0.140 seconds
[2025-03-07T15:01:38.554+0100] {processor.py:186} INFO - Started process (PID=6973) to work on /usr/local/anaconda3/envs/airflow_env/lib/python3.8/site-packages/airflow/example_dags/example_params_trigger_ui.py
[2025-03-07T15:01:38.557+0100] {processor.py:914} INFO - Processing file /usr/local/anaconda3/envs/airflow_env/lib/python3.8/site-packages/airflow/example_dags/example_params_trigger_ui.py for tasks to queue
[2025-03-07T15:01:38.558+0100] {logging_mixin.py:190} INFO - [2025-03-07T15:01:38.558+0100] {dagbag.py:588} INFO - Filling up the DagBag from /usr/local/anaconda3/envs/airflow_env/lib/python3.8/site-packages/airflow/example_dags/example_params_trigger_ui.py
[2025-03-07T15:01:38.586+0100] {processor.py:925} INFO - DAG(s) 'example_params_trigger_ui' retrieved from /usr/local/anaconda3/envs/airflow_env/lib/python3.8/site-packages/airflow/example_dags/example_params_trigger_ui.py
[2025-03-07T15:01:38.680+0100] {logging_mixin.py:190} INFO - [2025-03-07T15:01:38.680+0100] {dag.py:3239} INFO - Sync 1 DAGs
[2025-03-07T15:01:38.688+0100] {logging_mixin.py:190} INFO - [2025-03-07T15:01:38.688+0100] {dag.py:4180} INFO - Setting next_dagrun for example_params_trigger_ui to None, run_after=None
[2025-03-07T15:01:38.700+0100] {processor.py:208} INFO - Processing /usr/local/anaconda3/envs/airflow_env/lib/python3.8/site-packages/airflow/example_dags/example_params_trigger_ui.py took 0.149 seconds
[2025-03-07T15:03:56.418+0100] {processor.py:186} INFO - Started process (PID=7201) to work on /usr/local/anaconda3/envs/airflow_env/lib/python3.8/site-packages/airflow/example_dags/example_params_trigger_ui.py
[2025-03-07T15:03:56.421+0100] {processor.py:914} INFO - Processing file /usr/local/anaconda3/envs/airflow_env/lib/python3.8/site-packages/airflow/example_dags/example_params_trigger_ui.py for tasks to queue
[2025-03-07T15:03:56.422+0100] {logging_mixin.py:190} INFO - [2025-03-07T15:03:56.422+0100] {dagbag.py:588} INFO - Filling up the DagBag from /usr/local/anaconda3/envs/airflow_env/lib/python3.8/site-packages/airflow/example_dags/example_params_trigger_ui.py
[2025-03-07T15:03:56.448+0100] {processor.py:925} INFO - DAG(s) 'example_params_trigger_ui' retrieved from /usr/local/anaconda3/envs/airflow_env/lib/python3.8/site-packages/airflow/example_dags/example_params_trigger_ui.py
[2025-03-07T15:03:56.536+0100] {logging_mixin.py:190} INFO - [2025-03-07T15:03:56.536+0100] {dag.py:3239} INFO - Sync 1 DAGs
[2025-03-07T15:03:56.544+0100] {logging_mixin.py:190} INFO - [2025-03-07T15:03:56.543+0100] {dag.py:4180} INFO - Setting next_dagrun for example_params_trigger_ui to None, run_after=None
[2025-03-07T15:03:56.555+0100] {processor.py:208} INFO - Processing /usr/local/anaconda3/envs/airflow_env/lib/python3.8/site-packages/airflow/example_dags/example_params_trigger_ui.py took 0.141 seconds
[2025-03-07T15:06:14.520+0100] {processor.py:186} INFO - Started process (PID=7454) to work on /usr/local/anaconda3/envs/airflow_env/lib/python3.8/site-packages/airflow/example_dags/example_params_trigger_ui.py
[2025-03-07T15:06:14.524+0100] {processor.py:914} INFO - Processing file /usr/local/anaconda3/envs/airflow_env/lib/python3.8/site-packages/airflow/example_dags/example_params_trigger_ui.py for tasks to queue
[2025-03-07T15:06:14.525+0100] {logging_mixin.py:190} INFO - [2025-03-07T15:06:14.524+0100] {dagbag.py:588} INFO - Filling up the DagBag from /usr/local/anaconda3/envs/airflow_env/lib/python3.8/site-packages/airflow/example_dags/example_params_trigger_ui.py
[2025-03-07T15:06:14.553+0100] {processor.py:925} INFO - DAG(s) 'example_params_trigger_ui' retrieved from /usr/local/anaconda3/envs/airflow_env/lib/python3.8/site-packages/airflow/example_dags/example_params_trigger_ui.py
[2025-03-07T15:06:14.660+0100] {logging_mixin.py:190} INFO - [2025-03-07T15:06:14.660+0100] {dag.py:3239} INFO - Sync 1 DAGs
[2025-03-07T15:06:14.670+0100] {logging_mixin.py:190} INFO - [2025-03-07T15:06:14.670+0100] {dag.py:4180} INFO - Setting next_dagrun for example_params_trigger_ui to None, run_after=None
[2025-03-07T15:06:14.686+0100] {processor.py:208} INFO - Processing /usr/local/anaconda3/envs/airflow_env/lib/python3.8/site-packages/airflow/example_dags/example_params_trigger_ui.py took 0.169 seconds
[2025-03-07T15:08:38.569+0100] {processor.py:186} INFO - Started process (PID=7697) to work on /usr/local/anaconda3/envs/airflow_env/lib/python3.8/site-packages/airflow/example_dags/example_params_trigger_ui.py
[2025-03-07T15:08:38.572+0100] {processor.py:914} INFO - Processing file /usr/local/anaconda3/envs/airflow_env/lib/python3.8/site-packages/airflow/example_dags/example_params_trigger_ui.py for tasks to queue
[2025-03-07T15:08:38.573+0100] {logging_mixin.py:190} INFO - [2025-03-07T15:08:38.573+0100] {dagbag.py:588} INFO - Filling up the DagBag from /usr/local/anaconda3/envs/airflow_env/lib/python3.8/site-packages/airflow/example_dags/example_params_trigger_ui.py
[2025-03-07T15:08:38.599+0100] {processor.py:925} INFO - DAG(s) 'example_params_trigger_ui' retrieved from /usr/local/anaconda3/envs/airflow_env/lib/python3.8/site-packages/airflow/example_dags/example_params_trigger_ui.py
[2025-03-07T15:08:38.688+0100] {logging_mixin.py:190} INFO - [2025-03-07T15:08:38.688+0100] {dag.py:3239} INFO - Sync 1 DAGs
[2025-03-07T15:08:38.697+0100] {logging_mixin.py:190} INFO - [2025-03-07T15:08:38.697+0100] {dag.py:4180} INFO - Setting next_dagrun for example_params_trigger_ui to None, run_after=None
[2025-03-07T15:08:38.709+0100] {processor.py:208} INFO - Processing /usr/local/anaconda3/envs/airflow_env/lib/python3.8/site-packages/airflow/example_dags/example_params_trigger_ui.py took 0.143 seconds
[2025-03-07T15:11:05.811+0100] {processor.py:186} INFO - Started process (PID=7926) to work on /usr/local/anaconda3/envs/airflow_env/lib/python3.8/site-packages/airflow/example_dags/example_params_trigger_ui.py
[2025-03-07T15:11:05.815+0100] {processor.py:914} INFO - Processing file /usr/local/anaconda3/envs/airflow_env/lib/python3.8/site-packages/airflow/example_dags/example_params_trigger_ui.py for tasks to queue
[2025-03-07T15:11:05.815+0100] {logging_mixin.py:190} INFO - [2025-03-07T15:11:05.815+0100] {dagbag.py:588} INFO - Filling up the DagBag from /usr/local/anaconda3/envs/airflow_env/lib/python3.8/site-packages/airflow/example_dags/example_params_trigger_ui.py
[2025-03-07T15:11:05.841+0100] {processor.py:925} INFO - DAG(s) 'example_params_trigger_ui' retrieved from /usr/local/anaconda3/envs/airflow_env/lib/python3.8/site-packages/airflow/example_dags/example_params_trigger_ui.py
[2025-03-07T15:11:05.931+0100] {logging_mixin.py:190} INFO - [2025-03-07T15:11:05.931+0100] {dag.py:3239} INFO - Sync 1 DAGs
[2025-03-07T15:11:05.940+0100] {logging_mixin.py:190} INFO - [2025-03-07T15:11:05.939+0100] {dag.py:4180} INFO - Setting next_dagrun for example_params_trigger_ui to None, run_after=None
[2025-03-07T15:11:05.952+0100] {processor.py:208} INFO - Processing /usr/local/anaconda3/envs/airflow_env/lib/python3.8/site-packages/airflow/example_dags/example_params_trigger_ui.py took 0.143 seconds
[2025-03-07T15:13:49.832+0100] {processor.py:186} INFO - Started process (PID=8324) to work on /usr/local/anaconda3/envs/airflow_env/lib/python3.8/site-packages/airflow/example_dags/example_params_trigger_ui.py
[2025-03-07T15:13:49.835+0100] {processor.py:914} INFO - Processing file /usr/local/anaconda3/envs/airflow_env/lib/python3.8/site-packages/airflow/example_dags/example_params_trigger_ui.py for tasks to queue
[2025-03-07T15:13:49.836+0100] {logging_mixin.py:190} INFO - [2025-03-07T15:13:49.836+0100] {dagbag.py:588} INFO - Filling up the DagBag from /usr/local/anaconda3/envs/airflow_env/lib/python3.8/site-packages/airflow/example_dags/example_params_trigger_ui.py
[2025-03-07T15:13:49.862+0100] {processor.py:925} INFO - DAG(s) 'example_params_trigger_ui' retrieved from /usr/local/anaconda3/envs/airflow_env/lib/python3.8/site-packages/airflow/example_dags/example_params_trigger_ui.py
[2025-03-07T15:13:49.974+0100] {logging_mixin.py:190} INFO - [2025-03-07T15:13:49.974+0100] {dag.py:3239} INFO - Sync 1 DAGs
[2025-03-07T15:13:49.982+0100] {logging_mixin.py:190} INFO - [2025-03-07T15:13:49.982+0100] {dag.py:4180} INFO - Setting next_dagrun for example_params_trigger_ui to None, run_after=None
[2025-03-07T15:13:49.993+0100] {processor.py:208} INFO - Processing /usr/local/anaconda3/envs/airflow_env/lib/python3.8/site-packages/airflow/example_dags/example_params_trigger_ui.py took 0.164 seconds
[2025-03-07T15:16:45.272+0100] {processor.py:186} INFO - Started process (PID=8558) to work on /usr/local/anaconda3/envs/airflow_env/lib/python3.8/site-packages/airflow/example_dags/example_params_trigger_ui.py
[2025-03-07T15:16:45.275+0100] {processor.py:914} INFO - Processing file /usr/local/anaconda3/envs/airflow_env/lib/python3.8/site-packages/airflow/example_dags/example_params_trigger_ui.py for tasks to queue
[2025-03-07T15:16:45.276+0100] {logging_mixin.py:190} INFO - [2025-03-07T15:16:45.276+0100] {dagbag.py:588} INFO - Filling up the DagBag from /usr/local/anaconda3/envs/airflow_env/lib/python3.8/site-packages/airflow/example_dags/example_params_trigger_ui.py
[2025-03-07T15:16:45.303+0100] {processor.py:925} INFO - DAG(s) 'example_params_trigger_ui' retrieved from /usr/local/anaconda3/envs/airflow_env/lib/python3.8/site-packages/airflow/example_dags/example_params_trigger_ui.py
[2025-03-07T15:16:45.395+0100] {logging_mixin.py:190} INFO - [2025-03-07T15:16:45.395+0100] {dag.py:3239} INFO - Sync 1 DAGs
[2025-03-07T15:16:45.403+0100] {logging_mixin.py:190} INFO - [2025-03-07T15:16:45.403+0100] {dag.py:4180} INFO - Setting next_dagrun for example_params_trigger_ui to None, run_after=None
[2025-03-07T15:16:45.416+0100] {processor.py:208} INFO - Processing /usr/local/anaconda3/envs/airflow_env/lib/python3.8/site-packages/airflow/example_dags/example_params_trigger_ui.py took 0.147 seconds
[2025-03-07T15:19:04.336+0100] {processor.py:186} INFO - Started process (PID=8922) to work on /usr/local/anaconda3/envs/airflow_env/lib/python3.8/site-packages/airflow/example_dags/example_params_trigger_ui.py
[2025-03-07T15:19:04.339+0100] {processor.py:914} INFO - Processing file /usr/local/anaconda3/envs/airflow_env/lib/python3.8/site-packages/airflow/example_dags/example_params_trigger_ui.py for tasks to queue
[2025-03-07T15:19:04.340+0100] {logging_mixin.py:190} INFO - [2025-03-07T15:19:04.340+0100] {dagbag.py:588} INFO - Filling up the DagBag from /usr/local/anaconda3/envs/airflow_env/lib/python3.8/site-packages/airflow/example_dags/example_params_trigger_ui.py
[2025-03-07T15:19:04.369+0100] {processor.py:925} INFO - DAG(s) 'example_params_trigger_ui' retrieved from /usr/local/anaconda3/envs/airflow_env/lib/python3.8/site-packages/airflow/example_dags/example_params_trigger_ui.py
[2025-03-07T15:19:04.461+0100] {logging_mixin.py:190} INFO - [2025-03-07T15:19:04.460+0100] {dag.py:3239} INFO - Sync 1 DAGs
[2025-03-07T15:19:04.469+0100] {logging_mixin.py:190} INFO - [2025-03-07T15:19:04.469+0100] {dag.py:4180} INFO - Setting next_dagrun for example_params_trigger_ui to None, run_after=None
[2025-03-07T15:19:04.481+0100] {processor.py:208} INFO - Processing /usr/local/anaconda3/envs/airflow_env/lib/python3.8/site-packages/airflow/example_dags/example_params_trigger_ui.py took 0.148 seconds
[2025-03-07T15:21:18.377+0100] {processor.py:186} INFO - Started process (PID=9217) to work on /usr/local/anaconda3/envs/airflow_env/lib/python3.8/site-packages/airflow/example_dags/example_params_trigger_ui.py
[2025-03-07T15:21:18.380+0100] {processor.py:914} INFO - Processing file /usr/local/anaconda3/envs/airflow_env/lib/python3.8/site-packages/airflow/example_dags/example_params_trigger_ui.py for tasks to queue
[2025-03-07T15:21:18.381+0100] {logging_mixin.py:190} INFO - [2025-03-07T15:21:18.381+0100] {dagbag.py:588} INFO - Filling up the DagBag from /usr/local/anaconda3/envs/airflow_env/lib/python3.8/site-packages/airflow/example_dags/example_params_trigger_ui.py
[2025-03-07T15:21:18.406+0100] {processor.py:925} INFO - DAG(s) 'example_params_trigger_ui' retrieved from /usr/local/anaconda3/envs/airflow_env/lib/python3.8/site-packages/airflow/example_dags/example_params_trigger_ui.py
[2025-03-07T15:21:18.492+0100] {logging_mixin.py:190} INFO - [2025-03-07T15:21:18.492+0100] {dag.py:3239} INFO - Sync 1 DAGs
[2025-03-07T15:21:18.500+0100] {logging_mixin.py:190} INFO - [2025-03-07T15:21:18.500+0100] {dag.py:4180} INFO - Setting next_dagrun for example_params_trigger_ui to None, run_after=None
[2025-03-07T15:21:18.511+0100] {processor.py:208} INFO - Processing /usr/local/anaconda3/envs/airflow_env/lib/python3.8/site-packages/airflow/example_dags/example_params_trigger_ui.py took 0.137 seconds
[2025-03-07T15:23:35.000+0100] {processor.py:186} INFO - Started process (PID=9493) to work on /usr/local/anaconda3/envs/airflow_env/lib/python3.8/site-packages/airflow/example_dags/example_params_trigger_ui.py
[2025-03-07T15:23:35.003+0100] {processor.py:914} INFO - Processing file /usr/local/anaconda3/envs/airflow_env/lib/python3.8/site-packages/airflow/example_dags/example_params_trigger_ui.py for tasks to queue
[2025-03-07T15:23:35.004+0100] {logging_mixin.py:190} INFO - [2025-03-07T15:23:35.004+0100] {dagbag.py:588} INFO - Filling up the DagBag from /usr/local/anaconda3/envs/airflow_env/lib/python3.8/site-packages/airflow/example_dags/example_params_trigger_ui.py
[2025-03-07T15:23:35.033+0100] {processor.py:925} INFO - DAG(s) 'example_params_trigger_ui' retrieved from /usr/local/anaconda3/envs/airflow_env/lib/python3.8/site-packages/airflow/example_dags/example_params_trigger_ui.py
[2025-03-07T15:23:35.132+0100] {logging_mixin.py:190} INFO - [2025-03-07T15:23:35.132+0100] {dag.py:3239} INFO - Sync 1 DAGs
[2025-03-07T15:23:35.142+0100] {logging_mixin.py:190} INFO - [2025-03-07T15:23:35.142+0100] {dag.py:4180} INFO - Setting next_dagrun for example_params_trigger_ui to None, run_after=None
[2025-03-07T15:23:35.156+0100] {processor.py:208} INFO - Processing /usr/local/anaconda3/envs/airflow_env/lib/python3.8/site-packages/airflow/example_dags/example_params_trigger_ui.py took 0.159 seconds
[2025-03-07T15:25:54.569+0100] {processor.py:186} INFO - Started process (PID=9822) to work on /usr/local/anaconda3/envs/airflow_env/lib/python3.8/site-packages/airflow/example_dags/example_params_trigger_ui.py
[2025-03-07T15:25:54.572+0100] {processor.py:914} INFO - Processing file /usr/local/anaconda3/envs/airflow_env/lib/python3.8/site-packages/airflow/example_dags/example_params_trigger_ui.py for tasks to queue
[2025-03-07T15:25:54.573+0100] {logging_mixin.py:190} INFO - [2025-03-07T15:25:54.573+0100] {dagbag.py:588} INFO - Filling up the DagBag from /usr/local/anaconda3/envs/airflow_env/lib/python3.8/site-packages/airflow/example_dags/example_params_trigger_ui.py
[2025-03-07T15:25:54.599+0100] {processor.py:925} INFO - DAG(s) 'example_params_trigger_ui' retrieved from /usr/local/anaconda3/envs/airflow_env/lib/python3.8/site-packages/airflow/example_dags/example_params_trigger_ui.py
[2025-03-07T15:25:54.690+0100] {logging_mixin.py:190} INFO - [2025-03-07T15:25:54.689+0100] {dag.py:3239} INFO - Sync 1 DAGs
[2025-03-07T15:25:54.698+0100] {logging_mixin.py:190} INFO - [2025-03-07T15:25:54.698+0100] {dag.py:4180} INFO - Setting next_dagrun for example_params_trigger_ui to None, run_after=None
[2025-03-07T15:25:54.709+0100] {processor.py:208} INFO - Processing /usr/local/anaconda3/envs/airflow_env/lib/python3.8/site-packages/airflow/example_dags/example_params_trigger_ui.py took 0.143 seconds
[2025-03-07T15:28:15.995+0100] {processor.py:186} INFO - Started process (PID=10158) to work on /usr/local/anaconda3/envs/airflow_env/lib/python3.8/site-packages/airflow/example_dags/example_params_trigger_ui.py
[2025-03-07T15:28:15.998+0100] {processor.py:914} INFO - Processing file /usr/local/anaconda3/envs/airflow_env/lib/python3.8/site-packages/airflow/example_dags/example_params_trigger_ui.py for tasks to queue
[2025-03-07T15:28:15.999+0100] {logging_mixin.py:190} INFO - [2025-03-07T15:28:15.999+0100] {dagbag.py:588} INFO - Filling up the DagBag from /usr/local/anaconda3/envs/airflow_env/lib/python3.8/site-packages/airflow/example_dags/example_params_trigger_ui.py
[2025-03-07T15:28:16.029+0100] {processor.py:925} INFO - DAG(s) 'example_params_trigger_ui' retrieved from /usr/local/anaconda3/envs/airflow_env/lib/python3.8/site-packages/airflow/example_dags/example_params_trigger_ui.py
[2025-03-07T15:28:16.122+0100] {logging_mixin.py:190} INFO - [2025-03-07T15:28:16.121+0100] {dag.py:3239} INFO - Sync 1 DAGs
[2025-03-07T15:28:16.130+0100] {logging_mixin.py:190} INFO - [2025-03-07T15:28:16.130+0100] {dag.py:4180} INFO - Setting next_dagrun for example_params_trigger_ui to None, run_after=None
[2025-03-07T15:28:16.142+0100] {processor.py:208} INFO - Processing /usr/local/anaconda3/envs/airflow_env/lib/python3.8/site-packages/airflow/example_dags/example_params_trigger_ui.py took 0.151 seconds
[2025-03-07T15:30:52.733+0100] {processor.py:186} INFO - Started process (PID=10402) to work on /usr/local/anaconda3/envs/airflow_env/lib/python3.8/site-packages/airflow/example_dags/example_params_trigger_ui.py
[2025-03-07T15:30:52.736+0100] {processor.py:914} INFO - Processing file /usr/local/anaconda3/envs/airflow_env/lib/python3.8/site-packages/airflow/example_dags/example_params_trigger_ui.py for tasks to queue
[2025-03-07T15:30:52.737+0100] {logging_mixin.py:190} INFO - [2025-03-07T15:30:52.736+0100] {dagbag.py:588} INFO - Filling up the DagBag from /usr/local/anaconda3/envs/airflow_env/lib/python3.8/site-packages/airflow/example_dags/example_params_trigger_ui.py
[2025-03-07T15:30:52.763+0100] {processor.py:925} INFO - DAG(s) 'example_params_trigger_ui' retrieved from /usr/local/anaconda3/envs/airflow_env/lib/python3.8/site-packages/airflow/example_dags/example_params_trigger_ui.py
[2025-03-07T15:30:52.850+0100] {logging_mixin.py:190} INFO - [2025-03-07T15:30:52.850+0100] {dag.py:3239} INFO - Sync 1 DAGs
[2025-03-07T15:30:52.858+0100] {logging_mixin.py:190} INFO - [2025-03-07T15:30:52.858+0100] {dag.py:4180} INFO - Setting next_dagrun for example_params_trigger_ui to None, run_after=None
[2025-03-07T15:30:52.870+0100] {processor.py:208} INFO - Processing /usr/local/anaconda3/envs/airflow_env/lib/python3.8/site-packages/airflow/example_dags/example_params_trigger_ui.py took 0.140 seconds
[2025-03-07T15:33:39.544+0100] {processor.py:186} INFO - Started process (PID=10674) to work on /usr/local/anaconda3/envs/airflow_env/lib/python3.8/site-packages/airflow/example_dags/example_params_trigger_ui.py
[2025-03-07T15:33:39.548+0100] {processor.py:914} INFO - Processing file /usr/local/anaconda3/envs/airflow_env/lib/python3.8/site-packages/airflow/example_dags/example_params_trigger_ui.py for tasks to queue
[2025-03-07T15:33:39.548+0100] {logging_mixin.py:190} INFO - [2025-03-07T15:33:39.548+0100] {dagbag.py:588} INFO - Filling up the DagBag from /usr/local/anaconda3/envs/airflow_env/lib/python3.8/site-packages/airflow/example_dags/example_params_trigger_ui.py
[2025-03-07T15:33:39.574+0100] {processor.py:925} INFO - DAG(s) 'example_params_trigger_ui' retrieved from /usr/local/anaconda3/envs/airflow_env/lib/python3.8/site-packages/airflow/example_dags/example_params_trigger_ui.py
[2025-03-07T15:33:39.661+0100] {logging_mixin.py:190} INFO - [2025-03-07T15:33:39.661+0100] {dag.py:3239} INFO - Sync 1 DAGs
[2025-03-07T15:33:39.669+0100] {logging_mixin.py:190} INFO - [2025-03-07T15:33:39.669+0100] {dag.py:4180} INFO - Setting next_dagrun for example_params_trigger_ui to None, run_after=None
[2025-03-07T15:33:39.680+0100] {processor.py:208} INFO - Processing /usr/local/anaconda3/envs/airflow_env/lib/python3.8/site-packages/airflow/example_dags/example_params_trigger_ui.py took 0.139 seconds
[2025-03-07T15:35:56.151+0100] {processor.py:186} INFO - Started process (PID=10952) to work on /usr/local/anaconda3/envs/airflow_env/lib/python3.8/site-packages/airflow/example_dags/example_params_trigger_ui.py
[2025-03-07T15:35:56.155+0100] {processor.py:914} INFO - Processing file /usr/local/anaconda3/envs/airflow_env/lib/python3.8/site-packages/airflow/example_dags/example_params_trigger_ui.py for tasks to queue
[2025-03-07T15:35:56.156+0100] {logging_mixin.py:190} INFO - [2025-03-07T15:35:56.155+0100] {dagbag.py:588} INFO - Filling up the DagBag from /usr/local/anaconda3/envs/airflow_env/lib/python3.8/site-packages/airflow/example_dags/example_params_trigger_ui.py
[2025-03-07T15:35:56.186+0100] {processor.py:925} INFO - DAG(s) 'example_params_trigger_ui' retrieved from /usr/local/anaconda3/envs/airflow_env/lib/python3.8/site-packages/airflow/example_dags/example_params_trigger_ui.py
[2025-03-07T15:35:56.277+0100] {logging_mixin.py:190} INFO - [2025-03-07T15:35:56.277+0100] {dag.py:3239} INFO - Sync 1 DAGs
[2025-03-07T15:35:56.285+0100] {logging_mixin.py:190} INFO - [2025-03-07T15:35:56.285+0100] {dag.py:4180} INFO - Setting next_dagrun for example_params_trigger_ui to None, run_after=None
[2025-03-07T15:35:56.298+0100] {processor.py:208} INFO - Processing /usr/local/anaconda3/envs/airflow_env/lib/python3.8/site-packages/airflow/example_dags/example_params_trigger_ui.py took 0.150 seconds
[2025-03-07T15:38:10.086+0100] {processor.py:186} INFO - Started process (PID=11205) to work on /usr/local/anaconda3/envs/airflow_env/lib/python3.8/site-packages/airflow/example_dags/example_params_trigger_ui.py
[2025-03-07T15:38:10.089+0100] {processor.py:914} INFO - Processing file /usr/local/anaconda3/envs/airflow_env/lib/python3.8/site-packages/airflow/example_dags/example_params_trigger_ui.py for tasks to queue
[2025-03-07T15:38:10.090+0100] {logging_mixin.py:190} INFO - [2025-03-07T15:38:10.090+0100] {dagbag.py:588} INFO - Filling up the DagBag from /usr/local/anaconda3/envs/airflow_env/lib/python3.8/site-packages/airflow/example_dags/example_params_trigger_ui.py
[2025-03-07T15:38:10.118+0100] {processor.py:925} INFO - DAG(s) 'example_params_trigger_ui' retrieved from /usr/local/anaconda3/envs/airflow_env/lib/python3.8/site-packages/airflow/example_dags/example_params_trigger_ui.py
[2025-03-07T15:38:10.209+0100] {logging_mixin.py:190} INFO - [2025-03-07T15:38:10.209+0100] {dag.py:3239} INFO - Sync 1 DAGs
[2025-03-07T15:38:10.218+0100] {logging_mixin.py:190} INFO - [2025-03-07T15:38:10.217+0100] {dag.py:4180} INFO - Setting next_dagrun for example_params_trigger_ui to None, run_after=None
[2025-03-07T15:38:10.231+0100] {processor.py:208} INFO - Processing /usr/local/anaconda3/envs/airflow_env/lib/python3.8/site-packages/airflow/example_dags/example_params_trigger_ui.py took 0.148 seconds
[2025-03-07T15:40:23.367+0100] {processor.py:186} INFO - Started process (PID=11428) to work on /usr/local/anaconda3/envs/airflow_env/lib/python3.8/site-packages/airflow/example_dags/example_params_trigger_ui.py
[2025-03-07T15:40:23.370+0100] {processor.py:914} INFO - Processing file /usr/local/anaconda3/envs/airflow_env/lib/python3.8/site-packages/airflow/example_dags/example_params_trigger_ui.py for tasks to queue
[2025-03-07T15:40:23.371+0100] {logging_mixin.py:190} INFO - [2025-03-07T15:40:23.371+0100] {dagbag.py:588} INFO - Filling up the DagBag from /usr/local/anaconda3/envs/airflow_env/lib/python3.8/site-packages/airflow/example_dags/example_params_trigger_ui.py
[2025-03-07T15:40:23.399+0100] {processor.py:925} INFO - DAG(s) 'example_params_trigger_ui' retrieved from /usr/local/anaconda3/envs/airflow_env/lib/python3.8/site-packages/airflow/example_dags/example_params_trigger_ui.py
[2025-03-07T15:40:23.489+0100] {logging_mixin.py:190} INFO - [2025-03-07T15:40:23.489+0100] {dag.py:3239} INFO - Sync 1 DAGs
[2025-03-07T15:40:23.497+0100] {logging_mixin.py:190} INFO - [2025-03-07T15:40:23.497+0100] {dag.py:4180} INFO - Setting next_dagrun for example_params_trigger_ui to None, run_after=None
[2025-03-07T15:40:23.509+0100] {processor.py:208} INFO - Processing /usr/local/anaconda3/envs/airflow_env/lib/python3.8/site-packages/airflow/example_dags/example_params_trigger_ui.py took 0.144 seconds
[2025-03-07T15:42:35.030+0100] {processor.py:186} INFO - Started process (PID=11602) to work on /usr/local/anaconda3/envs/airflow_env/lib/python3.8/site-packages/airflow/example_dags/example_params_trigger_ui.py
[2025-03-07T15:42:35.034+0100] {processor.py:914} INFO - Processing file /usr/local/anaconda3/envs/airflow_env/lib/python3.8/site-packages/airflow/example_dags/example_params_trigger_ui.py for tasks to queue
[2025-03-07T15:42:35.035+0100] {logging_mixin.py:190} INFO - [2025-03-07T15:42:35.034+0100] {dagbag.py:588} INFO - Filling up the DagBag from /usr/local/anaconda3/envs/airflow_env/lib/python3.8/site-packages/airflow/example_dags/example_params_trigger_ui.py
[2025-03-07T15:42:35.064+0100] {processor.py:925} INFO - DAG(s) 'example_params_trigger_ui' retrieved from /usr/local/anaconda3/envs/airflow_env/lib/python3.8/site-packages/airflow/example_dags/example_params_trigger_ui.py
[2025-03-07T15:42:35.159+0100] {logging_mixin.py:190} INFO - [2025-03-07T15:42:35.159+0100] {dag.py:3239} INFO - Sync 1 DAGs
[2025-03-07T15:42:35.168+0100] {logging_mixin.py:190} INFO - [2025-03-07T15:42:35.168+0100] {dag.py:4180} INFO - Setting next_dagrun for example_params_trigger_ui to None, run_after=None
[2025-03-07T15:42:35.182+0100] {processor.py:208} INFO - Processing /usr/local/anaconda3/envs/airflow_env/lib/python3.8/site-packages/airflow/example_dags/example_params_trigger_ui.py took 0.155 seconds
[2025-03-07T15:44:41.627+0100] {processor.py:186} INFO - Started process (PID=11831) to work on /usr/local/anaconda3/envs/airflow_env/lib/python3.8/site-packages/airflow/example_dags/example_params_trigger_ui.py
[2025-03-07T15:44:41.630+0100] {processor.py:914} INFO - Processing file /usr/local/anaconda3/envs/airflow_env/lib/python3.8/site-packages/airflow/example_dags/example_params_trigger_ui.py for tasks to queue
[2025-03-07T15:44:41.631+0100] {logging_mixin.py:190} INFO - [2025-03-07T15:44:41.631+0100] {dagbag.py:588} INFO - Filling up the DagBag from /usr/local/anaconda3/envs/airflow_env/lib/python3.8/site-packages/airflow/example_dags/example_params_trigger_ui.py
[2025-03-07T15:44:41.656+0100] {processor.py:925} INFO - DAG(s) 'example_params_trigger_ui' retrieved from /usr/local/anaconda3/envs/airflow_env/lib/python3.8/site-packages/airflow/example_dags/example_params_trigger_ui.py
[2025-03-07T15:44:41.748+0100] {logging_mixin.py:190} INFO - [2025-03-07T15:44:41.748+0100] {dag.py:3239} INFO - Sync 1 DAGs
[2025-03-07T15:44:41.757+0100] {logging_mixin.py:190} INFO - [2025-03-07T15:44:41.757+0100] {dag.py:4180} INFO - Setting next_dagrun for example_params_trigger_ui to None, run_after=None
[2025-03-07T15:44:41.769+0100] {processor.py:208} INFO - Processing /usr/local/anaconda3/envs/airflow_env/lib/python3.8/site-packages/airflow/example_dags/example_params_trigger_ui.py took 0.145 seconds
[2025-03-07T15:47:11.598+0100] {processor.py:186} INFO - Started process (PID=12065) to work on /usr/local/anaconda3/envs/airflow_env/lib/python3.8/site-packages/airflow/example_dags/example_params_trigger_ui.py
[2025-03-07T15:47:11.601+0100] {processor.py:914} INFO - Processing file /usr/local/anaconda3/envs/airflow_env/lib/python3.8/site-packages/airflow/example_dags/example_params_trigger_ui.py for tasks to queue
[2025-03-07T15:47:11.602+0100] {logging_mixin.py:190} INFO - [2025-03-07T15:47:11.602+0100] {dagbag.py:588} INFO - Filling up the DagBag from /usr/local/anaconda3/envs/airflow_env/lib/python3.8/site-packages/airflow/example_dags/example_params_trigger_ui.py
[2025-03-07T15:47:11.628+0100] {processor.py:925} INFO - DAG(s) 'example_params_trigger_ui' retrieved from /usr/local/anaconda3/envs/airflow_env/lib/python3.8/site-packages/airflow/example_dags/example_params_trigger_ui.py
[2025-03-07T15:47:11.716+0100] {logging_mixin.py:190} INFO - [2025-03-07T15:47:11.716+0100] {dag.py:3239} INFO - Sync 1 DAGs
[2025-03-07T15:47:11.724+0100] {logging_mixin.py:190} INFO - [2025-03-07T15:47:11.724+0100] {dag.py:4180} INFO - Setting next_dagrun for example_params_trigger_ui to None, run_after=None
[2025-03-07T15:47:11.736+0100] {processor.py:208} INFO - Processing /usr/local/anaconda3/envs/airflow_env/lib/python3.8/site-packages/airflow/example_dags/example_params_trigger_ui.py took 0.140 seconds
[2025-03-07T15:49:26.263+0100] {processor.py:186} INFO - Started process (PID=12331) to work on /usr/local/anaconda3/envs/airflow_env/lib/python3.8/site-packages/airflow/example_dags/example_params_trigger_ui.py
[2025-03-07T15:49:26.266+0100] {processor.py:914} INFO - Processing file /usr/local/anaconda3/envs/airflow_env/lib/python3.8/site-packages/airflow/example_dags/example_params_trigger_ui.py for tasks to queue
[2025-03-07T15:49:26.267+0100] {logging_mixin.py:190} INFO - [2025-03-07T15:49:26.267+0100] {dagbag.py:588} INFO - Filling up the DagBag from /usr/local/anaconda3/envs/airflow_env/lib/python3.8/site-packages/airflow/example_dags/example_params_trigger_ui.py
[2025-03-07T15:49:26.293+0100] {processor.py:925} INFO - DAG(s) 'example_params_trigger_ui' retrieved from /usr/local/anaconda3/envs/airflow_env/lib/python3.8/site-packages/airflow/example_dags/example_params_trigger_ui.py
[2025-03-07T15:49:26.383+0100] {logging_mixin.py:190} INFO - [2025-03-07T15:49:26.382+0100] {dag.py:3239} INFO - Sync 1 DAGs
[2025-03-07T15:49:26.391+0100] {logging_mixin.py:190} INFO - [2025-03-07T15:49:26.390+0100] {dag.py:4180} INFO - Setting next_dagrun for example_params_trigger_ui to None, run_after=None
[2025-03-07T15:49:26.402+0100] {processor.py:208} INFO - Processing /usr/local/anaconda3/envs/airflow_env/lib/python3.8/site-packages/airflow/example_dags/example_params_trigger_ui.py took 0.142 seconds
[2025-03-07T15:51:44.479+0100] {processor.py:186} INFO - Started process (PID=12588) to work on /usr/local/anaconda3/envs/airflow_env/lib/python3.8/site-packages/airflow/example_dags/example_params_trigger_ui.py
[2025-03-07T15:51:44.483+0100] {processor.py:914} INFO - Processing file /usr/local/anaconda3/envs/airflow_env/lib/python3.8/site-packages/airflow/example_dags/example_params_trigger_ui.py for tasks to queue
[2025-03-07T15:51:44.484+0100] {logging_mixin.py:190} INFO - [2025-03-07T15:51:44.483+0100] {dagbag.py:588} INFO - Filling up the DagBag from /usr/local/anaconda3/envs/airflow_env/lib/python3.8/site-packages/airflow/example_dags/example_params_trigger_ui.py
[2025-03-07T15:51:44.512+0100] {processor.py:925} INFO - DAG(s) 'example_params_trigger_ui' retrieved from /usr/local/anaconda3/envs/airflow_env/lib/python3.8/site-packages/airflow/example_dags/example_params_trigger_ui.py
[2025-03-07T15:51:44.607+0100] {logging_mixin.py:190} INFO - [2025-03-07T15:51:44.607+0100] {dag.py:3239} INFO - Sync 1 DAGs
[2025-03-07T15:51:44.616+0100] {logging_mixin.py:190} INFO - [2025-03-07T15:51:44.615+0100] {dag.py:4180} INFO - Setting next_dagrun for example_params_trigger_ui to None, run_after=None
[2025-03-07T15:51:44.629+0100] {processor.py:208} INFO - Processing /usr/local/anaconda3/envs/airflow_env/lib/python3.8/site-packages/airflow/example_dags/example_params_trigger_ui.py took 0.152 seconds
[2025-03-07T15:54:12.657+0100] {processor.py:186} INFO - Started process (PID=12902) to work on /usr/local/anaconda3/envs/airflow_env/lib/python3.8/site-packages/airflow/example_dags/example_params_trigger_ui.py
[2025-03-07T15:54:12.660+0100] {processor.py:914} INFO - Processing file /usr/local/anaconda3/envs/airflow_env/lib/python3.8/site-packages/airflow/example_dags/example_params_trigger_ui.py for tasks to queue
[2025-03-07T15:54:12.661+0100] {logging_mixin.py:190} INFO - [2025-03-07T15:54:12.661+0100] {dagbag.py:588} INFO - Filling up the DagBag from /usr/local/anaconda3/envs/airflow_env/lib/python3.8/site-packages/airflow/example_dags/example_params_trigger_ui.py
[2025-03-07T15:54:12.688+0100] {processor.py:925} INFO - DAG(s) 'example_params_trigger_ui' retrieved from /usr/local/anaconda3/envs/airflow_env/lib/python3.8/site-packages/airflow/example_dags/example_params_trigger_ui.py
[2025-03-07T15:54:12.776+0100] {logging_mixin.py:190} INFO - [2025-03-07T15:54:12.776+0100] {dag.py:3239} INFO - Sync 1 DAGs
[2025-03-07T15:54:12.784+0100] {logging_mixin.py:190} INFO - [2025-03-07T15:54:12.784+0100] {dag.py:4180} INFO - Setting next_dagrun for example_params_trigger_ui to None, run_after=None
[2025-03-07T15:54:12.795+0100] {processor.py:208} INFO - Processing /usr/local/anaconda3/envs/airflow_env/lib/python3.8/site-packages/airflow/example_dags/example_params_trigger_ui.py took 0.141 seconds
[2025-03-07T15:56:28.664+0100] {processor.py:186} INFO - Started process (PID=13092) to work on /usr/local/anaconda3/envs/airflow_env/lib/python3.8/site-packages/airflow/example_dags/example_params_trigger_ui.py
[2025-03-07T15:56:28.667+0100] {processor.py:914} INFO - Processing file /usr/local/anaconda3/envs/airflow_env/lib/python3.8/site-packages/airflow/example_dags/example_params_trigger_ui.py for tasks to queue
[2025-03-07T15:56:28.668+0100] {logging_mixin.py:190} INFO - [2025-03-07T15:56:28.668+0100] {dagbag.py:588} INFO - Filling up the DagBag from /usr/local/anaconda3/envs/airflow_env/lib/python3.8/site-packages/airflow/example_dags/example_params_trigger_ui.py
[2025-03-07T15:56:28.693+0100] {processor.py:925} INFO - DAG(s) 'example_params_trigger_ui' retrieved from /usr/local/anaconda3/envs/airflow_env/lib/python3.8/site-packages/airflow/example_dags/example_params_trigger_ui.py
[2025-03-07T15:56:28.783+0100] {logging_mixin.py:190} INFO - [2025-03-07T15:56:28.783+0100] {dag.py:3239} INFO - Sync 1 DAGs
[2025-03-07T15:56:28.792+0100] {logging_mixin.py:190} INFO - [2025-03-07T15:56:28.792+0100] {dag.py:4180} INFO - Setting next_dagrun for example_params_trigger_ui to None, run_after=None
[2025-03-07T15:56:28.805+0100] {processor.py:208} INFO - Processing /usr/local/anaconda3/envs/airflow_env/lib/python3.8/site-packages/airflow/example_dags/example_params_trigger_ui.py took 0.145 seconds
[2025-03-07T15:58:44.951+0100] {processor.py:186} INFO - Started process (PID=13345) to work on /usr/local/anaconda3/envs/airflow_env/lib/python3.8/site-packages/airflow/example_dags/example_params_trigger_ui.py
[2025-03-07T15:58:44.955+0100] {processor.py:914} INFO - Processing file /usr/local/anaconda3/envs/airflow_env/lib/python3.8/site-packages/airflow/example_dags/example_params_trigger_ui.py for tasks to queue
[2025-03-07T15:58:44.956+0100] {logging_mixin.py:190} INFO - [2025-03-07T15:58:44.955+0100] {dagbag.py:588} INFO - Filling up the DagBag from /usr/local/anaconda3/envs/airflow_env/lib/python3.8/site-packages/airflow/example_dags/example_params_trigger_ui.py
[2025-03-07T15:58:44.984+0100] {processor.py:925} INFO - DAG(s) 'example_params_trigger_ui' retrieved from /usr/local/anaconda3/envs/airflow_env/lib/python3.8/site-packages/airflow/example_dags/example_params_trigger_ui.py
[2025-03-07T15:58:45.084+0100] {logging_mixin.py:190} INFO - [2025-03-07T15:58:45.083+0100] {dag.py:3239} INFO - Sync 1 DAGs
[2025-03-07T15:58:45.092+0100] {logging_mixin.py:190} INFO - [2025-03-07T15:58:45.092+0100] {dag.py:4180} INFO - Setting next_dagrun for example_params_trigger_ui to None, run_after=None
[2025-03-07T15:58:45.105+0100] {processor.py:208} INFO - Processing /usr/local/anaconda3/envs/airflow_env/lib/python3.8/site-packages/airflow/example_dags/example_params_trigger_ui.py took 0.157 seconds
[2025-03-07T16:01:49.388+0100] {processor.py:186} INFO - Started process (PID=13655) to work on /usr/local/anaconda3/envs/airflow_env/lib/python3.8/site-packages/airflow/example_dags/example_params_trigger_ui.py
[2025-03-07T16:01:49.391+0100] {processor.py:914} INFO - Processing file /usr/local/anaconda3/envs/airflow_env/lib/python3.8/site-packages/airflow/example_dags/example_params_trigger_ui.py for tasks to queue
[2025-03-07T16:01:49.392+0100] {logging_mixin.py:190} INFO - [2025-03-07T16:01:49.391+0100] {dagbag.py:588} INFO - Filling up the DagBag from /usr/local/anaconda3/envs/airflow_env/lib/python3.8/site-packages/airflow/example_dags/example_params_trigger_ui.py
[2025-03-07T16:01:49.418+0100] {processor.py:925} INFO - DAG(s) 'example_params_trigger_ui' retrieved from /usr/local/anaconda3/envs/airflow_env/lib/python3.8/site-packages/airflow/example_dags/example_params_trigger_ui.py
[2025-03-07T16:01:49.509+0100] {logging_mixin.py:190} INFO - [2025-03-07T16:01:49.509+0100] {dag.py:3239} INFO - Sync 1 DAGs
[2025-03-07T16:01:49.517+0100] {logging_mixin.py:190} INFO - [2025-03-07T16:01:49.517+0100] {dag.py:4180} INFO - Setting next_dagrun for example_params_trigger_ui to None, run_after=None
[2025-03-07T16:01:49.529+0100] {processor.py:208} INFO - Processing /usr/local/anaconda3/envs/airflow_env/lib/python3.8/site-packages/airflow/example_dags/example_params_trigger_ui.py took 0.145 seconds
[2025-03-07T16:05:34.287+0100] {processor.py:186} INFO - Started process (PID=13965) to work on /usr/local/anaconda3/envs/airflow_env/lib/python3.8/site-packages/airflow/example_dags/example_params_trigger_ui.py
[2025-03-07T16:05:34.290+0100] {processor.py:914} INFO - Processing file /usr/local/anaconda3/envs/airflow_env/lib/python3.8/site-packages/airflow/example_dags/example_params_trigger_ui.py for tasks to queue
[2025-03-07T16:05:34.291+0100] {logging_mixin.py:190} INFO - [2025-03-07T16:05:34.291+0100] {dagbag.py:588} INFO - Filling up the DagBag from /usr/local/anaconda3/envs/airflow_env/lib/python3.8/site-packages/airflow/example_dags/example_params_trigger_ui.py
[2025-03-07T16:05:34.321+0100] {processor.py:925} INFO - DAG(s) 'example_params_trigger_ui' retrieved from /usr/local/anaconda3/envs/airflow_env/lib/python3.8/site-packages/airflow/example_dags/example_params_trigger_ui.py
[2025-03-07T16:05:34.412+0100] {logging_mixin.py:190} INFO - [2025-03-07T16:05:34.412+0100] {dag.py:3239} INFO - Sync 1 DAGs
[2025-03-07T16:05:34.420+0100] {logging_mixin.py:190} INFO - [2025-03-07T16:05:34.420+0100] {dag.py:4180} INFO - Setting next_dagrun for example_params_trigger_ui to None, run_after=None
[2025-03-07T16:05:34.432+0100] {processor.py:208} INFO - Processing /usr/local/anaconda3/envs/airflow_env/lib/python3.8/site-packages/airflow/example_dags/example_params_trigger_ui.py took 0.147 seconds
[2025-03-07T16:08:38.094+0100] {processor.py:186} INFO - Started process (PID=14261) to work on /usr/local/anaconda3/envs/airflow_env/lib/python3.8/site-packages/airflow/example_dags/example_params_trigger_ui.py
[2025-03-07T16:08:38.097+0100] {processor.py:914} INFO - Processing file /usr/local/anaconda3/envs/airflow_env/lib/python3.8/site-packages/airflow/example_dags/example_params_trigger_ui.py for tasks to queue
[2025-03-07T16:08:38.098+0100] {logging_mixin.py:190} INFO - [2025-03-07T16:08:38.098+0100] {dagbag.py:588} INFO - Filling up the DagBag from /usr/local/anaconda3/envs/airflow_env/lib/python3.8/site-packages/airflow/example_dags/example_params_trigger_ui.py
[2025-03-07T16:08:38.124+0100] {processor.py:925} INFO - DAG(s) 'example_params_trigger_ui' retrieved from /usr/local/anaconda3/envs/airflow_env/lib/python3.8/site-packages/airflow/example_dags/example_params_trigger_ui.py
[2025-03-07T16:08:38.213+0100] {logging_mixin.py:190} INFO - [2025-03-07T16:08:38.213+0100] {dag.py:3239} INFO - Sync 1 DAGs
[2025-03-07T16:08:38.221+0100] {logging_mixin.py:190} INFO - [2025-03-07T16:08:38.221+0100] {dag.py:4180} INFO - Setting next_dagrun for example_params_trigger_ui to None, run_after=None
[2025-03-07T16:08:38.233+0100] {processor.py:208} INFO - Processing /usr/local/anaconda3/envs/airflow_env/lib/python3.8/site-packages/airflow/example_dags/example_params_trigger_ui.py took 0.142 seconds
[2025-03-07T16:11:43.506+0100] {processor.py:186} INFO - Started process (PID=14516) to work on /usr/local/anaconda3/envs/airflow_env/lib/python3.8/site-packages/airflow/example_dags/example_params_trigger_ui.py
[2025-03-07T16:11:43.509+0100] {processor.py:914} INFO - Processing file /usr/local/anaconda3/envs/airflow_env/lib/python3.8/site-packages/airflow/example_dags/example_params_trigger_ui.py for tasks to queue
[2025-03-07T16:11:43.510+0100] {logging_mixin.py:190} INFO - [2025-03-07T16:11:43.510+0100] {dagbag.py:588} INFO - Filling up the DagBag from /usr/local/anaconda3/envs/airflow_env/lib/python3.8/site-packages/airflow/example_dags/example_params_trigger_ui.py
[2025-03-07T16:11:43.537+0100] {processor.py:925} INFO - DAG(s) 'example_params_trigger_ui' retrieved from /usr/local/anaconda3/envs/airflow_env/lib/python3.8/site-packages/airflow/example_dags/example_params_trigger_ui.py
[2025-03-07T16:11:43.631+0100] {logging_mixin.py:190} INFO - [2025-03-07T16:11:43.630+0100] {dag.py:3239} INFO - Sync 1 DAGs
[2025-03-07T16:11:43.639+0100] {logging_mixin.py:190} INFO - [2025-03-07T16:11:43.639+0100] {dag.py:4180} INFO - Setting next_dagrun for example_params_trigger_ui to None, run_after=None
[2025-03-07T16:11:43.651+0100] {processor.py:208} INFO - Processing /usr/local/anaconda3/envs/airflow_env/lib/python3.8/site-packages/airflow/example_dags/example_params_trigger_ui.py took 0.148 seconds
[2025-03-07T16:13:59.610+0100] {processor.py:186} INFO - Started process (PID=14823) to work on /usr/local/anaconda3/envs/airflow_env/lib/python3.8/site-packages/airflow/example_dags/example_params_trigger_ui.py
[2025-03-07T16:13:59.613+0100] {processor.py:914} INFO - Processing file /usr/local/anaconda3/envs/airflow_env/lib/python3.8/site-packages/airflow/example_dags/example_params_trigger_ui.py for tasks to queue
[2025-03-07T16:13:59.614+0100] {logging_mixin.py:190} INFO - [2025-03-07T16:13:59.614+0100] {dagbag.py:588} INFO - Filling up the DagBag from /usr/local/anaconda3/envs/airflow_env/lib/python3.8/site-packages/airflow/example_dags/example_params_trigger_ui.py
[2025-03-07T16:13:59.641+0100] {processor.py:925} INFO - DAG(s) 'example_params_trigger_ui' retrieved from /usr/local/anaconda3/envs/airflow_env/lib/python3.8/site-packages/airflow/example_dags/example_params_trigger_ui.py
[2025-03-07T16:13:59.736+0100] {logging_mixin.py:190} INFO - [2025-03-07T16:13:59.736+0100] {dag.py:3239} INFO - Sync 1 DAGs
[2025-03-07T16:13:59.744+0100] {logging_mixin.py:190} INFO - [2025-03-07T16:13:59.744+0100] {dag.py:4180} INFO - Setting next_dagrun for example_params_trigger_ui to None, run_after=None
[2025-03-07T16:13:59.757+0100] {processor.py:208} INFO - Processing /usr/local/anaconda3/envs/airflow_env/lib/python3.8/site-packages/airflow/example_dags/example_params_trigger_ui.py took 0.150 seconds
[2025-03-07T16:16:11.777+0100] {processor.py:186} INFO - Started process (PID=15094) to work on /usr/local/anaconda3/envs/airflow_env/lib/python3.8/site-packages/airflow/example_dags/example_params_trigger_ui.py
[2025-03-07T16:16:11.780+0100] {processor.py:914} INFO - Processing file /usr/local/anaconda3/envs/airflow_env/lib/python3.8/site-packages/airflow/example_dags/example_params_trigger_ui.py for tasks to queue
[2025-03-07T16:16:11.781+0100] {logging_mixin.py:190} INFO - [2025-03-07T16:16:11.781+0100] {dagbag.py:588} INFO - Filling up the DagBag from /usr/local/anaconda3/envs/airflow_env/lib/python3.8/site-packages/airflow/example_dags/example_params_trigger_ui.py
[2025-03-07T16:16:11.811+0100] {processor.py:925} INFO - DAG(s) 'example_params_trigger_ui' retrieved from /usr/local/anaconda3/envs/airflow_env/lib/python3.8/site-packages/airflow/example_dags/example_params_trigger_ui.py
[2025-03-07T16:16:11.905+0100] {logging_mixin.py:190} INFO - [2025-03-07T16:16:11.905+0100] {dag.py:3239} INFO - Sync 1 DAGs
[2025-03-07T16:16:11.914+0100] {logging_mixin.py:190} INFO - [2025-03-07T16:16:11.914+0100] {dag.py:4180} INFO - Setting next_dagrun for example_params_trigger_ui to None, run_after=None
[2025-03-07T16:16:11.927+0100] {processor.py:208} INFO - Processing /usr/local/anaconda3/envs/airflow_env/lib/python3.8/site-packages/airflow/example_dags/example_params_trigger_ui.py took 0.156 seconds
[2025-03-07T16:18:26.378+0100] {processor.py:186} INFO - Started process (PID=15322) to work on /usr/local/anaconda3/envs/airflow_env/lib/python3.8/site-packages/airflow/example_dags/example_params_trigger_ui.py
[2025-03-07T16:18:26.382+0100] {processor.py:914} INFO - Processing file /usr/local/anaconda3/envs/airflow_env/lib/python3.8/site-packages/airflow/example_dags/example_params_trigger_ui.py for tasks to queue
[2025-03-07T16:18:26.383+0100] {logging_mixin.py:190} INFO - [2025-03-07T16:18:26.382+0100] {dagbag.py:588} INFO - Filling up the DagBag from /usr/local/anaconda3/envs/airflow_env/lib/python3.8/site-packages/airflow/example_dags/example_params_trigger_ui.py
[2025-03-07T16:18:26.410+0100] {processor.py:925} INFO - DAG(s) 'example_params_trigger_ui' retrieved from /usr/local/anaconda3/envs/airflow_env/lib/python3.8/site-packages/airflow/example_dags/example_params_trigger_ui.py
[2025-03-07T16:18:26.506+0100] {logging_mixin.py:190} INFO - [2025-03-07T16:18:26.505+0100] {dag.py:3239} INFO - Sync 1 DAGs
[2025-03-07T16:18:26.515+0100] {logging_mixin.py:190} INFO - [2025-03-07T16:18:26.515+0100] {dag.py:4180} INFO - Setting next_dagrun for example_params_trigger_ui to None, run_after=None
[2025-03-07T16:18:26.528+0100] {processor.py:208} INFO - Processing /usr/local/anaconda3/envs/airflow_env/lib/python3.8/site-packages/airflow/example_dags/example_params_trigger_ui.py took 0.153 seconds
[2025-03-07T16:20:44.129+0100] {processor.py:186} INFO - Started process (PID=15590) to work on /usr/local/anaconda3/envs/airflow_env/lib/python3.8/site-packages/airflow/example_dags/example_params_trigger_ui.py
[2025-03-07T16:20:44.133+0100] {processor.py:914} INFO - Processing file /usr/local/anaconda3/envs/airflow_env/lib/python3.8/site-packages/airflow/example_dags/example_params_trigger_ui.py for tasks to queue
[2025-03-07T16:20:44.134+0100] {logging_mixin.py:190} INFO - [2025-03-07T16:20:44.133+0100] {dagbag.py:588} INFO - Filling up the DagBag from /usr/local/anaconda3/envs/airflow_env/lib/python3.8/site-packages/airflow/example_dags/example_params_trigger_ui.py
[2025-03-07T16:20:44.162+0100] {processor.py:925} INFO - DAG(s) 'example_params_trigger_ui' retrieved from /usr/local/anaconda3/envs/airflow_env/lib/python3.8/site-packages/airflow/example_dags/example_params_trigger_ui.py
[2025-03-07T16:20:44.256+0100] {logging_mixin.py:190} INFO - [2025-03-07T16:20:44.255+0100] {dag.py:3239} INFO - Sync 1 DAGs
[2025-03-07T16:20:44.264+0100] {logging_mixin.py:190} INFO - [2025-03-07T16:20:44.264+0100] {dag.py:4180} INFO - Setting next_dagrun for example_params_trigger_ui to None, run_after=None
[2025-03-07T16:20:44.276+0100] {processor.py:208} INFO - Processing /usr/local/anaconda3/envs/airflow_env/lib/python3.8/site-packages/airflow/example_dags/example_params_trigger_ui.py took 0.150 seconds
[2025-03-07T16:30:50.265+0100] {processor.py:186} INFO - Started process (PID=16352) to work on /usr/local/anaconda3/envs/airflow_env/lib/python3.8/site-packages/airflow/example_dags/example_params_trigger_ui.py
[2025-03-07T16:30:50.268+0100] {processor.py:914} INFO - Processing file /usr/local/anaconda3/envs/airflow_env/lib/python3.8/site-packages/airflow/example_dags/example_params_trigger_ui.py for tasks to queue
[2025-03-07T16:30:50.269+0100] {logging_mixin.py:190} INFO - [2025-03-07T16:30:50.269+0100] {dagbag.py:588} INFO - Filling up the DagBag from /usr/local/anaconda3/envs/airflow_env/lib/python3.8/site-packages/airflow/example_dags/example_params_trigger_ui.py
[2025-03-07T16:30:50.294+0100] {processor.py:925} INFO - DAG(s) 'example_params_trigger_ui' retrieved from /usr/local/anaconda3/envs/airflow_env/lib/python3.8/site-packages/airflow/example_dags/example_params_trigger_ui.py
[2025-03-07T16:30:50.385+0100] {logging_mixin.py:190} INFO - [2025-03-07T16:30:50.384+0100] {dag.py:3239} INFO - Sync 1 DAGs
[2025-03-07T16:30:50.392+0100] {logging_mixin.py:190} INFO - [2025-03-07T16:30:50.392+0100] {dag.py:4180} INFO - Setting next_dagrun for example_params_trigger_ui to None, run_after=None
[2025-03-07T16:30:50.404+0100] {processor.py:208} INFO - Processing /usr/local/anaconda3/envs/airflow_env/lib/python3.8/site-packages/airflow/example_dags/example_params_trigger_ui.py took 0.142 seconds
