[2025-03-07T14:11:47.920+0100] {processor.py:186} INFO - Started process (PID=2782) to work on /usr/local/anaconda3/envs/airflow_env/lib/python3.8/site-packages/airflow/example_dags/example_sensor_decorator.py
[2025-03-07T14:11:47.923+0100] {processor.py:914} INFO - Processing file /usr/local/anaconda3/envs/airflow_env/lib/python3.8/site-packages/airflow/example_dags/example_sensor_decorator.py for tasks to queue
[2025-03-07T14:11:47.924+0100] {logging_mixin.py:190} INFO - [2025-03-07T14:11:47.924+0100] {dagbag.py:588} INFO - Filling up the DagBag from /usr/local/anaconda3/envs/airflow_env/lib/python3.8/site-packages/airflow/example_dags/example_sensor_decorator.py
[2025-03-07T14:11:47.948+0100] {processor.py:925} INFO - DAG(s) 'example_sensor_decorator' retrieved from /usr/local/anaconda3/envs/airflow_env/lib/python3.8/site-packages/airflow/example_dags/example_sensor_decorator.py
[2025-03-07T14:11:48.607+0100] {logging_mixin.py:190} INFO - [2025-03-07T14:11:48.607+0100] {override.py:1901} INFO - Created Permission View: can read on DAG:example_sensor_decorator
[2025-03-07T14:11:48.613+0100] {logging_mixin.py:190} INFO - [2025-03-07T14:11:48.612+0100] {override.py:1901} INFO - Created Permission View: can delete on DAG:example_sensor_decorator
[2025-03-07T14:11:48.617+0100] {logging_mixin.py:190} INFO - [2025-03-07T14:11:48.617+0100] {override.py:1901} INFO - Created Permission View: can edit on DAG:example_sensor_decorator
[2025-03-07T14:11:48.622+0100] {logging_mixin.py:190} INFO - [2025-03-07T14:11:48.621+0100] {override.py:1901} INFO - Created Permission View: can read on DAG Run:example_sensor_decorator
[2025-03-07T14:11:48.625+0100] {logging_mixin.py:190} INFO - [2025-03-07T14:11:48.625+0100] {override.py:1901} INFO - Created Permission View: can create on DAG Run:example_sensor_decorator
[2025-03-07T14:11:48.629+0100] {logging_mixin.py:190} INFO - [2025-03-07T14:11:48.629+0100] {override.py:1901} INFO - Created Permission View: can delete on DAG Run:example_sensor_decorator
[2025-03-07T14:11:48.633+0100] {logging_mixin.py:190} INFO - [2025-03-07T14:11:48.633+0100] {override.py:1901} INFO - Created Permission View: menu access on DAG Run:example_sensor_decorator
[2025-03-07T14:11:48.633+0100] {logging_mixin.py:190} INFO - [2025-03-07T14:11:48.633+0100] {dag.py:3239} INFO - Sync 1 DAGs
[2025-03-07T14:11:48.641+0100] {logging_mixin.py:190} INFO - [2025-03-07T14:11:48.641+0100] {dag.py:3262} INFO - Creating ORM DAG for example_sensor_decorator
[2025-03-07T14:11:48.641+0100] {logging_mixin.py:190} INFO - [2025-03-07T14:11:48.641+0100] {dag.py:4180} INFO - Setting next_dagrun for example_sensor_decorator to None, run_after=None
[2025-03-07T14:11:48.652+0100] {processor.py:208} INFO - Processing /usr/local/anaconda3/envs/airflow_env/lib/python3.8/site-packages/airflow/example_dags/example_sensor_decorator.py took 0.735 seconds
[2025-03-07T14:15:12.242+0100] {processor.py:186} INFO - Started process (PID=3101) to work on /usr/local/anaconda3/envs/airflow_env/lib/python3.8/site-packages/airflow/example_dags/example_sensor_decorator.py
[2025-03-07T14:15:12.246+0100] {processor.py:914} INFO - Processing file /usr/local/anaconda3/envs/airflow_env/lib/python3.8/site-packages/airflow/example_dags/example_sensor_decorator.py for tasks to queue
[2025-03-07T14:15:12.246+0100] {logging_mixin.py:190} INFO - [2025-03-07T14:15:12.246+0100] {dagbag.py:588} INFO - Filling up the DagBag from /usr/local/anaconda3/envs/airflow_env/lib/python3.8/site-packages/airflow/example_dags/example_sensor_decorator.py
[2025-03-07T14:15:12.272+0100] {processor.py:925} INFO - DAG(s) 'example_sensor_decorator' retrieved from /usr/local/anaconda3/envs/airflow_env/lib/python3.8/site-packages/airflow/example_dags/example_sensor_decorator.py
[2025-03-07T14:15:12.885+0100] {logging_mixin.py:190} INFO - [2025-03-07T14:15:12.884+0100] {dag.py:3239} INFO - Sync 1 DAGs
[2025-03-07T14:15:12.892+0100] {logging_mixin.py:190} INFO - [2025-03-07T14:15:12.892+0100] {dag.py:4180} INFO - Setting next_dagrun for example_sensor_decorator to None, run_after=None
[2025-03-07T14:15:12.903+0100] {processor.py:208} INFO - Processing /usr/local/anaconda3/envs/airflow_env/lib/python3.8/site-packages/airflow/example_dags/example_sensor_decorator.py took 0.664 seconds
[2025-03-07T14:17:24.199+0100] {processor.py:186} INFO - Started process (PID=3364) to work on /usr/local/anaconda3/envs/airflow_env/lib/python3.8/site-packages/airflow/example_dags/example_sensor_decorator.py
[2025-03-07T14:17:24.202+0100] {processor.py:914} INFO - Processing file /usr/local/anaconda3/envs/airflow_env/lib/python3.8/site-packages/airflow/example_dags/example_sensor_decorator.py for tasks to queue
[2025-03-07T14:17:24.202+0100] {logging_mixin.py:190} INFO - [2025-03-07T14:17:24.202+0100] {dagbag.py:588} INFO - Filling up the DagBag from /usr/local/anaconda3/envs/airflow_env/lib/python3.8/site-packages/airflow/example_dags/example_sensor_decorator.py
[2025-03-07T14:17:24.226+0100] {processor.py:925} INFO - DAG(s) 'example_sensor_decorator' retrieved from /usr/local/anaconda3/envs/airflow_env/lib/python3.8/site-packages/airflow/example_dags/example_sensor_decorator.py
[2025-03-07T14:17:24.825+0100] {logging_mixin.py:190} INFO - [2025-03-07T14:17:24.825+0100] {dag.py:3239} INFO - Sync 1 DAGs
[2025-03-07T14:17:24.833+0100] {logging_mixin.py:190} INFO - [2025-03-07T14:17:24.833+0100] {dag.py:4180} INFO - Setting next_dagrun for example_sensor_decorator to None, run_after=None
[2025-03-07T14:17:24.844+0100] {processor.py:208} INFO - Processing /usr/local/anaconda3/envs/airflow_env/lib/python3.8/site-packages/airflow/example_dags/example_sensor_decorator.py took 0.649 seconds
[2025-03-07T14:19:38.914+0100] {processor.py:186} INFO - Started process (PID=3603) to work on /usr/local/anaconda3/envs/airflow_env/lib/python3.8/site-packages/airflow/example_dags/example_sensor_decorator.py
[2025-03-07T14:19:38.917+0100] {processor.py:914} INFO - Processing file /usr/local/anaconda3/envs/airflow_env/lib/python3.8/site-packages/airflow/example_dags/example_sensor_decorator.py for tasks to queue
[2025-03-07T14:19:38.918+0100] {logging_mixin.py:190} INFO - [2025-03-07T14:19:38.918+0100] {dagbag.py:588} INFO - Filling up the DagBag from /usr/local/anaconda3/envs/airflow_env/lib/python3.8/site-packages/airflow/example_dags/example_sensor_decorator.py
[2025-03-07T14:19:38.941+0100] {processor.py:925} INFO - DAG(s) 'example_sensor_decorator' retrieved from /usr/local/anaconda3/envs/airflow_env/lib/python3.8/site-packages/airflow/example_dags/example_sensor_decorator.py
[2025-03-07T14:19:39.538+0100] {logging_mixin.py:190} INFO - [2025-03-07T14:19:39.537+0100] {dag.py:3239} INFO - Sync 1 DAGs
[2025-03-07T14:19:39.545+0100] {logging_mixin.py:190} INFO - [2025-03-07T14:19:39.545+0100] {dag.py:4180} INFO - Setting next_dagrun for example_sensor_decorator to None, run_after=None
[2025-03-07T14:19:39.557+0100] {processor.py:208} INFO - Processing /usr/local/anaconda3/envs/airflow_env/lib/python3.8/site-packages/airflow/example_dags/example_sensor_decorator.py took 0.646 seconds
[2025-03-07T14:21:57.619+0100] {processor.py:186} INFO - Started process (PID=3867) to work on /usr/local/anaconda3/envs/airflow_env/lib/python3.8/site-packages/airflow/example_dags/example_sensor_decorator.py
[2025-03-07T14:21:57.622+0100] {processor.py:914} INFO - Processing file /usr/local/anaconda3/envs/airflow_env/lib/python3.8/site-packages/airflow/example_dags/example_sensor_decorator.py for tasks to queue
[2025-03-07T14:21:57.623+0100] {logging_mixin.py:190} INFO - [2025-03-07T14:21:57.623+0100] {dagbag.py:588} INFO - Filling up the DagBag from /usr/local/anaconda3/envs/airflow_env/lib/python3.8/site-packages/airflow/example_dags/example_sensor_decorator.py
[2025-03-07T14:21:57.650+0100] {processor.py:925} INFO - DAG(s) 'example_sensor_decorator' retrieved from /usr/local/anaconda3/envs/airflow_env/lib/python3.8/site-packages/airflow/example_dags/example_sensor_decorator.py
[2025-03-07T14:21:58.253+0100] {logging_mixin.py:190} INFO - [2025-03-07T14:21:58.252+0100] {dag.py:3239} INFO - Sync 1 DAGs
[2025-03-07T14:21:58.260+0100] {logging_mixin.py:190} INFO - [2025-03-07T14:21:58.260+0100] {dag.py:4180} INFO - Setting next_dagrun for example_sensor_decorator to None, run_after=None
[2025-03-07T14:21:58.271+0100] {processor.py:208} INFO - Processing /usr/local/anaconda3/envs/airflow_env/lib/python3.8/site-packages/airflow/example_dags/example_sensor_decorator.py took 0.656 seconds
[2025-03-07T14:24:19.602+0100] {processor.py:186} INFO - Started process (PID=4118) to work on /usr/local/anaconda3/envs/airflow_env/lib/python3.8/site-packages/airflow/example_dags/example_sensor_decorator.py
[2025-03-07T14:24:19.605+0100] {processor.py:914} INFO - Processing file /usr/local/anaconda3/envs/airflow_env/lib/python3.8/site-packages/airflow/example_dags/example_sensor_decorator.py for tasks to queue
[2025-03-07T14:24:19.606+0100] {logging_mixin.py:190} INFO - [2025-03-07T14:24:19.606+0100] {dagbag.py:588} INFO - Filling up the DagBag from /usr/local/anaconda3/envs/airflow_env/lib/python3.8/site-packages/airflow/example_dags/example_sensor_decorator.py
[2025-03-07T14:24:19.630+0100] {processor.py:925} INFO - DAG(s) 'example_sensor_decorator' retrieved from /usr/local/anaconda3/envs/airflow_env/lib/python3.8/site-packages/airflow/example_dags/example_sensor_decorator.py
[2025-03-07T14:24:20.237+0100] {logging_mixin.py:190} INFO - [2025-03-07T14:24:20.236+0100] {dag.py:3239} INFO - Sync 1 DAGs
[2025-03-07T14:24:20.244+0100] {logging_mixin.py:190} INFO - [2025-03-07T14:24:20.244+0100] {dag.py:4180} INFO - Setting next_dagrun for example_sensor_decorator to None, run_after=None
[2025-03-07T14:24:20.256+0100] {processor.py:208} INFO - Processing /usr/local/anaconda3/envs/airflow_env/lib/python3.8/site-packages/airflow/example_dags/example_sensor_decorator.py took 0.657 seconds
[2025-03-07T14:44:41.051+0100] {processor.py:186} INFO - Started process (PID=4962) to work on /usr/local/anaconda3/envs/airflow_env/lib/python3.8/site-packages/airflow/example_dags/example_sensor_decorator.py
[2025-03-07T14:44:41.054+0100] {processor.py:914} INFO - Processing file /usr/local/anaconda3/envs/airflow_env/lib/python3.8/site-packages/airflow/example_dags/example_sensor_decorator.py for tasks to queue
[2025-03-07T14:44:41.055+0100] {logging_mixin.py:190} INFO - [2025-03-07T14:44:41.055+0100] {dagbag.py:588} INFO - Filling up the DagBag from /usr/local/anaconda3/envs/airflow_env/lib/python3.8/site-packages/airflow/example_dags/example_sensor_decorator.py
[2025-03-07T14:44:41.078+0100] {processor.py:925} INFO - DAG(s) 'example_sensor_decorator' retrieved from /usr/local/anaconda3/envs/airflow_env/lib/python3.8/site-packages/airflow/example_dags/example_sensor_decorator.py
[2025-03-07T14:44:41.678+0100] {logging_mixin.py:190} INFO - [2025-03-07T14:44:41.678+0100] {dag.py:3239} INFO - Sync 1 DAGs
[2025-03-07T14:44:41.685+0100] {logging_mixin.py:190} INFO - [2025-03-07T14:44:41.685+0100] {dag.py:4180} INFO - Setting next_dagrun for example_sensor_decorator to None, run_after=None
[2025-03-07T14:44:41.696+0100] {processor.py:208} INFO - Processing /usr/local/anaconda3/envs/airflow_env/lib/python3.8/site-packages/airflow/example_dags/example_sensor_decorator.py took 0.648 seconds
[2025-03-07T14:47:32.387+0100] {processor.py:186} INFO - Started process (PID=5220) to work on /usr/local/anaconda3/envs/airflow_env/lib/python3.8/site-packages/airflow/example_dags/example_sensor_decorator.py
[2025-03-07T14:47:32.390+0100] {processor.py:914} INFO - Processing file /usr/local/anaconda3/envs/airflow_env/lib/python3.8/site-packages/airflow/example_dags/example_sensor_decorator.py for tasks to queue
[2025-03-07T14:47:32.391+0100] {logging_mixin.py:190} INFO - [2025-03-07T14:47:32.391+0100] {dagbag.py:588} INFO - Filling up the DagBag from /usr/local/anaconda3/envs/airflow_env/lib/python3.8/site-packages/airflow/example_dags/example_sensor_decorator.py
[2025-03-07T14:47:32.415+0100] {processor.py:925} INFO - DAG(s) 'example_sensor_decorator' retrieved from /usr/local/anaconda3/envs/airflow_env/lib/python3.8/site-packages/airflow/example_dags/example_sensor_decorator.py
[2025-03-07T14:47:33.000+0100] {logging_mixin.py:190} INFO - [2025-03-07T14:47:32.999+0100] {dag.py:3239} INFO - Sync 1 DAGs
[2025-03-07T14:47:33.007+0100] {logging_mixin.py:190} INFO - [2025-03-07T14:47:33.007+0100] {dag.py:4180} INFO - Setting next_dagrun for example_sensor_decorator to None, run_after=None
[2025-03-07T14:47:33.019+0100] {processor.py:208} INFO - Processing /usr/local/anaconda3/envs/airflow_env/lib/python3.8/site-packages/airflow/example_dags/example_sensor_decorator.py took 0.635 seconds
[2025-03-07T14:50:35.378+0100] {processor.py:186} INFO - Started process (PID=5630) to work on /usr/local/anaconda3/envs/airflow_env/lib/python3.8/site-packages/airflow/example_dags/example_sensor_decorator.py
[2025-03-07T14:50:35.381+0100] {processor.py:914} INFO - Processing file /usr/local/anaconda3/envs/airflow_env/lib/python3.8/site-packages/airflow/example_dags/example_sensor_decorator.py for tasks to queue
[2025-03-07T14:50:35.382+0100] {logging_mixin.py:190} INFO - [2025-03-07T14:50:35.382+0100] {dagbag.py:588} INFO - Filling up the DagBag from /usr/local/anaconda3/envs/airflow_env/lib/python3.8/site-packages/airflow/example_dags/example_sensor_decorator.py
[2025-03-07T14:50:35.407+0100] {processor.py:925} INFO - DAG(s) 'example_sensor_decorator' retrieved from /usr/local/anaconda3/envs/airflow_env/lib/python3.8/site-packages/airflow/example_dags/example_sensor_decorator.py
[2025-03-07T14:50:36.004+0100] {logging_mixin.py:190} INFO - [2025-03-07T14:50:36.003+0100] {dag.py:3239} INFO - Sync 1 DAGs
[2025-03-07T14:50:36.011+0100] {logging_mixin.py:190} INFO - [2025-03-07T14:50:36.011+0100] {dag.py:4180} INFO - Setting next_dagrun for example_sensor_decorator to None, run_after=None
[2025-03-07T14:50:36.024+0100] {processor.py:208} INFO - Processing /usr/local/anaconda3/envs/airflow_env/lib/python3.8/site-packages/airflow/example_dags/example_sensor_decorator.py took 0.649 seconds
[2025-03-07T14:54:06.157+0100] {processor.py:186} INFO - Started process (PID=6069) to work on /usr/local/anaconda3/envs/airflow_env/lib/python3.8/site-packages/airflow/example_dags/example_sensor_decorator.py
[2025-03-07T14:54:06.160+0100] {processor.py:914} INFO - Processing file /usr/local/anaconda3/envs/airflow_env/lib/python3.8/site-packages/airflow/example_dags/example_sensor_decorator.py for tasks to queue
[2025-03-07T14:54:06.161+0100] {logging_mixin.py:190} INFO - [2025-03-07T14:54:06.161+0100] {dagbag.py:588} INFO - Filling up the DagBag from /usr/local/anaconda3/envs/airflow_env/lib/python3.8/site-packages/airflow/example_dags/example_sensor_decorator.py
[2025-03-07T14:54:06.184+0100] {processor.py:925} INFO - DAG(s) 'example_sensor_decorator' retrieved from /usr/local/anaconda3/envs/airflow_env/lib/python3.8/site-packages/airflow/example_dags/example_sensor_decorator.py
[2025-03-07T14:54:06.769+0100] {logging_mixin.py:190} INFO - [2025-03-07T14:54:06.768+0100] {dag.py:3239} INFO - Sync 1 DAGs
[2025-03-07T14:54:06.776+0100] {logging_mixin.py:190} INFO - [2025-03-07T14:54:06.776+0100] {dag.py:4180} INFO - Setting next_dagrun for example_sensor_decorator to None, run_after=None
[2025-03-07T14:54:06.789+0100] {processor.py:208} INFO - Processing /usr/local/anaconda3/envs/airflow_env/lib/python3.8/site-packages/airflow/example_dags/example_sensor_decorator.py took 0.635 seconds
[2025-03-07T14:56:48.334+0100] {processor.py:186} INFO - Started process (PID=6391) to work on /usr/local/anaconda3/envs/airflow_env/lib/python3.8/site-packages/airflow/example_dags/example_sensor_decorator.py
[2025-03-07T14:56:48.337+0100] {processor.py:914} INFO - Processing file /usr/local/anaconda3/envs/airflow_env/lib/python3.8/site-packages/airflow/example_dags/example_sensor_decorator.py for tasks to queue
[2025-03-07T14:56:48.338+0100] {logging_mixin.py:190} INFO - [2025-03-07T14:56:48.338+0100] {dagbag.py:588} INFO - Filling up the DagBag from /usr/local/anaconda3/envs/airflow_env/lib/python3.8/site-packages/airflow/example_dags/example_sensor_decorator.py
[2025-03-07T14:56:48.362+0100] {processor.py:925} INFO - DAG(s) 'example_sensor_decorator' retrieved from /usr/local/anaconda3/envs/airflow_env/lib/python3.8/site-packages/airflow/example_dags/example_sensor_decorator.py
[2025-03-07T14:56:48.953+0100] {logging_mixin.py:190} INFO - [2025-03-07T14:56:48.953+0100] {dag.py:3239} INFO - Sync 1 DAGs
[2025-03-07T14:56:48.960+0100] {logging_mixin.py:190} INFO - [2025-03-07T14:56:48.960+0100] {dag.py:4180} INFO - Setting next_dagrun for example_sensor_decorator to None, run_after=None
[2025-03-07T14:56:48.972+0100] {processor.py:208} INFO - Processing /usr/local/anaconda3/envs/airflow_env/lib/python3.8/site-packages/airflow/example_dags/example_sensor_decorator.py took 0.641 seconds
[2025-03-07T14:58:59.631+0100] {processor.py:186} INFO - Started process (PID=6651) to work on /usr/local/anaconda3/envs/airflow_env/lib/python3.8/site-packages/airflow/example_dags/example_sensor_decorator.py
[2025-03-07T14:58:59.634+0100] {processor.py:914} INFO - Processing file /usr/local/anaconda3/envs/airflow_env/lib/python3.8/site-packages/airflow/example_dags/example_sensor_decorator.py for tasks to queue
[2025-03-07T14:58:59.635+0100] {logging_mixin.py:190} INFO - [2025-03-07T14:58:59.635+0100] {dagbag.py:588} INFO - Filling up the DagBag from /usr/local/anaconda3/envs/airflow_env/lib/python3.8/site-packages/airflow/example_dags/example_sensor_decorator.py
[2025-03-07T14:58:59.659+0100] {processor.py:925} INFO - DAG(s) 'example_sensor_decorator' retrieved from /usr/local/anaconda3/envs/airflow_env/lib/python3.8/site-packages/airflow/example_dags/example_sensor_decorator.py
[2025-03-07T14:59:00.263+0100] {logging_mixin.py:190} INFO - [2025-03-07T14:59:00.262+0100] {dag.py:3239} INFO - Sync 1 DAGs
[2025-03-07T14:59:00.270+0100] {logging_mixin.py:190} INFO - [2025-03-07T14:59:00.269+0100] {dag.py:4180} INFO - Setting next_dagrun for example_sensor_decorator to None, run_after=None
[2025-03-07T14:59:00.282+0100] {processor.py:208} INFO - Processing /usr/local/anaconda3/envs/airflow_env/lib/python3.8/site-packages/airflow/example_dags/example_sensor_decorator.py took 0.654 seconds
[2025-03-07T15:01:23.816+0100] {processor.py:186} INFO - Started process (PID=6948) to work on /usr/local/anaconda3/envs/airflow_env/lib/python3.8/site-packages/airflow/example_dags/example_sensor_decorator.py
[2025-03-07T15:01:23.819+0100] {processor.py:914} INFO - Processing file /usr/local/anaconda3/envs/airflow_env/lib/python3.8/site-packages/airflow/example_dags/example_sensor_decorator.py for tasks to queue
[2025-03-07T15:01:23.820+0100] {logging_mixin.py:190} INFO - [2025-03-07T15:01:23.820+0100] {dagbag.py:588} INFO - Filling up the DagBag from /usr/local/anaconda3/envs/airflow_env/lib/python3.8/site-packages/airflow/example_dags/example_sensor_decorator.py
[2025-03-07T15:01:23.848+0100] {processor.py:925} INFO - DAG(s) 'example_sensor_decorator' retrieved from /usr/local/anaconda3/envs/airflow_env/lib/python3.8/site-packages/airflow/example_dags/example_sensor_decorator.py
[2025-03-07T15:01:24.485+0100] {logging_mixin.py:190} INFO - [2025-03-07T15:01:24.485+0100] {dag.py:3239} INFO - Sync 1 DAGs
[2025-03-07T15:01:24.493+0100] {logging_mixin.py:190} INFO - [2025-03-07T15:01:24.493+0100] {dag.py:4180} INFO - Setting next_dagrun for example_sensor_decorator to None, run_after=None
[2025-03-07T15:01:24.505+0100] {processor.py:208} INFO - Processing /usr/local/anaconda3/envs/airflow_env/lib/python3.8/site-packages/airflow/example_dags/example_sensor_decorator.py took 0.692 seconds
[2025-03-07T15:03:41.828+0100] {processor.py:186} INFO - Started process (PID=7172) to work on /usr/local/anaconda3/envs/airflow_env/lib/python3.8/site-packages/airflow/example_dags/example_sensor_decorator.py
[2025-03-07T15:03:41.831+0100] {processor.py:914} INFO - Processing file /usr/local/anaconda3/envs/airflow_env/lib/python3.8/site-packages/airflow/example_dags/example_sensor_decorator.py for tasks to queue
[2025-03-07T15:03:41.832+0100] {logging_mixin.py:190} INFO - [2025-03-07T15:03:41.832+0100] {dagbag.py:588} INFO - Filling up the DagBag from /usr/local/anaconda3/envs/airflow_env/lib/python3.8/site-packages/airflow/example_dags/example_sensor_decorator.py
[2025-03-07T15:03:41.856+0100] {processor.py:925} INFO - DAG(s) 'example_sensor_decorator' retrieved from /usr/local/anaconda3/envs/airflow_env/lib/python3.8/site-packages/airflow/example_dags/example_sensor_decorator.py
[2025-03-07T15:03:42.456+0100] {logging_mixin.py:190} INFO - [2025-03-07T15:03:42.455+0100] {dag.py:3239} INFO - Sync 1 DAGs
[2025-03-07T15:03:42.463+0100] {logging_mixin.py:190} INFO - [2025-03-07T15:03:42.463+0100] {dag.py:4180} INFO - Setting next_dagrun for example_sensor_decorator to None, run_after=None
[2025-03-07T15:03:42.475+0100] {processor.py:208} INFO - Processing /usr/local/anaconda3/envs/airflow_env/lib/python3.8/site-packages/airflow/example_dags/example_sensor_decorator.py took 0.650 seconds
[2025-03-07T15:06:00.302+0100] {processor.py:186} INFO - Started process (PID=7437) to work on /usr/local/anaconda3/envs/airflow_env/lib/python3.8/site-packages/airflow/example_dags/example_sensor_decorator.py
[2025-03-07T15:06:00.305+0100] {processor.py:914} INFO - Processing file /usr/local/anaconda3/envs/airflow_env/lib/python3.8/site-packages/airflow/example_dags/example_sensor_decorator.py for tasks to queue
[2025-03-07T15:06:00.306+0100] {logging_mixin.py:190} INFO - [2025-03-07T15:06:00.306+0100] {dagbag.py:588} INFO - Filling up the DagBag from /usr/local/anaconda3/envs/airflow_env/lib/python3.8/site-packages/airflow/example_dags/example_sensor_decorator.py
[2025-03-07T15:06:00.332+0100] {processor.py:925} INFO - DAG(s) 'example_sensor_decorator' retrieved from /usr/local/anaconda3/envs/airflow_env/lib/python3.8/site-packages/airflow/example_dags/example_sensor_decorator.py
[2025-03-07T15:06:00.939+0100] {logging_mixin.py:190} INFO - [2025-03-07T15:06:00.939+0100] {dag.py:3239} INFO - Sync 1 DAGs
[2025-03-07T15:06:00.947+0100] {logging_mixin.py:190} INFO - [2025-03-07T15:06:00.947+0100] {dag.py:4180} INFO - Setting next_dagrun for example_sensor_decorator to None, run_after=None
[2025-03-07T15:06:00.959+0100] {processor.py:208} INFO - Processing /usr/local/anaconda3/envs/airflow_env/lib/python3.8/site-packages/airflow/example_dags/example_sensor_decorator.py took 0.660 seconds
[2025-03-07T15:08:25.869+0100] {processor.py:186} INFO - Started process (PID=7672) to work on /usr/local/anaconda3/envs/airflow_env/lib/python3.8/site-packages/airflow/example_dags/example_sensor_decorator.py
[2025-03-07T15:08:25.872+0100] {processor.py:914} INFO - Processing file /usr/local/anaconda3/envs/airflow_env/lib/python3.8/site-packages/airflow/example_dags/example_sensor_decorator.py for tasks to queue
[2025-03-07T15:08:25.873+0100] {logging_mixin.py:190} INFO - [2025-03-07T15:08:25.873+0100] {dagbag.py:588} INFO - Filling up the DagBag from /usr/local/anaconda3/envs/airflow_env/lib/python3.8/site-packages/airflow/example_dags/example_sensor_decorator.py
[2025-03-07T15:08:25.898+0100] {processor.py:925} INFO - DAG(s) 'example_sensor_decorator' retrieved from /usr/local/anaconda3/envs/airflow_env/lib/python3.8/site-packages/airflow/example_dags/example_sensor_decorator.py
[2025-03-07T15:08:26.565+0100] {logging_mixin.py:190} INFO - [2025-03-07T15:08:26.565+0100] {dag.py:3239} INFO - Sync 1 DAGs
[2025-03-07T15:08:26.573+0100] {logging_mixin.py:190} INFO - [2025-03-07T15:08:26.572+0100] {dag.py:4180} INFO - Setting next_dagrun for example_sensor_decorator to None, run_after=None
[2025-03-07T15:08:26.585+0100] {processor.py:208} INFO - Processing /usr/local/anaconda3/envs/airflow_env/lib/python3.8/site-packages/airflow/example_dags/example_sensor_decorator.py took 0.719 seconds
[2025-03-07T15:10:53.274+0100] {processor.py:186} INFO - Started process (PID=7900) to work on /usr/local/anaconda3/envs/airflow_env/lib/python3.8/site-packages/airflow/example_dags/example_sensor_decorator.py
[2025-03-07T15:10:53.277+0100] {processor.py:914} INFO - Processing file /usr/local/anaconda3/envs/airflow_env/lib/python3.8/site-packages/airflow/example_dags/example_sensor_decorator.py for tasks to queue
[2025-03-07T15:10:53.278+0100] {logging_mixin.py:190} INFO - [2025-03-07T15:10:53.278+0100] {dagbag.py:588} INFO - Filling up the DagBag from /usr/local/anaconda3/envs/airflow_env/lib/python3.8/site-packages/airflow/example_dags/example_sensor_decorator.py
[2025-03-07T15:10:53.302+0100] {processor.py:925} INFO - DAG(s) 'example_sensor_decorator' retrieved from /usr/local/anaconda3/envs/airflow_env/lib/python3.8/site-packages/airflow/example_dags/example_sensor_decorator.py
[2025-03-07T15:10:53.925+0100] {logging_mixin.py:190} INFO - [2025-03-07T15:10:53.924+0100] {dag.py:3239} INFO - Sync 1 DAGs
[2025-03-07T15:10:53.932+0100] {logging_mixin.py:190} INFO - [2025-03-07T15:10:53.932+0100] {dag.py:4180} INFO - Setting next_dagrun for example_sensor_decorator to None, run_after=None
[2025-03-07T15:10:53.945+0100] {processor.py:208} INFO - Processing /usr/local/anaconda3/envs/airflow_env/lib/python3.8/site-packages/airflow/example_dags/example_sensor_decorator.py took 0.674 seconds
[2025-03-07T15:13:35.910+0100] {processor.py:186} INFO - Started process (PID=8304) to work on /usr/local/anaconda3/envs/airflow_env/lib/python3.8/site-packages/airflow/example_dags/example_sensor_decorator.py
[2025-03-07T15:13:35.913+0100] {processor.py:914} INFO - Processing file /usr/local/anaconda3/envs/airflow_env/lib/python3.8/site-packages/airflow/example_dags/example_sensor_decorator.py for tasks to queue
[2025-03-07T15:13:35.914+0100] {logging_mixin.py:190} INFO - [2025-03-07T15:13:35.914+0100] {dagbag.py:588} INFO - Filling up the DagBag from /usr/local/anaconda3/envs/airflow_env/lib/python3.8/site-packages/airflow/example_dags/example_sensor_decorator.py
[2025-03-07T15:13:35.940+0100] {processor.py:925} INFO - DAG(s) 'example_sensor_decorator' retrieved from /usr/local/anaconda3/envs/airflow_env/lib/python3.8/site-packages/airflow/example_dags/example_sensor_decorator.py
[2025-03-07T15:13:36.609+0100] {logging_mixin.py:190} INFO - [2025-03-07T15:13:36.608+0100] {dag.py:3239} INFO - Sync 1 DAGs
[2025-03-07T15:13:36.616+0100] {logging_mixin.py:190} INFO - [2025-03-07T15:13:36.616+0100] {dag.py:4180} INFO - Setting next_dagrun for example_sensor_decorator to None, run_after=None
[2025-03-07T15:13:36.629+0100] {processor.py:208} INFO - Processing /usr/local/anaconda3/envs/airflow_env/lib/python3.8/site-packages/airflow/example_dags/example_sensor_decorator.py took 0.722 seconds
[2025-03-07T15:16:31.240+0100] {processor.py:186} INFO - Started process (PID=8539) to work on /usr/local/anaconda3/envs/airflow_env/lib/python3.8/site-packages/airflow/example_dags/example_sensor_decorator.py
[2025-03-07T15:16:31.243+0100] {processor.py:914} INFO - Processing file /usr/local/anaconda3/envs/airflow_env/lib/python3.8/site-packages/airflow/example_dags/example_sensor_decorator.py for tasks to queue
[2025-03-07T15:16:31.244+0100] {logging_mixin.py:190} INFO - [2025-03-07T15:16:31.244+0100] {dagbag.py:588} INFO - Filling up the DagBag from /usr/local/anaconda3/envs/airflow_env/lib/python3.8/site-packages/airflow/example_dags/example_sensor_decorator.py
[2025-03-07T15:16:31.270+0100] {processor.py:925} INFO - DAG(s) 'example_sensor_decorator' retrieved from /usr/local/anaconda3/envs/airflow_env/lib/python3.8/site-packages/airflow/example_dags/example_sensor_decorator.py
[2025-03-07T15:16:31.909+0100] {logging_mixin.py:190} INFO - [2025-03-07T15:16:31.908+0100] {dag.py:3239} INFO - Sync 1 DAGs
[2025-03-07T15:16:31.916+0100] {logging_mixin.py:190} INFO - [2025-03-07T15:16:31.916+0100] {dag.py:4180} INFO - Setting next_dagrun for example_sensor_decorator to None, run_after=None
[2025-03-07T15:16:31.930+0100] {processor.py:208} INFO - Processing /usr/local/anaconda3/envs/airflow_env/lib/python3.8/site-packages/airflow/example_dags/example_sensor_decorator.py took 0.693 seconds
[2025-03-07T15:18:50.861+0100] {processor.py:186} INFO - Started process (PID=8883) to work on /usr/local/anaconda3/envs/airflow_env/lib/python3.8/site-packages/airflow/example_dags/example_sensor_decorator.py
[2025-03-07T15:18:50.864+0100] {processor.py:914} INFO - Processing file /usr/local/anaconda3/envs/airflow_env/lib/python3.8/site-packages/airflow/example_dags/example_sensor_decorator.py for tasks to queue
[2025-03-07T15:18:50.865+0100] {logging_mixin.py:190} INFO - [2025-03-07T15:18:50.865+0100] {dagbag.py:588} INFO - Filling up the DagBag from /usr/local/anaconda3/envs/airflow_env/lib/python3.8/site-packages/airflow/example_dags/example_sensor_decorator.py
[2025-03-07T15:18:50.888+0100] {processor.py:925} INFO - DAG(s) 'example_sensor_decorator' retrieved from /usr/local/anaconda3/envs/airflow_env/lib/python3.8/site-packages/airflow/example_dags/example_sensor_decorator.py
[2025-03-07T15:18:51.487+0100] {logging_mixin.py:190} INFO - [2025-03-07T15:18:51.487+0100] {dag.py:3239} INFO - Sync 1 DAGs
[2025-03-07T15:18:51.494+0100] {logging_mixin.py:190} INFO - [2025-03-07T15:18:51.494+0100] {dag.py:4180} INFO - Setting next_dagrun for example_sensor_decorator to None, run_after=None
[2025-03-07T15:18:51.506+0100] {processor.py:208} INFO - Processing /usr/local/anaconda3/envs/airflow_env/lib/python3.8/site-packages/airflow/example_dags/example_sensor_decorator.py took 0.648 seconds
[2025-03-07T15:21:05.765+0100] {processor.py:186} INFO - Started process (PID=9190) to work on /usr/local/anaconda3/envs/airflow_env/lib/python3.8/site-packages/airflow/example_dags/example_sensor_decorator.py
[2025-03-07T15:21:05.768+0100] {processor.py:914} INFO - Processing file /usr/local/anaconda3/envs/airflow_env/lib/python3.8/site-packages/airflow/example_dags/example_sensor_decorator.py for tasks to queue
[2025-03-07T15:21:05.769+0100] {logging_mixin.py:190} INFO - [2025-03-07T15:21:05.769+0100] {dagbag.py:588} INFO - Filling up the DagBag from /usr/local/anaconda3/envs/airflow_env/lib/python3.8/site-packages/airflow/example_dags/example_sensor_decorator.py
[2025-03-07T15:21:05.793+0100] {processor.py:925} INFO - DAG(s) 'example_sensor_decorator' retrieved from /usr/local/anaconda3/envs/airflow_env/lib/python3.8/site-packages/airflow/example_dags/example_sensor_decorator.py
[2025-03-07T15:21:06.393+0100] {logging_mixin.py:190} INFO - [2025-03-07T15:21:06.392+0100] {dag.py:3239} INFO - Sync 1 DAGs
[2025-03-07T15:21:06.400+0100] {logging_mixin.py:190} INFO - [2025-03-07T15:21:06.400+0100] {dag.py:4180} INFO - Setting next_dagrun for example_sensor_decorator to None, run_after=None
[2025-03-07T15:21:06.412+0100] {processor.py:208} INFO - Processing /usr/local/anaconda3/envs/airflow_env/lib/python3.8/site-packages/airflow/example_dags/example_sensor_decorator.py took 0.649 seconds
[2025-03-07T15:23:21.222+0100] {processor.py:186} INFO - Started process (PID=9469) to work on /usr/local/anaconda3/envs/airflow_env/lib/python3.8/site-packages/airflow/example_dags/example_sensor_decorator.py
[2025-03-07T15:23:21.225+0100] {processor.py:914} INFO - Processing file /usr/local/anaconda3/envs/airflow_env/lib/python3.8/site-packages/airflow/example_dags/example_sensor_decorator.py for tasks to queue
[2025-03-07T15:23:21.226+0100] {logging_mixin.py:190} INFO - [2025-03-07T15:23:21.226+0100] {dagbag.py:588} INFO - Filling up the DagBag from /usr/local/anaconda3/envs/airflow_env/lib/python3.8/site-packages/airflow/example_dags/example_sensor_decorator.py
[2025-03-07T15:23:21.249+0100] {processor.py:925} INFO - DAG(s) 'example_sensor_decorator' retrieved from /usr/local/anaconda3/envs/airflow_env/lib/python3.8/site-packages/airflow/example_dags/example_sensor_decorator.py
[2025-03-07T15:23:21.832+0100] {logging_mixin.py:190} INFO - [2025-03-07T15:23:21.832+0100] {dag.py:3239} INFO - Sync 1 DAGs
[2025-03-07T15:23:21.839+0100] {logging_mixin.py:190} INFO - [2025-03-07T15:23:21.839+0100] {dag.py:4180} INFO - Setting next_dagrun for example_sensor_decorator to None, run_after=None
[2025-03-07T15:23:21.851+0100] {processor.py:208} INFO - Processing /usr/local/anaconda3/envs/airflow_env/lib/python3.8/site-packages/airflow/example_dags/example_sensor_decorator.py took 0.632 seconds
[2025-03-07T15:25:40.538+0100] {processor.py:186} INFO - Started process (PID=9799) to work on /usr/local/anaconda3/envs/airflow_env/lib/python3.8/site-packages/airflow/example_dags/example_sensor_decorator.py
[2025-03-07T15:25:40.541+0100] {processor.py:914} INFO - Processing file /usr/local/anaconda3/envs/airflow_env/lib/python3.8/site-packages/airflow/example_dags/example_sensor_decorator.py for tasks to queue
[2025-03-07T15:25:40.542+0100] {logging_mixin.py:190} INFO - [2025-03-07T15:25:40.542+0100] {dagbag.py:588} INFO - Filling up the DagBag from /usr/local/anaconda3/envs/airflow_env/lib/python3.8/site-packages/airflow/example_dags/example_sensor_decorator.py
[2025-03-07T15:25:40.566+0100] {processor.py:925} INFO - DAG(s) 'example_sensor_decorator' retrieved from /usr/local/anaconda3/envs/airflow_env/lib/python3.8/site-packages/airflow/example_dags/example_sensor_decorator.py
[2025-03-07T15:25:41.151+0100] {logging_mixin.py:190} INFO - [2025-03-07T15:25:41.150+0100] {dag.py:3239} INFO - Sync 1 DAGs
[2025-03-07T15:25:41.158+0100] {logging_mixin.py:190} INFO - [2025-03-07T15:25:41.158+0100] {dag.py:4180} INFO - Setting next_dagrun for example_sensor_decorator to None, run_after=None
[2025-03-07T15:25:41.170+0100] {processor.py:208} INFO - Processing /usr/local/anaconda3/envs/airflow_env/lib/python3.8/site-packages/airflow/example_dags/example_sensor_decorator.py took 0.635 seconds
[2025-03-07T15:28:02.844+0100] {processor.py:186} INFO - Started process (PID=10133) to work on /usr/local/anaconda3/envs/airflow_env/lib/python3.8/site-packages/airflow/example_dags/example_sensor_decorator.py
[2025-03-07T15:28:02.847+0100] {processor.py:914} INFO - Processing file /usr/local/anaconda3/envs/airflow_env/lib/python3.8/site-packages/airflow/example_dags/example_sensor_decorator.py for tasks to queue
[2025-03-07T15:28:02.848+0100] {logging_mixin.py:190} INFO - [2025-03-07T15:28:02.848+0100] {dagbag.py:588} INFO - Filling up the DagBag from /usr/local/anaconda3/envs/airflow_env/lib/python3.8/site-packages/airflow/example_dags/example_sensor_decorator.py
[2025-03-07T15:28:02.875+0100] {processor.py:925} INFO - DAG(s) 'example_sensor_decorator' retrieved from /usr/local/anaconda3/envs/airflow_env/lib/python3.8/site-packages/airflow/example_dags/example_sensor_decorator.py
[2025-03-07T15:28:03.499+0100] {logging_mixin.py:190} INFO - [2025-03-07T15:28:03.498+0100] {dag.py:3239} INFO - Sync 1 DAGs
[2025-03-07T15:28:03.506+0100] {logging_mixin.py:190} INFO - [2025-03-07T15:28:03.506+0100] {dag.py:4180} INFO - Setting next_dagrun for example_sensor_decorator to None, run_after=None
[2025-03-07T15:28:03.518+0100] {processor.py:208} INFO - Processing /usr/local/anaconda3/envs/airflow_env/lib/python3.8/site-packages/airflow/example_dags/example_sensor_decorator.py took 0.677 seconds
[2025-03-07T15:30:38.609+0100] {processor.py:186} INFO - Started process (PID=10387) to work on /usr/local/anaconda3/envs/airflow_env/lib/python3.8/site-packages/airflow/example_dags/example_sensor_decorator.py
[2025-03-07T15:30:38.612+0100] {processor.py:914} INFO - Processing file /usr/local/anaconda3/envs/airflow_env/lib/python3.8/site-packages/airflow/example_dags/example_sensor_decorator.py for tasks to queue
[2025-03-07T15:30:38.613+0100] {logging_mixin.py:190} INFO - [2025-03-07T15:30:38.613+0100] {dagbag.py:588} INFO - Filling up the DagBag from /usr/local/anaconda3/envs/airflow_env/lib/python3.8/site-packages/airflow/example_dags/example_sensor_decorator.py
[2025-03-07T15:30:38.637+0100] {processor.py:925} INFO - DAG(s) 'example_sensor_decorator' retrieved from /usr/local/anaconda3/envs/airflow_env/lib/python3.8/site-packages/airflow/example_dags/example_sensor_decorator.py
[2025-03-07T15:30:39.217+0100] {logging_mixin.py:190} INFO - [2025-03-07T15:30:39.216+0100] {dag.py:3239} INFO - Sync 1 DAGs
[2025-03-07T15:30:39.224+0100] {logging_mixin.py:190} INFO - [2025-03-07T15:30:39.223+0100] {dag.py:4180} INFO - Setting next_dagrun for example_sensor_decorator to None, run_after=None
[2025-03-07T15:30:39.235+0100] {processor.py:208} INFO - Processing /usr/local/anaconda3/envs/airflow_env/lib/python3.8/site-packages/airflow/example_dags/example_sensor_decorator.py took 0.629 seconds
[2025-03-07T15:33:25.556+0100] {processor.py:186} INFO - Started process (PID=10646) to work on /usr/local/anaconda3/envs/airflow_env/lib/python3.8/site-packages/airflow/example_dags/example_sensor_decorator.py
[2025-03-07T15:33:25.559+0100] {processor.py:914} INFO - Processing file /usr/local/anaconda3/envs/airflow_env/lib/python3.8/site-packages/airflow/example_dags/example_sensor_decorator.py for tasks to queue
[2025-03-07T15:33:25.560+0100] {logging_mixin.py:190} INFO - [2025-03-07T15:33:25.560+0100] {dagbag.py:588} INFO - Filling up the DagBag from /usr/local/anaconda3/envs/airflow_env/lib/python3.8/site-packages/airflow/example_dags/example_sensor_decorator.py
[2025-03-07T15:33:25.586+0100] {processor.py:925} INFO - DAG(s) 'example_sensor_decorator' retrieved from /usr/local/anaconda3/envs/airflow_env/lib/python3.8/site-packages/airflow/example_dags/example_sensor_decorator.py
[2025-03-07T15:33:26.190+0100] {logging_mixin.py:190} INFO - [2025-03-07T15:33:26.190+0100] {dag.py:3239} INFO - Sync 1 DAGs
[2025-03-07T15:33:26.198+0100] {logging_mixin.py:190} INFO - [2025-03-07T15:33:26.198+0100] {dag.py:4180} INFO - Setting next_dagrun for example_sensor_decorator to None, run_after=None
[2025-03-07T15:33:26.209+0100] {processor.py:208} INFO - Processing /usr/local/anaconda3/envs/airflow_env/lib/python3.8/site-packages/airflow/example_dags/example_sensor_decorator.py took 0.657 seconds
[2025-03-07T15:35:42.677+0100] {processor.py:186} INFO - Started process (PID=10923) to work on /usr/local/anaconda3/envs/airflow_env/lib/python3.8/site-packages/airflow/example_dags/example_sensor_decorator.py
[2025-03-07T15:35:42.681+0100] {processor.py:914} INFO - Processing file /usr/local/anaconda3/envs/airflow_env/lib/python3.8/site-packages/airflow/example_dags/example_sensor_decorator.py for tasks to queue
[2025-03-07T15:35:42.681+0100] {logging_mixin.py:190} INFO - [2025-03-07T15:35:42.681+0100] {dagbag.py:588} INFO - Filling up the DagBag from /usr/local/anaconda3/envs/airflow_env/lib/python3.8/site-packages/airflow/example_dags/example_sensor_decorator.py
[2025-03-07T15:35:42.707+0100] {processor.py:925} INFO - DAG(s) 'example_sensor_decorator' retrieved from /usr/local/anaconda3/envs/airflow_env/lib/python3.8/site-packages/airflow/example_dags/example_sensor_decorator.py
[2025-03-07T15:35:43.319+0100] {logging_mixin.py:190} INFO - [2025-03-07T15:35:43.319+0100] {dag.py:3239} INFO - Sync 1 DAGs
[2025-03-07T15:35:43.327+0100] {logging_mixin.py:190} INFO - [2025-03-07T15:35:43.326+0100] {dag.py:4180} INFO - Setting next_dagrun for example_sensor_decorator to None, run_after=None
[2025-03-07T15:35:43.339+0100] {processor.py:208} INFO - Processing /usr/local/anaconda3/envs/airflow_env/lib/python3.8/site-packages/airflow/example_dags/example_sensor_decorator.py took 0.665 seconds
[2025-03-07T15:37:55.829+0100] {processor.py:186} INFO - Started process (PID=11190) to work on /usr/local/anaconda3/envs/airflow_env/lib/python3.8/site-packages/airflow/example_dags/example_sensor_decorator.py
[2025-03-07T15:37:55.832+0100] {processor.py:914} INFO - Processing file /usr/local/anaconda3/envs/airflow_env/lib/python3.8/site-packages/airflow/example_dags/example_sensor_decorator.py for tasks to queue
[2025-03-07T15:37:55.833+0100] {logging_mixin.py:190} INFO - [2025-03-07T15:37:55.832+0100] {dagbag.py:588} INFO - Filling up the DagBag from /usr/local/anaconda3/envs/airflow_env/lib/python3.8/site-packages/airflow/example_dags/example_sensor_decorator.py
[2025-03-07T15:37:55.857+0100] {processor.py:925} INFO - DAG(s) 'example_sensor_decorator' retrieved from /usr/local/anaconda3/envs/airflow_env/lib/python3.8/site-packages/airflow/example_dags/example_sensor_decorator.py
[2025-03-07T15:37:56.458+0100] {logging_mixin.py:190} INFO - [2025-03-07T15:37:56.457+0100] {dag.py:3239} INFO - Sync 1 DAGs
[2025-03-07T15:37:56.465+0100] {logging_mixin.py:190} INFO - [2025-03-07T15:37:56.465+0100] {dag.py:4180} INFO - Setting next_dagrun for example_sensor_decorator to None, run_after=None
[2025-03-07T15:37:56.476+0100] {processor.py:208} INFO - Processing /usr/local/anaconda3/envs/airflow_env/lib/python3.8/site-packages/airflow/example_dags/example_sensor_decorator.py took 0.650 seconds
[2025-03-07T15:40:11.038+0100] {processor.py:186} INFO - Started process (PID=11409) to work on /usr/local/anaconda3/envs/airflow_env/lib/python3.8/site-packages/airflow/example_dags/example_sensor_decorator.py
[2025-03-07T15:40:11.041+0100] {processor.py:914} INFO - Processing file /usr/local/anaconda3/envs/airflow_env/lib/python3.8/site-packages/airflow/example_dags/example_sensor_decorator.py for tasks to queue
[2025-03-07T15:40:11.042+0100] {logging_mixin.py:190} INFO - [2025-03-07T15:40:11.042+0100] {dagbag.py:588} INFO - Filling up the DagBag from /usr/local/anaconda3/envs/airflow_env/lib/python3.8/site-packages/airflow/example_dags/example_sensor_decorator.py
[2025-03-07T15:40:11.068+0100] {processor.py:925} INFO - DAG(s) 'example_sensor_decorator' retrieved from /usr/local/anaconda3/envs/airflow_env/lib/python3.8/site-packages/airflow/example_dags/example_sensor_decorator.py
[2025-03-07T15:40:11.671+0100] {logging_mixin.py:190} INFO - [2025-03-07T15:40:11.670+0100] {dag.py:3239} INFO - Sync 1 DAGs
[2025-03-07T15:40:11.678+0100] {logging_mixin.py:190} INFO - [2025-03-07T15:40:11.678+0100] {dag.py:4180} INFO - Setting next_dagrun for example_sensor_decorator to None, run_after=None
[2025-03-07T15:40:11.690+0100] {processor.py:208} INFO - Processing /usr/local/anaconda3/envs/airflow_env/lib/python3.8/site-packages/airflow/example_dags/example_sensor_decorator.py took 0.655 seconds
[2025-03-07T15:42:22.215+0100] {processor.py:186} INFO - Started process (PID=11574) to work on /usr/local/anaconda3/envs/airflow_env/lib/python3.8/site-packages/airflow/example_dags/example_sensor_decorator.py
[2025-03-07T15:42:22.218+0100] {processor.py:914} INFO - Processing file /usr/local/anaconda3/envs/airflow_env/lib/python3.8/site-packages/airflow/example_dags/example_sensor_decorator.py for tasks to queue
[2025-03-07T15:42:22.219+0100] {logging_mixin.py:190} INFO - [2025-03-07T15:42:22.219+0100] {dagbag.py:588} INFO - Filling up the DagBag from /usr/local/anaconda3/envs/airflow_env/lib/python3.8/site-packages/airflow/example_dags/example_sensor_decorator.py
[2025-03-07T15:42:22.244+0100] {processor.py:925} INFO - DAG(s) 'example_sensor_decorator' retrieved from /usr/local/anaconda3/envs/airflow_env/lib/python3.8/site-packages/airflow/example_dags/example_sensor_decorator.py
[2025-03-07T15:42:22.837+0100] {logging_mixin.py:190} INFO - [2025-03-07T15:42:22.837+0100] {dag.py:3239} INFO - Sync 1 DAGs
[2025-03-07T15:42:22.845+0100] {logging_mixin.py:190} INFO - [2025-03-07T15:42:22.845+0100] {dag.py:4180} INFO - Setting next_dagrun for example_sensor_decorator to None, run_after=None
[2025-03-07T15:42:22.857+0100] {processor.py:208} INFO - Processing /usr/local/anaconda3/envs/airflow_env/lib/python3.8/site-packages/airflow/example_dags/example_sensor_decorator.py took 0.645 seconds
[2025-03-07T15:44:29.864+0100] {processor.py:186} INFO - Started process (PID=11814) to work on /usr/local/anaconda3/envs/airflow_env/lib/python3.8/site-packages/airflow/example_dags/example_sensor_decorator.py
[2025-03-07T15:44:29.867+0100] {processor.py:914} INFO - Processing file /usr/local/anaconda3/envs/airflow_env/lib/python3.8/site-packages/airflow/example_dags/example_sensor_decorator.py for tasks to queue
[2025-03-07T15:44:29.868+0100] {logging_mixin.py:190} INFO - [2025-03-07T15:44:29.868+0100] {dagbag.py:588} INFO - Filling up the DagBag from /usr/local/anaconda3/envs/airflow_env/lib/python3.8/site-packages/airflow/example_dags/example_sensor_decorator.py
[2025-03-07T15:44:29.892+0100] {processor.py:925} INFO - DAG(s) 'example_sensor_decorator' retrieved from /usr/local/anaconda3/envs/airflow_env/lib/python3.8/site-packages/airflow/example_dags/example_sensor_decorator.py
[2025-03-07T15:44:30.484+0100] {logging_mixin.py:190} INFO - [2025-03-07T15:44:30.483+0100] {dag.py:3239} INFO - Sync 1 DAGs
[2025-03-07T15:44:30.491+0100] {logging_mixin.py:190} INFO - [2025-03-07T15:44:30.491+0100] {dag.py:4180} INFO - Setting next_dagrun for example_sensor_decorator to None, run_after=None
[2025-03-07T15:44:30.502+0100] {processor.py:208} INFO - Processing /usr/local/anaconda3/envs/airflow_env/lib/python3.8/site-packages/airflow/example_dags/example_sensor_decorator.py took 0.641 seconds
[2025-03-07T15:46:58.250+0100] {processor.py:186} INFO - Started process (PID=12050) to work on /usr/local/anaconda3/envs/airflow_env/lib/python3.8/site-packages/airflow/example_dags/example_sensor_decorator.py
[2025-03-07T15:46:58.253+0100] {processor.py:914} INFO - Processing file /usr/local/anaconda3/envs/airflow_env/lib/python3.8/site-packages/airflow/example_dags/example_sensor_decorator.py for tasks to queue
[2025-03-07T15:46:58.254+0100] {logging_mixin.py:190} INFO - [2025-03-07T15:46:58.253+0100] {dagbag.py:588} INFO - Filling up the DagBag from /usr/local/anaconda3/envs/airflow_env/lib/python3.8/site-packages/airflow/example_dags/example_sensor_decorator.py
[2025-03-07T15:46:58.277+0100] {processor.py:925} INFO - DAG(s) 'example_sensor_decorator' retrieved from /usr/local/anaconda3/envs/airflow_env/lib/python3.8/site-packages/airflow/example_dags/example_sensor_decorator.py
[2025-03-07T15:46:58.868+0100] {logging_mixin.py:190} INFO - [2025-03-07T15:46:58.867+0100] {dag.py:3239} INFO - Sync 1 DAGs
[2025-03-07T15:46:58.875+0100] {logging_mixin.py:190} INFO - [2025-03-07T15:46:58.875+0100] {dag.py:4180} INFO - Setting next_dagrun for example_sensor_decorator to None, run_after=None
[2025-03-07T15:46:58.886+0100] {processor.py:208} INFO - Processing /usr/local/anaconda3/envs/airflow_env/lib/python3.8/site-packages/airflow/example_dags/example_sensor_decorator.py took 0.640 seconds
[2025-03-07T15:49:13.885+0100] {processor.py:186} INFO - Started process (PID=12292) to work on /usr/local/anaconda3/envs/airflow_env/lib/python3.8/site-packages/airflow/example_dags/example_sensor_decorator.py
[2025-03-07T15:49:13.888+0100] {processor.py:914} INFO - Processing file /usr/local/anaconda3/envs/airflow_env/lib/python3.8/site-packages/airflow/example_dags/example_sensor_decorator.py for tasks to queue
[2025-03-07T15:49:13.889+0100] {logging_mixin.py:190} INFO - [2025-03-07T15:49:13.889+0100] {dagbag.py:588} INFO - Filling up the DagBag from /usr/local/anaconda3/envs/airflow_env/lib/python3.8/site-packages/airflow/example_dags/example_sensor_decorator.py
[2025-03-07T15:49:13.914+0100] {processor.py:925} INFO - DAG(s) 'example_sensor_decorator' retrieved from /usr/local/anaconda3/envs/airflow_env/lib/python3.8/site-packages/airflow/example_dags/example_sensor_decorator.py
[2025-03-07T15:49:14.543+0100] {logging_mixin.py:190} INFO - [2025-03-07T15:49:14.543+0100] {dag.py:3239} INFO - Sync 1 DAGs
[2025-03-07T15:49:14.551+0100] {logging_mixin.py:190} INFO - [2025-03-07T15:49:14.551+0100] {dag.py:4180} INFO - Setting next_dagrun for example_sensor_decorator to None, run_after=None
[2025-03-07T15:49:14.563+0100] {processor.py:208} INFO - Processing /usr/local/anaconda3/envs/airflow_env/lib/python3.8/site-packages/airflow/example_dags/example_sensor_decorator.py took 0.681 seconds
[2025-03-07T15:51:30.460+0100] {processor.py:186} INFO - Started process (PID=12564) to work on /usr/local/anaconda3/envs/airflow_env/lib/python3.8/site-packages/airflow/example_dags/example_sensor_decorator.py
[2025-03-07T15:51:30.463+0100] {processor.py:914} INFO - Processing file /usr/local/anaconda3/envs/airflow_env/lib/python3.8/site-packages/airflow/example_dags/example_sensor_decorator.py for tasks to queue
[2025-03-07T15:51:30.464+0100] {logging_mixin.py:190} INFO - [2025-03-07T15:51:30.464+0100] {dagbag.py:588} INFO - Filling up the DagBag from /usr/local/anaconda3/envs/airflow_env/lib/python3.8/site-packages/airflow/example_dags/example_sensor_decorator.py
[2025-03-07T15:51:30.492+0100] {processor.py:925} INFO - DAG(s) 'example_sensor_decorator' retrieved from /usr/local/anaconda3/envs/airflow_env/lib/python3.8/site-packages/airflow/example_dags/example_sensor_decorator.py
[2025-03-07T15:51:31.151+0100] {logging_mixin.py:190} INFO - [2025-03-07T15:51:31.150+0100] {dag.py:3239} INFO - Sync 1 DAGs
[2025-03-07T15:51:31.158+0100] {logging_mixin.py:190} INFO - [2025-03-07T15:51:31.158+0100] {dag.py:4180} INFO - Setting next_dagrun for example_sensor_decorator to None, run_after=None
[2025-03-07T15:51:31.171+0100] {processor.py:208} INFO - Processing /usr/local/anaconda3/envs/airflow_env/lib/python3.8/site-packages/airflow/example_dags/example_sensor_decorator.py took 0.714 seconds
[2025-03-07T15:53:58.610+0100] {processor.py:186} INFO - Started process (PID=12874) to work on /usr/local/anaconda3/envs/airflow_env/lib/python3.8/site-packages/airflow/example_dags/example_sensor_decorator.py
[2025-03-07T15:53:58.614+0100] {processor.py:914} INFO - Processing file /usr/local/anaconda3/envs/airflow_env/lib/python3.8/site-packages/airflow/example_dags/example_sensor_decorator.py for tasks to queue
[2025-03-07T15:53:58.614+0100] {logging_mixin.py:190} INFO - [2025-03-07T15:53:58.614+0100] {dagbag.py:588} INFO - Filling up the DagBag from /usr/local/anaconda3/envs/airflow_env/lib/python3.8/site-packages/airflow/example_dags/example_sensor_decorator.py
[2025-03-07T15:53:58.639+0100] {processor.py:925} INFO - DAG(s) 'example_sensor_decorator' retrieved from /usr/local/anaconda3/envs/airflow_env/lib/python3.8/site-packages/airflow/example_dags/example_sensor_decorator.py
[2025-03-07T15:53:59.251+0100] {logging_mixin.py:190} INFO - [2025-03-07T15:53:59.251+0100] {dag.py:3239} INFO - Sync 1 DAGs
[2025-03-07T15:53:59.259+0100] {logging_mixin.py:190} INFO - [2025-03-07T15:53:59.258+0100] {dag.py:4180} INFO - Setting next_dagrun for example_sensor_decorator to None, run_after=None
[2025-03-07T15:53:59.271+0100] {processor.py:208} INFO - Processing /usr/local/anaconda3/envs/airflow_env/lib/python3.8/site-packages/airflow/example_dags/example_sensor_decorator.py took 0.664 seconds
[2025-03-07T15:56:16.259+0100] {processor.py:186} INFO - Started process (PID=13077) to work on /usr/local/anaconda3/envs/airflow_env/lib/python3.8/site-packages/airflow/example_dags/example_sensor_decorator.py
[2025-03-07T15:56:16.262+0100] {processor.py:914} INFO - Processing file /usr/local/anaconda3/envs/airflow_env/lib/python3.8/site-packages/airflow/example_dags/example_sensor_decorator.py for tasks to queue
[2025-03-07T15:56:16.263+0100] {logging_mixin.py:190} INFO - [2025-03-07T15:56:16.263+0100] {dagbag.py:588} INFO - Filling up the DagBag from /usr/local/anaconda3/envs/airflow_env/lib/python3.8/site-packages/airflow/example_dags/example_sensor_decorator.py
[2025-03-07T15:56:16.289+0100] {processor.py:925} INFO - DAG(s) 'example_sensor_decorator' retrieved from /usr/local/anaconda3/envs/airflow_env/lib/python3.8/site-packages/airflow/example_dags/example_sensor_decorator.py
[2025-03-07T15:56:16.903+0100] {logging_mixin.py:190} INFO - [2025-03-07T15:56:16.903+0100] {dag.py:3239} INFO - Sync 1 DAGs
[2025-03-07T15:56:16.910+0100] {logging_mixin.py:190} INFO - [2025-03-07T15:56:16.910+0100] {dag.py:4180} INFO - Setting next_dagrun for example_sensor_decorator to None, run_after=None
[2025-03-07T15:56:16.922+0100] {processor.py:208} INFO - Processing /usr/local/anaconda3/envs/airflow_env/lib/python3.8/site-packages/airflow/example_dags/example_sensor_decorator.py took 0.666 seconds
[2025-03-07T15:58:31.888+0100] {processor.py:186} INFO - Started process (PID=13325) to work on /usr/local/anaconda3/envs/airflow_env/lib/python3.8/site-packages/airflow/example_dags/example_sensor_decorator.py
[2025-03-07T15:58:31.891+0100] {processor.py:914} INFO - Processing file /usr/local/anaconda3/envs/airflow_env/lib/python3.8/site-packages/airflow/example_dags/example_sensor_decorator.py for tasks to queue
[2025-03-07T15:58:31.892+0100] {logging_mixin.py:190} INFO - [2025-03-07T15:58:31.891+0100] {dagbag.py:588} INFO - Filling up the DagBag from /usr/local/anaconda3/envs/airflow_env/lib/python3.8/site-packages/airflow/example_dags/example_sensor_decorator.py
[2025-03-07T15:58:31.917+0100] {processor.py:925} INFO - DAG(s) 'example_sensor_decorator' retrieved from /usr/local/anaconda3/envs/airflow_env/lib/python3.8/site-packages/airflow/example_dags/example_sensor_decorator.py
[2025-03-07T15:58:32.510+0100] {logging_mixin.py:190} INFO - [2025-03-07T15:58:32.510+0100] {dag.py:3239} INFO - Sync 1 DAGs
[2025-03-07T15:58:32.517+0100] {logging_mixin.py:190} INFO - [2025-03-07T15:58:32.517+0100] {dag.py:4180} INFO - Setting next_dagrun for example_sensor_decorator to None, run_after=None
[2025-03-07T15:58:32.529+0100] {processor.py:208} INFO - Processing /usr/local/anaconda3/envs/airflow_env/lib/python3.8/site-packages/airflow/example_dags/example_sensor_decorator.py took 0.645 seconds
[2025-03-07T16:01:36.739+0100] {processor.py:186} INFO - Started process (PID=13636) to work on /usr/local/anaconda3/envs/airflow_env/lib/python3.8/site-packages/airflow/example_dags/example_sensor_decorator.py
[2025-03-07T16:01:36.743+0100] {processor.py:914} INFO - Processing file /usr/local/anaconda3/envs/airflow_env/lib/python3.8/site-packages/airflow/example_dags/example_sensor_decorator.py for tasks to queue
[2025-03-07T16:01:36.743+0100] {logging_mixin.py:190} INFO - [2025-03-07T16:01:36.743+0100] {dagbag.py:588} INFO - Filling up the DagBag from /usr/local/anaconda3/envs/airflow_env/lib/python3.8/site-packages/airflow/example_dags/example_sensor_decorator.py
[2025-03-07T16:01:36.770+0100] {processor.py:925} INFO - DAG(s) 'example_sensor_decorator' retrieved from /usr/local/anaconda3/envs/airflow_env/lib/python3.8/site-packages/airflow/example_dags/example_sensor_decorator.py
[2025-03-07T16:01:37.367+0100] {logging_mixin.py:190} INFO - [2025-03-07T16:01:37.366+0100] {dag.py:3239} INFO - Sync 1 DAGs
[2025-03-07T16:01:37.374+0100] {logging_mixin.py:190} INFO - [2025-03-07T16:01:37.374+0100] {dag.py:4180} INFO - Setting next_dagrun for example_sensor_decorator to None, run_after=None
[2025-03-07T16:01:37.385+0100] {processor.py:208} INFO - Processing /usr/local/anaconda3/envs/airflow_env/lib/python3.8/site-packages/airflow/example_dags/example_sensor_decorator.py took 0.649 seconds
[2025-03-07T16:04:33.575+0100] {processor.py:186} INFO - Started process (PID=13871) to work on /usr/local/anaconda3/envs/airflow_env/lib/python3.8/site-packages/airflow/example_dags/example_sensor_decorator.py
[2025-03-07T16:04:33.578+0100] {processor.py:914} INFO - Processing file /usr/local/anaconda3/envs/airflow_env/lib/python3.8/site-packages/airflow/example_dags/example_sensor_decorator.py for tasks to queue
[2025-03-07T16:04:33.579+0100] {logging_mixin.py:190} INFO - [2025-03-07T16:04:33.579+0100] {dagbag.py:588} INFO - Filling up the DagBag from /usr/local/anaconda3/envs/airflow_env/lib/python3.8/site-packages/airflow/example_dags/example_sensor_decorator.py
[2025-03-07T16:04:33.604+0100] {processor.py:925} INFO - DAG(s) 'example_sensor_decorator' retrieved from /usr/local/anaconda3/envs/airflow_env/lib/python3.8/site-packages/airflow/example_dags/example_sensor_decorator.py
[2025-03-07T16:04:34.203+0100] {logging_mixin.py:190} INFO - [2025-03-07T16:04:34.203+0100] {dag.py:3239} INFO - Sync 1 DAGs
[2025-03-07T16:04:34.211+0100] {logging_mixin.py:190} INFO - [2025-03-07T16:04:34.211+0100] {dag.py:4180} INFO - Setting next_dagrun for example_sensor_decorator to None, run_after=None
[2025-03-07T16:04:34.223+0100] {processor.py:208} INFO - Processing /usr/local/anaconda3/envs/airflow_env/lib/python3.8/site-packages/airflow/example_dags/example_sensor_decorator.py took 0.652 seconds
[2025-03-07T16:07:36.390+0100] {processor.py:186} INFO - Started process (PID=14188) to work on /usr/local/anaconda3/envs/airflow_env/lib/python3.8/site-packages/airflow/example_dags/example_sensor_decorator.py
[2025-03-07T16:07:36.393+0100] {processor.py:914} INFO - Processing file /usr/local/anaconda3/envs/airflow_env/lib/python3.8/site-packages/airflow/example_dags/example_sensor_decorator.py for tasks to queue
[2025-03-07T16:07:36.394+0100] {logging_mixin.py:190} INFO - [2025-03-07T16:07:36.394+0100] {dagbag.py:588} INFO - Filling up the DagBag from /usr/local/anaconda3/envs/airflow_env/lib/python3.8/site-packages/airflow/example_dags/example_sensor_decorator.py
[2025-03-07T16:07:36.420+0100] {processor.py:925} INFO - DAG(s) 'example_sensor_decorator' retrieved from /usr/local/anaconda3/envs/airflow_env/lib/python3.8/site-packages/airflow/example_dags/example_sensor_decorator.py
[2025-03-07T16:07:37.107+0100] {logging_mixin.py:190} INFO - [2025-03-07T16:07:37.106+0100] {dag.py:3239} INFO - Sync 1 DAGs
[2025-03-07T16:07:37.115+0100] {logging_mixin.py:190} INFO - [2025-03-07T16:07:37.114+0100] {dag.py:4180} INFO - Setting next_dagrun for example_sensor_decorator to None, run_after=None
[2025-03-07T16:07:37.129+0100] {processor.py:208} INFO - Processing /usr/local/anaconda3/envs/airflow_env/lib/python3.8/site-packages/airflow/example_dags/example_sensor_decorator.py took 0.743 seconds
[2025-03-07T16:11:28.437+0100] {processor.py:186} INFO - Started process (PID=14476) to work on /usr/local/anaconda3/envs/airflow_env/lib/python3.8/site-packages/airflow/example_dags/example_sensor_decorator.py
[2025-03-07T16:11:28.441+0100] {processor.py:914} INFO - Processing file /usr/local/anaconda3/envs/airflow_env/lib/python3.8/site-packages/airflow/example_dags/example_sensor_decorator.py for tasks to queue
[2025-03-07T16:11:28.442+0100] {logging_mixin.py:190} INFO - [2025-03-07T16:11:28.441+0100] {dagbag.py:588} INFO - Filling up the DagBag from /usr/local/anaconda3/envs/airflow_env/lib/python3.8/site-packages/airflow/example_dags/example_sensor_decorator.py
[2025-03-07T16:11:28.470+0100] {processor.py:925} INFO - DAG(s) 'example_sensor_decorator' retrieved from /usr/local/anaconda3/envs/airflow_env/lib/python3.8/site-packages/airflow/example_dags/example_sensor_decorator.py
[2025-03-07T16:11:29.149+0100] {logging_mixin.py:190} INFO - [2025-03-07T16:11:29.148+0100] {dag.py:3239} INFO - Sync 1 DAGs
[2025-03-07T16:11:29.156+0100] {logging_mixin.py:190} INFO - [2025-03-07T16:11:29.156+0100] {dag.py:4180} INFO - Setting next_dagrun for example_sensor_decorator to None, run_after=None
[2025-03-07T16:11:29.170+0100] {processor.py:208} INFO - Processing /usr/local/anaconda3/envs/airflow_env/lib/python3.8/site-packages/airflow/example_dags/example_sensor_decorator.py took 0.736 seconds
[2025-03-07T16:13:45.608+0100] {processor.py:186} INFO - Started process (PID=14793) to work on /usr/local/anaconda3/envs/airflow_env/lib/python3.8/site-packages/airflow/example_dags/example_sensor_decorator.py
[2025-03-07T16:13:45.611+0100] {processor.py:914} INFO - Processing file /usr/local/anaconda3/envs/airflow_env/lib/python3.8/site-packages/airflow/example_dags/example_sensor_decorator.py for tasks to queue
[2025-03-07T16:13:45.612+0100] {logging_mixin.py:190} INFO - [2025-03-07T16:13:45.612+0100] {dagbag.py:588} INFO - Filling up the DagBag from /usr/local/anaconda3/envs/airflow_env/lib/python3.8/site-packages/airflow/example_dags/example_sensor_decorator.py
[2025-03-07T16:13:45.639+0100] {processor.py:925} INFO - DAG(s) 'example_sensor_decorator' retrieved from /usr/local/anaconda3/envs/airflow_env/lib/python3.8/site-packages/airflow/example_dags/example_sensor_decorator.py
[2025-03-07T16:13:46.262+0100] {logging_mixin.py:190} INFO - [2025-03-07T16:13:46.262+0100] {dag.py:3239} INFO - Sync 1 DAGs
[2025-03-07T16:13:46.270+0100] {logging_mixin.py:190} INFO - [2025-03-07T16:13:46.270+0100] {dag.py:4180} INFO - Setting next_dagrun for example_sensor_decorator to None, run_after=None
[2025-03-07T16:13:46.282+0100] {processor.py:208} INFO - Processing /usr/local/anaconda3/envs/airflow_env/lib/python3.8/site-packages/airflow/example_dags/example_sensor_decorator.py took 0.678 seconds
[2025-03-07T16:15:59.043+0100] {processor.py:186} INFO - Started process (PID=15079) to work on /usr/local/anaconda3/envs/airflow_env/lib/python3.8/site-packages/airflow/example_dags/example_sensor_decorator.py
[2025-03-07T16:15:59.046+0100] {processor.py:914} INFO - Processing file /usr/local/anaconda3/envs/airflow_env/lib/python3.8/site-packages/airflow/example_dags/example_sensor_decorator.py for tasks to queue
[2025-03-07T16:15:59.047+0100] {logging_mixin.py:190} INFO - [2025-03-07T16:15:59.047+0100] {dagbag.py:588} INFO - Filling up the DagBag from /usr/local/anaconda3/envs/airflow_env/lib/python3.8/site-packages/airflow/example_dags/example_sensor_decorator.py
[2025-03-07T16:15:59.072+0100] {processor.py:925} INFO - DAG(s) 'example_sensor_decorator' retrieved from /usr/local/anaconda3/envs/airflow_env/lib/python3.8/site-packages/airflow/example_dags/example_sensor_decorator.py
[2025-03-07T16:15:59.676+0100] {logging_mixin.py:190} INFO - [2025-03-07T16:15:59.675+0100] {dag.py:3239} INFO - Sync 1 DAGs
[2025-03-07T16:15:59.683+0100] {logging_mixin.py:190} INFO - [2025-03-07T16:15:59.683+0100] {dag.py:4180} INFO - Setting next_dagrun for example_sensor_decorator to None, run_after=None
[2025-03-07T16:15:59.695+0100] {processor.py:208} INFO - Processing /usr/local/anaconda3/envs/airflow_env/lib/python3.8/site-packages/airflow/example_dags/example_sensor_decorator.py took 0.655 seconds
[2025-03-07T16:18:13.994+0100] {processor.py:186} INFO - Started process (PID=15297) to work on /usr/local/anaconda3/envs/airflow_env/lib/python3.8/site-packages/airflow/example_dags/example_sensor_decorator.py
[2025-03-07T16:18:13.997+0100] {processor.py:914} INFO - Processing file /usr/local/anaconda3/envs/airflow_env/lib/python3.8/site-packages/airflow/example_dags/example_sensor_decorator.py for tasks to queue
[2025-03-07T16:18:13.998+0100] {logging_mixin.py:190} INFO - [2025-03-07T16:18:13.998+0100] {dagbag.py:588} INFO - Filling up the DagBag from /usr/local/anaconda3/envs/airflow_env/lib/python3.8/site-packages/airflow/example_dags/example_sensor_decorator.py
[2025-03-07T16:18:14.022+0100] {processor.py:925} INFO - DAG(s) 'example_sensor_decorator' retrieved from /usr/local/anaconda3/envs/airflow_env/lib/python3.8/site-packages/airflow/example_dags/example_sensor_decorator.py
[2025-03-07T16:18:14.649+0100] {logging_mixin.py:190} INFO - [2025-03-07T16:18:14.649+0100] {dag.py:3239} INFO - Sync 1 DAGs
[2025-03-07T16:18:14.657+0100] {logging_mixin.py:190} INFO - [2025-03-07T16:18:14.657+0100] {dag.py:4180} INFO - Setting next_dagrun for example_sensor_decorator to None, run_after=None
[2025-03-07T16:18:14.670+0100] {processor.py:208} INFO - Processing /usr/local/anaconda3/envs/airflow_env/lib/python3.8/site-packages/airflow/example_dags/example_sensor_decorator.py took 0.679 seconds
[2025-03-07T16:20:30.167+0100] {processor.py:186} INFO - Started process (PID=15562) to work on /usr/local/anaconda3/envs/airflow_env/lib/python3.8/site-packages/airflow/example_dags/example_sensor_decorator.py
[2025-03-07T16:20:30.170+0100] {processor.py:914} INFO - Processing file /usr/local/anaconda3/envs/airflow_env/lib/python3.8/site-packages/airflow/example_dags/example_sensor_decorator.py for tasks to queue
[2025-03-07T16:20:30.171+0100] {logging_mixin.py:190} INFO - [2025-03-07T16:20:30.171+0100] {dagbag.py:588} INFO - Filling up the DagBag from /usr/local/anaconda3/envs/airflow_env/lib/python3.8/site-packages/airflow/example_dags/example_sensor_decorator.py
[2025-03-07T16:20:30.198+0100] {processor.py:925} INFO - DAG(s) 'example_sensor_decorator' retrieved from /usr/local/anaconda3/envs/airflow_env/lib/python3.8/site-packages/airflow/example_dags/example_sensor_decorator.py
[2025-03-07T16:20:30.862+0100] {logging_mixin.py:190} INFO - [2025-03-07T16:20:30.862+0100] {dag.py:3239} INFO - Sync 1 DAGs
[2025-03-07T16:20:30.870+0100] {logging_mixin.py:190} INFO - [2025-03-07T16:20:30.870+0100] {dag.py:4180} INFO - Setting next_dagrun for example_sensor_decorator to None, run_after=None
[2025-03-07T16:20:30.882+0100] {processor.py:208} INFO - Processing /usr/local/anaconda3/envs/airflow_env/lib/python3.8/site-packages/airflow/example_dags/example_sensor_decorator.py took 0.718 seconds
[2025-03-07T16:24:28.729+0100] {processor.py:186} INFO - Started process (PID=15946) to work on /usr/local/anaconda3/envs/airflow_env/lib/python3.8/site-packages/airflow/example_dags/example_sensor_decorator.py
[2025-03-07T16:24:28.732+0100] {processor.py:914} INFO - Processing file /usr/local/anaconda3/envs/airflow_env/lib/python3.8/site-packages/airflow/example_dags/example_sensor_decorator.py for tasks to queue
[2025-03-07T16:24:28.733+0100] {logging_mixin.py:190} INFO - [2025-03-07T16:24:28.733+0100] {dagbag.py:588} INFO - Filling up the DagBag from /usr/local/anaconda3/envs/airflow_env/lib/python3.8/site-packages/airflow/example_dags/example_sensor_decorator.py
[2025-03-07T16:24:28.758+0100] {processor.py:925} INFO - DAG(s) 'example_sensor_decorator' retrieved from /usr/local/anaconda3/envs/airflow_env/lib/python3.8/site-packages/airflow/example_dags/example_sensor_decorator.py
[2025-03-07T16:24:29.374+0100] {logging_mixin.py:190} INFO - [2025-03-07T16:24:29.373+0100] {dag.py:3239} INFO - Sync 1 DAGs
[2025-03-07T16:24:29.381+0100] {logging_mixin.py:190} INFO - [2025-03-07T16:24:29.381+0100] {dag.py:4180} INFO - Setting next_dagrun for example_sensor_decorator to None, run_after=None
[2025-03-07T16:24:29.393+0100] {processor.py:208} INFO - Processing /usr/local/anaconda3/envs/airflow_env/lib/python3.8/site-packages/airflow/example_dags/example_sensor_decorator.py took 0.667 seconds
[2025-03-07T16:30:35.948+0100] {processor.py:186} INFO - Started process (PID=16337) to work on /usr/local/anaconda3/envs/airflow_env/lib/python3.8/site-packages/airflow/example_dags/example_sensor_decorator.py
[2025-03-07T16:30:35.951+0100] {processor.py:914} INFO - Processing file /usr/local/anaconda3/envs/airflow_env/lib/python3.8/site-packages/airflow/example_dags/example_sensor_decorator.py for tasks to queue
[2025-03-07T16:30:35.951+0100] {logging_mixin.py:190} INFO - [2025-03-07T16:30:35.951+0100] {dagbag.py:588} INFO - Filling up the DagBag from /usr/local/anaconda3/envs/airflow_env/lib/python3.8/site-packages/airflow/example_dags/example_sensor_decorator.py
[2025-03-07T16:30:35.975+0100] {processor.py:925} INFO - DAG(s) 'example_sensor_decorator' retrieved from /usr/local/anaconda3/envs/airflow_env/lib/python3.8/site-packages/airflow/example_dags/example_sensor_decorator.py
[2025-03-07T16:30:36.590+0100] {logging_mixin.py:190} INFO - [2025-03-07T16:30:36.589+0100] {dag.py:3239} INFO - Sync 1 DAGs
[2025-03-07T16:30:36.597+0100] {logging_mixin.py:190} INFO - [2025-03-07T16:30:36.597+0100] {dag.py:4180} INFO - Setting next_dagrun for example_sensor_decorator to None, run_after=None
[2025-03-07T16:30:36.610+0100] {processor.py:208} INFO - Processing /usr/local/anaconda3/envs/airflow_env/lib/python3.8/site-packages/airflow/example_dags/example_sensor_decorator.py took 0.665 seconds
