[2025-03-07T14:11:51.304+0100] {processor.py:186} INFO - Started process (PID=2787) to work on /usr/local/anaconda3/envs/airflow_env/lib/python3.8/site-packages/airflow/example_dags/example_python_operator.py
[2025-03-07T14:11:51.307+0100] {processor.py:914} INFO - Processing file /usr/local/anaconda3/envs/airflow_env/lib/python3.8/site-packages/airflow/example_dags/example_python_operator.py for tasks to queue
[2025-03-07T14:11:51.308+0100] {logging_mixin.py:190} INFO - [2025-03-07T14:11:51.308+0100] {dagbag.py:588} INFO - Filling up the DagBag from /usr/local/anaconda3/envs/airflow_env/lib/python3.8/site-packages/airflow/example_dags/example_python_operator.py
[2025-03-07T14:11:51.326+0100] {logging_mixin.py:190} INFO - [2025-03-07T14:11:51.326+0100] {example_python_operator.py:93} WARNING - The virtalenv_python example task requires virtualenv, please install it.
[2025-03-07T14:11:51.329+0100] {processor.py:925} INFO - DAG(s) 'example_python_operator' retrieved from /usr/local/anaconda3/envs/airflow_env/lib/python3.8/site-packages/airflow/example_dags/example_python_operator.py
[2025-03-07T14:11:51.458+0100] {logging_mixin.py:190} INFO - [2025-03-07T14:11:51.458+0100] {override.py:1901} INFO - Created Permission View: can read on DAG:example_python_operator
[2025-03-07T14:11:51.464+0100] {logging_mixin.py:190} INFO - [2025-03-07T14:11:51.464+0100] {override.py:1901} INFO - Created Permission View: can edit on DAG:example_python_operator
[2025-03-07T14:11:51.469+0100] {logging_mixin.py:190} INFO - [2025-03-07T14:11:51.468+0100] {override.py:1901} INFO - Created Permission View: can delete on DAG:example_python_operator
[2025-03-07T14:11:51.474+0100] {logging_mixin.py:190} INFO - [2025-03-07T14:11:51.474+0100] {override.py:1901} INFO - Created Permission View: menu access on DAG Run:example_python_operator
[2025-03-07T14:11:51.478+0100] {logging_mixin.py:190} INFO - [2025-03-07T14:11:51.478+0100] {override.py:1901} INFO - Created Permission View: can read on DAG Run:example_python_operator
[2025-03-07T14:11:51.483+0100] {logging_mixin.py:190} INFO - [2025-03-07T14:11:51.482+0100] {override.py:1901} INFO - Created Permission View: can delete on DAG Run:example_python_operator
[2025-03-07T14:11:51.487+0100] {logging_mixin.py:190} INFO - [2025-03-07T14:11:51.487+0100] {override.py:1901} INFO - Created Permission View: can create on DAG Run:example_python_operator
[2025-03-07T14:11:51.487+0100] {logging_mixin.py:190} INFO - [2025-03-07T14:11:51.487+0100] {dag.py:3239} INFO - Sync 1 DAGs
[2025-03-07T14:11:51.496+0100] {logging_mixin.py:190} INFO - [2025-03-07T14:11:51.496+0100] {dag.py:3262} INFO - Creating ORM DAG for example_python_operator
[2025-03-07T14:11:51.497+0100] {logging_mixin.py:190} INFO - [2025-03-07T14:11:51.497+0100] {dag.py:4180} INFO - Setting next_dagrun for example_python_operator to None, run_after=None
[2025-03-07T14:11:51.509+0100] {processor.py:208} INFO - Processing /usr/local/anaconda3/envs/airflow_env/lib/python3.8/site-packages/airflow/example_dags/example_python_operator.py took 0.207 seconds
[2025-03-07T14:15:15.676+0100] {processor.py:186} INFO - Started process (PID=3106) to work on /usr/local/anaconda3/envs/airflow_env/lib/python3.8/site-packages/airflow/example_dags/example_python_operator.py
[2025-03-07T14:15:15.679+0100] {processor.py:914} INFO - Processing file /usr/local/anaconda3/envs/airflow_env/lib/python3.8/site-packages/airflow/example_dags/example_python_operator.py for tasks to queue
[2025-03-07T14:15:15.680+0100] {logging_mixin.py:190} INFO - [2025-03-07T14:15:15.680+0100] {dagbag.py:588} INFO - Filling up the DagBag from /usr/local/anaconda3/envs/airflow_env/lib/python3.8/site-packages/airflow/example_dags/example_python_operator.py
[2025-03-07T14:15:15.697+0100] {logging_mixin.py:190} INFO - [2025-03-07T14:15:15.697+0100] {example_python_operator.py:93} WARNING - The virtalenv_python example task requires virtualenv, please install it.
[2025-03-07T14:15:15.700+0100] {processor.py:925} INFO - DAG(s) 'example_python_operator' retrieved from /usr/local/anaconda3/envs/airflow_env/lib/python3.8/site-packages/airflow/example_dags/example_python_operator.py
[2025-03-07T14:15:15.776+0100] {logging_mixin.py:190} INFO - [2025-03-07T14:15:15.775+0100] {dag.py:3239} INFO - Sync 1 DAGs
[2025-03-07T14:15:15.783+0100] {logging_mixin.py:190} INFO - [2025-03-07T14:15:15.783+0100] {dag.py:4180} INFO - Setting next_dagrun for example_python_operator to None, run_after=None
[2025-03-07T14:15:15.796+0100] {processor.py:208} INFO - Processing /usr/local/anaconda3/envs/airflow_env/lib/python3.8/site-packages/airflow/example_dags/example_python_operator.py took 0.123 seconds
[2025-03-07T14:17:27.504+0100] {processor.py:186} INFO - Started process (PID=3370) to work on /usr/local/anaconda3/envs/airflow_env/lib/python3.8/site-packages/airflow/example_dags/example_python_operator.py
[2025-03-07T14:17:27.507+0100] {processor.py:914} INFO - Processing file /usr/local/anaconda3/envs/airflow_env/lib/python3.8/site-packages/airflow/example_dags/example_python_operator.py for tasks to queue
[2025-03-07T14:17:27.508+0100] {logging_mixin.py:190} INFO - [2025-03-07T14:17:27.508+0100] {dagbag.py:588} INFO - Filling up the DagBag from /usr/local/anaconda3/envs/airflow_env/lib/python3.8/site-packages/airflow/example_dags/example_python_operator.py
[2025-03-07T14:17:27.525+0100] {logging_mixin.py:190} INFO - [2025-03-07T14:17:27.525+0100] {example_python_operator.py:93} WARNING - The virtalenv_python example task requires virtualenv, please install it.
[2025-03-07T14:17:27.527+0100] {processor.py:925} INFO - DAG(s) 'example_python_operator' retrieved from /usr/local/anaconda3/envs/airflow_env/lib/python3.8/site-packages/airflow/example_dags/example_python_operator.py
[2025-03-07T14:17:27.600+0100] {logging_mixin.py:190} INFO - [2025-03-07T14:17:27.599+0100] {dag.py:3239} INFO - Sync 1 DAGs
[2025-03-07T14:17:27.607+0100] {logging_mixin.py:190} INFO - [2025-03-07T14:17:27.607+0100] {dag.py:4180} INFO - Setting next_dagrun for example_python_operator to None, run_after=None
[2025-03-07T14:17:27.619+0100] {processor.py:208} INFO - Processing /usr/local/anaconda3/envs/airflow_env/lib/python3.8/site-packages/airflow/example_dags/example_python_operator.py took 0.118 seconds
[2025-03-07T14:19:42.180+0100] {processor.py:186} INFO - Started process (PID=3610) to work on /usr/local/anaconda3/envs/airflow_env/lib/python3.8/site-packages/airflow/example_dags/example_python_operator.py
[2025-03-07T14:19:42.183+0100] {processor.py:914} INFO - Processing file /usr/local/anaconda3/envs/airflow_env/lib/python3.8/site-packages/airflow/example_dags/example_python_operator.py for tasks to queue
[2025-03-07T14:19:42.184+0100] {logging_mixin.py:190} INFO - [2025-03-07T14:19:42.183+0100] {dagbag.py:588} INFO - Filling up the DagBag from /usr/local/anaconda3/envs/airflow_env/lib/python3.8/site-packages/airflow/example_dags/example_python_operator.py
[2025-03-07T14:19:42.199+0100] {logging_mixin.py:190} INFO - [2025-03-07T14:19:42.199+0100] {example_python_operator.py:93} WARNING - The virtalenv_python example task requires virtualenv, please install it.
[2025-03-07T14:19:42.202+0100] {processor.py:925} INFO - DAG(s) 'example_python_operator' retrieved from /usr/local/anaconda3/envs/airflow_env/lib/python3.8/site-packages/airflow/example_dags/example_python_operator.py
[2025-03-07T14:19:42.271+0100] {logging_mixin.py:190} INFO - [2025-03-07T14:19:42.271+0100] {dag.py:3239} INFO - Sync 1 DAGs
[2025-03-07T14:19:42.278+0100] {logging_mixin.py:190} INFO - [2025-03-07T14:19:42.278+0100] {dag.py:4180} INFO - Setting next_dagrun for example_python_operator to None, run_after=None
[2025-03-07T14:19:42.290+0100] {processor.py:208} INFO - Processing /usr/local/anaconda3/envs/airflow_env/lib/python3.8/site-packages/airflow/example_dags/example_python_operator.py took 0.113 seconds
[2025-03-07T14:22:00.899+0100] {processor.py:186} INFO - Started process (PID=3871) to work on /usr/local/anaconda3/envs/airflow_env/lib/python3.8/site-packages/airflow/example_dags/example_python_operator.py
[2025-03-07T14:22:00.902+0100] {processor.py:914} INFO - Processing file /usr/local/anaconda3/envs/airflow_env/lib/python3.8/site-packages/airflow/example_dags/example_python_operator.py for tasks to queue
[2025-03-07T14:22:00.903+0100] {logging_mixin.py:190} INFO - [2025-03-07T14:22:00.903+0100] {dagbag.py:588} INFO - Filling up the DagBag from /usr/local/anaconda3/envs/airflow_env/lib/python3.8/site-packages/airflow/example_dags/example_python_operator.py
[2025-03-07T14:22:00.919+0100] {logging_mixin.py:190} INFO - [2025-03-07T14:22:00.918+0100] {example_python_operator.py:93} WARNING - The virtalenv_python example task requires virtualenv, please install it.
[2025-03-07T14:22:00.921+0100] {processor.py:925} INFO - DAG(s) 'example_python_operator' retrieved from /usr/local/anaconda3/envs/airflow_env/lib/python3.8/site-packages/airflow/example_dags/example_python_operator.py
[2025-03-07T14:22:00.994+0100] {logging_mixin.py:190} INFO - [2025-03-07T14:22:00.993+0100] {dag.py:3239} INFO - Sync 1 DAGs
[2025-03-07T14:22:01.001+0100] {logging_mixin.py:190} INFO - [2025-03-07T14:22:01.000+0100] {dag.py:4180} INFO - Setting next_dagrun for example_python_operator to None, run_after=None
[2025-03-07T14:22:01.012+0100] {processor.py:208} INFO - Processing /usr/local/anaconda3/envs/airflow_env/lib/python3.8/site-packages/airflow/example_dags/example_python_operator.py took 0.115 seconds
[2025-03-07T14:24:22.914+0100] {processor.py:186} INFO - Started process (PID=4122) to work on /usr/local/anaconda3/envs/airflow_env/lib/python3.8/site-packages/airflow/example_dags/example_python_operator.py
[2025-03-07T14:24:22.918+0100] {processor.py:914} INFO - Processing file /usr/local/anaconda3/envs/airflow_env/lib/python3.8/site-packages/airflow/example_dags/example_python_operator.py for tasks to queue
[2025-03-07T14:24:22.918+0100] {logging_mixin.py:190} INFO - [2025-03-07T14:24:22.918+0100] {dagbag.py:588} INFO - Filling up the DagBag from /usr/local/anaconda3/envs/airflow_env/lib/python3.8/site-packages/airflow/example_dags/example_python_operator.py
[2025-03-07T14:24:22.935+0100] {logging_mixin.py:190} INFO - [2025-03-07T14:24:22.935+0100] {example_python_operator.py:93} WARNING - The virtalenv_python example task requires virtualenv, please install it.
[2025-03-07T14:24:22.937+0100] {processor.py:925} INFO - DAG(s) 'example_python_operator' retrieved from /usr/local/anaconda3/envs/airflow_env/lib/python3.8/site-packages/airflow/example_dags/example_python_operator.py
[2025-03-07T14:24:23.010+0100] {logging_mixin.py:190} INFO - [2025-03-07T14:24:23.010+0100] {dag.py:3239} INFO - Sync 1 DAGs
[2025-03-07T14:24:23.018+0100] {logging_mixin.py:190} INFO - [2025-03-07T14:24:23.018+0100] {dag.py:4180} INFO - Setting next_dagrun for example_python_operator to None, run_after=None
[2025-03-07T14:24:23.030+0100] {processor.py:208} INFO - Processing /usr/local/anaconda3/envs/airflow_env/lib/python3.8/site-packages/airflow/example_dags/example_python_operator.py took 0.119 seconds
[2025-03-07T14:44:44.335+0100] {processor.py:186} INFO - Started process (PID=4965) to work on /usr/local/anaconda3/envs/airflow_env/lib/python3.8/site-packages/airflow/example_dags/example_python_operator.py
[2025-03-07T14:44:44.338+0100] {processor.py:914} INFO - Processing file /usr/local/anaconda3/envs/airflow_env/lib/python3.8/site-packages/airflow/example_dags/example_python_operator.py for tasks to queue
[2025-03-07T14:44:44.339+0100] {logging_mixin.py:190} INFO - [2025-03-07T14:44:44.339+0100] {dagbag.py:588} INFO - Filling up the DagBag from /usr/local/anaconda3/envs/airflow_env/lib/python3.8/site-packages/airflow/example_dags/example_python_operator.py
[2025-03-07T14:44:44.356+0100] {logging_mixin.py:190} INFO - [2025-03-07T14:44:44.356+0100] {example_python_operator.py:93} WARNING - The virtalenv_python example task requires virtualenv, please install it.
[2025-03-07T14:44:44.358+0100] {processor.py:925} INFO - DAG(s) 'example_python_operator' retrieved from /usr/local/anaconda3/envs/airflow_env/lib/python3.8/site-packages/airflow/example_dags/example_python_operator.py
[2025-03-07T14:44:44.431+0100] {logging_mixin.py:190} INFO - [2025-03-07T14:44:44.430+0100] {dag.py:3239} INFO - Sync 1 DAGs
[2025-03-07T14:44:44.438+0100] {logging_mixin.py:190} INFO - [2025-03-07T14:44:44.438+0100] {dag.py:4180} INFO - Setting next_dagrun for example_python_operator to None, run_after=None
[2025-03-07T14:44:44.452+0100] {processor.py:208} INFO - Processing /usr/local/anaconda3/envs/airflow_env/lib/python3.8/site-packages/airflow/example_dags/example_python_operator.py took 0.120 seconds
[2025-03-07T14:47:34.869+0100] {processor.py:186} INFO - Started process (PID=5227) to work on /usr/local/anaconda3/envs/airflow_env/lib/python3.8/site-packages/airflow/example_dags/example_python_operator.py
[2025-03-07T14:47:34.872+0100] {processor.py:914} INFO - Processing file /usr/local/anaconda3/envs/airflow_env/lib/python3.8/site-packages/airflow/example_dags/example_python_operator.py for tasks to queue
[2025-03-07T14:47:34.873+0100] {logging_mixin.py:190} INFO - [2025-03-07T14:47:34.873+0100] {dagbag.py:588} INFO - Filling up the DagBag from /usr/local/anaconda3/envs/airflow_env/lib/python3.8/site-packages/airflow/example_dags/example_python_operator.py
[2025-03-07T14:47:34.888+0100] {logging_mixin.py:190} INFO - [2025-03-07T14:47:34.888+0100] {example_python_operator.py:93} WARNING - The virtalenv_python example task requires virtualenv, please install it.
[2025-03-07T14:47:34.891+0100] {processor.py:925} INFO - DAG(s) 'example_python_operator' retrieved from /usr/local/anaconda3/envs/airflow_env/lib/python3.8/site-packages/airflow/example_dags/example_python_operator.py
[2025-03-07T14:47:34.960+0100] {logging_mixin.py:190} INFO - [2025-03-07T14:47:34.960+0100] {dag.py:3239} INFO - Sync 1 DAGs
[2025-03-07T14:47:34.967+0100] {logging_mixin.py:190} INFO - [2025-03-07T14:47:34.967+0100] {dag.py:4180} INFO - Setting next_dagrun for example_python_operator to None, run_after=None
[2025-03-07T14:47:34.980+0100] {processor.py:208} INFO - Processing /usr/local/anaconda3/envs/airflow_env/lib/python3.8/site-packages/airflow/example_dags/example_python_operator.py took 0.114 seconds
[2025-03-07T14:50:38.654+0100] {processor.py:186} INFO - Started process (PID=5633) to work on /usr/local/anaconda3/envs/airflow_env/lib/python3.8/site-packages/airflow/example_dags/example_python_operator.py
[2025-03-07T14:50:38.657+0100] {processor.py:914} INFO - Processing file /usr/local/anaconda3/envs/airflow_env/lib/python3.8/site-packages/airflow/example_dags/example_python_operator.py for tasks to queue
[2025-03-07T14:50:38.658+0100] {logging_mixin.py:190} INFO - [2025-03-07T14:50:38.658+0100] {dagbag.py:588} INFO - Filling up the DagBag from /usr/local/anaconda3/envs/airflow_env/lib/python3.8/site-packages/airflow/example_dags/example_python_operator.py
[2025-03-07T14:50:38.673+0100] {logging_mixin.py:190} INFO - [2025-03-07T14:50:38.673+0100] {example_python_operator.py:93} WARNING - The virtalenv_python example task requires virtualenv, please install it.
[2025-03-07T14:50:38.676+0100] {processor.py:925} INFO - DAG(s) 'example_python_operator' retrieved from /usr/local/anaconda3/envs/airflow_env/lib/python3.8/site-packages/airflow/example_dags/example_python_operator.py
[2025-03-07T14:50:38.745+0100] {logging_mixin.py:190} INFO - [2025-03-07T14:50:38.745+0100] {dag.py:3239} INFO - Sync 1 DAGs
[2025-03-07T14:50:38.752+0100] {logging_mixin.py:190} INFO - [2025-03-07T14:50:38.752+0100] {dag.py:4180} INFO - Setting next_dagrun for example_python_operator to None, run_after=None
[2025-03-07T14:50:38.765+0100] {processor.py:208} INFO - Processing /usr/local/anaconda3/envs/airflow_env/lib/python3.8/site-packages/airflow/example_dags/example_python_operator.py took 0.113 seconds
[2025-03-07T14:54:09.425+0100] {processor.py:186} INFO - Started process (PID=6076) to work on /usr/local/anaconda3/envs/airflow_env/lib/python3.8/site-packages/airflow/example_dags/example_python_operator.py
[2025-03-07T14:54:09.429+0100] {processor.py:914} INFO - Processing file /usr/local/anaconda3/envs/airflow_env/lib/python3.8/site-packages/airflow/example_dags/example_python_operator.py for tasks to queue
[2025-03-07T14:54:09.429+0100] {logging_mixin.py:190} INFO - [2025-03-07T14:54:09.429+0100] {dagbag.py:588} INFO - Filling up the DagBag from /usr/local/anaconda3/envs/airflow_env/lib/python3.8/site-packages/airflow/example_dags/example_python_operator.py
[2025-03-07T14:54:09.445+0100] {logging_mixin.py:190} INFO - [2025-03-07T14:54:09.445+0100] {example_python_operator.py:93} WARNING - The virtalenv_python example task requires virtualenv, please install it.
[2025-03-07T14:54:09.448+0100] {processor.py:925} INFO - DAG(s) 'example_python_operator' retrieved from /usr/local/anaconda3/envs/airflow_env/lib/python3.8/site-packages/airflow/example_dags/example_python_operator.py
[2025-03-07T14:54:09.517+0100] {logging_mixin.py:190} INFO - [2025-03-07T14:54:09.517+0100] {dag.py:3239} INFO - Sync 1 DAGs
[2025-03-07T14:54:09.524+0100] {logging_mixin.py:190} INFO - [2025-03-07T14:54:09.524+0100] {dag.py:4180} INFO - Setting next_dagrun for example_python_operator to None, run_after=None
[2025-03-07T14:54:09.536+0100] {processor.py:208} INFO - Processing /usr/local/anaconda3/envs/airflow_env/lib/python3.8/site-packages/airflow/example_dags/example_python_operator.py took 0.113 seconds
[2025-03-07T14:56:51.558+0100] {processor.py:186} INFO - Started process (PID=6398) to work on /usr/local/anaconda3/envs/airflow_env/lib/python3.8/site-packages/airflow/example_dags/example_python_operator.py
[2025-03-07T14:56:51.561+0100] {processor.py:914} INFO - Processing file /usr/local/anaconda3/envs/airflow_env/lib/python3.8/site-packages/airflow/example_dags/example_python_operator.py for tasks to queue
[2025-03-07T14:56:51.562+0100] {logging_mixin.py:190} INFO - [2025-03-07T14:56:51.562+0100] {dagbag.py:588} INFO - Filling up the DagBag from /usr/local/anaconda3/envs/airflow_env/lib/python3.8/site-packages/airflow/example_dags/example_python_operator.py
[2025-03-07T14:56:51.578+0100] {logging_mixin.py:190} INFO - [2025-03-07T14:56:51.578+0100] {example_python_operator.py:93} WARNING - The virtalenv_python example task requires virtualenv, please install it.
[2025-03-07T14:56:51.580+0100] {processor.py:925} INFO - DAG(s) 'example_python_operator' retrieved from /usr/local/anaconda3/envs/airflow_env/lib/python3.8/site-packages/airflow/example_dags/example_python_operator.py
[2025-03-07T14:56:51.649+0100] {logging_mixin.py:190} INFO - [2025-03-07T14:56:51.649+0100] {dag.py:3239} INFO - Sync 1 DAGs
[2025-03-07T14:56:51.656+0100] {logging_mixin.py:190} INFO - [2025-03-07T14:56:51.656+0100] {dag.py:4180} INFO - Setting next_dagrun for example_python_operator to None, run_after=None
[2025-03-07T14:56:51.668+0100] {processor.py:208} INFO - Processing /usr/local/anaconda3/envs/airflow_env/lib/python3.8/site-packages/airflow/example_dags/example_python_operator.py took 0.113 seconds
[2025-03-07T14:59:02.897+0100] {processor.py:186} INFO - Started process (PID=6658) to work on /usr/local/anaconda3/envs/airflow_env/lib/python3.8/site-packages/airflow/example_dags/example_python_operator.py
[2025-03-07T14:59:02.900+0100] {processor.py:914} INFO - Processing file /usr/local/anaconda3/envs/airflow_env/lib/python3.8/site-packages/airflow/example_dags/example_python_operator.py for tasks to queue
[2025-03-07T14:59:02.901+0100] {logging_mixin.py:190} INFO - [2025-03-07T14:59:02.901+0100] {dagbag.py:588} INFO - Filling up the DagBag from /usr/local/anaconda3/envs/airflow_env/lib/python3.8/site-packages/airflow/example_dags/example_python_operator.py
[2025-03-07T14:59:02.917+0100] {logging_mixin.py:190} INFO - [2025-03-07T14:59:02.917+0100] {example_python_operator.py:93} WARNING - The virtalenv_python example task requires virtualenv, please install it.
[2025-03-07T14:59:02.919+0100] {processor.py:925} INFO - DAG(s) 'example_python_operator' retrieved from /usr/local/anaconda3/envs/airflow_env/lib/python3.8/site-packages/airflow/example_dags/example_python_operator.py
[2025-03-07T14:59:02.989+0100] {logging_mixin.py:190} INFO - [2025-03-07T14:59:02.988+0100] {dag.py:3239} INFO - Sync 1 DAGs
[2025-03-07T14:59:02.996+0100] {logging_mixin.py:190} INFO - [2025-03-07T14:59:02.995+0100] {dag.py:4180} INFO - Setting next_dagrun for example_python_operator to None, run_after=None
[2025-03-07T14:59:03.008+0100] {processor.py:208} INFO - Processing /usr/local/anaconda3/envs/airflow_env/lib/python3.8/site-packages/airflow/example_dags/example_python_operator.py took 0.113 seconds
[2025-03-07T15:01:27.344+0100] {processor.py:186} INFO - Started process (PID=6955) to work on /usr/local/anaconda3/envs/airflow_env/lib/python3.8/site-packages/airflow/example_dags/example_python_operator.py
[2025-03-07T15:01:27.347+0100] {processor.py:914} INFO - Processing file /usr/local/anaconda3/envs/airflow_env/lib/python3.8/site-packages/airflow/example_dags/example_python_operator.py for tasks to queue
[2025-03-07T15:01:27.348+0100] {logging_mixin.py:190} INFO - [2025-03-07T15:01:27.348+0100] {dagbag.py:588} INFO - Filling up the DagBag from /usr/local/anaconda3/envs/airflow_env/lib/python3.8/site-packages/airflow/example_dags/example_python_operator.py
[2025-03-07T15:01:27.365+0100] {logging_mixin.py:190} INFO - [2025-03-07T15:01:27.365+0100] {example_python_operator.py:93} WARNING - The virtalenv_python example task requires virtualenv, please install it.
[2025-03-07T15:01:27.368+0100] {processor.py:925} INFO - DAG(s) 'example_python_operator' retrieved from /usr/local/anaconda3/envs/airflow_env/lib/python3.8/site-packages/airflow/example_dags/example_python_operator.py
[2025-03-07T15:01:27.457+0100] {logging_mixin.py:190} INFO - [2025-03-07T15:01:27.457+0100] {dag.py:3239} INFO - Sync 1 DAGs
[2025-03-07T15:01:27.465+0100] {logging_mixin.py:190} INFO - [2025-03-07T15:01:27.465+0100] {dag.py:4180} INFO - Setting next_dagrun for example_python_operator to None, run_after=None
[2025-03-07T15:01:27.481+0100] {processor.py:208} INFO - Processing /usr/local/anaconda3/envs/airflow_env/lib/python3.8/site-packages/airflow/example_dags/example_python_operator.py took 0.140 seconds
[2025-03-07T15:03:45.295+0100] {processor.py:186} INFO - Started process (PID=7175) to work on /usr/local/anaconda3/envs/airflow_env/lib/python3.8/site-packages/airflow/example_dags/example_python_operator.py
[2025-03-07T15:03:45.298+0100] {processor.py:914} INFO - Processing file /usr/local/anaconda3/envs/airflow_env/lib/python3.8/site-packages/airflow/example_dags/example_python_operator.py for tasks to queue
[2025-03-07T15:03:45.299+0100] {logging_mixin.py:190} INFO - [2025-03-07T15:03:45.299+0100] {dagbag.py:588} INFO - Filling up the DagBag from /usr/local/anaconda3/envs/airflow_env/lib/python3.8/site-packages/airflow/example_dags/example_python_operator.py
[2025-03-07T15:03:45.316+0100] {logging_mixin.py:190} INFO - [2025-03-07T15:03:45.316+0100] {example_python_operator.py:93} WARNING - The virtalenv_python example task requires virtualenv, please install it.
[2025-03-07T15:03:45.319+0100] {processor.py:925} INFO - DAG(s) 'example_python_operator' retrieved from /usr/local/anaconda3/envs/airflow_env/lib/python3.8/site-packages/airflow/example_dags/example_python_operator.py
[2025-03-07T15:03:45.393+0100] {logging_mixin.py:190} INFO - [2025-03-07T15:03:45.393+0100] {dag.py:3239} INFO - Sync 1 DAGs
[2025-03-07T15:03:45.400+0100] {logging_mixin.py:190} INFO - [2025-03-07T15:03:45.400+0100] {dag.py:4180} INFO - Setting next_dagrun for example_python_operator to None, run_after=None
[2025-03-07T15:03:45.413+0100] {processor.py:208} INFO - Processing /usr/local/anaconda3/envs/airflow_env/lib/python3.8/site-packages/airflow/example_dags/example_python_operator.py took 0.122 seconds
[2025-03-07T15:06:03.654+0100] {processor.py:186} INFO - Started process (PID=7440) to work on /usr/local/anaconda3/envs/airflow_env/lib/python3.8/site-packages/airflow/example_dags/example_python_operator.py
[2025-03-07T15:06:03.658+0100] {processor.py:914} INFO - Processing file /usr/local/anaconda3/envs/airflow_env/lib/python3.8/site-packages/airflow/example_dags/example_python_operator.py for tasks to queue
[2025-03-07T15:06:03.658+0100] {logging_mixin.py:190} INFO - [2025-03-07T15:06:03.658+0100] {dagbag.py:588} INFO - Filling up the DagBag from /usr/local/anaconda3/envs/airflow_env/lib/python3.8/site-packages/airflow/example_dags/example_python_operator.py
[2025-03-07T15:06:03.675+0100] {logging_mixin.py:190} INFO - [2025-03-07T15:06:03.674+0100] {example_python_operator.py:93} WARNING - The virtalenv_python example task requires virtualenv, please install it.
[2025-03-07T15:06:03.677+0100] {processor.py:925} INFO - DAG(s) 'example_python_operator' retrieved from /usr/local/anaconda3/envs/airflow_env/lib/python3.8/site-packages/airflow/example_dags/example_python_operator.py
[2025-03-07T15:06:03.750+0100] {logging_mixin.py:190} INFO - [2025-03-07T15:06:03.749+0100] {dag.py:3239} INFO - Sync 1 DAGs
[2025-03-07T15:06:03.757+0100] {logging_mixin.py:190} INFO - [2025-03-07T15:06:03.757+0100] {dag.py:4180} INFO - Setting next_dagrun for example_python_operator to None, run_after=None
[2025-03-07T15:06:03.769+0100] {processor.py:208} INFO - Processing /usr/local/anaconda3/envs/airflow_env/lib/python3.8/site-packages/airflow/example_dags/example_python_operator.py took 0.118 seconds
[2025-03-07T15:08:28.860+0100] {processor.py:186} INFO - Started process (PID=7680) to work on /usr/local/anaconda3/envs/airflow_env/lib/python3.8/site-packages/airflow/example_dags/example_python_operator.py
[2025-03-07T15:08:28.863+0100] {processor.py:914} INFO - Processing file /usr/local/anaconda3/envs/airflow_env/lib/python3.8/site-packages/airflow/example_dags/example_python_operator.py for tasks to queue
[2025-03-07T15:08:28.864+0100] {logging_mixin.py:190} INFO - [2025-03-07T15:08:28.864+0100] {dagbag.py:588} INFO - Filling up the DagBag from /usr/local/anaconda3/envs/airflow_env/lib/python3.8/site-packages/airflow/example_dags/example_python_operator.py
[2025-03-07T15:08:28.881+0100] {logging_mixin.py:190} INFO - [2025-03-07T15:08:28.881+0100] {example_python_operator.py:93} WARNING - The virtalenv_python example task requires virtualenv, please install it.
[2025-03-07T15:08:28.884+0100] {processor.py:925} INFO - DAG(s) 'example_python_operator' retrieved from /usr/local/anaconda3/envs/airflow_env/lib/python3.8/site-packages/airflow/example_dags/example_python_operator.py
[2025-03-07T15:08:28.963+0100] {logging_mixin.py:190} INFO - [2025-03-07T15:08:28.962+0100] {dag.py:3239} INFO - Sync 1 DAGs
[2025-03-07T15:08:28.971+0100] {logging_mixin.py:190} INFO - [2025-03-07T15:08:28.970+0100] {dag.py:4180} INFO - Setting next_dagrun for example_python_operator to None, run_after=None
[2025-03-07T15:08:28.984+0100] {processor.py:208} INFO - Processing /usr/local/anaconda3/envs/airflow_env/lib/python3.8/site-packages/airflow/example_dags/example_python_operator.py took 0.128 seconds
[2025-03-07T15:10:56.067+0100] {processor.py:186} INFO - Started process (PID=7903) to work on /usr/local/anaconda3/envs/airflow_env/lib/python3.8/site-packages/airflow/example_dags/example_python_operator.py
[2025-03-07T15:10:56.071+0100] {processor.py:914} INFO - Processing file /usr/local/anaconda3/envs/airflow_env/lib/python3.8/site-packages/airflow/example_dags/example_python_operator.py for tasks to queue
[2025-03-07T15:10:56.072+0100] {logging_mixin.py:190} INFO - [2025-03-07T15:10:56.071+0100] {dagbag.py:588} INFO - Filling up the DagBag from /usr/local/anaconda3/envs/airflow_env/lib/python3.8/site-packages/airflow/example_dags/example_python_operator.py
[2025-03-07T15:10:56.088+0100] {logging_mixin.py:190} INFO - [2025-03-07T15:10:56.088+0100] {example_python_operator.py:93} WARNING - The virtalenv_python example task requires virtualenv, please install it.
[2025-03-07T15:10:56.090+0100] {processor.py:925} INFO - DAG(s) 'example_python_operator' retrieved from /usr/local/anaconda3/envs/airflow_env/lib/python3.8/site-packages/airflow/example_dags/example_python_operator.py
[2025-03-07T15:10:56.161+0100] {logging_mixin.py:190} INFO - [2025-03-07T15:10:56.161+0100] {dag.py:3239} INFO - Sync 1 DAGs
[2025-03-07T15:10:56.169+0100] {logging_mixin.py:190} INFO - [2025-03-07T15:10:56.168+0100] {dag.py:4180} INFO - Setting next_dagrun for example_python_operator to None, run_after=None
[2025-03-07T15:10:56.182+0100] {processor.py:208} INFO - Processing /usr/local/anaconda3/envs/airflow_env/lib/python3.8/site-packages/airflow/example_dags/example_python_operator.py took 0.117 seconds
[2025-03-07T15:13:39.510+0100] {processor.py:186} INFO - Started process (PID=8310) to work on /usr/local/anaconda3/envs/airflow_env/lib/python3.8/site-packages/airflow/example_dags/example_python_operator.py
[2025-03-07T15:13:39.514+0100] {processor.py:914} INFO - Processing file /usr/local/anaconda3/envs/airflow_env/lib/python3.8/site-packages/airflow/example_dags/example_python_operator.py for tasks to queue
[2025-03-07T15:13:39.515+0100] {logging_mixin.py:190} INFO - [2025-03-07T15:13:39.514+0100] {dagbag.py:588} INFO - Filling up the DagBag from /usr/local/anaconda3/envs/airflow_env/lib/python3.8/site-packages/airflow/example_dags/example_python_operator.py
[2025-03-07T15:13:39.532+0100] {logging_mixin.py:190} INFO - [2025-03-07T15:13:39.532+0100] {example_python_operator.py:93} WARNING - The virtalenv_python example task requires virtualenv, please install it.
[2025-03-07T15:13:39.534+0100] {processor.py:925} INFO - DAG(s) 'example_python_operator' retrieved from /usr/local/anaconda3/envs/airflow_env/lib/python3.8/site-packages/airflow/example_dags/example_python_operator.py
[2025-03-07T15:13:39.607+0100] {logging_mixin.py:190} INFO - [2025-03-07T15:13:39.606+0100] {dag.py:3239} INFO - Sync 1 DAGs
[2025-03-07T15:13:39.615+0100] {logging_mixin.py:190} INFO - [2025-03-07T15:13:39.614+0100] {dag.py:4180} INFO - Setting next_dagrun for example_python_operator to None, run_after=None
[2025-03-07T15:13:39.627+0100] {processor.py:208} INFO - Processing /usr/local/anaconda3/envs/airflow_env/lib/python3.8/site-packages/airflow/example_dags/example_python_operator.py took 0.120 seconds
[2025-03-07T15:16:34.103+0100] {processor.py:186} INFO - Started process (PID=8542) to work on /usr/local/anaconda3/envs/airflow_env/lib/python3.8/site-packages/airflow/example_dags/example_python_operator.py
[2025-03-07T15:16:34.107+0100] {processor.py:914} INFO - Processing file /usr/local/anaconda3/envs/airflow_env/lib/python3.8/site-packages/airflow/example_dags/example_python_operator.py for tasks to queue
[2025-03-07T15:16:34.108+0100] {logging_mixin.py:190} INFO - [2025-03-07T15:16:34.108+0100] {dagbag.py:588} INFO - Filling up the DagBag from /usr/local/anaconda3/envs/airflow_env/lib/python3.8/site-packages/airflow/example_dags/example_python_operator.py
[2025-03-07T15:16:34.127+0100] {logging_mixin.py:190} INFO - [2025-03-07T15:16:34.127+0100] {example_python_operator.py:93} WARNING - The virtalenv_python example task requires virtualenv, please install it.
[2025-03-07T15:16:34.130+0100] {processor.py:925} INFO - DAG(s) 'example_python_operator' retrieved from /usr/local/anaconda3/envs/airflow_env/lib/python3.8/site-packages/airflow/example_dags/example_python_operator.py
[2025-03-07T15:16:34.207+0100] {logging_mixin.py:190} INFO - [2025-03-07T15:16:34.207+0100] {dag.py:3239} INFO - Sync 1 DAGs
[2025-03-07T15:16:34.215+0100] {logging_mixin.py:190} INFO - [2025-03-07T15:16:34.214+0100] {dag.py:4180} INFO - Setting next_dagrun for example_python_operator to None, run_after=None
[2025-03-07T15:16:34.229+0100] {processor.py:208} INFO - Processing /usr/local/anaconda3/envs/airflow_env/lib/python3.8/site-packages/airflow/example_dags/example_python_operator.py took 0.129 seconds
[2025-03-07T15:18:54.100+0100] {processor.py:186} INFO - Started process (PID=8887) to work on /usr/local/anaconda3/envs/airflow_env/lib/python3.8/site-packages/airflow/example_dags/example_python_operator.py
[2025-03-07T15:18:54.103+0100] {processor.py:914} INFO - Processing file /usr/local/anaconda3/envs/airflow_env/lib/python3.8/site-packages/airflow/example_dags/example_python_operator.py for tasks to queue
[2025-03-07T15:18:54.104+0100] {logging_mixin.py:190} INFO - [2025-03-07T15:18:54.104+0100] {dagbag.py:588} INFO - Filling up the DagBag from /usr/local/anaconda3/envs/airflow_env/lib/python3.8/site-packages/airflow/example_dags/example_python_operator.py
[2025-03-07T15:18:54.119+0100] {logging_mixin.py:190} INFO - [2025-03-07T15:18:54.119+0100] {example_python_operator.py:93} WARNING - The virtalenv_python example task requires virtualenv, please install it.
[2025-03-07T15:18:54.122+0100] {processor.py:925} INFO - DAG(s) 'example_python_operator' retrieved from /usr/local/anaconda3/envs/airflow_env/lib/python3.8/site-packages/airflow/example_dags/example_python_operator.py
[2025-03-07T15:18:54.190+0100] {logging_mixin.py:190} INFO - [2025-03-07T15:18:54.190+0100] {dag.py:3239} INFO - Sync 1 DAGs
[2025-03-07T15:18:54.197+0100] {logging_mixin.py:190} INFO - [2025-03-07T15:18:54.197+0100] {dag.py:4180} INFO - Setting next_dagrun for example_python_operator to None, run_after=None
[2025-03-07T15:18:54.210+0100] {processor.py:208} INFO - Processing /usr/local/anaconda3/envs/airflow_env/lib/python3.8/site-packages/airflow/example_dags/example_python_operator.py took 0.113 seconds
[2025-03-07T15:21:09.012+0100] {processor.py:186} INFO - Started process (PID=9197) to work on /usr/local/anaconda3/envs/airflow_env/lib/python3.8/site-packages/airflow/example_dags/example_python_operator.py
[2025-03-07T15:21:09.015+0100] {processor.py:914} INFO - Processing file /usr/local/anaconda3/envs/airflow_env/lib/python3.8/site-packages/airflow/example_dags/example_python_operator.py for tasks to queue
[2025-03-07T15:21:09.016+0100] {logging_mixin.py:190} INFO - [2025-03-07T15:21:09.016+0100] {dagbag.py:588} INFO - Filling up the DagBag from /usr/local/anaconda3/envs/airflow_env/lib/python3.8/site-packages/airflow/example_dags/example_python_operator.py
[2025-03-07T15:21:09.032+0100] {logging_mixin.py:190} INFO - [2025-03-07T15:21:09.031+0100] {example_python_operator.py:93} WARNING - The virtalenv_python example task requires virtualenv, please install it.
[2025-03-07T15:21:09.034+0100] {processor.py:925} INFO - DAG(s) 'example_python_operator' retrieved from /usr/local/anaconda3/envs/airflow_env/lib/python3.8/site-packages/airflow/example_dags/example_python_operator.py
[2025-03-07T15:21:09.102+0100] {logging_mixin.py:190} INFO - [2025-03-07T15:21:09.102+0100] {dag.py:3239} INFO - Sync 1 DAGs
[2025-03-07T15:21:09.109+0100] {logging_mixin.py:190} INFO - [2025-03-07T15:21:09.109+0100] {dag.py:4180} INFO - Setting next_dagrun for example_python_operator to None, run_after=None
[2025-03-07T15:21:09.122+0100] {processor.py:208} INFO - Processing /usr/local/anaconda3/envs/airflow_env/lib/python3.8/site-packages/airflow/example_dags/example_python_operator.py took 0.112 seconds
[2025-03-07T15:23:23.941+0100] {processor.py:186} INFO - Started process (PID=9476) to work on /usr/local/anaconda3/envs/airflow_env/lib/python3.8/site-packages/airflow/example_dags/example_python_operator.py
[2025-03-07T15:23:23.944+0100] {processor.py:914} INFO - Processing file /usr/local/anaconda3/envs/airflow_env/lib/python3.8/site-packages/airflow/example_dags/example_python_operator.py for tasks to queue
[2025-03-07T15:23:23.944+0100] {logging_mixin.py:190} INFO - [2025-03-07T15:23:23.944+0100] {dagbag.py:588} INFO - Filling up the DagBag from /usr/local/anaconda3/envs/airflow_env/lib/python3.8/site-packages/airflow/example_dags/example_python_operator.py
[2025-03-07T15:23:23.960+0100] {logging_mixin.py:190} INFO - [2025-03-07T15:23:23.960+0100] {example_python_operator.py:93} WARNING - The virtalenv_python example task requires virtualenv, please install it.
[2025-03-07T15:23:23.962+0100] {processor.py:925} INFO - DAG(s) 'example_python_operator' retrieved from /usr/local/anaconda3/envs/airflow_env/lib/python3.8/site-packages/airflow/example_dags/example_python_operator.py
[2025-03-07T15:23:24.030+0100] {logging_mixin.py:190} INFO - [2025-03-07T15:23:24.030+0100] {dag.py:3239} INFO - Sync 1 DAGs
[2025-03-07T15:23:24.037+0100] {logging_mixin.py:190} INFO - [2025-03-07T15:23:24.037+0100] {dag.py:4180} INFO - Setting next_dagrun for example_python_operator to None, run_after=None
[2025-03-07T15:23:24.050+0100] {processor.py:208} INFO - Processing /usr/local/anaconda3/envs/airflow_env/lib/python3.8/site-packages/airflow/example_dags/example_python_operator.py took 0.112 seconds
[2025-03-07T15:25:43.808+0100] {processor.py:186} INFO - Started process (PID=9802) to work on /usr/local/anaconda3/envs/airflow_env/lib/python3.8/site-packages/airflow/example_dags/example_python_operator.py
[2025-03-07T15:25:43.811+0100] {processor.py:914} INFO - Processing file /usr/local/anaconda3/envs/airflow_env/lib/python3.8/site-packages/airflow/example_dags/example_python_operator.py for tasks to queue
[2025-03-07T15:25:43.812+0100] {logging_mixin.py:190} INFO - [2025-03-07T15:25:43.812+0100] {dagbag.py:588} INFO - Filling up the DagBag from /usr/local/anaconda3/envs/airflow_env/lib/python3.8/site-packages/airflow/example_dags/example_python_operator.py
[2025-03-07T15:25:43.829+0100] {logging_mixin.py:190} INFO - [2025-03-07T15:25:43.829+0100] {example_python_operator.py:93} WARNING - The virtalenv_python example task requires virtualenv, please install it.
[2025-03-07T15:25:43.832+0100] {processor.py:925} INFO - DAG(s) 'example_python_operator' retrieved from /usr/local/anaconda3/envs/airflow_env/lib/python3.8/site-packages/airflow/example_dags/example_python_operator.py
[2025-03-07T15:25:43.906+0100] {logging_mixin.py:190} INFO - [2025-03-07T15:25:43.905+0100] {dag.py:3239} INFO - Sync 1 DAGs
[2025-03-07T15:25:43.914+0100] {logging_mixin.py:190} INFO - [2025-03-07T15:25:43.914+0100] {dag.py:4180} INFO - Setting next_dagrun for example_python_operator to None, run_after=None
[2025-03-07T15:25:43.929+0100] {processor.py:208} INFO - Processing /usr/local/anaconda3/envs/airflow_env/lib/python3.8/site-packages/airflow/example_dags/example_python_operator.py took 0.123 seconds
[2025-03-07T15:28:05.831+0100] {processor.py:186} INFO - Started process (PID=10140) to work on /usr/local/anaconda3/envs/airflow_env/lib/python3.8/site-packages/airflow/example_dags/example_python_operator.py
[2025-03-07T15:28:05.835+0100] {processor.py:914} INFO - Processing file /usr/local/anaconda3/envs/airflow_env/lib/python3.8/site-packages/airflow/example_dags/example_python_operator.py for tasks to queue
[2025-03-07T15:28:05.836+0100] {logging_mixin.py:190} INFO - [2025-03-07T15:28:05.836+0100] {dagbag.py:588} INFO - Filling up the DagBag from /usr/local/anaconda3/envs/airflow_env/lib/python3.8/site-packages/airflow/example_dags/example_python_operator.py
[2025-03-07T15:28:05.855+0100] {logging_mixin.py:190} INFO - [2025-03-07T15:28:05.855+0100] {example_python_operator.py:93} WARNING - The virtalenv_python example task requires virtualenv, please install it.
[2025-03-07T15:28:05.858+0100] {processor.py:925} INFO - DAG(s) 'example_python_operator' retrieved from /usr/local/anaconda3/envs/airflow_env/lib/python3.8/site-packages/airflow/example_dags/example_python_operator.py
[2025-03-07T15:28:05.936+0100] {logging_mixin.py:190} INFO - [2025-03-07T15:28:05.936+0100] {dag.py:3239} INFO - Sync 1 DAGs
[2025-03-07T15:28:05.944+0100] {logging_mixin.py:190} INFO - [2025-03-07T15:28:05.944+0100] {dag.py:4180} INFO - Setting next_dagrun for example_python_operator to None, run_after=None
[2025-03-07T15:28:05.958+0100] {processor.py:208} INFO - Processing /usr/local/anaconda3/envs/airflow_env/lib/python3.8/site-packages/airflow/example_dags/example_python_operator.py took 0.130 seconds
[2025-03-07T15:30:41.825+0100] {processor.py:186} INFO - Started process (PID=10390) to work on /usr/local/anaconda3/envs/airflow_env/lib/python3.8/site-packages/airflow/example_dags/example_python_operator.py
[2025-03-07T15:30:41.829+0100] {processor.py:914} INFO - Processing file /usr/local/anaconda3/envs/airflow_env/lib/python3.8/site-packages/airflow/example_dags/example_python_operator.py for tasks to queue
[2025-03-07T15:30:41.829+0100] {logging_mixin.py:190} INFO - [2025-03-07T15:30:41.829+0100] {dagbag.py:588} INFO - Filling up the DagBag from /usr/local/anaconda3/envs/airflow_env/lib/python3.8/site-packages/airflow/example_dags/example_python_operator.py
[2025-03-07T15:30:41.846+0100] {logging_mixin.py:190} INFO - [2025-03-07T15:30:41.846+0100] {example_python_operator.py:93} WARNING - The virtalenv_python example task requires virtualenv, please install it.
[2025-03-07T15:30:41.849+0100] {processor.py:925} INFO - DAG(s) 'example_python_operator' retrieved from /usr/local/anaconda3/envs/airflow_env/lib/python3.8/site-packages/airflow/example_dags/example_python_operator.py
[2025-03-07T15:30:41.919+0100] {logging_mixin.py:190} INFO - [2025-03-07T15:30:41.919+0100] {dag.py:3239} INFO - Sync 1 DAGs
[2025-03-07T15:30:41.926+0100] {logging_mixin.py:190} INFO - [2025-03-07T15:30:41.926+0100] {dag.py:4180} INFO - Setting next_dagrun for example_python_operator to None, run_after=None
[2025-03-07T15:30:41.939+0100] {processor.py:208} INFO - Processing /usr/local/anaconda3/envs/airflow_env/lib/python3.8/site-packages/airflow/example_dags/example_python_operator.py took 0.116 seconds
[2025-03-07T15:33:28.518+0100] {processor.py:186} INFO - Started process (PID=10653) to work on /usr/local/anaconda3/envs/airflow_env/lib/python3.8/site-packages/airflow/example_dags/example_python_operator.py
[2025-03-07T15:33:28.521+0100] {processor.py:914} INFO - Processing file /usr/local/anaconda3/envs/airflow_env/lib/python3.8/site-packages/airflow/example_dags/example_python_operator.py for tasks to queue
[2025-03-07T15:33:28.522+0100] {logging_mixin.py:190} INFO - [2025-03-07T15:33:28.522+0100] {dagbag.py:588} INFO - Filling up the DagBag from /usr/local/anaconda3/envs/airflow_env/lib/python3.8/site-packages/airflow/example_dags/example_python_operator.py
[2025-03-07T15:33:28.539+0100] {logging_mixin.py:190} INFO - [2025-03-07T15:33:28.538+0100] {example_python_operator.py:93} WARNING - The virtalenv_python example task requires virtualenv, please install it.
[2025-03-07T15:33:28.541+0100] {processor.py:925} INFO - DAG(s) 'example_python_operator' retrieved from /usr/local/anaconda3/envs/airflow_env/lib/python3.8/site-packages/airflow/example_dags/example_python_operator.py
[2025-03-07T15:33:28.613+0100] {logging_mixin.py:190} INFO - [2025-03-07T15:33:28.613+0100] {dag.py:3239} INFO - Sync 1 DAGs
[2025-03-07T15:33:28.620+0100] {logging_mixin.py:190} INFO - [2025-03-07T15:33:28.620+0100] {dag.py:4180} INFO - Setting next_dagrun for example_python_operator to None, run_after=None
[2025-03-07T15:33:28.633+0100] {processor.py:208} INFO - Processing /usr/local/anaconda3/envs/airflow_env/lib/python3.8/site-packages/airflow/example_dags/example_python_operator.py took 0.119 seconds
[2025-03-07T15:35:46.076+0100] {processor.py:186} INFO - Started process (PID=10932) to work on /usr/local/anaconda3/envs/airflow_env/lib/python3.8/site-packages/airflow/example_dags/example_python_operator.py
[2025-03-07T15:35:46.079+0100] {processor.py:914} INFO - Processing file /usr/local/anaconda3/envs/airflow_env/lib/python3.8/site-packages/airflow/example_dags/example_python_operator.py for tasks to queue
[2025-03-07T15:35:46.080+0100] {logging_mixin.py:190} INFO - [2025-03-07T15:35:46.080+0100] {dagbag.py:588} INFO - Filling up the DagBag from /usr/local/anaconda3/envs/airflow_env/lib/python3.8/site-packages/airflow/example_dags/example_python_operator.py
[2025-03-07T15:35:46.096+0100] {logging_mixin.py:190} INFO - [2025-03-07T15:35:46.096+0100] {example_python_operator.py:93} WARNING - The virtalenv_python example task requires virtualenv, please install it.
[2025-03-07T15:35:46.099+0100] {processor.py:925} INFO - DAG(s) 'example_python_operator' retrieved from /usr/local/anaconda3/envs/airflow_env/lib/python3.8/site-packages/airflow/example_dags/example_python_operator.py
[2025-03-07T15:35:46.168+0100] {logging_mixin.py:190} INFO - [2025-03-07T15:35:46.168+0100] {dag.py:3239} INFO - Sync 1 DAGs
[2025-03-07T15:35:46.175+0100] {logging_mixin.py:190} INFO - [2025-03-07T15:35:46.175+0100] {dag.py:4180} INFO - Setting next_dagrun for example_python_operator to None, run_after=None
[2025-03-07T15:35:46.187+0100] {processor.py:208} INFO - Processing /usr/local/anaconda3/envs/airflow_env/lib/python3.8/site-packages/airflow/example_dags/example_python_operator.py took 0.115 seconds
[2025-03-07T15:37:59.132+0100] {processor.py:186} INFO - Started process (PID=11193) to work on /usr/local/anaconda3/envs/airflow_env/lib/python3.8/site-packages/airflow/example_dags/example_python_operator.py
[2025-03-07T15:37:59.136+0100] {processor.py:914} INFO - Processing file /usr/local/anaconda3/envs/airflow_env/lib/python3.8/site-packages/airflow/example_dags/example_python_operator.py for tasks to queue
[2025-03-07T15:37:59.136+0100] {logging_mixin.py:190} INFO - [2025-03-07T15:37:59.136+0100] {dagbag.py:588} INFO - Filling up the DagBag from /usr/local/anaconda3/envs/airflow_env/lib/python3.8/site-packages/airflow/example_dags/example_python_operator.py
[2025-03-07T15:37:59.153+0100] {logging_mixin.py:190} INFO - [2025-03-07T15:37:59.153+0100] {example_python_operator.py:93} WARNING - The virtalenv_python example task requires virtualenv, please install it.
[2025-03-07T15:37:59.155+0100] {processor.py:925} INFO - DAG(s) 'example_python_operator' retrieved from /usr/local/anaconda3/envs/airflow_env/lib/python3.8/site-packages/airflow/example_dags/example_python_operator.py
[2025-03-07T15:37:59.230+0100] {logging_mixin.py:190} INFO - [2025-03-07T15:37:59.230+0100] {dag.py:3239} INFO - Sync 1 DAGs
[2025-03-07T15:37:59.238+0100] {logging_mixin.py:190} INFO - [2025-03-07T15:37:59.238+0100] {dag.py:4180} INFO - Setting next_dagrun for example_python_operator to None, run_after=None
[2025-03-07T15:37:59.251+0100] {processor.py:208} INFO - Processing /usr/local/anaconda3/envs/airflow_env/lib/python3.8/site-packages/airflow/example_dags/example_python_operator.py took 0.122 seconds
[2025-03-07T15:40:14.419+0100] {processor.py:186} INFO - Started process (PID=11416) to work on /usr/local/anaconda3/envs/airflow_env/lib/python3.8/site-packages/airflow/example_dags/example_python_operator.py
[2025-03-07T15:40:14.423+0100] {processor.py:914} INFO - Processing file /usr/local/anaconda3/envs/airflow_env/lib/python3.8/site-packages/airflow/example_dags/example_python_operator.py for tasks to queue
[2025-03-07T15:40:14.424+0100] {logging_mixin.py:190} INFO - [2025-03-07T15:40:14.423+0100] {dagbag.py:588} INFO - Filling up the DagBag from /usr/local/anaconda3/envs/airflow_env/lib/python3.8/site-packages/airflow/example_dags/example_python_operator.py
[2025-03-07T15:40:14.441+0100] {logging_mixin.py:190} INFO - [2025-03-07T15:40:14.441+0100] {example_python_operator.py:93} WARNING - The virtalenv_python example task requires virtualenv, please install it.
[2025-03-07T15:40:14.444+0100] {processor.py:925} INFO - DAG(s) 'example_python_operator' retrieved from /usr/local/anaconda3/envs/airflow_env/lib/python3.8/site-packages/airflow/example_dags/example_python_operator.py
[2025-03-07T15:40:14.519+0100] {logging_mixin.py:190} INFO - [2025-03-07T15:40:14.519+0100] {dag.py:3239} INFO - Sync 1 DAGs
[2025-03-07T15:40:14.527+0100] {logging_mixin.py:190} INFO - [2025-03-07T15:40:14.527+0100] {dag.py:4180} INFO - Setting next_dagrun for example_python_operator to None, run_after=None
[2025-03-07T15:40:14.540+0100] {processor.py:208} INFO - Processing /usr/local/anaconda3/envs/airflow_env/lib/python3.8/site-packages/airflow/example_dags/example_python_operator.py took 0.124 seconds
[2025-03-07T15:42:24.867+0100] {processor.py:186} INFO - Started process (PID=11577) to work on /usr/local/anaconda3/envs/airflow_env/lib/python3.8/site-packages/airflow/example_dags/example_python_operator.py
[2025-03-07T15:42:24.870+0100] {processor.py:914} INFO - Processing file /usr/local/anaconda3/envs/airflow_env/lib/python3.8/site-packages/airflow/example_dags/example_python_operator.py for tasks to queue
[2025-03-07T15:42:24.871+0100] {logging_mixin.py:190} INFO - [2025-03-07T15:42:24.871+0100] {dagbag.py:588} INFO - Filling up the DagBag from /usr/local/anaconda3/envs/airflow_env/lib/python3.8/site-packages/airflow/example_dags/example_python_operator.py
[2025-03-07T15:42:24.887+0100] {logging_mixin.py:190} INFO - [2025-03-07T15:42:24.887+0100] {example_python_operator.py:93} WARNING - The virtalenv_python example task requires virtualenv, please install it.
[2025-03-07T15:42:24.890+0100] {processor.py:925} INFO - DAG(s) 'example_python_operator' retrieved from /usr/local/anaconda3/envs/airflow_env/lib/python3.8/site-packages/airflow/example_dags/example_python_operator.py
[2025-03-07T15:42:24.960+0100] {logging_mixin.py:190} INFO - [2025-03-07T15:42:24.960+0100] {dag.py:3239} INFO - Sync 1 DAGs
[2025-03-07T15:42:24.968+0100] {logging_mixin.py:190} INFO - [2025-03-07T15:42:24.967+0100] {dag.py:4180} INFO - Setting next_dagrun for example_python_operator to None, run_after=None
[2025-03-07T15:42:24.980+0100] {processor.py:208} INFO - Processing /usr/local/anaconda3/envs/airflow_env/lib/python3.8/site-packages/airflow/example_dags/example_python_operator.py took 0.116 seconds
[2025-03-07T15:44:33.100+0100] {processor.py:186} INFO - Started process (PID=11817) to work on /usr/local/anaconda3/envs/airflow_env/lib/python3.8/site-packages/airflow/example_dags/example_python_operator.py
[2025-03-07T15:44:33.103+0100] {processor.py:914} INFO - Processing file /usr/local/anaconda3/envs/airflow_env/lib/python3.8/site-packages/airflow/example_dags/example_python_operator.py for tasks to queue
[2025-03-07T15:44:33.104+0100] {logging_mixin.py:190} INFO - [2025-03-07T15:44:33.103+0100] {dagbag.py:588} INFO - Filling up the DagBag from /usr/local/anaconda3/envs/airflow_env/lib/python3.8/site-packages/airflow/example_dags/example_python_operator.py
[2025-03-07T15:44:33.119+0100] {logging_mixin.py:190} INFO - [2025-03-07T15:44:33.119+0100] {example_python_operator.py:93} WARNING - The virtalenv_python example task requires virtualenv, please install it.
[2025-03-07T15:44:33.122+0100] {processor.py:925} INFO - DAG(s) 'example_python_operator' retrieved from /usr/local/anaconda3/envs/airflow_env/lib/python3.8/site-packages/airflow/example_dags/example_python_operator.py
[2025-03-07T15:44:33.189+0100] {logging_mixin.py:190} INFO - [2025-03-07T15:44:33.189+0100] {dag.py:3239} INFO - Sync 1 DAGs
[2025-03-07T15:44:33.196+0100] {logging_mixin.py:190} INFO - [2025-03-07T15:44:33.196+0100] {dag.py:4180} INFO - Setting next_dagrun for example_python_operator to None, run_after=None
[2025-03-07T15:44:33.208+0100] {processor.py:208} INFO - Processing /usr/local/anaconda3/envs/airflow_env/lib/python3.8/site-packages/airflow/example_dags/example_python_operator.py took 0.111 seconds
[2025-03-07T15:47:01.016+0100] {processor.py:186} INFO - Started process (PID=12053) to work on /usr/local/anaconda3/envs/airflow_env/lib/python3.8/site-packages/airflow/example_dags/example_python_operator.py
[2025-03-07T15:47:01.019+0100] {processor.py:914} INFO - Processing file /usr/local/anaconda3/envs/airflow_env/lib/python3.8/site-packages/airflow/example_dags/example_python_operator.py for tasks to queue
[2025-03-07T15:47:01.020+0100] {logging_mixin.py:190} INFO - [2025-03-07T15:47:01.020+0100] {dagbag.py:588} INFO - Filling up the DagBag from /usr/local/anaconda3/envs/airflow_env/lib/python3.8/site-packages/airflow/example_dags/example_python_operator.py
[2025-03-07T15:47:01.035+0100] {logging_mixin.py:190} INFO - [2025-03-07T15:47:01.035+0100] {example_python_operator.py:93} WARNING - The virtalenv_python example task requires virtualenv, please install it.
[2025-03-07T15:47:01.038+0100] {processor.py:925} INFO - DAG(s) 'example_python_operator' retrieved from /usr/local/anaconda3/envs/airflow_env/lib/python3.8/site-packages/airflow/example_dags/example_python_operator.py
[2025-03-07T15:47:01.107+0100] {logging_mixin.py:190} INFO - [2025-03-07T15:47:01.107+0100] {dag.py:3239} INFO - Sync 1 DAGs
[2025-03-07T15:47:01.114+0100] {logging_mixin.py:190} INFO - [2025-03-07T15:47:01.114+0100] {dag.py:4180} INFO - Setting next_dagrun for example_python_operator to None, run_after=None
[2025-03-07T15:47:01.126+0100] {processor.py:208} INFO - Processing /usr/local/anaconda3/envs/airflow_env/lib/python3.8/site-packages/airflow/example_dags/example_python_operator.py took 0.113 seconds
[2025-03-07T15:49:17.293+0100] {processor.py:186} INFO - Started process (PID=12299) to work on /usr/local/anaconda3/envs/airflow_env/lib/python3.8/site-packages/airflow/example_dags/example_python_operator.py
[2025-03-07T15:49:17.296+0100] {processor.py:914} INFO - Processing file /usr/local/anaconda3/envs/airflow_env/lib/python3.8/site-packages/airflow/example_dags/example_python_operator.py for tasks to queue
[2025-03-07T15:49:17.297+0100] {logging_mixin.py:190} INFO - [2025-03-07T15:49:17.297+0100] {dagbag.py:588} INFO - Filling up the DagBag from /usr/local/anaconda3/envs/airflow_env/lib/python3.8/site-packages/airflow/example_dags/example_python_operator.py
[2025-03-07T15:49:17.313+0100] {logging_mixin.py:190} INFO - [2025-03-07T15:49:17.313+0100] {example_python_operator.py:93} WARNING - The virtalenv_python example task requires virtualenv, please install it.
[2025-03-07T15:49:17.315+0100] {processor.py:925} INFO - DAG(s) 'example_python_operator' retrieved from /usr/local/anaconda3/envs/airflow_env/lib/python3.8/site-packages/airflow/example_dags/example_python_operator.py
[2025-03-07T15:49:17.389+0100] {logging_mixin.py:190} INFO - [2025-03-07T15:49:17.389+0100] {dag.py:3239} INFO - Sync 1 DAGs
[2025-03-07T15:49:17.398+0100] {logging_mixin.py:190} INFO - [2025-03-07T15:49:17.397+0100] {dag.py:4180} INFO - Setting next_dagrun for example_python_operator to None, run_after=None
[2025-03-07T15:49:17.411+0100] {processor.py:208} INFO - Processing /usr/local/anaconda3/envs/airflow_env/lib/python3.8/site-packages/airflow/example_dags/example_python_operator.py took 0.121 seconds
[2025-03-07T15:51:33.885+0100] {processor.py:186} INFO - Started process (PID=12568) to work on /usr/local/anaconda3/envs/airflow_env/lib/python3.8/site-packages/airflow/example_dags/example_python_operator.py
[2025-03-07T15:51:33.888+0100] {processor.py:914} INFO - Processing file /usr/local/anaconda3/envs/airflow_env/lib/python3.8/site-packages/airflow/example_dags/example_python_operator.py for tasks to queue
[2025-03-07T15:51:33.889+0100] {logging_mixin.py:190} INFO - [2025-03-07T15:51:33.889+0100] {dagbag.py:588} INFO - Filling up the DagBag from /usr/local/anaconda3/envs/airflow_env/lib/python3.8/site-packages/airflow/example_dags/example_python_operator.py
[2025-03-07T15:51:33.905+0100] {logging_mixin.py:190} INFO - [2025-03-07T15:51:33.905+0100] {example_python_operator.py:93} WARNING - The virtalenv_python example task requires virtualenv, please install it.
[2025-03-07T15:51:33.907+0100] {processor.py:925} INFO - DAG(s) 'example_python_operator' retrieved from /usr/local/anaconda3/envs/airflow_env/lib/python3.8/site-packages/airflow/example_dags/example_python_operator.py
[2025-03-07T15:51:33.977+0100] {logging_mixin.py:190} INFO - [2025-03-07T15:51:33.977+0100] {dag.py:3239} INFO - Sync 1 DAGs
[2025-03-07T15:51:33.984+0100] {logging_mixin.py:190} INFO - [2025-03-07T15:51:33.984+0100] {dag.py:4180} INFO - Setting next_dagrun for example_python_operator to None, run_after=None
[2025-03-07T15:51:33.997+0100] {processor.py:208} INFO - Processing /usr/local/anaconda3/envs/airflow_env/lib/python3.8/site-packages/airflow/example_dags/example_python_operator.py took 0.115 seconds
[2025-03-07T15:54:01.660+0100] {processor.py:186} INFO - Started process (PID=12881) to work on /usr/local/anaconda3/envs/airflow_env/lib/python3.8/site-packages/airflow/example_dags/example_python_operator.py
[2025-03-07T15:54:01.663+0100] {processor.py:914} INFO - Processing file /usr/local/anaconda3/envs/airflow_env/lib/python3.8/site-packages/airflow/example_dags/example_python_operator.py for tasks to queue
[2025-03-07T15:54:01.664+0100] {logging_mixin.py:190} INFO - [2025-03-07T15:54:01.664+0100] {dagbag.py:588} INFO - Filling up the DagBag from /usr/local/anaconda3/envs/airflow_env/lib/python3.8/site-packages/airflow/example_dags/example_python_operator.py
[2025-03-07T15:54:01.680+0100] {logging_mixin.py:190} INFO - [2025-03-07T15:54:01.680+0100] {example_python_operator.py:93} WARNING - The virtalenv_python example task requires virtualenv, please install it.
[2025-03-07T15:54:01.682+0100] {processor.py:925} INFO - DAG(s) 'example_python_operator' retrieved from /usr/local/anaconda3/envs/airflow_env/lib/python3.8/site-packages/airflow/example_dags/example_python_operator.py
[2025-03-07T15:54:01.752+0100] {logging_mixin.py:190} INFO - [2025-03-07T15:54:01.752+0100] {dag.py:3239} INFO - Sync 1 DAGs
[2025-03-07T15:54:01.760+0100] {logging_mixin.py:190} INFO - [2025-03-07T15:54:01.759+0100] {dag.py:4180} INFO - Setting next_dagrun for example_python_operator to None, run_after=None
[2025-03-07T15:54:01.773+0100] {processor.py:208} INFO - Processing /usr/local/anaconda3/envs/airflow_env/lib/python3.8/site-packages/airflow/example_dags/example_python_operator.py took 0.116 seconds
[2025-03-07T15:56:19.621+0100] {processor.py:186} INFO - Started process (PID=13080) to work on /usr/local/anaconda3/envs/airflow_env/lib/python3.8/site-packages/airflow/example_dags/example_python_operator.py
[2025-03-07T15:56:19.624+0100] {processor.py:914} INFO - Processing file /usr/local/anaconda3/envs/airflow_env/lib/python3.8/site-packages/airflow/example_dags/example_python_operator.py for tasks to queue
[2025-03-07T15:56:19.625+0100] {logging_mixin.py:190} INFO - [2025-03-07T15:56:19.625+0100] {dagbag.py:588} INFO - Filling up the DagBag from /usr/local/anaconda3/envs/airflow_env/lib/python3.8/site-packages/airflow/example_dags/example_python_operator.py
[2025-03-07T15:56:19.641+0100] {logging_mixin.py:190} INFO - [2025-03-07T15:56:19.641+0100] {example_python_operator.py:93} WARNING - The virtalenv_python example task requires virtualenv, please install it.
[2025-03-07T15:56:19.643+0100] {processor.py:925} INFO - DAG(s) 'example_python_operator' retrieved from /usr/local/anaconda3/envs/airflow_env/lib/python3.8/site-packages/airflow/example_dags/example_python_operator.py
[2025-03-07T15:56:19.713+0100] {logging_mixin.py:190} INFO - [2025-03-07T15:56:19.712+0100] {dag.py:3239} INFO - Sync 1 DAGs
[2025-03-07T15:56:19.720+0100] {logging_mixin.py:190} INFO - [2025-03-07T15:56:19.720+0100] {dag.py:4180} INFO - Setting next_dagrun for example_python_operator to None, run_after=None
[2025-03-07T15:56:19.732+0100] {processor.py:208} INFO - Processing /usr/local/anaconda3/envs/airflow_env/lib/python3.8/site-packages/airflow/example_dags/example_python_operator.py took 0.114 seconds
[2025-03-07T15:58:34.594+0100] {processor.py:186} INFO - Started process (PID=13328) to work on /usr/local/anaconda3/envs/airflow_env/lib/python3.8/site-packages/airflow/example_dags/example_python_operator.py
[2025-03-07T15:58:34.597+0100] {processor.py:914} INFO - Processing file /usr/local/anaconda3/envs/airflow_env/lib/python3.8/site-packages/airflow/example_dags/example_python_operator.py for tasks to queue
[2025-03-07T15:58:34.598+0100] {logging_mixin.py:190} INFO - [2025-03-07T15:58:34.598+0100] {dagbag.py:588} INFO - Filling up the DagBag from /usr/local/anaconda3/envs/airflow_env/lib/python3.8/site-packages/airflow/example_dags/example_python_operator.py
[2025-03-07T15:58:34.614+0100] {logging_mixin.py:190} INFO - [2025-03-07T15:58:34.613+0100] {example_python_operator.py:93} WARNING - The virtalenv_python example task requires virtualenv, please install it.
[2025-03-07T15:58:34.616+0100] {processor.py:925} INFO - DAG(s) 'example_python_operator' retrieved from /usr/local/anaconda3/envs/airflow_env/lib/python3.8/site-packages/airflow/example_dags/example_python_operator.py
[2025-03-07T15:58:34.687+0100] {logging_mixin.py:190} INFO - [2025-03-07T15:58:34.687+0100] {dag.py:3239} INFO - Sync 1 DAGs
[2025-03-07T15:58:34.694+0100] {logging_mixin.py:190} INFO - [2025-03-07T15:58:34.694+0100] {dag.py:4180} INFO - Setting next_dagrun for example_python_operator to None, run_after=None
[2025-03-07T15:58:34.707+0100] {processor.py:208} INFO - Processing /usr/local/anaconda3/envs/airflow_env/lib/python3.8/site-packages/airflow/example_dags/example_python_operator.py took 0.116 seconds
[2025-03-07T16:01:39.761+0100] {processor.py:186} INFO - Started process (PID=13639) to work on /usr/local/anaconda3/envs/airflow_env/lib/python3.8/site-packages/airflow/example_dags/example_python_operator.py
[2025-03-07T16:01:39.764+0100] {processor.py:914} INFO - Processing file /usr/local/anaconda3/envs/airflow_env/lib/python3.8/site-packages/airflow/example_dags/example_python_operator.py for tasks to queue
[2025-03-07T16:01:39.765+0100] {logging_mixin.py:190} INFO - [2025-03-07T16:01:39.765+0100] {dagbag.py:588} INFO - Filling up the DagBag from /usr/local/anaconda3/envs/airflow_env/lib/python3.8/site-packages/airflow/example_dags/example_python_operator.py
[2025-03-07T16:01:39.783+0100] {logging_mixin.py:190} INFO - [2025-03-07T16:01:39.783+0100] {example_python_operator.py:93} WARNING - The virtalenv_python example task requires virtualenv, please install it.
[2025-03-07T16:01:39.786+0100] {processor.py:925} INFO - DAG(s) 'example_python_operator' retrieved from /usr/local/anaconda3/envs/airflow_env/lib/python3.8/site-packages/airflow/example_dags/example_python_operator.py
[2025-03-07T16:01:39.864+0100] {logging_mixin.py:190} INFO - [2025-03-07T16:01:39.864+0100] {dag.py:3239} INFO - Sync 1 DAGs
[2025-03-07T16:01:39.871+0100] {logging_mixin.py:190} INFO - [2025-03-07T16:01:39.871+0100] {dag.py:4180} INFO - Setting next_dagrun for example_python_operator to None, run_after=None
[2025-03-07T16:01:39.884+0100] {processor.py:208} INFO - Processing /usr/local/anaconda3/envs/airflow_env/lib/python3.8/site-packages/airflow/example_dags/example_python_operator.py took 0.127 seconds
[2025-03-07T16:04:37.090+0100] {processor.py:186} INFO - Started process (PID=13876) to work on /usr/local/anaconda3/envs/airflow_env/lib/python3.8/site-packages/airflow/example_dags/example_python_operator.py
[2025-03-07T16:04:37.093+0100] {processor.py:914} INFO - Processing file /usr/local/anaconda3/envs/airflow_env/lib/python3.8/site-packages/airflow/example_dags/example_python_operator.py for tasks to queue
[2025-03-07T16:04:37.094+0100] {logging_mixin.py:190} INFO - [2025-03-07T16:04:37.094+0100] {dagbag.py:588} INFO - Filling up the DagBag from /usr/local/anaconda3/envs/airflow_env/lib/python3.8/site-packages/airflow/example_dags/example_python_operator.py
[2025-03-07T16:04:37.110+0100] {logging_mixin.py:190} INFO - [2025-03-07T16:04:37.110+0100] {example_python_operator.py:93} WARNING - The virtalenv_python example task requires virtualenv, please install it.
[2025-03-07T16:04:37.112+0100] {processor.py:925} INFO - DAG(s) 'example_python_operator' retrieved from /usr/local/anaconda3/envs/airflow_env/lib/python3.8/site-packages/airflow/example_dags/example_python_operator.py
[2025-03-07T16:04:37.194+0100] {logging_mixin.py:190} INFO - [2025-03-07T16:04:37.194+0100] {dag.py:3239} INFO - Sync 1 DAGs
[2025-03-07T16:04:37.203+0100] {logging_mixin.py:190} INFO - [2025-03-07T16:04:37.203+0100] {dag.py:4180} INFO - Setting next_dagrun for example_python_operator to None, run_after=None
[2025-03-07T16:04:37.217+0100] {processor.py:208} INFO - Processing /usr/local/anaconda3/envs/airflow_env/lib/python3.8/site-packages/airflow/example_dags/example_python_operator.py took 0.131 seconds
[2025-03-07T16:08:21.073+0100] {processor.py:186} INFO - Started process (PID=14225) to work on /usr/local/anaconda3/envs/airflow_env/lib/python3.8/site-packages/airflow/example_dags/example_python_operator.py
[2025-03-07T16:08:21.076+0100] {processor.py:914} INFO - Processing file /usr/local/anaconda3/envs/airflow_env/lib/python3.8/site-packages/airflow/example_dags/example_python_operator.py for tasks to queue
[2025-03-07T16:08:21.077+0100] {logging_mixin.py:190} INFO - [2025-03-07T16:08:21.076+0100] {dagbag.py:588} INFO - Filling up the DagBag from /usr/local/anaconda3/envs/airflow_env/lib/python3.8/site-packages/airflow/example_dags/example_python_operator.py
[2025-03-07T16:08:21.092+0100] {logging_mixin.py:190} INFO - [2025-03-07T16:08:21.092+0100] {example_python_operator.py:93} WARNING - The virtalenv_python example task requires virtualenv, please install it.
[2025-03-07T16:08:21.094+0100] {processor.py:925} INFO - DAG(s) 'example_python_operator' retrieved from /usr/local/anaconda3/envs/airflow_env/lib/python3.8/site-packages/airflow/example_dags/example_python_operator.py
[2025-03-07T16:08:21.162+0100] {logging_mixin.py:190} INFO - [2025-03-07T16:08:21.162+0100] {dag.py:3239} INFO - Sync 1 DAGs
[2025-03-07T16:08:21.169+0100] {logging_mixin.py:190} INFO - [2025-03-07T16:08:21.169+0100] {dag.py:4180} INFO - Setting next_dagrun for example_python_operator to None, run_after=None
[2025-03-07T16:08:21.181+0100] {processor.py:208} INFO - Processing /usr/local/anaconda3/envs/airflow_env/lib/python3.8/site-packages/airflow/example_dags/example_python_operator.py took 0.112 seconds
[2025-03-07T16:11:32.016+0100] {processor.py:186} INFO - Started process (PID=14483) to work on /usr/local/anaconda3/envs/airflow_env/lib/python3.8/site-packages/airflow/example_dags/example_python_operator.py
[2025-03-07T16:11:32.019+0100] {processor.py:914} INFO - Processing file /usr/local/anaconda3/envs/airflow_env/lib/python3.8/site-packages/airflow/example_dags/example_python_operator.py for tasks to queue
[2025-03-07T16:11:32.020+0100] {logging_mixin.py:190} INFO - [2025-03-07T16:11:32.020+0100] {dagbag.py:588} INFO - Filling up the DagBag from /usr/local/anaconda3/envs/airflow_env/lib/python3.8/site-packages/airflow/example_dags/example_python_operator.py
[2025-03-07T16:11:32.036+0100] {logging_mixin.py:190} INFO - [2025-03-07T16:11:32.036+0100] {example_python_operator.py:93} WARNING - The virtalenv_python example task requires virtualenv, please install it.
[2025-03-07T16:11:32.039+0100] {processor.py:925} INFO - DAG(s) 'example_python_operator' retrieved from /usr/local/anaconda3/envs/airflow_env/lib/python3.8/site-packages/airflow/example_dags/example_python_operator.py
[2025-03-07T16:11:32.111+0100] {logging_mixin.py:190} INFO - [2025-03-07T16:11:32.111+0100] {dag.py:3239} INFO - Sync 1 DAGs
[2025-03-07T16:11:32.119+0100] {logging_mixin.py:190} INFO - [2025-03-07T16:11:32.118+0100] {dag.py:4180} INFO - Setting next_dagrun for example_python_operator to None, run_after=None
[2025-03-07T16:11:32.133+0100] {processor.py:208} INFO - Processing /usr/local/anaconda3/envs/airflow_env/lib/python3.8/site-packages/airflow/example_dags/example_python_operator.py took 0.120 seconds
[2025-03-07T16:13:49.052+0100] {processor.py:186} INFO - Started process (PID=14802) to work on /usr/local/anaconda3/envs/airflow_env/lib/python3.8/site-packages/airflow/example_dags/example_python_operator.py
[2025-03-07T16:13:49.056+0100] {processor.py:914} INFO - Processing file /usr/local/anaconda3/envs/airflow_env/lib/python3.8/site-packages/airflow/example_dags/example_python_operator.py for tasks to queue
[2025-03-07T16:13:49.057+0100] {logging_mixin.py:190} INFO - [2025-03-07T16:13:49.057+0100] {dagbag.py:588} INFO - Filling up the DagBag from /usr/local/anaconda3/envs/airflow_env/lib/python3.8/site-packages/airflow/example_dags/example_python_operator.py
[2025-03-07T16:13:49.074+0100] {logging_mixin.py:190} INFO - [2025-03-07T16:13:49.074+0100] {example_python_operator.py:93} WARNING - The virtalenv_python example task requires virtualenv, please install it.
[2025-03-07T16:13:49.076+0100] {processor.py:925} INFO - DAG(s) 'example_python_operator' retrieved from /usr/local/anaconda3/envs/airflow_env/lib/python3.8/site-packages/airflow/example_dags/example_python_operator.py
[2025-03-07T16:13:49.152+0100] {logging_mixin.py:190} INFO - [2025-03-07T16:13:49.152+0100] {dag.py:3239} INFO - Sync 1 DAGs
[2025-03-07T16:13:49.159+0100] {logging_mixin.py:190} INFO - [2025-03-07T16:13:49.159+0100] {dag.py:4180} INFO - Setting next_dagrun for example_python_operator to None, run_after=None
[2025-03-07T16:13:49.172+0100] {processor.py:208} INFO - Processing /usr/local/anaconda3/envs/airflow_env/lib/python3.8/site-packages/airflow/example_dags/example_python_operator.py took 0.124 seconds
[2025-03-07T16:16:02.305+0100] {processor.py:186} INFO - Started process (PID=15082) to work on /usr/local/anaconda3/envs/airflow_env/lib/python3.8/site-packages/airflow/example_dags/example_python_operator.py
[2025-03-07T16:16:02.308+0100] {processor.py:914} INFO - Processing file /usr/local/anaconda3/envs/airflow_env/lib/python3.8/site-packages/airflow/example_dags/example_python_operator.py for tasks to queue
[2025-03-07T16:16:02.309+0100] {logging_mixin.py:190} INFO - [2025-03-07T16:16:02.309+0100] {dagbag.py:588} INFO - Filling up the DagBag from /usr/local/anaconda3/envs/airflow_env/lib/python3.8/site-packages/airflow/example_dags/example_python_operator.py
[2025-03-07T16:16:02.325+0100] {logging_mixin.py:190} INFO - [2025-03-07T16:16:02.325+0100] {example_python_operator.py:93} WARNING - The virtalenv_python example task requires virtualenv, please install it.
[2025-03-07T16:16:02.327+0100] {processor.py:925} INFO - DAG(s) 'example_python_operator' retrieved from /usr/local/anaconda3/envs/airflow_env/lib/python3.8/site-packages/airflow/example_dags/example_python_operator.py
[2025-03-07T16:16:02.397+0100] {logging_mixin.py:190} INFO - [2025-03-07T16:16:02.397+0100] {dag.py:3239} INFO - Sync 1 DAGs
[2025-03-07T16:16:02.404+0100] {logging_mixin.py:190} INFO - [2025-03-07T16:16:02.404+0100] {dag.py:4180} INFO - Setting next_dagrun for example_python_operator to None, run_after=None
[2025-03-07T16:16:02.416+0100] {processor.py:208} INFO - Processing /usr/local/anaconda3/envs/airflow_env/lib/python3.8/site-packages/airflow/example_dags/example_python_operator.py took 0.114 seconds
[2025-03-07T16:18:17.369+0100] {processor.py:186} INFO - Started process (PID=15302) to work on /usr/local/anaconda3/envs/airflow_env/lib/python3.8/site-packages/airflow/example_dags/example_python_operator.py
[2025-03-07T16:18:17.372+0100] {processor.py:914} INFO - Processing file /usr/local/anaconda3/envs/airflow_env/lib/python3.8/site-packages/airflow/example_dags/example_python_operator.py for tasks to queue
[2025-03-07T16:18:17.373+0100] {logging_mixin.py:190} INFO - [2025-03-07T16:18:17.373+0100] {dagbag.py:588} INFO - Filling up the DagBag from /usr/local/anaconda3/envs/airflow_env/lib/python3.8/site-packages/airflow/example_dags/example_python_operator.py
[2025-03-07T16:18:17.389+0100] {logging_mixin.py:190} INFO - [2025-03-07T16:18:17.389+0100] {example_python_operator.py:93} WARNING - The virtalenv_python example task requires virtualenv, please install it.
[2025-03-07T16:18:17.392+0100] {processor.py:925} INFO - DAG(s) 'example_python_operator' retrieved from /usr/local/anaconda3/envs/airflow_env/lib/python3.8/site-packages/airflow/example_dags/example_python_operator.py
[2025-03-07T16:18:17.462+0100] {logging_mixin.py:190} INFO - [2025-03-07T16:18:17.462+0100] {dag.py:3239} INFO - Sync 1 DAGs
[2025-03-07T16:18:17.469+0100] {logging_mixin.py:190} INFO - [2025-03-07T16:18:17.469+0100] {dag.py:4180} INFO - Setting next_dagrun for example_python_operator to None, run_after=None
[2025-03-07T16:18:17.481+0100] {processor.py:208} INFO - Processing /usr/local/anaconda3/envs/airflow_env/lib/python3.8/site-packages/airflow/example_dags/example_python_operator.py took 0.116 seconds
[2025-03-07T16:20:33.578+0100] {processor.py:186} INFO - Started process (PID=15570) to work on /usr/local/anaconda3/envs/airflow_env/lib/python3.8/site-packages/airflow/example_dags/example_python_operator.py
[2025-03-07T16:20:33.581+0100] {processor.py:914} INFO - Processing file /usr/local/anaconda3/envs/airflow_env/lib/python3.8/site-packages/airflow/example_dags/example_python_operator.py for tasks to queue
[2025-03-07T16:20:33.582+0100] {logging_mixin.py:190} INFO - [2025-03-07T16:20:33.582+0100] {dagbag.py:588} INFO - Filling up the DagBag from /usr/local/anaconda3/envs/airflow_env/lib/python3.8/site-packages/airflow/example_dags/example_python_operator.py
[2025-03-07T16:20:33.598+0100] {logging_mixin.py:190} INFO - [2025-03-07T16:20:33.598+0100] {example_python_operator.py:93} WARNING - The virtalenv_python example task requires virtualenv, please install it.
[2025-03-07T16:20:33.601+0100] {processor.py:925} INFO - DAG(s) 'example_python_operator' retrieved from /usr/local/anaconda3/envs/airflow_env/lib/python3.8/site-packages/airflow/example_dags/example_python_operator.py
[2025-03-07T16:20:33.676+0100] {logging_mixin.py:190} INFO - [2025-03-07T16:20:33.676+0100] {dag.py:3239} INFO - Sync 1 DAGs
[2025-03-07T16:20:33.683+0100] {logging_mixin.py:190} INFO - [2025-03-07T16:20:33.683+0100] {dag.py:4180} INFO - Setting next_dagrun for example_python_operator to None, run_after=None
[2025-03-07T16:20:33.696+0100] {processor.py:208} INFO - Processing /usr/local/anaconda3/envs/airflow_env/lib/python3.8/site-packages/airflow/example_dags/example_python_operator.py took 0.121 seconds
[2025-03-07T16:24:32.120+0100] {processor.py:186} INFO - Started process (PID=15954) to work on /usr/local/anaconda3/envs/airflow_env/lib/python3.8/site-packages/airflow/example_dags/example_python_operator.py
[2025-03-07T16:24:32.123+0100] {processor.py:914} INFO - Processing file /usr/local/anaconda3/envs/airflow_env/lib/python3.8/site-packages/airflow/example_dags/example_python_operator.py for tasks to queue
[2025-03-07T16:24:32.124+0100] {logging_mixin.py:190} INFO - [2025-03-07T16:24:32.124+0100] {dagbag.py:588} INFO - Filling up the DagBag from /usr/local/anaconda3/envs/airflow_env/lib/python3.8/site-packages/airflow/example_dags/example_python_operator.py
[2025-03-07T16:24:32.140+0100] {logging_mixin.py:190} INFO - [2025-03-07T16:24:32.140+0100] {example_python_operator.py:93} WARNING - The virtalenv_python example task requires virtualenv, please install it.
[2025-03-07T16:24:32.142+0100] {processor.py:925} INFO - DAG(s) 'example_python_operator' retrieved from /usr/local/anaconda3/envs/airflow_env/lib/python3.8/site-packages/airflow/example_dags/example_python_operator.py
[2025-03-07T16:24:32.212+0100] {logging_mixin.py:190} INFO - [2025-03-07T16:24:32.211+0100] {dag.py:3239} INFO - Sync 1 DAGs
[2025-03-07T16:24:32.220+0100] {logging_mixin.py:190} INFO - [2025-03-07T16:24:32.220+0100] {dag.py:4180} INFO - Setting next_dagrun for example_python_operator to None, run_after=None
[2025-03-07T16:24:32.235+0100] {processor.py:208} INFO - Processing /usr/local/anaconda3/envs/airflow_env/lib/python3.8/site-packages/airflow/example_dags/example_python_operator.py took 0.118 seconds
[2025-03-07T16:30:39.312+0100] {processor.py:186} INFO - Started process (PID=16340) to work on /usr/local/anaconda3/envs/airflow_env/lib/python3.8/site-packages/airflow/example_dags/example_python_operator.py
[2025-03-07T16:30:39.315+0100] {processor.py:914} INFO - Processing file /usr/local/anaconda3/envs/airflow_env/lib/python3.8/site-packages/airflow/example_dags/example_python_operator.py for tasks to queue
[2025-03-07T16:30:39.316+0100] {logging_mixin.py:190} INFO - [2025-03-07T16:30:39.316+0100] {dagbag.py:588} INFO - Filling up the DagBag from /usr/local/anaconda3/envs/airflow_env/lib/python3.8/site-packages/airflow/example_dags/example_python_operator.py
[2025-03-07T16:30:39.334+0100] {logging_mixin.py:190} INFO - [2025-03-07T16:30:39.334+0100] {example_python_operator.py:93} WARNING - The virtalenv_python example task requires virtualenv, please install it.
[2025-03-07T16:30:39.336+0100] {processor.py:925} INFO - DAG(s) 'example_python_operator' retrieved from /usr/local/anaconda3/envs/airflow_env/lib/python3.8/site-packages/airflow/example_dags/example_python_operator.py
[2025-03-07T16:30:39.411+0100] {logging_mixin.py:190} INFO - [2025-03-07T16:30:39.411+0100] {dag.py:3239} INFO - Sync 1 DAGs
[2025-03-07T16:30:39.419+0100] {logging_mixin.py:190} INFO - [2025-03-07T16:30:39.419+0100] {dag.py:4180} INFO - Setting next_dagrun for example_python_operator to None, run_after=None
[2025-03-07T16:30:39.432+0100] {processor.py:208} INFO - Processing /usr/local/anaconda3/envs/airflow_env/lib/python3.8/site-packages/airflow/example_dags/example_python_operator.py took 0.123 seconds
