[2025-03-07T14:11:23.820+0100] {processor.py:186} INFO - Started process (PID=2721) to work on /usr/local/anaconda3/envs/airflow_env/lib/python3.8/site-packages/airflow/example_dags/example_subdag_operator.py
[2025-03-07T14:11:23.824+0100] {processor.py:914} INFO - Processing file /usr/local/anaconda3/envs/airflow_env/lib/python3.8/site-packages/airflow/example_dags/example_subdag_operator.py for tasks to queue
[2025-03-07T14:11:23.824+0100] {logging_mixin.py:190} INFO - [2025-03-07T14:11:23.824+0100] {dagbag.py:588} INFO - Filling up the DagBag from /usr/local/anaconda3/envs/airflow_env/lib/python3.8/site-packages/airflow/example_dags/example_subdag_operator.py
[2025-03-07T14:11:23.899+0100] {processor.py:925} INFO - DAG(s) 'example_subdag_operator.section-1', 'example_subdag_operator.section-2', 'example_subdag_operator' retrieved from /usr/local/anaconda3/envs/airflow_env/lib/python3.8/site-packages/airflow/example_dags/example_subdag_operator.py
[2025-03-07T14:11:24.492+0100] {logging_mixin.py:190} INFO - [2025-03-07T14:11:24.491+0100] {override.py:1901} INFO - Created Permission View: can read on DAG:example_subdag_operator
[2025-03-07T14:11:24.498+0100] {logging_mixin.py:190} INFO - [2025-03-07T14:11:24.498+0100] {override.py:1901} INFO - Created Permission View: can edit on DAG:example_subdag_operator
[2025-03-07T14:11:24.502+0100] {logging_mixin.py:190} INFO - [2025-03-07T14:11:24.502+0100] {override.py:1901} INFO - Created Permission View: can delete on DAG:example_subdag_operator
[2025-03-07T14:11:24.507+0100] {logging_mixin.py:190} INFO - [2025-03-07T14:11:24.506+0100] {override.py:1901} INFO - Created Permission View: can read on DAG Run:example_subdag_operator
[2025-03-07T14:11:24.511+0100] {logging_mixin.py:190} INFO - [2025-03-07T14:11:24.510+0100] {override.py:1901} INFO - Created Permission View: can delete on DAG Run:example_subdag_operator
[2025-03-07T14:11:24.514+0100] {logging_mixin.py:190} INFO - [2025-03-07T14:11:24.514+0100] {override.py:1901} INFO - Created Permission View: can create on DAG Run:example_subdag_operator
[2025-03-07T14:11:24.518+0100] {logging_mixin.py:190} INFO - [2025-03-07T14:11:24.518+0100] {override.py:1901} INFO - Created Permission View: menu access on DAG Run:example_subdag_operator
[2025-03-07T14:11:24.518+0100] {logging_mixin.py:190} INFO - [2025-03-07T14:11:24.518+0100] {dag.py:3239} INFO - Sync 3 DAGs
[2025-03-07T14:11:24.527+0100] {logging_mixin.py:190} INFO - [2025-03-07T14:11:24.527+0100] {dag.py:3262} INFO - Creating ORM DAG for example_subdag_operator.section-1
[2025-03-07T14:11:24.528+0100] {logging_mixin.py:190} INFO - [2025-03-07T14:11:24.528+0100] {dag.py:3262} INFO - Creating ORM DAG for example_subdag_operator.section-2
[2025-03-07T14:11:24.528+0100] {logging_mixin.py:190} INFO - [2025-03-07T14:11:24.528+0100] {dag.py:3262} INFO - Creating ORM DAG for example_subdag_operator
[2025-03-07T14:11:24.533+0100] {logging_mixin.py:190} INFO - [2025-03-07T14:11:24.533+0100] {dag.py:4180} INFO - Setting next_dagrun for example_subdag_operator to 2022-01-01T00:00:00+00:00, run_after=2022-01-01T00:00:00+00:00
[2025-03-07T14:11:24.533+0100] {logging_mixin.py:190} INFO - [2025-03-07T14:11:24.533+0100] {dag.py:4180} INFO - Setting next_dagrun for example_subdag_operator.section-1 to None, run_after=None
[2025-03-07T14:11:24.534+0100] {logging_mixin.py:190} INFO - [2025-03-07T14:11:24.534+0100] {dag.py:4180} INFO - Setting next_dagrun for example_subdag_operator.section-2 to None, run_after=None
[2025-03-07T14:11:24.538+0100] {logging_mixin.py:190} INFO - [2025-03-07T14:11:24.538+0100] {dag.py:3239} INFO - Sync 2 DAGs
[2025-03-07T14:11:24.541+0100] {logging_mixin.py:190} INFO - [2025-03-07T14:11:24.541+0100] {dag.py:4180} INFO - Setting next_dagrun for example_subdag_operator.section-1 to None, run_after=None
[2025-03-07T14:11:24.542+0100] {logging_mixin.py:190} INFO - [2025-03-07T14:11:24.542+0100] {dag.py:4180} INFO - Setting next_dagrun for example_subdag_operator.section-2 to None, run_after=None
[2025-03-07T14:11:24.550+0100] {processor.py:208} INFO - Processing /usr/local/anaconda3/envs/airflow_env/lib/python3.8/site-packages/airflow/example_dags/example_subdag_operator.py took 0.733 seconds
[2025-03-07T14:14:48.914+0100] {processor.py:186} INFO - Started process (PID=3059) to work on /usr/local/anaconda3/envs/airflow_env/lib/python3.8/site-packages/airflow/example_dags/example_subdag_operator.py
[2025-03-07T14:14:48.917+0100] {processor.py:914} INFO - Processing file /usr/local/anaconda3/envs/airflow_env/lib/python3.8/site-packages/airflow/example_dags/example_subdag_operator.py for tasks to queue
[2025-03-07T14:14:48.918+0100] {logging_mixin.py:190} INFO - [2025-03-07T14:14:48.918+0100] {dagbag.py:588} INFO - Filling up the DagBag from /usr/local/anaconda3/envs/airflow_env/lib/python3.8/site-packages/airflow/example_dags/example_subdag_operator.py
[2025-03-07T14:14:48.990+0100] {processor.py:925} INFO - DAG(s) 'example_subdag_operator.section-1', 'example_subdag_operator.section-2', 'example_subdag_operator' retrieved from /usr/local/anaconda3/envs/airflow_env/lib/python3.8/site-packages/airflow/example_dags/example_subdag_operator.py
[2025-03-07T14:14:49.527+0100] {logging_mixin.py:190} INFO - [2025-03-07T14:14:49.527+0100] {dag.py:3239} INFO - Sync 3 DAGs
[2025-03-07T14:14:49.539+0100] {logging_mixin.py:190} INFO - [2025-03-07T14:14:49.539+0100] {dag.py:4180} INFO - Setting next_dagrun for example_subdag_operator to 2022-01-01T00:00:00+00:00, run_after=2022-01-01T00:00:00+00:00
[2025-03-07T14:14:49.541+0100] {logging_mixin.py:190} INFO - [2025-03-07T14:14:49.541+0100] {dag.py:4180} INFO - Setting next_dagrun for example_subdag_operator.section-1 to None, run_after=None
[2025-03-07T14:14:49.542+0100] {logging_mixin.py:190} INFO - [2025-03-07T14:14:49.542+0100] {dag.py:4180} INFO - Setting next_dagrun for example_subdag_operator.section-2 to None, run_after=None
[2025-03-07T14:14:49.546+0100] {logging_mixin.py:190} INFO - [2025-03-07T14:14:49.546+0100] {dag.py:3239} INFO - Sync 2 DAGs
[2025-03-07T14:14:49.548+0100] {logging_mixin.py:190} INFO - [2025-03-07T14:14:49.548+0100] {dag.py:4180} INFO - Setting next_dagrun for example_subdag_operator.section-1 to None, run_after=None
[2025-03-07T14:14:49.548+0100] {logging_mixin.py:190} INFO - [2025-03-07T14:14:49.548+0100] {dag.py:4180} INFO - Setting next_dagrun for example_subdag_operator.section-2 to None, run_after=None
[2025-03-07T14:14:49.556+0100] {processor.py:208} INFO - Processing /usr/local/anaconda3/envs/airflow_env/lib/python3.8/site-packages/airflow/example_dags/example_subdag_operator.py took 0.645 seconds
[2025-03-07T14:17:01.618+0100] {processor.py:186} INFO - Started process (PID=3330) to work on /usr/local/anaconda3/envs/airflow_env/lib/python3.8/site-packages/airflow/example_dags/example_subdag_operator.py
[2025-03-07T14:17:01.621+0100] {processor.py:914} INFO - Processing file /usr/local/anaconda3/envs/airflow_env/lib/python3.8/site-packages/airflow/example_dags/example_subdag_operator.py for tasks to queue
[2025-03-07T14:17:01.622+0100] {logging_mixin.py:190} INFO - [2025-03-07T14:17:01.622+0100] {dagbag.py:588} INFO - Filling up the DagBag from /usr/local/anaconda3/envs/airflow_env/lib/python3.8/site-packages/airflow/example_dags/example_subdag_operator.py
[2025-03-07T14:17:01.702+0100] {processor.py:925} INFO - DAG(s) 'example_subdag_operator.section-1', 'example_subdag_operator.section-2', 'example_subdag_operator' retrieved from /usr/local/anaconda3/envs/airflow_env/lib/python3.8/site-packages/airflow/example_dags/example_subdag_operator.py
[2025-03-07T14:17:02.280+0100] {logging_mixin.py:190} INFO - [2025-03-07T14:17:02.280+0100] {dag.py:3239} INFO - Sync 3 DAGs
[2025-03-07T14:17:02.291+0100] {logging_mixin.py:190} INFO - [2025-03-07T14:17:02.291+0100] {dag.py:4180} INFO - Setting next_dagrun for example_subdag_operator to 2022-01-01T00:00:00+00:00, run_after=2022-01-01T00:00:00+00:00
[2025-03-07T14:17:02.294+0100] {logging_mixin.py:190} INFO - [2025-03-07T14:17:02.294+0100] {dag.py:4180} INFO - Setting next_dagrun for example_subdag_operator.section-1 to None, run_after=None
[2025-03-07T14:17:02.295+0100] {logging_mixin.py:190} INFO - [2025-03-07T14:17:02.295+0100] {dag.py:4180} INFO - Setting next_dagrun for example_subdag_operator.section-2 to None, run_after=None
[2025-03-07T14:17:02.299+0100] {logging_mixin.py:190} INFO - [2025-03-07T14:17:02.298+0100] {dag.py:3239} INFO - Sync 2 DAGs
[2025-03-07T14:17:02.301+0100] {logging_mixin.py:190} INFO - [2025-03-07T14:17:02.301+0100] {dag.py:4180} INFO - Setting next_dagrun for example_subdag_operator.section-1 to None, run_after=None
[2025-03-07T14:17:02.301+0100] {logging_mixin.py:190} INFO - [2025-03-07T14:17:02.301+0100] {dag.py:4180} INFO - Setting next_dagrun for example_subdag_operator.section-2 to None, run_after=None
[2025-03-07T14:17:02.309+0100] {processor.py:208} INFO - Processing /usr/local/anaconda3/envs/airflow_env/lib/python3.8/site-packages/airflow/example_dags/example_subdag_operator.py took 0.694 seconds
[2025-03-07T14:19:18.855+0100] {processor.py:186} INFO - Started process (PID=3575) to work on /usr/local/anaconda3/envs/airflow_env/lib/python3.8/site-packages/airflow/example_dags/example_subdag_operator.py
[2025-03-07T14:19:18.858+0100] {processor.py:914} INFO - Processing file /usr/local/anaconda3/envs/airflow_env/lib/python3.8/site-packages/airflow/example_dags/example_subdag_operator.py for tasks to queue
[2025-03-07T14:19:18.859+0100] {logging_mixin.py:190} INFO - [2025-03-07T14:19:18.859+0100] {dagbag.py:588} INFO - Filling up the DagBag from /usr/local/anaconda3/envs/airflow_env/lib/python3.8/site-packages/airflow/example_dags/example_subdag_operator.py
[2025-03-07T14:19:18.930+0100] {processor.py:925} INFO - DAG(s) 'example_subdag_operator.section-1', 'example_subdag_operator.section-2', 'example_subdag_operator' retrieved from /usr/local/anaconda3/envs/airflow_env/lib/python3.8/site-packages/airflow/example_dags/example_subdag_operator.py
[2025-03-07T14:19:19.475+0100] {logging_mixin.py:190} INFO - [2025-03-07T14:19:19.474+0100] {dag.py:3239} INFO - Sync 3 DAGs
[2025-03-07T14:19:19.486+0100] {logging_mixin.py:190} INFO - [2025-03-07T14:19:19.486+0100] {dag.py:4180} INFO - Setting next_dagrun for example_subdag_operator to 2022-01-01T00:00:00+00:00, run_after=2022-01-01T00:00:00+00:00
[2025-03-07T14:19:19.489+0100] {logging_mixin.py:190} INFO - [2025-03-07T14:19:19.489+0100] {dag.py:4180} INFO - Setting next_dagrun for example_subdag_operator.section-1 to None, run_after=None
[2025-03-07T14:19:19.490+0100] {logging_mixin.py:190} INFO - [2025-03-07T14:19:19.490+0100] {dag.py:4180} INFO - Setting next_dagrun for example_subdag_operator.section-2 to None, run_after=None
[2025-03-07T14:19:19.494+0100] {logging_mixin.py:190} INFO - [2025-03-07T14:19:19.493+0100] {dag.py:3239} INFO - Sync 2 DAGs
[2025-03-07T14:19:19.496+0100] {logging_mixin.py:190} INFO - [2025-03-07T14:19:19.496+0100] {dag.py:4180} INFO - Setting next_dagrun for example_subdag_operator.section-1 to None, run_after=None
[2025-03-07T14:19:19.496+0100] {logging_mixin.py:190} INFO - [2025-03-07T14:19:19.496+0100] {dag.py:4180} INFO - Setting next_dagrun for example_subdag_operator.section-2 to None, run_after=None
[2025-03-07T14:19:19.504+0100] {processor.py:208} INFO - Processing /usr/local/anaconda3/envs/airflow_env/lib/python3.8/site-packages/airflow/example_dags/example_subdag_operator.py took 0.652 seconds
[2025-03-07T14:21:34.521+0100] {processor.py:186} INFO - Started process (PID=3843) to work on /usr/local/anaconda3/envs/airflow_env/lib/python3.8/site-packages/airflow/example_dags/example_subdag_operator.py
[2025-03-07T14:21:34.524+0100] {processor.py:914} INFO - Processing file /usr/local/anaconda3/envs/airflow_env/lib/python3.8/site-packages/airflow/example_dags/example_subdag_operator.py for tasks to queue
[2025-03-07T14:21:34.525+0100] {logging_mixin.py:190} INFO - [2025-03-07T14:21:34.525+0100] {dagbag.py:588} INFO - Filling up the DagBag from /usr/local/anaconda3/envs/airflow_env/lib/python3.8/site-packages/airflow/example_dags/example_subdag_operator.py
[2025-03-07T14:21:34.606+0100] {processor.py:925} INFO - DAG(s) 'example_subdag_operator.section-1', 'example_subdag_operator.section-2', 'example_subdag_operator' retrieved from /usr/local/anaconda3/envs/airflow_env/lib/python3.8/site-packages/airflow/example_dags/example_subdag_operator.py
[2025-03-07T14:21:35.210+0100] {logging_mixin.py:190} INFO - [2025-03-07T14:21:35.210+0100] {dag.py:3239} INFO - Sync 3 DAGs
[2025-03-07T14:21:35.222+0100] {logging_mixin.py:190} INFO - [2025-03-07T14:21:35.222+0100] {dag.py:4180} INFO - Setting next_dagrun for example_subdag_operator to 2022-01-01T00:00:00+00:00, run_after=2022-01-01T00:00:00+00:00
[2025-03-07T14:21:35.225+0100] {logging_mixin.py:190} INFO - [2025-03-07T14:21:35.225+0100] {dag.py:4180} INFO - Setting next_dagrun for example_subdag_operator.section-1 to None, run_after=None
[2025-03-07T14:21:35.226+0100] {logging_mixin.py:190} INFO - [2025-03-07T14:21:35.226+0100] {dag.py:4180} INFO - Setting next_dagrun for example_subdag_operator.section-2 to None, run_after=None
[2025-03-07T14:21:35.229+0100] {logging_mixin.py:190} INFO - [2025-03-07T14:21:35.229+0100] {dag.py:3239} INFO - Sync 2 DAGs
[2025-03-07T14:21:35.232+0100] {logging_mixin.py:190} INFO - [2025-03-07T14:21:35.232+0100] {dag.py:4180} INFO - Setting next_dagrun for example_subdag_operator.section-1 to None, run_after=None
[2025-03-07T14:21:35.232+0100] {logging_mixin.py:190} INFO - [2025-03-07T14:21:35.232+0100] {dag.py:4180} INFO - Setting next_dagrun for example_subdag_operator.section-2 to None, run_after=None
[2025-03-07T14:21:35.240+0100] {processor.py:208} INFO - Processing /usr/local/anaconda3/envs/airflow_env/lib/python3.8/site-packages/airflow/example_dags/example_subdag_operator.py took 0.724 seconds
[2025-03-07T14:24:00.284+0100] {processor.py:186} INFO - Started process (PID=4088) to work on /usr/local/anaconda3/envs/airflow_env/lib/python3.8/site-packages/airflow/example_dags/example_subdag_operator.py
[2025-03-07T14:24:00.287+0100] {processor.py:914} INFO - Processing file /usr/local/anaconda3/envs/airflow_env/lib/python3.8/site-packages/airflow/example_dags/example_subdag_operator.py for tasks to queue
[2025-03-07T14:24:00.287+0100] {logging_mixin.py:190} INFO - [2025-03-07T14:24:00.287+0100] {dagbag.py:588} INFO - Filling up the DagBag from /usr/local/anaconda3/envs/airflow_env/lib/python3.8/site-packages/airflow/example_dags/example_subdag_operator.py
[2025-03-07T14:24:00.360+0100] {processor.py:925} INFO - DAG(s) 'example_subdag_operator.section-1', 'example_subdag_operator.section-2', 'example_subdag_operator' retrieved from /usr/local/anaconda3/envs/airflow_env/lib/python3.8/site-packages/airflow/example_dags/example_subdag_operator.py
[2025-03-07T14:24:00.888+0100] {logging_mixin.py:190} INFO - [2025-03-07T14:24:00.888+0100] {dag.py:3239} INFO - Sync 3 DAGs
[2025-03-07T14:24:00.899+0100] {logging_mixin.py:190} INFO - [2025-03-07T14:24:00.899+0100] {dag.py:4180} INFO - Setting next_dagrun for example_subdag_operator to 2022-01-01T00:00:00+00:00, run_after=2022-01-01T00:00:00+00:00
[2025-03-07T14:24:00.902+0100] {logging_mixin.py:190} INFO - [2025-03-07T14:24:00.902+0100] {dag.py:4180} INFO - Setting next_dagrun for example_subdag_operator.section-1 to None, run_after=None
[2025-03-07T14:24:00.902+0100] {logging_mixin.py:190} INFO - [2025-03-07T14:24:00.902+0100] {dag.py:4180} INFO - Setting next_dagrun for example_subdag_operator.section-2 to None, run_after=None
[2025-03-07T14:24:00.906+0100] {logging_mixin.py:190} INFO - [2025-03-07T14:24:00.906+0100] {dag.py:3239} INFO - Sync 2 DAGs
[2025-03-07T14:24:00.908+0100] {logging_mixin.py:190} INFO - [2025-03-07T14:24:00.908+0100] {dag.py:4180} INFO - Setting next_dagrun for example_subdag_operator.section-1 to None, run_after=None
[2025-03-07T14:24:00.909+0100] {logging_mixin.py:190} INFO - [2025-03-07T14:24:00.909+0100] {dag.py:4180} INFO - Setting next_dagrun for example_subdag_operator.section-2 to None, run_after=None
[2025-03-07T14:24:00.917+0100] {processor.py:208} INFO - Processing /usr/local/anaconda3/envs/airflow_env/lib/python3.8/site-packages/airflow/example_dags/example_subdag_operator.py took 0.636 seconds
[2025-03-07T14:27:44.375+0100] {processor.py:186} INFO - Started process (PID=4460) to work on /usr/local/anaconda3/envs/airflow_env/lib/python3.8/site-packages/airflow/example_dags/example_subdag_operator.py
[2025-03-07T14:27:44.378+0100] {processor.py:914} INFO - Processing file /usr/local/anaconda3/envs/airflow_env/lib/python3.8/site-packages/airflow/example_dags/example_subdag_operator.py for tasks to queue
[2025-03-07T14:27:44.379+0100] {logging_mixin.py:190} INFO - [2025-03-07T14:27:44.379+0100] {dagbag.py:588} INFO - Filling up the DagBag from /usr/local/anaconda3/envs/airflow_env/lib/python3.8/site-packages/airflow/example_dags/example_subdag_operator.py
[2025-03-07T14:27:44.457+0100] {processor.py:925} INFO - DAG(s) 'example_subdag_operator.section-1', 'example_subdag_operator.section-2', 'example_subdag_operator' retrieved from /usr/local/anaconda3/envs/airflow_env/lib/python3.8/site-packages/airflow/example_dags/example_subdag_operator.py
[2025-03-07T14:27:45.013+0100] {logging_mixin.py:190} INFO - [2025-03-07T14:27:45.013+0100] {dag.py:3239} INFO - Sync 3 DAGs
[2025-03-07T14:27:45.025+0100] {logging_mixin.py:190} INFO - [2025-03-07T14:27:45.025+0100] {dag.py:4180} INFO - Setting next_dagrun for example_subdag_operator to 2022-01-01T00:00:00+00:00, run_after=2022-01-01T00:00:00+00:00
[2025-03-07T14:27:45.028+0100] {logging_mixin.py:190} INFO - [2025-03-07T14:27:45.028+0100] {dag.py:4180} INFO - Setting next_dagrun for example_subdag_operator.section-1 to None, run_after=None
[2025-03-07T14:27:45.029+0100] {logging_mixin.py:190} INFO - [2025-03-07T14:27:45.029+0100] {dag.py:4180} INFO - Setting next_dagrun for example_subdag_operator.section-2 to None, run_after=None
[2025-03-07T14:27:45.032+0100] {logging_mixin.py:190} INFO - [2025-03-07T14:27:45.032+0100] {dag.py:3239} INFO - Sync 2 DAGs
[2025-03-07T14:27:45.035+0100] {logging_mixin.py:190} INFO - [2025-03-07T14:27:45.035+0100] {dag.py:4180} INFO - Setting next_dagrun for example_subdag_operator.section-1 to None, run_after=None
[2025-03-07T14:27:45.035+0100] {logging_mixin.py:190} INFO - [2025-03-07T14:27:45.035+0100] {dag.py:4180} INFO - Setting next_dagrun for example_subdag_operator.section-2 to None, run_after=None
[2025-03-07T14:27:45.043+0100] {processor.py:208} INFO - Processing /usr/local/anaconda3/envs/airflow_env/lib/python3.8/site-packages/airflow/example_dags/example_subdag_operator.py took 0.671 seconds
[2025-03-07T14:44:18.452+0100] {processor.py:186} INFO - Started process (PID=4937) to work on /usr/local/anaconda3/envs/airflow_env/lib/python3.8/site-packages/airflow/example_dags/example_subdag_operator.py
[2025-03-07T14:44:18.455+0100] {processor.py:914} INFO - Processing file /usr/local/anaconda3/envs/airflow_env/lib/python3.8/site-packages/airflow/example_dags/example_subdag_operator.py for tasks to queue
[2025-03-07T14:44:18.456+0100] {logging_mixin.py:190} INFO - [2025-03-07T14:44:18.456+0100] {dagbag.py:588} INFO - Filling up the DagBag from /usr/local/anaconda3/envs/airflow_env/lib/python3.8/site-packages/airflow/example_dags/example_subdag_operator.py
[2025-03-07T14:44:18.531+0100] {processor.py:925} INFO - DAG(s) 'example_subdag_operator.section-1', 'example_subdag_operator.section-2', 'example_subdag_operator' retrieved from /usr/local/anaconda3/envs/airflow_env/lib/python3.8/site-packages/airflow/example_dags/example_subdag_operator.py
[2025-03-07T14:44:19.084+0100] {logging_mixin.py:190} INFO - [2025-03-07T14:44:19.083+0100] {dag.py:3239} INFO - Sync 3 DAGs
[2025-03-07T14:44:19.096+0100] {logging_mixin.py:190} INFO - [2025-03-07T14:44:19.096+0100] {dag.py:4180} INFO - Setting next_dagrun for example_subdag_operator to 2022-01-01T00:00:00+00:00, run_after=2022-01-01T00:00:00+00:00
[2025-03-07T14:44:19.098+0100] {logging_mixin.py:190} INFO - [2025-03-07T14:44:19.098+0100] {dag.py:4180} INFO - Setting next_dagrun for example_subdag_operator.section-1 to None, run_after=None
[2025-03-07T14:44:19.098+0100] {logging_mixin.py:190} INFO - [2025-03-07T14:44:19.098+0100] {dag.py:4180} INFO - Setting next_dagrun for example_subdag_operator.section-2 to None, run_after=None
[2025-03-07T14:44:19.102+0100] {logging_mixin.py:190} INFO - [2025-03-07T14:44:19.102+0100] {dag.py:3239} INFO - Sync 2 DAGs
[2025-03-07T14:44:19.104+0100] {logging_mixin.py:190} INFO - [2025-03-07T14:44:19.104+0100] {dag.py:4180} INFO - Setting next_dagrun for example_subdag_operator.section-1 to None, run_after=None
[2025-03-07T14:44:19.105+0100] {logging_mixin.py:190} INFO - [2025-03-07T14:44:19.105+0100] {dag.py:4180} INFO - Setting next_dagrun for example_subdag_operator.section-2 to None, run_after=None
[2025-03-07T14:44:19.112+0100] {processor.py:208} INFO - Processing /usr/local/anaconda3/envs/airflow_env/lib/python3.8/site-packages/airflow/example_dags/example_subdag_operator.py took 0.663 seconds
[2025-03-07T14:47:09.368+0100] {processor.py:186} INFO - Started process (PID=5173) to work on /usr/local/anaconda3/envs/airflow_env/lib/python3.8/site-packages/airflow/example_dags/example_subdag_operator.py
[2025-03-07T14:47:09.371+0100] {processor.py:914} INFO - Processing file /usr/local/anaconda3/envs/airflow_env/lib/python3.8/site-packages/airflow/example_dags/example_subdag_operator.py for tasks to queue
[2025-03-07T14:47:09.372+0100] {logging_mixin.py:190} INFO - [2025-03-07T14:47:09.372+0100] {dagbag.py:588} INFO - Filling up the DagBag from /usr/local/anaconda3/envs/airflow_env/lib/python3.8/site-packages/airflow/example_dags/example_subdag_operator.py
[2025-03-07T14:47:09.447+0100] {processor.py:925} INFO - DAG(s) 'example_subdag_operator.section-1', 'example_subdag_operator.section-2', 'example_subdag_operator' retrieved from /usr/local/anaconda3/envs/airflow_env/lib/python3.8/site-packages/airflow/example_dags/example_subdag_operator.py
[2025-03-07T14:47:10.045+0100] {logging_mixin.py:190} INFO - [2025-03-07T14:47:10.044+0100] {dag.py:3239} INFO - Sync 3 DAGs
[2025-03-07T14:47:10.058+0100] {logging_mixin.py:190} INFO - [2025-03-07T14:47:10.058+0100] {dag.py:4180} INFO - Setting next_dagrun for example_subdag_operator to 2022-01-01T00:00:00+00:00, run_after=2022-01-01T00:00:00+00:00
[2025-03-07T14:47:10.060+0100] {logging_mixin.py:190} INFO - [2025-03-07T14:47:10.060+0100] {dag.py:4180} INFO - Setting next_dagrun for example_subdag_operator.section-1 to None, run_after=None
[2025-03-07T14:47:10.061+0100] {logging_mixin.py:190} INFO - [2025-03-07T14:47:10.061+0100] {dag.py:4180} INFO - Setting next_dagrun for example_subdag_operator.section-2 to None, run_after=None
[2025-03-07T14:47:10.065+0100] {logging_mixin.py:190} INFO - [2025-03-07T14:47:10.065+0100] {dag.py:3239} INFO - Sync 2 DAGs
[2025-03-07T14:47:10.068+0100] {logging_mixin.py:190} INFO - [2025-03-07T14:47:10.068+0100] {dag.py:4180} INFO - Setting next_dagrun for example_subdag_operator.section-1 to None, run_after=None
[2025-03-07T14:47:10.068+0100] {logging_mixin.py:190} INFO - [2025-03-07T14:47:10.068+0100] {dag.py:4180} INFO - Setting next_dagrun for example_subdag_operator.section-2 to None, run_after=None
[2025-03-07T14:47:10.077+0100] {processor.py:208} INFO - Processing /usr/local/anaconda3/envs/airflow_env/lib/python3.8/site-packages/airflow/example_dags/example_subdag_operator.py took 0.712 seconds
[2025-03-07T14:50:12.426+0100] {processor.py:186} INFO - Started process (PID=5582) to work on /usr/local/anaconda3/envs/airflow_env/lib/python3.8/site-packages/airflow/example_dags/example_subdag_operator.py
[2025-03-07T14:50:12.429+0100] {processor.py:914} INFO - Processing file /usr/local/anaconda3/envs/airflow_env/lib/python3.8/site-packages/airflow/example_dags/example_subdag_operator.py for tasks to queue
[2025-03-07T14:50:12.430+0100] {logging_mixin.py:190} INFO - [2025-03-07T14:50:12.430+0100] {dagbag.py:588} INFO - Filling up the DagBag from /usr/local/anaconda3/envs/airflow_env/lib/python3.8/site-packages/airflow/example_dags/example_subdag_operator.py
[2025-03-07T14:50:12.509+0100] {processor.py:925} INFO - DAG(s) 'example_subdag_operator.section-1', 'example_subdag_operator.section-2', 'example_subdag_operator' retrieved from /usr/local/anaconda3/envs/airflow_env/lib/python3.8/site-packages/airflow/example_dags/example_subdag_operator.py
[2025-03-07T14:50:13.070+0100] {logging_mixin.py:190} INFO - [2025-03-07T14:50:13.069+0100] {dag.py:3239} INFO - Sync 3 DAGs
[2025-03-07T14:50:13.082+0100] {logging_mixin.py:190} INFO - [2025-03-07T14:50:13.082+0100] {dag.py:4180} INFO - Setting next_dagrun for example_subdag_operator to 2022-01-01T00:00:00+00:00, run_after=2022-01-01T00:00:00+00:00
[2025-03-07T14:50:13.084+0100] {logging_mixin.py:190} INFO - [2025-03-07T14:50:13.084+0100] {dag.py:4180} INFO - Setting next_dagrun for example_subdag_operator.section-1 to None, run_after=None
[2025-03-07T14:50:13.084+0100] {logging_mixin.py:190} INFO - [2025-03-07T14:50:13.084+0100] {dag.py:4180} INFO - Setting next_dagrun for example_subdag_operator.section-2 to None, run_after=None
[2025-03-07T14:50:13.088+0100] {logging_mixin.py:190} INFO - [2025-03-07T14:50:13.088+0100] {dag.py:3239} INFO - Sync 2 DAGs
[2025-03-07T14:50:13.090+0100] {logging_mixin.py:190} INFO - [2025-03-07T14:50:13.090+0100] {dag.py:4180} INFO - Setting next_dagrun for example_subdag_operator.section-1 to None, run_after=None
[2025-03-07T14:50:13.091+0100] {logging_mixin.py:190} INFO - [2025-03-07T14:50:13.091+0100] {dag.py:4180} INFO - Setting next_dagrun for example_subdag_operator.section-2 to None, run_after=None
[2025-03-07T14:50:13.098+0100] {processor.py:208} INFO - Processing /usr/local/anaconda3/envs/airflow_env/lib/python3.8/site-packages/airflow/example_dags/example_subdag_operator.py took 0.676 seconds
[2025-03-07T14:53:43.248+0100] {processor.py:186} INFO - Started process (PID=6026) to work on /usr/local/anaconda3/envs/airflow_env/lib/python3.8/site-packages/airflow/example_dags/example_subdag_operator.py
[2025-03-07T14:53:43.251+0100] {processor.py:914} INFO - Processing file /usr/local/anaconda3/envs/airflow_env/lib/python3.8/site-packages/airflow/example_dags/example_subdag_operator.py for tasks to queue
[2025-03-07T14:53:43.252+0100] {logging_mixin.py:190} INFO - [2025-03-07T14:53:43.252+0100] {dagbag.py:588} INFO - Filling up the DagBag from /usr/local/anaconda3/envs/airflow_env/lib/python3.8/site-packages/airflow/example_dags/example_subdag_operator.py
[2025-03-07T14:53:43.332+0100] {processor.py:925} INFO - DAG(s) 'example_subdag_operator.section-1', 'example_subdag_operator.section-2', 'example_subdag_operator' retrieved from /usr/local/anaconda3/envs/airflow_env/lib/python3.8/site-packages/airflow/example_dags/example_subdag_operator.py
[2025-03-07T14:53:43.883+0100] {logging_mixin.py:190} INFO - [2025-03-07T14:53:43.883+0100] {dag.py:3239} INFO - Sync 3 DAGs
[2025-03-07T14:53:43.895+0100] {logging_mixin.py:190} INFO - [2025-03-07T14:53:43.895+0100] {dag.py:4180} INFO - Setting next_dagrun for example_subdag_operator to 2022-01-01T00:00:00+00:00, run_after=2022-01-01T00:00:00+00:00
[2025-03-07T14:53:43.897+0100] {logging_mixin.py:190} INFO - [2025-03-07T14:53:43.897+0100] {dag.py:4180} INFO - Setting next_dagrun for example_subdag_operator.section-1 to None, run_after=None
[2025-03-07T14:53:43.898+0100] {logging_mixin.py:190} INFO - [2025-03-07T14:53:43.898+0100] {dag.py:4180} INFO - Setting next_dagrun for example_subdag_operator.section-2 to None, run_after=None
[2025-03-07T14:53:43.902+0100] {logging_mixin.py:190} INFO - [2025-03-07T14:53:43.902+0100] {dag.py:3239} INFO - Sync 2 DAGs
[2025-03-07T14:53:43.904+0100] {logging_mixin.py:190} INFO - [2025-03-07T14:53:43.904+0100] {dag.py:4180} INFO - Setting next_dagrun for example_subdag_operator.section-1 to None, run_after=None
[2025-03-07T14:53:43.904+0100] {logging_mixin.py:190} INFO - [2025-03-07T14:53:43.904+0100] {dag.py:4180} INFO - Setting next_dagrun for example_subdag_operator.section-2 to None, run_after=None
[2025-03-07T14:53:43.912+0100] {processor.py:208} INFO - Processing /usr/local/anaconda3/envs/airflow_env/lib/python3.8/site-packages/airflow/example_dags/example_subdag_operator.py took 0.667 seconds
[2025-03-07T14:56:25.926+0100] {processor.py:186} INFO - Started process (PID=6350) to work on /usr/local/anaconda3/envs/airflow_env/lib/python3.8/site-packages/airflow/example_dags/example_subdag_operator.py
[2025-03-07T14:56:25.929+0100] {processor.py:914} INFO - Processing file /usr/local/anaconda3/envs/airflow_env/lib/python3.8/site-packages/airflow/example_dags/example_subdag_operator.py for tasks to queue
[2025-03-07T14:56:25.930+0100] {logging_mixin.py:190} INFO - [2025-03-07T14:56:25.930+0100] {dagbag.py:588} INFO - Filling up the DagBag from /usr/local/anaconda3/envs/airflow_env/lib/python3.8/site-packages/airflow/example_dags/example_subdag_operator.py
[2025-03-07T14:56:26.002+0100] {processor.py:925} INFO - DAG(s) 'example_subdag_operator.section-1', 'example_subdag_operator.section-2', 'example_subdag_operator' retrieved from /usr/local/anaconda3/envs/airflow_env/lib/python3.8/site-packages/airflow/example_dags/example_subdag_operator.py
[2025-03-07T14:56:26.535+0100] {logging_mixin.py:190} INFO - [2025-03-07T14:56:26.534+0100] {dag.py:3239} INFO - Sync 3 DAGs
[2025-03-07T14:56:26.547+0100] {logging_mixin.py:190} INFO - [2025-03-07T14:56:26.547+0100] {dag.py:4180} INFO - Setting next_dagrun for example_subdag_operator to 2022-01-01T00:00:00+00:00, run_after=2022-01-01T00:00:00+00:00
[2025-03-07T14:56:26.549+0100] {logging_mixin.py:190} INFO - [2025-03-07T14:56:26.549+0100] {dag.py:4180} INFO - Setting next_dagrun for example_subdag_operator.section-1 to None, run_after=None
[2025-03-07T14:56:26.550+0100] {logging_mixin.py:190} INFO - [2025-03-07T14:56:26.550+0100] {dag.py:4180} INFO - Setting next_dagrun for example_subdag_operator.section-2 to None, run_after=None
[2025-03-07T14:56:26.553+0100] {logging_mixin.py:190} INFO - [2025-03-07T14:56:26.553+0100] {dag.py:3239} INFO - Sync 2 DAGs
[2025-03-07T14:56:26.556+0100] {logging_mixin.py:190} INFO - [2025-03-07T14:56:26.556+0100] {dag.py:4180} INFO - Setting next_dagrun for example_subdag_operator.section-1 to None, run_after=None
[2025-03-07T14:56:26.556+0100] {logging_mixin.py:190} INFO - [2025-03-07T14:56:26.556+0100] {dag.py:4180} INFO - Setting next_dagrun for example_subdag_operator.section-2 to None, run_after=None
[2025-03-07T14:56:26.564+0100] {processor.py:208} INFO - Processing /usr/local/anaconda3/envs/airflow_env/lib/python3.8/site-packages/airflow/example_dags/example_subdag_operator.py took 0.641 seconds
[2025-03-07T14:58:38.524+0100] {processor.py:186} INFO - Started process (PID=6610) to work on /usr/local/anaconda3/envs/airflow_env/lib/python3.8/site-packages/airflow/example_dags/example_subdag_operator.py
[2025-03-07T14:58:38.527+0100] {processor.py:914} INFO - Processing file /usr/local/anaconda3/envs/airflow_env/lib/python3.8/site-packages/airflow/example_dags/example_subdag_operator.py for tasks to queue
[2025-03-07T14:58:38.527+0100] {logging_mixin.py:190} INFO - [2025-03-07T14:58:38.527+0100] {dagbag.py:588} INFO - Filling up the DagBag from /usr/local/anaconda3/envs/airflow_env/lib/python3.8/site-packages/airflow/example_dags/example_subdag_operator.py
[2025-03-07T14:58:38.599+0100] {processor.py:925} INFO - DAG(s) 'example_subdag_operator.section-1', 'example_subdag_operator.section-2', 'example_subdag_operator' retrieved from /usr/local/anaconda3/envs/airflow_env/lib/python3.8/site-packages/airflow/example_dags/example_subdag_operator.py
[2025-03-07T14:58:39.132+0100] {logging_mixin.py:190} INFO - [2025-03-07T14:58:39.132+0100] {dag.py:3239} INFO - Sync 3 DAGs
[2025-03-07T14:58:39.144+0100] {logging_mixin.py:190} INFO - [2025-03-07T14:58:39.144+0100] {dag.py:4180} INFO - Setting next_dagrun for example_subdag_operator to 2022-01-01T00:00:00+00:00, run_after=2022-01-01T00:00:00+00:00
[2025-03-07T14:58:39.146+0100] {logging_mixin.py:190} INFO - [2025-03-07T14:58:39.146+0100] {dag.py:4180} INFO - Setting next_dagrun for example_subdag_operator.section-1 to None, run_after=None
[2025-03-07T14:58:39.147+0100] {logging_mixin.py:190} INFO - [2025-03-07T14:58:39.147+0100] {dag.py:4180} INFO - Setting next_dagrun for example_subdag_operator.section-2 to None, run_after=None
[2025-03-07T14:58:39.150+0100] {logging_mixin.py:190} INFO - [2025-03-07T14:58:39.150+0100] {dag.py:3239} INFO - Sync 2 DAGs
[2025-03-07T14:58:39.153+0100] {logging_mixin.py:190} INFO - [2025-03-07T14:58:39.153+0100] {dag.py:4180} INFO - Setting next_dagrun for example_subdag_operator.section-1 to None, run_after=None
[2025-03-07T14:58:39.153+0100] {logging_mixin.py:190} INFO - [2025-03-07T14:58:39.153+0100] {dag.py:4180} INFO - Setting next_dagrun for example_subdag_operator.section-2 to None, run_after=None
[2025-03-07T14:58:39.161+0100] {processor.py:208} INFO - Processing /usr/local/anaconda3/envs/airflow_env/lib/python3.8/site-packages/airflow/example_dags/example_subdag_operator.py took 0.640 seconds
[2025-03-07T15:00:53.268+0100] {processor.py:186} INFO - Started process (PID=6894) to work on /usr/local/anaconda3/envs/airflow_env/lib/python3.8/site-packages/airflow/example_dags/example_subdag_operator.py
[2025-03-07T15:00:53.271+0100] {processor.py:914} INFO - Processing file /usr/local/anaconda3/envs/airflow_env/lib/python3.8/site-packages/airflow/example_dags/example_subdag_operator.py for tasks to queue
[2025-03-07T15:00:53.272+0100] {logging_mixin.py:190} INFO - [2025-03-07T15:00:53.272+0100] {dagbag.py:588} INFO - Filling up the DagBag from /usr/local/anaconda3/envs/airflow_env/lib/python3.8/site-packages/airflow/example_dags/example_subdag_operator.py
[2025-03-07T15:00:53.349+0100] {processor.py:925} INFO - DAG(s) 'example_subdag_operator.section-1', 'example_subdag_operator.section-2', 'example_subdag_operator' retrieved from /usr/local/anaconda3/envs/airflow_env/lib/python3.8/site-packages/airflow/example_dags/example_subdag_operator.py
[2025-03-07T15:00:53.899+0100] {logging_mixin.py:190} INFO - [2025-03-07T15:00:53.899+0100] {dag.py:3239} INFO - Sync 3 DAGs
[2025-03-07T15:00:53.912+0100] {logging_mixin.py:190} INFO - [2025-03-07T15:00:53.912+0100] {dag.py:4180} INFO - Setting next_dagrun for example_subdag_operator to 2022-01-01T00:00:00+00:00, run_after=2022-01-01T00:00:00+00:00
[2025-03-07T15:00:53.915+0100] {logging_mixin.py:190} INFO - [2025-03-07T15:00:53.914+0100] {dag.py:4180} INFO - Setting next_dagrun for example_subdag_operator.section-1 to None, run_after=None
[2025-03-07T15:00:53.915+0100] {logging_mixin.py:190} INFO - [2025-03-07T15:00:53.915+0100] {dag.py:4180} INFO - Setting next_dagrun for example_subdag_operator.section-2 to None, run_after=None
[2025-03-07T15:00:53.919+0100] {logging_mixin.py:190} INFO - [2025-03-07T15:00:53.919+0100] {dag.py:3239} INFO - Sync 2 DAGs
[2025-03-07T15:00:53.922+0100] {logging_mixin.py:190} INFO - [2025-03-07T15:00:53.921+0100] {dag.py:4180} INFO - Setting next_dagrun for example_subdag_operator.section-1 to None, run_after=None
[2025-03-07T15:00:53.922+0100] {logging_mixin.py:190} INFO - [2025-03-07T15:00:53.922+0100] {dag.py:4180} INFO - Setting next_dagrun for example_subdag_operator.section-2 to None, run_after=None
[2025-03-07T15:00:53.930+0100] {processor.py:208} INFO - Processing /usr/local/anaconda3/envs/airflow_env/lib/python3.8/site-packages/airflow/example_dags/example_subdag_operator.py took 0.665 seconds
[2025-03-07T15:03:18.661+0100] {processor.py:186} INFO - Started process (PID=7141) to work on /usr/local/anaconda3/envs/airflow_env/lib/python3.8/site-packages/airflow/example_dags/example_subdag_operator.py
[2025-03-07T15:03:18.664+0100] {processor.py:914} INFO - Processing file /usr/local/anaconda3/envs/airflow_env/lib/python3.8/site-packages/airflow/example_dags/example_subdag_operator.py for tasks to queue
[2025-03-07T15:03:18.665+0100] {logging_mixin.py:190} INFO - [2025-03-07T15:03:18.665+0100] {dagbag.py:588} INFO - Filling up the DagBag from /usr/local/anaconda3/envs/airflow_env/lib/python3.8/site-packages/airflow/example_dags/example_subdag_operator.py
[2025-03-07T15:03:18.746+0100] {processor.py:925} INFO - DAG(s) 'example_subdag_operator.section-1', 'example_subdag_operator.section-2', 'example_subdag_operator' retrieved from /usr/local/anaconda3/envs/airflow_env/lib/python3.8/site-packages/airflow/example_dags/example_subdag_operator.py
[2025-03-07T15:03:19.297+0100] {logging_mixin.py:190} INFO - [2025-03-07T15:03:19.297+0100] {dag.py:3239} INFO - Sync 3 DAGs
[2025-03-07T15:03:19.310+0100] {logging_mixin.py:190} INFO - [2025-03-07T15:03:19.310+0100] {dag.py:4180} INFO - Setting next_dagrun for example_subdag_operator to 2022-01-01T00:00:00+00:00, run_after=2022-01-01T00:00:00+00:00
[2025-03-07T15:03:19.312+0100] {logging_mixin.py:190} INFO - [2025-03-07T15:03:19.312+0100] {dag.py:4180} INFO - Setting next_dagrun for example_subdag_operator.section-1 to None, run_after=None
[2025-03-07T15:03:19.313+0100] {logging_mixin.py:190} INFO - [2025-03-07T15:03:19.313+0100] {dag.py:4180} INFO - Setting next_dagrun for example_subdag_operator.section-2 to None, run_after=None
[2025-03-07T15:03:19.316+0100] {logging_mixin.py:190} INFO - [2025-03-07T15:03:19.316+0100] {dag.py:3239} INFO - Sync 2 DAGs
[2025-03-07T15:03:19.319+0100] {logging_mixin.py:190} INFO - [2025-03-07T15:03:19.319+0100] {dag.py:4180} INFO - Setting next_dagrun for example_subdag_operator.section-1 to None, run_after=None
[2025-03-07T15:03:19.319+0100] {logging_mixin.py:190} INFO - [2025-03-07T15:03:19.319+0100] {dag.py:4180} INFO - Setting next_dagrun for example_subdag_operator.section-2 to None, run_after=None
[2025-03-07T15:03:19.327+0100] {processor.py:208} INFO - Processing /usr/local/anaconda3/envs/airflow_env/lib/python3.8/site-packages/airflow/example_dags/example_subdag_operator.py took 0.669 seconds
[2025-03-07T15:05:39.779+0100] {processor.py:186} INFO - Started process (PID=7400) to work on /usr/local/anaconda3/envs/airflow_env/lib/python3.8/site-packages/airflow/example_dags/example_subdag_operator.py
[2025-03-07T15:05:39.783+0100] {processor.py:914} INFO - Processing file /usr/local/anaconda3/envs/airflow_env/lib/python3.8/site-packages/airflow/example_dags/example_subdag_operator.py for tasks to queue
[2025-03-07T15:05:39.783+0100] {logging_mixin.py:190} INFO - [2025-03-07T15:05:39.783+0100] {dagbag.py:588} INFO - Filling up the DagBag from /usr/local/anaconda3/envs/airflow_env/lib/python3.8/site-packages/airflow/example_dags/example_subdag_operator.py
[2025-03-07T15:05:39.861+0100] {processor.py:925} INFO - DAG(s) 'example_subdag_operator.section-1', 'example_subdag_operator.section-2', 'example_subdag_operator' retrieved from /usr/local/anaconda3/envs/airflow_env/lib/python3.8/site-packages/airflow/example_dags/example_subdag_operator.py
[2025-03-07T15:05:40.421+0100] {logging_mixin.py:190} INFO - [2025-03-07T15:05:40.421+0100] {dag.py:3239} INFO - Sync 3 DAGs
[2025-03-07T15:05:40.434+0100] {logging_mixin.py:190} INFO - [2025-03-07T15:05:40.433+0100] {dag.py:4180} INFO - Setting next_dagrun for example_subdag_operator to 2022-01-01T00:00:00+00:00, run_after=2022-01-01T00:00:00+00:00
[2025-03-07T15:05:40.436+0100] {logging_mixin.py:190} INFO - [2025-03-07T15:05:40.435+0100] {dag.py:4180} INFO - Setting next_dagrun for example_subdag_operator.section-1 to None, run_after=None
[2025-03-07T15:05:40.436+0100] {logging_mixin.py:190} INFO - [2025-03-07T15:05:40.436+0100] {dag.py:4180} INFO - Setting next_dagrun for example_subdag_operator.section-2 to None, run_after=None
[2025-03-07T15:05:40.440+0100] {logging_mixin.py:190} INFO - [2025-03-07T15:05:40.440+0100] {dag.py:3239} INFO - Sync 2 DAGs
[2025-03-07T15:05:40.442+0100] {logging_mixin.py:190} INFO - [2025-03-07T15:05:40.442+0100] {dag.py:4180} INFO - Setting next_dagrun for example_subdag_operator.section-1 to None, run_after=None
[2025-03-07T15:05:40.443+0100] {logging_mixin.py:190} INFO - [2025-03-07T15:05:40.443+0100] {dag.py:4180} INFO - Setting next_dagrun for example_subdag_operator.section-2 to None, run_after=None
[2025-03-07T15:05:40.450+0100] {processor.py:208} INFO - Processing /usr/local/anaconda3/envs/airflow_env/lib/python3.8/site-packages/airflow/example_dags/example_subdag_operator.py took 0.674 seconds
[2025-03-07T15:08:02.715+0100] {processor.py:186} INFO - Started process (PID=7635) to work on /usr/local/anaconda3/envs/airflow_env/lib/python3.8/site-packages/airflow/example_dags/example_subdag_operator.py
[2025-03-07T15:08:02.718+0100] {processor.py:914} INFO - Processing file /usr/local/anaconda3/envs/airflow_env/lib/python3.8/site-packages/airflow/example_dags/example_subdag_operator.py for tasks to queue
[2025-03-07T15:08:02.719+0100] {logging_mixin.py:190} INFO - [2025-03-07T15:08:02.719+0100] {dagbag.py:588} INFO - Filling up the DagBag from /usr/local/anaconda3/envs/airflow_env/lib/python3.8/site-packages/airflow/example_dags/example_subdag_operator.py
[2025-03-07T15:08:02.794+0100] {processor.py:925} INFO - DAG(s) 'example_subdag_operator.section-1', 'example_subdag_operator.section-2', 'example_subdag_operator' retrieved from /usr/local/anaconda3/envs/airflow_env/lib/python3.8/site-packages/airflow/example_dags/example_subdag_operator.py
[2025-03-07T15:08:03.355+0100] {logging_mixin.py:190} INFO - [2025-03-07T15:08:03.355+0100] {dag.py:3239} INFO - Sync 3 DAGs
[2025-03-07T15:08:03.369+0100] {logging_mixin.py:190} INFO - [2025-03-07T15:08:03.369+0100] {dag.py:4180} INFO - Setting next_dagrun for example_subdag_operator to 2022-01-01T00:00:00+00:00, run_after=2022-01-01T00:00:00+00:00
[2025-03-07T15:08:03.371+0100] {logging_mixin.py:190} INFO - [2025-03-07T15:08:03.371+0100] {dag.py:4180} INFO - Setting next_dagrun for example_subdag_operator.section-1 to None, run_after=None
[2025-03-07T15:08:03.372+0100] {logging_mixin.py:190} INFO - [2025-03-07T15:08:03.372+0100] {dag.py:4180} INFO - Setting next_dagrun for example_subdag_operator.section-2 to None, run_after=None
[2025-03-07T15:08:03.376+0100] {logging_mixin.py:190} INFO - [2025-03-07T15:08:03.376+0100] {dag.py:3239} INFO - Sync 2 DAGs
[2025-03-07T15:08:03.379+0100] {logging_mixin.py:190} INFO - [2025-03-07T15:08:03.379+0100] {dag.py:4180} INFO - Setting next_dagrun for example_subdag_operator.section-1 to None, run_after=None
[2025-03-07T15:08:03.379+0100] {logging_mixin.py:190} INFO - [2025-03-07T15:08:03.379+0100] {dag.py:4180} INFO - Setting next_dagrun for example_subdag_operator.section-2 to None, run_after=None
[2025-03-07T15:08:03.388+0100] {processor.py:208} INFO - Processing /usr/local/anaconda3/envs/airflow_env/lib/python3.8/site-packages/airflow/example_dags/example_subdag_operator.py took 0.676 seconds
[2025-03-07T15:10:30.244+0100] {processor.py:186} INFO - Started process (PID=7872) to work on /usr/local/anaconda3/envs/airflow_env/lib/python3.8/site-packages/airflow/example_dags/example_subdag_operator.py
[2025-03-07T15:10:30.247+0100] {processor.py:914} INFO - Processing file /usr/local/anaconda3/envs/airflow_env/lib/python3.8/site-packages/airflow/example_dags/example_subdag_operator.py for tasks to queue
[2025-03-07T15:10:30.248+0100] {logging_mixin.py:190} INFO - [2025-03-07T15:10:30.248+0100] {dagbag.py:588} INFO - Filling up the DagBag from /usr/local/anaconda3/envs/airflow_env/lib/python3.8/site-packages/airflow/example_dags/example_subdag_operator.py
[2025-03-07T15:10:30.320+0100] {processor.py:925} INFO - DAG(s) 'example_subdag_operator.section-1', 'example_subdag_operator.section-2', 'example_subdag_operator' retrieved from /usr/local/anaconda3/envs/airflow_env/lib/python3.8/site-packages/airflow/example_dags/example_subdag_operator.py
[2025-03-07T15:10:30.857+0100] {logging_mixin.py:190} INFO - [2025-03-07T15:10:30.857+0100] {dag.py:3239} INFO - Sync 3 DAGs
[2025-03-07T15:10:30.869+0100] {logging_mixin.py:190} INFO - [2025-03-07T15:10:30.869+0100] {dag.py:4180} INFO - Setting next_dagrun for example_subdag_operator to 2022-01-01T00:00:00+00:00, run_after=2022-01-01T00:00:00+00:00
[2025-03-07T15:10:30.871+0100] {logging_mixin.py:190} INFO - [2025-03-07T15:10:30.871+0100] {dag.py:4180} INFO - Setting next_dagrun for example_subdag_operator.section-1 to None, run_after=None
[2025-03-07T15:10:30.872+0100] {logging_mixin.py:190} INFO - [2025-03-07T15:10:30.872+0100] {dag.py:4180} INFO - Setting next_dagrun for example_subdag_operator.section-2 to None, run_after=None
[2025-03-07T15:10:30.875+0100] {logging_mixin.py:190} INFO - [2025-03-07T15:10:30.875+0100] {dag.py:3239} INFO - Sync 2 DAGs
[2025-03-07T15:10:30.878+0100] {logging_mixin.py:190} INFO - [2025-03-07T15:10:30.878+0100] {dag.py:4180} INFO - Setting next_dagrun for example_subdag_operator.section-1 to None, run_after=None
[2025-03-07T15:10:30.878+0100] {logging_mixin.py:190} INFO - [2025-03-07T15:10:30.878+0100] {dag.py:4180} INFO - Setting next_dagrun for example_subdag_operator.section-2 to None, run_after=None
[2025-03-07T15:10:30.886+0100] {processor.py:208} INFO - Processing /usr/local/anaconda3/envs/airflow_env/lib/python3.8/site-packages/airflow/example_dags/example_subdag_operator.py took 0.644 seconds
[2025-03-07T15:13:12.681+0100] {processor.py:186} INFO - Started process (PID=8246) to work on /usr/local/anaconda3/envs/airflow_env/lib/python3.8/site-packages/airflow/example_dags/example_subdag_operator.py
[2025-03-07T15:13:12.684+0100] {processor.py:914} INFO - Processing file /usr/local/anaconda3/envs/airflow_env/lib/python3.8/site-packages/airflow/example_dags/example_subdag_operator.py for tasks to queue
[2025-03-07T15:13:12.685+0100] {logging_mixin.py:190} INFO - [2025-03-07T15:13:12.685+0100] {dagbag.py:588} INFO - Filling up the DagBag from /usr/local/anaconda3/envs/airflow_env/lib/python3.8/site-packages/airflow/example_dags/example_subdag_operator.py
[2025-03-07T15:13:12.757+0100] {processor.py:925} INFO - DAG(s) 'example_subdag_operator.section-1', 'example_subdag_operator.section-2', 'example_subdag_operator' retrieved from /usr/local/anaconda3/envs/airflow_env/lib/python3.8/site-packages/airflow/example_dags/example_subdag_operator.py
[2025-03-07T15:13:13.317+0100] {logging_mixin.py:190} INFO - [2025-03-07T15:13:13.317+0100] {dag.py:3239} INFO - Sync 3 DAGs
[2025-03-07T15:13:13.329+0100] {logging_mixin.py:190} INFO - [2025-03-07T15:13:13.329+0100] {dag.py:4180} INFO - Setting next_dagrun for example_subdag_operator to 2022-01-01T00:00:00+00:00, run_after=2022-01-01T00:00:00+00:00
[2025-03-07T15:13:13.331+0100] {logging_mixin.py:190} INFO - [2025-03-07T15:13:13.331+0100] {dag.py:4180} INFO - Setting next_dagrun for example_subdag_operator.section-1 to None, run_after=None
[2025-03-07T15:13:13.332+0100] {logging_mixin.py:190} INFO - [2025-03-07T15:13:13.332+0100] {dag.py:4180} INFO - Setting next_dagrun for example_subdag_operator.section-2 to None, run_after=None
[2025-03-07T15:13:13.335+0100] {logging_mixin.py:190} INFO - [2025-03-07T15:13:13.335+0100] {dag.py:3239} INFO - Sync 2 DAGs
[2025-03-07T15:13:13.338+0100] {logging_mixin.py:190} INFO - [2025-03-07T15:13:13.337+0100] {dag.py:4180} INFO - Setting next_dagrun for example_subdag_operator.section-1 to None, run_after=None
[2025-03-07T15:13:13.338+0100] {logging_mixin.py:190} INFO - [2025-03-07T15:13:13.338+0100] {dag.py:4180} INFO - Setting next_dagrun for example_subdag_operator.section-2 to None, run_after=None
[2025-03-07T15:13:13.346+0100] {processor.py:208} INFO - Processing /usr/local/anaconda3/envs/airflow_env/lib/python3.8/site-packages/airflow/example_dags/example_subdag_operator.py took 0.667 seconds
[2025-03-07T15:16:08.196+0100] {processor.py:186} INFO - Started process (PID=8515) to work on /usr/local/anaconda3/envs/airflow_env/lib/python3.8/site-packages/airflow/example_dags/example_subdag_operator.py
[2025-03-07T15:16:08.200+0100] {processor.py:914} INFO - Processing file /usr/local/anaconda3/envs/airflow_env/lib/python3.8/site-packages/airflow/example_dags/example_subdag_operator.py for tasks to queue
[2025-03-07T15:16:08.201+0100] {logging_mixin.py:190} INFO - [2025-03-07T15:16:08.201+0100] {dagbag.py:588} INFO - Filling up the DagBag from /usr/local/anaconda3/envs/airflow_env/lib/python3.8/site-packages/airflow/example_dags/example_subdag_operator.py
[2025-03-07T15:16:08.279+0100] {processor.py:925} INFO - DAG(s) 'example_subdag_operator.section-1', 'example_subdag_operator.section-2', 'example_subdag_operator' retrieved from /usr/local/anaconda3/envs/airflow_env/lib/python3.8/site-packages/airflow/example_dags/example_subdag_operator.py
[2025-03-07T15:16:08.837+0100] {logging_mixin.py:190} INFO - [2025-03-07T15:16:08.837+0100] {dag.py:3239} INFO - Sync 3 DAGs
[2025-03-07T15:16:08.851+0100] {logging_mixin.py:190} INFO - [2025-03-07T15:16:08.851+0100] {dag.py:4180} INFO - Setting next_dagrun for example_subdag_operator to 2022-01-01T00:00:00+00:00, run_after=2022-01-01T00:00:00+00:00
[2025-03-07T15:16:08.853+0100] {logging_mixin.py:190} INFO - [2025-03-07T15:16:08.853+0100] {dag.py:4180} INFO - Setting next_dagrun for example_subdag_operator.section-1 to None, run_after=None
[2025-03-07T15:16:08.854+0100] {logging_mixin.py:190} INFO - [2025-03-07T15:16:08.854+0100] {dag.py:4180} INFO - Setting next_dagrun for example_subdag_operator.section-2 to None, run_after=None
[2025-03-07T15:16:08.858+0100] {logging_mixin.py:190} INFO - [2025-03-07T15:16:08.858+0100] {dag.py:3239} INFO - Sync 2 DAGs
[2025-03-07T15:16:08.860+0100] {logging_mixin.py:190} INFO - [2025-03-07T15:16:08.860+0100] {dag.py:4180} INFO - Setting next_dagrun for example_subdag_operator.section-1 to None, run_after=None
[2025-03-07T15:16:08.861+0100] {logging_mixin.py:190} INFO - [2025-03-07T15:16:08.861+0100] {dag.py:4180} INFO - Setting next_dagrun for example_subdag_operator.section-2 to None, run_after=None
[2025-03-07T15:16:08.868+0100] {processor.py:208} INFO - Processing /usr/local/anaconda3/envs/airflow_env/lib/python3.8/site-packages/airflow/example_dags/example_subdag_operator.py took 0.675 seconds
