[2025-03-07T14:12:21.909+0100] {processor.py:186} INFO - Started process (PID=2830) to work on /usr/local/anaconda3/envs/airflow_env/lib/python3.8/site-packages/airflow/example_dags/example_external_task_marker_dag.py
[2025-03-07T14:12:21.913+0100] {processor.py:914} INFO - Processing file /usr/local/anaconda3/envs/airflow_env/lib/python3.8/site-packages/airflow/example_dags/example_external_task_marker_dag.py for tasks to queue
[2025-03-07T14:12:21.913+0100] {logging_mixin.py:190} INFO - [2025-03-07T14:12:21.913+0100] {dagbag.py:588} INFO - Filling up the DagBag from /usr/local/anaconda3/envs/airflow_env/lib/python3.8/site-packages/airflow/example_dags/example_external_task_marker_dag.py
[2025-03-07T14:12:21.922+0100] {processor.py:925} INFO - DAG(s) 'example_external_task_marker_parent', 'example_external_task_marker_child' retrieved from /usr/local/anaconda3/envs/airflow_env/lib/python3.8/site-packages/airflow/example_dags/example_external_task_marker_dag.py
[2025-03-07T14:12:22.046+0100] {logging_mixin.py:190} INFO - [2025-03-07T14:12:22.046+0100] {override.py:1901} INFO - Created Permission View: can edit on DAG:example_external_task_marker_parent
[2025-03-07T14:12:22.052+0100] {logging_mixin.py:190} INFO - [2025-03-07T14:12:22.052+0100] {override.py:1901} INFO - Created Permission View: can read on DAG:example_external_task_marker_parent
[2025-03-07T14:12:22.056+0100] {logging_mixin.py:190} INFO - [2025-03-07T14:12:22.056+0100] {override.py:1901} INFO - Created Permission View: can delete on DAG:example_external_task_marker_parent
[2025-03-07T14:12:22.060+0100] {logging_mixin.py:190} INFO - [2025-03-07T14:12:22.060+0100] {override.py:1901} INFO - Created Permission View: menu access on DAG Run:example_external_task_marker_parent
[2025-03-07T14:12:22.064+0100] {logging_mixin.py:190} INFO - [2025-03-07T14:12:22.064+0100] {override.py:1901} INFO - Created Permission View: can create on DAG Run:example_external_task_marker_parent
[2025-03-07T14:12:22.068+0100] {logging_mixin.py:190} INFO - [2025-03-07T14:12:22.068+0100] {override.py:1901} INFO - Created Permission View: can read on DAG Run:example_external_task_marker_parent
[2025-03-07T14:12:22.072+0100] {logging_mixin.py:190} INFO - [2025-03-07T14:12:22.071+0100] {override.py:1901} INFO - Created Permission View: can delete on DAG Run:example_external_task_marker_parent
[2025-03-07T14:12:22.615+0100] {logging_mixin.py:190} INFO - [2025-03-07T14:12:22.615+0100] {override.py:1901} INFO - Created Permission View: can edit on DAG:example_external_task_marker_child
[2025-03-07T14:12:22.619+0100] {logging_mixin.py:190} INFO - [2025-03-07T14:12:22.619+0100] {override.py:1901} INFO - Created Permission View: can read on DAG:example_external_task_marker_child
[2025-03-07T14:12:22.623+0100] {logging_mixin.py:190} INFO - [2025-03-07T14:12:22.623+0100] {override.py:1901} INFO - Created Permission View: can delete on DAG:example_external_task_marker_child
[2025-03-07T14:12:22.628+0100] {logging_mixin.py:190} INFO - [2025-03-07T14:12:22.628+0100] {override.py:1901} INFO - Created Permission View: menu access on DAG Run:example_external_task_marker_child
[2025-03-07T14:12:22.632+0100] {logging_mixin.py:190} INFO - [2025-03-07T14:12:22.632+0100] {override.py:1901} INFO - Created Permission View: can create on DAG Run:example_external_task_marker_child
[2025-03-07T14:12:22.636+0100] {logging_mixin.py:190} INFO - [2025-03-07T14:12:22.636+0100] {override.py:1901} INFO - Created Permission View: can read on DAG Run:example_external_task_marker_child
[2025-03-07T14:12:22.640+0100] {logging_mixin.py:190} INFO - [2025-03-07T14:12:22.640+0100] {override.py:1901} INFO - Created Permission View: can delete on DAG Run:example_external_task_marker_child
[2025-03-07T14:12:22.640+0100] {logging_mixin.py:190} INFO - [2025-03-07T14:12:22.640+0100] {dag.py:3239} INFO - Sync 2 DAGs
[2025-03-07T14:12:22.649+0100] {logging_mixin.py:190} INFO - [2025-03-07T14:12:22.649+0100] {dag.py:3262} INFO - Creating ORM DAG for example_external_task_marker_parent
[2025-03-07T14:12:22.650+0100] {logging_mixin.py:190} INFO - [2025-03-07T14:12:22.650+0100] {dag.py:3262} INFO - Creating ORM DAG for example_external_task_marker_child
[2025-03-07T14:12:22.650+0100] {logging_mixin.py:190} INFO - [2025-03-07T14:12:22.650+0100] {dag.py:4180} INFO - Setting next_dagrun for example_external_task_marker_child to None, run_after=None
[2025-03-07T14:12:22.650+0100] {logging_mixin.py:190} INFO - [2025-03-07T14:12:22.650+0100] {dag.py:4180} INFO - Setting next_dagrun for example_external_task_marker_parent to None, run_after=None
[2025-03-07T14:12:22.661+0100] {processor.py:208} INFO - Processing /usr/local/anaconda3/envs/airflow_env/lib/python3.8/site-packages/airflow/example_dags/example_external_task_marker_dag.py took 0.755 seconds
[2025-03-07T14:15:45.448+0100] {processor.py:186} INFO - Started process (PID=3146) to work on /usr/local/anaconda3/envs/airflow_env/lib/python3.8/site-packages/airflow/example_dags/example_external_task_marker_dag.py
[2025-03-07T14:15:45.451+0100] {processor.py:914} INFO - Processing file /usr/local/anaconda3/envs/airflow_env/lib/python3.8/site-packages/airflow/example_dags/example_external_task_marker_dag.py for tasks to queue
[2025-03-07T14:15:45.452+0100] {logging_mixin.py:190} INFO - [2025-03-07T14:15:45.452+0100] {dagbag.py:588} INFO - Filling up the DagBag from /usr/local/anaconda3/envs/airflow_env/lib/python3.8/site-packages/airflow/example_dags/example_external_task_marker_dag.py
[2025-03-07T14:15:45.461+0100] {processor.py:925} INFO - DAG(s) 'example_external_task_marker_child', 'example_external_task_marker_parent' retrieved from /usr/local/anaconda3/envs/airflow_env/lib/python3.8/site-packages/airflow/example_dags/example_external_task_marker_dag.py
[2025-03-07T14:15:46.074+0100] {logging_mixin.py:190} INFO - [2025-03-07T14:15:46.074+0100] {dag.py:3239} INFO - Sync 2 DAGs
[2025-03-07T14:15:46.082+0100] {logging_mixin.py:190} INFO - [2025-03-07T14:15:46.081+0100] {dag.py:4180} INFO - Setting next_dagrun for example_external_task_marker_child to None, run_after=None
[2025-03-07T14:15:46.084+0100] {logging_mixin.py:190} INFO - [2025-03-07T14:15:46.083+0100] {dag.py:4180} INFO - Setting next_dagrun for example_external_task_marker_parent to None, run_after=None
[2025-03-07T14:15:46.095+0100] {processor.py:208} INFO - Processing /usr/local/anaconda3/envs/airflow_env/lib/python3.8/site-packages/airflow/example_dags/example_external_task_marker_dag.py took 0.649 seconds
[2025-03-07T14:20:15.079+0100] {processor.py:186} INFO - Started process (PID=3690) to work on /usr/local/anaconda3/envs/airflow_env/lib/python3.8/site-packages/airflow/example_dags/example_external_task_marker_dag.py
[2025-03-07T14:20:15.082+0100] {processor.py:914} INFO - Processing file /usr/local/anaconda3/envs/airflow_env/lib/python3.8/site-packages/airflow/example_dags/example_external_task_marker_dag.py for tasks to queue
[2025-03-07T14:20:15.083+0100] {logging_mixin.py:190} INFO - [2025-03-07T14:20:15.083+0100] {dagbag.py:588} INFO - Filling up the DagBag from /usr/local/anaconda3/envs/airflow_env/lib/python3.8/site-packages/airflow/example_dags/example_external_task_marker_dag.py
[2025-03-07T14:20:15.093+0100] {processor.py:925} INFO - DAG(s) 'example_external_task_marker_child', 'example_external_task_marker_parent' retrieved from /usr/local/anaconda3/envs/airflow_env/lib/python3.8/site-packages/airflow/example_dags/example_external_task_marker_dag.py
[2025-03-07T14:20:15.797+0100] {logging_mixin.py:190} INFO - [2025-03-07T14:20:15.796+0100] {dag.py:3239} INFO - Sync 2 DAGs
[2025-03-07T14:20:15.804+0100] {logging_mixin.py:190} INFO - [2025-03-07T14:20:15.804+0100] {dag.py:4180} INFO - Setting next_dagrun for example_external_task_marker_child to None, run_after=None
[2025-03-07T14:20:15.806+0100] {logging_mixin.py:190} INFO - [2025-03-07T14:20:15.806+0100] {dag.py:4180} INFO - Setting next_dagrun for example_external_task_marker_parent to None, run_after=None
[2025-03-07T14:20:15.818+0100] {processor.py:208} INFO - Processing /usr/local/anaconda3/envs/airflow_env/lib/python3.8/site-packages/airflow/example_dags/example_external_task_marker_dag.py took 0.744 seconds
[2025-03-07T14:24:52.280+0100] {processor.py:186} INFO - Started process (PID=4164) to work on /usr/local/anaconda3/envs/airflow_env/lib/python3.8/site-packages/airflow/example_dags/example_external_task_marker_dag.py
[2025-03-07T14:24:52.283+0100] {processor.py:914} INFO - Processing file /usr/local/anaconda3/envs/airflow_env/lib/python3.8/site-packages/airflow/example_dags/example_external_task_marker_dag.py for tasks to queue
[2025-03-07T14:24:52.284+0100] {logging_mixin.py:190} INFO - [2025-03-07T14:24:52.284+0100] {dagbag.py:588} INFO - Filling up the DagBag from /usr/local/anaconda3/envs/airflow_env/lib/python3.8/site-packages/airflow/example_dags/example_external_task_marker_dag.py
[2025-03-07T14:24:52.293+0100] {processor.py:925} INFO - DAG(s) 'example_external_task_marker_child', 'example_external_task_marker_parent' retrieved from /usr/local/anaconda3/envs/airflow_env/lib/python3.8/site-packages/airflow/example_dags/example_external_task_marker_dag.py
[2025-03-07T14:24:52.885+0100] {logging_mixin.py:190} INFO - [2025-03-07T14:24:52.884+0100] {dag.py:3239} INFO - Sync 2 DAGs
[2025-03-07T14:24:52.892+0100] {logging_mixin.py:190} INFO - [2025-03-07T14:24:52.892+0100] {dag.py:4180} INFO - Setting next_dagrun for example_external_task_marker_child to None, run_after=None
[2025-03-07T14:24:52.894+0100] {logging_mixin.py:190} INFO - [2025-03-07T14:24:52.893+0100] {dag.py:4180} INFO - Setting next_dagrun for example_external_task_marker_parent to None, run_after=None
[2025-03-07T14:24:52.905+0100] {processor.py:208} INFO - Processing /usr/local/anaconda3/envs/airflow_env/lib/python3.8/site-packages/airflow/example_dags/example_external_task_marker_dag.py took 0.628 seconds
[2025-03-07T14:45:15.100+0100] {processor.py:186} INFO - Started process (PID=5010) to work on /usr/local/anaconda3/envs/airflow_env/lib/python3.8/site-packages/airflow/example_dags/example_external_task_marker_dag.py
[2025-03-07T14:45:15.103+0100] {processor.py:914} INFO - Processing file /usr/local/anaconda3/envs/airflow_env/lib/python3.8/site-packages/airflow/example_dags/example_external_task_marker_dag.py for tasks to queue
[2025-03-07T14:45:15.104+0100] {logging_mixin.py:190} INFO - [2025-03-07T14:45:15.104+0100] {dagbag.py:588} INFO - Filling up the DagBag from /usr/local/anaconda3/envs/airflow_env/lib/python3.8/site-packages/airflow/example_dags/example_external_task_marker_dag.py
[2025-03-07T14:45:15.114+0100] {processor.py:925} INFO - DAG(s) 'example_external_task_marker_parent', 'example_external_task_marker_child' retrieved from /usr/local/anaconda3/envs/airflow_env/lib/python3.8/site-packages/airflow/example_dags/example_external_task_marker_dag.py
[2025-03-07T14:45:15.719+0100] {logging_mixin.py:190} INFO - [2025-03-07T14:45:15.719+0100] {dag.py:3239} INFO - Sync 2 DAGs
[2025-03-07T14:45:15.727+0100] {logging_mixin.py:190} INFO - [2025-03-07T14:45:15.727+0100] {dag.py:4180} INFO - Setting next_dagrun for example_external_task_marker_child to None, run_after=None
[2025-03-07T14:45:15.730+0100] {logging_mixin.py:190} INFO - [2025-03-07T14:45:15.730+0100] {dag.py:4180} INFO - Setting next_dagrun for example_external_task_marker_parent to None, run_after=None
[2025-03-07T14:45:15.741+0100] {processor.py:208} INFO - Processing /usr/local/anaconda3/envs/airflow_env/lib/python3.8/site-packages/airflow/example_dags/example_external_task_marker_dag.py took 0.644 seconds
[2025-03-07T14:48:07.089+0100] {processor.py:186} INFO - Started process (PID=5288) to work on /usr/local/anaconda3/envs/airflow_env/lib/python3.8/site-packages/airflow/example_dags/example_external_task_marker_dag.py
[2025-03-07T14:48:07.092+0100] {processor.py:914} INFO - Processing file /usr/local/anaconda3/envs/airflow_env/lib/python3.8/site-packages/airflow/example_dags/example_external_task_marker_dag.py for tasks to queue
[2025-03-07T14:48:07.093+0100] {logging_mixin.py:190} INFO - [2025-03-07T14:48:07.093+0100] {dagbag.py:588} INFO - Filling up the DagBag from /usr/local/anaconda3/envs/airflow_env/lib/python3.8/site-packages/airflow/example_dags/example_external_task_marker_dag.py
[2025-03-07T14:48:07.102+0100] {processor.py:925} INFO - DAG(s) 'example_external_task_marker_child', 'example_external_task_marker_parent' retrieved from /usr/local/anaconda3/envs/airflow_env/lib/python3.8/site-packages/airflow/example_dags/example_external_task_marker_dag.py
[2025-03-07T14:48:07.707+0100] {logging_mixin.py:190} INFO - [2025-03-07T14:48:07.707+0100] {dag.py:3239} INFO - Sync 2 DAGs
[2025-03-07T14:48:07.715+0100] {logging_mixin.py:190} INFO - [2025-03-07T14:48:07.715+0100] {dag.py:4180} INFO - Setting next_dagrun for example_external_task_marker_child to None, run_after=None
[2025-03-07T14:48:07.718+0100] {logging_mixin.py:190} INFO - [2025-03-07T14:48:07.718+0100] {dag.py:4180} INFO - Setting next_dagrun for example_external_task_marker_parent to None, run_after=None
[2025-03-07T14:48:07.730+0100] {processor.py:208} INFO - Processing /usr/local/anaconda3/envs/airflow_env/lib/python3.8/site-packages/airflow/example_dags/example_external_task_marker_dag.py took 0.644 seconds
[2025-03-07T14:51:10.381+0100] {processor.py:186} INFO - Started process (PID=5701) to work on /usr/local/anaconda3/envs/airflow_env/lib/python3.8/site-packages/airflow/example_dags/example_external_task_marker_dag.py
[2025-03-07T14:51:10.384+0100] {processor.py:914} INFO - Processing file /usr/local/anaconda3/envs/airflow_env/lib/python3.8/site-packages/airflow/example_dags/example_external_task_marker_dag.py for tasks to queue
[2025-03-07T14:51:10.385+0100] {logging_mixin.py:190} INFO - [2025-03-07T14:51:10.385+0100] {dagbag.py:588} INFO - Filling up the DagBag from /usr/local/anaconda3/envs/airflow_env/lib/python3.8/site-packages/airflow/example_dags/example_external_task_marker_dag.py
[2025-03-07T14:51:10.396+0100] {processor.py:925} INFO - DAG(s) 'example_external_task_marker_parent', 'example_external_task_marker_child' retrieved from /usr/local/anaconda3/envs/airflow_env/lib/python3.8/site-packages/airflow/example_dags/example_external_task_marker_dag.py
[2025-03-07T14:51:11.037+0100] {logging_mixin.py:190} INFO - [2025-03-07T14:51:11.036+0100] {dag.py:3239} INFO - Sync 2 DAGs
[2025-03-07T14:51:11.045+0100] {logging_mixin.py:190} INFO - [2025-03-07T14:51:11.044+0100] {dag.py:4180} INFO - Setting next_dagrun for example_external_task_marker_child to None, run_after=None
[2025-03-07T14:51:11.048+0100] {logging_mixin.py:190} INFO - [2025-03-07T14:51:11.048+0100] {dag.py:4180} INFO - Setting next_dagrun for example_external_task_marker_parent to None, run_after=None
[2025-03-07T14:51:11.060+0100] {processor.py:208} INFO - Processing /usr/local/anaconda3/envs/airflow_env/lib/python3.8/site-packages/airflow/example_dags/example_external_task_marker_dag.py took 0.682 seconds
[2025-03-07T14:54:39.270+0100] {processor.py:186} INFO - Started process (PID=6136) to work on /usr/local/anaconda3/envs/airflow_env/lib/python3.8/site-packages/airflow/example_dags/example_external_task_marker_dag.py
[2025-03-07T14:54:39.273+0100] {processor.py:914} INFO - Processing file /usr/local/anaconda3/envs/airflow_env/lib/python3.8/site-packages/airflow/example_dags/example_external_task_marker_dag.py for tasks to queue
[2025-03-07T14:54:39.274+0100] {logging_mixin.py:190} INFO - [2025-03-07T14:54:39.274+0100] {dagbag.py:588} INFO - Filling up the DagBag from /usr/local/anaconda3/envs/airflow_env/lib/python3.8/site-packages/airflow/example_dags/example_external_task_marker_dag.py
[2025-03-07T14:54:39.284+0100] {processor.py:925} INFO - DAG(s) 'example_external_task_marker_parent', 'example_external_task_marker_child' retrieved from /usr/local/anaconda3/envs/airflow_env/lib/python3.8/site-packages/airflow/example_dags/example_external_task_marker_dag.py
[2025-03-07T14:54:39.869+0100] {logging_mixin.py:190} INFO - [2025-03-07T14:54:39.869+0100] {dag.py:3239} INFO - Sync 2 DAGs
[2025-03-07T14:54:39.877+0100] {logging_mixin.py:190} INFO - [2025-03-07T14:54:39.877+0100] {dag.py:4180} INFO - Setting next_dagrun for example_external_task_marker_child to None, run_after=None
[2025-03-07T14:54:39.879+0100] {logging_mixin.py:190} INFO - [2025-03-07T14:54:39.879+0100] {dag.py:4180} INFO - Setting next_dagrun for example_external_task_marker_parent to None, run_after=None
[2025-03-07T14:54:39.890+0100] {processor.py:208} INFO - Processing /usr/local/anaconda3/envs/airflow_env/lib/python3.8/site-packages/airflow/example_dags/example_external_task_marker_dag.py took 0.623 seconds
[2025-03-07T14:57:21.037+0100] {processor.py:186} INFO - Started process (PID=6463) to work on /usr/local/anaconda3/envs/airflow_env/lib/python3.8/site-packages/airflow/example_dags/example_external_task_marker_dag.py
[2025-03-07T14:57:21.040+0100] {processor.py:914} INFO - Processing file /usr/local/anaconda3/envs/airflow_env/lib/python3.8/site-packages/airflow/example_dags/example_external_task_marker_dag.py for tasks to queue
[2025-03-07T14:57:21.041+0100] {logging_mixin.py:190} INFO - [2025-03-07T14:57:21.040+0100] {dagbag.py:588} INFO - Filling up the DagBag from /usr/local/anaconda3/envs/airflow_env/lib/python3.8/site-packages/airflow/example_dags/example_external_task_marker_dag.py
[2025-03-07T14:57:21.050+0100] {processor.py:925} INFO - DAG(s) 'example_external_task_marker_child', 'example_external_task_marker_parent' retrieved from /usr/local/anaconda3/envs/airflow_env/lib/python3.8/site-packages/airflow/example_dags/example_external_task_marker_dag.py
[2025-03-07T14:57:21.636+0100] {logging_mixin.py:190} INFO - [2025-03-07T14:57:21.636+0100] {dag.py:3239} INFO - Sync 2 DAGs
[2025-03-07T14:57:21.643+0100] {logging_mixin.py:190} INFO - [2025-03-07T14:57:21.643+0100] {dag.py:4180} INFO - Setting next_dagrun for example_external_task_marker_child to None, run_after=None
[2025-03-07T14:57:21.645+0100] {logging_mixin.py:190} INFO - [2025-03-07T14:57:21.645+0100] {dag.py:4180} INFO - Setting next_dagrun for example_external_task_marker_parent to None, run_after=None
[2025-03-07T14:57:21.656+0100] {processor.py:208} INFO - Processing /usr/local/anaconda3/envs/airflow_env/lib/python3.8/site-packages/airflow/example_dags/example_external_task_marker_dag.py took 0.622 seconds
[2025-03-07T15:01:57.315+0100] {processor.py:186} INFO - Started process (PID=7000) to work on /usr/local/anaconda3/envs/airflow_env/lib/python3.8/site-packages/airflow/example_dags/example_external_task_marker_dag.py
[2025-03-07T15:01:57.318+0100] {processor.py:914} INFO - Processing file /usr/local/anaconda3/envs/airflow_env/lib/python3.8/site-packages/airflow/example_dags/example_external_task_marker_dag.py for tasks to queue
[2025-03-07T15:01:57.319+0100] {logging_mixin.py:190} INFO - [2025-03-07T15:01:57.319+0100] {dagbag.py:588} INFO - Filling up the DagBag from /usr/local/anaconda3/envs/airflow_env/lib/python3.8/site-packages/airflow/example_dags/example_external_task_marker_dag.py
[2025-03-07T15:01:57.330+0100] {processor.py:925} INFO - DAG(s) 'example_external_task_marker_parent', 'example_external_task_marker_child' retrieved from /usr/local/anaconda3/envs/airflow_env/lib/python3.8/site-packages/airflow/example_dags/example_external_task_marker_dag.py
[2025-03-07T15:01:57.955+0100] {logging_mixin.py:190} INFO - [2025-03-07T15:01:57.954+0100] {dag.py:3239} INFO - Sync 2 DAGs
[2025-03-07T15:01:57.962+0100] {logging_mixin.py:190} INFO - [2025-03-07T15:01:57.962+0100] {dag.py:4180} INFO - Setting next_dagrun for example_external_task_marker_child to None, run_after=None
[2025-03-07T15:01:57.965+0100] {logging_mixin.py:190} INFO - [2025-03-07T15:01:57.965+0100] {dag.py:4180} INFO - Setting next_dagrun for example_external_task_marker_parent to None, run_after=None
[2025-03-07T15:01:57.976+0100] {processor.py:208} INFO - Processing /usr/local/anaconda3/envs/airflow_env/lib/python3.8/site-packages/airflow/example_dags/example_external_task_marker_dag.py took 0.664 seconds
[2025-03-07T15:06:43.417+0100] {processor.py:186} INFO - Started process (PID=7502) to work on /usr/local/anaconda3/envs/airflow_env/lib/python3.8/site-packages/airflow/example_dags/example_external_task_marker_dag.py
[2025-03-07T15:06:43.420+0100] {processor.py:914} INFO - Processing file /usr/local/anaconda3/envs/airflow_env/lib/python3.8/site-packages/airflow/example_dags/example_external_task_marker_dag.py for tasks to queue
[2025-03-07T15:06:43.421+0100] {logging_mixin.py:190} INFO - [2025-03-07T15:06:43.421+0100] {dagbag.py:588} INFO - Filling up the DagBag from /usr/local/anaconda3/envs/airflow_env/lib/python3.8/site-packages/airflow/example_dags/example_external_task_marker_dag.py
[2025-03-07T15:06:43.432+0100] {processor.py:925} INFO - DAG(s) 'example_external_task_marker_parent', 'example_external_task_marker_child' retrieved from /usr/local/anaconda3/envs/airflow_env/lib/python3.8/site-packages/airflow/example_dags/example_external_task_marker_dag.py
[2025-03-07T15:06:44.038+0100] {logging_mixin.py:190} INFO - [2025-03-07T15:06:44.037+0100] {dag.py:3239} INFO - Sync 2 DAGs
[2025-03-07T15:06:44.045+0100] {logging_mixin.py:190} INFO - [2025-03-07T15:06:44.045+0100] {dag.py:4180} INFO - Setting next_dagrun for example_external_task_marker_child to None, run_after=None
[2025-03-07T15:06:44.048+0100] {logging_mixin.py:190} INFO - [2025-03-07T15:06:44.048+0100] {dag.py:4180} INFO - Setting next_dagrun for example_external_task_marker_parent to None, run_after=None
[2025-03-07T15:06:44.059+0100] {processor.py:208} INFO - Processing /usr/local/anaconda3/envs/airflow_env/lib/python3.8/site-packages/airflow/example_dags/example_external_task_marker_dag.py took 0.645 seconds
[2025-03-07T15:11:26.657+0100] {processor.py:186} INFO - Started process (PID=7975) to work on /usr/local/anaconda3/envs/airflow_env/lib/python3.8/site-packages/airflow/example_dags/example_external_task_marker_dag.py
[2025-03-07T15:11:26.660+0100] {processor.py:914} INFO - Processing file /usr/local/anaconda3/envs/airflow_env/lib/python3.8/site-packages/airflow/example_dags/example_external_task_marker_dag.py for tasks to queue
[2025-03-07T15:11:26.661+0100] {logging_mixin.py:190} INFO - [2025-03-07T15:11:26.661+0100] {dagbag.py:588} INFO - Filling up the DagBag from /usr/local/anaconda3/envs/airflow_env/lib/python3.8/site-packages/airflow/example_dags/example_external_task_marker_dag.py
[2025-03-07T15:11:26.671+0100] {processor.py:925} INFO - DAG(s) 'example_external_task_marker_parent', 'example_external_task_marker_child' retrieved from /usr/local/anaconda3/envs/airflow_env/lib/python3.8/site-packages/airflow/example_dags/example_external_task_marker_dag.py
[2025-03-07T15:11:27.315+0100] {logging_mixin.py:190} INFO - [2025-03-07T15:11:27.315+0100] {dag.py:3239} INFO - Sync 2 DAGs
[2025-03-07T15:11:27.323+0100] {logging_mixin.py:190} INFO - [2025-03-07T15:11:27.323+0100] {dag.py:4180} INFO - Setting next_dagrun for example_external_task_marker_child to None, run_after=None
[2025-03-07T15:11:27.326+0100] {logging_mixin.py:190} INFO - [2025-03-07T15:11:27.326+0100] {dag.py:4180} INFO - Setting next_dagrun for example_external_task_marker_parent to None, run_after=None
[2025-03-07T15:11:27.337+0100] {processor.py:208} INFO - Processing /usr/local/anaconda3/envs/airflow_env/lib/python3.8/site-packages/airflow/example_dags/example_external_task_marker_dag.py took 0.684 seconds
[2025-03-07T15:14:16.306+0100] {processor.py:186} INFO - Started process (PID=8354) to work on /usr/local/anaconda3/envs/airflow_env/lib/python3.8/site-packages/airflow/example_dags/example_external_task_marker_dag.py
[2025-03-07T15:14:16.310+0100] {processor.py:914} INFO - Processing file /usr/local/anaconda3/envs/airflow_env/lib/python3.8/site-packages/airflow/example_dags/example_external_task_marker_dag.py for tasks to queue
[2025-03-07T15:14:16.310+0100] {logging_mixin.py:190} INFO - [2025-03-07T15:14:16.310+0100] {dagbag.py:588} INFO - Filling up the DagBag from /usr/local/anaconda3/envs/airflow_env/lib/python3.8/site-packages/airflow/example_dags/example_external_task_marker_dag.py
[2025-03-07T15:14:16.322+0100] {processor.py:925} INFO - DAG(s) 'example_external_task_marker_parent', 'example_external_task_marker_child' retrieved from /usr/local/anaconda3/envs/airflow_env/lib/python3.8/site-packages/airflow/example_dags/example_external_task_marker_dag.py
[2025-03-07T15:14:16.970+0100] {logging_mixin.py:190} INFO - [2025-03-07T15:14:16.970+0100] {dag.py:3239} INFO - Sync 2 DAGs
[2025-03-07T15:14:16.978+0100] {logging_mixin.py:190} INFO - [2025-03-07T15:14:16.978+0100] {dag.py:4180} INFO - Setting next_dagrun for example_external_task_marker_child to None, run_after=None
[2025-03-07T15:14:16.981+0100] {logging_mixin.py:190} INFO - [2025-03-07T15:14:16.981+0100] {dag.py:4180} INFO - Setting next_dagrun for example_external_task_marker_parent to None, run_after=None
[2025-03-07T15:14:16.993+0100] {processor.py:208} INFO - Processing /usr/local/anaconda3/envs/airflow_env/lib/python3.8/site-packages/airflow/example_dags/example_external_task_marker_dag.py took 0.690 seconds
[2025-03-07T15:17:07.456+0100] {processor.py:186} INFO - Started process (PID=8612) to work on /usr/local/anaconda3/envs/airflow_env/lib/python3.8/site-packages/airflow/example_dags/example_external_task_marker_dag.py
[2025-03-07T15:17:07.459+0100] {processor.py:914} INFO - Processing file /usr/local/anaconda3/envs/airflow_env/lib/python3.8/site-packages/airflow/example_dags/example_external_task_marker_dag.py for tasks to queue
[2025-03-07T15:17:07.460+0100] {logging_mixin.py:190} INFO - [2025-03-07T15:17:07.460+0100] {dagbag.py:588} INFO - Filling up the DagBag from /usr/local/anaconda3/envs/airflow_env/lib/python3.8/site-packages/airflow/example_dags/example_external_task_marker_dag.py
[2025-03-07T15:17:07.471+0100] {processor.py:925} INFO - DAG(s) 'example_external_task_marker_parent', 'example_external_task_marker_child' retrieved from /usr/local/anaconda3/envs/airflow_env/lib/python3.8/site-packages/airflow/example_dags/example_external_task_marker_dag.py
[2025-03-07T15:17:08.102+0100] {logging_mixin.py:190} INFO - [2025-03-07T15:17:08.101+0100] {dag.py:3239} INFO - Sync 2 DAGs
[2025-03-07T15:17:08.109+0100] {logging_mixin.py:190} INFO - [2025-03-07T15:17:08.109+0100] {dag.py:4180} INFO - Setting next_dagrun for example_external_task_marker_child to None, run_after=None
[2025-03-07T15:17:08.112+0100] {logging_mixin.py:190} INFO - [2025-03-07T15:17:08.112+0100] {dag.py:4180} INFO - Setting next_dagrun for example_external_task_marker_parent to None, run_after=None
[2025-03-07T15:17:08.123+0100] {processor.py:208} INFO - Processing /usr/local/anaconda3/envs/airflow_env/lib/python3.8/site-packages/airflow/example_dags/example_external_task_marker_dag.py took 0.670 seconds
