[2025-03-07T14:13:08.940+0100] {processor.py:186} INFO - Started process (PID=2908) to work on /usr/local/anaconda3/envs/airflow_env/lib/python3.8/site-packages/airflow/example_dags/example_bash_decorator.py
[2025-03-07T14:13:08.944+0100] {processor.py:914} INFO - Processing file /usr/local/anaconda3/envs/airflow_env/lib/python3.8/site-packages/airflow/example_dags/example_bash_decorator.py for tasks to queue
[2025-03-07T14:13:08.944+0100] {logging_mixin.py:190} INFO - [2025-03-07T14:13:08.944+0100] {dagbag.py:588} INFO - Filling up the DagBag from /usr/local/anaconda3/envs/airflow_env/lib/python3.8/site-packages/airflow/example_dags/example_bash_decorator.py
[2025-03-07T14:13:08.972+0100] {processor.py:925} INFO - DAG(s) 'example_bash_decorator' retrieved from /usr/local/anaconda3/envs/airflow_env/lib/python3.8/site-packages/airflow/example_dags/example_bash_decorator.py
[2025-03-07T14:13:09.093+0100] {logging_mixin.py:190} INFO - [2025-03-07T14:13:09.093+0100] {override.py:1901} INFO - Created Permission View: can read on DAG:example_bash_decorator
[2025-03-07T14:13:09.099+0100] {logging_mixin.py:190} INFO - [2025-03-07T14:13:09.099+0100] {override.py:1901} INFO - Created Permission View: can edit on DAG:example_bash_decorator
[2025-03-07T14:13:09.103+0100] {logging_mixin.py:190} INFO - [2025-03-07T14:13:09.103+0100] {override.py:1901} INFO - Created Permission View: can delete on DAG:example_bash_decorator
[2025-03-07T14:13:09.108+0100] {logging_mixin.py:190} INFO - [2025-03-07T14:13:09.108+0100] {override.py:1901} INFO - Created Permission View: can read on DAG Run:example_bash_decorator
[2025-03-07T14:13:09.112+0100] {logging_mixin.py:190} INFO - [2025-03-07T14:13:09.112+0100] {override.py:1901} INFO - Created Permission View: can delete on DAG Run:example_bash_decorator
[2025-03-07T14:13:09.116+0100] {logging_mixin.py:190} INFO - [2025-03-07T14:13:09.116+0100] {override.py:1901} INFO - Created Permission View: menu access on DAG Run:example_bash_decorator
[2025-03-07T14:13:09.119+0100] {logging_mixin.py:190} INFO - [2025-03-07T14:13:09.119+0100] {override.py:1901} INFO - Created Permission View: can create on DAG Run:example_bash_decorator
[2025-03-07T14:13:09.120+0100] {logging_mixin.py:190} INFO - [2025-03-07T14:13:09.120+0100] {dag.py:3239} INFO - Sync 1 DAGs
[2025-03-07T14:13:09.129+0100] {logging_mixin.py:190} INFO - [2025-03-07T14:13:09.128+0100] {dag.py:3262} INFO - Creating ORM DAG for example_bash_decorator
[2025-03-07T14:13:09.129+0100] {logging_mixin.py:190} INFO - [2025-03-07T14:13:09.129+0100] {dag.py:4180} INFO - Setting next_dagrun for example_bash_decorator to None, run_after=None
[2025-03-07T14:13:09.138+0100] {processor.py:208} INFO - Processing /usr/local/anaconda3/envs/airflow_env/lib/python3.8/site-packages/airflow/example_dags/example_bash_decorator.py took 0.201 seconds
[2025-03-07T14:18:12.304+0100] {processor.py:186} INFO - Started process (PID=3430) to work on /usr/local/anaconda3/envs/airflow_env/lib/python3.8/site-packages/airflow/example_dags/example_bash_decorator.py
[2025-03-07T14:18:12.307+0100] {processor.py:914} INFO - Processing file /usr/local/anaconda3/envs/airflow_env/lib/python3.8/site-packages/airflow/example_dags/example_bash_decorator.py for tasks to queue
[2025-03-07T14:18:12.307+0100] {logging_mixin.py:190} INFO - [2025-03-07T14:18:12.307+0100] {dagbag.py:588} INFO - Filling up the DagBag from /usr/local/anaconda3/envs/airflow_env/lib/python3.8/site-packages/airflow/example_dags/example_bash_decorator.py
[2025-03-07T14:18:12.335+0100] {processor.py:925} INFO - DAG(s) 'example_bash_decorator' retrieved from /usr/local/anaconda3/envs/airflow_env/lib/python3.8/site-packages/airflow/example_dags/example_bash_decorator.py
[2025-03-07T14:18:12.458+0100] {logging_mixin.py:190} INFO - [2025-03-07T14:18:12.458+0100] {dag.py:3239} INFO - Sync 1 DAGs
[2025-03-07T14:18:12.466+0100] {logging_mixin.py:190} INFO - [2025-03-07T14:18:12.465+0100] {dag.py:4180} INFO - Setting next_dagrun for example_bash_decorator to None, run_after=None
[2025-03-07T14:18:12.477+0100] {processor.py:208} INFO - Processing /usr/local/anaconda3/envs/airflow_env/lib/python3.8/site-packages/airflow/example_dags/example_bash_decorator.py took 0.177 seconds
[2025-03-07T14:22:42.939+0100] {processor.py:186} INFO - Started process (PID=3952) to work on /usr/local/anaconda3/envs/airflow_env/lib/python3.8/site-packages/airflow/example_dags/example_bash_decorator.py
[2025-03-07T14:22:42.942+0100] {processor.py:914} INFO - Processing file /usr/local/anaconda3/envs/airflow_env/lib/python3.8/site-packages/airflow/example_dags/example_bash_decorator.py for tasks to queue
[2025-03-07T14:22:42.943+0100] {logging_mixin.py:190} INFO - [2025-03-07T14:22:42.943+0100] {dagbag.py:588} INFO - Filling up the DagBag from /usr/local/anaconda3/envs/airflow_env/lib/python3.8/site-packages/airflow/example_dags/example_bash_decorator.py
[2025-03-07T14:22:42.972+0100] {processor.py:925} INFO - DAG(s) 'example_bash_decorator' retrieved from /usr/local/anaconda3/envs/airflow_env/lib/python3.8/site-packages/airflow/example_dags/example_bash_decorator.py
[2025-03-07T14:22:43.102+0100] {logging_mixin.py:190} INFO - [2025-03-07T14:22:43.102+0100] {dag.py:3239} INFO - Sync 1 DAGs
[2025-03-07T14:22:43.111+0100] {logging_mixin.py:190} INFO - [2025-03-07T14:22:43.111+0100] {dag.py:4180} INFO - Setting next_dagrun for example_bash_decorator to None, run_after=None
[2025-03-07T14:22:43.124+0100] {processor.py:208} INFO - Processing /usr/local/anaconda3/envs/airflow_env/lib/python3.8/site-packages/airflow/example_dags/example_bash_decorator.py took 0.188 seconds
[2025-03-07T14:45:59.252+0100] {processor.py:186} INFO - Started process (PID=5058) to work on /usr/local/anaconda3/envs/airflow_env/lib/python3.8/site-packages/airflow/example_dags/example_bash_decorator.py
[2025-03-07T14:45:59.256+0100] {processor.py:914} INFO - Processing file /usr/local/anaconda3/envs/airflow_env/lib/python3.8/site-packages/airflow/example_dags/example_bash_decorator.py for tasks to queue
[2025-03-07T14:45:59.256+0100] {logging_mixin.py:190} INFO - [2025-03-07T14:45:59.256+0100] {dagbag.py:588} INFO - Filling up the DagBag from /usr/local/anaconda3/envs/airflow_env/lib/python3.8/site-packages/airflow/example_dags/example_bash_decorator.py
[2025-03-07T14:45:59.286+0100] {processor.py:925} INFO - DAG(s) 'example_bash_decorator' retrieved from /usr/local/anaconda3/envs/airflow_env/lib/python3.8/site-packages/airflow/example_dags/example_bash_decorator.py
[2025-03-07T14:45:59.415+0100] {logging_mixin.py:190} INFO - [2025-03-07T14:45:59.415+0100] {dag.py:3239} INFO - Sync 1 DAGs
[2025-03-07T14:45:59.422+0100] {logging_mixin.py:190} INFO - [2025-03-07T14:45:59.422+0100] {dag.py:4180} INFO - Setting next_dagrun for example_bash_decorator to None, run_after=None
[2025-03-07T14:45:59.434+0100] {processor.py:208} INFO - Processing /usr/local/anaconda3/envs/airflow_env/lib/python3.8/site-packages/airflow/example_dags/example_bash_decorator.py took 0.185 seconds
[2025-03-07T14:55:22.640+0100] {processor.py:186} INFO - Started process (PID=6219) to work on /usr/local/anaconda3/envs/airflow_env/lib/python3.8/site-packages/airflow/example_dags/example_bash_decorator.py
[2025-03-07T14:55:22.643+0100] {processor.py:914} INFO - Processing file /usr/local/anaconda3/envs/airflow_env/lib/python3.8/site-packages/airflow/example_dags/example_bash_decorator.py for tasks to queue
[2025-03-07T14:55:22.644+0100] {logging_mixin.py:190} INFO - [2025-03-07T14:55:22.644+0100] {dagbag.py:588} INFO - Filling up the DagBag from /usr/local/anaconda3/envs/airflow_env/lib/python3.8/site-packages/airflow/example_dags/example_bash_decorator.py
[2025-03-07T14:55:22.673+0100] {processor.py:925} INFO - DAG(s) 'example_bash_decorator' retrieved from /usr/local/anaconda3/envs/airflow_env/lib/python3.8/site-packages/airflow/example_dags/example_bash_decorator.py
[2025-03-07T14:55:22.805+0100] {logging_mixin.py:190} INFO - [2025-03-07T14:55:22.805+0100] {dag.py:3239} INFO - Sync 1 DAGs
[2025-03-07T14:55:22.812+0100] {logging_mixin.py:190} INFO - [2025-03-07T14:55:22.811+0100] {dag.py:4180} INFO - Setting next_dagrun for example_bash_decorator to None, run_after=None
[2025-03-07T14:55:22.823+0100] {processor.py:208} INFO - Processing /usr/local/anaconda3/envs/airflow_env/lib/python3.8/site-packages/airflow/example_dags/example_bash_decorator.py took 0.186 seconds
[2025-03-07T14:59:44.280+0100] {processor.py:186} INFO - Started process (PID=6770) to work on /usr/local/anaconda3/envs/airflow_env/lib/python3.8/site-packages/airflow/example_dags/example_bash_decorator.py
[2025-03-07T14:59:44.283+0100] {processor.py:914} INFO - Processing file /usr/local/anaconda3/envs/airflow_env/lib/python3.8/site-packages/airflow/example_dags/example_bash_decorator.py for tasks to queue
[2025-03-07T14:59:44.284+0100] {logging_mixin.py:190} INFO - [2025-03-07T14:59:44.284+0100] {dagbag.py:588} INFO - Filling up the DagBag from /usr/local/anaconda3/envs/airflow_env/lib/python3.8/site-packages/airflow/example_dags/example_bash_decorator.py
[2025-03-07T14:59:44.312+0100] {processor.py:925} INFO - DAG(s) 'example_bash_decorator' retrieved from /usr/local/anaconda3/envs/airflow_env/lib/python3.8/site-packages/airflow/example_dags/example_bash_decorator.py
[2025-03-07T14:59:44.439+0100] {logging_mixin.py:190} INFO - [2025-03-07T14:59:44.439+0100] {dag.py:3239} INFO - Sync 1 DAGs
[2025-03-07T14:59:44.446+0100] {logging_mixin.py:190} INFO - [2025-03-07T14:59:44.445+0100] {dag.py:4180} INFO - Setting next_dagrun for example_bash_decorator to None, run_after=None
[2025-03-07T14:59:44.458+0100] {processor.py:208} INFO - Processing /usr/local/anaconda3/envs/airflow_env/lib/python3.8/site-packages/airflow/example_dags/example_bash_decorator.py took 0.181 seconds
[2025-03-07T15:04:32.494+0100] {processor.py:186} INFO - Started process (PID=7240) to work on /usr/local/anaconda3/envs/airflow_env/lib/python3.8/site-packages/airflow/example_dags/example_bash_decorator.py
[2025-03-07T15:04:32.498+0100] {processor.py:914} INFO - Processing file /usr/local/anaconda3/envs/airflow_env/lib/python3.8/site-packages/airflow/example_dags/example_bash_decorator.py for tasks to queue
[2025-03-07T15:04:32.498+0100] {logging_mixin.py:190} INFO - [2025-03-07T15:04:32.498+0100] {dagbag.py:588} INFO - Filling up the DagBag from /usr/local/anaconda3/envs/airflow_env/lib/python3.8/site-packages/airflow/example_dags/example_bash_decorator.py
[2025-03-07T15:04:32.528+0100] {processor.py:925} INFO - DAG(s) 'example_bash_decorator' retrieved from /usr/local/anaconda3/envs/airflow_env/lib/python3.8/site-packages/airflow/example_dags/example_bash_decorator.py
[2025-03-07T15:04:32.660+0100] {logging_mixin.py:190} INFO - [2025-03-07T15:04:32.660+0100] {dag.py:3239} INFO - Sync 1 DAGs
[2025-03-07T15:04:32.667+0100] {logging_mixin.py:190} INFO - [2025-03-07T15:04:32.667+0100] {dag.py:4180} INFO - Setting next_dagrun for example_bash_decorator to None, run_after=None
[2025-03-07T15:04:32.679+0100] {processor.py:208} INFO - Processing /usr/local/anaconda3/envs/airflow_env/lib/python3.8/site-packages/airflow/example_dags/example_bash_decorator.py took 0.188 seconds
[2025-03-07T15:09:23.186+0100] {processor.py:186} INFO - Started process (PID=7785) to work on /usr/local/anaconda3/envs/airflow_env/lib/python3.8/site-packages/airflow/example_dags/example_bash_decorator.py
[2025-03-07T15:09:23.189+0100] {processor.py:914} INFO - Processing file /usr/local/anaconda3/envs/airflow_env/lib/python3.8/site-packages/airflow/example_dags/example_bash_decorator.py for tasks to queue
[2025-03-07T15:09:23.190+0100] {logging_mixin.py:190} INFO - [2025-03-07T15:09:23.190+0100] {dagbag.py:588} INFO - Filling up the DagBag from /usr/local/anaconda3/envs/airflow_env/lib/python3.8/site-packages/airflow/example_dags/example_bash_decorator.py
[2025-03-07T15:09:23.219+0100] {processor.py:925} INFO - DAG(s) 'example_bash_decorator' retrieved from /usr/local/anaconda3/envs/airflow_env/lib/python3.8/site-packages/airflow/example_dags/example_bash_decorator.py
[2025-03-07T15:09:23.349+0100] {logging_mixin.py:190} INFO - [2025-03-07T15:09:23.349+0100] {dag.py:3239} INFO - Sync 1 DAGs
[2025-03-07T15:09:23.357+0100] {logging_mixin.py:190} INFO - [2025-03-07T15:09:23.356+0100] {dag.py:4180} INFO - Setting next_dagrun for example_bash_decorator to None, run_after=None
[2025-03-07T15:09:23.369+0100] {processor.py:208} INFO - Processing /usr/local/anaconda3/envs/airflow_env/lib/python3.8/site-packages/airflow/example_dags/example_bash_decorator.py took 0.186 seconds
[2025-03-07T15:15:02.321+0100] {processor.py:186} INFO - Started process (PID=8433) to work on /usr/local/anaconda3/envs/airflow_env/lib/python3.8/site-packages/airflow/example_dags/example_bash_decorator.py
[2025-03-07T15:15:02.324+0100] {processor.py:914} INFO - Processing file /usr/local/anaconda3/envs/airflow_env/lib/python3.8/site-packages/airflow/example_dags/example_bash_decorator.py for tasks to queue
[2025-03-07T15:15:02.325+0100] {logging_mixin.py:190} INFO - [2025-03-07T15:15:02.325+0100] {dagbag.py:588} INFO - Filling up the DagBag from /usr/local/anaconda3/envs/airflow_env/lib/python3.8/site-packages/airflow/example_dags/example_bash_decorator.py
[2025-03-07T15:15:02.353+0100] {processor.py:925} INFO - DAG(s) 'example_bash_decorator' retrieved from /usr/local/anaconda3/envs/airflow_env/lib/python3.8/site-packages/airflow/example_dags/example_bash_decorator.py
[2025-03-07T15:15:02.480+0100] {logging_mixin.py:190} INFO - [2025-03-07T15:15:02.480+0100] {dag.py:3239} INFO - Sync 1 DAGs
[2025-03-07T15:15:02.487+0100] {logging_mixin.py:190} INFO - [2025-03-07T15:15:02.487+0100] {dag.py:4180} INFO - Setting next_dagrun for example_bash_decorator to None, run_after=None
[2025-03-07T15:15:02.499+0100] {processor.py:208} INFO - Processing /usr/local/anaconda3/envs/airflow_env/lib/python3.8/site-packages/airflow/example_dags/example_bash_decorator.py took 0.181 seconds
[2025-03-07T15:19:41.352+0100] {processor.py:186} INFO - Started process (PID=9003) to work on /usr/local/anaconda3/envs/airflow_env/lib/python3.8/site-packages/airflow/example_dags/example_bash_decorator.py
[2025-03-07T15:19:41.355+0100] {processor.py:914} INFO - Processing file /usr/local/anaconda3/envs/airflow_env/lib/python3.8/site-packages/airflow/example_dags/example_bash_decorator.py for tasks to queue
[2025-03-07T15:19:41.356+0100] {logging_mixin.py:190} INFO - [2025-03-07T15:19:41.356+0100] {dagbag.py:588} INFO - Filling up the DagBag from /usr/local/anaconda3/envs/airflow_env/lib/python3.8/site-packages/airflow/example_dags/example_bash_decorator.py
[2025-03-07T15:19:41.384+0100] {processor.py:925} INFO - DAG(s) 'example_bash_decorator' retrieved from /usr/local/anaconda3/envs/airflow_env/lib/python3.8/site-packages/airflow/example_dags/example_bash_decorator.py
[2025-03-07T15:19:41.511+0100] {logging_mixin.py:190} INFO - [2025-03-07T15:19:41.511+0100] {dag.py:3239} INFO - Sync 1 DAGs
[2025-03-07T15:19:41.517+0100] {logging_mixin.py:190} INFO - [2025-03-07T15:19:41.517+0100] {dag.py:4180} INFO - Setting next_dagrun for example_bash_decorator to None, run_after=None
[2025-03-07T15:19:41.530+0100] {processor.py:208} INFO - Processing /usr/local/anaconda3/envs/airflow_env/lib/python3.8/site-packages/airflow/example_dags/example_bash_decorator.py took 0.181 seconds
[2025-03-07T15:24:10.830+0100] {processor.py:186} INFO - Started process (PID=9604) to work on /usr/local/anaconda3/envs/airflow_env/lib/python3.8/site-packages/airflow/example_dags/example_bash_decorator.py
[2025-03-07T15:24:10.834+0100] {processor.py:914} INFO - Processing file /usr/local/anaconda3/envs/airflow_env/lib/python3.8/site-packages/airflow/example_dags/example_bash_decorator.py for tasks to queue
[2025-03-07T15:24:10.834+0100] {logging_mixin.py:190} INFO - [2025-03-07T15:24:10.834+0100] {dagbag.py:588} INFO - Filling up the DagBag from /usr/local/anaconda3/envs/airflow_env/lib/python3.8/site-packages/airflow/example_dags/example_bash_decorator.py
[2025-03-07T15:24:10.864+0100] {processor.py:925} INFO - DAG(s) 'example_bash_decorator' retrieved from /usr/local/anaconda3/envs/airflow_env/lib/python3.8/site-packages/airflow/example_dags/example_bash_decorator.py
[2025-03-07T15:24:11.000+0100] {logging_mixin.py:190} INFO - [2025-03-07T15:24:10.999+0100] {dag.py:3239} INFO - Sync 1 DAGs
[2025-03-07T15:24:11.006+0100] {logging_mixin.py:190} INFO - [2025-03-07T15:24:11.006+0100] {dag.py:4180} INFO - Setting next_dagrun for example_bash_decorator to None, run_after=None
[2025-03-07T15:24:11.018+0100] {processor.py:208} INFO - Processing /usr/local/anaconda3/envs/airflow_env/lib/python3.8/site-packages/airflow/example_dags/example_bash_decorator.py took 0.191 seconds
[2025-03-07T15:31:59.846+0100] {processor.py:186} INFO - Started process (PID=10504) to work on /usr/local/anaconda3/envs/airflow_env/lib/python3.8/site-packages/airflow/example_dags/example_bash_decorator.py
[2025-03-07T15:31:59.850+0100] {processor.py:914} INFO - Processing file /usr/local/anaconda3/envs/airflow_env/lib/python3.8/site-packages/airflow/example_dags/example_bash_decorator.py for tasks to queue
[2025-03-07T15:31:59.851+0100] {logging_mixin.py:190} INFO - [2025-03-07T15:31:59.850+0100] {dagbag.py:588} INFO - Filling up the DagBag from /usr/local/anaconda3/envs/airflow_env/lib/python3.8/site-packages/airflow/example_dags/example_bash_decorator.py
[2025-03-07T15:31:59.881+0100] {processor.py:925} INFO - DAG(s) 'example_bash_decorator' retrieved from /usr/local/anaconda3/envs/airflow_env/lib/python3.8/site-packages/airflow/example_dags/example_bash_decorator.py
[2025-03-07T15:32:00.033+0100] {logging_mixin.py:190} INFO - [2025-03-07T15:32:00.032+0100] {dag.py:3239} INFO - Sync 1 DAGs
[2025-03-07T15:32:00.041+0100] {logging_mixin.py:190} INFO - [2025-03-07T15:32:00.041+0100] {dag.py:4180} INFO - Setting next_dagrun for example_bash_decorator to None, run_after=None
[2025-03-07T15:32:00.056+0100] {processor.py:208} INFO - Processing /usr/local/anaconda3/envs/airflow_env/lib/python3.8/site-packages/airflow/example_dags/example_bash_decorator.py took 0.213 seconds
[2025-03-07T15:36:31.374+0100] {processor.py:186} INFO - Started process (PID=11022) to work on /usr/local/anaconda3/envs/airflow_env/lib/python3.8/site-packages/airflow/example_dags/example_bash_decorator.py
[2025-03-07T15:36:31.377+0100] {processor.py:914} INFO - Processing file /usr/local/anaconda3/envs/airflow_env/lib/python3.8/site-packages/airflow/example_dags/example_bash_decorator.py for tasks to queue
[2025-03-07T15:36:31.378+0100] {logging_mixin.py:190} INFO - [2025-03-07T15:36:31.378+0100] {dagbag.py:588} INFO - Filling up the DagBag from /usr/local/anaconda3/envs/airflow_env/lib/python3.8/site-packages/airflow/example_dags/example_bash_decorator.py
[2025-03-07T15:36:31.409+0100] {processor.py:925} INFO - DAG(s) 'example_bash_decorator' retrieved from /usr/local/anaconda3/envs/airflow_env/lib/python3.8/site-packages/airflow/example_dags/example_bash_decorator.py
[2025-03-07T15:36:31.538+0100] {logging_mixin.py:190} INFO - [2025-03-07T15:36:31.538+0100] {dag.py:3239} INFO - Sync 1 DAGs
[2025-03-07T15:36:31.545+0100] {logging_mixin.py:190} INFO - [2025-03-07T15:36:31.545+0100] {dag.py:4180} INFO - Setting next_dagrun for example_bash_decorator to None, run_after=None
[2025-03-07T15:36:31.561+0100] {processor.py:208} INFO - Processing /usr/local/anaconda3/envs/airflow_env/lib/python3.8/site-packages/airflow/example_dags/example_bash_decorator.py took 0.190 seconds
[2025-03-07T15:40:55.796+0100] {processor.py:186} INFO - Started process (PID=11468) to work on /usr/local/anaconda3/envs/airflow_env/lib/python3.8/site-packages/airflow/example_dags/example_bash_decorator.py
[2025-03-07T15:40:55.800+0100] {processor.py:914} INFO - Processing file /usr/local/anaconda3/envs/airflow_env/lib/python3.8/site-packages/airflow/example_dags/example_bash_decorator.py for tasks to queue
[2025-03-07T15:40:55.800+0100] {logging_mixin.py:190} INFO - [2025-03-07T15:40:55.800+0100] {dagbag.py:588} INFO - Filling up the DagBag from /usr/local/anaconda3/envs/airflow_env/lib/python3.8/site-packages/airflow/example_dags/example_bash_decorator.py
[2025-03-07T15:40:55.829+0100] {processor.py:925} INFO - DAG(s) 'example_bash_decorator' retrieved from /usr/local/anaconda3/envs/airflow_env/lib/python3.8/site-packages/airflow/example_dags/example_bash_decorator.py
[2025-03-07T15:40:55.957+0100] {logging_mixin.py:190} INFO - [2025-03-07T15:40:55.957+0100] {dag.py:3239} INFO - Sync 1 DAGs
[2025-03-07T15:40:55.964+0100] {logging_mixin.py:190} INFO - [2025-03-07T15:40:55.964+0100] {dag.py:4180} INFO - Setting next_dagrun for example_bash_decorator to None, run_after=None
[2025-03-07T15:40:55.976+0100] {processor.py:208} INFO - Processing /usr/local/anaconda3/envs/airflow_env/lib/python3.8/site-packages/airflow/example_dags/example_bash_decorator.py took 0.183 seconds
[2025-03-07T15:45:13.953+0100] {processor.py:186} INFO - Started process (PID=11882) to work on /usr/local/anaconda3/envs/airflow_env/lib/python3.8/site-packages/airflow/example_dags/example_bash_decorator.py
[2025-03-07T15:45:13.956+0100] {processor.py:914} INFO - Processing file /usr/local/anaconda3/envs/airflow_env/lib/python3.8/site-packages/airflow/example_dags/example_bash_decorator.py for tasks to queue
[2025-03-07T15:45:13.957+0100] {logging_mixin.py:190} INFO - [2025-03-07T15:45:13.957+0100] {dagbag.py:588} INFO - Filling up the DagBag from /usr/local/anaconda3/envs/airflow_env/lib/python3.8/site-packages/airflow/example_dags/example_bash_decorator.py
[2025-03-07T15:45:13.985+0100] {processor.py:925} INFO - DAG(s) 'example_bash_decorator' retrieved from /usr/local/anaconda3/envs/airflow_env/lib/python3.8/site-packages/airflow/example_dags/example_bash_decorator.py
[2025-03-07T15:45:14.119+0100] {logging_mixin.py:190} INFO - [2025-03-07T15:45:14.118+0100] {dag.py:3239} INFO - Sync 1 DAGs
[2025-03-07T15:45:14.126+0100] {logging_mixin.py:190} INFO - [2025-03-07T15:45:14.126+0100] {dag.py:4180} INFO - Setting next_dagrun for example_bash_decorator to None, run_after=None
[2025-03-07T15:45:14.139+0100] {processor.py:208} INFO - Processing /usr/local/anaconda3/envs/airflow_env/lib/python3.8/site-packages/airflow/example_dags/example_bash_decorator.py took 0.189 seconds
[2025-03-07T15:50:01.436+0100] {processor.py:186} INFO - Started process (PID=12395) to work on /usr/local/anaconda3/envs/airflow_env/lib/python3.8/site-packages/airflow/example_dags/example_bash_decorator.py
[2025-03-07T15:50:01.439+0100] {processor.py:914} INFO - Processing file /usr/local/anaconda3/envs/airflow_env/lib/python3.8/site-packages/airflow/example_dags/example_bash_decorator.py for tasks to queue
[2025-03-07T15:50:01.440+0100] {logging_mixin.py:190} INFO - [2025-03-07T15:50:01.440+0100] {dagbag.py:588} INFO - Filling up the DagBag from /usr/local/anaconda3/envs/airflow_env/lib/python3.8/site-packages/airflow/example_dags/example_bash_decorator.py
[2025-03-07T15:50:01.471+0100] {processor.py:925} INFO - DAG(s) 'example_bash_decorator' retrieved from /usr/local/anaconda3/envs/airflow_env/lib/python3.8/site-packages/airflow/example_dags/example_bash_decorator.py
[2025-03-07T15:50:01.606+0100] {logging_mixin.py:190} INFO - [2025-03-07T15:50:01.606+0100] {dag.py:3239} INFO - Sync 1 DAGs
[2025-03-07T15:50:01.613+0100] {logging_mixin.py:190} INFO - [2025-03-07T15:50:01.613+0100] {dag.py:4180} INFO - Setting next_dagrun for example_bash_decorator to None, run_after=None
[2025-03-07T15:50:01.626+0100] {processor.py:208} INFO - Processing /usr/local/anaconda3/envs/airflow_env/lib/python3.8/site-packages/airflow/example_dags/example_bash_decorator.py took 0.193 seconds
[2025-03-07T15:54:48.383+0100] {processor.py:186} INFO - Started process (PID=12948) to work on /usr/local/anaconda3/envs/airflow_env/lib/python3.8/site-packages/airflow/example_dags/example_bash_decorator.py
[2025-03-07T15:54:48.386+0100] {processor.py:914} INFO - Processing file /usr/local/anaconda3/envs/airflow_env/lib/python3.8/site-packages/airflow/example_dags/example_bash_decorator.py for tasks to queue
[2025-03-07T15:54:48.387+0100] {logging_mixin.py:190} INFO - [2025-03-07T15:54:48.386+0100] {dagbag.py:588} INFO - Filling up the DagBag from /usr/local/anaconda3/envs/airflow_env/lib/python3.8/site-packages/airflow/example_dags/example_bash_decorator.py
[2025-03-07T15:54:48.415+0100] {processor.py:925} INFO - DAG(s) 'example_bash_decorator' retrieved from /usr/local/anaconda3/envs/airflow_env/lib/python3.8/site-packages/airflow/example_dags/example_bash_decorator.py
[2025-03-07T15:54:48.543+0100] {logging_mixin.py:190} INFO - [2025-03-07T15:54:48.543+0100] {dag.py:3239} INFO - Sync 1 DAGs
[2025-03-07T15:54:48.551+0100] {logging_mixin.py:190} INFO - [2025-03-07T15:54:48.551+0100] {dag.py:4180} INFO - Setting next_dagrun for example_bash_decorator to None, run_after=None
[2025-03-07T15:54:48.564+0100] {processor.py:208} INFO - Processing /usr/local/anaconda3/envs/airflow_env/lib/python3.8/site-packages/airflow/example_dags/example_bash_decorator.py took 0.184 seconds
[2025-03-07T15:59:23.815+0100] {processor.py:186} INFO - Started process (PID=13413) to work on /usr/local/anaconda3/envs/airflow_env/lib/python3.8/site-packages/airflow/example_dags/example_bash_decorator.py
[2025-03-07T15:59:23.818+0100] {processor.py:914} INFO - Processing file /usr/local/anaconda3/envs/airflow_env/lib/python3.8/site-packages/airflow/example_dags/example_bash_decorator.py for tasks to queue
[2025-03-07T15:59:23.819+0100] {logging_mixin.py:190} INFO - [2025-03-07T15:59:23.818+0100] {dagbag.py:588} INFO - Filling up the DagBag from /usr/local/anaconda3/envs/airflow_env/lib/python3.8/site-packages/airflow/example_dags/example_bash_decorator.py
[2025-03-07T15:59:23.847+0100] {processor.py:925} INFO - DAG(s) 'example_bash_decorator' retrieved from /usr/local/anaconda3/envs/airflow_env/lib/python3.8/site-packages/airflow/example_dags/example_bash_decorator.py
[2025-03-07T15:59:23.976+0100] {logging_mixin.py:190} INFO - [2025-03-07T15:59:23.976+0100] {dag.py:3239} INFO - Sync 1 DAGs
[2025-03-07T15:59:23.983+0100] {logging_mixin.py:190} INFO - [2025-03-07T15:59:23.983+0100] {dag.py:4180} INFO - Setting next_dagrun for example_bash_decorator to None, run_after=None
[2025-03-07T15:59:23.995+0100] {processor.py:208} INFO - Processing /usr/local/anaconda3/envs/airflow_env/lib/python3.8/site-packages/airflow/example_dags/example_bash_decorator.py took 0.184 seconds
[2025-03-07T16:06:09.282+0100] {processor.py:186} INFO - Started process (PID=14006) to work on /usr/local/anaconda3/envs/airflow_env/lib/python3.8/site-packages/airflow/example_dags/example_bash_decorator.py
[2025-03-07T16:06:09.285+0100] {processor.py:914} INFO - Processing file /usr/local/anaconda3/envs/airflow_env/lib/python3.8/site-packages/airflow/example_dags/example_bash_decorator.py for tasks to queue
[2025-03-07T16:06:09.286+0100] {logging_mixin.py:190} INFO - [2025-03-07T16:06:09.286+0100] {dagbag.py:588} INFO - Filling up the DagBag from /usr/local/anaconda3/envs/airflow_env/lib/python3.8/site-packages/airflow/example_dags/example_bash_decorator.py
[2025-03-07T16:06:09.314+0100] {processor.py:925} INFO - DAG(s) 'example_bash_decorator' retrieved from /usr/local/anaconda3/envs/airflow_env/lib/python3.8/site-packages/airflow/example_dags/example_bash_decorator.py
[2025-03-07T16:06:09.442+0100] {logging_mixin.py:190} INFO - [2025-03-07T16:06:09.442+0100] {dag.py:3239} INFO - Sync 1 DAGs
[2025-03-07T16:06:09.449+0100] {logging_mixin.py:190} INFO - [2025-03-07T16:06:09.449+0100] {dag.py:4180} INFO - Setting next_dagrun for example_bash_decorator to None, run_after=None
[2025-03-07T16:06:09.461+0100] {processor.py:208} INFO - Processing /usr/local/anaconda3/envs/airflow_env/lib/python3.8/site-packages/airflow/example_dags/example_bash_decorator.py took 0.182 seconds
[2025-03-07T16:12:19.556+0100] {processor.py:186} INFO - Started process (PID=14627) to work on /usr/local/anaconda3/envs/airflow_env/lib/python3.8/site-packages/airflow/example_dags/example_bash_decorator.py
[2025-03-07T16:12:19.559+0100] {processor.py:914} INFO - Processing file /usr/local/anaconda3/envs/airflow_env/lib/python3.8/site-packages/airflow/example_dags/example_bash_decorator.py for tasks to queue
[2025-03-07T16:12:19.560+0100] {logging_mixin.py:190} INFO - [2025-03-07T16:12:19.560+0100] {dagbag.py:588} INFO - Filling up the DagBag from /usr/local/anaconda3/envs/airflow_env/lib/python3.8/site-packages/airflow/example_dags/example_bash_decorator.py
[2025-03-07T16:12:19.591+0100] {processor.py:925} INFO - DAG(s) 'example_bash_decorator' retrieved from /usr/local/anaconda3/envs/airflow_env/lib/python3.8/site-packages/airflow/example_dags/example_bash_decorator.py
[2025-03-07T16:12:19.721+0100] {logging_mixin.py:190} INFO - [2025-03-07T16:12:19.721+0100] {dag.py:3239} INFO - Sync 1 DAGs
[2025-03-07T16:12:19.728+0100] {logging_mixin.py:190} INFO - [2025-03-07T16:12:19.728+0100] {dag.py:4180} INFO - Setting next_dagrun for example_bash_decorator to None, run_after=None
[2025-03-07T16:12:19.744+0100] {processor.py:208} INFO - Processing /usr/local/anaconda3/envs/airflow_env/lib/python3.8/site-packages/airflow/example_dags/example_bash_decorator.py took 0.192 seconds
[2025-03-07T16:16:44.838+0100] {processor.py:186} INFO - Started process (PID=15131) to work on /usr/local/anaconda3/envs/airflow_env/lib/python3.8/site-packages/airflow/example_dags/example_bash_decorator.py
[2025-03-07T16:16:44.841+0100] {processor.py:914} INFO - Processing file /usr/local/anaconda3/envs/airflow_env/lib/python3.8/site-packages/airflow/example_dags/example_bash_decorator.py for tasks to queue
[2025-03-07T16:16:44.842+0100] {logging_mixin.py:190} INFO - [2025-03-07T16:16:44.842+0100] {dagbag.py:588} INFO - Filling up the DagBag from /usr/local/anaconda3/envs/airflow_env/lib/python3.8/site-packages/airflow/example_dags/example_bash_decorator.py
[2025-03-07T16:16:44.870+0100] {processor.py:925} INFO - DAG(s) 'example_bash_decorator' retrieved from /usr/local/anaconda3/envs/airflow_env/lib/python3.8/site-packages/airflow/example_dags/example_bash_decorator.py
[2025-03-07T16:16:44.999+0100] {logging_mixin.py:190} INFO - [2025-03-07T16:16:44.999+0100] {dag.py:3239} INFO - Sync 1 DAGs
[2025-03-07T16:16:45.006+0100] {logging_mixin.py:190} INFO - [2025-03-07T16:16:45.005+0100] {dag.py:4180} INFO - Setting next_dagrun for example_bash_decorator to None, run_after=None
[2025-03-07T16:16:45.018+0100] {processor.py:208} INFO - Processing /usr/local/anaconda3/envs/airflow_env/lib/python3.8/site-packages/airflow/example_dags/example_bash_decorator.py took 0.183 seconds
[2025-03-07T16:21:25.378+0100] {processor.py:186} INFO - Started process (PID=15667) to work on /usr/local/anaconda3/envs/airflow_env/lib/python3.8/site-packages/airflow/example_dags/example_bash_decorator.py
[2025-03-07T16:21:25.381+0100] {processor.py:914} INFO - Processing file /usr/local/anaconda3/envs/airflow_env/lib/python3.8/site-packages/airflow/example_dags/example_bash_decorator.py for tasks to queue
[2025-03-07T16:21:25.382+0100] {logging_mixin.py:190} INFO - [2025-03-07T16:21:25.382+0100] {dagbag.py:588} INFO - Filling up the DagBag from /usr/local/anaconda3/envs/airflow_env/lib/python3.8/site-packages/airflow/example_dags/example_bash_decorator.py
[2025-03-07T16:21:25.415+0100] {processor.py:925} INFO - DAG(s) 'example_bash_decorator' retrieved from /usr/local/anaconda3/envs/airflow_env/lib/python3.8/site-packages/airflow/example_dags/example_bash_decorator.py
[2025-03-07T16:21:25.547+0100] {logging_mixin.py:190} INFO - [2025-03-07T16:21:25.547+0100] {dag.py:3239} INFO - Sync 1 DAGs
[2025-03-07T16:21:25.554+0100] {logging_mixin.py:190} INFO - [2025-03-07T16:21:25.554+0100] {dag.py:4180} INFO - Setting next_dagrun for example_bash_decorator to None, run_after=None
[2025-03-07T16:21:25.567+0100] {processor.py:208} INFO - Processing /usr/local/anaconda3/envs/airflow_env/lib/python3.8/site-packages/airflow/example_dags/example_bash_decorator.py took 0.192 seconds
[2025-03-07T16:42:34.236+0100] {processor.py:186} INFO - Started process (PID=17541) to work on /usr/local/anaconda3/envs/airflow_env/lib/python3.8/site-packages/airflow/example_dags/example_bash_decorator.py
[2025-03-07T16:42:34.239+0100] {processor.py:914} INFO - Processing file /usr/local/anaconda3/envs/airflow_env/lib/python3.8/site-packages/airflow/example_dags/example_bash_decorator.py for tasks to queue
[2025-03-07T16:42:34.240+0100] {logging_mixin.py:190} INFO - [2025-03-07T16:42:34.240+0100] {dagbag.py:588} INFO - Filling up the DagBag from /usr/local/anaconda3/envs/airflow_env/lib/python3.8/site-packages/airflow/example_dags/example_bash_decorator.py
[2025-03-07T16:42:34.268+0100] {processor.py:925} INFO - DAG(s) 'example_bash_decorator' retrieved from /usr/local/anaconda3/envs/airflow_env/lib/python3.8/site-packages/airflow/example_dags/example_bash_decorator.py
[2025-03-07T16:42:34.399+0100] {logging_mixin.py:190} INFO - [2025-03-07T16:42:34.399+0100] {dag.py:3239} INFO - Sync 1 DAGs
[2025-03-07T16:42:34.406+0100] {logging_mixin.py:190} INFO - [2025-03-07T16:42:34.406+0100] {dag.py:4180} INFO - Setting next_dagrun for example_bash_decorator to None, run_after=None
[2025-03-07T16:42:34.418+0100] {processor.py:208} INFO - Processing /usr/local/anaconda3/envs/airflow_env/lib/python3.8/site-packages/airflow/example_dags/example_bash_decorator.py took 0.185 seconds
[2025-03-07T16:48:55.863+0100] {processor.py:186} INFO - Started process (PID=18349) to work on /usr/local/anaconda3/envs/airflow_env/lib/python3.8/site-packages/airflow/example_dags/example_bash_decorator.py
[2025-03-07T16:48:55.866+0100] {processor.py:914} INFO - Processing file /usr/local/anaconda3/envs/airflow_env/lib/python3.8/site-packages/airflow/example_dags/example_bash_decorator.py for tasks to queue
[2025-03-07T16:48:55.867+0100] {logging_mixin.py:190} INFO - [2025-03-07T16:48:55.867+0100] {dagbag.py:588} INFO - Filling up the DagBag from /usr/local/anaconda3/envs/airflow_env/lib/python3.8/site-packages/airflow/example_dags/example_bash_decorator.py
[2025-03-07T16:48:55.896+0100] {processor.py:925} INFO - DAG(s) 'example_bash_decorator' retrieved from /usr/local/anaconda3/envs/airflow_env/lib/python3.8/site-packages/airflow/example_dags/example_bash_decorator.py
[2025-03-07T16:48:56.027+0100] {logging_mixin.py:190} INFO - [2025-03-07T16:48:56.026+0100] {dag.py:3239} INFO - Sync 1 DAGs
[2025-03-07T16:48:56.034+0100] {logging_mixin.py:190} INFO - [2025-03-07T16:48:56.033+0100] {dag.py:4180} INFO - Setting next_dagrun for example_bash_decorator to None, run_after=None
[2025-03-07T16:48:56.046+0100] {processor.py:208} INFO - Processing /usr/local/anaconda3/envs/airflow_env/lib/python3.8/site-packages/airflow/example_dags/example_bash_decorator.py took 0.186 seconds
[2025-03-07T16:57:03.257+0100] {processor.py:186} INFO - Started process (PID=19563) to work on /usr/local/anaconda3/envs/airflow_env/lib/python3.8/site-packages/airflow/example_dags/example_bash_decorator.py
[2025-03-07T16:57:03.260+0100] {processor.py:914} INFO - Processing file /usr/local/anaconda3/envs/airflow_env/lib/python3.8/site-packages/airflow/example_dags/example_bash_decorator.py for tasks to queue
[2025-03-07T16:57:03.261+0100] {logging_mixin.py:190} INFO - [2025-03-07T16:57:03.261+0100] {dagbag.py:588} INFO - Filling up the DagBag from /usr/local/anaconda3/envs/airflow_env/lib/python3.8/site-packages/airflow/example_dags/example_bash_decorator.py
[2025-03-07T16:57:03.289+0100] {processor.py:925} INFO - DAG(s) 'example_bash_decorator' retrieved from /usr/local/anaconda3/envs/airflow_env/lib/python3.8/site-packages/airflow/example_dags/example_bash_decorator.py
[2025-03-07T16:57:03.417+0100] {logging_mixin.py:190} INFO - [2025-03-07T16:57:03.417+0100] {dag.py:3239} INFO - Sync 1 DAGs
[2025-03-07T16:57:03.424+0100] {logging_mixin.py:190} INFO - [2025-03-07T16:57:03.423+0100] {dag.py:4180} INFO - Setting next_dagrun for example_bash_decorator to None, run_after=None
[2025-03-07T16:57:03.436+0100] {processor.py:208} INFO - Processing /usr/local/anaconda3/envs/airflow_env/lib/python3.8/site-packages/airflow/example_dags/example_bash_decorator.py took 0.182 seconds
[2025-03-07T17:01:54.519+0100] {processor.py:186} INFO - Started process (PID=20353) to work on /usr/local/anaconda3/envs/airflow_env/lib/python3.8/site-packages/airflow/example_dags/example_bash_decorator.py
[2025-03-07T17:01:54.523+0100] {processor.py:914} INFO - Processing file /usr/local/anaconda3/envs/airflow_env/lib/python3.8/site-packages/airflow/example_dags/example_bash_decorator.py for tasks to queue
[2025-03-07T17:01:54.523+0100] {logging_mixin.py:190} INFO - [2025-03-07T17:01:54.523+0100] {dagbag.py:588} INFO - Filling up the DagBag from /usr/local/anaconda3/envs/airflow_env/lib/python3.8/site-packages/airflow/example_dags/example_bash_decorator.py
[2025-03-07T17:01:54.552+0100] {processor.py:925} INFO - DAG(s) 'example_bash_decorator' retrieved from /usr/local/anaconda3/envs/airflow_env/lib/python3.8/site-packages/airflow/example_dags/example_bash_decorator.py
[2025-03-07T17:01:54.685+0100] {logging_mixin.py:190} INFO - [2025-03-07T17:01:54.684+0100] {dag.py:3239} INFO - Sync 1 DAGs
[2025-03-07T17:01:54.692+0100] {logging_mixin.py:190} INFO - [2025-03-07T17:01:54.692+0100] {dag.py:4180} INFO - Setting next_dagrun for example_bash_decorator to None, run_after=None
[2025-03-07T17:01:54.704+0100] {processor.py:208} INFO - Processing /usr/local/anaconda3/envs/airflow_env/lib/python3.8/site-packages/airflow/example_dags/example_bash_decorator.py took 0.188 seconds
[2025-03-07T17:10:08.370+0100] {processor.py:186} INFO - Started process (PID=20735) to work on /usr/local/anaconda3/envs/airflow_env/lib/python3.8/site-packages/airflow/example_dags/example_bash_decorator.py
[2025-03-07T17:10:08.373+0100] {processor.py:914} INFO - Processing file /usr/local/anaconda3/envs/airflow_env/lib/python3.8/site-packages/airflow/example_dags/example_bash_decorator.py for tasks to queue
[2025-03-07T17:10:08.374+0100] {logging_mixin.py:190} INFO - [2025-03-07T17:10:08.374+0100] {dagbag.py:588} INFO - Filling up the DagBag from /usr/local/anaconda3/envs/airflow_env/lib/python3.8/site-packages/airflow/example_dags/example_bash_decorator.py
[2025-03-07T17:10:08.406+0100] {processor.py:925} INFO - DAG(s) 'example_bash_decorator' retrieved from /usr/local/anaconda3/envs/airflow_env/lib/python3.8/site-packages/airflow/example_dags/example_bash_decorator.py
[2025-03-07T17:10:08.545+0100] {logging_mixin.py:190} INFO - [2025-03-07T17:10:08.545+0100] {dag.py:3239} INFO - Sync 1 DAGs
[2025-03-07T17:10:08.553+0100] {logging_mixin.py:190} INFO - [2025-03-07T17:10:08.553+0100] {dag.py:4180} INFO - Setting next_dagrun for example_bash_decorator to None, run_after=None
[2025-03-07T17:10:08.566+0100] {processor.py:208} INFO - Processing /usr/local/anaconda3/envs/airflow_env/lib/python3.8/site-packages/airflow/example_dags/example_bash_decorator.py took 0.200 seconds
[2025-03-07T17:14:52.603+0100] {processor.py:186} INFO - Started process (PID=21442) to work on /usr/local/anaconda3/envs/airflow_env/lib/python3.8/site-packages/airflow/example_dags/example_bash_decorator.py
[2025-03-07T17:14:52.606+0100] {processor.py:914} INFO - Processing file /usr/local/anaconda3/envs/airflow_env/lib/python3.8/site-packages/airflow/example_dags/example_bash_decorator.py for tasks to queue
[2025-03-07T17:14:52.607+0100] {logging_mixin.py:190} INFO - [2025-03-07T17:14:52.607+0100] {dagbag.py:588} INFO - Filling up the DagBag from /usr/local/anaconda3/envs/airflow_env/lib/python3.8/site-packages/airflow/example_dags/example_bash_decorator.py
[2025-03-07T17:14:52.636+0100] {processor.py:925} INFO - DAG(s) 'example_bash_decorator' retrieved from /usr/local/anaconda3/envs/airflow_env/lib/python3.8/site-packages/airflow/example_dags/example_bash_decorator.py
[2025-03-07T17:14:52.769+0100] {logging_mixin.py:190} INFO - [2025-03-07T17:14:52.769+0100] {dag.py:3239} INFO - Sync 1 DAGs
[2025-03-07T17:14:52.776+0100] {logging_mixin.py:190} INFO - [2025-03-07T17:14:52.776+0100] {dag.py:4180} INFO - Setting next_dagrun for example_bash_decorator to None, run_after=None
[2025-03-07T17:14:52.788+0100] {processor.py:208} INFO - Processing /usr/local/anaconda3/envs/airflow_env/lib/python3.8/site-packages/airflow/example_dags/example_bash_decorator.py took 0.188 seconds
[2025-03-07T17:26:35.299+0100] {processor.py:186} INFO - Started process (PID=22571) to work on /usr/local/anaconda3/envs/airflow_env/lib/python3.8/site-packages/airflow/example_dags/example_bash_decorator.py
[2025-03-07T17:26:35.302+0100] {processor.py:914} INFO - Processing file /usr/local/anaconda3/envs/airflow_env/lib/python3.8/site-packages/airflow/example_dags/example_bash_decorator.py for tasks to queue
[2025-03-07T17:26:35.303+0100] {logging_mixin.py:190} INFO - [2025-03-07T17:26:35.303+0100] {dagbag.py:588} INFO - Filling up the DagBag from /usr/local/anaconda3/envs/airflow_env/lib/python3.8/site-packages/airflow/example_dags/example_bash_decorator.py
[2025-03-07T17:26:35.331+0100] {processor.py:925} INFO - DAG(s) 'example_bash_decorator' retrieved from /usr/local/anaconda3/envs/airflow_env/lib/python3.8/site-packages/airflow/example_dags/example_bash_decorator.py
[2025-03-07T17:26:35.456+0100] {logging_mixin.py:190} INFO - [2025-03-07T17:26:35.456+0100] {dag.py:3239} INFO - Sync 1 DAGs
[2025-03-07T17:26:35.463+0100] {logging_mixin.py:190} INFO - [2025-03-07T17:26:35.463+0100] {dag.py:4180} INFO - Setting next_dagrun for example_bash_decorator to None, run_after=None
[2025-03-07T17:26:35.474+0100] {processor.py:208} INFO - Processing /usr/local/anaconda3/envs/airflow_env/lib/python3.8/site-packages/airflow/example_dags/example_bash_decorator.py took 0.178 seconds
[2025-03-07T20:43:35.947+0100] {processor.py:186} INFO - Started process (PID=23322) to work on /usr/local/anaconda3/envs/airflow_env/lib/python3.8/site-packages/airflow/example_dags/example_bash_decorator.py
[2025-03-07T20:43:35.951+0100] {processor.py:914} INFO - Processing file /usr/local/anaconda3/envs/airflow_env/lib/python3.8/site-packages/airflow/example_dags/example_bash_decorator.py for tasks to queue
[2025-03-07T20:43:35.952+0100] {logging_mixin.py:190} INFO - [2025-03-07T20:43:35.952+0100] {dagbag.py:588} INFO - Filling up the DagBag from /usr/local/anaconda3/envs/airflow_env/lib/python3.8/site-packages/airflow/example_dags/example_bash_decorator.py
[2025-03-07T20:43:35.982+0100] {processor.py:925} INFO - DAG(s) 'example_bash_decorator' retrieved from /usr/local/anaconda3/envs/airflow_env/lib/python3.8/site-packages/airflow/example_dags/example_bash_decorator.py
[2025-03-07T20:43:36.117+0100] {logging_mixin.py:190} INFO - [2025-03-07T20:43:36.117+0100] {dag.py:3239} INFO - Sync 1 DAGs
[2025-03-07T20:43:36.124+0100] {logging_mixin.py:190} INFO - [2025-03-07T20:43:36.124+0100] {dag.py:4180} INFO - Setting next_dagrun for example_bash_decorator to None, run_after=None
[2025-03-07T20:43:36.137+0100] {processor.py:208} INFO - Processing /usr/local/anaconda3/envs/airflow_env/lib/python3.8/site-packages/airflow/example_dags/example_bash_decorator.py took 0.193 seconds
[2025-03-07T20:48:45.034+0100] {processor.py:186} INFO - Started process (PID=23979) to work on /usr/local/anaconda3/envs/airflow_env/lib/python3.8/site-packages/airflow/example_dags/example_bash_decorator.py
[2025-03-07T20:48:45.037+0100] {processor.py:914} INFO - Processing file /usr/local/anaconda3/envs/airflow_env/lib/python3.8/site-packages/airflow/example_dags/example_bash_decorator.py for tasks to queue
[2025-03-07T20:48:45.038+0100] {logging_mixin.py:190} INFO - [2025-03-07T20:48:45.038+0100] {dagbag.py:588} INFO - Filling up the DagBag from /usr/local/anaconda3/envs/airflow_env/lib/python3.8/site-packages/airflow/example_dags/example_bash_decorator.py
[2025-03-07T20:48:45.067+0100] {processor.py:925} INFO - DAG(s) 'example_bash_decorator' retrieved from /usr/local/anaconda3/envs/airflow_env/lib/python3.8/site-packages/airflow/example_dags/example_bash_decorator.py
[2025-03-07T20:48:45.196+0100] {logging_mixin.py:190} INFO - [2025-03-07T20:48:45.196+0100] {dag.py:3239} INFO - Sync 1 DAGs
[2025-03-07T20:48:45.203+0100] {logging_mixin.py:190} INFO - [2025-03-07T20:48:45.203+0100] {dag.py:4180} INFO - Setting next_dagrun for example_bash_decorator to None, run_after=None
[2025-03-07T20:48:45.215+0100] {processor.py:208} INFO - Processing /usr/local/anaconda3/envs/airflow_env/lib/python3.8/site-packages/airflow/example_dags/example_bash_decorator.py took 0.184 seconds
[2025-03-07T20:53:33.307+0100] {processor.py:186} INFO - Started process (PID=24465) to work on /usr/local/anaconda3/envs/airflow_env/lib/python3.8/site-packages/airflow/example_dags/example_bash_decorator.py
[2025-03-07T20:53:33.310+0100] {processor.py:914} INFO - Processing file /usr/local/anaconda3/envs/airflow_env/lib/python3.8/site-packages/airflow/example_dags/example_bash_decorator.py for tasks to queue
[2025-03-07T20:53:33.311+0100] {logging_mixin.py:190} INFO - [2025-03-07T20:53:33.311+0100] {dagbag.py:588} INFO - Filling up the DagBag from /usr/local/anaconda3/envs/airflow_env/lib/python3.8/site-packages/airflow/example_dags/example_bash_decorator.py
[2025-03-07T20:53:33.342+0100] {processor.py:925} INFO - DAG(s) 'example_bash_decorator' retrieved from /usr/local/anaconda3/envs/airflow_env/lib/python3.8/site-packages/airflow/example_dags/example_bash_decorator.py
[2025-03-07T20:53:33.475+0100] {logging_mixin.py:190} INFO - [2025-03-07T20:53:33.475+0100] {dag.py:3239} INFO - Sync 1 DAGs
[2025-03-07T20:53:33.482+0100] {logging_mixin.py:190} INFO - [2025-03-07T20:53:33.482+0100] {dag.py:4180} INFO - Setting next_dagrun for example_bash_decorator to None, run_after=None
[2025-03-07T20:53:33.495+0100] {processor.py:208} INFO - Processing /usr/local/anaconda3/envs/airflow_env/lib/python3.8/site-packages/airflow/example_dags/example_bash_decorator.py took 0.191 seconds
[2025-03-07T20:58:17.534+0100] {processor.py:186} INFO - Started process (PID=24956) to work on /usr/local/anaconda3/envs/airflow_env/lib/python3.8/site-packages/airflow/example_dags/example_bash_decorator.py
[2025-03-07T20:58:17.537+0100] {processor.py:914} INFO - Processing file /usr/local/anaconda3/envs/airflow_env/lib/python3.8/site-packages/airflow/example_dags/example_bash_decorator.py for tasks to queue
[2025-03-07T20:58:17.538+0100] {logging_mixin.py:190} INFO - [2025-03-07T20:58:17.538+0100] {dagbag.py:588} INFO - Filling up the DagBag from /usr/local/anaconda3/envs/airflow_env/lib/python3.8/site-packages/airflow/example_dags/example_bash_decorator.py
[2025-03-07T20:58:17.567+0100] {processor.py:925} INFO - DAG(s) 'example_bash_decorator' retrieved from /usr/local/anaconda3/envs/airflow_env/lib/python3.8/site-packages/airflow/example_dags/example_bash_decorator.py
[2025-03-07T20:58:17.698+0100] {logging_mixin.py:190} INFO - [2025-03-07T20:58:17.698+0100] {dag.py:3239} INFO - Sync 1 DAGs
[2025-03-07T20:58:17.705+0100] {logging_mixin.py:190} INFO - [2025-03-07T20:58:17.705+0100] {dag.py:4180} INFO - Setting next_dagrun for example_bash_decorator to None, run_after=None
[2025-03-07T20:58:17.717+0100] {processor.py:208} INFO - Processing /usr/local/anaconda3/envs/airflow_env/lib/python3.8/site-packages/airflow/example_dags/example_bash_decorator.py took 0.186 seconds
[2025-03-07T21:04:27.324+0100] {processor.py:186} INFO - Started process (PID=25550) to work on /usr/local/anaconda3/envs/airflow_env/lib/python3.8/site-packages/airflow/example_dags/example_bash_decorator.py
[2025-03-07T21:04:27.327+0100] {processor.py:914} INFO - Processing file /usr/local/anaconda3/envs/airflow_env/lib/python3.8/site-packages/airflow/example_dags/example_bash_decorator.py for tasks to queue
[2025-03-07T21:04:27.328+0100] {logging_mixin.py:190} INFO - [2025-03-07T21:04:27.328+0100] {dagbag.py:588} INFO - Filling up the DagBag from /usr/local/anaconda3/envs/airflow_env/lib/python3.8/site-packages/airflow/example_dags/example_bash_decorator.py
[2025-03-07T21:04:27.358+0100] {processor.py:925} INFO - DAG(s) 'example_bash_decorator' retrieved from /usr/local/anaconda3/envs/airflow_env/lib/python3.8/site-packages/airflow/example_dags/example_bash_decorator.py
[2025-03-07T21:04:27.488+0100] {logging_mixin.py:190} INFO - [2025-03-07T21:04:27.487+0100] {dag.py:3239} INFO - Sync 1 DAGs
[2025-03-07T21:04:27.495+0100] {logging_mixin.py:190} INFO - [2025-03-07T21:04:27.495+0100] {dag.py:4180} INFO - Setting next_dagrun for example_bash_decorator to None, run_after=None
[2025-03-07T21:04:27.507+0100] {processor.py:208} INFO - Processing /usr/local/anaconda3/envs/airflow_env/lib/python3.8/site-packages/airflow/example_dags/example_bash_decorator.py took 0.186 seconds
[2025-03-07T21:09:07.813+0100] {processor.py:186} INFO - Started process (PID=26024) to work on /usr/local/anaconda3/envs/airflow_env/lib/python3.8/site-packages/airflow/example_dags/example_bash_decorator.py
[2025-03-07T21:09:07.816+0100] {processor.py:914} INFO - Processing file /usr/local/anaconda3/envs/airflow_env/lib/python3.8/site-packages/airflow/example_dags/example_bash_decorator.py for tasks to queue
[2025-03-07T21:09:07.817+0100] {logging_mixin.py:190} INFO - [2025-03-07T21:09:07.817+0100] {dagbag.py:588} INFO - Filling up the DagBag from /usr/local/anaconda3/envs/airflow_env/lib/python3.8/site-packages/airflow/example_dags/example_bash_decorator.py
[2025-03-07T21:09:07.849+0100] {processor.py:925} INFO - DAG(s) 'example_bash_decorator' retrieved from /usr/local/anaconda3/envs/airflow_env/lib/python3.8/site-packages/airflow/example_dags/example_bash_decorator.py
[2025-03-07T21:09:07.992+0100] {logging_mixin.py:190} INFO - [2025-03-07T21:09:07.992+0100] {dag.py:3239} INFO - Sync 1 DAGs
[2025-03-07T21:09:08.001+0100] {logging_mixin.py:190} INFO - [2025-03-07T21:09:08.001+0100] {dag.py:4180} INFO - Setting next_dagrun for example_bash_decorator to None, run_after=None
[2025-03-07T21:09:08.019+0100] {processor.py:208} INFO - Processing /usr/local/anaconda3/envs/airflow_env/lib/python3.8/site-packages/airflow/example_dags/example_bash_decorator.py took 0.210 seconds
