[2025-03-07T14:10:52.046+0100] {processor.py:186} INFO - Started process (PID=2620) to work on /usr/local/anaconda3/envs/airflow_env/lib/python3.8/site-packages/airflow/example_dags/tutorial_objectstorage.py
[2025-03-07T14:10:52.049+0100] {processor.py:914} INFO - Processing file /usr/local/anaconda3/envs/airflow_env/lib/python3.8/site-packages/airflow/example_dags/tutorial_objectstorage.py for tasks to queue
[2025-03-07T14:10:52.050+0100] {logging_mixin.py:190} INFO - [2025-03-07T14:10:52.050+0100] {dagbag.py:588} INFO - Filling up the DagBag from /usr/local/anaconda3/envs/airflow_env/lib/python3.8/site-packages/airflow/example_dags/tutorial_objectstorage.py
[2025-03-07T14:10:52.078+0100] {processor.py:925} INFO - DAG(s) 'tutorial_objectstorage' retrieved from /usr/local/anaconda3/envs/airflow_env/lib/python3.8/site-packages/airflow/example_dags/tutorial_objectstorage.py
[2025-03-07T14:10:52.213+0100] {logging_mixin.py:190} INFO - [2025-03-07T14:10:52.213+0100] {override.py:1901} INFO - Created Permission View: can edit on DAG:tutorial_objectstorage
[2025-03-07T14:10:52.220+0100] {logging_mixin.py:190} INFO - [2025-03-07T14:10:52.220+0100] {override.py:1901} INFO - Created Permission View: can delete on DAG:tutorial_objectstorage
[2025-03-07T14:10:52.225+0100] {logging_mixin.py:190} INFO - [2025-03-07T14:10:52.224+0100] {override.py:1901} INFO - Created Permission View: can read on DAG:tutorial_objectstorage
[2025-03-07T14:10:52.230+0100] {logging_mixin.py:190} INFO - [2025-03-07T14:10:52.230+0100] {override.py:1901} INFO - Created Permission View: can create on DAG Run:tutorial_objectstorage
[2025-03-07T14:10:52.234+0100] {logging_mixin.py:190} INFO - [2025-03-07T14:10:52.234+0100] {override.py:1901} INFO - Created Permission View: menu access on DAG Run:tutorial_objectstorage
[2025-03-07T14:10:52.239+0100] {logging_mixin.py:190} INFO - [2025-03-07T14:10:52.238+0100] {override.py:1901} INFO - Created Permission View: can delete on DAG Run:tutorial_objectstorage
[2025-03-07T14:10:52.243+0100] {logging_mixin.py:190} INFO - [2025-03-07T14:10:52.243+0100] {override.py:1901} INFO - Created Permission View: can read on DAG Run:tutorial_objectstorage
[2025-03-07T14:10:52.243+0100] {logging_mixin.py:190} INFO - [2025-03-07T14:10:52.243+0100] {dag.py:3239} INFO - Sync 1 DAGs
[2025-03-07T14:10:52.253+0100] {logging_mixin.py:190} INFO - [2025-03-07T14:10:52.253+0100] {dag.py:3262} INFO - Creating ORM DAG for tutorial_objectstorage
[2025-03-07T14:10:52.253+0100] {logging_mixin.py:190} INFO - [2025-03-07T14:10:52.253+0100] {dag.py:4180} INFO - Setting next_dagrun for tutorial_objectstorage to None, run_after=None
[2025-03-07T14:10:52.265+0100] {processor.py:208} INFO - Processing /usr/local/anaconda3/envs/airflow_env/lib/python3.8/site-packages/airflow/example_dags/tutorial_objectstorage.py took 0.223 seconds
[2025-03-07T14:14:19.493+0100] {processor.py:186} INFO - Started process (PID=2999) to work on /usr/local/anaconda3/envs/airflow_env/lib/python3.8/site-packages/airflow/example_dags/tutorial_objectstorage.py
[2025-03-07T14:14:19.496+0100] {processor.py:914} INFO - Processing file /usr/local/anaconda3/envs/airflow_env/lib/python3.8/site-packages/airflow/example_dags/tutorial_objectstorage.py for tasks to queue
[2025-03-07T14:14:19.497+0100] {logging_mixin.py:190} INFO - [2025-03-07T14:14:19.497+0100] {dagbag.py:588} INFO - Filling up the DagBag from /usr/local/anaconda3/envs/airflow_env/lib/python3.8/site-packages/airflow/example_dags/tutorial_objectstorage.py
[2025-03-07T14:14:19.522+0100] {processor.py:925} INFO - DAG(s) 'tutorial_objectstorage' retrieved from /usr/local/anaconda3/envs/airflow_env/lib/python3.8/site-packages/airflow/example_dags/tutorial_objectstorage.py
[2025-03-07T14:14:19.593+0100] {logging_mixin.py:190} INFO - [2025-03-07T14:14:19.592+0100] {dag.py:3239} INFO - Sync 1 DAGs
[2025-03-07T14:14:19.600+0100] {logging_mixin.py:190} INFO - [2025-03-07T14:14:19.600+0100] {dag.py:4180} INFO - Setting next_dagrun for tutorial_objectstorage to None, run_after=None
[2025-03-07T14:14:19.612+0100] {processor.py:208} INFO - Processing /usr/local/anaconda3/envs/airflow_env/lib/python3.8/site-packages/airflow/example_dags/tutorial_objectstorage.py took 0.122 seconds
[2025-03-07T14:16:32.174+0100] {processor.py:186} INFO - Started process (PID=3256) to work on /usr/local/anaconda3/envs/airflow_env/lib/python3.8/site-packages/airflow/example_dags/tutorial_objectstorage.py
[2025-03-07T14:16:32.177+0100] {processor.py:914} INFO - Processing file /usr/local/anaconda3/envs/airflow_env/lib/python3.8/site-packages/airflow/example_dags/tutorial_objectstorage.py for tasks to queue
[2025-03-07T14:16:32.178+0100] {logging_mixin.py:190} INFO - [2025-03-07T14:16:32.177+0100] {dagbag.py:588} INFO - Filling up the DagBag from /usr/local/anaconda3/envs/airflow_env/lib/python3.8/site-packages/airflow/example_dags/tutorial_objectstorage.py
[2025-03-07T14:16:32.202+0100] {processor.py:925} INFO - DAG(s) 'tutorial_objectstorage' retrieved from /usr/local/anaconda3/envs/airflow_env/lib/python3.8/site-packages/airflow/example_dags/tutorial_objectstorage.py
[2025-03-07T14:16:32.270+0100] {logging_mixin.py:190} INFO - [2025-03-07T14:16:32.270+0100] {dag.py:3239} INFO - Sync 1 DAGs
[2025-03-07T14:16:32.277+0100] {logging_mixin.py:190} INFO - [2025-03-07T14:16:32.277+0100] {dag.py:4180} INFO - Setting next_dagrun for tutorial_objectstorage to None, run_after=None
[2025-03-07T14:16:32.289+0100] {processor.py:208} INFO - Processing /usr/local/anaconda3/envs/airflow_env/lib/python3.8/site-packages/airflow/example_dags/tutorial_objectstorage.py took 0.118 seconds
[2025-03-07T14:18:48.231+0100] {processor.py:186} INFO - Started process (PID=3502) to work on /usr/local/anaconda3/envs/airflow_env/lib/python3.8/site-packages/airflow/example_dags/tutorial_objectstorage.py
[2025-03-07T14:18:48.234+0100] {processor.py:914} INFO - Processing file /usr/local/anaconda3/envs/airflow_env/lib/python3.8/site-packages/airflow/example_dags/tutorial_objectstorage.py for tasks to queue
[2025-03-07T14:18:48.235+0100] {logging_mixin.py:190} INFO - [2025-03-07T14:18:48.235+0100] {dagbag.py:588} INFO - Filling up the DagBag from /usr/local/anaconda3/envs/airflow_env/lib/python3.8/site-packages/airflow/example_dags/tutorial_objectstorage.py
[2025-03-07T14:18:48.260+0100] {processor.py:925} INFO - DAG(s) 'tutorial_objectstorage' retrieved from /usr/local/anaconda3/envs/airflow_env/lib/python3.8/site-packages/airflow/example_dags/tutorial_objectstorage.py
[2025-03-07T14:18:48.330+0100] {logging_mixin.py:190} INFO - [2025-03-07T14:18:48.330+0100] {dag.py:3239} INFO - Sync 1 DAGs
[2025-03-07T14:18:48.338+0100] {logging_mixin.py:190} INFO - [2025-03-07T14:18:48.338+0100] {dag.py:4180} INFO - Setting next_dagrun for tutorial_objectstorage to None, run_after=None
[2025-03-07T14:18:48.352+0100] {processor.py:208} INFO - Processing /usr/local/anaconda3/envs/airflow_env/lib/python3.8/site-packages/airflow/example_dags/tutorial_objectstorage.py took 0.124 seconds
[2025-03-07T14:21:03.231+0100] {processor.py:186} INFO - Started process (PID=3802) to work on /usr/local/anaconda3/envs/airflow_env/lib/python3.8/site-packages/airflow/example_dags/tutorial_objectstorage.py
[2025-03-07T14:21:03.234+0100] {processor.py:914} INFO - Processing file /usr/local/anaconda3/envs/airflow_env/lib/python3.8/site-packages/airflow/example_dags/tutorial_objectstorage.py for tasks to queue
[2025-03-07T14:21:03.235+0100] {logging_mixin.py:190} INFO - [2025-03-07T14:21:03.234+0100] {dagbag.py:588} INFO - Filling up the DagBag from /usr/local/anaconda3/envs/airflow_env/lib/python3.8/site-packages/airflow/example_dags/tutorial_objectstorage.py
[2025-03-07T14:21:03.259+0100] {processor.py:925} INFO - DAG(s) 'tutorial_objectstorage' retrieved from /usr/local/anaconda3/envs/airflow_env/lib/python3.8/site-packages/airflow/example_dags/tutorial_objectstorage.py
[2025-03-07T14:21:03.329+0100] {logging_mixin.py:190} INFO - [2025-03-07T14:21:03.328+0100] {dag.py:3239} INFO - Sync 1 DAGs
[2025-03-07T14:21:03.336+0100] {logging_mixin.py:190} INFO - [2025-03-07T14:21:03.336+0100] {dag.py:4180} INFO - Setting next_dagrun for tutorial_objectstorage to None, run_after=None
[2025-03-07T14:21:03.348+0100] {processor.py:208} INFO - Processing /usr/local/anaconda3/envs/airflow_env/lib/python3.8/site-packages/airflow/example_dags/tutorial_objectstorage.py took 0.120 seconds
[2025-03-07T14:23:18.447+0100] {processor.py:186} INFO - Started process (PID=4019) to work on /usr/local/anaconda3/envs/airflow_env/lib/python3.8/site-packages/airflow/example_dags/tutorial_objectstorage.py
[2025-03-07T14:23:18.450+0100] {processor.py:914} INFO - Processing file /usr/local/anaconda3/envs/airflow_env/lib/python3.8/site-packages/airflow/example_dags/tutorial_objectstorage.py for tasks to queue
[2025-03-07T14:23:18.451+0100] {logging_mixin.py:190} INFO - [2025-03-07T14:23:18.451+0100] {dagbag.py:588} INFO - Filling up the DagBag from /usr/local/anaconda3/envs/airflow_env/lib/python3.8/site-packages/airflow/example_dags/tutorial_objectstorage.py
[2025-03-07T14:23:18.476+0100] {processor.py:925} INFO - DAG(s) 'tutorial_objectstorage' retrieved from /usr/local/anaconda3/envs/airflow_env/lib/python3.8/site-packages/airflow/example_dags/tutorial_objectstorage.py
[2025-03-07T14:23:18.546+0100] {logging_mixin.py:190} INFO - [2025-03-07T14:23:18.546+0100] {dag.py:3239} INFO - Sync 1 DAGs
[2025-03-07T14:23:18.554+0100] {logging_mixin.py:190} INFO - [2025-03-07T14:23:18.553+0100] {dag.py:4180} INFO - Setting next_dagrun for tutorial_objectstorage to None, run_after=None
[2025-03-07T14:23:18.566+0100] {processor.py:208} INFO - Processing /usr/local/anaconda3/envs/airflow_env/lib/python3.8/site-packages/airflow/example_dags/tutorial_objectstorage.py took 0.121 seconds
[2025-03-07T14:25:41.536+0100] {processor.py:186} INFO - Started process (PID=4245) to work on /usr/local/anaconda3/envs/airflow_env/lib/python3.8/site-packages/airflow/example_dags/tutorial_objectstorage.py
[2025-03-07T14:25:41.539+0100] {processor.py:914} INFO - Processing file /usr/local/anaconda3/envs/airflow_env/lib/python3.8/site-packages/airflow/example_dags/tutorial_objectstorage.py for tasks to queue
[2025-03-07T14:25:41.540+0100] {logging_mixin.py:190} INFO - [2025-03-07T14:25:41.540+0100] {dagbag.py:588} INFO - Filling up the DagBag from /usr/local/anaconda3/envs/airflow_env/lib/python3.8/site-packages/airflow/example_dags/tutorial_objectstorage.py
[2025-03-07T14:25:41.564+0100] {processor.py:925} INFO - DAG(s) 'tutorial_objectstorage' retrieved from /usr/local/anaconda3/envs/airflow_env/lib/python3.8/site-packages/airflow/example_dags/tutorial_objectstorage.py
[2025-03-07T14:25:41.633+0100] {logging_mixin.py:190} INFO - [2025-03-07T14:25:41.633+0100] {dag.py:3239} INFO - Sync 1 DAGs
[2025-03-07T14:25:41.640+0100] {logging_mixin.py:190} INFO - [2025-03-07T14:25:41.640+0100] {dag.py:4180} INFO - Setting next_dagrun for tutorial_objectstorage to None, run_after=None
[2025-03-07T14:25:41.652+0100] {processor.py:208} INFO - Processing /usr/local/anaconda3/envs/airflow_env/lib/python3.8/site-packages/airflow/example_dags/tutorial_objectstorage.py took 0.119 seconds
[2025-03-07T14:27:03.778+0100] {processor.py:186} INFO - Started process (PID=4391) to work on /usr/local/anaconda3/envs/airflow_env/lib/python3.8/site-packages/airflow/example_dags/tutorial_objectstorage.py
[2025-03-07T14:27:03.782+0100] {processor.py:914} INFO - Processing file /usr/local/anaconda3/envs/airflow_env/lib/python3.8/site-packages/airflow/example_dags/tutorial_objectstorage.py for tasks to queue
[2025-03-07T14:27:03.783+0100] {logging_mixin.py:190} INFO - [2025-03-07T14:27:03.783+0100] {dagbag.py:588} INFO - Filling up the DagBag from /usr/local/anaconda3/envs/airflow_env/lib/python3.8/site-packages/airflow/example_dags/tutorial_objectstorage.py
[2025-03-07T14:27:03.812+0100] {processor.py:925} INFO - DAG(s) 'tutorial_objectstorage' retrieved from /usr/local/anaconda3/envs/airflow_env/lib/python3.8/site-packages/airflow/example_dags/tutorial_objectstorage.py
[2025-03-07T14:27:03.893+0100] {logging_mixin.py:190} INFO - [2025-03-07T14:27:03.892+0100] {dag.py:3239} INFO - Sync 1 DAGs
[2025-03-07T14:27:03.901+0100] {logging_mixin.py:190} INFO - [2025-03-07T14:27:03.900+0100] {dag.py:4180} INFO - Setting next_dagrun for tutorial_objectstorage to None, run_after=None
[2025-03-07T14:27:03.915+0100] {processor.py:208} INFO - Processing /usr/local/anaconda3/envs/airflow_env/lib/python3.8/site-packages/airflow/example_dags/tutorial_objectstorage.py took 0.140 seconds
[2025-03-07T14:43:48.392+0100] {processor.py:186} INFO - Started process (PID=4901) to work on /usr/local/anaconda3/envs/airflow_env/lib/python3.8/site-packages/airflow/example_dags/tutorial_objectstorage.py
[2025-03-07T14:43:48.395+0100] {processor.py:914} INFO - Processing file /usr/local/anaconda3/envs/airflow_env/lib/python3.8/site-packages/airflow/example_dags/tutorial_objectstorage.py for tasks to queue
[2025-03-07T14:43:48.396+0100] {logging_mixin.py:190} INFO - [2025-03-07T14:43:48.395+0100] {dagbag.py:588} INFO - Filling up the DagBag from /usr/local/anaconda3/envs/airflow_env/lib/python3.8/site-packages/airflow/example_dags/tutorial_objectstorage.py
[2025-03-07T14:43:48.419+0100] {processor.py:925} INFO - DAG(s) 'tutorial_objectstorage' retrieved from /usr/local/anaconda3/envs/airflow_env/lib/python3.8/site-packages/airflow/example_dags/tutorial_objectstorage.py
[2025-03-07T14:43:48.486+0100] {logging_mixin.py:190} INFO - [2025-03-07T14:43:48.486+0100] {dag.py:3239} INFO - Sync 1 DAGs
[2025-03-07T14:43:48.494+0100] {logging_mixin.py:190} INFO - [2025-03-07T14:43:48.494+0100] {dag.py:4180} INFO - Setting next_dagrun for tutorial_objectstorage to None, run_after=None
[2025-03-07T14:43:48.505+0100] {processor.py:208} INFO - Processing /usr/local/anaconda3/envs/airflow_env/lib/python3.8/site-packages/airflow/example_dags/tutorial_objectstorage.py took 0.116 seconds
[2025-03-07T14:46:36.878+0100] {processor.py:186} INFO - Started process (PID=5123) to work on /usr/local/anaconda3/envs/airflow_env/lib/python3.8/site-packages/airflow/example_dags/tutorial_objectstorage.py
[2025-03-07T14:46:36.881+0100] {processor.py:914} INFO - Processing file /usr/local/anaconda3/envs/airflow_env/lib/python3.8/site-packages/airflow/example_dags/tutorial_objectstorage.py for tasks to queue
[2025-03-07T14:46:36.882+0100] {logging_mixin.py:190} INFO - [2025-03-07T14:46:36.882+0100] {dagbag.py:588} INFO - Filling up the DagBag from /usr/local/anaconda3/envs/airflow_env/lib/python3.8/site-packages/airflow/example_dags/tutorial_objectstorage.py
[2025-03-07T14:46:36.909+0100] {processor.py:925} INFO - DAG(s) 'tutorial_objectstorage' retrieved from /usr/local/anaconda3/envs/airflow_env/lib/python3.8/site-packages/airflow/example_dags/tutorial_objectstorage.py
[2025-03-07T14:46:36.985+0100] {logging_mixin.py:190} INFO - [2025-03-07T14:46:36.985+0100] {dag.py:3239} INFO - Sync 1 DAGs
[2025-03-07T14:46:36.994+0100] {logging_mixin.py:190} INFO - [2025-03-07T14:46:36.993+0100] {dag.py:4180} INFO - Setting next_dagrun for tutorial_objectstorage to None, run_after=None
[2025-03-07T14:46:37.008+0100] {processor.py:208} INFO - Processing /usr/local/anaconda3/envs/airflow_env/lib/python3.8/site-packages/airflow/example_dags/tutorial_objectstorage.py took 0.134 seconds
[2025-03-07T14:48:55.996+0100] {processor.py:186} INFO - Started process (PID=5388) to work on /usr/local/anaconda3/envs/airflow_env/lib/python3.8/site-packages/airflow/example_dags/tutorial_objectstorage.py
[2025-03-07T14:48:55.999+0100] {processor.py:914} INFO - Processing file /usr/local/anaconda3/envs/airflow_env/lib/python3.8/site-packages/airflow/example_dags/tutorial_objectstorage.py for tasks to queue
[2025-03-07T14:48:55.999+0100] {logging_mixin.py:190} INFO - [2025-03-07T14:48:55.999+0100] {dagbag.py:588} INFO - Filling up the DagBag from /usr/local/anaconda3/envs/airflow_env/lib/python3.8/site-packages/airflow/example_dags/tutorial_objectstorage.py
[2025-03-07T14:48:56.024+0100] {processor.py:925} INFO - DAG(s) 'tutorial_objectstorage' retrieved from /usr/local/anaconda3/envs/airflow_env/lib/python3.8/site-packages/airflow/example_dags/tutorial_objectstorage.py
[2025-03-07T14:48:56.093+0100] {logging_mixin.py:190} INFO - [2025-03-07T14:48:56.093+0100] {dag.py:3239} INFO - Sync 1 DAGs
[2025-03-07T14:48:56.101+0100] {logging_mixin.py:190} INFO - [2025-03-07T14:48:56.101+0100] {dag.py:4180} INFO - Setting next_dagrun for tutorial_objectstorage to None, run_after=None
[2025-03-07T14:48:56.112+0100] {processor.py:208} INFO - Processing /usr/local/anaconda3/envs/airflow_env/lib/python3.8/site-packages/airflow/example_dags/tutorial_objectstorage.py took 0.120 seconds
[2025-03-07T14:49:42.826+0100] {processor.py:186} INFO - Started process (PID=5520) to work on /usr/local/anaconda3/envs/airflow_env/lib/python3.8/site-packages/airflow/example_dags/tutorial_objectstorage.py
[2025-03-07T14:49:42.829+0100] {processor.py:914} INFO - Processing file /usr/local/anaconda3/envs/airflow_env/lib/python3.8/site-packages/airflow/example_dags/tutorial_objectstorage.py for tasks to queue
[2025-03-07T14:49:42.830+0100] {logging_mixin.py:190} INFO - [2025-03-07T14:49:42.830+0100] {dagbag.py:588} INFO - Filling up the DagBag from /usr/local/anaconda3/envs/airflow_env/lib/python3.8/site-packages/airflow/example_dags/tutorial_objectstorage.py
[2025-03-07T14:49:42.857+0100] {processor.py:925} INFO - DAG(s) 'tutorial_objectstorage' retrieved from /usr/local/anaconda3/envs/airflow_env/lib/python3.8/site-packages/airflow/example_dags/tutorial_objectstorage.py
[2025-03-07T14:49:42.934+0100] {logging_mixin.py:190} INFO - [2025-03-07T14:49:42.933+0100] {dag.py:3239} INFO - Sync 1 DAGs
[2025-03-07T14:49:42.950+0100] {logging_mixin.py:190} INFO - [2025-03-07T14:49:42.950+0100] {dag.py:4180} INFO - Setting next_dagrun for tutorial_objectstorage to None, run_after=None
[2025-03-07T14:49:42.973+0100] {processor.py:208} INFO - Processing /usr/local/anaconda3/envs/airflow_env/lib/python3.8/site-packages/airflow/example_dags/tutorial_objectstorage.py took 0.151 seconds
[2025-03-07T14:52:14.204+0100] {processor.py:186} INFO - Started process (PID=5846) to work on /usr/local/anaconda3/envs/airflow_env/lib/python3.8/site-packages/airflow/example_dags/tutorial_objectstorage.py
[2025-03-07T14:52:14.207+0100] {processor.py:914} INFO - Processing file /usr/local/anaconda3/envs/airflow_env/lib/python3.8/site-packages/airflow/example_dags/tutorial_objectstorage.py for tasks to queue
[2025-03-07T14:52:14.208+0100] {logging_mixin.py:190} INFO - [2025-03-07T14:52:14.208+0100] {dagbag.py:588} INFO - Filling up the DagBag from /usr/local/anaconda3/envs/airflow_env/lib/python3.8/site-packages/airflow/example_dags/tutorial_objectstorage.py
[2025-03-07T14:52:14.234+0100] {processor.py:925} INFO - DAG(s) 'tutorial_objectstorage' retrieved from /usr/local/anaconda3/envs/airflow_env/lib/python3.8/site-packages/airflow/example_dags/tutorial_objectstorage.py
[2025-03-07T14:52:14.305+0100] {logging_mixin.py:190} INFO - [2025-03-07T14:52:14.304+0100] {dag.py:3239} INFO - Sync 1 DAGs
[2025-03-07T14:52:14.313+0100] {logging_mixin.py:190} INFO - [2025-03-07T14:52:14.313+0100] {dag.py:4180} INFO - Setting next_dagrun for tutorial_objectstorage to None, run_after=None
[2025-03-07T14:52:14.325+0100] {processor.py:208} INFO - Processing /usr/local/anaconda3/envs/airflow_env/lib/python3.8/site-packages/airflow/example_dags/tutorial_objectstorage.py took 0.124 seconds
[2025-03-07T14:53:11.581+0100] {processor.py:186} INFO - Started process (PID=5977) to work on /usr/local/anaconda3/envs/airflow_env/lib/python3.8/site-packages/airflow/example_dags/tutorial_objectstorage.py
[2025-03-07T14:53:11.584+0100] {processor.py:914} INFO - Processing file /usr/local/anaconda3/envs/airflow_env/lib/python3.8/site-packages/airflow/example_dags/tutorial_objectstorage.py for tasks to queue
[2025-03-07T14:53:11.585+0100] {logging_mixin.py:190} INFO - [2025-03-07T14:53:11.585+0100] {dagbag.py:588} INFO - Filling up the DagBag from /usr/local/anaconda3/envs/airflow_env/lib/python3.8/site-packages/airflow/example_dags/tutorial_objectstorage.py
[2025-03-07T14:53:11.612+0100] {processor.py:925} INFO - DAG(s) 'tutorial_objectstorage' retrieved from /usr/local/anaconda3/envs/airflow_env/lib/python3.8/site-packages/airflow/example_dags/tutorial_objectstorage.py
[2025-03-07T14:53:11.687+0100] {logging_mixin.py:190} INFO - [2025-03-07T14:53:11.687+0100] {dag.py:3239} INFO - Sync 1 DAGs
[2025-03-07T14:53:11.695+0100] {logging_mixin.py:190} INFO - [2025-03-07T14:53:11.695+0100] {dag.py:4180} INFO - Setting next_dagrun for tutorial_objectstorage to None, run_after=None
[2025-03-07T14:53:11.709+0100] {processor.py:208} INFO - Processing /usr/local/anaconda3/envs/airflow_env/lib/python3.8/site-packages/airflow/example_dags/tutorial_objectstorage.py took 0.131 seconds
[2025-03-07T14:55:57.182+0100] {processor.py:186} INFO - Started process (PID=6283) to work on /usr/local/anaconda3/envs/airflow_env/lib/python3.8/site-packages/airflow/example_dags/tutorial_objectstorage.py
[2025-03-07T14:55:57.185+0100] {processor.py:914} INFO - Processing file /usr/local/anaconda3/envs/airflow_env/lib/python3.8/site-packages/airflow/example_dags/tutorial_objectstorage.py for tasks to queue
[2025-03-07T14:55:57.186+0100] {logging_mixin.py:190} INFO - [2025-03-07T14:55:57.186+0100] {dagbag.py:588} INFO - Filling up the DagBag from /usr/local/anaconda3/envs/airflow_env/lib/python3.8/site-packages/airflow/example_dags/tutorial_objectstorage.py
[2025-03-07T14:55:57.209+0100] {processor.py:925} INFO - DAG(s) 'tutorial_objectstorage' retrieved from /usr/local/anaconda3/envs/airflow_env/lib/python3.8/site-packages/airflow/example_dags/tutorial_objectstorage.py
[2025-03-07T14:55:57.277+0100] {logging_mixin.py:190} INFO - [2025-03-07T14:55:57.276+0100] {dag.py:3239} INFO - Sync 1 DAGs
[2025-03-07T14:55:57.284+0100] {logging_mixin.py:190} INFO - [2025-03-07T14:55:57.284+0100] {dag.py:4180} INFO - Setting next_dagrun for tutorial_objectstorage to None, run_after=None
[2025-03-07T14:55:57.295+0100] {processor.py:208} INFO - Processing /usr/local/anaconda3/envs/airflow_env/lib/python3.8/site-packages/airflow/example_dags/tutorial_objectstorage.py took 0.116 seconds
[2025-03-07T14:58:09.863+0100] {processor.py:186} INFO - Started process (PID=6553) to work on /usr/local/anaconda3/envs/airflow_env/lib/python3.8/site-packages/airflow/example_dags/tutorial_objectstorage.py
[2025-03-07T14:58:09.866+0100] {processor.py:914} INFO - Processing file /usr/local/anaconda3/envs/airflow_env/lib/python3.8/site-packages/airflow/example_dags/tutorial_objectstorage.py for tasks to queue
[2025-03-07T14:58:09.867+0100] {logging_mixin.py:190} INFO - [2025-03-07T14:58:09.867+0100] {dagbag.py:588} INFO - Filling up the DagBag from /usr/local/anaconda3/envs/airflow_env/lib/python3.8/site-packages/airflow/example_dags/tutorial_objectstorage.py
[2025-03-07T14:58:09.891+0100] {processor.py:925} INFO - DAG(s) 'tutorial_objectstorage' retrieved from /usr/local/anaconda3/envs/airflow_env/lib/python3.8/site-packages/airflow/example_dags/tutorial_objectstorage.py
[2025-03-07T14:58:09.959+0100] {logging_mixin.py:190} INFO - [2025-03-07T14:58:09.959+0100] {dag.py:3239} INFO - Sync 1 DAGs
[2025-03-07T14:58:09.967+0100] {logging_mixin.py:190} INFO - [2025-03-07T14:58:09.967+0100] {dag.py:4180} INFO - Setting next_dagrun for tutorial_objectstorage to None, run_after=None
[2025-03-07T14:58:09.978+0100] {processor.py:208} INFO - Processing /usr/local/anaconda3/envs/airflow_env/lib/python3.8/site-packages/airflow/example_dags/tutorial_objectstorage.py took 0.119 seconds
[2025-03-07T15:00:22.092+0100] {processor.py:186} INFO - Started process (PID=6847) to work on /usr/local/anaconda3/envs/airflow_env/lib/python3.8/site-packages/airflow/example_dags/tutorial_objectstorage.py
[2025-03-07T15:00:22.095+0100] {processor.py:914} INFO - Processing file /usr/local/anaconda3/envs/airflow_env/lib/python3.8/site-packages/airflow/example_dags/tutorial_objectstorage.py for tasks to queue
[2025-03-07T15:00:22.096+0100] {logging_mixin.py:190} INFO - [2025-03-07T15:00:22.096+0100] {dagbag.py:588} INFO - Filling up the DagBag from /usr/local/anaconda3/envs/airflow_env/lib/python3.8/site-packages/airflow/example_dags/tutorial_objectstorage.py
[2025-03-07T15:00:22.121+0100] {processor.py:925} INFO - DAG(s) 'tutorial_objectstorage' retrieved from /usr/local/anaconda3/envs/airflow_env/lib/python3.8/site-packages/airflow/example_dags/tutorial_objectstorage.py
[2025-03-07T15:00:22.189+0100] {logging_mixin.py:190} INFO - [2025-03-07T15:00:22.189+0100] {dag.py:3239} INFO - Sync 1 DAGs
[2025-03-07T15:00:22.197+0100] {logging_mixin.py:190} INFO - [2025-03-07T15:00:22.197+0100] {dag.py:4180} INFO - Setting next_dagrun for tutorial_objectstorage to None, run_after=None
[2025-03-07T15:00:22.209+0100] {processor.py:208} INFO - Processing /usr/local/anaconda3/envs/airflow_env/lib/python3.8/site-packages/airflow/example_dags/tutorial_objectstorage.py took 0.119 seconds
[2025-03-07T15:02:47.579+0100] {processor.py:186} INFO - Started process (PID=7108) to work on /usr/local/anaconda3/envs/airflow_env/lib/python3.8/site-packages/airflow/example_dags/tutorial_objectstorage.py
[2025-03-07T15:02:47.582+0100] {processor.py:914} INFO - Processing file /usr/local/anaconda3/envs/airflow_env/lib/python3.8/site-packages/airflow/example_dags/tutorial_objectstorage.py for tasks to queue
[2025-03-07T15:02:47.583+0100] {logging_mixin.py:190} INFO - [2025-03-07T15:02:47.583+0100] {dagbag.py:588} INFO - Filling up the DagBag from /usr/local/anaconda3/envs/airflow_env/lib/python3.8/site-packages/airflow/example_dags/tutorial_objectstorage.py
[2025-03-07T15:02:47.607+0100] {processor.py:925} INFO - DAG(s) 'tutorial_objectstorage' retrieved from /usr/local/anaconda3/envs/airflow_env/lib/python3.8/site-packages/airflow/example_dags/tutorial_objectstorage.py
[2025-03-07T15:02:47.676+0100] {logging_mixin.py:190} INFO - [2025-03-07T15:02:47.676+0100] {dag.py:3239} INFO - Sync 1 DAGs
[2025-03-07T15:02:47.684+0100] {logging_mixin.py:190} INFO - [2025-03-07T15:02:47.684+0100] {dag.py:4180} INFO - Setting next_dagrun for tutorial_objectstorage to None, run_after=None
[2025-03-07T15:02:47.696+0100] {processor.py:208} INFO - Processing /usr/local/anaconda3/envs/airflow_env/lib/python3.8/site-packages/airflow/example_dags/tutorial_objectstorage.py took 0.120 seconds
[2025-03-07T15:05:08.383+0100] {processor.py:186} INFO - Started process (PID=7307) to work on /usr/local/anaconda3/envs/airflow_env/lib/python3.8/site-packages/airflow/example_dags/tutorial_objectstorage.py
[2025-03-07T15:05:08.386+0100] {processor.py:914} INFO - Processing file /usr/local/anaconda3/envs/airflow_env/lib/python3.8/site-packages/airflow/example_dags/tutorial_objectstorage.py for tasks to queue
[2025-03-07T15:05:08.387+0100] {logging_mixin.py:190} INFO - [2025-03-07T15:05:08.387+0100] {dagbag.py:588} INFO - Filling up the DagBag from /usr/local/anaconda3/envs/airflow_env/lib/python3.8/site-packages/airflow/example_dags/tutorial_objectstorage.py
[2025-03-07T15:05:08.412+0100] {processor.py:925} INFO - DAG(s) 'tutorial_objectstorage' retrieved from /usr/local/anaconda3/envs/airflow_env/lib/python3.8/site-packages/airflow/example_dags/tutorial_objectstorage.py
[2025-03-07T15:05:08.481+0100] {logging_mixin.py:190} INFO - [2025-03-07T15:05:08.480+0100] {dag.py:3239} INFO - Sync 1 DAGs
[2025-03-07T15:05:08.489+0100] {logging_mixin.py:190} INFO - [2025-03-07T15:05:08.488+0100] {dag.py:4180} INFO - Setting next_dagrun for tutorial_objectstorage to None, run_after=None
[2025-03-07T15:05:08.500+0100] {processor.py:208} INFO - Processing /usr/local/anaconda3/envs/airflow_env/lib/python3.8/site-packages/airflow/example_dags/tutorial_objectstorage.py took 0.120 seconds
[2025-03-07T15:07:33.193+0100] {processor.py:186} INFO - Started process (PID=7598) to work on /usr/local/anaconda3/envs/airflow_env/lib/python3.8/site-packages/airflow/example_dags/tutorial_objectstorage.py
[2025-03-07T15:07:33.197+0100] {processor.py:914} INFO - Processing file /usr/local/anaconda3/envs/airflow_env/lib/python3.8/site-packages/airflow/example_dags/tutorial_objectstorage.py for tasks to queue
[2025-03-07T15:07:33.198+0100] {logging_mixin.py:190} INFO - [2025-03-07T15:07:33.197+0100] {dagbag.py:588} INFO - Filling up the DagBag from /usr/local/anaconda3/envs/airflow_env/lib/python3.8/site-packages/airflow/example_dags/tutorial_objectstorage.py
[2025-03-07T15:07:33.222+0100] {processor.py:925} INFO - DAG(s) 'tutorial_objectstorage' retrieved from /usr/local/anaconda3/envs/airflow_env/lib/python3.8/site-packages/airflow/example_dags/tutorial_objectstorage.py
[2025-03-07T15:07:33.291+0100] {logging_mixin.py:190} INFO - [2025-03-07T15:07:33.290+0100] {dag.py:3239} INFO - Sync 1 DAGs
[2025-03-07T15:07:33.299+0100] {logging_mixin.py:190} INFO - [2025-03-07T15:07:33.299+0100] {dag.py:4180} INFO - Setting next_dagrun for tutorial_objectstorage to None, run_after=None
[2025-03-07T15:07:33.314+0100] {processor.py:208} INFO - Processing /usr/local/anaconda3/envs/airflow_env/lib/python3.8/site-packages/airflow/example_dags/tutorial_objectstorage.py took 0.124 seconds
[2025-03-07T15:09:59.279+0100] {processor.py:186} INFO - Started process (PID=7837) to work on /usr/local/anaconda3/envs/airflow_env/lib/python3.8/site-packages/airflow/example_dags/tutorial_objectstorage.py
[2025-03-07T15:09:59.283+0100] {processor.py:914} INFO - Processing file /usr/local/anaconda3/envs/airflow_env/lib/python3.8/site-packages/airflow/example_dags/tutorial_objectstorage.py for tasks to queue
[2025-03-07T15:09:59.284+0100] {logging_mixin.py:190} INFO - [2025-03-07T15:09:59.283+0100] {dagbag.py:588} INFO - Filling up the DagBag from /usr/local/anaconda3/envs/airflow_env/lib/python3.8/site-packages/airflow/example_dags/tutorial_objectstorage.py
[2025-03-07T15:09:59.309+0100] {processor.py:925} INFO - DAG(s) 'tutorial_objectstorage' retrieved from /usr/local/anaconda3/envs/airflow_env/lib/python3.8/site-packages/airflow/example_dags/tutorial_objectstorage.py
[2025-03-07T15:09:59.385+0100] {logging_mixin.py:190} INFO - [2025-03-07T15:09:59.384+0100] {dag.py:3239} INFO - Sync 1 DAGs
[2025-03-07T15:09:59.393+0100] {logging_mixin.py:190} INFO - [2025-03-07T15:09:59.393+0100] {dag.py:4180} INFO - Setting next_dagrun for tutorial_objectstorage to None, run_after=None
[2025-03-07T15:09:59.405+0100] {processor.py:208} INFO - Processing /usr/local/anaconda3/envs/airflow_env/lib/python3.8/site-packages/airflow/example_dags/tutorial_objectstorage.py took 0.129 seconds
[2025-03-07T15:12:41.420+0100] {processor.py:186} INFO - Started process (PID=8150) to work on /usr/local/anaconda3/envs/airflow_env/lib/python3.8/site-packages/airflow/example_dags/tutorial_objectstorage.py
[2025-03-07T15:12:41.423+0100] {processor.py:914} INFO - Processing file /usr/local/anaconda3/envs/airflow_env/lib/python3.8/site-packages/airflow/example_dags/tutorial_objectstorage.py for tasks to queue
[2025-03-07T15:12:41.424+0100] {logging_mixin.py:190} INFO - [2025-03-07T15:12:41.424+0100] {dagbag.py:588} INFO - Filling up the DagBag from /usr/local/anaconda3/envs/airflow_env/lib/python3.8/site-packages/airflow/example_dags/tutorial_objectstorage.py
[2025-03-07T15:12:41.455+0100] {processor.py:925} INFO - DAG(s) 'tutorial_objectstorage' retrieved from /usr/local/anaconda3/envs/airflow_env/lib/python3.8/site-packages/airflow/example_dags/tutorial_objectstorage.py
[2025-03-07T15:12:41.534+0100] {logging_mixin.py:190} INFO - [2025-03-07T15:12:41.534+0100] {dag.py:3239} INFO - Sync 1 DAGs
[2025-03-07T15:12:41.544+0100] {logging_mixin.py:190} INFO - [2025-03-07T15:12:41.544+0100] {dag.py:4180} INFO - Setting next_dagrun for tutorial_objectstorage to None, run_after=None
[2025-03-07T15:12:41.559+0100] {processor.py:208} INFO - Processing /usr/local/anaconda3/envs/airflow_env/lib/python3.8/site-packages/airflow/example_dags/tutorial_objectstorage.py took 0.143 seconds
[2025-03-07T15:15:37.242+0100] {processor.py:186} INFO - Started process (PID=8482) to work on /usr/local/anaconda3/envs/airflow_env/lib/python3.8/site-packages/airflow/example_dags/tutorial_objectstorage.py
[2025-03-07T15:15:37.245+0100] {processor.py:914} INFO - Processing file /usr/local/anaconda3/envs/airflow_env/lib/python3.8/site-packages/airflow/example_dags/tutorial_objectstorage.py for tasks to queue
[2025-03-07T15:15:37.246+0100] {logging_mixin.py:190} INFO - [2025-03-07T15:15:37.246+0100] {dagbag.py:588} INFO - Filling up the DagBag from /usr/local/anaconda3/envs/airflow_env/lib/python3.8/site-packages/airflow/example_dags/tutorial_objectstorage.py
[2025-03-07T15:15:37.271+0100] {processor.py:925} INFO - DAG(s) 'tutorial_objectstorage' retrieved from /usr/local/anaconda3/envs/airflow_env/lib/python3.8/site-packages/airflow/example_dags/tutorial_objectstorage.py
[2025-03-07T15:15:37.340+0100] {logging_mixin.py:190} INFO - [2025-03-07T15:15:37.340+0100] {dag.py:3239} INFO - Sync 1 DAGs
[2025-03-07T15:15:37.348+0100] {logging_mixin.py:190} INFO - [2025-03-07T15:15:37.348+0100] {dag.py:4180} INFO - Setting next_dagrun for tutorial_objectstorage to None, run_after=None
[2025-03-07T15:15:37.359+0100] {processor.py:208} INFO - Processing /usr/local/anaconda3/envs/airflow_env/lib/python3.8/site-packages/airflow/example_dags/tutorial_objectstorage.py took 0.120 seconds
[2025-03-07T15:17:58.734+0100] {processor.py:186} INFO - Started process (PID=8718) to work on /usr/local/anaconda3/envs/airflow_env/lib/python3.8/site-packages/airflow/example_dags/tutorial_objectstorage.py
[2025-03-07T15:17:58.737+0100] {processor.py:914} INFO - Processing file /usr/local/anaconda3/envs/airflow_env/lib/python3.8/site-packages/airflow/example_dags/tutorial_objectstorage.py for tasks to queue
[2025-03-07T15:17:58.738+0100] {logging_mixin.py:190} INFO - [2025-03-07T15:17:58.738+0100] {dagbag.py:588} INFO - Filling up the DagBag from /usr/local/anaconda3/envs/airflow_env/lib/python3.8/site-packages/airflow/example_dags/tutorial_objectstorage.py
[2025-03-07T15:17:58.762+0100] {processor.py:925} INFO - DAG(s) 'tutorial_objectstorage' retrieved from /usr/local/anaconda3/envs/airflow_env/lib/python3.8/site-packages/airflow/example_dags/tutorial_objectstorage.py
[2025-03-07T15:17:58.832+0100] {logging_mixin.py:190} INFO - [2025-03-07T15:17:58.832+0100] {dag.py:3239} INFO - Sync 1 DAGs
[2025-03-07T15:17:58.840+0100] {logging_mixin.py:190} INFO - [2025-03-07T15:17:58.840+0100] {dag.py:4180} INFO - Setting next_dagrun for tutorial_objectstorage to None, run_after=None
[2025-03-07T15:17:58.852+0100] {processor.py:208} INFO - Processing /usr/local/anaconda3/envs/airflow_env/lib/python3.8/site-packages/airflow/example_dags/tutorial_objectstorage.py took 0.121 seconds
