[2025-03-07T14:10:43.693+0100] {processor.py:186} INFO - Started process (PID=2605) to work on /usr/local/anaconda3/envs/airflow_env/lib/python3.8/site-packages/airflow/example_dags/tutorial_taskflow_templates.py
[2025-03-07T14:10:43.696+0100] {processor.py:914} INFO - Processing file /usr/local/anaconda3/envs/airflow_env/lib/python3.8/site-packages/airflow/example_dags/tutorial_taskflow_templates.py for tasks to queue
[2025-03-07T14:10:43.697+0100] {logging_mixin.py:190} INFO - [2025-03-07T14:10:43.697+0100] {dagbag.py:588} INFO - Filling up the DagBag from /usr/local/anaconda3/envs/airflow_env/lib/python3.8/site-packages/airflow/example_dags/tutorial_taskflow_templates.py
[2025-03-07T14:10:43.726+0100] {processor.py:925} INFO - DAG(s) 'tutorial_taskflow_templates' retrieved from /usr/local/anaconda3/envs/airflow_env/lib/python3.8/site-packages/airflow/example_dags/tutorial_taskflow_templates.py
[2025-03-07T14:10:43.849+0100] {logging_mixin.py:190} INFO - [2025-03-07T14:10:43.849+0100] {override.py:1901} INFO - Created Permission View: can read on DAG:tutorial_taskflow_templates
[2025-03-07T14:10:43.855+0100] {logging_mixin.py:190} INFO - [2025-03-07T14:10:43.855+0100] {override.py:1901} INFO - Created Permission View: can delete on DAG:tutorial_taskflow_templates
[2025-03-07T14:10:43.859+0100] {logging_mixin.py:190} INFO - [2025-03-07T14:10:43.859+0100] {override.py:1901} INFO - Created Permission View: can edit on DAG:tutorial_taskflow_templates
[2025-03-07T14:10:43.864+0100] {logging_mixin.py:190} INFO - [2025-03-07T14:10:43.864+0100] {override.py:1901} INFO - Created Permission View: menu access on DAG Run:tutorial_taskflow_templates
[2025-03-07T14:10:43.868+0100] {logging_mixin.py:190} INFO - [2025-03-07T14:10:43.868+0100] {override.py:1901} INFO - Created Permission View: can read on DAG Run:tutorial_taskflow_templates
[2025-03-07T14:10:43.872+0100] {logging_mixin.py:190} INFO - [2025-03-07T14:10:43.872+0100] {override.py:1901} INFO - Created Permission View: can create on DAG Run:tutorial_taskflow_templates
[2025-03-07T14:10:43.876+0100] {logging_mixin.py:190} INFO - [2025-03-07T14:10:43.876+0100] {override.py:1901} INFO - Created Permission View: can delete on DAG Run:tutorial_taskflow_templates
[2025-03-07T14:10:43.877+0100] {logging_mixin.py:190} INFO - [2025-03-07T14:10:43.876+0100] {dag.py:3239} INFO - Sync 1 DAGs
[2025-03-07T14:10:43.886+0100] {logging_mixin.py:190} INFO - [2025-03-07T14:10:43.886+0100] {dag.py:3262} INFO - Creating ORM DAG for tutorial_taskflow_templates
[2025-03-07T14:10:43.892+0100] {logging_mixin.py:190} INFO - [2025-03-07T14:10:43.892+0100] {dag.py:4180} INFO - Setting next_dagrun for tutorial_taskflow_templates to 2025-03-06T00:00:00+00:00, run_after=2025-03-07T00:00:00+00:00
[2025-03-07T14:10:43.903+0100] {processor.py:208} INFO - Processing /usr/local/anaconda3/envs/airflow_env/lib/python3.8/site-packages/airflow/example_dags/tutorial_taskflow_templates.py took 0.213 seconds
[2025-03-07T14:13:36.963+0100] {processor.py:186} INFO - Started process (PID=2943) to work on /usr/local/anaconda3/envs/airflow_env/lib/python3.8/site-packages/airflow/example_dags/tutorial_taskflow_templates.py
[2025-03-07T14:13:36.966+0100] {processor.py:914} INFO - Processing file /usr/local/anaconda3/envs/airflow_env/lib/python3.8/site-packages/airflow/example_dags/tutorial_taskflow_templates.py for tasks to queue
[2025-03-07T14:13:36.967+0100] {logging_mixin.py:190} INFO - [2025-03-07T14:13:36.967+0100] {dagbag.py:588} INFO - Filling up the DagBag from /usr/local/anaconda3/envs/airflow_env/lib/python3.8/site-packages/airflow/example_dags/tutorial_taskflow_templates.py
[2025-03-07T14:13:36.996+0100] {processor.py:925} INFO - DAG(s) 'tutorial_taskflow_templates' retrieved from /usr/local/anaconda3/envs/airflow_env/lib/python3.8/site-packages/airflow/example_dags/tutorial_taskflow_templates.py
[2025-03-07T14:13:37.068+0100] {logging_mixin.py:190} INFO - [2025-03-07T14:13:37.068+0100] {dag.py:3239} INFO - Sync 1 DAGs
[2025-03-07T14:13:37.081+0100] {logging_mixin.py:190} INFO - [2025-03-07T14:13:37.081+0100] {dag.py:4180} INFO - Setting next_dagrun for tutorial_taskflow_templates to 2025-03-06T00:00:00+00:00, run_after=2025-03-07T00:00:00+00:00
[2025-03-07T14:13:37.094+0100] {processor.py:208} INFO - Processing /usr/local/anaconda3/envs/airflow_env/lib/python3.8/site-packages/airflow/example_dags/tutorial_taskflow_templates.py took 0.134 seconds
[2025-03-07T14:16:25.824+0100] {processor.py:186} INFO - Started process (PID=3237) to work on /usr/local/anaconda3/envs/airflow_env/lib/python3.8/site-packages/airflow/example_dags/tutorial_taskflow_templates.py
[2025-03-07T14:16:25.827+0100] {processor.py:914} INFO - Processing file /usr/local/anaconda3/envs/airflow_env/lib/python3.8/site-packages/airflow/example_dags/tutorial_taskflow_templates.py for tasks to queue
[2025-03-07T14:16:25.828+0100] {logging_mixin.py:190} INFO - [2025-03-07T14:16:25.828+0100] {dagbag.py:588} INFO - Filling up the DagBag from /usr/local/anaconda3/envs/airflow_env/lib/python3.8/site-packages/airflow/example_dags/tutorial_taskflow_templates.py
[2025-03-07T14:16:25.856+0100] {processor.py:925} INFO - DAG(s) 'tutorial_taskflow_templates' retrieved from /usr/local/anaconda3/envs/airflow_env/lib/python3.8/site-packages/airflow/example_dags/tutorial_taskflow_templates.py
[2025-03-07T14:16:25.925+0100] {logging_mixin.py:190} INFO - [2025-03-07T14:16:25.925+0100] {dag.py:3239} INFO - Sync 1 DAGs
[2025-03-07T14:16:25.937+0100] {logging_mixin.py:190} INFO - [2025-03-07T14:16:25.937+0100] {dag.py:4180} INFO - Setting next_dagrun for tutorial_taskflow_templates to 2025-03-06T00:00:00+00:00, run_after=2025-03-07T00:00:00+00:00
[2025-03-07T14:16:25.949+0100] {processor.py:208} INFO - Processing /usr/local/anaconda3/envs/airflow_env/lib/python3.8/site-packages/airflow/example_dags/tutorial_taskflow_templates.py took 0.128 seconds
[2025-03-07T14:18:40.161+0100] {processor.py:186} INFO - Started process (PID=3485) to work on /usr/local/anaconda3/envs/airflow_env/lib/python3.8/site-packages/airflow/example_dags/tutorial_taskflow_templates.py
[2025-03-07T14:18:40.164+0100] {processor.py:914} INFO - Processing file /usr/local/anaconda3/envs/airflow_env/lib/python3.8/site-packages/airflow/example_dags/tutorial_taskflow_templates.py for tasks to queue
[2025-03-07T14:18:40.164+0100] {logging_mixin.py:190} INFO - [2025-03-07T14:18:40.164+0100] {dagbag.py:588} INFO - Filling up the DagBag from /usr/local/anaconda3/envs/airflow_env/lib/python3.8/site-packages/airflow/example_dags/tutorial_taskflow_templates.py
[2025-03-07T14:18:40.191+0100] {processor.py:925} INFO - DAG(s) 'tutorial_taskflow_templates' retrieved from /usr/local/anaconda3/envs/airflow_env/lib/python3.8/site-packages/airflow/example_dags/tutorial_taskflow_templates.py
[2025-03-07T14:18:40.261+0100] {logging_mixin.py:190} INFO - [2025-03-07T14:18:40.261+0100] {dag.py:3239} INFO - Sync 1 DAGs
[2025-03-07T14:18:40.273+0100] {logging_mixin.py:190} INFO - [2025-03-07T14:18:40.273+0100] {dag.py:4180} INFO - Setting next_dagrun for tutorial_taskflow_templates to 2025-03-06T00:00:00+00:00, run_after=2025-03-07T00:00:00+00:00
[2025-03-07T14:18:40.285+0100] {processor.py:208} INFO - Processing /usr/local/anaconda3/envs/airflow_env/lib/python3.8/site-packages/airflow/example_dags/tutorial_taskflow_templates.py took 0.127 seconds
[2025-03-07T14:20:54.881+0100] {processor.py:186} INFO - Started process (PID=3774) to work on /usr/local/anaconda3/envs/airflow_env/lib/python3.8/site-packages/airflow/example_dags/tutorial_taskflow_templates.py
[2025-03-07T14:20:54.884+0100] {processor.py:914} INFO - Processing file /usr/local/anaconda3/envs/airflow_env/lib/python3.8/site-packages/airflow/example_dags/tutorial_taskflow_templates.py for tasks to queue
[2025-03-07T14:20:54.885+0100] {logging_mixin.py:190} INFO - [2025-03-07T14:20:54.885+0100] {dagbag.py:588} INFO - Filling up the DagBag from /usr/local/anaconda3/envs/airflow_env/lib/python3.8/site-packages/airflow/example_dags/tutorial_taskflow_templates.py
[2025-03-07T14:20:54.913+0100] {processor.py:925} INFO - DAG(s) 'tutorial_taskflow_templates' retrieved from /usr/local/anaconda3/envs/airflow_env/lib/python3.8/site-packages/airflow/example_dags/tutorial_taskflow_templates.py
[2025-03-07T14:20:54.984+0100] {logging_mixin.py:190} INFO - [2025-03-07T14:20:54.984+0100] {dag.py:3239} INFO - Sync 1 DAGs
[2025-03-07T14:20:54.997+0100] {logging_mixin.py:190} INFO - [2025-03-07T14:20:54.996+0100] {dag.py:4180} INFO - Setting next_dagrun for tutorial_taskflow_templates to 2025-03-06T00:00:00+00:00, run_after=2025-03-07T00:00:00+00:00
[2025-03-07T14:20:55.009+0100] {processor.py:208} INFO - Processing /usr/local/anaconda3/envs/airflow_env/lib/python3.8/site-packages/airflow/example_dags/tutorial_taskflow_templates.py took 0.131 seconds
[2025-03-07T14:23:10.415+0100] {processor.py:186} INFO - Started process (PID=4006) to work on /usr/local/anaconda3/envs/airflow_env/lib/python3.8/site-packages/airflow/example_dags/tutorial_taskflow_templates.py
[2025-03-07T14:23:10.418+0100] {processor.py:914} INFO - Processing file /usr/local/anaconda3/envs/airflow_env/lib/python3.8/site-packages/airflow/example_dags/tutorial_taskflow_templates.py for tasks to queue
[2025-03-07T14:23:10.419+0100] {logging_mixin.py:190} INFO - [2025-03-07T14:23:10.419+0100] {dagbag.py:588} INFO - Filling up the DagBag from /usr/local/anaconda3/envs/airflow_env/lib/python3.8/site-packages/airflow/example_dags/tutorial_taskflow_templates.py
[2025-03-07T14:23:10.448+0100] {processor.py:925} INFO - DAG(s) 'tutorial_taskflow_templates' retrieved from /usr/local/anaconda3/envs/airflow_env/lib/python3.8/site-packages/airflow/example_dags/tutorial_taskflow_templates.py
[2025-03-07T14:23:10.521+0100] {logging_mixin.py:190} INFO - [2025-03-07T14:23:10.521+0100] {dag.py:3239} INFO - Sync 1 DAGs
[2025-03-07T14:23:10.534+0100] {logging_mixin.py:190} INFO - [2025-03-07T14:23:10.534+0100] {dag.py:4180} INFO - Setting next_dagrun for tutorial_taskflow_templates to 2025-03-06T00:00:00+00:00, run_after=2025-03-07T00:00:00+00:00
[2025-03-07T14:23:10.547+0100] {processor.py:208} INFO - Processing /usr/local/anaconda3/envs/airflow_env/lib/python3.8/site-packages/airflow/example_dags/tutorial_taskflow_templates.py took 0.135 seconds
[2025-03-07T14:25:33.550+0100] {processor.py:186} INFO - Started process (PID=4232) to work on /usr/local/anaconda3/envs/airflow_env/lib/python3.8/site-packages/airflow/example_dags/tutorial_taskflow_templates.py
[2025-03-07T14:25:33.554+0100] {processor.py:914} INFO - Processing file /usr/local/anaconda3/envs/airflow_env/lib/python3.8/site-packages/airflow/example_dags/tutorial_taskflow_templates.py for tasks to queue
[2025-03-07T14:25:33.554+0100] {logging_mixin.py:190} INFO - [2025-03-07T14:25:33.554+0100] {dagbag.py:588} INFO - Filling up the DagBag from /usr/local/anaconda3/envs/airflow_env/lib/python3.8/site-packages/airflow/example_dags/tutorial_taskflow_templates.py
[2025-03-07T14:25:33.582+0100] {processor.py:925} INFO - DAG(s) 'tutorial_taskflow_templates' retrieved from /usr/local/anaconda3/envs/airflow_env/lib/python3.8/site-packages/airflow/example_dags/tutorial_taskflow_templates.py
[2025-03-07T14:25:33.651+0100] {logging_mixin.py:190} INFO - [2025-03-07T14:25:33.651+0100] {dag.py:3239} INFO - Sync 1 DAGs
[2025-03-07T14:25:33.664+0100] {logging_mixin.py:190} INFO - [2025-03-07T14:25:33.664+0100] {dag.py:4180} INFO - Setting next_dagrun for tutorial_taskflow_templates to 2025-03-06T00:00:00+00:00, run_after=2025-03-07T00:00:00+00:00
[2025-03-07T14:25:33.675+0100] {processor.py:208} INFO - Processing /usr/local/anaconda3/envs/airflow_env/lib/python3.8/site-packages/airflow/example_dags/tutorial_taskflow_templates.py took 0.128 seconds
[2025-03-07T14:26:55.479+0100] {processor.py:186} INFO - Started process (PID=4380) to work on /usr/local/anaconda3/envs/airflow_env/lib/python3.8/site-packages/airflow/example_dags/tutorial_taskflow_templates.py
[2025-03-07T14:26:55.482+0100] {processor.py:914} INFO - Processing file /usr/local/anaconda3/envs/airflow_env/lib/python3.8/site-packages/airflow/example_dags/tutorial_taskflow_templates.py for tasks to queue
[2025-03-07T14:26:55.483+0100] {logging_mixin.py:190} INFO - [2025-03-07T14:26:55.483+0100] {dagbag.py:588} INFO - Filling up the DagBag from /usr/local/anaconda3/envs/airflow_env/lib/python3.8/site-packages/airflow/example_dags/tutorial_taskflow_templates.py
[2025-03-07T14:26:55.511+0100] {processor.py:925} INFO - DAG(s) 'tutorial_taskflow_templates' retrieved from /usr/local/anaconda3/envs/airflow_env/lib/python3.8/site-packages/airflow/example_dags/tutorial_taskflow_templates.py
[2025-03-07T14:26:55.584+0100] {logging_mixin.py:190} INFO - [2025-03-07T14:26:55.584+0100] {dag.py:3239} INFO - Sync 1 DAGs
[2025-03-07T14:26:55.597+0100] {logging_mixin.py:190} INFO - [2025-03-07T14:26:55.597+0100] {dag.py:4180} INFO - Setting next_dagrun for tutorial_taskflow_templates to 2025-03-06T00:00:00+00:00, run_after=2025-03-07T00:00:00+00:00
[2025-03-07T14:26:55.610+0100] {processor.py:208} INFO - Processing /usr/local/anaconda3/envs/airflow_env/lib/python3.8/site-packages/airflow/example_dags/tutorial_taskflow_templates.py took 0.134 seconds
[2025-03-07T14:43:40.613+0100] {processor.py:186} INFO - Started process (PID=4891) to work on /usr/local/anaconda3/envs/airflow_env/lib/python3.8/site-packages/airflow/example_dags/tutorial_taskflow_templates.py
[2025-03-07T14:43:40.616+0100] {processor.py:914} INFO - Processing file /usr/local/anaconda3/envs/airflow_env/lib/python3.8/site-packages/airflow/example_dags/tutorial_taskflow_templates.py for tasks to queue
[2025-03-07T14:43:40.617+0100] {logging_mixin.py:190} INFO - [2025-03-07T14:43:40.616+0100] {dagbag.py:588} INFO - Filling up the DagBag from /usr/local/anaconda3/envs/airflow_env/lib/python3.8/site-packages/airflow/example_dags/tutorial_taskflow_templates.py
[2025-03-07T14:43:40.643+0100] {processor.py:925} INFO - DAG(s) 'tutorial_taskflow_templates' retrieved from /usr/local/anaconda3/envs/airflow_env/lib/python3.8/site-packages/airflow/example_dags/tutorial_taskflow_templates.py
[2025-03-07T14:43:40.711+0100] {logging_mixin.py:190} INFO - [2025-03-07T14:43:40.711+0100] {dag.py:3239} INFO - Sync 1 DAGs
[2025-03-07T14:43:40.724+0100] {logging_mixin.py:190} INFO - [2025-03-07T14:43:40.723+0100] {dag.py:4180} INFO - Setting next_dagrun for tutorial_taskflow_templates to 2025-03-06T00:00:00+00:00, run_after=2025-03-07T00:00:00+00:00
[2025-03-07T14:43:40.735+0100] {processor.py:208} INFO - Processing /usr/local/anaconda3/envs/airflow_env/lib/python3.8/site-packages/airflow/example_dags/tutorial_taskflow_templates.py took 0.125 seconds
[2025-03-07T14:46:29.124+0100] {processor.py:186} INFO - Started process (PID=5101) to work on /usr/local/anaconda3/envs/airflow_env/lib/python3.8/site-packages/airflow/example_dags/tutorial_taskflow_templates.py
[2025-03-07T14:46:29.128+0100] {processor.py:914} INFO - Processing file /usr/local/anaconda3/envs/airflow_env/lib/python3.8/site-packages/airflow/example_dags/tutorial_taskflow_templates.py for tasks to queue
[2025-03-07T14:46:29.128+0100] {logging_mixin.py:190} INFO - [2025-03-07T14:46:29.128+0100] {dagbag.py:588} INFO - Filling up the DagBag from /usr/local/anaconda3/envs/airflow_env/lib/python3.8/site-packages/airflow/example_dags/tutorial_taskflow_templates.py
[2025-03-07T14:46:29.160+0100] {processor.py:925} INFO - DAG(s) 'tutorial_taskflow_templates' retrieved from /usr/local/anaconda3/envs/airflow_env/lib/python3.8/site-packages/airflow/example_dags/tutorial_taskflow_templates.py
[2025-03-07T14:46:29.239+0100] {logging_mixin.py:190} INFO - [2025-03-07T14:46:29.239+0100] {dag.py:3239} INFO - Sync 1 DAGs
[2025-03-07T14:46:29.253+0100] {logging_mixin.py:190} INFO - [2025-03-07T14:46:29.253+0100] {dag.py:4180} INFO - Setting next_dagrun for tutorial_taskflow_templates to 2025-03-06T00:00:00+00:00, run_after=2025-03-07T00:00:00+00:00
[2025-03-07T14:46:29.267+0100] {processor.py:208} INFO - Processing /usr/local/anaconda3/envs/airflow_env/lib/python3.8/site-packages/airflow/example_dags/tutorial_taskflow_templates.py took 0.146 seconds
[2025-03-07T14:48:47.762+0100] {processor.py:186} INFO - Started process (PID=5366) to work on /usr/local/anaconda3/envs/airflow_env/lib/python3.8/site-packages/airflow/example_dags/tutorial_taskflow_templates.py
[2025-03-07T14:48:47.765+0100] {processor.py:914} INFO - Processing file /usr/local/anaconda3/envs/airflow_env/lib/python3.8/site-packages/airflow/example_dags/tutorial_taskflow_templates.py for tasks to queue
[2025-03-07T14:48:47.766+0100] {logging_mixin.py:190} INFO - [2025-03-07T14:48:47.766+0100] {dagbag.py:588} INFO - Filling up the DagBag from /usr/local/anaconda3/envs/airflow_env/lib/python3.8/site-packages/airflow/example_dags/tutorial_taskflow_templates.py
[2025-03-07T14:48:47.794+0100] {processor.py:925} INFO - DAG(s) 'tutorial_taskflow_templates' retrieved from /usr/local/anaconda3/envs/airflow_env/lib/python3.8/site-packages/airflow/example_dags/tutorial_taskflow_templates.py
[2025-03-07T14:48:47.864+0100] {logging_mixin.py:190} INFO - [2025-03-07T14:48:47.864+0100] {dag.py:3239} INFO - Sync 1 DAGs
[2025-03-07T14:48:47.877+0100] {logging_mixin.py:190} INFO - [2025-03-07T14:48:47.877+0100] {dag.py:4180} INFO - Setting next_dagrun for tutorial_taskflow_templates to 2025-03-06T00:00:00+00:00, run_after=2025-03-07T00:00:00+00:00
[2025-03-07T14:48:47.889+0100] {processor.py:208} INFO - Processing /usr/local/anaconda3/envs/airflow_env/lib/python3.8/site-packages/airflow/example_dags/tutorial_taskflow_templates.py took 0.129 seconds
[2025-03-07T14:49:35.089+0100] {processor.py:186} INFO - Started process (PID=5506) to work on /usr/local/anaconda3/envs/airflow_env/lib/python3.8/site-packages/airflow/example_dags/tutorial_taskflow_templates.py
[2025-03-07T14:49:35.092+0100] {processor.py:914} INFO - Processing file /usr/local/anaconda3/envs/airflow_env/lib/python3.8/site-packages/airflow/example_dags/tutorial_taskflow_templates.py for tasks to queue
[2025-03-07T14:49:35.093+0100] {logging_mixin.py:190} INFO - [2025-03-07T14:49:35.093+0100] {dagbag.py:588} INFO - Filling up the DagBag from /usr/local/anaconda3/envs/airflow_env/lib/python3.8/site-packages/airflow/example_dags/tutorial_taskflow_templates.py
[2025-03-07T14:49:35.120+0100] {processor.py:925} INFO - DAG(s) 'tutorial_taskflow_templates' retrieved from /usr/local/anaconda3/envs/airflow_env/lib/python3.8/site-packages/airflow/example_dags/tutorial_taskflow_templates.py
[2025-03-07T14:49:35.188+0100] {logging_mixin.py:190} INFO - [2025-03-07T14:49:35.188+0100] {dag.py:3239} INFO - Sync 1 DAGs
[2025-03-07T14:49:35.201+0100] {logging_mixin.py:190} INFO - [2025-03-07T14:49:35.201+0100] {dag.py:4180} INFO - Setting next_dagrun for tutorial_taskflow_templates to 2025-03-06T00:00:00+00:00, run_after=2025-03-07T00:00:00+00:00
[2025-03-07T14:49:35.212+0100] {processor.py:208} INFO - Processing /usr/local/anaconda3/envs/airflow_env/lib/python3.8/site-packages/airflow/example_dags/tutorial_taskflow_templates.py took 0.126 seconds
[2025-03-07T14:52:06.272+0100] {processor.py:186} INFO - Started process (PID=5832) to work on /usr/local/anaconda3/envs/airflow_env/lib/python3.8/site-packages/airflow/example_dags/tutorial_taskflow_templates.py
[2025-03-07T14:52:06.276+0100] {processor.py:914} INFO - Processing file /usr/local/anaconda3/envs/airflow_env/lib/python3.8/site-packages/airflow/example_dags/tutorial_taskflow_templates.py for tasks to queue
[2025-03-07T14:52:06.276+0100] {logging_mixin.py:190} INFO - [2025-03-07T14:52:06.276+0100] {dagbag.py:588} INFO - Filling up the DagBag from /usr/local/anaconda3/envs/airflow_env/lib/python3.8/site-packages/airflow/example_dags/tutorial_taskflow_templates.py
[2025-03-07T14:52:06.305+0100] {processor.py:925} INFO - DAG(s) 'tutorial_taskflow_templates' retrieved from /usr/local/anaconda3/envs/airflow_env/lib/python3.8/site-packages/airflow/example_dags/tutorial_taskflow_templates.py
[2025-03-07T14:52:06.379+0100] {logging_mixin.py:190} INFO - [2025-03-07T14:52:06.378+0100] {dag.py:3239} INFO - Sync 1 DAGs
[2025-03-07T14:52:06.392+0100] {logging_mixin.py:190} INFO - [2025-03-07T14:52:06.392+0100] {dag.py:4180} INFO - Setting next_dagrun for tutorial_taskflow_templates to 2025-03-06T00:00:00+00:00, run_after=2025-03-07T00:00:00+00:00
[2025-03-07T14:52:06.404+0100] {processor.py:208} INFO - Processing /usr/local/anaconda3/envs/airflow_env/lib/python3.8/site-packages/airflow/example_dags/tutorial_taskflow_templates.py took 0.135 seconds
[2025-03-07T14:53:03.394+0100] {processor.py:186} INFO - Started process (PID=5955) to work on /usr/local/anaconda3/envs/airflow_env/lib/python3.8/site-packages/airflow/example_dags/tutorial_taskflow_templates.py
[2025-03-07T14:53:03.397+0100] {processor.py:914} INFO - Processing file /usr/local/anaconda3/envs/airflow_env/lib/python3.8/site-packages/airflow/example_dags/tutorial_taskflow_templates.py for tasks to queue
[2025-03-07T14:53:03.398+0100] {logging_mixin.py:190} INFO - [2025-03-07T14:53:03.398+0100] {dagbag.py:588} INFO - Filling up the DagBag from /usr/local/anaconda3/envs/airflow_env/lib/python3.8/site-packages/airflow/example_dags/tutorial_taskflow_templates.py
[2025-03-07T14:53:03.425+0100] {processor.py:925} INFO - DAG(s) 'tutorial_taskflow_templates' retrieved from /usr/local/anaconda3/envs/airflow_env/lib/python3.8/site-packages/airflow/example_dags/tutorial_taskflow_templates.py
[2025-03-07T14:53:03.494+0100] {logging_mixin.py:190} INFO - [2025-03-07T14:53:03.494+0100] {dag.py:3239} INFO - Sync 1 DAGs
[2025-03-07T14:53:03.506+0100] {logging_mixin.py:190} INFO - [2025-03-07T14:53:03.506+0100] {dag.py:4180} INFO - Setting next_dagrun for tutorial_taskflow_templates to 2025-03-06T00:00:00+00:00, run_after=2025-03-07T00:00:00+00:00
[2025-03-07T14:53:03.517+0100] {processor.py:208} INFO - Processing /usr/local/anaconda3/envs/airflow_env/lib/python3.8/site-packages/airflow/example_dags/tutorial_taskflow_templates.py took 0.126 seconds
[2025-03-07T14:55:49.573+0100] {processor.py:186} INFO - Started process (PID=6270) to work on /usr/local/anaconda3/envs/airflow_env/lib/python3.8/site-packages/airflow/example_dags/tutorial_taskflow_templates.py
[2025-03-07T14:55:49.576+0100] {processor.py:914} INFO - Processing file /usr/local/anaconda3/envs/airflow_env/lib/python3.8/site-packages/airflow/example_dags/tutorial_taskflow_templates.py for tasks to queue
[2025-03-07T14:55:49.577+0100] {logging_mixin.py:190} INFO - [2025-03-07T14:55:49.577+0100] {dagbag.py:588} INFO - Filling up the DagBag from /usr/local/anaconda3/envs/airflow_env/lib/python3.8/site-packages/airflow/example_dags/tutorial_taskflow_templates.py
[2025-03-07T14:55:49.604+0100] {processor.py:925} INFO - DAG(s) 'tutorial_taskflow_templates' retrieved from /usr/local/anaconda3/envs/airflow_env/lib/python3.8/site-packages/airflow/example_dags/tutorial_taskflow_templates.py
[2025-03-07T14:55:49.673+0100] {logging_mixin.py:190} INFO - [2025-03-07T14:55:49.672+0100] {dag.py:3239} INFO - Sync 1 DAGs
[2025-03-07T14:55:49.685+0100] {logging_mixin.py:190} INFO - [2025-03-07T14:55:49.685+0100] {dag.py:4180} INFO - Setting next_dagrun for tutorial_taskflow_templates to 2025-03-06T00:00:00+00:00, run_after=2025-03-07T00:00:00+00:00
[2025-03-07T14:55:49.696+0100] {processor.py:208} INFO - Processing /usr/local/anaconda3/envs/airflow_env/lib/python3.8/site-packages/airflow/example_dags/tutorial_taskflow_templates.py took 0.126 seconds
[2025-03-07T14:58:02.666+0100] {processor.py:186} INFO - Started process (PID=6540) to work on /usr/local/anaconda3/envs/airflow_env/lib/python3.8/site-packages/airflow/example_dags/tutorial_taskflow_templates.py
[2025-03-07T14:58:02.669+0100] {processor.py:914} INFO - Processing file /usr/local/anaconda3/envs/airflow_env/lib/python3.8/site-packages/airflow/example_dags/tutorial_taskflow_templates.py for tasks to queue
[2025-03-07T14:58:02.670+0100] {logging_mixin.py:190} INFO - [2025-03-07T14:58:02.670+0100] {dagbag.py:588} INFO - Filling up the DagBag from /usr/local/anaconda3/envs/airflow_env/lib/python3.8/site-packages/airflow/example_dags/tutorial_taskflow_templates.py
[2025-03-07T14:58:02.697+0100] {processor.py:925} INFO - DAG(s) 'tutorial_taskflow_templates' retrieved from /usr/local/anaconda3/envs/airflow_env/lib/python3.8/site-packages/airflow/example_dags/tutorial_taskflow_templates.py
[2025-03-07T14:58:02.766+0100] {logging_mixin.py:190} INFO - [2025-03-07T14:58:02.766+0100] {dag.py:3239} INFO - Sync 1 DAGs
[2025-03-07T14:58:02.779+0100] {logging_mixin.py:190} INFO - [2025-03-07T14:58:02.779+0100] {dag.py:4180} INFO - Setting next_dagrun for tutorial_taskflow_templates to 2025-03-06T00:00:00+00:00, run_after=2025-03-07T00:00:00+00:00
[2025-03-07T14:58:02.791+0100] {processor.py:208} INFO - Processing /usr/local/anaconda3/envs/airflow_env/lib/python3.8/site-packages/airflow/example_dags/tutorial_taskflow_templates.py took 0.127 seconds
[2025-03-07T15:00:13.550+0100] {processor.py:186} INFO - Started process (PID=6831) to work on /usr/local/anaconda3/envs/airflow_env/lib/python3.8/site-packages/airflow/example_dags/tutorial_taskflow_templates.py
[2025-03-07T15:00:13.553+0100] {processor.py:914} INFO - Processing file /usr/local/anaconda3/envs/airflow_env/lib/python3.8/site-packages/airflow/example_dags/tutorial_taskflow_templates.py for tasks to queue
[2025-03-07T15:00:13.554+0100] {logging_mixin.py:190} INFO - [2025-03-07T15:00:13.554+0100] {dagbag.py:588} INFO - Filling up the DagBag from /usr/local/anaconda3/envs/airflow_env/lib/python3.8/site-packages/airflow/example_dags/tutorial_taskflow_templates.py
[2025-03-07T15:00:13.582+0100] {processor.py:925} INFO - DAG(s) 'tutorial_taskflow_templates' retrieved from /usr/local/anaconda3/envs/airflow_env/lib/python3.8/site-packages/airflow/example_dags/tutorial_taskflow_templates.py
[2025-03-07T15:00:13.654+0100] {logging_mixin.py:190} INFO - [2025-03-07T15:00:13.653+0100] {dag.py:3239} INFO - Sync 1 DAGs
[2025-03-07T15:00:13.669+0100] {logging_mixin.py:190} INFO - [2025-03-07T15:00:13.668+0100] {dag.py:4180} INFO - Setting next_dagrun for tutorial_taskflow_templates to 2025-03-06T00:00:00+00:00, run_after=2025-03-07T00:00:00+00:00
[2025-03-07T15:00:13.681+0100] {processor.py:208} INFO - Processing /usr/local/anaconda3/envs/airflow_env/lib/python3.8/site-packages/airflow/example_dags/tutorial_taskflow_templates.py took 0.134 seconds
[2025-03-07T15:02:39.433+0100] {processor.py:186} INFO - Started process (PID=7099) to work on /usr/local/anaconda3/envs/airflow_env/lib/python3.8/site-packages/airflow/example_dags/tutorial_taskflow_templates.py
[2025-03-07T15:02:39.436+0100] {processor.py:914} INFO - Processing file /usr/local/anaconda3/envs/airflow_env/lib/python3.8/site-packages/airflow/example_dags/tutorial_taskflow_templates.py for tasks to queue
[2025-03-07T15:02:39.437+0100] {logging_mixin.py:190} INFO - [2025-03-07T15:02:39.437+0100] {dagbag.py:588} INFO - Filling up the DagBag from /usr/local/anaconda3/envs/airflow_env/lib/python3.8/site-packages/airflow/example_dags/tutorial_taskflow_templates.py
[2025-03-07T15:02:39.467+0100] {processor.py:925} INFO - DAG(s) 'tutorial_taskflow_templates' retrieved from /usr/local/anaconda3/envs/airflow_env/lib/python3.8/site-packages/airflow/example_dags/tutorial_taskflow_templates.py
[2025-03-07T15:02:39.540+0100] {logging_mixin.py:190} INFO - [2025-03-07T15:02:39.540+0100] {dag.py:3239} INFO - Sync 1 DAGs
[2025-03-07T15:02:39.553+0100] {logging_mixin.py:190} INFO - [2025-03-07T15:02:39.553+0100] {dag.py:4180} INFO - Setting next_dagrun for tutorial_taskflow_templates to 2025-03-06T00:00:00+00:00, run_after=2025-03-07T00:00:00+00:00
[2025-03-07T15:02:39.565+0100] {processor.py:208} INFO - Processing /usr/local/anaconda3/envs/airflow_env/lib/python3.8/site-packages/airflow/example_dags/tutorial_taskflow_templates.py took 0.136 seconds
[2025-03-07T15:05:00.896+0100] {processor.py:186} INFO - Started process (PID=7293) to work on /usr/local/anaconda3/envs/airflow_env/lib/python3.8/site-packages/airflow/example_dags/tutorial_taskflow_templates.py
[2025-03-07T15:05:00.899+0100] {processor.py:914} INFO - Processing file /usr/local/anaconda3/envs/airflow_env/lib/python3.8/site-packages/airflow/example_dags/tutorial_taskflow_templates.py for tasks to queue
[2025-03-07T15:05:00.900+0100] {logging_mixin.py:190} INFO - [2025-03-07T15:05:00.900+0100] {dagbag.py:588} INFO - Filling up the DagBag from /usr/local/anaconda3/envs/airflow_env/lib/python3.8/site-packages/airflow/example_dags/tutorial_taskflow_templates.py
[2025-03-07T15:05:00.929+0100] {processor.py:925} INFO - DAG(s) 'tutorial_taskflow_templates' retrieved from /usr/local/anaconda3/envs/airflow_env/lib/python3.8/site-packages/airflow/example_dags/tutorial_taskflow_templates.py
[2025-03-07T15:05:01.000+0100] {logging_mixin.py:190} INFO - [2025-03-07T15:05:01.000+0100] {dag.py:3239} INFO - Sync 1 DAGs
[2025-03-07T15:05:01.012+0100] {logging_mixin.py:190} INFO - [2025-03-07T15:05:01.012+0100] {dag.py:4180} INFO - Setting next_dagrun for tutorial_taskflow_templates to 2025-03-06T00:00:00+00:00, run_after=2025-03-07T00:00:00+00:00
[2025-03-07T15:05:01.024+0100] {processor.py:208} INFO - Processing /usr/local/anaconda3/envs/airflow_env/lib/python3.8/site-packages/airflow/example_dags/tutorial_taskflow_templates.py took 0.131 seconds
[2025-03-07T15:07:25.324+0100] {processor.py:186} INFO - Started process (PID=7586) to work on /usr/local/anaconda3/envs/airflow_env/lib/python3.8/site-packages/airflow/example_dags/tutorial_taskflow_templates.py
[2025-03-07T15:07:25.327+0100] {processor.py:914} INFO - Processing file /usr/local/anaconda3/envs/airflow_env/lib/python3.8/site-packages/airflow/example_dags/tutorial_taskflow_templates.py for tasks to queue
[2025-03-07T15:07:25.328+0100] {logging_mixin.py:190} INFO - [2025-03-07T15:07:25.327+0100] {dagbag.py:588} INFO - Filling up the DagBag from /usr/local/anaconda3/envs/airflow_env/lib/python3.8/site-packages/airflow/example_dags/tutorial_taskflow_templates.py
[2025-03-07T15:07:25.355+0100] {processor.py:925} INFO - DAG(s) 'tutorial_taskflow_templates' retrieved from /usr/local/anaconda3/envs/airflow_env/lib/python3.8/site-packages/airflow/example_dags/tutorial_taskflow_templates.py
[2025-03-07T15:07:25.425+0100] {logging_mixin.py:190} INFO - [2025-03-07T15:07:25.425+0100] {dag.py:3239} INFO - Sync 1 DAGs
[2025-03-07T15:07:25.437+0100] {logging_mixin.py:190} INFO - [2025-03-07T15:07:25.437+0100] {dag.py:4180} INFO - Setting next_dagrun for tutorial_taskflow_templates to 2025-03-06T00:00:00+00:00, run_after=2025-03-07T00:00:00+00:00
[2025-03-07T15:07:25.449+0100] {processor.py:208} INFO - Processing /usr/local/anaconda3/envs/airflow_env/lib/python3.8/site-packages/airflow/example_dags/tutorial_taskflow_templates.py took 0.128 seconds
[2025-03-07T15:09:51.178+0100] {processor.py:186} INFO - Started process (PID=7823) to work on /usr/local/anaconda3/envs/airflow_env/lib/python3.8/site-packages/airflow/example_dags/tutorial_taskflow_templates.py
[2025-03-07T15:09:51.182+0100] {processor.py:914} INFO - Processing file /usr/local/anaconda3/envs/airflow_env/lib/python3.8/site-packages/airflow/example_dags/tutorial_taskflow_templates.py for tasks to queue
[2025-03-07T15:09:51.182+0100] {logging_mixin.py:190} INFO - [2025-03-07T15:09:51.182+0100] {dagbag.py:588} INFO - Filling up the DagBag from /usr/local/anaconda3/envs/airflow_env/lib/python3.8/site-packages/airflow/example_dags/tutorial_taskflow_templates.py
[2025-03-07T15:09:51.210+0100] {processor.py:925} INFO - DAG(s) 'tutorial_taskflow_templates' retrieved from /usr/local/anaconda3/envs/airflow_env/lib/python3.8/site-packages/airflow/example_dags/tutorial_taskflow_templates.py
[2025-03-07T15:09:51.280+0100] {logging_mixin.py:190} INFO - [2025-03-07T15:09:51.280+0100] {dag.py:3239} INFO - Sync 1 DAGs
[2025-03-07T15:09:51.293+0100] {logging_mixin.py:190} INFO - [2025-03-07T15:09:51.293+0100] {dag.py:4180} INFO - Setting next_dagrun for tutorial_taskflow_templates to 2025-03-06T00:00:00+00:00, run_after=2025-03-07T00:00:00+00:00
[2025-03-07T15:09:51.305+0100] {processor.py:208} INFO - Processing /usr/local/anaconda3/envs/airflow_env/lib/python3.8/site-packages/airflow/example_dags/tutorial_taskflow_templates.py took 0.130 seconds
[2025-03-07T15:12:33.582+0100] {processor.py:186} INFO - Started process (PID=8134) to work on /usr/local/anaconda3/envs/airflow_env/lib/python3.8/site-packages/airflow/example_dags/tutorial_taskflow_templates.py
[2025-03-07T15:12:33.586+0100] {processor.py:914} INFO - Processing file /usr/local/anaconda3/envs/airflow_env/lib/python3.8/site-packages/airflow/example_dags/tutorial_taskflow_templates.py for tasks to queue
[2025-03-07T15:12:33.587+0100] {logging_mixin.py:190} INFO - [2025-03-07T15:12:33.586+0100] {dagbag.py:588} INFO - Filling up the DagBag from /usr/local/anaconda3/envs/airflow_env/lib/python3.8/site-packages/airflow/example_dags/tutorial_taskflow_templates.py
[2025-03-07T15:12:33.614+0100] {processor.py:925} INFO - DAG(s) 'tutorial_taskflow_templates' retrieved from /usr/local/anaconda3/envs/airflow_env/lib/python3.8/site-packages/airflow/example_dags/tutorial_taskflow_templates.py
[2025-03-07T15:12:33.686+0100] {logging_mixin.py:190} INFO - [2025-03-07T15:12:33.686+0100] {dag.py:3239} INFO - Sync 1 DAGs
[2025-03-07T15:12:33.699+0100] {logging_mixin.py:190} INFO - [2025-03-07T15:12:33.699+0100] {dag.py:4180} INFO - Setting next_dagrun for tutorial_taskflow_templates to 2025-03-06T00:00:00+00:00, run_after=2025-03-07T00:00:00+00:00
[2025-03-07T15:12:33.710+0100] {processor.py:208} INFO - Processing /usr/local/anaconda3/envs/airflow_env/lib/python3.8/site-packages/airflow/example_dags/tutorial_taskflow_templates.py took 0.131 seconds
[2025-03-07T15:15:29.541+0100] {processor.py:186} INFO - Started process (PID=8472) to work on /usr/local/anaconda3/envs/airflow_env/lib/python3.8/site-packages/airflow/example_dags/tutorial_taskflow_templates.py
[2025-03-07T15:15:29.545+0100] {processor.py:914} INFO - Processing file /usr/local/anaconda3/envs/airflow_env/lib/python3.8/site-packages/airflow/example_dags/tutorial_taskflow_templates.py for tasks to queue
[2025-03-07T15:15:29.546+0100] {logging_mixin.py:190} INFO - [2025-03-07T15:15:29.545+0100] {dagbag.py:588} INFO - Filling up the DagBag from /usr/local/anaconda3/envs/airflow_env/lib/python3.8/site-packages/airflow/example_dags/tutorial_taskflow_templates.py
[2025-03-07T15:15:29.577+0100] {processor.py:925} INFO - DAG(s) 'tutorial_taskflow_templates' retrieved from /usr/local/anaconda3/envs/airflow_env/lib/python3.8/site-packages/airflow/example_dags/tutorial_taskflow_templates.py
[2025-03-07T15:15:29.655+0100] {logging_mixin.py:190} INFO - [2025-03-07T15:15:29.655+0100] {dag.py:3239} INFO - Sync 1 DAGs
[2025-03-07T15:15:29.671+0100] {logging_mixin.py:190} INFO - [2025-03-07T15:15:29.670+0100] {dag.py:4180} INFO - Setting next_dagrun for tutorial_taskflow_templates to 2025-03-06T00:00:00+00:00, run_after=2025-03-07T00:00:00+00:00
[2025-03-07T15:15:29.684+0100] {processor.py:208} INFO - Processing /usr/local/anaconda3/envs/airflow_env/lib/python3.8/site-packages/airflow/example_dags/tutorial_taskflow_templates.py took 0.146 seconds
[2025-03-07T15:17:50.519+0100] {processor.py:186} INFO - Started process (PID=8702) to work on /usr/local/anaconda3/envs/airflow_env/lib/python3.8/site-packages/airflow/example_dags/tutorial_taskflow_templates.py
[2025-03-07T15:17:50.523+0100] {processor.py:914} INFO - Processing file /usr/local/anaconda3/envs/airflow_env/lib/python3.8/site-packages/airflow/example_dags/tutorial_taskflow_templates.py for tasks to queue
[2025-03-07T15:17:50.524+0100] {logging_mixin.py:190} INFO - [2025-03-07T15:17:50.523+0100] {dagbag.py:588} INFO - Filling up the DagBag from /usr/local/anaconda3/envs/airflow_env/lib/python3.8/site-packages/airflow/example_dags/tutorial_taskflow_templates.py
[2025-03-07T15:17:50.552+0100] {processor.py:925} INFO - DAG(s) 'tutorial_taskflow_templates' retrieved from /usr/local/anaconda3/envs/airflow_env/lib/python3.8/site-packages/airflow/example_dags/tutorial_taskflow_templates.py
[2025-03-07T15:17:50.624+0100] {logging_mixin.py:190} INFO - [2025-03-07T15:17:50.624+0100] {dag.py:3239} INFO - Sync 1 DAGs
[2025-03-07T15:17:50.637+0100] {logging_mixin.py:190} INFO - [2025-03-07T15:17:50.637+0100] {dag.py:4180} INFO - Setting next_dagrun for tutorial_taskflow_templates to 2025-03-06T00:00:00+00:00, run_after=2025-03-07T00:00:00+00:00
[2025-03-07T15:17:50.649+0100] {processor.py:208} INFO - Processing /usr/local/anaconda3/envs/airflow_env/lib/python3.8/site-packages/airflow/example_dags/tutorial_taskflow_templates.py took 0.132 seconds
[2025-03-07T15:20:07.183+0100] {processor.py:186} INFO - Started process (PID=9063) to work on /usr/local/anaconda3/envs/airflow_env/lib/python3.8/site-packages/airflow/example_dags/tutorial_taskflow_templates.py
[2025-03-07T15:20:07.186+0100] {processor.py:914} INFO - Processing file /usr/local/anaconda3/envs/airflow_env/lib/python3.8/site-packages/airflow/example_dags/tutorial_taskflow_templates.py for tasks to queue
[2025-03-07T15:20:07.187+0100] {logging_mixin.py:190} INFO - [2025-03-07T15:20:07.187+0100] {dagbag.py:588} INFO - Filling up the DagBag from /usr/local/anaconda3/envs/airflow_env/lib/python3.8/site-packages/airflow/example_dags/tutorial_taskflow_templates.py
[2025-03-07T15:20:07.215+0100] {processor.py:925} INFO - DAG(s) 'tutorial_taskflow_templates' retrieved from /usr/local/anaconda3/envs/airflow_env/lib/python3.8/site-packages/airflow/example_dags/tutorial_taskflow_templates.py
[2025-03-07T15:20:07.285+0100] {logging_mixin.py:190} INFO - [2025-03-07T15:20:07.285+0100] {dag.py:3239} INFO - Sync 1 DAGs
[2025-03-07T15:20:07.298+0100] {logging_mixin.py:190} INFO - [2025-03-07T15:20:07.297+0100] {dag.py:4180} INFO - Setting next_dagrun for tutorial_taskflow_templates to 2025-03-06T00:00:00+00:00, run_after=2025-03-07T00:00:00+00:00
[2025-03-07T15:20:07.309+0100] {processor.py:208} INFO - Processing /usr/local/anaconda3/envs/airflow_env/lib/python3.8/site-packages/airflow/example_dags/tutorial_taskflow_templates.py took 0.129 seconds
[2025-03-07T15:22:20.110+0100] {processor.py:186} INFO - Started process (PID=9351) to work on /usr/local/anaconda3/envs/airflow_env/lib/python3.8/site-packages/airflow/example_dags/tutorial_taskflow_templates.py
[2025-03-07T15:22:20.113+0100] {processor.py:914} INFO - Processing file /usr/local/anaconda3/envs/airflow_env/lib/python3.8/site-packages/airflow/example_dags/tutorial_taskflow_templates.py for tasks to queue
[2025-03-07T15:22:20.114+0100] {logging_mixin.py:190} INFO - [2025-03-07T15:22:20.114+0100] {dagbag.py:588} INFO - Filling up the DagBag from /usr/local/anaconda3/envs/airflow_env/lib/python3.8/site-packages/airflow/example_dags/tutorial_taskflow_templates.py
[2025-03-07T15:22:20.141+0100] {processor.py:925} INFO - DAG(s) 'tutorial_taskflow_templates' retrieved from /usr/local/anaconda3/envs/airflow_env/lib/python3.8/site-packages/airflow/example_dags/tutorial_taskflow_templates.py
[2025-03-07T15:22:20.211+0100] {logging_mixin.py:190} INFO - [2025-03-07T15:22:20.210+0100] {dag.py:3239} INFO - Sync 1 DAGs
[2025-03-07T15:22:20.223+0100] {logging_mixin.py:190} INFO - [2025-03-07T15:22:20.223+0100] {dag.py:4180} INFO - Setting next_dagrun for tutorial_taskflow_templates to 2025-03-06T00:00:00+00:00, run_after=2025-03-07T00:00:00+00:00
[2025-03-07T15:22:20.234+0100] {processor.py:208} INFO - Processing /usr/local/anaconda3/envs/airflow_env/lib/python3.8/site-packages/airflow/example_dags/tutorial_taskflow_templates.py took 0.127 seconds
[2025-03-07T15:24:39.070+0100] {processor.py:186} INFO - Started process (PID=9674) to work on /usr/local/anaconda3/envs/airflow_env/lib/python3.8/site-packages/airflow/example_dags/tutorial_taskflow_templates.py
[2025-03-07T15:24:39.073+0100] {processor.py:914} INFO - Processing file /usr/local/anaconda3/envs/airflow_env/lib/python3.8/site-packages/airflow/example_dags/tutorial_taskflow_templates.py for tasks to queue
[2025-03-07T15:24:39.074+0100] {logging_mixin.py:190} INFO - [2025-03-07T15:24:39.074+0100] {dagbag.py:588} INFO - Filling up the DagBag from /usr/local/anaconda3/envs/airflow_env/lib/python3.8/site-packages/airflow/example_dags/tutorial_taskflow_templates.py
[2025-03-07T15:24:39.103+0100] {processor.py:925} INFO - DAG(s) 'tutorial_taskflow_templates' retrieved from /usr/local/anaconda3/envs/airflow_env/lib/python3.8/site-packages/airflow/example_dags/tutorial_taskflow_templates.py
[2025-03-07T15:24:39.175+0100] {logging_mixin.py:190} INFO - [2025-03-07T15:24:39.175+0100] {dag.py:3239} INFO - Sync 1 DAGs
[2025-03-07T15:24:39.188+0100] {logging_mixin.py:190} INFO - [2025-03-07T15:24:39.188+0100] {dag.py:4180} INFO - Setting next_dagrun for tutorial_taskflow_templates to 2025-03-06T00:00:00+00:00, run_after=2025-03-07T00:00:00+00:00
[2025-03-07T15:24:39.200+0100] {processor.py:208} INFO - Processing /usr/local/anaconda3/envs/airflow_env/lib/python3.8/site-packages/airflow/example_dags/tutorial_taskflow_templates.py took 0.133 seconds
[2025-03-07T15:27:01.080+0100] {processor.py:186} INFO - Started process (PID=9961) to work on /usr/local/anaconda3/envs/airflow_env/lib/python3.8/site-packages/airflow/example_dags/tutorial_taskflow_templates.py
[2025-03-07T15:27:01.083+0100] {processor.py:914} INFO - Processing file /usr/local/anaconda3/envs/airflow_env/lib/python3.8/site-packages/airflow/example_dags/tutorial_taskflow_templates.py for tasks to queue
[2025-03-07T15:27:01.084+0100] {logging_mixin.py:190} INFO - [2025-03-07T15:27:01.084+0100] {dagbag.py:588} INFO - Filling up the DagBag from /usr/local/anaconda3/envs/airflow_env/lib/python3.8/site-packages/airflow/example_dags/tutorial_taskflow_templates.py
[2025-03-07T15:27:01.112+0100] {processor.py:925} INFO - DAG(s) 'tutorial_taskflow_templates' retrieved from /usr/local/anaconda3/envs/airflow_env/lib/python3.8/site-packages/airflow/example_dags/tutorial_taskflow_templates.py
[2025-03-07T15:27:01.183+0100] {logging_mixin.py:190} INFO - [2025-03-07T15:27:01.183+0100] {dag.py:3239} INFO - Sync 1 DAGs
[2025-03-07T15:27:01.196+0100] {logging_mixin.py:190} INFO - [2025-03-07T15:27:01.196+0100] {dag.py:4180} INFO - Setting next_dagrun for tutorial_taskflow_templates to 2025-03-06T00:00:00+00:00, run_after=2025-03-07T00:00:00+00:00
[2025-03-07T15:27:01.208+0100] {processor.py:208} INFO - Processing /usr/local/anaconda3/envs/airflow_env/lib/python3.8/site-packages/airflow/example_dags/tutorial_taskflow_templates.py took 0.131 seconds
[2025-03-07T15:28:51.832+0100] {processor.py:186} INFO - Started process (PID=10252) to work on /usr/local/anaconda3/envs/airflow_env/lib/python3.8/site-packages/airflow/example_dags/tutorial_taskflow_templates.py
[2025-03-07T15:28:51.835+0100] {processor.py:914} INFO - Processing file /usr/local/anaconda3/envs/airflow_env/lib/python3.8/site-packages/airflow/example_dags/tutorial_taskflow_templates.py for tasks to queue
[2025-03-07T15:28:51.836+0100] {logging_mixin.py:190} INFO - [2025-03-07T15:28:51.836+0100] {dagbag.py:588} INFO - Filling up the DagBag from /usr/local/anaconda3/envs/airflow_env/lib/python3.8/site-packages/airflow/example_dags/tutorial_taskflow_templates.py
[2025-03-07T15:28:51.865+0100] {processor.py:925} INFO - DAG(s) 'tutorial_taskflow_templates' retrieved from /usr/local/anaconda3/envs/airflow_env/lib/python3.8/site-packages/airflow/example_dags/tutorial_taskflow_templates.py
[2025-03-07T15:28:51.941+0100] {logging_mixin.py:190} INFO - [2025-03-07T15:28:51.941+0100] {dag.py:3239} INFO - Sync 1 DAGs
[2025-03-07T15:28:51.955+0100] {logging_mixin.py:190} INFO - [2025-03-07T15:28:51.955+0100] {dag.py:4180} INFO - Setting next_dagrun for tutorial_taskflow_templates to 2025-03-06T00:00:00+00:00, run_after=2025-03-07T00:00:00+00:00
[2025-03-07T15:28:51.968+0100] {processor.py:208} INFO - Processing /usr/local/anaconda3/envs/airflow_env/lib/python3.8/site-packages/airflow/example_dags/tutorial_taskflow_templates.py took 0.140 seconds
[2025-03-07T15:32:24.160+0100] {processor.py:186} INFO - Started process (PID=10528) to work on /usr/local/anaconda3/envs/airflow_env/lib/python3.8/site-packages/airflow/example_dags/tutorial_taskflow_templates.py
[2025-03-07T15:32:24.163+0100] {processor.py:914} INFO - Processing file /usr/local/anaconda3/envs/airflow_env/lib/python3.8/site-packages/airflow/example_dags/tutorial_taskflow_templates.py for tasks to queue
[2025-03-07T15:32:24.164+0100] {logging_mixin.py:190} INFO - [2025-03-07T15:32:24.164+0100] {dagbag.py:588} INFO - Filling up the DagBag from /usr/local/anaconda3/envs/airflow_env/lib/python3.8/site-packages/airflow/example_dags/tutorial_taskflow_templates.py
[2025-03-07T15:32:24.192+0100] {processor.py:925} INFO - DAG(s) 'tutorial_taskflow_templates' retrieved from /usr/local/anaconda3/envs/airflow_env/lib/python3.8/site-packages/airflow/example_dags/tutorial_taskflow_templates.py
[2025-03-07T15:32:24.266+0100] {logging_mixin.py:190} INFO - [2025-03-07T15:32:24.266+0100] {dag.py:3239} INFO - Sync 1 DAGs
[2025-03-07T15:32:24.279+0100] {logging_mixin.py:190} INFO - [2025-03-07T15:32:24.279+0100] {dag.py:4180} INFO - Setting next_dagrun for tutorial_taskflow_templates to 2025-03-06T00:00:00+00:00, run_after=2025-03-07T00:00:00+00:00
[2025-03-07T15:32:24.291+0100] {processor.py:208} INFO - Processing /usr/local/anaconda3/envs/airflow_env/lib/python3.8/site-packages/airflow/example_dags/tutorial_taskflow_templates.py took 0.134 seconds
[2025-03-07T15:34:39.601+0100] {processor.py:186} INFO - Started process (PID=10759) to work on /usr/local/anaconda3/envs/airflow_env/lib/python3.8/site-packages/airflow/example_dags/tutorial_taskflow_templates.py
[2025-03-07T15:34:39.604+0100] {processor.py:914} INFO - Processing file /usr/local/anaconda3/envs/airflow_env/lib/python3.8/site-packages/airflow/example_dags/tutorial_taskflow_templates.py for tasks to queue
[2025-03-07T15:34:39.605+0100] {logging_mixin.py:190} INFO - [2025-03-07T15:34:39.605+0100] {dagbag.py:588} INFO - Filling up the DagBag from /usr/local/anaconda3/envs/airflow_env/lib/python3.8/site-packages/airflow/example_dags/tutorial_taskflow_templates.py
[2025-03-07T15:34:39.633+0100] {processor.py:925} INFO - DAG(s) 'tutorial_taskflow_templates' retrieved from /usr/local/anaconda3/envs/airflow_env/lib/python3.8/site-packages/airflow/example_dags/tutorial_taskflow_templates.py
[2025-03-07T15:34:39.706+0100] {logging_mixin.py:190} INFO - [2025-03-07T15:34:39.706+0100] {dag.py:3239} INFO - Sync 1 DAGs
[2025-03-07T15:34:39.718+0100] {logging_mixin.py:190} INFO - [2025-03-07T15:34:39.718+0100] {dag.py:4180} INFO - Setting next_dagrun for tutorial_taskflow_templates to 2025-03-06T00:00:00+00:00, run_after=2025-03-07T00:00:00+00:00
[2025-03-07T15:34:39.730+0100] {processor.py:208} INFO - Processing /usr/local/anaconda3/envs/airflow_env/lib/python3.8/site-packages/airflow/example_dags/tutorial_taskflow_templates.py took 0.132 seconds
[2025-03-07T15:36:55.294+0100] {processor.py:186} INFO - Started process (PID=11073) to work on /usr/local/anaconda3/envs/airflow_env/lib/python3.8/site-packages/airflow/example_dags/tutorial_taskflow_templates.py
[2025-03-07T15:36:55.297+0100] {processor.py:914} INFO - Processing file /usr/local/anaconda3/envs/airflow_env/lib/python3.8/site-packages/airflow/example_dags/tutorial_taskflow_templates.py for tasks to queue
[2025-03-07T15:36:55.298+0100] {logging_mixin.py:190} INFO - [2025-03-07T15:36:55.298+0100] {dagbag.py:588} INFO - Filling up the DagBag from /usr/local/anaconda3/envs/airflow_env/lib/python3.8/site-packages/airflow/example_dags/tutorial_taskflow_templates.py
[2025-03-07T15:36:55.326+0100] {processor.py:925} INFO - DAG(s) 'tutorial_taskflow_templates' retrieved from /usr/local/anaconda3/envs/airflow_env/lib/python3.8/site-packages/airflow/example_dags/tutorial_taskflow_templates.py
[2025-03-07T15:36:55.396+0100] {logging_mixin.py:190} INFO - [2025-03-07T15:36:55.395+0100] {dag.py:3239} INFO - Sync 1 DAGs
[2025-03-07T15:36:55.408+0100] {logging_mixin.py:190} INFO - [2025-03-07T15:36:55.408+0100] {dag.py:4180} INFO - Setting next_dagrun for tutorial_taskflow_templates to 2025-03-06T00:00:00+00:00, run_after=2025-03-07T00:00:00+00:00
[2025-03-07T15:36:55.420+0100] {processor.py:208} INFO - Processing /usr/local/anaconda3/envs/airflow_env/lib/python3.8/site-packages/airflow/example_dags/tutorial_taskflow_templates.py took 0.128 seconds
[2025-03-07T15:39:10.100+0100] {processor.py:186} INFO - Started process (PID=11324) to work on /usr/local/anaconda3/envs/airflow_env/lib/python3.8/site-packages/airflow/example_dags/tutorial_taskflow_templates.py
[2025-03-07T15:39:10.103+0100] {processor.py:914} INFO - Processing file /usr/local/anaconda3/envs/airflow_env/lib/python3.8/site-packages/airflow/example_dags/tutorial_taskflow_templates.py for tasks to queue
[2025-03-07T15:39:10.104+0100] {logging_mixin.py:190} INFO - [2025-03-07T15:39:10.104+0100] {dagbag.py:588} INFO - Filling up the DagBag from /usr/local/anaconda3/envs/airflow_env/lib/python3.8/site-packages/airflow/example_dags/tutorial_taskflow_templates.py
[2025-03-07T15:39:10.133+0100] {processor.py:925} INFO - DAG(s) 'tutorial_taskflow_templates' retrieved from /usr/local/anaconda3/envs/airflow_env/lib/python3.8/site-packages/airflow/example_dags/tutorial_taskflow_templates.py
[2025-03-07T15:39:10.203+0100] {logging_mixin.py:190} INFO - [2025-03-07T15:39:10.203+0100] {dag.py:3239} INFO - Sync 1 DAGs
[2025-03-07T15:39:10.215+0100] {logging_mixin.py:190} INFO - [2025-03-07T15:39:10.215+0100] {dag.py:4180} INFO - Setting next_dagrun for tutorial_taskflow_templates to 2025-03-06T00:00:00+00:00, run_after=2025-03-07T00:00:00+00:00
[2025-03-07T15:39:10.228+0100] {processor.py:208} INFO - Processing /usr/local/anaconda3/envs/airflow_env/lib/python3.8/site-packages/airflow/example_dags/tutorial_taskflow_templates.py took 0.131 seconds
[2025-03-07T15:41:19.843+0100] {processor.py:186} INFO - Started process (PID=11493) to work on /usr/local/anaconda3/envs/airflow_env/lib/python3.8/site-packages/airflow/example_dags/tutorial_taskflow_templates.py
[2025-03-07T15:41:19.846+0100] {processor.py:914} INFO - Processing file /usr/local/anaconda3/envs/airflow_env/lib/python3.8/site-packages/airflow/example_dags/tutorial_taskflow_templates.py for tasks to queue
[2025-03-07T15:41:19.847+0100] {logging_mixin.py:190} INFO - [2025-03-07T15:41:19.847+0100] {dagbag.py:588} INFO - Filling up the DagBag from /usr/local/anaconda3/envs/airflow_env/lib/python3.8/site-packages/airflow/example_dags/tutorial_taskflow_templates.py
[2025-03-07T15:41:19.875+0100] {processor.py:925} INFO - DAG(s) 'tutorial_taskflow_templates' retrieved from /usr/local/anaconda3/envs/airflow_env/lib/python3.8/site-packages/airflow/example_dags/tutorial_taskflow_templates.py
[2025-03-07T15:41:19.944+0100] {logging_mixin.py:190} INFO - [2025-03-07T15:41:19.944+0100] {dag.py:3239} INFO - Sync 1 DAGs
[2025-03-07T15:41:19.956+0100] {logging_mixin.py:190} INFO - [2025-03-07T15:41:19.956+0100] {dag.py:4180} INFO - Setting next_dagrun for tutorial_taskflow_templates to 2025-03-06T00:00:00+00:00, run_after=2025-03-07T00:00:00+00:00
[2025-03-07T15:41:19.968+0100] {processor.py:208} INFO - Processing /usr/local/anaconda3/envs/airflow_env/lib/python3.8/site-packages/airflow/example_dags/tutorial_taskflow_templates.py took 0.128 seconds
[2025-03-07T15:43:28.730+0100] {processor.py:186} INFO - Started process (PID=11722) to work on /usr/local/anaconda3/envs/airflow_env/lib/python3.8/site-packages/airflow/example_dags/tutorial_taskflow_templates.py
[2025-03-07T15:43:28.733+0100] {processor.py:914} INFO - Processing file /usr/local/anaconda3/envs/airflow_env/lib/python3.8/site-packages/airflow/example_dags/tutorial_taskflow_templates.py for tasks to queue
[2025-03-07T15:43:28.734+0100] {logging_mixin.py:190} INFO - [2025-03-07T15:43:28.734+0100] {dagbag.py:588} INFO - Filling up the DagBag from /usr/local/anaconda3/envs/airflow_env/lib/python3.8/site-packages/airflow/example_dags/tutorial_taskflow_templates.py
[2025-03-07T15:43:28.762+0100] {processor.py:925} INFO - DAG(s) 'tutorial_taskflow_templates' retrieved from /usr/local/anaconda3/envs/airflow_env/lib/python3.8/site-packages/airflow/example_dags/tutorial_taskflow_templates.py
[2025-03-07T15:43:28.836+0100] {logging_mixin.py:190} INFO - [2025-03-07T15:43:28.836+0100] {dag.py:3239} INFO - Sync 1 DAGs
[2025-03-07T15:43:28.849+0100] {logging_mixin.py:190} INFO - [2025-03-07T15:43:28.849+0100] {dag.py:4180} INFO - Setting next_dagrun for tutorial_taskflow_templates to 2025-03-06T00:00:00+00:00, run_after=2025-03-07T00:00:00+00:00
[2025-03-07T15:43:28.861+0100] {processor.py:208} INFO - Processing /usr/local/anaconda3/envs/airflow_env/lib/python3.8/site-packages/airflow/example_dags/tutorial_taskflow_templates.py took 0.134 seconds
[2025-03-07T15:45:38.570+0100] {processor.py:186} INFO - Started process (PID=11910) to work on /usr/local/anaconda3/envs/airflow_env/lib/python3.8/site-packages/airflow/example_dags/tutorial_taskflow_templates.py
[2025-03-07T15:45:38.573+0100] {processor.py:914} INFO - Processing file /usr/local/anaconda3/envs/airflow_env/lib/python3.8/site-packages/airflow/example_dags/tutorial_taskflow_templates.py for tasks to queue
[2025-03-07T15:45:38.574+0100] {logging_mixin.py:190} INFO - [2025-03-07T15:45:38.574+0100] {dagbag.py:588} INFO - Filling up the DagBag from /usr/local/anaconda3/envs/airflow_env/lib/python3.8/site-packages/airflow/example_dags/tutorial_taskflow_templates.py
[2025-03-07T15:45:38.609+0100] {processor.py:925} INFO - DAG(s) 'tutorial_taskflow_templates' retrieved from /usr/local/anaconda3/envs/airflow_env/lib/python3.8/site-packages/airflow/example_dags/tutorial_taskflow_templates.py
[2025-03-07T15:45:38.724+0100] {logging_mixin.py:190} INFO - [2025-03-07T15:45:38.724+0100] {dag.py:3239} INFO - Sync 1 DAGs
[2025-03-07T15:45:38.740+0100] {logging_mixin.py:190} INFO - [2025-03-07T15:45:38.740+0100] {dag.py:4180} INFO - Setting next_dagrun for tutorial_taskflow_templates to 2025-03-06T00:00:00+00:00, run_after=2025-03-07T00:00:00+00:00
[2025-03-07T15:45:38.754+0100] {processor.py:208} INFO - Processing /usr/local/anaconda3/envs/airflow_env/lib/python3.8/site-packages/airflow/example_dags/tutorial_taskflow_templates.py took 0.187 seconds
[2025-03-07T15:48:11.990+0100] {processor.py:186} INFO - Started process (PID=12162) to work on /usr/local/anaconda3/envs/airflow_env/lib/python3.8/site-packages/airflow/example_dags/tutorial_taskflow_templates.py
[2025-03-07T15:48:11.993+0100] {processor.py:914} INFO - Processing file /usr/local/anaconda3/envs/airflow_env/lib/python3.8/site-packages/airflow/example_dags/tutorial_taskflow_templates.py for tasks to queue
[2025-03-07T15:48:11.994+0100] {logging_mixin.py:190} INFO - [2025-03-07T15:48:11.994+0100] {dagbag.py:588} INFO - Filling up the DagBag from /usr/local/anaconda3/envs/airflow_env/lib/python3.8/site-packages/airflow/example_dags/tutorial_taskflow_templates.py
[2025-03-07T15:48:12.022+0100] {processor.py:925} INFO - DAG(s) 'tutorial_taskflow_templates' retrieved from /usr/local/anaconda3/envs/airflow_env/lib/python3.8/site-packages/airflow/example_dags/tutorial_taskflow_templates.py
[2025-03-07T15:48:12.097+0100] {logging_mixin.py:190} INFO - [2025-03-07T15:48:12.096+0100] {dag.py:3239} INFO - Sync 1 DAGs
[2025-03-07T15:48:12.111+0100] {logging_mixin.py:190} INFO - [2025-03-07T15:48:12.111+0100] {dag.py:4180} INFO - Setting next_dagrun for tutorial_taskflow_templates to 2025-03-06T00:00:00+00:00, run_after=2025-03-07T00:00:00+00:00
[2025-03-07T15:48:12.123+0100] {processor.py:208} INFO - Processing /usr/local/anaconda3/envs/airflow_env/lib/python3.8/site-packages/airflow/example_dags/tutorial_taskflow_templates.py took 0.135 seconds
[2025-03-07T15:50:25.980+0100] {processor.py:186} INFO - Started process (PID=12445) to work on /usr/local/anaconda3/envs/airflow_env/lib/python3.8/site-packages/airflow/example_dags/tutorial_taskflow_templates.py
[2025-03-07T15:50:25.983+0100] {processor.py:914} INFO - Processing file /usr/local/anaconda3/envs/airflow_env/lib/python3.8/site-packages/airflow/example_dags/tutorial_taskflow_templates.py for tasks to queue
[2025-03-07T15:50:25.983+0100] {logging_mixin.py:190} INFO - [2025-03-07T15:50:25.983+0100] {dagbag.py:588} INFO - Filling up the DagBag from /usr/local/anaconda3/envs/airflow_env/lib/python3.8/site-packages/airflow/example_dags/tutorial_taskflow_templates.py
[2025-03-07T15:50:26.011+0100] {processor.py:925} INFO - DAG(s) 'tutorial_taskflow_templates' retrieved from /usr/local/anaconda3/envs/airflow_env/lib/python3.8/site-packages/airflow/example_dags/tutorial_taskflow_templates.py
[2025-03-07T15:50:26.082+0100] {logging_mixin.py:190} INFO - [2025-03-07T15:50:26.082+0100] {dag.py:3239} INFO - Sync 1 DAGs
[2025-03-07T15:50:26.095+0100] {logging_mixin.py:190} INFO - [2025-03-07T15:50:26.095+0100] {dag.py:4180} INFO - Setting next_dagrun for tutorial_taskflow_templates to 2025-03-06T00:00:00+00:00, run_after=2025-03-07T00:00:00+00:00
[2025-03-07T15:50:26.107+0100] {processor.py:208} INFO - Processing /usr/local/anaconda3/envs/airflow_env/lib/python3.8/site-packages/airflow/example_dags/tutorial_taskflow_templates.py took 0.130 seconds
[2025-03-07T15:52:57.666+0100] {processor.py:186} INFO - Started process (PID=12721) to work on /usr/local/anaconda3/envs/airflow_env/lib/python3.8/site-packages/airflow/example_dags/tutorial_taskflow_templates.py
[2025-03-07T15:52:57.669+0100] {processor.py:914} INFO - Processing file /usr/local/anaconda3/envs/airflow_env/lib/python3.8/site-packages/airflow/example_dags/tutorial_taskflow_templates.py for tasks to queue
[2025-03-07T15:52:57.670+0100] {logging_mixin.py:190} INFO - [2025-03-07T15:52:57.670+0100] {dagbag.py:588} INFO - Filling up the DagBag from /usr/local/anaconda3/envs/airflow_env/lib/python3.8/site-packages/airflow/example_dags/tutorial_taskflow_templates.py
[2025-03-07T15:52:57.701+0100] {processor.py:925} INFO - DAG(s) 'tutorial_taskflow_templates' retrieved from /usr/local/anaconda3/envs/airflow_env/lib/python3.8/site-packages/airflow/example_dags/tutorial_taskflow_templates.py
[2025-03-07T15:52:57.778+0100] {logging_mixin.py:190} INFO - [2025-03-07T15:52:57.777+0100] {dag.py:3239} INFO - Sync 1 DAGs
[2025-03-07T15:52:57.792+0100] {logging_mixin.py:190} INFO - [2025-03-07T15:52:57.792+0100] {dag.py:4180} INFO - Setting next_dagrun for tutorial_taskflow_templates to 2025-03-06T00:00:00+00:00, run_after=2025-03-07T00:00:00+00:00
[2025-03-07T15:52:57.804+0100] {processor.py:208} INFO - Processing /usr/local/anaconda3/envs/airflow_env/lib/python3.8/site-packages/airflow/example_dags/tutorial_taskflow_templates.py took 0.141 seconds
[2025-03-07T15:55:13.171+0100] {processor.py:186} INFO - Started process (PID=12997) to work on /usr/local/anaconda3/envs/airflow_env/lib/python3.8/site-packages/airflow/example_dags/tutorial_taskflow_templates.py
[2025-03-07T15:55:13.174+0100] {processor.py:914} INFO - Processing file /usr/local/anaconda3/envs/airflow_env/lib/python3.8/site-packages/airflow/example_dags/tutorial_taskflow_templates.py for tasks to queue
[2025-03-07T15:55:13.175+0100] {logging_mixin.py:190} INFO - [2025-03-07T15:55:13.175+0100] {dagbag.py:588} INFO - Filling up the DagBag from /usr/local/anaconda3/envs/airflow_env/lib/python3.8/site-packages/airflow/example_dags/tutorial_taskflow_templates.py
[2025-03-07T15:55:13.203+0100] {processor.py:925} INFO - DAG(s) 'tutorial_taskflow_templates' retrieved from /usr/local/anaconda3/envs/airflow_env/lib/python3.8/site-packages/airflow/example_dags/tutorial_taskflow_templates.py
[2025-03-07T15:55:13.273+0100] {logging_mixin.py:190} INFO - [2025-03-07T15:55:13.273+0100] {dag.py:3239} INFO - Sync 1 DAGs
[2025-03-07T15:55:13.286+0100] {logging_mixin.py:190} INFO - [2025-03-07T15:55:13.286+0100] {dag.py:4180} INFO - Setting next_dagrun for tutorial_taskflow_templates to 2025-03-06T00:00:00+00:00, run_after=2025-03-07T00:00:00+00:00
[2025-03-07T15:55:13.297+0100] {processor.py:208} INFO - Processing /usr/local/anaconda3/envs/airflow_env/lib/python3.8/site-packages/airflow/example_dags/tutorial_taskflow_templates.py took 0.129 seconds
[2025-03-07T15:57:30.398+0100] {processor.py:186} INFO - Started process (PID=13210) to work on /usr/local/anaconda3/envs/airflow_env/lib/python3.8/site-packages/airflow/example_dags/tutorial_taskflow_templates.py
[2025-03-07T15:57:30.402+0100] {processor.py:914} INFO - Processing file /usr/local/anaconda3/envs/airflow_env/lib/python3.8/site-packages/airflow/example_dags/tutorial_taskflow_templates.py for tasks to queue
[2025-03-07T15:57:30.402+0100] {logging_mixin.py:190} INFO - [2025-03-07T15:57:30.402+0100] {dagbag.py:588} INFO - Filling up the DagBag from /usr/local/anaconda3/envs/airflow_env/lib/python3.8/site-packages/airflow/example_dags/tutorial_taskflow_templates.py
[2025-03-07T15:57:30.430+0100] {processor.py:925} INFO - DAG(s) 'tutorial_taskflow_templates' retrieved from /usr/local/anaconda3/envs/airflow_env/lib/python3.8/site-packages/airflow/example_dags/tutorial_taskflow_templates.py
[2025-03-07T15:57:30.500+0100] {logging_mixin.py:190} INFO - [2025-03-07T15:57:30.500+0100] {dag.py:3239} INFO - Sync 1 DAGs
[2025-03-07T15:57:30.513+0100] {logging_mixin.py:190} INFO - [2025-03-07T15:57:30.513+0100] {dag.py:4180} INFO - Setting next_dagrun for tutorial_taskflow_templates to 2025-03-06T00:00:00+00:00, run_after=2025-03-07T00:00:00+00:00
[2025-03-07T15:57:30.524+0100] {processor.py:208} INFO - Processing /usr/local/anaconda3/envs/airflow_env/lib/python3.8/site-packages/airflow/example_dags/tutorial_taskflow_templates.py took 0.129 seconds
[2025-03-07T15:59:47.125+0100] {processor.py:186} INFO - Started process (PID=13466) to work on /usr/local/anaconda3/envs/airflow_env/lib/python3.8/site-packages/airflow/example_dags/tutorial_taskflow_templates.py
[2025-03-07T15:59:47.128+0100] {processor.py:914} INFO - Processing file /usr/local/anaconda3/envs/airflow_env/lib/python3.8/site-packages/airflow/example_dags/tutorial_taskflow_templates.py for tasks to queue
[2025-03-07T15:59:47.129+0100] {logging_mixin.py:190} INFO - [2025-03-07T15:59:47.129+0100] {dagbag.py:588} INFO - Filling up the DagBag from /usr/local/anaconda3/envs/airflow_env/lib/python3.8/site-packages/airflow/example_dags/tutorial_taskflow_templates.py
[2025-03-07T15:59:47.156+0100] {processor.py:925} INFO - DAG(s) 'tutorial_taskflow_templates' retrieved from /usr/local/anaconda3/envs/airflow_env/lib/python3.8/site-packages/airflow/example_dags/tutorial_taskflow_templates.py
[2025-03-07T15:59:47.227+0100] {logging_mixin.py:190} INFO - [2025-03-07T15:59:47.227+0100] {dag.py:3239} INFO - Sync 1 DAGs
[2025-03-07T15:59:47.241+0100] {logging_mixin.py:190} INFO - [2025-03-07T15:59:47.241+0100] {dag.py:4180} INFO - Setting next_dagrun for tutorial_taskflow_templates to 2025-03-06T00:00:00+00:00, run_after=2025-03-07T00:00:00+00:00
[2025-03-07T15:59:47.255+0100] {processor.py:208} INFO - Processing /usr/local/anaconda3/envs/airflow_env/lib/python3.8/site-packages/airflow/example_dags/tutorial_taskflow_templates.py took 0.133 seconds
[2025-03-07T16:03:34.225+0100] {processor.py:186} INFO - Started process (PID=13790) to work on /usr/local/anaconda3/envs/airflow_env/lib/python3.8/site-packages/airflow/example_dags/tutorial_taskflow_templates.py
[2025-03-07T16:03:34.228+0100] {processor.py:914} INFO - Processing file /usr/local/anaconda3/envs/airflow_env/lib/python3.8/site-packages/airflow/example_dags/tutorial_taskflow_templates.py for tasks to queue
[2025-03-07T16:03:34.229+0100] {logging_mixin.py:190} INFO - [2025-03-07T16:03:34.229+0100] {dagbag.py:588} INFO - Filling up the DagBag from /usr/local/anaconda3/envs/airflow_env/lib/python3.8/site-packages/airflow/example_dags/tutorial_taskflow_templates.py
[2025-03-07T16:03:34.257+0100] {processor.py:925} INFO - DAG(s) 'tutorial_taskflow_templates' retrieved from /usr/local/anaconda3/envs/airflow_env/lib/python3.8/site-packages/airflow/example_dags/tutorial_taskflow_templates.py
[2025-03-07T16:03:34.326+0100] {logging_mixin.py:190} INFO - [2025-03-07T16:03:34.326+0100] {dag.py:3239} INFO - Sync 1 DAGs
[2025-03-07T16:03:34.338+0100] {logging_mixin.py:190} INFO - [2025-03-07T16:03:34.338+0100] {dag.py:4180} INFO - Setting next_dagrun for tutorial_taskflow_templates to 2025-03-06T00:00:00+00:00, run_after=2025-03-07T00:00:00+00:00
[2025-03-07T16:03:34.350+0100] {processor.py:208} INFO - Processing /usr/local/anaconda3/envs/airflow_env/lib/python3.8/site-packages/airflow/example_dags/tutorial_taskflow_templates.py took 0.128 seconds
[2025-03-07T16:06:33.223+0100] {processor.py:186} INFO - Started process (PID=14058) to work on /usr/local/anaconda3/envs/airflow_env/lib/python3.8/site-packages/airflow/example_dags/tutorial_taskflow_templates.py
[2025-03-07T16:06:33.226+0100] {processor.py:914} INFO - Processing file /usr/local/anaconda3/envs/airflow_env/lib/python3.8/site-packages/airflow/example_dags/tutorial_taskflow_templates.py for tasks to queue
[2025-03-07T16:06:33.227+0100] {logging_mixin.py:190} INFO - [2025-03-07T16:06:33.227+0100] {dagbag.py:588} INFO - Filling up the DagBag from /usr/local/anaconda3/envs/airflow_env/lib/python3.8/site-packages/airflow/example_dags/tutorial_taskflow_templates.py
[2025-03-07T16:06:33.255+0100] {processor.py:925} INFO - DAG(s) 'tutorial_taskflow_templates' retrieved from /usr/local/anaconda3/envs/airflow_env/lib/python3.8/site-packages/airflow/example_dags/tutorial_taskflow_templates.py
[2025-03-07T16:06:33.326+0100] {logging_mixin.py:190} INFO - [2025-03-07T16:06:33.326+0100] {dag.py:3239} INFO - Sync 1 DAGs
[2025-03-07T16:06:33.340+0100] {logging_mixin.py:190} INFO - [2025-03-07T16:06:33.339+0100] {dag.py:4180} INFO - Setting next_dagrun for tutorial_taskflow_templates to 2025-03-06T00:00:00+00:00, run_after=2025-03-07T00:00:00+00:00
[2025-03-07T16:06:33.352+0100] {processor.py:208} INFO - Processing /usr/local/anaconda3/envs/airflow_env/lib/python3.8/site-packages/airflow/example_dags/tutorial_taskflow_templates.py took 0.132 seconds
[2025-03-07T16:10:25.073+0100] {processor.py:186} INFO - Started process (PID=14381) to work on /usr/local/anaconda3/envs/airflow_env/lib/python3.8/site-packages/airflow/example_dags/tutorial_taskflow_templates.py
[2025-03-07T16:10:25.076+0100] {processor.py:914} INFO - Processing file /usr/local/anaconda3/envs/airflow_env/lib/python3.8/site-packages/airflow/example_dags/tutorial_taskflow_templates.py for tasks to queue
[2025-03-07T16:10:25.077+0100] {logging_mixin.py:190} INFO - [2025-03-07T16:10:25.077+0100] {dagbag.py:588} INFO - Filling up the DagBag from /usr/local/anaconda3/envs/airflow_env/lib/python3.8/site-packages/airflow/example_dags/tutorial_taskflow_templates.py
[2025-03-07T16:10:25.106+0100] {processor.py:925} INFO - DAG(s) 'tutorial_taskflow_templates' retrieved from /usr/local/anaconda3/envs/airflow_env/lib/python3.8/site-packages/airflow/example_dags/tutorial_taskflow_templates.py
[2025-03-07T16:10:25.177+0100] {logging_mixin.py:190} INFO - [2025-03-07T16:10:25.177+0100] {dag.py:3239} INFO - Sync 1 DAGs
[2025-03-07T16:10:25.189+0100] {logging_mixin.py:190} INFO - [2025-03-07T16:10:25.189+0100] {dag.py:4180} INFO - Setting next_dagrun for tutorial_taskflow_templates to 2025-03-06T00:00:00+00:00, run_after=2025-03-07T00:00:00+00:00
[2025-03-07T16:10:25.201+0100] {processor.py:208} INFO - Processing /usr/local/anaconda3/envs/airflow_env/lib/python3.8/site-packages/airflow/example_dags/tutorial_taskflow_templates.py took 0.132 seconds
[2025-03-07T16:12:43.804+0100] {processor.py:186} INFO - Started process (PID=14672) to work on /usr/local/anaconda3/envs/airflow_env/lib/python3.8/site-packages/airflow/example_dags/tutorial_taskflow_templates.py
[2025-03-07T16:12:43.807+0100] {processor.py:914} INFO - Processing file /usr/local/anaconda3/envs/airflow_env/lib/python3.8/site-packages/airflow/example_dags/tutorial_taskflow_templates.py for tasks to queue
[2025-03-07T16:12:43.808+0100] {logging_mixin.py:190} INFO - [2025-03-07T16:12:43.808+0100] {dagbag.py:588} INFO - Filling up the DagBag from /usr/local/anaconda3/envs/airflow_env/lib/python3.8/site-packages/airflow/example_dags/tutorial_taskflow_templates.py
[2025-03-07T16:12:43.835+0100] {processor.py:925} INFO - DAG(s) 'tutorial_taskflow_templates' retrieved from /usr/local/anaconda3/envs/airflow_env/lib/python3.8/site-packages/airflow/example_dags/tutorial_taskflow_templates.py
[2025-03-07T16:12:43.905+0100] {logging_mixin.py:190} INFO - [2025-03-07T16:12:43.905+0100] {dag.py:3239} INFO - Sync 1 DAGs
[2025-03-07T16:12:43.918+0100] {logging_mixin.py:190} INFO - [2025-03-07T16:12:43.917+0100] {dag.py:4180} INFO - Setting next_dagrun for tutorial_taskflow_templates to 2025-03-06T00:00:00+00:00, run_after=2025-03-07T00:00:00+00:00
[2025-03-07T16:12:43.929+0100] {processor.py:208} INFO - Processing /usr/local/anaconda3/envs/airflow_env/lib/python3.8/site-packages/airflow/example_dags/tutorial_taskflow_templates.py took 0.128 seconds
[2025-03-07T16:14:57.926+0100] {processor.py:186} INFO - Started process (PID=14976) to work on /usr/local/anaconda3/envs/airflow_env/lib/python3.8/site-packages/airflow/example_dags/tutorial_taskflow_templates.py
[2025-03-07T16:14:57.929+0100] {processor.py:914} INFO - Processing file /usr/local/anaconda3/envs/airflow_env/lib/python3.8/site-packages/airflow/example_dags/tutorial_taskflow_templates.py for tasks to queue
[2025-03-07T16:14:57.930+0100] {logging_mixin.py:190} INFO - [2025-03-07T16:14:57.930+0100] {dagbag.py:588} INFO - Filling up the DagBag from /usr/local/anaconda3/envs/airflow_env/lib/python3.8/site-packages/airflow/example_dags/tutorial_taskflow_templates.py
[2025-03-07T16:14:57.964+0100] {processor.py:925} INFO - DAG(s) 'tutorial_taskflow_templates' retrieved from /usr/local/anaconda3/envs/airflow_env/lib/python3.8/site-packages/airflow/example_dags/tutorial_taskflow_templates.py
[2025-03-07T16:14:58.046+0100] {logging_mixin.py:190} INFO - [2025-03-07T16:14:58.046+0100] {dag.py:3239} INFO - Sync 1 DAGs
[2025-03-07T16:14:58.061+0100] {logging_mixin.py:190} INFO - [2025-03-07T16:14:58.060+0100] {dag.py:4180} INFO - Setting next_dagrun for tutorial_taskflow_templates to 2025-03-06T00:00:00+00:00, run_after=2025-03-07T00:00:00+00:00
[2025-03-07T16:14:58.073+0100] {processor.py:208} INFO - Processing /usr/local/anaconda3/envs/airflow_env/lib/python3.8/site-packages/airflow/example_dags/tutorial_taskflow_templates.py took 0.151 seconds
[2025-03-07T16:17:10.790+0100] {processor.py:186} INFO - Started process (PID=15183) to work on /usr/local/anaconda3/envs/airflow_env/lib/python3.8/site-packages/airflow/example_dags/tutorial_taskflow_templates.py
[2025-03-07T16:17:10.793+0100] {processor.py:914} INFO - Processing file /usr/local/anaconda3/envs/airflow_env/lib/python3.8/site-packages/airflow/example_dags/tutorial_taskflow_templates.py for tasks to queue
[2025-03-07T16:17:10.794+0100] {logging_mixin.py:190} INFO - [2025-03-07T16:17:10.794+0100] {dagbag.py:588} INFO - Filling up the DagBag from /usr/local/anaconda3/envs/airflow_env/lib/python3.8/site-packages/airflow/example_dags/tutorial_taskflow_templates.py
[2025-03-07T16:17:10.824+0100] {processor.py:925} INFO - DAG(s) 'tutorial_taskflow_templates' retrieved from /usr/local/anaconda3/envs/airflow_env/lib/python3.8/site-packages/airflow/example_dags/tutorial_taskflow_templates.py
[2025-03-07T16:17:10.935+0100] {logging_mixin.py:190} INFO - [2025-03-07T16:17:10.935+0100] {dag.py:3239} INFO - Sync 1 DAGs
[2025-03-07T16:17:10.952+0100] {logging_mixin.py:190} INFO - [2025-03-07T16:17:10.951+0100] {dag.py:4180} INFO - Setting next_dagrun for tutorial_taskflow_templates to 2025-03-06T00:00:00+00:00, run_after=2025-03-07T00:00:00+00:00
[2025-03-07T16:17:10.965+0100] {processor.py:208} INFO - Processing /usr/local/anaconda3/envs/airflow_env/lib/python3.8/site-packages/airflow/example_dags/tutorial_taskflow_templates.py took 0.179 seconds
[2025-03-07T16:19:32.439+0100] {processor.py:186} INFO - Started process (PID=15468) to work on /usr/local/anaconda3/envs/airflow_env/lib/python3.8/site-packages/airflow/example_dags/tutorial_taskflow_templates.py
[2025-03-07T16:19:32.442+0100] {processor.py:914} INFO - Processing file /usr/local/anaconda3/envs/airflow_env/lib/python3.8/site-packages/airflow/example_dags/tutorial_taskflow_templates.py for tasks to queue
[2025-03-07T16:19:32.443+0100] {logging_mixin.py:190} INFO - [2025-03-07T16:19:32.443+0100] {dagbag.py:588} INFO - Filling up the DagBag from /usr/local/anaconda3/envs/airflow_env/lib/python3.8/site-packages/airflow/example_dags/tutorial_taskflow_templates.py
[2025-03-07T16:19:32.474+0100] {processor.py:925} INFO - DAG(s) 'tutorial_taskflow_templates' retrieved from /usr/local/anaconda3/envs/airflow_env/lib/python3.8/site-packages/airflow/example_dags/tutorial_taskflow_templates.py
[2025-03-07T16:19:32.551+0100] {logging_mixin.py:190} INFO - [2025-03-07T16:19:32.551+0100] {dag.py:3239} INFO - Sync 1 DAGs
[2025-03-07T16:19:32.566+0100] {logging_mixin.py:190} INFO - [2025-03-07T16:19:32.566+0100] {dag.py:4180} INFO - Setting next_dagrun for tutorial_taskflow_templates to 2025-03-06T00:00:00+00:00, run_after=2025-03-07T00:00:00+00:00
[2025-03-07T16:19:32.579+0100] {processor.py:208} INFO - Processing /usr/local/anaconda3/envs/airflow_env/lib/python3.8/site-packages/airflow/example_dags/tutorial_taskflow_templates.py took 0.142 seconds
[2025-03-07T16:21:51.636+0100] {processor.py:186} INFO - Started process (PID=15722) to work on /usr/local/anaconda3/envs/airflow_env/lib/python3.8/site-packages/airflow/example_dags/tutorial_taskflow_templates.py
[2025-03-07T16:21:51.639+0100] {processor.py:914} INFO - Processing file /usr/local/anaconda3/envs/airflow_env/lib/python3.8/site-packages/airflow/example_dags/tutorial_taskflow_templates.py for tasks to queue
[2025-03-07T16:21:51.640+0100] {logging_mixin.py:190} INFO - [2025-03-07T16:21:51.640+0100] {dagbag.py:588} INFO - Filling up the DagBag from /usr/local/anaconda3/envs/airflow_env/lib/python3.8/site-packages/airflow/example_dags/tutorial_taskflow_templates.py
[2025-03-07T16:21:51.667+0100] {processor.py:925} INFO - DAG(s) 'tutorial_taskflow_templates' retrieved from /usr/local/anaconda3/envs/airflow_env/lib/python3.8/site-packages/airflow/example_dags/tutorial_taskflow_templates.py
[2025-03-07T16:21:51.735+0100] {logging_mixin.py:190} INFO - [2025-03-07T16:21:51.735+0100] {dag.py:3239} INFO - Sync 1 DAGs
[2025-03-07T16:21:51.748+0100] {logging_mixin.py:190} INFO - [2025-03-07T16:21:51.748+0100] {dag.py:4180} INFO - Setting next_dagrun for tutorial_taskflow_templates to 2025-03-06T00:00:00+00:00, run_after=2025-03-07T00:00:00+00:00
[2025-03-07T16:21:51.759+0100] {processor.py:208} INFO - Processing /usr/local/anaconda3/envs/airflow_env/lib/python3.8/site-packages/airflow/example_dags/tutorial_taskflow_templates.py took 0.126 seconds
[2025-03-07T16:28:49.590+0100] {processor.py:186} INFO - Started process (PID=16158) to work on /usr/local/anaconda3/envs/airflow_env/lib/python3.8/site-packages/airflow/example_dags/tutorial_taskflow_templates.py
[2025-03-07T16:28:49.593+0100] {processor.py:914} INFO - Processing file /usr/local/anaconda3/envs/airflow_env/lib/python3.8/site-packages/airflow/example_dags/tutorial_taskflow_templates.py for tasks to queue
[2025-03-07T16:28:49.594+0100] {logging_mixin.py:190} INFO - [2025-03-07T16:28:49.594+0100] {dagbag.py:588} INFO - Filling up the DagBag from /usr/local/anaconda3/envs/airflow_env/lib/python3.8/site-packages/airflow/example_dags/tutorial_taskflow_templates.py
[2025-03-07T16:28:49.622+0100] {processor.py:925} INFO - DAG(s) 'tutorial_taskflow_templates' retrieved from /usr/local/anaconda3/envs/airflow_env/lib/python3.8/site-packages/airflow/example_dags/tutorial_taskflow_templates.py
[2025-03-07T16:28:49.693+0100] {logging_mixin.py:190} INFO - [2025-03-07T16:28:49.693+0100] {dag.py:3239} INFO - Sync 1 DAGs
[2025-03-07T16:28:49.706+0100] {logging_mixin.py:190} INFO - [2025-03-07T16:28:49.706+0100] {dag.py:4180} INFO - Setting next_dagrun for tutorial_taskflow_templates to 2025-03-06T00:00:00+00:00, run_after=2025-03-07T00:00:00+00:00
[2025-03-07T16:28:49.718+0100] {processor.py:208} INFO - Processing /usr/local/anaconda3/envs/airflow_env/lib/python3.8/site-packages/airflow/example_dags/tutorial_taskflow_templates.py took 0.131 seconds
