[2025-03-07T14:10:49.192+0100] {processor.py:186} INFO - Started process (PID=2615) to work on /usr/local/anaconda3/envs/airflow_env/lib/python3.8/site-packages/airflow/example_dags/tutorial_taskflow_api.py
[2025-03-07T14:10:49.195+0100] {processor.py:914} INFO - Processing file /usr/local/anaconda3/envs/airflow_env/lib/python3.8/site-packages/airflow/example_dags/tutorial_taskflow_api.py for tasks to queue
[2025-03-07T14:10:49.196+0100] {logging_mixin.py:190} INFO - [2025-03-07T14:10:49.196+0100] {dagbag.py:588} INFO - Filling up the DagBag from /usr/local/anaconda3/envs/airflow_env/lib/python3.8/site-packages/airflow/example_dags/tutorial_taskflow_api.py
[2025-03-07T14:10:49.220+0100] {processor.py:925} INFO - DAG(s) 'tutorial_taskflow_api' retrieved from /usr/local/anaconda3/envs/airflow_env/lib/python3.8/site-packages/airflow/example_dags/tutorial_taskflow_api.py
[2025-03-07T14:10:49.339+0100] {logging_mixin.py:190} INFO - [2025-03-07T14:10:49.338+0100] {override.py:1901} INFO - Created Permission View: can edit on DAG:tutorial_taskflow_api
[2025-03-07T14:10:49.344+0100] {logging_mixin.py:190} INFO - [2025-03-07T14:10:49.344+0100] {override.py:1901} INFO - Created Permission View: can read on DAG:tutorial_taskflow_api
[2025-03-07T14:10:49.348+0100] {logging_mixin.py:190} INFO - [2025-03-07T14:10:49.348+0100] {override.py:1901} INFO - Created Permission View: can delete on DAG:tutorial_taskflow_api
[2025-03-07T14:10:49.353+0100] {logging_mixin.py:190} INFO - [2025-03-07T14:10:49.353+0100] {override.py:1901} INFO - Created Permission View: can delete on DAG Run:tutorial_taskflow_api
[2025-03-07T14:10:49.356+0100] {logging_mixin.py:190} INFO - [2025-03-07T14:10:49.356+0100] {override.py:1901} INFO - Created Permission View: menu access on DAG Run:tutorial_taskflow_api
[2025-03-07T14:10:49.360+0100] {logging_mixin.py:190} INFO - [2025-03-07T14:10:49.360+0100] {override.py:1901} INFO - Created Permission View: can read on DAG Run:tutorial_taskflow_api
[2025-03-07T14:10:49.364+0100] {logging_mixin.py:190} INFO - [2025-03-07T14:10:49.363+0100] {override.py:1901} INFO - Created Permission View: can create on DAG Run:tutorial_taskflow_api
[2025-03-07T14:10:49.364+0100] {logging_mixin.py:190} INFO - [2025-03-07T14:10:49.364+0100] {dag.py:3239} INFO - Sync 1 DAGs
[2025-03-07T14:10:49.373+0100] {logging_mixin.py:190} INFO - [2025-03-07T14:10:49.372+0100] {dag.py:3262} INFO - Creating ORM DAG for tutorial_taskflow_api
[2025-03-07T14:10:49.373+0100] {logging_mixin.py:190} INFO - [2025-03-07T14:10:49.373+0100] {dag.py:4180} INFO - Setting next_dagrun for tutorial_taskflow_api to None, run_after=None
[2025-03-07T14:10:49.384+0100] {processor.py:208} INFO - Processing /usr/local/anaconda3/envs/airflow_env/lib/python3.8/site-packages/airflow/example_dags/tutorial_taskflow_api.py took 0.195 seconds
[2025-03-07T14:14:16.775+0100] {processor.py:186} INFO - Started process (PID=2994) to work on /usr/local/anaconda3/envs/airflow_env/lib/python3.8/site-packages/airflow/example_dags/tutorial_taskflow_api.py
[2025-03-07T14:14:16.779+0100] {processor.py:914} INFO - Processing file /usr/local/anaconda3/envs/airflow_env/lib/python3.8/site-packages/airflow/example_dags/tutorial_taskflow_api.py for tasks to queue
[2025-03-07T14:14:16.780+0100] {logging_mixin.py:190} INFO - [2025-03-07T14:14:16.780+0100] {dagbag.py:588} INFO - Filling up the DagBag from /usr/local/anaconda3/envs/airflow_env/lib/python3.8/site-packages/airflow/example_dags/tutorial_taskflow_api.py
[2025-03-07T14:14:16.809+0100] {processor.py:925} INFO - DAG(s) 'tutorial_taskflow_api' retrieved from /usr/local/anaconda3/envs/airflow_env/lib/python3.8/site-packages/airflow/example_dags/tutorial_taskflow_api.py
[2025-03-07T14:14:16.882+0100] {logging_mixin.py:190} INFO - [2025-03-07T14:14:16.881+0100] {dag.py:3239} INFO - Sync 1 DAGs
[2025-03-07T14:14:16.889+0100] {logging_mixin.py:190} INFO - [2025-03-07T14:14:16.889+0100] {dag.py:4180} INFO - Setting next_dagrun for tutorial_taskflow_api to None, run_after=None
[2025-03-07T14:14:16.902+0100] {processor.py:208} INFO - Processing /usr/local/anaconda3/envs/airflow_env/lib/python3.8/site-packages/airflow/example_dags/tutorial_taskflow_api.py took 0.130 seconds
[2025-03-07T14:16:29.848+0100] {processor.py:186} INFO - Started process (PID=3247) to work on /usr/local/anaconda3/envs/airflow_env/lib/python3.8/site-packages/airflow/example_dags/tutorial_taskflow_api.py
[2025-03-07T14:16:29.851+0100] {processor.py:914} INFO - Processing file /usr/local/anaconda3/envs/airflow_env/lib/python3.8/site-packages/airflow/example_dags/tutorial_taskflow_api.py for tasks to queue
[2025-03-07T14:16:29.852+0100] {logging_mixin.py:190} INFO - [2025-03-07T14:16:29.852+0100] {dagbag.py:588} INFO - Filling up the DagBag from /usr/local/anaconda3/envs/airflow_env/lib/python3.8/site-packages/airflow/example_dags/tutorial_taskflow_api.py
[2025-03-07T14:16:29.876+0100] {processor.py:925} INFO - DAG(s) 'tutorial_taskflow_api' retrieved from /usr/local/anaconda3/envs/airflow_env/lib/python3.8/site-packages/airflow/example_dags/tutorial_taskflow_api.py
[2025-03-07T14:16:29.946+0100] {logging_mixin.py:190} INFO - [2025-03-07T14:16:29.946+0100] {dag.py:3239} INFO - Sync 1 DAGs
[2025-03-07T14:16:29.953+0100] {logging_mixin.py:190} INFO - [2025-03-07T14:16:29.953+0100] {dag.py:4180} INFO - Setting next_dagrun for tutorial_taskflow_api to None, run_after=None
[2025-03-07T14:16:29.966+0100] {processor.py:208} INFO - Processing /usr/local/anaconda3/envs/airflow_env/lib/python3.8/site-packages/airflow/example_dags/tutorial_taskflow_api.py took 0.121 seconds
[2025-03-07T14:18:45.569+0100] {processor.py:186} INFO - Started process (PID=3495) to work on /usr/local/anaconda3/envs/airflow_env/lib/python3.8/site-packages/airflow/example_dags/tutorial_taskflow_api.py
[2025-03-07T14:18:45.572+0100] {processor.py:914} INFO - Processing file /usr/local/anaconda3/envs/airflow_env/lib/python3.8/site-packages/airflow/example_dags/tutorial_taskflow_api.py for tasks to queue
[2025-03-07T14:18:45.573+0100] {logging_mixin.py:190} INFO - [2025-03-07T14:18:45.573+0100] {dagbag.py:588} INFO - Filling up the DagBag from /usr/local/anaconda3/envs/airflow_env/lib/python3.8/site-packages/airflow/example_dags/tutorial_taskflow_api.py
[2025-03-07T14:18:45.597+0100] {processor.py:925} INFO - DAG(s) 'tutorial_taskflow_api' retrieved from /usr/local/anaconda3/envs/airflow_env/lib/python3.8/site-packages/airflow/example_dags/tutorial_taskflow_api.py
[2025-03-07T14:18:45.667+0100] {logging_mixin.py:190} INFO - [2025-03-07T14:18:45.667+0100] {dag.py:3239} INFO - Sync 1 DAGs
[2025-03-07T14:18:45.674+0100] {logging_mixin.py:190} INFO - [2025-03-07T14:18:45.674+0100] {dag.py:4180} INFO - Setting next_dagrun for tutorial_taskflow_api to None, run_after=None
[2025-03-07T14:18:45.687+0100] {processor.py:208} INFO - Processing /usr/local/anaconda3/envs/airflow_env/lib/python3.8/site-packages/airflow/example_dags/tutorial_taskflow_api.py took 0.121 seconds
[2025-03-07T14:21:00.530+0100] {processor.py:186} INFO - Started process (PID=3799) to work on /usr/local/anaconda3/envs/airflow_env/lib/python3.8/site-packages/airflow/example_dags/tutorial_taskflow_api.py
[2025-03-07T14:21:00.533+0100] {processor.py:914} INFO - Processing file /usr/local/anaconda3/envs/airflow_env/lib/python3.8/site-packages/airflow/example_dags/tutorial_taskflow_api.py for tasks to queue
[2025-03-07T14:21:00.534+0100] {logging_mixin.py:190} INFO - [2025-03-07T14:21:00.533+0100] {dagbag.py:588} INFO - Filling up the DagBag from /usr/local/anaconda3/envs/airflow_env/lib/python3.8/site-packages/airflow/example_dags/tutorial_taskflow_api.py
[2025-03-07T14:21:00.560+0100] {processor.py:925} INFO - DAG(s) 'tutorial_taskflow_api' retrieved from /usr/local/anaconda3/envs/airflow_env/lib/python3.8/site-packages/airflow/example_dags/tutorial_taskflow_api.py
[2025-03-07T14:21:00.632+0100] {logging_mixin.py:190} INFO - [2025-03-07T14:21:00.632+0100] {dag.py:3239} INFO - Sync 1 DAGs
[2025-03-07T14:21:00.639+0100] {logging_mixin.py:190} INFO - [2025-03-07T14:21:00.639+0100] {dag.py:4180} INFO - Setting next_dagrun for tutorial_taskflow_api to None, run_after=None
[2025-03-07T14:21:00.651+0100] {processor.py:208} INFO - Processing /usr/local/anaconda3/envs/airflow_env/lib/python3.8/site-packages/airflow/example_dags/tutorial_taskflow_api.py took 0.125 seconds
[2025-03-07T14:23:15.755+0100] {processor.py:186} INFO - Started process (PID=4016) to work on /usr/local/anaconda3/envs/airflow_env/lib/python3.8/site-packages/airflow/example_dags/tutorial_taskflow_api.py
[2025-03-07T14:23:15.758+0100] {processor.py:914} INFO - Processing file /usr/local/anaconda3/envs/airflow_env/lib/python3.8/site-packages/airflow/example_dags/tutorial_taskflow_api.py for tasks to queue
[2025-03-07T14:23:15.759+0100] {logging_mixin.py:190} INFO - [2025-03-07T14:23:15.759+0100] {dagbag.py:588} INFO - Filling up the DagBag from /usr/local/anaconda3/envs/airflow_env/lib/python3.8/site-packages/airflow/example_dags/tutorial_taskflow_api.py
[2025-03-07T14:23:15.783+0100] {processor.py:925} INFO - DAG(s) 'tutorial_taskflow_api' retrieved from /usr/local/anaconda3/envs/airflow_env/lib/python3.8/site-packages/airflow/example_dags/tutorial_taskflow_api.py
[2025-03-07T14:23:15.853+0100] {logging_mixin.py:190} INFO - [2025-03-07T14:23:15.852+0100] {dag.py:3239} INFO - Sync 1 DAGs
[2025-03-07T14:23:15.860+0100] {logging_mixin.py:190} INFO - [2025-03-07T14:23:15.859+0100] {dag.py:4180} INFO - Setting next_dagrun for tutorial_taskflow_api to None, run_after=None
[2025-03-07T14:23:15.872+0100] {processor.py:208} INFO - Processing /usr/local/anaconda3/envs/airflow_env/lib/python3.8/site-packages/airflow/example_dags/tutorial_taskflow_api.py took 0.120 seconds
[2025-03-07T14:25:38.886+0100] {processor.py:186} INFO - Started process (PID=4242) to work on /usr/local/anaconda3/envs/airflow_env/lib/python3.8/site-packages/airflow/example_dags/tutorial_taskflow_api.py
[2025-03-07T14:25:38.890+0100] {processor.py:914} INFO - Processing file /usr/local/anaconda3/envs/airflow_env/lib/python3.8/site-packages/airflow/example_dags/tutorial_taskflow_api.py for tasks to queue
[2025-03-07T14:25:38.891+0100] {logging_mixin.py:190} INFO - [2025-03-07T14:25:38.890+0100] {dagbag.py:588} INFO - Filling up the DagBag from /usr/local/anaconda3/envs/airflow_env/lib/python3.8/site-packages/airflow/example_dags/tutorial_taskflow_api.py
[2025-03-07T14:25:38.915+0100] {processor.py:925} INFO - DAG(s) 'tutorial_taskflow_api' retrieved from /usr/local/anaconda3/envs/airflow_env/lib/python3.8/site-packages/airflow/example_dags/tutorial_taskflow_api.py
[2025-03-07T14:25:38.985+0100] {logging_mixin.py:190} INFO - [2025-03-07T14:25:38.985+0100] {dag.py:3239} INFO - Sync 1 DAGs
[2025-03-07T14:25:38.992+0100] {logging_mixin.py:190} INFO - [2025-03-07T14:25:38.992+0100] {dag.py:4180} INFO - Setting next_dagrun for tutorial_taskflow_api to None, run_after=None
[2025-03-07T14:25:39.005+0100] {processor.py:208} INFO - Processing /usr/local/anaconda3/envs/airflow_env/lib/python3.8/site-packages/airflow/example_dags/tutorial_taskflow_api.py took 0.122 seconds
[2025-03-07T14:27:01.027+0100] {processor.py:186} INFO - Started process (PID=4388) to work on /usr/local/anaconda3/envs/airflow_env/lib/python3.8/site-packages/airflow/example_dags/tutorial_taskflow_api.py
[2025-03-07T14:27:01.030+0100] {processor.py:914} INFO - Processing file /usr/local/anaconda3/envs/airflow_env/lib/python3.8/site-packages/airflow/example_dags/tutorial_taskflow_api.py for tasks to queue
[2025-03-07T14:27:01.031+0100] {logging_mixin.py:190} INFO - [2025-03-07T14:27:01.031+0100] {dagbag.py:588} INFO - Filling up the DagBag from /usr/local/anaconda3/envs/airflow_env/lib/python3.8/site-packages/airflow/example_dags/tutorial_taskflow_api.py
[2025-03-07T14:27:01.055+0100] {processor.py:925} INFO - DAG(s) 'tutorial_taskflow_api' retrieved from /usr/local/anaconda3/envs/airflow_env/lib/python3.8/site-packages/airflow/example_dags/tutorial_taskflow_api.py
[2025-03-07T14:27:01.123+0100] {logging_mixin.py:190} INFO - [2025-03-07T14:27:01.123+0100] {dag.py:3239} INFO - Sync 1 DAGs
[2025-03-07T14:27:01.131+0100] {logging_mixin.py:190} INFO - [2025-03-07T14:27:01.130+0100] {dag.py:4180} INFO - Setting next_dagrun for tutorial_taskflow_api to None, run_after=None
[2025-03-07T14:27:01.143+0100] {processor.py:208} INFO - Processing /usr/local/anaconda3/envs/airflow_env/lib/python3.8/site-packages/airflow/example_dags/tutorial_taskflow_api.py took 0.119 seconds
[2025-03-07T14:43:45.706+0100] {processor.py:186} INFO - Started process (PID=4898) to work on /usr/local/anaconda3/envs/airflow_env/lib/python3.8/site-packages/airflow/example_dags/tutorial_taskflow_api.py
[2025-03-07T14:43:45.709+0100] {processor.py:914} INFO - Processing file /usr/local/anaconda3/envs/airflow_env/lib/python3.8/site-packages/airflow/example_dags/tutorial_taskflow_api.py for tasks to queue
[2025-03-07T14:43:45.710+0100] {logging_mixin.py:190} INFO - [2025-03-07T14:43:45.709+0100] {dagbag.py:588} INFO - Filling up the DagBag from /usr/local/anaconda3/envs/airflow_env/lib/python3.8/site-packages/airflow/example_dags/tutorial_taskflow_api.py
[2025-03-07T14:43:45.733+0100] {processor.py:925} INFO - DAG(s) 'tutorial_taskflow_api' retrieved from /usr/local/anaconda3/envs/airflow_env/lib/python3.8/site-packages/airflow/example_dags/tutorial_taskflow_api.py
[2025-03-07T14:43:45.805+0100] {logging_mixin.py:190} INFO - [2025-03-07T14:43:45.805+0100] {dag.py:3239} INFO - Sync 1 DAGs
[2025-03-07T14:43:45.813+0100] {logging_mixin.py:190} INFO - [2025-03-07T14:43:45.813+0100] {dag.py:4180} INFO - Setting next_dagrun for tutorial_taskflow_api to None, run_after=None
[2025-03-07T14:43:45.825+0100] {processor.py:208} INFO - Processing /usr/local/anaconda3/envs/airflow_env/lib/python3.8/site-packages/airflow/example_dags/tutorial_taskflow_api.py took 0.122 seconds
[2025-03-07T14:46:33.936+0100] {processor.py:186} INFO - Started process (PID=5107) to work on /usr/local/anaconda3/envs/airflow_env/lib/python3.8/site-packages/airflow/example_dags/tutorial_taskflow_api.py
[2025-03-07T14:46:33.940+0100] {processor.py:914} INFO - Processing file /usr/local/anaconda3/envs/airflow_env/lib/python3.8/site-packages/airflow/example_dags/tutorial_taskflow_api.py for tasks to queue
[2025-03-07T14:46:33.941+0100] {logging_mixin.py:190} INFO - [2025-03-07T14:46:33.941+0100] {dagbag.py:588} INFO - Filling up the DagBag from /usr/local/anaconda3/envs/airflow_env/lib/python3.8/site-packages/airflow/example_dags/tutorial_taskflow_api.py
[2025-03-07T14:46:33.968+0100] {processor.py:925} INFO - DAG(s) 'tutorial_taskflow_api' retrieved from /usr/local/anaconda3/envs/airflow_env/lib/python3.8/site-packages/airflow/example_dags/tutorial_taskflow_api.py
[2025-03-07T14:46:34.043+0100] {logging_mixin.py:190} INFO - [2025-03-07T14:46:34.042+0100] {dag.py:3239} INFO - Sync 1 DAGs
[2025-03-07T14:46:34.052+0100] {logging_mixin.py:190} INFO - [2025-03-07T14:46:34.051+0100] {dag.py:4180} INFO - Setting next_dagrun for tutorial_taskflow_api to None, run_after=None
[2025-03-07T14:46:34.066+0100] {processor.py:208} INFO - Processing /usr/local/anaconda3/envs/airflow_env/lib/python3.8/site-packages/airflow/example_dags/tutorial_taskflow_api.py took 0.137 seconds
[2025-03-07T14:48:53.174+0100] {processor.py:186} INFO - Started process (PID=5376) to work on /usr/local/anaconda3/envs/airflow_env/lib/python3.8/site-packages/airflow/example_dags/tutorial_taskflow_api.py
[2025-03-07T14:48:53.177+0100] {processor.py:914} INFO - Processing file /usr/local/anaconda3/envs/airflow_env/lib/python3.8/site-packages/airflow/example_dags/tutorial_taskflow_api.py for tasks to queue
[2025-03-07T14:48:53.178+0100] {logging_mixin.py:190} INFO - [2025-03-07T14:48:53.178+0100] {dagbag.py:588} INFO - Filling up the DagBag from /usr/local/anaconda3/envs/airflow_env/lib/python3.8/site-packages/airflow/example_dags/tutorial_taskflow_api.py
[2025-03-07T14:48:53.202+0100] {processor.py:925} INFO - DAG(s) 'tutorial_taskflow_api' retrieved from /usr/local/anaconda3/envs/airflow_env/lib/python3.8/site-packages/airflow/example_dags/tutorial_taskflow_api.py
[2025-03-07T14:48:53.270+0100] {logging_mixin.py:190} INFO - [2025-03-07T14:48:53.270+0100] {dag.py:3239} INFO - Sync 1 DAGs
[2025-03-07T14:48:53.278+0100] {logging_mixin.py:190} INFO - [2025-03-07T14:48:53.278+0100] {dag.py:4180} INFO - Setting next_dagrun for tutorial_taskflow_api to None, run_after=None
[2025-03-07T14:48:53.290+0100] {processor.py:208} INFO - Processing /usr/local/anaconda3/envs/airflow_env/lib/python3.8/site-packages/airflow/example_dags/tutorial_taskflow_api.py took 0.119 seconds
[2025-03-07T14:49:40.136+0100] {processor.py:186} INFO - Started process (PID=5515) to work on /usr/local/anaconda3/envs/airflow_env/lib/python3.8/site-packages/airflow/example_dags/tutorial_taskflow_api.py
[2025-03-07T14:49:40.139+0100] {processor.py:914} INFO - Processing file /usr/local/anaconda3/envs/airflow_env/lib/python3.8/site-packages/airflow/example_dags/tutorial_taskflow_api.py for tasks to queue
[2025-03-07T14:49:40.140+0100] {logging_mixin.py:190} INFO - [2025-03-07T14:49:40.140+0100] {dagbag.py:588} INFO - Filling up the DagBag from /usr/local/anaconda3/envs/airflow_env/lib/python3.8/site-packages/airflow/example_dags/tutorial_taskflow_api.py
[2025-03-07T14:49:40.164+0100] {processor.py:925} INFO - DAG(s) 'tutorial_taskflow_api' retrieved from /usr/local/anaconda3/envs/airflow_env/lib/python3.8/site-packages/airflow/example_dags/tutorial_taskflow_api.py
[2025-03-07T14:49:40.231+0100] {logging_mixin.py:190} INFO - [2025-03-07T14:49:40.230+0100] {dag.py:3239} INFO - Sync 1 DAGs
[2025-03-07T14:49:40.238+0100] {logging_mixin.py:190} INFO - [2025-03-07T14:49:40.238+0100] {dag.py:4180} INFO - Setting next_dagrun for tutorial_taskflow_api to None, run_after=None
[2025-03-07T14:49:40.249+0100] {processor.py:208} INFO - Processing /usr/local/anaconda3/envs/airflow_env/lib/python3.8/site-packages/airflow/example_dags/tutorial_taskflow_api.py took 0.116 seconds
[2025-03-07T14:52:11.481+0100] {processor.py:186} INFO - Started process (PID=5838) to work on /usr/local/anaconda3/envs/airflow_env/lib/python3.8/site-packages/airflow/example_dags/tutorial_taskflow_api.py
[2025-03-07T14:52:11.484+0100] {processor.py:914} INFO - Processing file /usr/local/anaconda3/envs/airflow_env/lib/python3.8/site-packages/airflow/example_dags/tutorial_taskflow_api.py for tasks to queue
[2025-03-07T14:52:11.484+0100] {logging_mixin.py:190} INFO - [2025-03-07T14:52:11.484+0100] {dagbag.py:588} INFO - Filling up the DagBag from /usr/local/anaconda3/envs/airflow_env/lib/python3.8/site-packages/airflow/example_dags/tutorial_taskflow_api.py
[2025-03-07T14:52:11.510+0100] {processor.py:925} INFO - DAG(s) 'tutorial_taskflow_api' retrieved from /usr/local/anaconda3/envs/airflow_env/lib/python3.8/site-packages/airflow/example_dags/tutorial_taskflow_api.py
[2025-03-07T14:52:11.580+0100] {logging_mixin.py:190} INFO - [2025-03-07T14:52:11.579+0100] {dag.py:3239} INFO - Sync 1 DAGs
[2025-03-07T14:52:11.588+0100] {logging_mixin.py:190} INFO - [2025-03-07T14:52:11.587+0100] {dag.py:4180} INFO - Setting next_dagrun for tutorial_taskflow_api to None, run_after=None
[2025-03-07T14:52:11.600+0100] {processor.py:208} INFO - Processing /usr/local/anaconda3/envs/airflow_env/lib/python3.8/site-packages/airflow/example_dags/tutorial_taskflow_api.py took 0.122 seconds
[2025-03-07T14:53:08.803+0100] {processor.py:186} INFO - Started process (PID=5961) to work on /usr/local/anaconda3/envs/airflow_env/lib/python3.8/site-packages/airflow/example_dags/tutorial_taskflow_api.py
[2025-03-07T14:53:08.807+0100] {processor.py:914} INFO - Processing file /usr/local/anaconda3/envs/airflow_env/lib/python3.8/site-packages/airflow/example_dags/tutorial_taskflow_api.py for tasks to queue
[2025-03-07T14:53:08.808+0100] {logging_mixin.py:190} INFO - [2025-03-07T14:53:08.807+0100] {dagbag.py:588} INFO - Filling up the DagBag from /usr/local/anaconda3/envs/airflow_env/lib/python3.8/site-packages/airflow/example_dags/tutorial_taskflow_api.py
[2025-03-07T14:53:08.833+0100] {processor.py:925} INFO - DAG(s) 'tutorial_taskflow_api' retrieved from /usr/local/anaconda3/envs/airflow_env/lib/python3.8/site-packages/airflow/example_dags/tutorial_taskflow_api.py
[2025-03-07T14:53:08.904+0100] {logging_mixin.py:190} INFO - [2025-03-07T14:53:08.904+0100] {dag.py:3239} INFO - Sync 1 DAGs
[2025-03-07T14:53:08.912+0100] {logging_mixin.py:190} INFO - [2025-03-07T14:53:08.912+0100] {dag.py:4180} INFO - Setting next_dagrun for tutorial_taskflow_api to None, run_after=None
[2025-03-07T14:53:08.924+0100] {processor.py:208} INFO - Processing /usr/local/anaconda3/envs/airflow_env/lib/python3.8/site-packages/airflow/example_dags/tutorial_taskflow_api.py took 0.124 seconds
[2025-03-07T14:55:54.896+0100] {processor.py:186} INFO - Started process (PID=6280) to work on /usr/local/anaconda3/envs/airflow_env/lib/python3.8/site-packages/airflow/example_dags/tutorial_taskflow_api.py
[2025-03-07T14:55:54.900+0100] {processor.py:914} INFO - Processing file /usr/local/anaconda3/envs/airflow_env/lib/python3.8/site-packages/airflow/example_dags/tutorial_taskflow_api.py for tasks to queue
[2025-03-07T14:55:54.900+0100] {logging_mixin.py:190} INFO - [2025-03-07T14:55:54.900+0100] {dagbag.py:588} INFO - Filling up the DagBag from /usr/local/anaconda3/envs/airflow_env/lib/python3.8/site-packages/airflow/example_dags/tutorial_taskflow_api.py
[2025-03-07T14:55:54.924+0100] {processor.py:925} INFO - DAG(s) 'tutorial_taskflow_api' retrieved from /usr/local/anaconda3/envs/airflow_env/lib/python3.8/site-packages/airflow/example_dags/tutorial_taskflow_api.py
[2025-03-07T14:55:54.992+0100] {logging_mixin.py:190} INFO - [2025-03-07T14:55:54.992+0100] {dag.py:3239} INFO - Sync 1 DAGs
[2025-03-07T14:55:55.000+0100] {logging_mixin.py:190} INFO - [2025-03-07T14:55:55.000+0100] {dag.py:4180} INFO - Setting next_dagrun for tutorial_taskflow_api to None, run_after=None
[2025-03-07T14:55:55.012+0100] {processor.py:208} INFO - Processing /usr/local/anaconda3/envs/airflow_env/lib/python3.8/site-packages/airflow/example_dags/tutorial_taskflow_api.py took 0.118 seconds
[2025-03-07T14:58:07.206+0100] {processor.py:186} INFO - Started process (PID=6550) to work on /usr/local/anaconda3/envs/airflow_env/lib/python3.8/site-packages/airflow/example_dags/tutorial_taskflow_api.py
[2025-03-07T14:58:07.209+0100] {processor.py:914} INFO - Processing file /usr/local/anaconda3/envs/airflow_env/lib/python3.8/site-packages/airflow/example_dags/tutorial_taskflow_api.py for tasks to queue
[2025-03-07T14:58:07.210+0100] {logging_mixin.py:190} INFO - [2025-03-07T14:58:07.209+0100] {dagbag.py:588} INFO - Filling up the DagBag from /usr/local/anaconda3/envs/airflow_env/lib/python3.8/site-packages/airflow/example_dags/tutorial_taskflow_api.py
[2025-03-07T14:58:07.233+0100] {processor.py:925} INFO - DAG(s) 'tutorial_taskflow_api' retrieved from /usr/local/anaconda3/envs/airflow_env/lib/python3.8/site-packages/airflow/example_dags/tutorial_taskflow_api.py
[2025-03-07T14:58:07.302+0100] {logging_mixin.py:190} INFO - [2025-03-07T14:58:07.301+0100] {dag.py:3239} INFO - Sync 1 DAGs
[2025-03-07T14:58:07.309+0100] {logging_mixin.py:190} INFO - [2025-03-07T14:58:07.309+0100] {dag.py:4180} INFO - Setting next_dagrun for tutorial_taskflow_api to None, run_after=None
[2025-03-07T14:58:07.321+0100] {processor.py:208} INFO - Processing /usr/local/anaconda3/envs/airflow_env/lib/python3.8/site-packages/airflow/example_dags/tutorial_taskflow_api.py took 0.118 seconds
[2025-03-07T15:00:19.303+0100] {processor.py:186} INFO - Started process (PID=6842) to work on /usr/local/anaconda3/envs/airflow_env/lib/python3.8/site-packages/airflow/example_dags/tutorial_taskflow_api.py
[2025-03-07T15:00:19.306+0100] {processor.py:914} INFO - Processing file /usr/local/anaconda3/envs/airflow_env/lib/python3.8/site-packages/airflow/example_dags/tutorial_taskflow_api.py for tasks to queue
[2025-03-07T15:00:19.307+0100] {logging_mixin.py:190} INFO - [2025-03-07T15:00:19.307+0100] {dagbag.py:588} INFO - Filling up the DagBag from /usr/local/anaconda3/envs/airflow_env/lib/python3.8/site-packages/airflow/example_dags/tutorial_taskflow_api.py
[2025-03-07T15:00:19.334+0100] {processor.py:925} INFO - DAG(s) 'tutorial_taskflow_api' retrieved from /usr/local/anaconda3/envs/airflow_env/lib/python3.8/site-packages/airflow/example_dags/tutorial_taskflow_api.py
[2025-03-07T15:00:19.412+0100] {logging_mixin.py:190} INFO - [2025-03-07T15:00:19.412+0100] {dag.py:3239} INFO - Sync 1 DAGs
[2025-03-07T15:00:19.421+0100] {logging_mixin.py:190} INFO - [2025-03-07T15:00:19.421+0100] {dag.py:4180} INFO - Setting next_dagrun for tutorial_taskflow_api to None, run_after=None
[2025-03-07T15:00:19.435+0100] {processor.py:208} INFO - Processing /usr/local/anaconda3/envs/airflow_env/lib/python3.8/site-packages/airflow/example_dags/tutorial_taskflow_api.py took 0.135 seconds
[2025-03-07T15:02:44.886+0100] {processor.py:186} INFO - Started process (PID=7105) to work on /usr/local/anaconda3/envs/airflow_env/lib/python3.8/site-packages/airflow/example_dags/tutorial_taskflow_api.py
[2025-03-07T15:02:44.890+0100] {processor.py:914} INFO - Processing file /usr/local/anaconda3/envs/airflow_env/lib/python3.8/site-packages/airflow/example_dags/tutorial_taskflow_api.py for tasks to queue
[2025-03-07T15:02:44.891+0100] {logging_mixin.py:190} INFO - [2025-03-07T15:02:44.890+0100] {dagbag.py:588} INFO - Filling up the DagBag from /usr/local/anaconda3/envs/airflow_env/lib/python3.8/site-packages/airflow/example_dags/tutorial_taskflow_api.py
[2025-03-07T15:02:44.917+0100] {processor.py:925} INFO - DAG(s) 'tutorial_taskflow_api' retrieved from /usr/local/anaconda3/envs/airflow_env/lib/python3.8/site-packages/airflow/example_dags/tutorial_taskflow_api.py
[2025-03-07T15:02:44.990+0100] {logging_mixin.py:190} INFO - [2025-03-07T15:02:44.989+0100] {dag.py:3239} INFO - Sync 1 DAGs
[2025-03-07T15:02:44.998+0100] {logging_mixin.py:190} INFO - [2025-03-07T15:02:44.998+0100] {dag.py:4180} INFO - Setting next_dagrun for tutorial_taskflow_api to None, run_after=None
[2025-03-07T15:02:45.011+0100] {processor.py:208} INFO - Processing /usr/local/anaconda3/envs/airflow_env/lib/python3.8/site-packages/airflow/example_dags/tutorial_taskflow_api.py took 0.128 seconds
[2025-03-07T15:05:05.594+0100] {processor.py:186} INFO - Started process (PID=7300) to work on /usr/local/anaconda3/envs/airflow_env/lib/python3.8/site-packages/airflow/example_dags/tutorial_taskflow_api.py
[2025-03-07T15:05:05.597+0100] {processor.py:914} INFO - Processing file /usr/local/anaconda3/envs/airflow_env/lib/python3.8/site-packages/airflow/example_dags/tutorial_taskflow_api.py for tasks to queue
[2025-03-07T15:05:05.598+0100] {logging_mixin.py:190} INFO - [2025-03-07T15:05:05.598+0100] {dagbag.py:588} INFO - Filling up the DagBag from /usr/local/anaconda3/envs/airflow_env/lib/python3.8/site-packages/airflow/example_dags/tutorial_taskflow_api.py
[2025-03-07T15:05:05.624+0100] {processor.py:925} INFO - DAG(s) 'tutorial_taskflow_api' retrieved from /usr/local/anaconda3/envs/airflow_env/lib/python3.8/site-packages/airflow/example_dags/tutorial_taskflow_api.py
[2025-03-07T15:05:05.699+0100] {logging_mixin.py:190} INFO - [2025-03-07T15:05:05.698+0100] {dag.py:3239} INFO - Sync 1 DAGs
[2025-03-07T15:05:05.707+0100] {logging_mixin.py:190} INFO - [2025-03-07T15:05:05.707+0100] {dag.py:4180} INFO - Setting next_dagrun for tutorial_taskflow_api to None, run_after=None
[2025-03-07T15:05:05.720+0100] {processor.py:208} INFO - Processing /usr/local/anaconda3/envs/airflow_env/lib/python3.8/site-packages/airflow/example_dags/tutorial_taskflow_api.py took 0.129 seconds
[2025-03-07T15:07:30.500+0100] {processor.py:186} INFO - Started process (PID=7595) to work on /usr/local/anaconda3/envs/airflow_env/lib/python3.8/site-packages/airflow/example_dags/tutorial_taskflow_api.py
[2025-03-07T15:07:30.503+0100] {processor.py:914} INFO - Processing file /usr/local/anaconda3/envs/airflow_env/lib/python3.8/site-packages/airflow/example_dags/tutorial_taskflow_api.py for tasks to queue
[2025-03-07T15:07:30.504+0100] {logging_mixin.py:190} INFO - [2025-03-07T15:07:30.504+0100] {dagbag.py:588} INFO - Filling up the DagBag from /usr/local/anaconda3/envs/airflow_env/lib/python3.8/site-packages/airflow/example_dags/tutorial_taskflow_api.py
[2025-03-07T15:07:30.528+0100] {processor.py:925} INFO - DAG(s) 'tutorial_taskflow_api' retrieved from /usr/local/anaconda3/envs/airflow_env/lib/python3.8/site-packages/airflow/example_dags/tutorial_taskflow_api.py
[2025-03-07T15:07:30.598+0100] {logging_mixin.py:190} INFO - [2025-03-07T15:07:30.597+0100] {dag.py:3239} INFO - Sync 1 DAGs
[2025-03-07T15:07:30.606+0100] {logging_mixin.py:190} INFO - [2025-03-07T15:07:30.605+0100] {dag.py:4180} INFO - Setting next_dagrun for tutorial_taskflow_api to None, run_after=None
[2025-03-07T15:07:30.617+0100] {processor.py:208} INFO - Processing /usr/local/anaconda3/envs/airflow_env/lib/python3.8/site-packages/airflow/example_dags/tutorial_taskflow_api.py took 0.120 seconds
[2025-03-07T15:09:56.627+0100] {processor.py:186} INFO - Started process (PID=7831) to work on /usr/local/anaconda3/envs/airflow_env/lib/python3.8/site-packages/airflow/example_dags/tutorial_taskflow_api.py
[2025-03-07T15:09:56.630+0100] {processor.py:914} INFO - Processing file /usr/local/anaconda3/envs/airflow_env/lib/python3.8/site-packages/airflow/example_dags/tutorial_taskflow_api.py for tasks to queue
[2025-03-07T15:09:56.631+0100] {logging_mixin.py:190} INFO - [2025-03-07T15:09:56.631+0100] {dagbag.py:588} INFO - Filling up the DagBag from /usr/local/anaconda3/envs/airflow_env/lib/python3.8/site-packages/airflow/example_dags/tutorial_taskflow_api.py
[2025-03-07T15:09:56.657+0100] {processor.py:925} INFO - DAG(s) 'tutorial_taskflow_api' retrieved from /usr/local/anaconda3/envs/airflow_env/lib/python3.8/site-packages/airflow/example_dags/tutorial_taskflow_api.py
[2025-03-07T15:09:56.734+0100] {logging_mixin.py:190} INFO - [2025-03-07T15:09:56.733+0100] {dag.py:3239} INFO - Sync 1 DAGs
[2025-03-07T15:09:56.743+0100] {logging_mixin.py:190} INFO - [2025-03-07T15:09:56.743+0100] {dag.py:4180} INFO - Setting next_dagrun for tutorial_taskflow_api to None, run_after=None
[2025-03-07T15:09:56.757+0100] {processor.py:208} INFO - Processing /usr/local/anaconda3/envs/airflow_env/lib/python3.8/site-packages/airflow/example_dags/tutorial_taskflow_api.py took 0.133 seconds
[2025-03-07T15:12:38.577+0100] {processor.py:186} INFO - Started process (PID=8146) to work on /usr/local/anaconda3/envs/airflow_env/lib/python3.8/site-packages/airflow/example_dags/tutorial_taskflow_api.py
[2025-03-07T15:12:38.580+0100] {processor.py:914} INFO - Processing file /usr/local/anaconda3/envs/airflow_env/lib/python3.8/site-packages/airflow/example_dags/tutorial_taskflow_api.py for tasks to queue
[2025-03-07T15:12:38.581+0100] {logging_mixin.py:190} INFO - [2025-03-07T15:12:38.581+0100] {dagbag.py:588} INFO - Filling up the DagBag from /usr/local/anaconda3/envs/airflow_env/lib/python3.8/site-packages/airflow/example_dags/tutorial_taskflow_api.py
[2025-03-07T15:12:38.606+0100] {processor.py:925} INFO - DAG(s) 'tutorial_taskflow_api' retrieved from /usr/local/anaconda3/envs/airflow_env/lib/python3.8/site-packages/airflow/example_dags/tutorial_taskflow_api.py
[2025-03-07T15:12:38.673+0100] {logging_mixin.py:190} INFO - [2025-03-07T15:12:38.673+0100] {dag.py:3239} INFO - Sync 1 DAGs
[2025-03-07T15:12:38.681+0100] {logging_mixin.py:190} INFO - [2025-03-07T15:12:38.681+0100] {dag.py:4180} INFO - Setting next_dagrun for tutorial_taskflow_api to None, run_after=None
[2025-03-07T15:12:38.692+0100] {processor.py:208} INFO - Processing /usr/local/anaconda3/envs/airflow_env/lib/python3.8/site-packages/airflow/example_dags/tutorial_taskflow_api.py took 0.119 seconds
[2025-03-07T15:15:34.489+0100] {processor.py:186} INFO - Started process (PID=8479) to work on /usr/local/anaconda3/envs/airflow_env/lib/python3.8/site-packages/airflow/example_dags/tutorial_taskflow_api.py
[2025-03-07T15:15:34.493+0100] {processor.py:914} INFO - Processing file /usr/local/anaconda3/envs/airflow_env/lib/python3.8/site-packages/airflow/example_dags/tutorial_taskflow_api.py for tasks to queue
[2025-03-07T15:15:34.493+0100] {logging_mixin.py:190} INFO - [2025-03-07T15:15:34.493+0100] {dagbag.py:588} INFO - Filling up the DagBag from /usr/local/anaconda3/envs/airflow_env/lib/python3.8/site-packages/airflow/example_dags/tutorial_taskflow_api.py
[2025-03-07T15:15:34.518+0100] {processor.py:925} INFO - DAG(s) 'tutorial_taskflow_api' retrieved from /usr/local/anaconda3/envs/airflow_env/lib/python3.8/site-packages/airflow/example_dags/tutorial_taskflow_api.py
[2025-03-07T15:15:34.589+0100] {logging_mixin.py:190} INFO - [2025-03-07T15:15:34.588+0100] {dag.py:3239} INFO - Sync 1 DAGs
[2025-03-07T15:15:34.597+0100] {logging_mixin.py:190} INFO - [2025-03-07T15:15:34.596+0100] {dag.py:4180} INFO - Setting next_dagrun for tutorial_taskflow_api to None, run_after=None
[2025-03-07T15:15:34.608+0100] {processor.py:208} INFO - Processing /usr/local/anaconda3/envs/airflow_env/lib/python3.8/site-packages/airflow/example_dags/tutorial_taskflow_api.py took 0.122 seconds
[2025-03-07T15:17:56.101+0100] {processor.py:186} INFO - Started process (PID=8715) to work on /usr/local/anaconda3/envs/airflow_env/lib/python3.8/site-packages/airflow/example_dags/tutorial_taskflow_api.py
[2025-03-07T15:17:56.105+0100] {processor.py:914} INFO - Processing file /usr/local/anaconda3/envs/airflow_env/lib/python3.8/site-packages/airflow/example_dags/tutorial_taskflow_api.py for tasks to queue
[2025-03-07T15:17:56.106+0100] {logging_mixin.py:190} INFO - [2025-03-07T15:17:56.105+0100] {dagbag.py:588} INFO - Filling up the DagBag from /usr/local/anaconda3/envs/airflow_env/lib/python3.8/site-packages/airflow/example_dags/tutorial_taskflow_api.py
[2025-03-07T15:17:56.132+0100] {processor.py:925} INFO - DAG(s) 'tutorial_taskflow_api' retrieved from /usr/local/anaconda3/envs/airflow_env/lib/python3.8/site-packages/airflow/example_dags/tutorial_taskflow_api.py
[2025-03-07T15:17:56.242+0100] {logging_mixin.py:190} INFO - [2025-03-07T15:17:56.241+0100] {dag.py:3239} INFO - Sync 1 DAGs
[2025-03-07T15:17:56.251+0100] {logging_mixin.py:190} INFO - [2025-03-07T15:17:56.251+0100] {dag.py:4180} INFO - Setting next_dagrun for tutorial_taskflow_api to None, run_after=None
[2025-03-07T15:17:56.263+0100] {processor.py:208} INFO - Processing /usr/local/anaconda3/envs/airflow_env/lib/python3.8/site-packages/airflow/example_dags/tutorial_taskflow_api.py took 0.165 seconds
[2025-03-07T15:20:11.198+0100] {processor.py:186} INFO - Started process (PID=9069) to work on /usr/local/anaconda3/envs/airflow_env/lib/python3.8/site-packages/airflow/example_dags/tutorial_taskflow_api.py
[2025-03-07T15:20:11.201+0100] {processor.py:914} INFO - Processing file /usr/local/anaconda3/envs/airflow_env/lib/python3.8/site-packages/airflow/example_dags/tutorial_taskflow_api.py for tasks to queue
[2025-03-07T15:20:11.202+0100] {logging_mixin.py:190} INFO - [2025-03-07T15:20:11.202+0100] {dagbag.py:588} INFO - Filling up the DagBag from /usr/local/anaconda3/envs/airflow_env/lib/python3.8/site-packages/airflow/example_dags/tutorial_taskflow_api.py
[2025-03-07T15:20:11.229+0100] {processor.py:925} INFO - DAG(s) 'tutorial_taskflow_api' retrieved from /usr/local/anaconda3/envs/airflow_env/lib/python3.8/site-packages/airflow/example_dags/tutorial_taskflow_api.py
[2025-03-07T15:20:11.300+0100] {logging_mixin.py:190} INFO - [2025-03-07T15:20:11.299+0100] {dag.py:3239} INFO - Sync 1 DAGs
[2025-03-07T15:20:11.308+0100] {logging_mixin.py:190} INFO - [2025-03-07T15:20:11.308+0100] {dag.py:4180} INFO - Setting next_dagrun for tutorial_taskflow_api to None, run_after=None
[2025-03-07T15:20:11.320+0100] {processor.py:208} INFO - Processing /usr/local/anaconda3/envs/airflow_env/lib/python3.8/site-packages/airflow/example_dags/tutorial_taskflow_api.py took 0.125 seconds
[2025-03-07T15:22:25.423+0100] {processor.py:186} INFO - Started process (PID=9363) to work on /usr/local/anaconda3/envs/airflow_env/lib/python3.8/site-packages/airflow/example_dags/tutorial_taskflow_api.py
[2025-03-07T15:22:25.426+0100] {processor.py:914} INFO - Processing file /usr/local/anaconda3/envs/airflow_env/lib/python3.8/site-packages/airflow/example_dags/tutorial_taskflow_api.py for tasks to queue
[2025-03-07T15:22:25.427+0100] {logging_mixin.py:190} INFO - [2025-03-07T15:22:25.427+0100] {dagbag.py:588} INFO - Filling up the DagBag from /usr/local/anaconda3/envs/airflow_env/lib/python3.8/site-packages/airflow/example_dags/tutorial_taskflow_api.py
[2025-03-07T15:22:25.452+0100] {processor.py:925} INFO - DAG(s) 'tutorial_taskflow_api' retrieved from /usr/local/anaconda3/envs/airflow_env/lib/python3.8/site-packages/airflow/example_dags/tutorial_taskflow_api.py
[2025-03-07T15:22:25.520+0100] {logging_mixin.py:190} INFO - [2025-03-07T15:22:25.520+0100] {dag.py:3239} INFO - Sync 1 DAGs
[2025-03-07T15:22:25.528+0100] {logging_mixin.py:190} INFO - [2025-03-07T15:22:25.528+0100] {dag.py:4180} INFO - Setting next_dagrun for tutorial_taskflow_api to None, run_after=None
[2025-03-07T15:22:25.540+0100] {processor.py:208} INFO - Processing /usr/local/anaconda3/envs/airflow_env/lib/python3.8/site-packages/airflow/example_dags/tutorial_taskflow_api.py took 0.120 seconds
[2025-03-07T15:24:44.482+0100] {processor.py:186} INFO - Started process (PID=9684) to work on /usr/local/anaconda3/envs/airflow_env/lib/python3.8/site-packages/airflow/example_dags/tutorial_taskflow_api.py
[2025-03-07T15:24:44.485+0100] {processor.py:914} INFO - Processing file /usr/local/anaconda3/envs/airflow_env/lib/python3.8/site-packages/airflow/example_dags/tutorial_taskflow_api.py for tasks to queue
[2025-03-07T15:24:44.486+0100] {logging_mixin.py:190} INFO - [2025-03-07T15:24:44.486+0100] {dagbag.py:588} INFO - Filling up the DagBag from /usr/local/anaconda3/envs/airflow_env/lib/python3.8/site-packages/airflow/example_dags/tutorial_taskflow_api.py
[2025-03-07T15:24:44.511+0100] {processor.py:925} INFO - DAG(s) 'tutorial_taskflow_api' retrieved from /usr/local/anaconda3/envs/airflow_env/lib/python3.8/site-packages/airflow/example_dags/tutorial_taskflow_api.py
[2025-03-07T15:24:44.583+0100] {logging_mixin.py:190} INFO - [2025-03-07T15:24:44.583+0100] {dag.py:3239} INFO - Sync 1 DAGs
[2025-03-07T15:24:44.591+0100] {logging_mixin.py:190} INFO - [2025-03-07T15:24:44.591+0100] {dag.py:4180} INFO - Setting next_dagrun for tutorial_taskflow_api to None, run_after=None
[2025-03-07T15:24:44.604+0100] {processor.py:208} INFO - Processing /usr/local/anaconda3/envs/airflow_env/lib/python3.8/site-packages/airflow/example_dags/tutorial_taskflow_api.py took 0.124 seconds
[2025-03-07T15:27:06.600+0100] {processor.py:186} INFO - Started process (PID=9988) to work on /usr/local/anaconda3/envs/airflow_env/lib/python3.8/site-packages/airflow/example_dags/tutorial_taskflow_api.py
[2025-03-07T15:27:06.603+0100] {processor.py:914} INFO - Processing file /usr/local/anaconda3/envs/airflow_env/lib/python3.8/site-packages/airflow/example_dags/tutorial_taskflow_api.py for tasks to queue
[2025-03-07T15:27:06.604+0100] {logging_mixin.py:190} INFO - [2025-03-07T15:27:06.604+0100] {dagbag.py:588} INFO - Filling up the DagBag from /usr/local/anaconda3/envs/airflow_env/lib/python3.8/site-packages/airflow/example_dags/tutorial_taskflow_api.py
[2025-03-07T15:27:06.629+0100] {processor.py:925} INFO - DAG(s) 'tutorial_taskflow_api' retrieved from /usr/local/anaconda3/envs/airflow_env/lib/python3.8/site-packages/airflow/example_dags/tutorial_taskflow_api.py
[2025-03-07T15:27:06.700+0100] {logging_mixin.py:190} INFO - [2025-03-07T15:27:06.700+0100] {dag.py:3239} INFO - Sync 1 DAGs
[2025-03-07T15:27:06.708+0100] {logging_mixin.py:190} INFO - [2025-03-07T15:27:06.708+0100] {dag.py:4180} INFO - Setting next_dagrun for tutorial_taskflow_api to None, run_after=None
[2025-03-07T15:27:06.720+0100] {processor.py:208} INFO - Processing /usr/local/anaconda3/envs/airflow_env/lib/python3.8/site-packages/airflow/example_dags/tutorial_taskflow_api.py took 0.123 seconds
[2025-03-07T15:28:57.543+0100] {processor.py:186} INFO - Started process (PID=10265) to work on /usr/local/anaconda3/envs/airflow_env/lib/python3.8/site-packages/airflow/example_dags/tutorial_taskflow_api.py
[2025-03-07T15:28:57.547+0100] {processor.py:914} INFO - Processing file /usr/local/anaconda3/envs/airflow_env/lib/python3.8/site-packages/airflow/example_dags/tutorial_taskflow_api.py for tasks to queue
[2025-03-07T15:28:57.547+0100] {logging_mixin.py:190} INFO - [2025-03-07T15:28:57.547+0100] {dagbag.py:588} INFO - Filling up the DagBag from /usr/local/anaconda3/envs/airflow_env/lib/python3.8/site-packages/airflow/example_dags/tutorial_taskflow_api.py
[2025-03-07T15:28:57.573+0100] {processor.py:925} INFO - DAG(s) 'tutorial_taskflow_api' retrieved from /usr/local/anaconda3/envs/airflow_env/lib/python3.8/site-packages/airflow/example_dags/tutorial_taskflow_api.py
[2025-03-07T15:28:57.649+0100] {logging_mixin.py:190} INFO - [2025-03-07T15:28:57.648+0100] {dag.py:3239} INFO - Sync 1 DAGs
[2025-03-07T15:28:57.658+0100] {logging_mixin.py:190} INFO - [2025-03-07T15:28:57.658+0100] {dag.py:4180} INFO - Setting next_dagrun for tutorial_taskflow_api to None, run_after=None
[2025-03-07T15:28:57.672+0100] {processor.py:208} INFO - Processing /usr/local/anaconda3/envs/airflow_env/lib/python3.8/site-packages/airflow/example_dags/tutorial_taskflow_api.py took 0.131 seconds
[2025-03-07T15:32:29.878+0100] {processor.py:186} INFO - Started process (PID=10537) to work on /usr/local/anaconda3/envs/airflow_env/lib/python3.8/site-packages/airflow/example_dags/tutorial_taskflow_api.py
[2025-03-07T15:32:29.882+0100] {processor.py:914} INFO - Processing file /usr/local/anaconda3/envs/airflow_env/lib/python3.8/site-packages/airflow/example_dags/tutorial_taskflow_api.py for tasks to queue
[2025-03-07T15:32:29.883+0100] {logging_mixin.py:190} INFO - [2025-03-07T15:32:29.882+0100] {dagbag.py:588} INFO - Filling up the DagBag from /usr/local/anaconda3/envs/airflow_env/lib/python3.8/site-packages/airflow/example_dags/tutorial_taskflow_api.py
[2025-03-07T15:32:29.910+0100] {processor.py:925} INFO - DAG(s) 'tutorial_taskflow_api' retrieved from /usr/local/anaconda3/envs/airflow_env/lib/python3.8/site-packages/airflow/example_dags/tutorial_taskflow_api.py
[2025-03-07T15:32:29.998+0100] {logging_mixin.py:190} INFO - [2025-03-07T15:32:29.998+0100] {dag.py:3239} INFO - Sync 1 DAGs
[2025-03-07T15:32:30.010+0100] {logging_mixin.py:190} INFO - [2025-03-07T15:32:30.009+0100] {dag.py:4180} INFO - Setting next_dagrun for tutorial_taskflow_api to None, run_after=None
[2025-03-07T15:32:30.024+0100] {processor.py:208} INFO - Processing /usr/local/anaconda3/envs/airflow_env/lib/python3.8/site-packages/airflow/example_dags/tutorial_taskflow_api.py took 0.150 seconds
[2025-03-07T15:34:45.090+0100] {processor.py:186} INFO - Started process (PID=10766) to work on /usr/local/anaconda3/envs/airflow_env/lib/python3.8/site-packages/airflow/example_dags/tutorial_taskflow_api.py
[2025-03-07T15:34:45.093+0100] {processor.py:914} INFO - Processing file /usr/local/anaconda3/envs/airflow_env/lib/python3.8/site-packages/airflow/example_dags/tutorial_taskflow_api.py for tasks to queue
[2025-03-07T15:34:45.094+0100] {logging_mixin.py:190} INFO - [2025-03-07T15:34:45.094+0100] {dagbag.py:588} INFO - Filling up the DagBag from /usr/local/anaconda3/envs/airflow_env/lib/python3.8/site-packages/airflow/example_dags/tutorial_taskflow_api.py
[2025-03-07T15:34:45.120+0100] {processor.py:925} INFO - DAG(s) 'tutorial_taskflow_api' retrieved from /usr/local/anaconda3/envs/airflow_env/lib/python3.8/site-packages/airflow/example_dags/tutorial_taskflow_api.py
[2025-03-07T15:34:45.190+0100] {logging_mixin.py:190} INFO - [2025-03-07T15:34:45.190+0100] {dag.py:3239} INFO - Sync 1 DAGs
[2025-03-07T15:34:45.198+0100] {logging_mixin.py:190} INFO - [2025-03-07T15:34:45.198+0100] {dag.py:4180} INFO - Setting next_dagrun for tutorial_taskflow_api to None, run_after=None
[2025-03-07T15:34:45.210+0100] {processor.py:208} INFO - Processing /usr/local/anaconda3/envs/airflow_env/lib/python3.8/site-packages/airflow/example_dags/tutorial_taskflow_api.py took 0.122 seconds
[2025-03-07T15:37:00.996+0100] {processor.py:186} INFO - Started process (PID=11089) to work on /usr/local/anaconda3/envs/airflow_env/lib/python3.8/site-packages/airflow/example_dags/tutorial_taskflow_api.py
[2025-03-07T15:37:01.000+0100] {processor.py:914} INFO - Processing file /usr/local/anaconda3/envs/airflow_env/lib/python3.8/site-packages/airflow/example_dags/tutorial_taskflow_api.py for tasks to queue
[2025-03-07T15:37:01.001+0100] {logging_mixin.py:190} INFO - [2025-03-07T15:37:01.000+0100] {dagbag.py:588} INFO - Filling up the DagBag from /usr/local/anaconda3/envs/airflow_env/lib/python3.8/site-packages/airflow/example_dags/tutorial_taskflow_api.py
[2025-03-07T15:37:01.028+0100] {processor.py:925} INFO - DAG(s) 'tutorial_taskflow_api' retrieved from /usr/local/anaconda3/envs/airflow_env/lib/python3.8/site-packages/airflow/example_dags/tutorial_taskflow_api.py
[2025-03-07T15:37:01.101+0100] {logging_mixin.py:190} INFO - [2025-03-07T15:37:01.101+0100] {dag.py:3239} INFO - Sync 1 DAGs
[2025-03-07T15:37:01.110+0100] {logging_mixin.py:190} INFO - [2025-03-07T15:37:01.109+0100] {dag.py:4180} INFO - Setting next_dagrun for tutorial_taskflow_api to None, run_after=None
[2025-03-07T15:37:01.121+0100] {processor.py:208} INFO - Processing /usr/local/anaconda3/envs/airflow_env/lib/python3.8/site-packages/airflow/example_dags/tutorial_taskflow_api.py took 0.128 seconds
[2025-03-07T15:39:15.602+0100] {processor.py:186} INFO - Started process (PID=11335) to work on /usr/local/anaconda3/envs/airflow_env/lib/python3.8/site-packages/airflow/example_dags/tutorial_taskflow_api.py
[2025-03-07T15:39:15.605+0100] {processor.py:914} INFO - Processing file /usr/local/anaconda3/envs/airflow_env/lib/python3.8/site-packages/airflow/example_dags/tutorial_taskflow_api.py for tasks to queue
[2025-03-07T15:39:15.606+0100] {logging_mixin.py:190} INFO - [2025-03-07T15:39:15.606+0100] {dagbag.py:588} INFO - Filling up the DagBag from /usr/local/anaconda3/envs/airflow_env/lib/python3.8/site-packages/airflow/example_dags/tutorial_taskflow_api.py
[2025-03-07T15:39:15.631+0100] {processor.py:925} INFO - DAG(s) 'tutorial_taskflow_api' retrieved from /usr/local/anaconda3/envs/airflow_env/lib/python3.8/site-packages/airflow/example_dags/tutorial_taskflow_api.py
[2025-03-07T15:39:15.706+0100] {logging_mixin.py:190} INFO - [2025-03-07T15:39:15.706+0100] {dag.py:3239} INFO - Sync 1 DAGs
[2025-03-07T15:39:15.715+0100] {logging_mixin.py:190} INFO - [2025-03-07T15:39:15.715+0100] {dag.py:4180} INFO - Setting next_dagrun for tutorial_taskflow_api to None, run_after=None
[2025-03-07T15:39:15.727+0100] {processor.py:208} INFO - Processing /usr/local/anaconda3/envs/airflow_env/lib/python3.8/site-packages/airflow/example_dags/tutorial_taskflow_api.py took 0.128 seconds
[2025-03-07T15:41:25.151+0100] {processor.py:186} INFO - Started process (PID=11499) to work on /usr/local/anaconda3/envs/airflow_env/lib/python3.8/site-packages/airflow/example_dags/tutorial_taskflow_api.py
[2025-03-07T15:41:25.154+0100] {processor.py:914} INFO - Processing file /usr/local/anaconda3/envs/airflow_env/lib/python3.8/site-packages/airflow/example_dags/tutorial_taskflow_api.py for tasks to queue
[2025-03-07T15:41:25.155+0100] {logging_mixin.py:190} INFO - [2025-03-07T15:41:25.155+0100] {dagbag.py:588} INFO - Filling up the DagBag from /usr/local/anaconda3/envs/airflow_env/lib/python3.8/site-packages/airflow/example_dags/tutorial_taskflow_api.py
[2025-03-07T15:41:25.181+0100] {processor.py:925} INFO - DAG(s) 'tutorial_taskflow_api' retrieved from /usr/local/anaconda3/envs/airflow_env/lib/python3.8/site-packages/airflow/example_dags/tutorial_taskflow_api.py
[2025-03-07T15:41:25.250+0100] {logging_mixin.py:190} INFO - [2025-03-07T15:41:25.249+0100] {dag.py:3239} INFO - Sync 1 DAGs
[2025-03-07T15:41:25.258+0100] {logging_mixin.py:190} INFO - [2025-03-07T15:41:25.257+0100] {dag.py:4180} INFO - Setting next_dagrun for tutorial_taskflow_api to None, run_after=None
[2025-03-07T15:41:25.269+0100] {processor.py:208} INFO - Processing /usr/local/anaconda3/envs/airflow_env/lib/python3.8/site-packages/airflow/example_dags/tutorial_taskflow_api.py took 0.121 seconds
[2025-03-07T15:43:34.280+0100] {processor.py:186} INFO - Started process (PID=11740) to work on /usr/local/anaconda3/envs/airflow_env/lib/python3.8/site-packages/airflow/example_dags/tutorial_taskflow_api.py
[2025-03-07T15:43:34.283+0100] {processor.py:914} INFO - Processing file /usr/local/anaconda3/envs/airflow_env/lib/python3.8/site-packages/airflow/example_dags/tutorial_taskflow_api.py for tasks to queue
[2025-03-07T15:43:34.284+0100] {logging_mixin.py:190} INFO - [2025-03-07T15:43:34.284+0100] {dagbag.py:588} INFO - Filling up the DagBag from /usr/local/anaconda3/envs/airflow_env/lib/python3.8/site-packages/airflow/example_dags/tutorial_taskflow_api.py
[2025-03-07T15:43:34.311+0100] {processor.py:925} INFO - DAG(s) 'tutorial_taskflow_api' retrieved from /usr/local/anaconda3/envs/airflow_env/lib/python3.8/site-packages/airflow/example_dags/tutorial_taskflow_api.py
[2025-03-07T15:43:34.385+0100] {logging_mixin.py:190} INFO - [2025-03-07T15:43:34.384+0100] {dag.py:3239} INFO - Sync 1 DAGs
[2025-03-07T15:43:34.393+0100] {logging_mixin.py:190} INFO - [2025-03-07T15:43:34.393+0100] {dag.py:4180} INFO - Setting next_dagrun for tutorial_taskflow_api to None, run_after=None
[2025-03-07T15:43:34.407+0100] {processor.py:208} INFO - Processing /usr/local/anaconda3/envs/airflow_env/lib/python3.8/site-packages/airflow/example_dags/tutorial_taskflow_api.py took 0.130 seconds
[2025-03-07T15:45:43.666+0100] {processor.py:186} INFO - Started process (PID=11919) to work on /usr/local/anaconda3/envs/airflow_env/lib/python3.8/site-packages/airflow/example_dags/tutorial_taskflow_api.py
[2025-03-07T15:45:43.669+0100] {processor.py:914} INFO - Processing file /usr/local/anaconda3/envs/airflow_env/lib/python3.8/site-packages/airflow/example_dags/tutorial_taskflow_api.py for tasks to queue
[2025-03-07T15:45:43.670+0100] {logging_mixin.py:190} INFO - [2025-03-07T15:45:43.670+0100] {dagbag.py:588} INFO - Filling up the DagBag from /usr/local/anaconda3/envs/airflow_env/lib/python3.8/site-packages/airflow/example_dags/tutorial_taskflow_api.py
[2025-03-07T15:45:43.695+0100] {processor.py:925} INFO - DAG(s) 'tutorial_taskflow_api' retrieved from /usr/local/anaconda3/envs/airflow_env/lib/python3.8/site-packages/airflow/example_dags/tutorial_taskflow_api.py
[2025-03-07T15:45:43.768+0100] {logging_mixin.py:190} INFO - [2025-03-07T15:45:43.767+0100] {dag.py:3239} INFO - Sync 1 DAGs
[2025-03-07T15:45:43.776+0100] {logging_mixin.py:190} INFO - [2025-03-07T15:45:43.775+0100] {dag.py:4180} INFO - Setting next_dagrun for tutorial_taskflow_api to None, run_after=None
[2025-03-07T15:45:43.787+0100] {processor.py:208} INFO - Processing /usr/local/anaconda3/envs/airflow_env/lib/python3.8/site-packages/airflow/example_dags/tutorial_taskflow_api.py took 0.125 seconds
[2025-03-07T15:48:17.579+0100] {processor.py:186} INFO - Started process (PID=12172) to work on /usr/local/anaconda3/envs/airflow_env/lib/python3.8/site-packages/airflow/example_dags/tutorial_taskflow_api.py
[2025-03-07T15:48:17.582+0100] {processor.py:914} INFO - Processing file /usr/local/anaconda3/envs/airflow_env/lib/python3.8/site-packages/airflow/example_dags/tutorial_taskflow_api.py for tasks to queue
[2025-03-07T15:48:17.583+0100] {logging_mixin.py:190} INFO - [2025-03-07T15:48:17.583+0100] {dagbag.py:588} INFO - Filling up the DagBag from /usr/local/anaconda3/envs/airflow_env/lib/python3.8/site-packages/airflow/example_dags/tutorial_taskflow_api.py
[2025-03-07T15:48:17.608+0100] {processor.py:925} INFO - DAG(s) 'tutorial_taskflow_api' retrieved from /usr/local/anaconda3/envs/airflow_env/lib/python3.8/site-packages/airflow/example_dags/tutorial_taskflow_api.py
[2025-03-07T15:48:17.680+0100] {logging_mixin.py:190} INFO - [2025-03-07T15:48:17.680+0100] {dag.py:3239} INFO - Sync 1 DAGs
[2025-03-07T15:48:17.688+0100] {logging_mixin.py:190} INFO - [2025-03-07T15:48:17.688+0100] {dag.py:4180} INFO - Setting next_dagrun for tutorial_taskflow_api to None, run_after=None
[2025-03-07T15:48:17.701+0100] {processor.py:208} INFO - Processing /usr/local/anaconda3/envs/airflow_env/lib/python3.8/site-packages/airflow/example_dags/tutorial_taskflow_api.py took 0.125 seconds
[2025-03-07T15:50:31.437+0100] {processor.py:186} INFO - Started process (PID=12455) to work on /usr/local/anaconda3/envs/airflow_env/lib/python3.8/site-packages/airflow/example_dags/tutorial_taskflow_api.py
[2025-03-07T15:50:31.440+0100] {processor.py:914} INFO - Processing file /usr/local/anaconda3/envs/airflow_env/lib/python3.8/site-packages/airflow/example_dags/tutorial_taskflow_api.py for tasks to queue
[2025-03-07T15:50:31.441+0100] {logging_mixin.py:190} INFO - [2025-03-07T15:50:31.441+0100] {dagbag.py:588} INFO - Filling up the DagBag from /usr/local/anaconda3/envs/airflow_env/lib/python3.8/site-packages/airflow/example_dags/tutorial_taskflow_api.py
[2025-03-07T15:50:31.465+0100] {processor.py:925} INFO - DAG(s) 'tutorial_taskflow_api' retrieved from /usr/local/anaconda3/envs/airflow_env/lib/python3.8/site-packages/airflow/example_dags/tutorial_taskflow_api.py
[2025-03-07T15:50:31.533+0100] {logging_mixin.py:190} INFO - [2025-03-07T15:50:31.532+0100] {dag.py:3239} INFO - Sync 1 DAGs
[2025-03-07T15:50:31.541+0100] {logging_mixin.py:190} INFO - [2025-03-07T15:50:31.541+0100] {dag.py:4180} INFO - Setting next_dagrun for tutorial_taskflow_api to None, run_after=None
[2025-03-07T15:50:31.552+0100] {processor.py:208} INFO - Processing /usr/local/anaconda3/envs/airflow_env/lib/python3.8/site-packages/airflow/example_dags/tutorial_taskflow_api.py took 0.118 seconds
[2025-03-07T15:53:03.324+0100] {processor.py:186} INFO - Started process (PID=12734) to work on /usr/local/anaconda3/envs/airflow_env/lib/python3.8/site-packages/airflow/example_dags/tutorial_taskflow_api.py
[2025-03-07T15:53:03.328+0100] {processor.py:914} INFO - Processing file /usr/local/anaconda3/envs/airflow_env/lib/python3.8/site-packages/airflow/example_dags/tutorial_taskflow_api.py for tasks to queue
[2025-03-07T15:53:03.329+0100] {logging_mixin.py:190} INFO - [2025-03-07T15:53:03.329+0100] {dagbag.py:588} INFO - Filling up the DagBag from /usr/local/anaconda3/envs/airflow_env/lib/python3.8/site-packages/airflow/example_dags/tutorial_taskflow_api.py
[2025-03-07T15:53:03.355+0100] {processor.py:925} INFO - DAG(s) 'tutorial_taskflow_api' retrieved from /usr/local/anaconda3/envs/airflow_env/lib/python3.8/site-packages/airflow/example_dags/tutorial_taskflow_api.py
[2025-03-07T15:53:03.427+0100] {logging_mixin.py:190} INFO - [2025-03-07T15:53:03.427+0100] {dag.py:3239} INFO - Sync 1 DAGs
[2025-03-07T15:53:03.435+0100] {logging_mixin.py:190} INFO - [2025-03-07T15:53:03.435+0100] {dag.py:4180} INFO - Setting next_dagrun for tutorial_taskflow_api to None, run_after=None
[2025-03-07T15:53:03.447+0100] {processor.py:208} INFO - Processing /usr/local/anaconda3/envs/airflow_env/lib/python3.8/site-packages/airflow/example_dags/tutorial_taskflow_api.py took 0.126 seconds
[2025-03-07T15:55:18.511+0100] {processor.py:186} INFO - Started process (PID=13003) to work on /usr/local/anaconda3/envs/airflow_env/lib/python3.8/site-packages/airflow/example_dags/tutorial_taskflow_api.py
[2025-03-07T15:55:18.514+0100] {processor.py:914} INFO - Processing file /usr/local/anaconda3/envs/airflow_env/lib/python3.8/site-packages/airflow/example_dags/tutorial_taskflow_api.py for tasks to queue
[2025-03-07T15:55:18.515+0100] {logging_mixin.py:190} INFO - [2025-03-07T15:55:18.514+0100] {dagbag.py:588} INFO - Filling up the DagBag from /usr/local/anaconda3/envs/airflow_env/lib/python3.8/site-packages/airflow/example_dags/tutorial_taskflow_api.py
[2025-03-07T15:55:18.539+0100] {processor.py:925} INFO - DAG(s) 'tutorial_taskflow_api' retrieved from /usr/local/anaconda3/envs/airflow_env/lib/python3.8/site-packages/airflow/example_dags/tutorial_taskflow_api.py
[2025-03-07T15:55:18.608+0100] {logging_mixin.py:190} INFO - [2025-03-07T15:55:18.607+0100] {dag.py:3239} INFO - Sync 1 DAGs
[2025-03-07T15:55:18.617+0100] {logging_mixin.py:190} INFO - [2025-03-07T15:55:18.617+0100] {dag.py:4180} INFO - Setting next_dagrun for tutorial_taskflow_api to None, run_after=None
[2025-03-07T15:55:18.630+0100] {processor.py:208} INFO - Processing /usr/local/anaconda3/envs/airflow_env/lib/python3.8/site-packages/airflow/example_dags/tutorial_taskflow_api.py took 0.122 seconds
[2025-03-07T15:57:35.884+0100] {processor.py:186} INFO - Started process (PID=13220) to work on /usr/local/anaconda3/envs/airflow_env/lib/python3.8/site-packages/airflow/example_dags/tutorial_taskflow_api.py
[2025-03-07T15:57:35.887+0100] {processor.py:914} INFO - Processing file /usr/local/anaconda3/envs/airflow_env/lib/python3.8/site-packages/airflow/example_dags/tutorial_taskflow_api.py for tasks to queue
[2025-03-07T15:57:35.888+0100] {logging_mixin.py:190} INFO - [2025-03-07T15:57:35.888+0100] {dagbag.py:588} INFO - Filling up the DagBag from /usr/local/anaconda3/envs/airflow_env/lib/python3.8/site-packages/airflow/example_dags/tutorial_taskflow_api.py
[2025-03-07T15:57:35.913+0100] {processor.py:925} INFO - DAG(s) 'tutorial_taskflow_api' retrieved from /usr/local/anaconda3/envs/airflow_env/lib/python3.8/site-packages/airflow/example_dags/tutorial_taskflow_api.py
[2025-03-07T15:57:35.983+0100] {logging_mixin.py:190} INFO - [2025-03-07T15:57:35.982+0100] {dag.py:3239} INFO - Sync 1 DAGs
[2025-03-07T15:57:35.991+0100] {logging_mixin.py:190} INFO - [2025-03-07T15:57:35.991+0100] {dag.py:4180} INFO - Setting next_dagrun for tutorial_taskflow_api to None, run_after=None
[2025-03-07T15:57:36.003+0100] {processor.py:208} INFO - Processing /usr/local/anaconda3/envs/airflow_env/lib/python3.8/site-packages/airflow/example_dags/tutorial_taskflow_api.py took 0.122 seconds
[2025-03-07T15:59:51.999+0100] {processor.py:186} INFO - Started process (PID=13476) to work on /usr/local/anaconda3/envs/airflow_env/lib/python3.8/site-packages/airflow/example_dags/tutorial_taskflow_api.py
[2025-03-07T15:59:52.002+0100] {processor.py:914} INFO - Processing file /usr/local/anaconda3/envs/airflow_env/lib/python3.8/site-packages/airflow/example_dags/tutorial_taskflow_api.py for tasks to queue
[2025-03-07T15:59:52.003+0100] {logging_mixin.py:190} INFO - [2025-03-07T15:59:52.003+0100] {dagbag.py:588} INFO - Filling up the DagBag from /usr/local/anaconda3/envs/airflow_env/lib/python3.8/site-packages/airflow/example_dags/tutorial_taskflow_api.py
[2025-03-07T15:59:52.031+0100] {processor.py:925} INFO - DAG(s) 'tutorial_taskflow_api' retrieved from /usr/local/anaconda3/envs/airflow_env/lib/python3.8/site-packages/airflow/example_dags/tutorial_taskflow_api.py
[2025-03-07T15:59:52.103+0100] {logging_mixin.py:190} INFO - [2025-03-07T15:59:52.103+0100] {dag.py:3239} INFO - Sync 1 DAGs
[2025-03-07T15:59:52.111+0100] {logging_mixin.py:190} INFO - [2025-03-07T15:59:52.111+0100] {dag.py:4180} INFO - Setting next_dagrun for tutorial_taskflow_api to None, run_after=None
[2025-03-07T15:59:52.123+0100] {processor.py:208} INFO - Processing /usr/local/anaconda3/envs/airflow_env/lib/python3.8/site-packages/airflow/example_dags/tutorial_taskflow_api.py took 0.127 seconds
[2025-03-07T16:03:38.250+0100] {processor.py:186} INFO - Started process (PID=13796) to work on /usr/local/anaconda3/envs/airflow_env/lib/python3.8/site-packages/airflow/example_dags/tutorial_taskflow_api.py
[2025-03-07T16:03:38.253+0100] {processor.py:914} INFO - Processing file /usr/local/anaconda3/envs/airflow_env/lib/python3.8/site-packages/airflow/example_dags/tutorial_taskflow_api.py for tasks to queue
[2025-03-07T16:03:38.254+0100] {logging_mixin.py:190} INFO - [2025-03-07T16:03:38.254+0100] {dagbag.py:588} INFO - Filling up the DagBag from /usr/local/anaconda3/envs/airflow_env/lib/python3.8/site-packages/airflow/example_dags/tutorial_taskflow_api.py
[2025-03-07T16:03:38.278+0100] {processor.py:925} INFO - DAG(s) 'tutorial_taskflow_api' retrieved from /usr/local/anaconda3/envs/airflow_env/lib/python3.8/site-packages/airflow/example_dags/tutorial_taskflow_api.py
[2025-03-07T16:03:38.347+0100] {logging_mixin.py:190} INFO - [2025-03-07T16:03:38.347+0100] {dag.py:3239} INFO - Sync 1 DAGs
[2025-03-07T16:03:38.355+0100] {logging_mixin.py:190} INFO - [2025-03-07T16:03:38.355+0100] {dag.py:4180} INFO - Setting next_dagrun for tutorial_taskflow_api to None, run_after=None
[2025-03-07T16:03:38.367+0100] {processor.py:208} INFO - Processing /usr/local/anaconda3/envs/airflow_env/lib/python3.8/site-packages/airflow/example_dags/tutorial_taskflow_api.py took 0.120 seconds
[2025-03-07T16:06:38.644+0100] {processor.py:186} INFO - Started process (PID=14068) to work on /usr/local/anaconda3/envs/airflow_env/lib/python3.8/site-packages/airflow/example_dags/tutorial_taskflow_api.py
[2025-03-07T16:06:38.647+0100] {processor.py:914} INFO - Processing file /usr/local/anaconda3/envs/airflow_env/lib/python3.8/site-packages/airflow/example_dags/tutorial_taskflow_api.py for tasks to queue
[2025-03-07T16:06:38.648+0100] {logging_mixin.py:190} INFO - [2025-03-07T16:06:38.648+0100] {dagbag.py:588} INFO - Filling up the DagBag from /usr/local/anaconda3/envs/airflow_env/lib/python3.8/site-packages/airflow/example_dags/tutorial_taskflow_api.py
[2025-03-07T16:06:38.673+0100] {processor.py:925} INFO - DAG(s) 'tutorial_taskflow_api' retrieved from /usr/local/anaconda3/envs/airflow_env/lib/python3.8/site-packages/airflow/example_dags/tutorial_taskflow_api.py
[2025-03-07T16:06:38.744+0100] {logging_mixin.py:190} INFO - [2025-03-07T16:06:38.743+0100] {dag.py:3239} INFO - Sync 1 DAGs
[2025-03-07T16:06:38.752+0100] {logging_mixin.py:190} INFO - [2025-03-07T16:06:38.751+0100] {dag.py:4180} INFO - Setting next_dagrun for tutorial_taskflow_api to None, run_after=None
[2025-03-07T16:06:38.763+0100] {processor.py:208} INFO - Processing /usr/local/anaconda3/envs/airflow_env/lib/python3.8/site-packages/airflow/example_dags/tutorial_taskflow_api.py took 0.122 seconds
[2025-03-07T16:10:30.556+0100] {processor.py:186} INFO - Started process (PID=14392) to work on /usr/local/anaconda3/envs/airflow_env/lib/python3.8/site-packages/airflow/example_dags/tutorial_taskflow_api.py
[2025-03-07T16:10:30.559+0100] {processor.py:914} INFO - Processing file /usr/local/anaconda3/envs/airflow_env/lib/python3.8/site-packages/airflow/example_dags/tutorial_taskflow_api.py for tasks to queue
[2025-03-07T16:10:30.560+0100] {logging_mixin.py:190} INFO - [2025-03-07T16:10:30.560+0100] {dagbag.py:588} INFO - Filling up the DagBag from /usr/local/anaconda3/envs/airflow_env/lib/python3.8/site-packages/airflow/example_dags/tutorial_taskflow_api.py
[2025-03-07T16:10:30.584+0100] {processor.py:925} INFO - DAG(s) 'tutorial_taskflow_api' retrieved from /usr/local/anaconda3/envs/airflow_env/lib/python3.8/site-packages/airflow/example_dags/tutorial_taskflow_api.py
[2025-03-07T16:10:30.654+0100] {logging_mixin.py:190} INFO - [2025-03-07T16:10:30.654+0100] {dag.py:3239} INFO - Sync 1 DAGs
[2025-03-07T16:10:30.663+0100] {logging_mixin.py:190} INFO - [2025-03-07T16:10:30.663+0100] {dag.py:4180} INFO - Setting next_dagrun for tutorial_taskflow_api to None, run_after=None
[2025-03-07T16:10:30.675+0100] {processor.py:208} INFO - Processing /usr/local/anaconda3/envs/airflow_env/lib/python3.8/site-packages/airflow/example_dags/tutorial_taskflow_api.py took 0.121 seconds
[2025-03-07T16:12:49.356+0100] {processor.py:186} INFO - Started process (PID=14682) to work on /usr/local/anaconda3/envs/airflow_env/lib/python3.8/site-packages/airflow/example_dags/tutorial_taskflow_api.py
[2025-03-07T16:12:49.359+0100] {processor.py:914} INFO - Processing file /usr/local/anaconda3/envs/airflow_env/lib/python3.8/site-packages/airflow/example_dags/tutorial_taskflow_api.py for tasks to queue
[2025-03-07T16:12:49.360+0100] {logging_mixin.py:190} INFO - [2025-03-07T16:12:49.360+0100] {dagbag.py:588} INFO - Filling up the DagBag from /usr/local/anaconda3/envs/airflow_env/lib/python3.8/site-packages/airflow/example_dags/tutorial_taskflow_api.py
[2025-03-07T16:12:49.386+0100] {processor.py:925} INFO - DAG(s) 'tutorial_taskflow_api' retrieved from /usr/local/anaconda3/envs/airflow_env/lib/python3.8/site-packages/airflow/example_dags/tutorial_taskflow_api.py
[2025-03-07T16:12:49.459+0100] {logging_mixin.py:190} INFO - [2025-03-07T16:12:49.458+0100] {dag.py:3239} INFO - Sync 1 DAGs
[2025-03-07T16:12:49.467+0100] {logging_mixin.py:190} INFO - [2025-03-07T16:12:49.466+0100] {dag.py:4180} INFO - Setting next_dagrun for tutorial_taskflow_api to None, run_after=None
[2025-03-07T16:12:49.478+0100] {processor.py:208} INFO - Processing /usr/local/anaconda3/envs/airflow_env/lib/python3.8/site-packages/airflow/example_dags/tutorial_taskflow_api.py took 0.125 seconds
[2025-03-07T16:15:03.478+0100] {processor.py:186} INFO - Started process (PID=14989) to work on /usr/local/anaconda3/envs/airflow_env/lib/python3.8/site-packages/airflow/example_dags/tutorial_taskflow_api.py
[2025-03-07T16:15:03.481+0100] {processor.py:914} INFO - Processing file /usr/local/anaconda3/envs/airflow_env/lib/python3.8/site-packages/airflow/example_dags/tutorial_taskflow_api.py for tasks to queue
[2025-03-07T16:15:03.482+0100] {logging_mixin.py:190} INFO - [2025-03-07T16:15:03.482+0100] {dagbag.py:588} INFO - Filling up the DagBag from /usr/local/anaconda3/envs/airflow_env/lib/python3.8/site-packages/airflow/example_dags/tutorial_taskflow_api.py
[2025-03-07T16:15:03.508+0100] {processor.py:925} INFO - DAG(s) 'tutorial_taskflow_api' retrieved from /usr/local/anaconda3/envs/airflow_env/lib/python3.8/site-packages/airflow/example_dags/tutorial_taskflow_api.py
[2025-03-07T16:15:03.581+0100] {logging_mixin.py:190} INFO - [2025-03-07T16:15:03.580+0100] {dag.py:3239} INFO - Sync 1 DAGs
[2025-03-07T16:15:03.589+0100] {logging_mixin.py:190} INFO - [2025-03-07T16:15:03.589+0100] {dag.py:4180} INFO - Setting next_dagrun for tutorial_taskflow_api to None, run_after=None
[2025-03-07T16:15:03.601+0100] {processor.py:208} INFO - Processing /usr/local/anaconda3/envs/airflow_env/lib/python3.8/site-packages/airflow/example_dags/tutorial_taskflow_api.py took 0.125 seconds
[2025-03-07T16:17:16.608+0100] {processor.py:186} INFO - Started process (PID=15189) to work on /usr/local/anaconda3/envs/airflow_env/lib/python3.8/site-packages/airflow/example_dags/tutorial_taskflow_api.py
[2025-03-07T16:17:16.612+0100] {processor.py:914} INFO - Processing file /usr/local/anaconda3/envs/airflow_env/lib/python3.8/site-packages/airflow/example_dags/tutorial_taskflow_api.py for tasks to queue
[2025-03-07T16:17:16.613+0100] {logging_mixin.py:190} INFO - [2025-03-07T16:17:16.613+0100] {dagbag.py:588} INFO - Filling up the DagBag from /usr/local/anaconda3/envs/airflow_env/lib/python3.8/site-packages/airflow/example_dags/tutorial_taskflow_api.py
[2025-03-07T16:17:16.641+0100] {processor.py:925} INFO - DAG(s) 'tutorial_taskflow_api' retrieved from /usr/local/anaconda3/envs/airflow_env/lib/python3.8/site-packages/airflow/example_dags/tutorial_taskflow_api.py
[2025-03-07T16:17:16.718+0100] {logging_mixin.py:190} INFO - [2025-03-07T16:17:16.718+0100] {dag.py:3239} INFO - Sync 1 DAGs
[2025-03-07T16:17:16.727+0100] {logging_mixin.py:190} INFO - [2025-03-07T16:17:16.727+0100] {dag.py:4180} INFO - Setting next_dagrun for tutorial_taskflow_api to None, run_after=None
[2025-03-07T16:17:16.742+0100] {processor.py:208} INFO - Processing /usr/local/anaconda3/envs/airflow_env/lib/python3.8/site-packages/airflow/example_dags/tutorial_taskflow_api.py took 0.137 seconds
[2025-03-07T16:19:37.342+0100] {processor.py:186} INFO - Started process (PID=15474) to work on /usr/local/anaconda3/envs/airflow_env/lib/python3.8/site-packages/airflow/example_dags/tutorial_taskflow_api.py
[2025-03-07T16:19:37.346+0100] {processor.py:914} INFO - Processing file /usr/local/anaconda3/envs/airflow_env/lib/python3.8/site-packages/airflow/example_dags/tutorial_taskflow_api.py for tasks to queue
[2025-03-07T16:19:37.346+0100] {logging_mixin.py:190} INFO - [2025-03-07T16:19:37.346+0100] {dagbag.py:588} INFO - Filling up the DagBag from /usr/local/anaconda3/envs/airflow_env/lib/python3.8/site-packages/airflow/example_dags/tutorial_taskflow_api.py
[2025-03-07T16:19:37.371+0100] {processor.py:925} INFO - DAG(s) 'tutorial_taskflow_api' retrieved from /usr/local/anaconda3/envs/airflow_env/lib/python3.8/site-packages/airflow/example_dags/tutorial_taskflow_api.py
[2025-03-07T16:19:37.439+0100] {logging_mixin.py:190} INFO - [2025-03-07T16:19:37.439+0100] {dag.py:3239} INFO - Sync 1 DAGs
[2025-03-07T16:19:37.447+0100] {logging_mixin.py:190} INFO - [2025-03-07T16:19:37.447+0100] {dag.py:4180} INFO - Setting next_dagrun for tutorial_taskflow_api to None, run_after=None
[2025-03-07T16:19:37.458+0100] {processor.py:208} INFO - Processing /usr/local/anaconda3/envs/airflow_env/lib/python3.8/site-packages/airflow/example_dags/tutorial_taskflow_api.py took 0.119 seconds
[2025-03-07T16:21:57.046+0100] {processor.py:186} INFO - Started process (PID=15730) to work on /usr/local/anaconda3/envs/airflow_env/lib/python3.8/site-packages/airflow/example_dags/tutorial_taskflow_api.py
[2025-03-07T16:21:57.049+0100] {processor.py:914} INFO - Processing file /usr/local/anaconda3/envs/airflow_env/lib/python3.8/site-packages/airflow/example_dags/tutorial_taskflow_api.py for tasks to queue
[2025-03-07T16:21:57.050+0100] {logging_mixin.py:190} INFO - [2025-03-07T16:21:57.050+0100] {dagbag.py:588} INFO - Filling up the DagBag from /usr/local/anaconda3/envs/airflow_env/lib/python3.8/site-packages/airflow/example_dags/tutorial_taskflow_api.py
[2025-03-07T16:21:57.074+0100] {processor.py:925} INFO - DAG(s) 'tutorial_taskflow_api' retrieved from /usr/local/anaconda3/envs/airflow_env/lib/python3.8/site-packages/airflow/example_dags/tutorial_taskflow_api.py
[2025-03-07T16:21:57.144+0100] {logging_mixin.py:190} INFO - [2025-03-07T16:21:57.143+0100] {dag.py:3239} INFO - Sync 1 DAGs
[2025-03-07T16:21:57.152+0100] {logging_mixin.py:190} INFO - [2025-03-07T16:21:57.152+0100] {dag.py:4180} INFO - Setting next_dagrun for tutorial_taskflow_api to None, run_after=None
[2025-03-07T16:21:57.165+0100] {processor.py:208} INFO - Processing /usr/local/anaconda3/envs/airflow_env/lib/python3.8/site-packages/airflow/example_dags/tutorial_taskflow_api.py took 0.122 seconds
[2025-03-07T16:28:54.365+0100] {processor.py:186} INFO - Started process (PID=16166) to work on /usr/local/anaconda3/envs/airflow_env/lib/python3.8/site-packages/airflow/example_dags/tutorial_taskflow_api.py
[2025-03-07T16:28:54.368+0100] {processor.py:914} INFO - Processing file /usr/local/anaconda3/envs/airflow_env/lib/python3.8/site-packages/airflow/example_dags/tutorial_taskflow_api.py for tasks to queue
[2025-03-07T16:28:54.369+0100] {logging_mixin.py:190} INFO - [2025-03-07T16:28:54.369+0100] {dagbag.py:588} INFO - Filling up the DagBag from /usr/local/anaconda3/envs/airflow_env/lib/python3.8/site-packages/airflow/example_dags/tutorial_taskflow_api.py
[2025-03-07T16:28:54.395+0100] {processor.py:925} INFO - DAG(s) 'tutorial_taskflow_api' retrieved from /usr/local/anaconda3/envs/airflow_env/lib/python3.8/site-packages/airflow/example_dags/tutorial_taskflow_api.py
[2025-03-07T16:28:54.466+0100] {logging_mixin.py:190} INFO - [2025-03-07T16:28:54.465+0100] {dag.py:3239} INFO - Sync 1 DAGs
[2025-03-07T16:28:54.474+0100] {logging_mixin.py:190} INFO - [2025-03-07T16:28:54.473+0100] {dag.py:4180} INFO - Setting next_dagrun for tutorial_taskflow_api to None, run_after=None
[2025-03-07T16:28:54.485+0100] {processor.py:208} INFO - Processing /usr/local/anaconda3/envs/airflow_env/lib/python3.8/site-packages/airflow/example_dags/tutorial_taskflow_api.py took 0.123 seconds
