[2025-03-07T14:14:04.239+0100] {local_task_job_runner.py:123} INFO - ::group::Pre task execution logs
[2025-03-07T14:14:04.245+0100] {taskinstance.py:2614} INFO - Dependencies all met for dep_context=non-requeueable deps ti=<TaskInstance: climate_data_pipeline.extract_world_bank_data manual__2025-03-07T13:13:58.265032+00:00 [queued]>
[2025-03-07T14:14:04.248+0100] {taskinstance.py:2614} INFO - Dependencies all met for dep_context=requeueable deps ti=<TaskInstance: climate_data_pipeline.extract_world_bank_data manual__2025-03-07T13:13:58.265032+00:00 [queued]>
[2025-03-07T14:14:04.249+0100] {taskinstance.py:2867} INFO - Starting attempt 1 of 2
[2025-03-07T14:14:04.256+0100] {taskinstance.py:2890} INFO - Executing <Task(PythonOperator): extract_world_bank_data> on 2025-03-07 13:13:58.265032+00:00
[2025-03-07T14:14:04.262+0100] {standard_task_runner.py:72} INFO - Started process 2979 to run task
[2025-03-07T14:14:04.268+0100] {standard_task_runner.py:104} INFO - Running: ['airflow', 'tasks', 'run', 'climate_data_pipeline', 'extract_world_bank_data', 'manual__2025-03-07T13:13:58.265032+00:00', '--job-id', '4', '--raw', '--subdir', 'DAGS_FOLDER/climate-data-dag.py', '--cfg-path', '/var/folders/55/x1yqz6851xj6j2f0smdhs4jh0000gn/T/tmpwontki_d']
[2025-03-07T14:14:04.269+0100] {standard_task_runner.py:105} INFO - Job 4: Subtask extract_world_bank_data
[2025-03-07T14:14:04.300+0100] {task_command.py:467} INFO - Running <TaskInstance: climate_data_pipeline.extract_world_bank_data manual__2025-03-07T13:13:58.265032+00:00 [running]> on host gabis-imac-pro.local
[2025-03-07T14:14:04.343+0100] {taskinstance.py:3134} INFO - Exporting env vars: AIRFLOW_CTX_DAG_OWNER='airflow' AIRFLOW_CTX_DAG_ID='climate_data_pipeline' AIRFLOW_CTX_TASK_ID='extract_world_bank_data' AIRFLOW_CTX_EXECUTION_DATE='2025-03-07T13:13:58.265032+00:00' AIRFLOW_CTX_TRY_NUMBER='1' AIRFLOW_CTX_DAG_RUN_ID='manual__2025-03-07T13:13:58.265032+00:00'
[2025-03-07T14:14:04.344+0100] {logging_mixin.py:190} INFO - Task instance is in running state
[2025-03-07T14:14:04.344+0100] {logging_mixin.py:190} INFO -  Previous state of the Task instance: queued
[2025-03-07T14:14:04.345+0100] {logging_mixin.py:190} INFO - Current task name:extract_world_bank_data state:running start_date:2025-03-07 13:14:04.245479+00:00
[2025-03-07T14:14:04.345+0100] {logging_mixin.py:190} INFO - Dag name:climate_data_pipeline and current dag run status:running
[2025-03-07T14:14:04.346+0100] {taskinstance.py:732} INFO - ::endgroup::
[2025-03-07T14:14:04.346+0100] {logging_mixin.py:190} INFO - Extracting World Bank indicators from 2020 to 2020
[2025-03-07T14:14:04.347+0100] {logging_mixin.py:190} INFO - 
Processing year 2020...
[2025-03-07T14:14:04.347+0100] {logging_mixin.py:190} INFO - Fetching Population, total data for 2020...
[2025-03-07T14:14:04.601+0100] {logging_mixin.py:190} INFO - Response status: 200
[2025-03-07T14:14:05.104+0100] {logging_mixin.py:190} INFO - Fetching GDP per capita (current US$) data for 2020...
[2025-03-07T14:14:05.565+0100] {logging_mixin.py:190} INFO - Response status: 200
[2025-03-07T14:14:06.070+0100] {logging_mixin.py:190} INFO - Fetching CO2 emissions (metric tons per capita) data for 2020...
[2025-03-07T14:14:06.328+0100] {logging_mixin.py:190} INFO - Response status: 200
[2025-03-07T14:14:06.830+0100] {logging_mixin.py:190} INFO - Fetching Life expectancy at birth, total (years) data for 2020...
[2025-03-07T14:14:07.121+0100] {logging_mixin.py:190} INFO - Response status: 200
[2025-03-07T14:14:07.624+0100] {logging_mixin.py:190} INFO - Fetching School enrollment, secondary (% gross) data for 2020...
[2025-03-07T14:14:07.882+0100] {logging_mixin.py:190} INFO - Response status: 200
[2025-03-07T14:14:08.386+0100] {logging_mixin.py:190} INFO - Fetching Gini index (World Bank estimate) data for 2020...
[2025-03-07T14:14:08.670+0100] {logging_mixin.py:190} INFO - Response status: 200
[2025-03-07T14:14:09.357+0100] {logging_mixin.py:190} INFO - Fetching Unemployment, total (% of total labor force) data for 2020...
[2025-03-07T14:14:09.605+0100] {logging_mixin.py:190} INFO - Response status: 200
[2025-03-07T14:14:10.116+0100] {logging_mixin.py:190} INFO - Saved World Bank data for 2020 to /Users/gabi/codes/climate_trace/climate_data_pipeline/data/world_bank/world_bank_indicators_2020.csv
[2025-03-07T14:14:10.116+0100] {logging_mixin.py:190} INFO - Number of countries with data: 261
[2025-03-07T14:14:10.117+0100] {logging_mixin.py:190} INFO - Columns included: country, SP.POP.TOTL, NY.GDP.PCAP.CD, SP.DYN.LE00.IN, SE.SEC.ENRR, SL.UEM.TOTL.ZS, SI.POV.GINI
[2025-03-07T14:14:10.117+0100] {logging_mixin.py:190} INFO - Completed processing for 2020
[2025-03-07T14:14:10.117+0100] {python.py:240} INFO - Done. Returned value was: /Users/gabi/codes/climate_trace/climate_data_pipeline/data/world_bank/world_bank_indicators_2020.csv
[2025-03-07T14:14:10.126+0100] {taskinstance.py:341} INFO - ::group::Post task execution logs
[2025-03-07T14:14:10.127+0100] {taskinstance.py:353} INFO - Marking task as SUCCESS. dag_id=climate_data_pipeline, task_id=extract_world_bank_data, run_id=manual__2025-03-07T13:13:58.265032+00:00, execution_date=20250307T131358, start_date=20250307T131404, end_date=20250307T131410
[2025-03-07T14:14:10.135+0100] {logging_mixin.py:190} INFO - Task instance in success state
[2025-03-07T14:14:10.135+0100] {logging_mixin.py:190} INFO -  Previous state of the Task instance: running
[2025-03-07T14:14:10.135+0100] {logging_mixin.py:190} INFO - Dag name:climate_data_pipeline queued_at:2025-03-07 13:13:58.284171+00:00
[2025-03-07T14:14:10.136+0100] {logging_mixin.py:190} INFO - Task hostname:gabis-imac-pro.local operator:PythonOperator
[2025-03-07T14:14:10.155+0100] {local_task_job_runner.py:266} INFO - Task exited with return code 0
[2025-03-07T14:14:10.163+0100] {taskinstance.py:3901} INFO - 0 downstream tasks scheduled from follow-on schedule check
[2025-03-07T14:14:10.163+0100] {local_task_job_runner.py:245} INFO - ::endgroup::
