[2025-03-07T16:02:47.764+0100] {local_task_job_runner.py:123} INFO - ::group::Pre task execution logs
[2025-03-07T16:02:47.771+0100] {taskinstance.py:2614} INFO - Dependencies all met for dep_context=non-requeueable deps ti=<TaskInstance: climate_data_pipeline.extract_climate_trace_data manual__2025-03-07T15:02:33.234147+00:00 [queued]>
[2025-03-07T16:02:47.775+0100] {taskinstance.py:2614} INFO - Dependencies all met for dep_context=requeueable deps ti=<TaskInstance: climate_data_pipeline.extract_climate_trace_data manual__2025-03-07T15:02:33.234147+00:00 [queued]>
[2025-03-07T16:02:47.775+0100] {taskinstance.py:2867} INFO - Starting attempt 1 of 2
[2025-03-07T16:02:47.782+0100] {taskinstance.py:2890} INFO - Executing <Task(PythonOperator): extract_climate_trace_data> on 2025-03-07 15:02:33.234147+00:00
[2025-03-07T16:02:47.789+0100] {standard_task_runner.py:72} INFO - Started process 13754 to run task
[2025-03-07T16:02:47.795+0100] {standard_task_runner.py:104} INFO - Running: ['airflow', 'tasks', 'run', 'climate_data_pipeline', 'extract_climate_trace_data', 'manual__2025-03-07T15:02:33.234147+00:00', '--job-id', '46', '--raw', '--subdir', 'DAGS_FOLDER/climate-data-dag.py', '--cfg-path', '/var/folders/55/x1yqz6851xj6j2f0smdhs4jh0000gn/T/tmp83qabkee']
[2025-03-07T16:02:47.797+0100] {standard_task_runner.py:105} INFO - Job 46: Subtask extract_climate_trace_data
[2025-03-07T16:02:47.832+0100] {task_command.py:467} INFO - Running <TaskInstance: climate_data_pipeline.extract_climate_trace_data manual__2025-03-07T15:02:33.234147+00:00 [running]> on host gabis-imac-pro.local
[2025-03-07T16:02:47.878+0100] {taskinstance.py:3134} INFO - Exporting env vars: AIRFLOW_CTX_DAG_OWNER='zoomcamp' AIRFLOW_CTX_DAG_ID='climate_data_pipeline' AIRFLOW_CTX_TASK_ID='extract_climate_trace_data' AIRFLOW_CTX_EXECUTION_DATE='2025-03-07T15:02:33.234147+00:00' AIRFLOW_CTX_TRY_NUMBER='1' AIRFLOW_CTX_DAG_RUN_ID='manual__2025-03-07T15:02:33.234147+00:00'
[2025-03-07T16:02:47.879+0100] {logging_mixin.py:190} INFO - Task instance is in running state
[2025-03-07T16:02:47.880+0100] {logging_mixin.py:190} INFO -  Previous state of the Task instance: queued
[2025-03-07T16:02:47.880+0100] {logging_mixin.py:190} INFO - Current task name:extract_climate_trace_data state:running start_date:2025-03-07 15:02:47.771802+00:00
[2025-03-07T16:02:47.880+0100] {logging_mixin.py:190} INFO - Dag name:climate_data_pipeline and current dag run status:running
[2025-03-07T16:02:47.881+0100] {taskinstance.py:732} INFO - ::endgroup::
[2025-03-07T16:02:47.882+0100] {logging_mixin.py:190} INFO - Fetching list of countries from Climate Trace API
[2025-03-07T16:02:48.030+0100] {logging_mixin.py:190} INFO - Processing batch of 10 countries...
[2025-03-07T16:02:49.079+0100] {logging_mixin.py:190} INFO - Processing batch of 10 countries...
[2025-03-07T16:02:50.226+0100] {logging_mixin.py:190} INFO - Processing batch of 10 countries...
[2025-03-07T16:02:51.356+0100] {logging_mixin.py:190} INFO - Processing batch of 10 countries...
[2025-03-07T16:02:52.483+0100] {logging_mixin.py:190} INFO - Processing batch of 10 countries...
[2025-03-07T16:02:53.244+0100] {logging_mixin.py:190} INFO - Processing batch of 10 countries...
[2025-03-07T16:02:54.291+0100] {logging_mixin.py:190} INFO - Processing batch of 10 countries...
[2025-03-07T16:02:55.452+0100] {logging_mixin.py:190} INFO - Processing batch of 10 countries...
[2025-03-07T16:02:56.494+0100] {logging_mixin.py:190} INFO - Processing batch of 10 countries...
[2025-03-07T16:02:57.602+0100] {logging_mixin.py:190} INFO - Processing batch of 10 countries...
[2025-03-07T16:02:58.728+0100] {logging_mixin.py:190} INFO - Processing batch of 10 countries...
[2025-03-07T16:02:59.460+0100] {logging_mixin.py:190} INFO - Processing batch of 10 countries...
[2025-03-07T16:03:00.573+0100] {logging_mixin.py:190} INFO - Processing batch of 10 countries...
[2025-03-07T16:03:01.699+0100] {logging_mixin.py:190} INFO - Processing batch of 10 countries...
[2025-03-07T16:03:02.825+0100] {logging_mixin.py:190} INFO - Processing batch of 10 countries...
[2025-03-07T16:03:03.949+0100] {logging_mixin.py:190} INFO - Processing batch of 10 countries...
[2025-03-07T16:03:04.995+0100] {logging_mixin.py:190} INFO - Processing batch of 10 countries...
[2025-03-07T16:03:05.739+0100] {logging_mixin.py:190} INFO - Processing batch of 10 countries...
[2025-03-07T16:03:06.478+0100] {logging_mixin.py:190} INFO - Processing batch of 10 countries...
[2025-03-07T16:03:07.536+0100] {logging_mixin.py:190} INFO - Processing batch of 10 countries...
[2025-03-07T16:03:08.597+0100] {logging_mixin.py:190} INFO - Processing batch of 10 countries...
[2025-03-07T16:03:09.686+0100] {logging_mixin.py:190} INFO - Processing batch of 10 countries...
[2025-03-07T16:03:10.747+0100] {logging_mixin.py:190} INFO - Processing batch of 10 countries...
[2025-03-07T16:03:11.489+0100] {logging_mixin.py:190} INFO - Processing batch of 10 countries...
[2025-03-07T16:03:12.654+0100] {logging_mixin.py:190} INFO - Processing batch of 10 countries...
[2025-03-07T16:03:13.781+0100] {logging_mixin.py:190} INFO - Processing batch of 2 countries...
[2025-03-07T16:03:14.515+0100] {logging_mixin.py:190} INFO - Saved Climate Trace emissions to: /Users/gabi/codes/climate_trace/climate_data_pipeline/data/climate_trace/global_emissions_2015.csv
[2025-03-07T16:03:14.516+0100] {python.py:240} INFO - Done. Returned value was: /Users/gabi/codes/climate_trace/climate_data_pipeline/data/climate_trace/global_emissions_2015.csv
[2025-03-07T16:03:14.526+0100] {taskinstance.py:341} INFO - ::group::Post task execution logs
[2025-03-07T16:03:14.527+0100] {taskinstance.py:353} INFO - Marking task as SUCCESS. dag_id=climate_data_pipeline, task_id=extract_climate_trace_data, run_id=manual__2025-03-07T15:02:33.234147+00:00, execution_date=20250307T150233, start_date=20250307T150247, end_date=20250307T150314
[2025-03-07T16:03:14.705+0100] {logging_mixin.py:190} INFO - Task instance in success state
[2025-03-07T16:03:14.706+0100] {logging_mixin.py:190} INFO -  Previous state of the Task instance: running
[2025-03-07T16:03:14.706+0100] {logging_mixin.py:190} INFO - Dag name:climate_data_pipeline queued_at:2025-03-07 15:02:33.245898+00:00
[2025-03-07T16:03:14.706+0100] {logging_mixin.py:190} INFO - Task hostname:gabis-imac-pro.local operator:PythonOperator
[2025-03-07T16:03:14.739+0100] {local_task_job_runner.py:266} INFO - Task exited with return code 0
[2025-03-07T16:03:14.753+0100] {taskinstance.py:3901} INFO - 1 downstream tasks scheduled from follow-on schedule check
[2025-03-07T16:03:14.754+0100] {local_task_job_runner.py:245} INFO - ::endgroup::
