[2025-03-07T16:23:46.509+0100] {local_task_job_runner.py:123} INFO - ::group::Pre task execution logs
[2025-03-07T16:23:46.516+0100] {taskinstance.py:2614} INFO - Dependencies all met for dep_context=non-requeueable deps ti=<TaskInstance: climate_data_pipeline.extract_climate_trace_data manual__2025-03-07T15:23:29.848239+00:00 [queued]>
[2025-03-07T16:23:46.519+0100] {taskinstance.py:2614} INFO - Dependencies all met for dep_context=requeueable deps ti=<TaskInstance: climate_data_pipeline.extract_climate_trace_data manual__2025-03-07T15:23:29.848239+00:00 [queued]>
[2025-03-07T16:23:46.520+0100] {taskinstance.py:2867} INFO - Starting attempt 1 of 2
[2025-03-07T16:23:46.527+0100] {taskinstance.py:2890} INFO - Executing <Task(PythonOperator): extract_climate_trace_data> on 2025-03-07 15:23:29.848239+00:00
[2025-03-07T16:23:46.533+0100] {standard_task_runner.py:72} INFO - Started process 15920 to run task
[2025-03-07T16:23:46.539+0100] {standard_task_runner.py:104} INFO - Running: ['airflow', 'tasks', 'run', 'climate_data_pipeline', 'extract_climate_trace_data', 'manual__2025-03-07T15:23:29.848239+00:00', '--job-id', '66', '--raw', '--subdir', 'DAGS_FOLDER/climate-data-dag.py', '--cfg-path', '/var/folders/55/x1yqz6851xj6j2f0smdhs4jh0000gn/T/tmpztr78pzp']
[2025-03-07T16:23:46.540+0100] {standard_task_runner.py:105} INFO - Job 66: Subtask extract_climate_trace_data
[2025-03-07T16:23:46.574+0100] {task_command.py:467} INFO - Running <TaskInstance: climate_data_pipeline.extract_climate_trace_data manual__2025-03-07T15:23:29.848239+00:00 [running]> on host gabis-imac-pro.local
[2025-03-07T16:23:46.615+0100] {taskinstance.py:3134} INFO - Exporting env vars: AIRFLOW_CTX_DAG_OWNER='zoomcamp' AIRFLOW_CTX_DAG_ID='climate_data_pipeline' AIRFLOW_CTX_TASK_ID='extract_climate_trace_data' AIRFLOW_CTX_EXECUTION_DATE='2025-03-07T15:23:29.848239+00:00' AIRFLOW_CTX_TRY_NUMBER='1' AIRFLOW_CTX_DAG_RUN_ID='manual__2025-03-07T15:23:29.848239+00:00'
[2025-03-07T16:23:46.616+0100] {logging_mixin.py:190} INFO - Task instance is in running state
[2025-03-07T16:23:46.617+0100] {logging_mixin.py:190} INFO -  Previous state of the Task instance: queued
[2025-03-07T16:23:46.617+0100] {logging_mixin.py:190} INFO - Current task name:extract_climate_trace_data state:running start_date:2025-03-07 15:23:46.516369+00:00
[2025-03-07T16:23:46.617+0100] {logging_mixin.py:190} INFO - Dag name:climate_data_pipeline and current dag run status:running
[2025-03-07T16:23:46.618+0100] {taskinstance.py:732} INFO - ::endgroup::
[2025-03-07T16:23:46.619+0100] {logging_mixin.py:190} INFO - Fetching list of countries from Climate Trace API
[2025-03-07T16:23:46.765+0100] {logging_mixin.py:190} INFO - Processing batch of 10 countries...
[2025-03-07T16:23:47.849+0100] {logging_mixin.py:190} INFO - Processing batch of 10 countries...
[2025-03-07T16:23:48.976+0100] {logging_mixin.py:190} INFO - Processing batch of 10 countries...
[2025-03-07T16:23:50.010+0100] {logging_mixin.py:190} INFO - Processing batch of 10 countries...
[2025-03-07T16:23:51.123+0100] {logging_mixin.py:190} INFO - Processing batch of 10 countries...
[2025-03-07T16:23:52.253+0100] {logging_mixin.py:190} INFO - Processing batch of 10 countries...
[2025-03-07T16:23:53.481+0100] {logging_mixin.py:190} INFO - Processing batch of 10 countries...
[2025-03-07T16:23:54.710+0100] {logging_mixin.py:190} INFO - Processing batch of 10 countries...
[2025-03-07T16:23:55.836+0100] {logging_mixin.py:190} INFO - Processing batch of 10 countries...
[2025-03-07T16:23:56.960+0100] {logging_mixin.py:190} INFO - Processing batch of 10 countries...
[2025-03-07T16:23:58.090+0100] {logging_mixin.py:190} INFO - Processing batch of 10 countries...
[2025-03-07T16:23:58.828+0100] {logging_mixin.py:190} INFO - Processing batch of 10 countries...
[2025-03-07T16:23:59.932+0100] {logging_mixin.py:190} INFO - Processing batch of 10 countries...
[2025-03-07T16:24:00.669+0100] {logging_mixin.py:190} INFO - Processing batch of 10 countries...
[2025-03-07T16:24:01.775+0100] {logging_mixin.py:190} INFO - Processing batch of 10 countries...
[2025-03-07T16:24:02.513+0100] {logging_mixin.py:190} INFO - Processing batch of 10 countries...
[2025-03-07T16:24:03.697+0100] {logging_mixin.py:190} INFO - Processing batch of 10 countries...
[2025-03-07T16:24:04.740+0100] {logging_mixin.py:190} INFO - Processing batch of 10 countries...
[2025-03-07T16:24:05.816+0100] {logging_mixin.py:190} INFO - Processing batch of 10 countries...
[2025-03-07T16:24:06.895+0100] {logging_mixin.py:190} INFO - Processing batch of 10 countries...
[2025-03-07T16:24:08.021+0100] {logging_mixin.py:190} INFO - Processing batch of 10 countries...
[2025-03-07T16:24:08.755+0100] {logging_mixin.py:190} INFO - Processing batch of 10 countries...
[2025-03-07T16:24:09.864+0100] {logging_mixin.py:190} INFO - Processing batch of 10 countries...
[2025-03-07T16:24:10.598+0100] {logging_mixin.py:190} INFO - Processing batch of 10 countries...
[2025-03-07T16:24:11.709+0100] {logging_mixin.py:190} INFO - Processing batch of 10 countries...
[2025-03-07T16:24:12.758+0100] {logging_mixin.py:190} INFO - Processing batch of 2 countries...
[2025-03-07T16:24:13.813+0100] {logging_mixin.py:190} INFO - Saved Climate Trace emissions to: /Users/gabi/codes/climate_trace/climate_data_pipeline/data/climate_trace/global_emissions_2022.csv
[2025-03-07T16:24:13.813+0100] {python.py:240} INFO - Done. Returned value was: /Users/gabi/codes/climate_trace/climate_data_pipeline/data/climate_trace/global_emissions_2022.csv
[2025-03-07T16:24:13.824+0100] {taskinstance.py:341} INFO - ::group::Post task execution logs
[2025-03-07T16:24:13.825+0100] {taskinstance.py:353} INFO - Marking task as SUCCESS. dag_id=climate_data_pipeline, task_id=extract_climate_trace_data, run_id=manual__2025-03-07T15:23:29.848239+00:00, execution_date=20250307T152329, start_date=20250307T152346, end_date=20250307T152413
[2025-03-07T16:24:14.013+0100] {logging_mixin.py:190} INFO - Task instance in success state
[2025-03-07T16:24:14.013+0100] {logging_mixin.py:190} INFO -  Previous state of the Task instance: running
[2025-03-07T16:24:14.014+0100] {logging_mixin.py:190} INFO - Dag name:climate_data_pipeline queued_at:2025-03-07 15:23:29.855602+00:00
[2025-03-07T16:24:14.014+0100] {logging_mixin.py:190} INFO - Task hostname:gabis-imac-pro.local operator:PythonOperator
[2025-03-07T16:24:14.062+0100] {local_task_job_runner.py:266} INFO - Task exited with return code 0
[2025-03-07T16:24:14.077+0100] {taskinstance.py:3901} INFO - 1 downstream tasks scheduled from follow-on schedule check
[2025-03-07T16:24:14.078+0100] {local_task_job_runner.py:245} INFO - ::endgroup::
