[2025-03-07T16:10:17.314+0100] {local_task_job_runner.py:123} INFO - ::group::Pre task execution logs
[2025-03-07T16:10:17.323+0100] {taskinstance.py:2614} INFO - Dependencies all met for dep_context=non-requeueable deps ti=<TaskInstance: climate_data_pipeline.upload_climate_trace_to_gcs manual__2025-03-07T15:09:24.615494+00:00 [queued]>
[2025-03-07T16:10:17.328+0100] {taskinstance.py:2614} INFO - Dependencies all met for dep_context=requeueable deps ti=<TaskInstance: climate_data_pipeline.upload_climate_trace_to_gcs manual__2025-03-07T15:09:24.615494+00:00 [queued]>
[2025-03-07T16:10:17.328+0100] {taskinstance.py:2867} INFO - Starting attempt 1 of 2
[2025-03-07T16:10:17.336+0100] {taskinstance.py:2890} INFO - Executing <Task(LocalFilesystemToGCSOperator): upload_climate_trace_to_gcs> on 2025-03-07 15:09:24.615494+00:00
[2025-03-07T16:10:17.342+0100] {standard_task_runner.py:72} INFO - Started process 14372 to run task
[2025-03-07T16:10:17.348+0100] {standard_task_runner.py:104} INFO - Running: ['airflow', 'tasks', 'run', 'climate_data_pipeline', 'upload_climate_trace_to_gcs', 'manual__2025-03-07T15:09:24.615494+00:00', '--job-id', '60', '--raw', '--subdir', 'DAGS_FOLDER/climate-data-dag.py', '--cfg-path', '/var/folders/55/x1yqz6851xj6j2f0smdhs4jh0000gn/T/tmpgef6n4ku']
[2025-03-07T16:10:17.349+0100] {standard_task_runner.py:105} INFO - Job 60: Subtask upload_climate_trace_to_gcs
[2025-03-07T16:10:17.383+0100] {task_command.py:467} INFO - Running <TaskInstance: climate_data_pipeline.upload_climate_trace_to_gcs manual__2025-03-07T15:09:24.615494+00:00 [running]> on host gabis-imac-pro.local
[2025-03-07T16:10:17.422+0100] {taskinstance.py:3134} INFO - Exporting env vars: AIRFLOW_CTX_DAG_OWNER='zoomcamp' AIRFLOW_CTX_DAG_ID='climate_data_pipeline' AIRFLOW_CTX_TASK_ID='upload_climate_trace_to_gcs' AIRFLOW_CTX_EXECUTION_DATE='2025-03-07T15:09:24.615494+00:00' AIRFLOW_CTX_TRY_NUMBER='1' AIRFLOW_CTX_DAG_RUN_ID='manual__2025-03-07T15:09:24.615494+00:00'
[2025-03-07T16:10:17.424+0100] {logging_mixin.py:190} INFO - Task instance is in running state
[2025-03-07T16:10:17.424+0100] {logging_mixin.py:190} INFO -  Previous state of the Task instance: queued
[2025-03-07T16:10:17.425+0100] {logging_mixin.py:190} INFO - Current task name:upload_climate_trace_to_gcs state:running start_date:2025-03-07 15:10:17.323972+00:00
[2025-03-07T16:10:17.425+0100] {logging_mixin.py:190} INFO - Dag name:climate_data_pipeline and current dag run status:running
[2025-03-07T16:10:17.425+0100] {taskinstance.py:732} INFO - ::endgroup::
[2025-03-07T16:10:17.429+0100] {connection.py:277} WARNING - Connection schemes (type: google_cloud_platform) shall not contain '_' according to RFC3986.
[2025-03-07T16:10:17.432+0100] {base.py:84} INFO - Retrieving connection 'google_cloud_default'
[2025-03-07T16:10:18.022+0100] {gcs.py:560} INFO - File /Users/gabi/codes/climate_trace/climate_data_pipeline/data/climate_trace/global_emissions_2020.csv uploaded to climate_trace/global_emissions_2020.csv in zoomcamp-climate-trace bucket
[2025-03-07T16:10:18.204+0100] {taskinstance.py:341} INFO - ::group::Post task execution logs
[2025-03-07T16:10:18.205+0100] {taskinstance.py:353} INFO - Marking task as SUCCESS. dag_id=climate_data_pipeline, task_id=upload_climate_trace_to_gcs, run_id=manual__2025-03-07T15:09:24.615494+00:00, execution_date=20250307T150924, start_date=20250307T151017, end_date=20250307T151018
[2025-03-07T16:10:18.214+0100] {logging_mixin.py:190} INFO - Task instance in success state
[2025-03-07T16:10:18.215+0100] {logging_mixin.py:190} INFO -  Previous state of the Task instance: running
[2025-03-07T16:10:18.215+0100] {logging_mixin.py:190} INFO - Dag name:climate_data_pipeline queued_at:2025-03-07 15:09:24.624634+00:00
[2025-03-07T16:10:18.216+0100] {logging_mixin.py:190} INFO - Task hostname:gabis-imac-pro.local operator:LocalFilesystemToGCSOperator
[2025-03-07T16:10:18.245+0100] {local_task_job_runner.py:266} INFO - Task exited with return code 0
[2025-03-07T16:10:18.257+0100] {taskinstance.py:3901} INFO - 0 downstream tasks scheduled from follow-on schedule check
[2025-03-07T16:10:18.257+0100] {local_task_job_runner.py:245} INFO - ::endgroup::
