[2025-03-07T14:11:45.565+0000] {local_task_job_runner.py:123} INFO - ::group::Pre task execution logs
[2025-03-07T14:11:45.572+0000] {taskinstance.py:2614} INFO - Dependencies all met for dep_context=non-requeueable deps ti=<TaskInstance: climate_data_dlt_pipeline.extract_climate_trace_data manual__2025-03-07T14:06:29.267614+00:00 [queued]>
[2025-03-07T14:11:45.576+0000] {taskinstance.py:2614} INFO - Dependencies all met for dep_context=requeueable deps ti=<TaskInstance: climate_data_dlt_pipeline.extract_climate_trace_data manual__2025-03-07T14:06:29.267614+00:00 [queued]>
[2025-03-07T14:11:45.576+0000] {taskinstance.py:2867} INFO - Starting attempt 2 of 2
[2025-03-07T14:11:45.583+0000] {taskinstance.py:2890} INFO - Executing <Task(PythonOperator): extract_climate_trace_data> on 2025-03-07 14:06:29.267614+00:00
[2025-03-07T14:11:45.590+0000] {standard_task_runner.py:72} INFO - Started process 8021 to run task
[2025-03-07T14:11:45.596+0000] {standard_task_runner.py:104} INFO - Running: ['airflow', 'tasks', 'run', 'climate_data_dlt_pipeline', 'extract_climate_trace_data', 'manual__2025-03-07T14:06:29.267614+00:00', '--job-id', '22', '--raw', '--subdir', 'DAGS_FOLDER/dlt-airflow-dag.py', '--cfg-path', '/var/folders/55/x1yqz6851xj6j2f0smdhs4jh0000gn/T/tmp7pnrdos7']
[2025-03-07T14:11:45.598+0000] {standard_task_runner.py:105} INFO - Job 22: Subtask extract_climate_trace_data
[2025-03-07T14:11:45.629+0000] {task_command.py:467} INFO - Running <TaskInstance: climate_data_dlt_pipeline.extract_climate_trace_data manual__2025-03-07T14:06:29.267614+00:00 [running]> on host gabis-imac-pro.local
[2025-03-07T14:11:45.667+0000] {taskinstance.py:3134} INFO - Exporting env vars: AIRFLOW_CTX_DAG_OWNER='airflow' AIRFLOW_CTX_DAG_ID='climate_data_dlt_pipeline' AIRFLOW_CTX_TASK_ID='extract_climate_trace_data' AIRFLOW_CTX_EXECUTION_DATE='2025-03-07T14:06:29.267614+00:00' AIRFLOW_CTX_TRY_NUMBER='2' AIRFLOW_CTX_DAG_RUN_ID='manual__2025-03-07T14:06:29.267614+00:00'
[2025-03-07T14:11:45.668+0000] {logging_mixin.py:190} INFO - Task instance is in running state
[2025-03-07T14:11:45.668+0000] {logging_mixin.py:190} INFO -  Previous state of the Task instance: queued
[2025-03-07T14:11:45.669+0000] {logging_mixin.py:190} INFO - Current task name:extract_climate_trace_data state:running start_date:2025-03-07 14:11:45.572950+00:00
[2025-03-07T14:11:45.669+0000] {logging_mixin.py:190} INFO - Dag name:climate_data_dlt_pipeline and current dag run status:running
[2025-03-07T14:11:45.669+0000] {taskinstance.py:732} INFO - ::endgroup::
[2025-03-07T14:11:46.246+0000] {taskinstance.py:3313} ERROR - Task failed with exception
Traceback (most recent call last):
  File "/usr/local/anaconda3/envs/airflow_env/lib/python3.8/site-packages/dlt/pipeline/pipeline.py", line 471, in extract
    self._extract_source(
  File "/usr/local/anaconda3/envs/airflow_env/lib/python3.8/site-packages/dlt/pipeline/pipeline.py", line 1239, in _extract_source
    load_id = extract.extract(
  File "/usr/local/anaconda3/envs/airflow_env/lib/python3.8/site-packages/dlt/extract/extract.py", line 421, in extract
    self._extract_single_source(
  File "/usr/local/anaconda3/envs/airflow_env/lib/python3.8/site-packages/dlt/extract/extract.py", line 337, in _extract_single_source
    with PipeIterator.from_pipes(
  File "/usr/local/anaconda3/envs/airflow_env/lib/python3.8/site-packages/dlt/common/configuration/inject.py", line 247, in _wrap
    return f(*bound_args.args, **bound_args.kwargs)
  File "/usr/local/anaconda3/envs/airflow_env/lib/python3.8/site-packages/dlt/extract/pipe_iterator.py", line 145, in from_pipes
    _fork_pipeline(pipe)
  File "/usr/local/anaconda3/envs/airflow_env/lib/python3.8/site-packages/dlt/extract/pipe_iterator.py", line 137, in _fork_pipeline
    raise PipeGenInvalid(pipe.name, pipe.gen)
dlt.extract.exceptions.PipeGenInvalid: In processing pipe countries: A pipe generator element must be an Iterator (ie. list or generator function). Generator element is typically created from a `data` argument to pipeline.run or extract method. dlt will evaluate functions that were passed as data argument. If you passed a function the returned data type is not iterable.  Generator type is <class 'list'>.

The above exception was the direct cause of the following exception:

Traceback (most recent call last):
  File "/usr/local/anaconda3/envs/airflow_env/lib/python3.8/site-packages/airflow/models/taskinstance.py", line 768, in _execute_task
    result = _execute_callable(context=context, **execute_callable_kwargs)
  File "/usr/local/anaconda3/envs/airflow_env/lib/python3.8/site-packages/airflow/models/taskinstance.py", line 734, in _execute_callable
    return ExecutionCallableRunner(
  File "/usr/local/anaconda3/envs/airflow_env/lib/python3.8/site-packages/airflow/utils/operator_helpers.py", line 252, in run
    return self.func(*args, **kwargs)
  File "/usr/local/anaconda3/envs/airflow_env/lib/python3.8/site-packages/airflow/models/baseoperator.py", line 424, in wrapper
    return func(self, *args, **kwargs)
  File "/usr/local/anaconda3/envs/airflow_env/lib/python3.8/site-packages/airflow/operators/python.py", line 238, in execute
    return_value = self.execute_callable()
  File "/usr/local/anaconda3/envs/airflow_env/lib/python3.8/site-packages/airflow/operators/python.py", line 256, in execute_callable
    return runner.run(*self.op_args, **self.op_kwargs)
  File "/usr/local/anaconda3/envs/airflow_env/lib/python3.8/site-packages/airflow/utils/operator_helpers.py", line 252, in run
    return self.func(*args, **kwargs)
  File "/Users/gabi/codes/climate_trace/climate_data_pipeline/dags/dlt-airflow-dag.py", line 56, in extract_climate_trace_data
    csv_path = run_climate_trace_pipeline(year, CLIMATE_TRACE_DIR)
  File "/Users/gabi/codes/climate_trace/climate_data_pipeline/scripts/dlt_extractor.py", line 207, in run_climate_trace_pipeline
    load_info = pipeline.run(
  File "/usr/local/anaconda3/envs/airflow_env/lib/python3.8/site-packages/dlt/pipeline/pipeline.py", line 226, in _wrap
    step_info = f(self, *args, **kwargs)
  File "/usr/local/anaconda3/envs/airflow_env/lib/python3.8/site-packages/dlt/pipeline/pipeline.py", line 275, in _wrap
    return f(self, *args, **kwargs)
  File "/usr/local/anaconda3/envs/airflow_env/lib/python3.8/site-packages/dlt/pipeline/pipeline.py", line 735, in run
    self.extract(
  File "/usr/local/anaconda3/envs/airflow_env/lib/python3.8/site-packages/dlt/pipeline/pipeline.py", line 226, in _wrap
    step_info = f(self, *args, **kwargs)
  File "/usr/local/anaconda3/envs/airflow_env/lib/python3.8/site-packages/dlt/pipeline/pipeline.py", line 180, in _wrap
    rv = f(self, *args, **kwargs)
  File "/usr/local/anaconda3/envs/airflow_env/lib/python3.8/site-packages/dlt/pipeline/pipeline.py", line 166, in _wrap
    return f(self, *args, **kwargs)
  File "/usr/local/anaconda3/envs/airflow_env/lib/python3.8/site-packages/dlt/pipeline/pipeline.py", line 275, in _wrap
    return f(self, *args, **kwargs)
  File "/usr/local/anaconda3/envs/airflow_env/lib/python3.8/site-packages/dlt/pipeline/pipeline.py", line 492, in extract
    raise PipelineStepFailed(
dlt.pipeline.exceptions.PipelineStepFailed: Pipeline execution failed at stage extract when processing package 1741356706.007387 with exception:

<class 'dlt.extract.exceptions.PipeGenInvalid'>
In processing pipe countries: A pipe generator element must be an Iterator (ie. list or generator function). Generator element is typically created from a `data` argument to pipeline.run or extract method. dlt will evaluate functions that were passed as data argument. If you passed a function the returned data type is not iterable.  Generator type is <class 'list'>.
[2025-03-07T14:11:46.251+0000] {logging_mixin.py:190} INFO - Task instance in failure state
[2025-03-07T14:11:46.251+0000] {logging_mixin.py:190} INFO - Task start:2025-03-07 14:11:45.572950+00:00 end:2025-03-07 14:11:46.250998+00:00 duration:0.678048
[2025-03-07T14:11:46.252+0000] {logging_mixin.py:190} INFO - Task:<Task(PythonOperator): extract_climate_trace_data> dag:<DAG: climate_data_dlt_pipeline> dagrun:<DagRun climate_data_dlt_pipeline @ 2025-03-07 14:06:29.267614+00:00: manual__2025-03-07T14:06:29.267614+00:00, state:running, queued_at: 2025-03-07 14:06:29.279567+00:00. externally triggered: True>
[2025-03-07T14:11:46.252+0000] {logging_mixin.py:190} INFO - Failure caused by Pipeline execution failed at stage extract when processing package 1741356706.007387 with exception:

<class 'dlt.extract.exceptions.PipeGenInvalid'>
In processing pipe countries: A pipe generator element must be an Iterator (ie. list or generator function). Generator element is typically created from a `data` argument to pipeline.run or extract method. dlt will evaluate functions that were passed as data argument. If you passed a function the returned data type is not iterable.  Generator type is <class 'list'>.
[2025-03-07T14:11:46.253+0000] {taskinstance.py:1226} INFO - Marking task as FAILED. dag_id=climate_data_dlt_pipeline, task_id=extract_climate_trace_data, run_id=manual__2025-03-07T14:06:29.267614+00:00, execution_date=20250307T140629, start_date=20250307T141145, end_date=20250307T141146
[2025-03-07T14:11:46.263+0000] {taskinstance.py:341} INFO - ::group::Post task execution logs
[2025-03-07T14:11:46.264+0000] {standard_task_runner.py:124} ERROR - Failed to execute job 22 for task extract_climate_trace_data (Pipeline execution failed at stage extract when processing package 1741356706.007387 with exception:

<class 'dlt.extract.exceptions.PipeGenInvalid'>
In processing pipe countries: A pipe generator element must be an Iterator (ie. list or generator function). Generator element is typically created from a `data` argument to pipeline.run or extract method. dlt will evaluate functions that were passed as data argument. If you passed a function the returned data type is not iterable.  Generator type is <class 'list'>.; 8021)
Traceback (most recent call last):
  File "/usr/local/anaconda3/envs/airflow_env/lib/python3.8/site-packages/dlt/pipeline/pipeline.py", line 471, in extract
    self._extract_source(
  File "/usr/local/anaconda3/envs/airflow_env/lib/python3.8/site-packages/dlt/pipeline/pipeline.py", line 1239, in _extract_source
    load_id = extract.extract(
  File "/usr/local/anaconda3/envs/airflow_env/lib/python3.8/site-packages/dlt/extract/extract.py", line 421, in extract
    self._extract_single_source(
  File "/usr/local/anaconda3/envs/airflow_env/lib/python3.8/site-packages/dlt/extract/extract.py", line 337, in _extract_single_source
    with PipeIterator.from_pipes(
  File "/usr/local/anaconda3/envs/airflow_env/lib/python3.8/site-packages/dlt/common/configuration/inject.py", line 247, in _wrap
    return f(*bound_args.args, **bound_args.kwargs)
  File "/usr/local/anaconda3/envs/airflow_env/lib/python3.8/site-packages/dlt/extract/pipe_iterator.py", line 145, in from_pipes
    _fork_pipeline(pipe)
  File "/usr/local/anaconda3/envs/airflow_env/lib/python3.8/site-packages/dlt/extract/pipe_iterator.py", line 137, in _fork_pipeline
    raise PipeGenInvalid(pipe.name, pipe.gen)
dlt.extract.exceptions.PipeGenInvalid: In processing pipe countries: A pipe generator element must be an Iterator (ie. list or generator function). Generator element is typically created from a `data` argument to pipeline.run or extract method. dlt will evaluate functions that were passed as data argument. If you passed a function the returned data type is not iterable.  Generator type is <class 'list'>.

The above exception was the direct cause of the following exception:

Traceback (most recent call last):
  File "/usr/local/anaconda3/envs/airflow_env/lib/python3.8/site-packages/airflow/task/task_runner/standard_task_runner.py", line 117, in _start_by_fork
    ret = args.func(args, dag=self.dag)
  File "/usr/local/anaconda3/envs/airflow_env/lib/python3.8/site-packages/airflow/cli/cli_config.py", line 49, in command
    return func(*args, **kwargs)
  File "/usr/local/anaconda3/envs/airflow_env/lib/python3.8/site-packages/airflow/utils/cli.py", line 116, in wrapper
    return f(*args, **kwargs)
  File "/usr/local/anaconda3/envs/airflow_env/lib/python3.8/site-packages/airflow/cli/commands/task_command.py", line 483, in task_run
    task_return_code = _run_task_by_selected_method(args, _dag, ti)
  File "/usr/local/anaconda3/envs/airflow_env/lib/python3.8/site-packages/airflow/cli/commands/task_command.py", line 256, in _run_task_by_selected_method
    return _run_raw_task(args, ti)
  File "/usr/local/anaconda3/envs/airflow_env/lib/python3.8/site-packages/airflow/cli/commands/task_command.py", line 341, in _run_raw_task
    return ti._run_raw_task(
  File "/usr/local/anaconda3/envs/airflow_env/lib/python3.8/site-packages/airflow/utils/session.py", line 97, in wrapper
    return func(*args, session=session, **kwargs)
  File "/usr/local/anaconda3/envs/airflow_env/lib/python3.8/site-packages/airflow/models/taskinstance.py", line 3006, in _run_raw_task
    return _run_raw_task(
  File "/usr/local/anaconda3/envs/airflow_env/lib/python3.8/site-packages/airflow/models/taskinstance.py", line 274, in _run_raw_task
    TaskInstance._execute_task_with_callbacks(
  File "/usr/local/anaconda3/envs/airflow_env/lib/python3.8/site-packages/airflow/models/taskinstance.py", line 3161, in _execute_task_with_callbacks
    result = self._execute_task(context, task_orig)
  File "/usr/local/anaconda3/envs/airflow_env/lib/python3.8/site-packages/airflow/models/taskinstance.py", line 3185, in _execute_task
    return _execute_task(self, context, task_orig)
  File "/usr/local/anaconda3/envs/airflow_env/lib/python3.8/site-packages/airflow/models/taskinstance.py", line 768, in _execute_task
    result = _execute_callable(context=context, **execute_callable_kwargs)
  File "/usr/local/anaconda3/envs/airflow_env/lib/python3.8/site-packages/airflow/models/taskinstance.py", line 734, in _execute_callable
    return ExecutionCallableRunner(
  File "/usr/local/anaconda3/envs/airflow_env/lib/python3.8/site-packages/airflow/utils/operator_helpers.py", line 252, in run
    return self.func(*args, **kwargs)
  File "/usr/local/anaconda3/envs/airflow_env/lib/python3.8/site-packages/airflow/models/baseoperator.py", line 424, in wrapper
    return func(self, *args, **kwargs)
  File "/usr/local/anaconda3/envs/airflow_env/lib/python3.8/site-packages/airflow/operators/python.py", line 238, in execute
    return_value = self.execute_callable()
  File "/usr/local/anaconda3/envs/airflow_env/lib/python3.8/site-packages/airflow/operators/python.py", line 256, in execute_callable
    return runner.run(*self.op_args, **self.op_kwargs)
  File "/usr/local/anaconda3/envs/airflow_env/lib/python3.8/site-packages/airflow/utils/operator_helpers.py", line 252, in run
    return self.func(*args, **kwargs)
  File "/Users/gabi/codes/climate_trace/climate_data_pipeline/dags/dlt-airflow-dag.py", line 56, in extract_climate_trace_data
    csv_path = run_climate_trace_pipeline(year, CLIMATE_TRACE_DIR)
  File "/Users/gabi/codes/climate_trace/climate_data_pipeline/scripts/dlt_extractor.py", line 207, in run_climate_trace_pipeline
    load_info = pipeline.run(
  File "/usr/local/anaconda3/envs/airflow_env/lib/python3.8/site-packages/dlt/pipeline/pipeline.py", line 226, in _wrap
    step_info = f(self, *args, **kwargs)
  File "/usr/local/anaconda3/envs/airflow_env/lib/python3.8/site-packages/dlt/pipeline/pipeline.py", line 275, in _wrap
    return f(self, *args, **kwargs)
  File "/usr/local/anaconda3/envs/airflow_env/lib/python3.8/site-packages/dlt/pipeline/pipeline.py", line 735, in run
    self.extract(
  File "/usr/local/anaconda3/envs/airflow_env/lib/python3.8/site-packages/dlt/pipeline/pipeline.py", line 226, in _wrap
    step_info = f(self, *args, **kwargs)
  File "/usr/local/anaconda3/envs/airflow_env/lib/python3.8/site-packages/dlt/pipeline/pipeline.py", line 180, in _wrap
    rv = f(self, *args, **kwargs)
  File "/usr/local/anaconda3/envs/airflow_env/lib/python3.8/site-packages/dlt/pipeline/pipeline.py", line 166, in _wrap
    return f(self, *args, **kwargs)
  File "/usr/local/anaconda3/envs/airflow_env/lib/python3.8/site-packages/dlt/pipeline/pipeline.py", line 275, in _wrap
    return f(self, *args, **kwargs)
  File "/usr/local/anaconda3/envs/airflow_env/lib/python3.8/site-packages/dlt/pipeline/pipeline.py", line 492, in extract
    raise PipelineStepFailed(
dlt.pipeline.exceptions.PipelineStepFailed: Pipeline execution failed at stage extract when processing package 1741356706.007387 with exception:

<class 'dlt.extract.exceptions.PipeGenInvalid'>
In processing pipe countries: A pipe generator element must be an Iterator (ie. list or generator function). Generator element is typically created from a `data` argument to pipeline.run or extract method. dlt will evaluate functions that were passed as data argument. If you passed a function the returned data type is not iterable.  Generator type is <class 'list'>.
[2025-03-07T14:11:46.280+0000] {local_task_job_runner.py:266} INFO - Task exited with return code 1
[2025-03-07T14:11:46.289+0000] {taskinstance.py:3901} INFO - 0 downstream tasks scheduled from follow-on schedule check
[2025-03-07T14:11:46.290+0000] {local_task_job_runner.py:245} INFO - ::endgroup::
