[2025-03-07T14:10:28.245+0100] {processor.py:186} INFO - Started process (PID=2571) to work on /Users/gabi/codes/climate_trace/climate_data_pipeline/dags/climate-data-dag.py
[2025-03-07T14:10:28.249+0100] {processor.py:914} INFO - Processing file /Users/gabi/codes/climate_trace/climate_data_pipeline/dags/climate-data-dag.py for tasks to queue
[2025-03-07T14:10:28.250+0100] {logging_mixin.py:190} INFO - [2025-03-07T14:10:28.249+0100] {dagbag.py:588} INFO - Filling up the DagBag from /Users/gabi/codes/climate_trace/climate_data_pipeline/dags/climate-data-dag.py
[2025-03-07T14:10:29.163+0100] {processor.py:925} INFO - DAG(s) 'climate_data_pipeline' retrieved from /Users/gabi/codes/climate_trace/climate_data_pipeline/dags/climate-data-dag.py
[2025-03-07T14:10:29.167+0100] {logging_mixin.py:190} INFO - [2025-03-07T14:10:29.167+0100] {dag.py:3239} INFO - Sync 1 DAGs
[2025-03-07T14:10:29.240+0100] {logging_mixin.py:190} INFO - [2025-03-07T14:10:29.240+0100] {dag.py:4180} INFO - Setting next_dagrun for climate_data_pipeline to 2025-03-06T00:00:00+00:00, run_after=2025-03-07T00:00:00+00:00
[2025-03-07T14:10:29.253+0100] {processor.py:208} INFO - Processing /Users/gabi/codes/climate_trace/climate_data_pipeline/dags/climate-data-dag.py took 1.011 seconds
[2025-03-07T14:13:19.102+0100] {processor.py:186} INFO - Started process (PID=2919) to work on /Users/gabi/codes/climate_trace/climate_data_pipeline/dags/climate-data-dag.py
[2025-03-07T14:13:19.105+0100] {processor.py:914} INFO - Processing file /Users/gabi/codes/climate_trace/climate_data_pipeline/dags/climate-data-dag.py for tasks to queue
[2025-03-07T14:13:19.106+0100] {logging_mixin.py:190} INFO - [2025-03-07T14:13:19.106+0100] {dagbag.py:588} INFO - Filling up the DagBag from /Users/gabi/codes/climate_trace/climate_data_pipeline/dags/climate-data-dag.py
[2025-03-07T14:13:20.007+0100] {processor.py:925} INFO - DAG(s) 'climate_data_pipeline' retrieved from /Users/gabi/codes/climate_trace/climate_data_pipeline/dags/climate-data-dag.py
[2025-03-07T14:13:20.132+0100] {logging_mixin.py:190} INFO - [2025-03-07T14:13:20.132+0100] {dag.py:3239} INFO - Sync 1 DAGs
[2025-03-07T14:13:20.143+0100] {logging_mixin.py:190} INFO - [2025-03-07T14:13:20.143+0100] {dag.py:4180} INFO - Setting next_dagrun for climate_data_pipeline to 2025-03-06T00:00:00+00:00, run_after=2025-03-07T00:00:00+00:00
[2025-03-07T14:13:20.155+0100] {processor.py:208} INFO - Processing /Users/gabi/codes/climate_trace/climate_data_pipeline/dags/climate-data-dag.py took 1.056 seconds
[2025-03-07T14:16:08.447+0100] {processor.py:186} INFO - Started process (PID=3194) to work on /Users/gabi/codes/climate_trace/climate_data_pipeline/dags/climate-data-dag.py
[2025-03-07T14:16:08.450+0100] {processor.py:914} INFO - Processing file /Users/gabi/codes/climate_trace/climate_data_pipeline/dags/climate-data-dag.py for tasks to queue
[2025-03-07T14:16:08.451+0100] {logging_mixin.py:190} INFO - [2025-03-07T14:16:08.451+0100] {dagbag.py:588} INFO - Filling up the DagBag from /Users/gabi/codes/climate_trace/climate_data_pipeline/dags/climate-data-dag.py
[2025-03-07T14:16:09.341+0100] {processor.py:925} INFO - DAG(s) 'climate_data_pipeline' retrieved from /Users/gabi/codes/climate_trace/climate_data_pipeline/dags/climate-data-dag.py
[2025-03-07T14:16:09.345+0100] {logging_mixin.py:190} INFO - [2025-03-07T14:16:09.345+0100] {dag.py:3239} INFO - Sync 1 DAGs
[2025-03-07T14:16:09.415+0100] {logging_mixin.py:190} INFO - [2025-03-07T14:16:09.415+0100] {dag.py:4180} INFO - Setting next_dagrun for climate_data_pipeline to 2025-03-07T00:00:00+00:00, run_after=2025-03-08T00:00:00+00:00
[2025-03-07T14:16:09.426+0100] {processor.py:208} INFO - Processing /Users/gabi/codes/climate_trace/climate_data_pipeline/dags/climate-data-dag.py took 0.982 seconds
[2025-03-07T14:18:22.455+0100] {processor.py:186} INFO - Started process (PID=3443) to work on /Users/gabi/codes/climate_trace/climate_data_pipeline/dags/climate-data-dag.py
[2025-03-07T14:18:22.458+0100] {processor.py:914} INFO - Processing file /Users/gabi/codes/climate_trace/climate_data_pipeline/dags/climate-data-dag.py for tasks to queue
[2025-03-07T14:18:22.459+0100] {logging_mixin.py:190} INFO - [2025-03-07T14:18:22.459+0100] {dagbag.py:588} INFO - Filling up the DagBag from /Users/gabi/codes/climate_trace/climate_data_pipeline/dags/climate-data-dag.py
[2025-03-07T14:18:23.326+0100] {processor.py:925} INFO - DAG(s) 'climate_data_pipeline' retrieved from /Users/gabi/codes/climate_trace/climate_data_pipeline/dags/climate-data-dag.py
[2025-03-07T14:18:23.444+0100] {logging_mixin.py:190} INFO - [2025-03-07T14:18:23.444+0100] {dag.py:3239} INFO - Sync 1 DAGs
[2025-03-07T14:18:23.455+0100] {logging_mixin.py:190} INFO - [2025-03-07T14:18:23.455+0100] {dag.py:4180} INFO - Setting next_dagrun for climate_data_pipeline to 2025-03-07T00:00:00+00:00, run_after=2025-03-08T00:00:00+00:00
[2025-03-07T14:18:23.466+0100] {processor.py:208} INFO - Processing /Users/gabi/codes/climate_trace/climate_data_pipeline/dags/climate-data-dag.py took 1.014 seconds
[2025-03-07T14:20:37.372+0100] {processor.py:186} INFO - Started process (PID=3744) to work on /Users/gabi/codes/climate_trace/climate_data_pipeline/dags/climate-data-dag.py
[2025-03-07T14:20:37.376+0100] {processor.py:914} INFO - Processing file /Users/gabi/codes/climate_trace/climate_data_pipeline/dags/climate-data-dag.py for tasks to queue
[2025-03-07T14:20:37.377+0100] {logging_mixin.py:190} INFO - [2025-03-07T14:20:37.377+0100] {dagbag.py:588} INFO - Filling up the DagBag from /Users/gabi/codes/climate_trace/climate_data_pipeline/dags/climate-data-dag.py
[2025-03-07T14:20:38.243+0100] {processor.py:925} INFO - DAG(s) 'climate_data_pipeline' retrieved from /Users/gabi/codes/climate_trace/climate_data_pipeline/dags/climate-data-dag.py
[2025-03-07T14:20:38.247+0100] {logging_mixin.py:190} INFO - [2025-03-07T14:20:38.247+0100] {dag.py:3239} INFO - Sync 1 DAGs
[2025-03-07T14:20:38.314+0100] {logging_mixin.py:190} INFO - [2025-03-07T14:20:38.314+0100] {dag.py:4180} INFO - Setting next_dagrun for climate_data_pipeline to 2025-03-07T00:00:00+00:00, run_after=2025-03-08T00:00:00+00:00
[2025-03-07T14:20:38.326+0100] {processor.py:208} INFO - Processing /Users/gabi/codes/climate_trace/climate_data_pipeline/dags/climate-data-dag.py took 0.956 seconds
[2025-03-07T14:22:49.414+0100] {processor.py:186} INFO - Started process (PID=3968) to work on /Users/gabi/codes/climate_trace/climate_data_pipeline/dags/climate-data-dag.py
[2025-03-07T14:22:49.417+0100] {processor.py:914} INFO - Processing file /Users/gabi/codes/climate_trace/climate_data_pipeline/dags/climate-data-dag.py for tasks to queue
[2025-03-07T14:22:49.418+0100] {logging_mixin.py:190} INFO - [2025-03-07T14:22:49.418+0100] {dagbag.py:588} INFO - Filling up the DagBag from /Users/gabi/codes/climate_trace/climate_data_pipeline/dags/climate-data-dag.py
[2025-03-07T14:22:50.300+0100] {logging_mixin.py:190} INFO - [2025-03-07T14:22:50.299+0100] {dagbag.py:387} ERROR - Failed to import: /Users/gabi/codes/climate_trace/climate_data_pipeline/dags/climate-data-dag.py
Traceback (most recent call last):
  File "/usr/local/anaconda3/envs/airflow_env/lib/python3.8/site-packages/airflow/models/dagbag.py", line 383, in parse
    loader.exec_module(new_module)
  File "<frozen importlib._bootstrap_external>", line 843, in exec_module
  File "<frozen importlib._bootstrap>", line 219, in _call_with_frames_removed
  File "/Users/gabi/codes/climate_trace/climate_data_pipeline/dags/climate-data-dag.py", line 11, in <module>
    from dlt_extract import run_world_bank_pipeline, run_climate_trace_pipeline
  File "/Users/gabi/codes/climate_trace/climate_data_pipeline/scripts/dlt_extract.py", line 1, in <module>
    import dlt
ModuleNotFoundError: No module named 'dlt'
[2025-03-07T14:22:50.300+0100] {processor.py:927} WARNING - No viable dags retrieved from /Users/gabi/codes/climate_trace/climate_data_pipeline/dags/climate-data-dag.py
[2025-03-07T14:22:50.378+0100] {processor.py:208} INFO - Processing /Users/gabi/codes/climate_trace/climate_data_pipeline/dags/climate-data-dag.py took 0.967 seconds
[2025-03-07T14:25:12.082+0100] {processor.py:186} INFO - Started process (PID=4191) to work on /Users/gabi/codes/climate_trace/climate_data_pipeline/dags/climate-data-dag.py
[2025-03-07T14:25:12.085+0100] {processor.py:914} INFO - Processing file /Users/gabi/codes/climate_trace/climate_data_pipeline/dags/climate-data-dag.py for tasks to queue
[2025-03-07T14:25:12.085+0100] {logging_mixin.py:190} INFO - [2025-03-07T14:25:12.085+0100] {dagbag.py:588} INFO - Filling up the DagBag from /Users/gabi/codes/climate_trace/climate_data_pipeline/dags/climate-data-dag.py
[2025-03-07T14:25:12.971+0100] {logging_mixin.py:190} INFO - [2025-03-07T14:25:12.970+0100] {dagbag.py:387} ERROR - Failed to import: /Users/gabi/codes/climate_trace/climate_data_pipeline/dags/climate-data-dag.py
Traceback (most recent call last):
  File "/usr/local/anaconda3/envs/airflow_env/lib/python3.8/site-packages/airflow/models/dagbag.py", line 383, in parse
    loader.exec_module(new_module)
  File "<frozen importlib._bootstrap_external>", line 843, in exec_module
  File "<frozen importlib._bootstrap>", line 219, in _call_with_frames_removed
  File "/Users/gabi/codes/climate_trace/climate_data_pipeline/dags/climate-data-dag.py", line 11, in <module>
    from dlt_extract import run_world_bank_pipeline, run_climate_trace_pipeline
  File "/Users/gabi/codes/climate_trace/climate_data_pipeline/scripts/dlt_extract.py", line 1, in <module>
    import dlt
ModuleNotFoundError: No module named 'dlt'
[2025-03-07T14:25:12.971+0100] {processor.py:927} WARNING - No viable dags retrieved from /Users/gabi/codes/climate_trace/climate_data_pipeline/dags/climate-data-dag.py
[2025-03-07T14:25:13.054+0100] {processor.py:208} INFO - Processing /Users/gabi/codes/climate_trace/climate_data_pipeline/dags/climate-data-dag.py took 0.975 seconds
[2025-03-07T14:26:34.626+0100] {processor.py:186} INFO - Started process (PID=4326) to work on /Users/gabi/codes/climate_trace/climate_data_pipeline/dags/climate-data-dag.py
[2025-03-07T14:26:34.629+0100] {processor.py:914} INFO - Processing file /Users/gabi/codes/climate_trace/climate_data_pipeline/dags/climate-data-dag.py for tasks to queue
[2025-03-07T14:26:34.630+0100] {logging_mixin.py:190} INFO - [2025-03-07T14:26:34.630+0100] {dagbag.py:588} INFO - Filling up the DagBag from /Users/gabi/codes/climate_trace/climate_data_pipeline/dags/climate-data-dag.py
[2025-03-07T14:26:35.549+0100] {logging_mixin.py:190} INFO - [2025-03-07T14:26:35.548+0100] {dagbag.py:387} ERROR - Failed to import: /Users/gabi/codes/climate_trace/climate_data_pipeline/dags/climate-data-dag.py
Traceback (most recent call last):
  File "/usr/local/anaconda3/envs/airflow_env/lib/python3.8/site-packages/airflow/models/dagbag.py", line 383, in parse
    loader.exec_module(new_module)
  File "<frozen importlib._bootstrap_external>", line 843, in exec_module
  File "<frozen importlib._bootstrap>", line 219, in _call_with_frames_removed
  File "/Users/gabi/codes/climate_trace/climate_data_pipeline/dags/climate-data-dag.py", line 11, in <module>
    from dlt_extract import run_world_bank_pipeline, run_climate_trace_pipeline
  File "/Users/gabi/codes/climate_trace/climate_data_pipeline/scripts/dlt_extract.py", line 1, in <module>
    import dlt
ModuleNotFoundError: No module named 'dlt'
[2025-03-07T14:26:35.550+0100] {processor.py:927} WARNING - No viable dags retrieved from /Users/gabi/codes/climate_trace/climate_data_pipeline/dags/climate-data-dag.py
[2025-03-07T14:26:35.635+0100] {processor.py:208} INFO - Processing /Users/gabi/codes/climate_trace/climate_data_pipeline/dags/climate-data-dag.py took 1.012 seconds
[2025-03-07T14:43:18.519+0100] {processor.py:186} INFO - Started process (PID=4835) to work on /Users/gabi/codes/climate_trace/climate_data_pipeline/dags/climate-data-dag.py
[2025-03-07T14:43:18.522+0100] {processor.py:914} INFO - Processing file /Users/gabi/codes/climate_trace/climate_data_pipeline/dags/climate-data-dag.py for tasks to queue
[2025-03-07T14:43:18.523+0100] {logging_mixin.py:190} INFO - [2025-03-07T14:43:18.523+0100] {dagbag.py:588} INFO - Filling up the DagBag from /Users/gabi/codes/climate_trace/climate_data_pipeline/dags/climate-data-dag.py
[2025-03-07T13:43:20.047+0000] {processor.py:925} INFO - DAG(s) 'climate_data_pipeline' retrieved from /Users/gabi/codes/climate_trace/climate_data_pipeline/dags/climate-data-dag.py
[2025-03-07T13:43:20.221+0000] {logging_mixin.py:190} INFO - [2025-03-07T13:43:20.221+0000] {dag.py:3239} INFO - Sync 1 DAGs
[2025-03-07T13:43:20.233+0000] {logging_mixin.py:190} INFO - [2025-03-07T13:43:20.232+0000] {dag.py:4180} INFO - Setting next_dagrun for climate_data_pipeline to 2025-03-07T00:00:00+00:00, run_after=2025-03-08T00:00:00+00:00
[2025-03-07T13:43:20.248+0000] {processor.py:208} INFO - Processing /Users/gabi/codes/climate_trace/climate_data_pipeline/dags/climate-data-dag.py took 1.733 seconds
[2025-03-07T14:46:05.866+0100] {processor.py:186} INFO - Started process (PID=5064) to work on /Users/gabi/codes/climate_trace/climate_data_pipeline/dags/climate-data-dag.py
[2025-03-07T14:46:05.869+0100] {processor.py:914} INFO - Processing file /Users/gabi/codes/climate_trace/climate_data_pipeline/dags/climate-data-dag.py for tasks to queue
[2025-03-07T14:46:05.870+0100] {logging_mixin.py:190} INFO - [2025-03-07T14:46:05.870+0100] {dagbag.py:588} INFO - Filling up the DagBag from /Users/gabi/codes/climate_trace/climate_data_pipeline/dags/climate-data-dag.py
[2025-03-07T13:46:07.409+0000] {processor.py:925} INFO - DAG(s) 'climate_data_pipeline' retrieved from /Users/gabi/codes/climate_trace/climate_data_pipeline/dags/climate-data-dag.py
[2025-03-07T13:46:07.544+0000] {logging_mixin.py:190} INFO - [2025-03-07T13:46:07.544+0000] {dag.py:3239} INFO - Sync 1 DAGs
[2025-03-07T13:46:07.591+0000] {logging_mixin.py:190} INFO - [2025-03-07T13:46:07.591+0000] {dag.py:4180} INFO - Setting next_dagrun for climate_data_pipeline to 2025-03-07T00:00:00+00:00, run_after=2025-03-08T00:00:00+00:00
[2025-03-07T13:46:07.618+0000] {processor.py:208} INFO - Processing /Users/gabi/codes/climate_trace/climate_data_pipeline/dags/climate-data-dag.py took 1.754 seconds
[2025-03-07T14:48:25.693+0100] {processor.py:186} INFO - Started process (PID=5327) to work on /Users/gabi/codes/climate_trace/climate_data_pipeline/dags/climate-data-dag.py
[2025-03-07T14:48:25.697+0100] {processor.py:914} INFO - Processing file /Users/gabi/codes/climate_trace/climate_data_pipeline/dags/climate-data-dag.py for tasks to queue
[2025-03-07T14:48:25.697+0100] {logging_mixin.py:190} INFO - [2025-03-07T14:48:25.697+0100] {dagbag.py:588} INFO - Filling up the DagBag from /Users/gabi/codes/climate_trace/climate_data_pipeline/dags/climate-data-dag.py
[2025-03-07T13:48:27.136+0000] {processor.py:925} INFO - DAG(s) 'climate_data_pipeline' retrieved from /Users/gabi/codes/climate_trace/climate_data_pipeline/dags/climate-data-dag.py
[2025-03-07T13:48:27.248+0000] {logging_mixin.py:190} INFO - [2025-03-07T13:48:27.247+0000] {dag.py:3239} INFO - Sync 1 DAGs
[2025-03-07T13:48:27.259+0000] {logging_mixin.py:190} INFO - [2025-03-07T13:48:27.259+0000] {dag.py:4180} INFO - Setting next_dagrun for climate_data_pipeline to 2025-03-07T00:00:00+00:00, run_after=2025-03-08T00:00:00+00:00
[2025-03-07T13:48:27.270+0000] {processor.py:208} INFO - Processing /Users/gabi/codes/climate_trace/climate_data_pipeline/dags/climate-data-dag.py took 1.580 seconds
[2025-03-07T14:49:12.593+0100] {processor.py:186} INFO - Started process (PID=5452) to work on /Users/gabi/codes/climate_trace/climate_data_pipeline/dags/climate-data-dag.py
[2025-03-07T14:49:12.596+0100] {processor.py:914} INFO - Processing file /Users/gabi/codes/climate_trace/climate_data_pipeline/dags/climate-data-dag.py for tasks to queue
[2025-03-07T14:49:12.597+0100] {logging_mixin.py:190} INFO - [2025-03-07T14:49:12.597+0100] {dagbag.py:588} INFO - Filling up the DagBag from /Users/gabi/codes/climate_trace/climate_data_pipeline/dags/climate-data-dag.py
[2025-03-07T13:49:14.014+0000] {processor.py:925} INFO - DAG(s) 'climate_data_pipeline' retrieved from /Users/gabi/codes/climate_trace/climate_data_pipeline/dags/climate-data-dag.py
[2025-03-07T13:49:14.134+0000] {logging_mixin.py:190} INFO - [2025-03-07T13:49:14.133+0000] {dag.py:3239} INFO - Sync 1 DAGs
[2025-03-07T13:49:14.147+0000] {logging_mixin.py:190} INFO - [2025-03-07T13:49:14.146+0000] {dag.py:4180} INFO - Setting next_dagrun for climate_data_pipeline to 2025-03-07T00:00:00+00:00, run_after=2025-03-08T00:00:00+00:00
[2025-03-07T13:49:14.159+0000] {processor.py:208} INFO - Processing /Users/gabi/codes/climate_trace/climate_data_pipeline/dags/climate-data-dag.py took 1.569 seconds
[2025-03-07T14:51:44.983+0100] {processor.py:186} INFO - Started process (PID=5795) to work on /Users/gabi/codes/climate_trace/climate_data_pipeline/dags/climate-data-dag.py
[2025-03-07T14:51:44.986+0100] {processor.py:914} INFO - Processing file /Users/gabi/codes/climate_trace/climate_data_pipeline/dags/climate-data-dag.py for tasks to queue
[2025-03-07T14:51:44.987+0100] {logging_mixin.py:190} INFO - [2025-03-07T14:51:44.987+0100] {dagbag.py:588} INFO - Filling up the DagBag from /Users/gabi/codes/climate_trace/climate_data_pipeline/dags/climate-data-dag.py
[2025-03-07T14:51:45.855+0100] {logging_mixin.py:190} INFO - [2025-03-07T14:51:45.855+0100] {dagbag.py:387} ERROR - Failed to import: /Users/gabi/codes/climate_trace/climate_data_pipeline/dags/climate-data-dag.py
Traceback (most recent call last):
  File "/usr/local/anaconda3/envs/airflow_env/lib/python3.8/site-packages/airflow/models/dagbag.py", line 383, in parse
    loader.exec_module(new_module)
  File "<frozen importlib._bootstrap_external>", line 843, in exec_module
  File "<frozen importlib._bootstrap>", line 219, in _call_with_frames_removed
  File "/Users/gabi/codes/climate_trace/climate_data_pipeline/dags/climate-data-dag.py", line 11, in <module>
    from dlt_extract import run_world_bank_pipeline, run_climate_trace_pipeline
ModuleNotFoundError: No module named 'dlt_extract'
[2025-03-07T14:51:45.856+0100] {processor.py:927} WARNING - No viable dags retrieved from /Users/gabi/codes/climate_trace/climate_data_pipeline/dags/climate-data-dag.py
[2025-03-07T14:51:45.933+0100] {processor.py:208} INFO - Processing /Users/gabi/codes/climate_trace/climate_data_pipeline/dags/climate-data-dag.py took 0.953 seconds
[2025-03-07T14:52:37.820+0100] {processor.py:186} INFO - Started process (PID=5916) to work on /Users/gabi/codes/climate_trace/climate_data_pipeline/dags/climate-data-dag.py
[2025-03-07T14:52:37.823+0100] {processor.py:914} INFO - Processing file /Users/gabi/codes/climate_trace/climate_data_pipeline/dags/climate-data-dag.py for tasks to queue
[2025-03-07T14:52:37.824+0100] {logging_mixin.py:190} INFO - [2025-03-07T14:52:37.824+0100] {dagbag.py:588} INFO - Filling up the DagBag from /Users/gabi/codes/climate_trace/climate_data_pipeline/dags/climate-data-dag.py
[2025-03-07T13:52:39.236+0000] {processor.py:925} INFO - DAG(s) 'climate_data_pipeline' retrieved from /Users/gabi/codes/climate_trace/climate_data_pipeline/dags/climate-data-dag.py
[2025-03-07T13:52:39.350+0000] {logging_mixin.py:190} INFO - [2025-03-07T13:52:39.350+0000] {dag.py:3239} INFO - Sync 1 DAGs
[2025-03-07T13:52:39.362+0000] {logging_mixin.py:190} INFO - [2025-03-07T13:52:39.362+0000] {dag.py:4180} INFO - Setting next_dagrun for climate_data_pipeline to 2025-03-07T00:00:00+00:00, run_after=2025-03-08T00:00:00+00:00
[2025-03-07T13:52:39.375+0000] {processor.py:208} INFO - Processing /Users/gabi/codes/climate_trace/climate_data_pipeline/dags/climate-data-dag.py took 1.558 seconds
[2025-03-07T14:55:25.385+0100] {processor.py:186} INFO - Started process (PID=6226) to work on /Users/gabi/codes/climate_trace/climate_data_pipeline/dags/climate-data-dag.py
[2025-03-07T14:55:25.388+0100] {processor.py:914} INFO - Processing file /Users/gabi/codes/climate_trace/climate_data_pipeline/dags/climate-data-dag.py for tasks to queue
[2025-03-07T14:55:25.389+0100] {logging_mixin.py:190} INFO - [2025-03-07T14:55:25.389+0100] {dagbag.py:588} INFO - Filling up the DagBag from /Users/gabi/codes/climate_trace/climate_data_pipeline/dags/climate-data-dag.py
[2025-03-07T13:55:26.829+0000] {processor.py:925} INFO - DAG(s) 'climate_data_pipeline' retrieved from /Users/gabi/codes/climate_trace/climate_data_pipeline/dags/climate-data-dag.py
[2025-03-07T13:55:26.991+0000] {logging_mixin.py:190} INFO - [2025-03-07T13:55:26.990+0000] {dag.py:3239} INFO - Sync 1 DAGs
[2025-03-07T13:55:27.002+0000] {logging_mixin.py:190} INFO - [2025-03-07T13:55:27.001+0000] {dag.py:4180} INFO - Setting next_dagrun for climate_data_pipeline to 2025-03-07T00:00:00+00:00, run_after=2025-03-08T00:00:00+00:00
[2025-03-07T13:55:27.015+0000] {processor.py:208} INFO - Processing /Users/gabi/codes/climate_trace/climate_data_pipeline/dags/climate-data-dag.py took 1.633 seconds
[2025-03-07T14:57:37.657+0100] {processor.py:186} INFO - Started process (PID=6495) to work on /Users/gabi/codes/climate_trace/climate_data_pipeline/dags/climate-data-dag.py
[2025-03-07T14:57:37.660+0100] {processor.py:914} INFO - Processing file /Users/gabi/codes/climate_trace/climate_data_pipeline/dags/climate-data-dag.py for tasks to queue
[2025-03-07T14:57:37.661+0100] {logging_mixin.py:190} INFO - [2025-03-07T14:57:37.661+0100] {dagbag.py:588} INFO - Filling up the DagBag from /Users/gabi/codes/climate_trace/climate_data_pipeline/dags/climate-data-dag.py
[2025-03-07T13:57:39.061+0000] {processor.py:925} INFO - DAG(s) 'climate_data_pipeline' retrieved from /Users/gabi/codes/climate_trace/climate_data_pipeline/dags/climate-data-dag.py
[2025-03-07T13:57:39.170+0000] {logging_mixin.py:190} INFO - [2025-03-07T13:57:39.170+0000] {dag.py:3239} INFO - Sync 1 DAGs
[2025-03-07T13:57:39.182+0000] {logging_mixin.py:190} INFO - [2025-03-07T13:57:39.181+0000] {dag.py:4180} INFO - Setting next_dagrun for climate_data_pipeline to 2025-03-07T00:00:00+00:00, run_after=2025-03-08T00:00:00+00:00
[2025-03-07T13:57:39.193+0000] {processor.py:208} INFO - Processing /Users/gabi/codes/climate_trace/climate_data_pipeline/dags/climate-data-dag.py took 1.539 seconds
[2025-03-07T14:59:47.011+0100] {processor.py:186} INFO - Started process (PID=6777) to work on /Users/gabi/codes/climate_trace/climate_data_pipeline/dags/climate-data-dag.py
[2025-03-07T14:59:47.014+0100] {processor.py:914} INFO - Processing file /Users/gabi/codes/climate_trace/climate_data_pipeline/dags/climate-data-dag.py for tasks to queue
[2025-03-07T14:59:47.015+0100] {logging_mixin.py:190} INFO - [2025-03-07T14:59:47.015+0100] {dagbag.py:588} INFO - Filling up the DagBag from /Users/gabi/codes/climate_trace/climate_data_pipeline/dags/climate-data-dag.py
[2025-03-07T13:59:48.446+0000] {processor.py:925} INFO - DAG(s) 'climate_data_pipeline' retrieved from /Users/gabi/codes/climate_trace/climate_data_pipeline/dags/climate-data-dag.py
[2025-03-07T13:59:48.559+0000] {logging_mixin.py:190} INFO - [2025-03-07T13:59:48.559+0000] {dag.py:3239} INFO - Sync 1 DAGs
[2025-03-07T13:59:48.571+0000] {logging_mixin.py:190} INFO - [2025-03-07T13:59:48.571+0000] {dag.py:4180} INFO - Setting next_dagrun for climate_data_pipeline to 2025-03-07T00:00:00+00:00, run_after=2025-03-08T00:00:00+00:00
[2025-03-07T13:59:48.582+0000] {processor.py:208} INFO - Processing /Users/gabi/codes/climate_trace/climate_data_pipeline/dags/climate-data-dag.py took 1.574 seconds
[2025-03-07T15:02:17.691+0100] {processor.py:186} INFO - Started process (PID=7043) to work on /Users/gabi/codes/climate_trace/climate_data_pipeline/dags/climate-data-dag.py
[2025-03-07T15:02:17.695+0100] {processor.py:914} INFO - Processing file /Users/gabi/codes/climate_trace/climate_data_pipeline/dags/climate-data-dag.py for tasks to queue
[2025-03-07T15:02:17.695+0100] {logging_mixin.py:190} INFO - [2025-03-07T15:02:17.695+0100] {dagbag.py:588} INFO - Filling up the DagBag from /Users/gabi/codes/climate_trace/climate_data_pipeline/dags/climate-data-dag.py
[2025-03-07T14:02:19.170+0000] {processor.py:925} INFO - DAG(s) 'climate_data_pipeline' retrieved from /Users/gabi/codes/climate_trace/climate_data_pipeline/dags/climate-data-dag.py
[2025-03-07T14:02:19.286+0000] {logging_mixin.py:190} INFO - [2025-03-07T14:02:19.286+0000] {dag.py:3239} INFO - Sync 1 DAGs
[2025-03-07T14:02:19.297+0000] {logging_mixin.py:190} INFO - [2025-03-07T14:02:19.297+0000] {dag.py:4180} INFO - Setting next_dagrun for climate_data_pipeline to 2025-03-07T00:00:00+00:00, run_after=2025-03-08T00:00:00+00:00
[2025-03-07T14:02:19.309+0000] {processor.py:208} INFO - Processing /Users/gabi/codes/climate_trace/climate_data_pipeline/dags/climate-data-dag.py took 1.621 seconds
[2025-03-07T15:04:39.718+0100] {processor.py:186} INFO - Started process (PID=7250) to work on /Users/gabi/codes/climate_trace/climate_data_pipeline/dags/climate-data-dag.py
[2025-03-07T15:04:39.721+0100] {processor.py:914} INFO - Processing file /Users/gabi/codes/climate_trace/climate_data_pipeline/dags/climate-data-dag.py for tasks to queue
[2025-03-07T15:04:39.722+0100] {logging_mixin.py:190} INFO - [2025-03-07T15:04:39.722+0100] {dagbag.py:588} INFO - Filling up the DagBag from /Users/gabi/codes/climate_trace/climate_data_pipeline/dags/climate-data-dag.py
[2025-03-07T14:04:41.175+0000] {processor.py:925} INFO - DAG(s) 'climate_data_pipeline' retrieved from /Users/gabi/codes/climate_trace/climate_data_pipeline/dags/climate-data-dag.py
[2025-03-07T14:04:41.293+0000] {logging_mixin.py:190} INFO - [2025-03-07T14:04:41.293+0000] {dag.py:3239} INFO - Sync 1 DAGs
[2025-03-07T14:04:41.304+0000] {logging_mixin.py:190} INFO - [2025-03-07T14:04:41.304+0000] {dag.py:4180} INFO - Setting next_dagrun for climate_data_pipeline to 2025-03-07T00:00:00+00:00, run_after=2025-03-08T00:00:00+00:00
[2025-03-07T14:04:41.316+0000] {processor.py:208} INFO - Processing /Users/gabi/codes/climate_trace/climate_data_pipeline/dags/climate-data-dag.py took 1.601 seconds
[2025-03-07T15:07:02.920+0100] {processor.py:186} INFO - Started process (PID=7542) to work on /Users/gabi/codes/climate_trace/climate_data_pipeline/dags/climate-data-dag.py
[2025-03-07T15:07:02.923+0100] {processor.py:914} INFO - Processing file /Users/gabi/codes/climate_trace/climate_data_pipeline/dags/climate-data-dag.py for tasks to queue
[2025-03-07T15:07:02.924+0100] {logging_mixin.py:190} INFO - [2025-03-07T15:07:02.924+0100] {dagbag.py:588} INFO - Filling up the DagBag from /Users/gabi/codes/climate_trace/climate_data_pipeline/dags/climate-data-dag.py
[2025-03-07T14:07:04.381+0000] {processor.py:925} INFO - DAG(s) 'climate_data_pipeline' retrieved from /Users/gabi/codes/climate_trace/climate_data_pipeline/dags/climate-data-dag.py
[2025-03-07T14:07:04.496+0000] {logging_mixin.py:190} INFO - [2025-03-07T14:07:04.496+0000] {dag.py:3239} INFO - Sync 1 DAGs
[2025-03-07T14:07:04.507+0000] {logging_mixin.py:190} INFO - [2025-03-07T14:07:04.507+0000] {dag.py:4180} INFO - Setting next_dagrun for climate_data_pipeline to 2025-03-07T00:00:00+00:00, run_after=2025-03-08T00:00:00+00:00
[2025-03-07T14:07:04.519+0000] {processor.py:208} INFO - Processing /Users/gabi/codes/climate_trace/climate_data_pipeline/dags/climate-data-dag.py took 1.602 seconds
[2025-03-07T15:09:29.740+0100] {processor.py:186} INFO - Started process (PID=7793) to work on /Users/gabi/codes/climate_trace/climate_data_pipeline/dags/climate-data-dag.py
[2025-03-07T15:09:29.744+0100] {processor.py:914} INFO - Processing file /Users/gabi/codes/climate_trace/climate_data_pipeline/dags/climate-data-dag.py for tasks to queue
[2025-03-07T15:09:29.745+0100] {logging_mixin.py:190} INFO - [2025-03-07T15:09:29.745+0100] {dagbag.py:588} INFO - Filling up the DagBag from /Users/gabi/codes/climate_trace/climate_data_pipeline/dags/climate-data-dag.py
[2025-03-07T14:09:31.226+0000] {processor.py:925} INFO - DAG(s) 'climate_data_pipeline' retrieved from /Users/gabi/codes/climate_trace/climate_data_pipeline/dags/climate-data-dag.py
[2025-03-07T14:09:31.343+0000] {logging_mixin.py:190} INFO - [2025-03-07T14:09:31.343+0000] {dag.py:3239} INFO - Sync 1 DAGs
[2025-03-07T14:09:31.355+0000] {logging_mixin.py:190} INFO - [2025-03-07T14:09:31.355+0000] {dag.py:4180} INFO - Setting next_dagrun for climate_data_pipeline to 2025-03-07T00:00:00+00:00, run_after=2025-03-08T00:00:00+00:00
[2025-03-07T14:09:31.367+0000] {processor.py:208} INFO - Processing /Users/gabi/codes/climate_trace/climate_data_pipeline/dags/climate-data-dag.py took 1.629 seconds
[2025-03-07T15:12:04.021+0100] {processor.py:186} INFO - Started process (PID=8080) to work on /Users/gabi/codes/climate_trace/climate_data_pipeline/dags/climate-data-dag.py
[2025-03-07T15:12:04.024+0100] {processor.py:914} INFO - Processing file /Users/gabi/codes/climate_trace/climate_data_pipeline/dags/climate-data-dag.py for tasks to queue
[2025-03-07T15:12:04.025+0100] {logging_mixin.py:190} INFO - [2025-03-07T15:12:04.025+0100] {dagbag.py:588} INFO - Filling up the DagBag from /Users/gabi/codes/climate_trace/climate_data_pipeline/dags/climate-data-dag.py
[2025-03-07T14:12:05.436+0000] {processor.py:925} INFO - DAG(s) 'climate_data_pipeline' retrieved from /Users/gabi/codes/climate_trace/climate_data_pipeline/dags/climate-data-dag.py
[2025-03-07T14:12:05.561+0000] {logging_mixin.py:190} INFO - [2025-03-07T14:12:05.561+0000] {dag.py:3239} INFO - Sync 1 DAGs
[2025-03-07T14:12:05.574+0000] {logging_mixin.py:190} INFO - [2025-03-07T14:12:05.574+0000] {dag.py:4180} INFO - Setting next_dagrun for climate_data_pipeline to 2025-03-07T00:00:00+00:00, run_after=2025-03-08T00:00:00+00:00
[2025-03-07T14:12:05.588+0000] {processor.py:208} INFO - Processing /Users/gabi/codes/climate_trace/climate_data_pipeline/dags/climate-data-dag.py took 1.570 seconds
[2025-03-07T15:15:08.477+0100] {processor.py:186} INFO - Started process (PID=8439) to work on /Users/gabi/codes/climate_trace/climate_data_pipeline/dags/climate-data-dag.py
[2025-03-07T15:15:08.480+0100] {processor.py:914} INFO - Processing file /Users/gabi/codes/climate_trace/climate_data_pipeline/dags/climate-data-dag.py for tasks to queue
[2025-03-07T15:15:08.481+0100] {logging_mixin.py:190} INFO - [2025-03-07T15:15:08.481+0100] {dagbag.py:588} INFO - Filling up the DagBag from /Users/gabi/codes/climate_trace/climate_data_pipeline/dags/climate-data-dag.py
[2025-03-07T14:15:09.890+0000] {processor.py:925} INFO - DAG(s) 'climate_data_pipeline' retrieved from /Users/gabi/codes/climate_trace/climate_data_pipeline/dags/climate-data-dag.py
[2025-03-07T14:15:10.002+0000] {logging_mixin.py:190} INFO - [2025-03-07T14:15:10.002+0000] {dag.py:3239} INFO - Sync 1 DAGs
[2025-03-07T14:15:10.014+0000] {logging_mixin.py:190} INFO - [2025-03-07T14:15:10.013+0000] {dag.py:4180} INFO - Setting next_dagrun for climate_data_pipeline to 2025-03-07T00:00:00+00:00, run_after=2025-03-08T00:00:00+00:00
[2025-03-07T14:15:10.025+0000] {processor.py:208} INFO - Processing /Users/gabi/codes/climate_trace/climate_data_pipeline/dags/climate-data-dag.py took 1.551 seconds
[2025-03-07T15:17:29.766+0100] {processor.py:186} INFO - Started process (PID=8651) to work on /Users/gabi/codes/climate_trace/climate_data_pipeline/dags/climate-data-dag.py
[2025-03-07T15:17:29.769+0100] {processor.py:914} INFO - Processing file /Users/gabi/codes/climate_trace/climate_data_pipeline/dags/climate-data-dag.py for tasks to queue
[2025-03-07T15:17:29.770+0100] {logging_mixin.py:190} INFO - [2025-03-07T15:17:29.770+0100] {dagbag.py:588} INFO - Filling up the DagBag from /Users/gabi/codes/climate_trace/climate_data_pipeline/dags/climate-data-dag.py
[2025-03-07T15:17:30.655+0100] {logging_mixin.py:190} INFO - [2025-03-07T15:17:30.654+0100] {dagbag.py:387} ERROR - Failed to import: /Users/gabi/codes/climate_trace/climate_data_pipeline/dags/climate-data-dag.py
Traceback (most recent call last):
  File "/usr/local/anaconda3/envs/airflow_env/lib/python3.8/site-packages/airflow/models/dagbag.py", line 383, in parse
    loader.exec_module(new_module)
  File "<frozen importlib._bootstrap_external>", line 843, in exec_module
  File "<frozen importlib._bootstrap>", line 219, in _call_with_frames_removed
  File "/Users/gabi/codes/climate_trace/climate_data_pipeline/dags/climate-data-dag.py", line 11, in <module>
    from dlt_extractor import run_world_bank_pipeline, run_climate_trace_pipeline
ModuleNotFoundError: No module named 'dlt_extractor'
[2025-03-07T15:17:30.655+0100] {processor.py:927} WARNING - No viable dags retrieved from /Users/gabi/codes/climate_trace/climate_data_pipeline/dags/climate-data-dag.py
[2025-03-07T15:17:30.736+0100] {processor.py:208} INFO - Processing /Users/gabi/codes/climate_trace/climate_data_pipeline/dags/climate-data-dag.py took 0.973 seconds
[2025-03-07T15:19:44.085+0100] {processor.py:186} INFO - Started process (PID=9007) to work on /Users/gabi/codes/climate_trace/climate_data_pipeline/dags/climate-data-dag.py
[2025-03-07T15:19:44.088+0100] {processor.py:914} INFO - Processing file /Users/gabi/codes/climate_trace/climate_data_pipeline/dags/climate-data-dag.py for tasks to queue
[2025-03-07T15:19:44.089+0100] {logging_mixin.py:190} INFO - [2025-03-07T15:19:44.089+0100] {dagbag.py:588} INFO - Filling up the DagBag from /Users/gabi/codes/climate_trace/climate_data_pipeline/dags/climate-data-dag.py
[2025-03-07T15:19:44.995+0100] {processor.py:925} INFO - DAG(s) 'climate_data_pipeline' retrieved from /Users/gabi/codes/climate_trace/climate_data_pipeline/dags/climate-data-dag.py
[2025-03-07T15:19:45.126+0100] {logging_mixin.py:190} INFO - [2025-03-07T15:19:45.126+0100] {dag.py:3239} INFO - Sync 1 DAGs
[2025-03-07T15:19:45.138+0100] {logging_mixin.py:190} INFO - [2025-03-07T15:19:45.138+0100] {dag.py:4180} INFO - Setting next_dagrun for climate_data_pipeline to 2025-03-07T00:00:00+00:00, run_after=2025-03-08T00:00:00+00:00
[2025-03-07T15:19:45.154+0100] {processor.py:208} INFO - Processing /Users/gabi/codes/climate_trace/climate_data_pipeline/dags/climate-data-dag.py took 1.071 seconds
[2025-03-07T15:21:56.551+0100] {processor.py:186} INFO - Started process (PID=9295) to work on /Users/gabi/codes/climate_trace/climate_data_pipeline/dags/climate-data-dag.py
[2025-03-07T15:21:56.554+0100] {processor.py:914} INFO - Processing file /Users/gabi/codes/climate_trace/climate_data_pipeline/dags/climate-data-dag.py for tasks to queue
[2025-03-07T15:21:56.555+0100] {logging_mixin.py:190} INFO - [2025-03-07T15:21:56.555+0100] {dagbag.py:588} INFO - Filling up the DagBag from /Users/gabi/codes/climate_trace/climate_data_pipeline/dags/climate-data-dag.py
[2025-03-07T15:21:57.438+0100] {processor.py:925} INFO - DAG(s) 'climate_data_pipeline' retrieved from /Users/gabi/codes/climate_trace/climate_data_pipeline/dags/climate-data-dag.py
[2025-03-07T15:21:57.504+0100] {logging_mixin.py:190} INFO - [2025-03-07T15:21:57.504+0100] {dag.py:3239} INFO - Sync 1 DAGs
[2025-03-07T15:21:57.516+0100] {logging_mixin.py:190} INFO - [2025-03-07T15:21:57.515+0100] {dag.py:4180} INFO - Setting next_dagrun for climate_data_pipeline to 2025-03-07T00:00:00+00:00, run_after=2025-03-08T00:00:00+00:00
[2025-03-07T15:21:57.527+0100] {processor.py:208} INFO - Processing /Users/gabi/codes/climate_trace/climate_data_pipeline/dags/climate-data-dag.py took 0.979 seconds
[2025-03-07T15:24:13.721+0100] {processor.py:186} INFO - Started process (PID=9614) to work on /Users/gabi/codes/climate_trace/climate_data_pipeline/dags/climate-data-dag.py
[2025-03-07T15:24:13.724+0100] {processor.py:914} INFO - Processing file /Users/gabi/codes/climate_trace/climate_data_pipeline/dags/climate-data-dag.py for tasks to queue
[2025-03-07T15:24:13.724+0100] {logging_mixin.py:190} INFO - [2025-03-07T15:24:13.724+0100] {dagbag.py:588} INFO - Filling up the DagBag from /Users/gabi/codes/climate_trace/climate_data_pipeline/dags/climate-data-dag.py
[2025-03-07T15:24:14.639+0100] {processor.py:925} INFO - DAG(s) 'climate_data_pipeline' retrieved from /Users/gabi/codes/climate_trace/climate_data_pipeline/dags/climate-data-dag.py
[2025-03-07T15:24:14.709+0100] {logging_mixin.py:190} INFO - [2025-03-07T15:24:14.708+0100] {dag.py:3239} INFO - Sync 1 DAGs
[2025-03-07T15:24:14.721+0100] {logging_mixin.py:190} INFO - [2025-03-07T15:24:14.721+0100] {dag.py:4180} INFO - Setting next_dagrun for climate_data_pipeline to 2025-03-07T00:00:00+00:00, run_after=2025-03-08T00:00:00+00:00
[2025-03-07T15:24:14.733+0100] {processor.py:208} INFO - Processing /Users/gabi/codes/climate_trace/climate_data_pipeline/dags/climate-data-dag.py took 1.016 seconds
[2025-03-07T15:26:33.253+0100] {processor.py:186} INFO - Started process (PID=9911) to work on /Users/gabi/codes/climate_trace/climate_data_pipeline/dags/climate-data-dag.py
[2025-03-07T15:26:33.256+0100] {processor.py:914} INFO - Processing file /Users/gabi/codes/climate_trace/climate_data_pipeline/dags/climate-data-dag.py for tasks to queue
[2025-03-07T15:26:33.257+0100] {logging_mixin.py:190} INFO - [2025-03-07T15:26:33.257+0100] {dagbag.py:588} INFO - Filling up the DagBag from /Users/gabi/codes/climate_trace/climate_data_pipeline/dags/climate-data-dag.py
[2025-03-07T15:26:34.170+0100] {processor.py:925} INFO - DAG(s) 'climate_data_pipeline' retrieved from /Users/gabi/codes/climate_trace/climate_data_pipeline/dags/climate-data-dag.py
[2025-03-07T15:26:34.299+0100] {logging_mixin.py:190} INFO - [2025-03-07T15:26:34.299+0100] {dag.py:3239} INFO - Sync 1 DAGs
[2025-03-07T15:26:34.311+0100] {logging_mixin.py:190} INFO - [2025-03-07T15:26:34.311+0100] {dag.py:4180} INFO - Setting next_dagrun for climate_data_pipeline to 2025-03-07T00:00:00+00:00, run_after=2025-03-08T00:00:00+00:00
[2025-03-07T15:26:34.326+0100] {processor.py:208} INFO - Processing /Users/gabi/codes/climate_trace/climate_data_pipeline/dags/climate-data-dag.py took 1.077 seconds
[2025-03-07T15:26:53.234+0100] {processor.py:186} INFO - Started process (PID=9948) to work on /Users/gabi/codes/climate_trace/climate_data_pipeline/dags/climate-data-dag.py
[2025-03-07T15:26:53.237+0100] {processor.py:914} INFO - Processing file /Users/gabi/codes/climate_trace/climate_data_pipeline/dags/climate-data-dag.py for tasks to queue
[2025-03-07T15:26:53.238+0100] {logging_mixin.py:190} INFO - [2025-03-07T15:26:53.238+0100] {dagbag.py:588} INFO - Filling up the DagBag from /Users/gabi/codes/climate_trace/climate_data_pipeline/dags/climate-data-dag.py
[2025-03-07T15:26:54.153+0100] {processor.py:925} INFO - DAG(s) 'climate_data_pipeline' retrieved from /Users/gabi/codes/climate_trace/climate_data_pipeline/dags/climate-data-dag.py
[2025-03-07T15:26:54.158+0100] {logging_mixin.py:190} INFO - [2025-03-07T15:26:54.158+0100] {dag.py:3239} INFO - Sync 1 DAGs
[2025-03-07T15:26:54.228+0100] {logging_mixin.py:190} INFO - [2025-03-07T15:26:54.228+0100] {dag.py:4180} INFO - Setting next_dagrun for climate_data_pipeline to 2025-03-07T00:00:00+00:00, run_after=2025-03-08T00:00:00+00:00
[2025-03-07T15:26:54.239+0100] {processor.py:208} INFO - Processing /Users/gabi/codes/climate_trace/climate_data_pipeline/dags/climate-data-dag.py took 1.008 seconds
[2025-03-07T15:28:30.981+0100] {processor.py:186} INFO - Started process (PID=10204) to work on /Users/gabi/codes/climate_trace/climate_data_pipeline/dags/climate-data-dag.py
[2025-03-07T15:28:30.984+0100] {processor.py:914} INFO - Processing file /Users/gabi/codes/climate_trace/climate_data_pipeline/dags/climate-data-dag.py for tasks to queue
[2025-03-07T15:28:30.985+0100] {logging_mixin.py:190} INFO - [2025-03-07T15:28:30.985+0100] {dagbag.py:588} INFO - Filling up the DagBag from /Users/gabi/codes/climate_trace/climate_data_pipeline/dags/climate-data-dag.py
[2025-03-07T15:28:31.884+0100] {processor.py:925} INFO - DAG(s) 'climate_data_pipeline' retrieved from /Users/gabi/codes/climate_trace/climate_data_pipeline/dags/climate-data-dag.py
[2025-03-07T15:28:31.952+0100] {logging_mixin.py:190} INFO - [2025-03-07T15:28:31.952+0100] {dag.py:3239} INFO - Sync 1 DAGs
[2025-03-07T15:28:31.965+0100] {logging_mixin.py:190} INFO - [2025-03-07T15:28:31.965+0100] {dag.py:4180} INFO - Setting next_dagrun for climate_data_pipeline to 2025-03-07T00:00:00+00:00, run_after=2025-03-08T00:00:00+00:00
[2025-03-07T15:28:31.977+0100] {processor.py:208} INFO - Processing /Users/gabi/codes/climate_trace/climate_data_pipeline/dags/climate-data-dag.py took 0.999 seconds
[2025-03-07T15:32:02.768+0100] {processor.py:186} INFO - Started process (PID=10507) to work on /Users/gabi/codes/climate_trace/climate_data_pipeline/dags/climate-data-dag.py
[2025-03-07T15:32:02.771+0100] {processor.py:914} INFO - Processing file /Users/gabi/codes/climate_trace/climate_data_pipeline/dags/climate-data-dag.py for tasks to queue
[2025-03-07T15:32:02.772+0100] {logging_mixin.py:190} INFO - [2025-03-07T15:32:02.772+0100] {dagbag.py:588} INFO - Filling up the DagBag from /Users/gabi/codes/climate_trace/climate_data_pipeline/dags/climate-data-dag.py
[2025-03-07T15:32:03.750+0100] {processor.py:925} INFO - DAG(s) 'climate_data_pipeline' retrieved from /Users/gabi/codes/climate_trace/climate_data_pipeline/dags/climate-data-dag.py
[2025-03-07T15:32:03.843+0100] {logging_mixin.py:190} INFO - [2025-03-07T15:32:03.843+0100] {dag.py:3239} INFO - Sync 1 DAGs
[2025-03-07T15:32:03.858+0100] {logging_mixin.py:190} INFO - [2025-03-07T15:32:03.857+0100] {dag.py:4180} INFO - Setting next_dagrun for climate_data_pipeline to 2025-03-07T00:00:00+00:00, run_after=2025-03-08T00:00:00+00:00
[2025-03-07T15:32:03.871+0100] {processor.py:208} INFO - Processing /Users/gabi/codes/climate_trace/climate_data_pipeline/dags/climate-data-dag.py took 1.107 seconds
[2025-03-07T15:34:18.054+0100] {processor.py:186} INFO - Started process (PID=10734) to work on /Users/gabi/codes/climate_trace/climate_data_pipeline/dags/climate-data-dag.py
[2025-03-07T15:34:18.057+0100] {processor.py:914} INFO - Processing file /Users/gabi/codes/climate_trace/climate_data_pipeline/dags/climate-data-dag.py for tasks to queue
[2025-03-07T15:34:18.058+0100] {logging_mixin.py:190} INFO - [2025-03-07T15:34:18.057+0100] {dagbag.py:588} INFO - Filling up the DagBag from /Users/gabi/codes/climate_trace/climate_data_pipeline/dags/climate-data-dag.py
[2025-03-07T15:34:18.928+0100] {processor.py:925} INFO - DAG(s) 'climate_data_pipeline' retrieved from /Users/gabi/codes/climate_trace/climate_data_pipeline/dags/climate-data-dag.py
[2025-03-07T15:34:18.995+0100] {logging_mixin.py:190} INFO - [2025-03-07T15:34:18.995+0100] {dag.py:3239} INFO - Sync 1 DAGs
[2025-03-07T15:34:19.007+0100] {logging_mixin.py:190} INFO - [2025-03-07T15:34:19.007+0100] {dag.py:4180} INFO - Setting next_dagrun for climate_data_pipeline to 2025-03-07T00:00:00+00:00, run_after=2025-03-08T00:00:00+00:00
[2025-03-07T15:34:19.019+0100] {processor.py:208} INFO - Processing /Users/gabi/codes/climate_trace/climate_data_pipeline/dags/climate-data-dag.py took 0.968 seconds
[2025-03-07T15:36:34.238+0100] {processor.py:186} INFO - Started process (PID=11032) to work on /Users/gabi/codes/climate_trace/climate_data_pipeline/dags/climate-data-dag.py
[2025-03-07T15:36:34.241+0100] {processor.py:914} INFO - Processing file /Users/gabi/codes/climate_trace/climate_data_pipeline/dags/climate-data-dag.py for tasks to queue
[2025-03-07T15:36:34.242+0100] {logging_mixin.py:190} INFO - [2025-03-07T15:36:34.242+0100] {dagbag.py:588} INFO - Filling up the DagBag from /Users/gabi/codes/climate_trace/climate_data_pipeline/dags/climate-data-dag.py
[2025-03-07T15:36:35.157+0100] {processor.py:925} INFO - DAG(s) 'climate_data_pipeline' retrieved from /Users/gabi/codes/climate_trace/climate_data_pipeline/dags/climate-data-dag.py
[2025-03-07T15:36:35.226+0100] {logging_mixin.py:190} INFO - [2025-03-07T15:36:35.226+0100] {dag.py:3239} INFO - Sync 1 DAGs
[2025-03-07T15:36:35.239+0100] {logging_mixin.py:190} INFO - [2025-03-07T15:36:35.238+0100] {dag.py:4180} INFO - Setting next_dagrun for climate_data_pipeline to 2025-03-07T00:00:00+00:00, run_after=2025-03-08T00:00:00+00:00
[2025-03-07T15:36:35.250+0100] {processor.py:208} INFO - Processing /Users/gabi/codes/climate_trace/climate_data_pipeline/dags/climate-data-dag.py took 1.015 seconds
[2025-03-07T15:38:49.217+0100] {processor.py:186} INFO - Started process (PID=11276) to work on /Users/gabi/codes/climate_trace/climate_data_pipeline/dags/climate-data-dag.py
[2025-03-07T15:38:49.220+0100] {processor.py:914} INFO - Processing file /Users/gabi/codes/climate_trace/climate_data_pipeline/dags/climate-data-dag.py for tasks to queue
[2025-03-07T15:38:49.221+0100] {logging_mixin.py:190} INFO - [2025-03-07T15:38:49.220+0100] {dagbag.py:588} INFO - Filling up the DagBag from /Users/gabi/codes/climate_trace/climate_data_pipeline/dags/climate-data-dag.py
[2025-03-07T15:38:50.093+0100] {processor.py:925} INFO - DAG(s) 'climate_data_pipeline' retrieved from /Users/gabi/codes/climate_trace/climate_data_pipeline/dags/climate-data-dag.py
[2025-03-07T15:38:50.162+0100] {logging_mixin.py:190} INFO - [2025-03-07T15:38:50.162+0100] {dag.py:3239} INFO - Sync 1 DAGs
[2025-03-07T15:38:50.174+0100] {logging_mixin.py:190} INFO - [2025-03-07T15:38:50.174+0100] {dag.py:4180} INFO - Setting next_dagrun for climate_data_pipeline to 2025-03-07T00:00:00+00:00, run_after=2025-03-08T00:00:00+00:00
[2025-03-07T15:38:50.186+0100] {processor.py:208} INFO - Processing /Users/gabi/codes/climate_trace/climate_data_pipeline/dags/climate-data-dag.py took 0.972 seconds
[2025-03-07T15:40:58.708+0100] {processor.py:186} INFO - Started process (PID=11471) to work on /Users/gabi/codes/climate_trace/climate_data_pipeline/dags/climate-data-dag.py
[2025-03-07T15:40:58.712+0100] {processor.py:914} INFO - Processing file /Users/gabi/codes/climate_trace/climate_data_pipeline/dags/climate-data-dag.py for tasks to queue
[2025-03-07T15:40:58.712+0100] {logging_mixin.py:190} INFO - [2025-03-07T15:40:58.712+0100] {dagbag.py:588} INFO - Filling up the DagBag from /Users/gabi/codes/climate_trace/climate_data_pipeline/dags/climate-data-dag.py
[2025-03-07T15:40:59.636+0100] {processor.py:925} INFO - DAG(s) 'climate_data_pipeline' retrieved from /Users/gabi/codes/climate_trace/climate_data_pipeline/dags/climate-data-dag.py
[2025-03-07T15:40:59.705+0100] {logging_mixin.py:190} INFO - [2025-03-07T15:40:59.704+0100] {dag.py:3239} INFO - Sync 1 DAGs
[2025-03-07T15:40:59.717+0100] {logging_mixin.py:190} INFO - [2025-03-07T15:40:59.717+0100] {dag.py:4180} INFO - Setting next_dagrun for climate_data_pipeline to 2025-03-07T00:00:00+00:00, run_after=2025-03-08T00:00:00+00:00
[2025-03-07T15:40:59.729+0100] {processor.py:208} INFO - Processing /Users/gabi/codes/climate_trace/climate_data_pipeline/dags/climate-data-dag.py took 1.024 seconds
[2025-03-07T15:43:08.372+0100] {processor.py:186} INFO - Started process (PID=11674) to work on /Users/gabi/codes/climate_trace/climate_data_pipeline/dags/climate-data-dag.py
[2025-03-07T15:43:08.375+0100] {processor.py:914} INFO - Processing file /Users/gabi/codes/climate_trace/climate_data_pipeline/dags/climate-data-dag.py for tasks to queue
[2025-03-07T15:43:08.376+0100] {logging_mixin.py:190} INFO - [2025-03-07T15:43:08.376+0100] {dagbag.py:588} INFO - Filling up the DagBag from /Users/gabi/codes/climate_trace/climate_data_pipeline/dags/climate-data-dag.py
[2025-03-07T15:43:09.268+0100] {processor.py:925} INFO - DAG(s) 'climate_data_pipeline' retrieved from /Users/gabi/codes/climate_trace/climate_data_pipeline/dags/climate-data-dag.py
[2025-03-07T15:43:09.335+0100] {logging_mixin.py:190} INFO - [2025-03-07T15:43:09.335+0100] {dag.py:3239} INFO - Sync 1 DAGs
[2025-03-07T15:43:09.347+0100] {logging_mixin.py:190} INFO - [2025-03-07T15:43:09.347+0100] {dag.py:4180} INFO - Setting next_dagrun for climate_data_pipeline to 2025-03-07T00:00:00+00:00, run_after=2025-03-08T00:00:00+00:00
[2025-03-07T15:43:09.358+0100] {processor.py:208} INFO - Processing /Users/gabi/codes/climate_trace/climate_data_pipeline/dags/climate-data-dag.py took 0.989 seconds
[2025-03-07T15:45:16.765+0100] {processor.py:186} INFO - Started process (PID=11885) to work on /Users/gabi/codes/climate_trace/climate_data_pipeline/dags/climate-data-dag.py
[2025-03-07T15:45:16.768+0100] {processor.py:914} INFO - Processing file /Users/gabi/codes/climate_trace/climate_data_pipeline/dags/climate-data-dag.py for tasks to queue
[2025-03-07T15:45:16.769+0100] {logging_mixin.py:190} INFO - [2025-03-07T15:45:16.769+0100] {dagbag.py:588} INFO - Filling up the DagBag from /Users/gabi/codes/climate_trace/climate_data_pipeline/dags/climate-data-dag.py
[2025-03-07T15:45:17.721+0100] {processor.py:925} INFO - DAG(s) 'climate_data_pipeline' retrieved from /Users/gabi/codes/climate_trace/climate_data_pipeline/dags/climate-data-dag.py
[2025-03-07T15:45:17.731+0100] {logging_mixin.py:190} INFO - [2025-03-07T15:45:17.730+0100] {dag.py:3239} INFO - Sync 1 DAGs
[2025-03-07T15:45:17.742+0100] {logging_mixin.py:190} INFO - [2025-03-07T15:45:17.742+0100] {dag.py:4180} INFO - Setting next_dagrun for climate_data_pipeline to 2025-03-07T00:00:00+00:00, run_after=2025-03-08T00:00:00+00:00
[2025-03-07T15:45:17.756+0100] {processor.py:208} INFO - Processing /Users/gabi/codes/climate_trace/climate_data_pipeline/dags/climate-data-dag.py took 0.994 seconds
[2025-03-07T15:47:50.178+0100] {processor.py:186} INFO - Started process (PID=12117) to work on /Users/gabi/codes/climate_trace/climate_data_pipeline/dags/climate-data-dag.py
[2025-03-07T15:47:50.181+0100] {processor.py:914} INFO - Processing file /Users/gabi/codes/climate_trace/climate_data_pipeline/dags/climate-data-dag.py for tasks to queue
[2025-03-07T15:47:50.182+0100] {logging_mixin.py:190} INFO - [2025-03-07T15:47:50.181+0100] {dagbag.py:588} INFO - Filling up the DagBag from /Users/gabi/codes/climate_trace/climate_data_pipeline/dags/climate-data-dag.py
[2025-03-07T15:47:51.124+0100] {processor.py:925} INFO - DAG(s) 'climate_data_pipeline' retrieved from /Users/gabi/codes/climate_trace/climate_data_pipeline/dags/climate-data-dag.py
[2025-03-07T15:47:51.192+0100] {logging_mixin.py:190} INFO - [2025-03-07T15:47:51.191+0100] {dag.py:3239} INFO - Sync 1 DAGs
[2025-03-07T15:47:51.203+0100] {logging_mixin.py:190} INFO - [2025-03-07T15:47:51.203+0100] {dag.py:4180} INFO - Setting next_dagrun for climate_data_pipeline to 2025-03-07T00:00:00+00:00, run_after=2025-03-08T00:00:00+00:00
[2025-03-07T15:47:51.216+0100] {processor.py:208} INFO - Processing /Users/gabi/codes/climate_trace/climate_data_pipeline/dags/climate-data-dag.py took 1.041 seconds
[2025-03-07T15:50:04.281+0100] {processor.py:186} INFO - Started process (PID=12398) to work on /Users/gabi/codes/climate_trace/climate_data_pipeline/dags/climate-data-dag.py
[2025-03-07T15:50:04.284+0100] {processor.py:914} INFO - Processing file /Users/gabi/codes/climate_trace/climate_data_pipeline/dags/climate-data-dag.py for tasks to queue
[2025-03-07T15:50:04.285+0100] {logging_mixin.py:190} INFO - [2025-03-07T15:50:04.285+0100] {dagbag.py:588} INFO - Filling up the DagBag from /Users/gabi/codes/climate_trace/climate_data_pipeline/dags/climate-data-dag.py
[2025-03-07T15:50:05.256+0100] {processor.py:925} INFO - DAG(s) 'climate_data_pipeline' retrieved from /Users/gabi/codes/climate_trace/climate_data_pipeline/dags/climate-data-dag.py
[2025-03-07T15:50:05.265+0100] {logging_mixin.py:190} INFO - [2025-03-07T15:50:05.264+0100] {dag.py:3239} INFO - Sync 1 DAGs
[2025-03-07T15:50:05.276+0100] {logging_mixin.py:190} INFO - [2025-03-07T15:50:05.276+0100] {dag.py:4180} INFO - Setting next_dagrun for climate_data_pipeline to 2025-03-07T00:00:00+00:00, run_after=2025-03-08T00:00:00+00:00
[2025-03-07T15:50:05.288+0100] {processor.py:208} INFO - Processing /Users/gabi/codes/climate_trace/climate_data_pipeline/dags/climate-data-dag.py took 1.011 seconds
[2025-03-07T15:52:39.157+0100] {processor.py:186} INFO - Started process (PID=12675) to work on /Users/gabi/codes/climate_trace/climate_data_pipeline/dags/climate-data-dag.py
[2025-03-07T15:52:39.160+0100] {processor.py:914} INFO - Processing file /Users/gabi/codes/climate_trace/climate_data_pipeline/dags/climate-data-dag.py for tasks to queue
[2025-03-07T15:52:39.161+0100] {logging_mixin.py:190} INFO - [2025-03-07T15:52:39.161+0100] {dagbag.py:588} INFO - Filling up the DagBag from /Users/gabi/codes/climate_trace/climate_data_pipeline/dags/climate-data-dag.py
[2025-03-07T15:52:40.083+0100] {processor.py:925} INFO - DAG(s) 'climate_data_pipeline' retrieved from /Users/gabi/codes/climate_trace/climate_data_pipeline/dags/climate-data-dag.py
[2025-03-07T15:52:40.150+0100] {logging_mixin.py:190} INFO - [2025-03-07T15:52:40.149+0100] {dag.py:3239} INFO - Sync 1 DAGs
[2025-03-07T15:52:40.161+0100] {logging_mixin.py:190} INFO - [2025-03-07T15:52:40.161+0100] {dag.py:4180} INFO - Setting next_dagrun for climate_data_pipeline to 2025-03-07T00:00:00+00:00, run_after=2026-03-07T00:00:00+00:00
[2025-03-07T15:52:40.175+0100] {processor.py:208} INFO - Processing /Users/gabi/codes/climate_trace/climate_data_pipeline/dags/climate-data-dag.py took 1.021 seconds
[2025-03-07T15:54:51.187+0100] {processor.py:186} INFO - Started process (PID=12957) to work on /Users/gabi/codes/climate_trace/climate_data_pipeline/dags/climate-data-dag.py
[2025-03-07T15:54:51.190+0100] {processor.py:914} INFO - Processing file /Users/gabi/codes/climate_trace/climate_data_pipeline/dags/climate-data-dag.py for tasks to queue
[2025-03-07T15:54:51.191+0100] {logging_mixin.py:190} INFO - [2025-03-07T15:54:51.191+0100] {dagbag.py:588} INFO - Filling up the DagBag from /Users/gabi/codes/climate_trace/climate_data_pipeline/dags/climate-data-dag.py
[2025-03-07T15:54:52.157+0100] {processor.py:925} INFO - DAG(s) 'climate_data_pipeline' retrieved from /Users/gabi/codes/climate_trace/climate_data_pipeline/dags/climate-data-dag.py
[2025-03-07T15:54:52.167+0100] {logging_mixin.py:190} INFO - [2025-03-07T15:54:52.166+0100] {dag.py:3239} INFO - Sync 1 DAGs
[2025-03-07T15:54:52.178+0100] {logging_mixin.py:190} INFO - [2025-03-07T15:54:52.178+0100] {dag.py:4180} INFO - Setting next_dagrun for climate_data_pipeline to 2025-03-07T00:00:00+00:00, run_after=2026-03-07T00:00:00+00:00
[2025-03-07T15:54:52.189+0100] {processor.py:208} INFO - Processing /Users/gabi/codes/climate_trace/climate_data_pipeline/dags/climate-data-dag.py took 1.006 seconds
[2025-03-07T15:57:09.702+0100] {processor.py:186} INFO - Started process (PID=13164) to work on /Users/gabi/codes/climate_trace/climate_data_pipeline/dags/climate-data-dag.py
[2025-03-07T15:57:09.705+0100] {processor.py:914} INFO - Processing file /Users/gabi/codes/climate_trace/climate_data_pipeline/dags/climate-data-dag.py for tasks to queue
[2025-03-07T15:57:09.706+0100] {logging_mixin.py:190} INFO - [2025-03-07T15:57:09.706+0100] {dagbag.py:588} INFO - Filling up the DagBag from /Users/gabi/codes/climate_trace/climate_data_pipeline/dags/climate-data-dag.py
[2025-03-07T15:57:10.649+0100] {processor.py:925} INFO - DAG(s) 'climate_data_pipeline' retrieved from /Users/gabi/codes/climate_trace/climate_data_pipeline/dags/climate-data-dag.py
[2025-03-07T15:57:10.660+0100] {logging_mixin.py:190} INFO - [2025-03-07T15:57:10.659+0100] {dag.py:3239} INFO - Sync 1 DAGs
[2025-03-07T15:57:10.672+0100] {logging_mixin.py:190} INFO - [2025-03-07T15:57:10.672+0100] {dag.py:4180} INFO - Setting next_dagrun for climate_data_pipeline to 2025-03-07T00:00:00+00:00, run_after=2026-03-07T00:00:00+00:00
[2025-03-07T15:57:10.684+0100] {processor.py:208} INFO - Processing /Users/gabi/codes/climate_trace/climate_data_pipeline/dags/climate-data-dag.py took 0.985 seconds
[2025-03-07T15:59:26.610+0100] {processor.py:186} INFO - Started process (PID=13420) to work on /Users/gabi/codes/climate_trace/climate_data_pipeline/dags/climate-data-dag.py
[2025-03-07T15:59:26.613+0100] {processor.py:914} INFO - Processing file /Users/gabi/codes/climate_trace/climate_data_pipeline/dags/climate-data-dag.py for tasks to queue
[2025-03-07T15:59:26.614+0100] {logging_mixin.py:190} INFO - [2025-03-07T15:59:26.614+0100] {dagbag.py:588} INFO - Filling up the DagBag from /Users/gabi/codes/climate_trace/climate_data_pipeline/dags/climate-data-dag.py
[2025-03-07T15:59:27.608+0100] {processor.py:925} INFO - DAG(s) 'climate_data_pipeline' retrieved from /Users/gabi/codes/climate_trace/climate_data_pipeline/dags/climate-data-dag.py
[2025-03-07T15:59:27.618+0100] {logging_mixin.py:190} INFO - [2025-03-07T15:59:27.617+0100] {dag.py:3239} INFO - Sync 1 DAGs
[2025-03-07T15:59:27.629+0100] {logging_mixin.py:190} INFO - [2025-03-07T15:59:27.629+0100] {dag.py:4180} INFO - Setting next_dagrun for climate_data_pipeline to 2025-03-07T00:00:00+00:00, run_after=2026-03-07T00:00:00+00:00
[2025-03-07T15:59:27.642+0100] {processor.py:208} INFO - Processing /Users/gabi/codes/climate_trace/climate_data_pipeline/dags/climate-data-dag.py took 1.036 seconds
[2025-03-07T16:02:26.803+0100] {processor.py:186} INFO - Started process (PID=13708) to work on /Users/gabi/codes/climate_trace/climate_data_pipeline/dags/climate-data-dag.py
[2025-03-07T16:02:26.807+0100] {processor.py:914} INFO - Processing file /Users/gabi/codes/climate_trace/climate_data_pipeline/dags/climate-data-dag.py for tasks to queue
[2025-03-07T16:02:26.807+0100] {logging_mixin.py:190} INFO - [2025-03-07T16:02:26.807+0100] {dagbag.py:588} INFO - Filling up the DagBag from /Users/gabi/codes/climate_trace/climate_data_pipeline/dags/climate-data-dag.py
[2025-03-07T16:02:27.761+0100] {processor.py:925} INFO - DAG(s) 'climate_data_pipeline' retrieved from /Users/gabi/codes/climate_trace/climate_data_pipeline/dags/climate-data-dag.py
[2025-03-07T16:02:27.829+0100] {logging_mixin.py:190} INFO - [2025-03-07T16:02:27.828+0100] {dag.py:3239} INFO - Sync 1 DAGs
[2025-03-07T16:02:27.840+0100] {logging_mixin.py:190} INFO - [2025-03-07T16:02:27.839+0100] {dag.py:4180} INFO - Setting next_dagrun for climate_data_pipeline to 2025-03-07T00:00:00+00:00, run_after=2026-03-07T00:00:00+00:00
[2025-03-07T16:02:27.851+0100] {processor.py:208} INFO - Processing /Users/gabi/codes/climate_trace/climate_data_pipeline/dags/climate-data-dag.py took 1.051 seconds
[2025-03-07T16:06:12.109+0100] {processor.py:186} INFO - Started process (PID=14009) to work on /Users/gabi/codes/climate_trace/climate_data_pipeline/dags/climate-data-dag.py
[2025-03-07T16:06:12.112+0100] {processor.py:914} INFO - Processing file /Users/gabi/codes/climate_trace/climate_data_pipeline/dags/climate-data-dag.py for tasks to queue
[2025-03-07T16:06:12.113+0100] {logging_mixin.py:190} INFO - [2025-03-07T16:06:12.113+0100] {dagbag.py:588} INFO - Filling up the DagBag from /Users/gabi/codes/climate_trace/climate_data_pipeline/dags/climate-data-dag.py
[2025-03-07T16:06:13.054+0100] {processor.py:925} INFO - DAG(s) 'climate_data_pipeline' retrieved from /Users/gabi/codes/climate_trace/climate_data_pipeline/dags/climate-data-dag.py
[2025-03-07T16:06:13.118+0100] {logging_mixin.py:190} INFO - [2025-03-07T16:06:13.118+0100] {dag.py:3239} INFO - Sync 1 DAGs
[2025-03-07T16:06:13.129+0100] {logging_mixin.py:190} INFO - [2025-03-07T16:06:13.129+0100] {dag.py:4180} INFO - Setting next_dagrun for climate_data_pipeline to 2025-03-07T00:00:00+00:00, run_after=2026-03-07T00:00:00+00:00
[2025-03-07T16:06:13.141+0100] {processor.py:208} INFO - Processing /Users/gabi/codes/climate_trace/climate_data_pipeline/dags/climate-data-dag.py took 1.035 seconds
[2025-03-07T16:09:16.422+0100] {processor.py:186} INFO - Started process (PID=14321) to work on /Users/gabi/codes/climate_trace/climate_data_pipeline/dags/climate-data-dag.py
[2025-03-07T16:09:16.425+0100] {processor.py:914} INFO - Processing file /Users/gabi/codes/climate_trace/climate_data_pipeline/dags/climate-data-dag.py for tasks to queue
[2025-03-07T16:09:16.426+0100] {logging_mixin.py:190} INFO - [2025-03-07T16:09:16.426+0100] {dagbag.py:588} INFO - Filling up the DagBag from /Users/gabi/codes/climate_trace/climate_data_pipeline/dags/climate-data-dag.py
[2025-03-07T16:09:17.388+0100] {processor.py:925} INFO - DAG(s) 'climate_data_pipeline' retrieved from /Users/gabi/codes/climate_trace/climate_data_pipeline/dags/climate-data-dag.py
[2025-03-07T16:09:17.453+0100] {logging_mixin.py:190} INFO - [2025-03-07T16:09:17.452+0100] {dag.py:3239} INFO - Sync 1 DAGs
[2025-03-07T16:09:17.463+0100] {logging_mixin.py:190} INFO - [2025-03-07T16:09:17.463+0100] {dag.py:4180} INFO - Setting next_dagrun for climate_data_pipeline to 2025-03-07T00:00:00+00:00, run_after=2026-03-07T00:00:00+00:00
[2025-03-07T16:09:17.477+0100] {processor.py:208} INFO - Processing /Users/gabi/codes/climate_trace/climate_data_pipeline/dags/climate-data-dag.py took 1.058 seconds
[2025-03-07T16:12:22.421+0100] {processor.py:186} INFO - Started process (PID=14635) to work on /Users/gabi/codes/climate_trace/climate_data_pipeline/dags/climate-data-dag.py
[2025-03-07T16:12:22.425+0100] {processor.py:914} INFO - Processing file /Users/gabi/codes/climate_trace/climate_data_pipeline/dags/climate-data-dag.py for tasks to queue
[2025-03-07T16:12:22.426+0100] {logging_mixin.py:190} INFO - [2025-03-07T16:12:22.426+0100] {dagbag.py:588} INFO - Filling up the DagBag from /Users/gabi/codes/climate_trace/climate_data_pipeline/dags/climate-data-dag.py
[2025-03-07T16:12:23.413+0100] {processor.py:925} INFO - DAG(s) 'climate_data_pipeline' retrieved from /Users/gabi/codes/climate_trace/climate_data_pipeline/dags/climate-data-dag.py
[2025-03-07T16:12:23.476+0100] {logging_mixin.py:190} INFO - [2025-03-07T16:12:23.476+0100] {dag.py:3239} INFO - Sync 1 DAGs
[2025-03-07T16:12:23.487+0100] {logging_mixin.py:190} INFO - [2025-03-07T16:12:23.487+0100] {dag.py:4180} INFO - Setting next_dagrun for climate_data_pipeline to 2025-03-07T00:00:00+00:00, run_after=2026-03-07T00:00:00+00:00
[2025-03-07T16:12:23.500+0100] {processor.py:208} INFO - Processing /Users/gabi/codes/climate_trace/climate_data_pipeline/dags/climate-data-dag.py took 1.083 seconds
[2025-03-07T16:14:35.988+0100] {processor.py:186} INFO - Started process (PID=14936) to work on /Users/gabi/codes/climate_trace/climate_data_pipeline/dags/climate-data-dag.py
[2025-03-07T16:14:35.991+0100] {processor.py:914} INFO - Processing file /Users/gabi/codes/climate_trace/climate_data_pipeline/dags/climate-data-dag.py for tasks to queue
[2025-03-07T16:14:35.992+0100] {logging_mixin.py:190} INFO - [2025-03-07T16:14:35.992+0100] {dagbag.py:588} INFO - Filling up the DagBag from /Users/gabi/codes/climate_trace/climate_data_pipeline/dags/climate-data-dag.py
[2025-03-07T16:14:36.964+0100] {processor.py:925} INFO - DAG(s) 'climate_data_pipeline' retrieved from /Users/gabi/codes/climate_trace/climate_data_pipeline/dags/climate-data-dag.py
[2025-03-07T16:14:36.975+0100] {logging_mixin.py:190} INFO - [2025-03-07T16:14:36.974+0100] {dag.py:3239} INFO - Sync 1 DAGs
[2025-03-07T16:14:36.987+0100] {logging_mixin.py:190} INFO - [2025-03-07T16:14:36.987+0100] {dag.py:4180} INFO - Setting next_dagrun for climate_data_pipeline to 2025-03-07T00:00:00+00:00, run_after=2026-03-07T00:00:00+00:00
[2025-03-07T16:14:36.999+0100] {processor.py:208} INFO - Processing /Users/gabi/codes/climate_trace/climate_data_pipeline/dags/climate-data-dag.py took 1.014 seconds
[2025-03-07T16:16:47.991+0100] {processor.py:186} INFO - Started process (PID=15134) to work on /Users/gabi/codes/climate_trace/climate_data_pipeline/dags/climate-data-dag.py
[2025-03-07T16:16:47.995+0100] {processor.py:914} INFO - Processing file /Users/gabi/codes/climate_trace/climate_data_pipeline/dags/climate-data-dag.py for tasks to queue
[2025-03-07T16:16:47.996+0100] {logging_mixin.py:190} INFO - [2025-03-07T16:16:47.996+0100] {dagbag.py:588} INFO - Filling up the DagBag from /Users/gabi/codes/climate_trace/climate_data_pipeline/dags/climate-data-dag.py
[2025-03-07T16:16:49.014+0100] {processor.py:925} INFO - DAG(s) 'climate_data_pipeline' retrieved from /Users/gabi/codes/climate_trace/climate_data_pipeline/dags/climate-data-dag.py
[2025-03-07T16:16:49.024+0100] {logging_mixin.py:190} INFO - [2025-03-07T16:16:49.023+0100] {dag.py:3239} INFO - Sync 1 DAGs
[2025-03-07T16:16:49.035+0100] {logging_mixin.py:190} INFO - [2025-03-07T16:16:49.035+0100] {dag.py:4180} INFO - Setting next_dagrun for climate_data_pipeline to 2025-03-07T00:00:00+00:00, run_after=2026-03-07T00:00:00+00:00
[2025-03-07T16:16:49.047+0100] {processor.py:208} INFO - Processing /Users/gabi/codes/climate_trace/climate_data_pipeline/dags/climate-data-dag.py took 1.058 seconds
[2025-03-07T16:19:12.825+0100] {processor.py:186} INFO - Started process (PID=15426) to work on /Users/gabi/codes/climate_trace/climate_data_pipeline/dags/climate-data-dag.py
[2025-03-07T16:19:12.828+0100] {processor.py:914} INFO - Processing file /Users/gabi/codes/climate_trace/climate_data_pipeline/dags/climate-data-dag.py for tasks to queue
[2025-03-07T16:19:12.829+0100] {logging_mixin.py:190} INFO - [2025-03-07T16:19:12.829+0100] {dagbag.py:588} INFO - Filling up the DagBag from /Users/gabi/codes/climate_trace/climate_data_pipeline/dags/climate-data-dag.py
[2025-03-07T16:19:13.773+0100] {processor.py:925} INFO - DAG(s) 'climate_data_pipeline' retrieved from /Users/gabi/codes/climate_trace/climate_data_pipeline/dags/climate-data-dag.py
[2025-03-07T16:19:13.784+0100] {logging_mixin.py:190} INFO - [2025-03-07T16:19:13.782+0100] {dag.py:3239} INFO - Sync 1 DAGs
[2025-03-07T16:19:13.795+0100] {logging_mixin.py:190} INFO - [2025-03-07T16:19:13.795+0100] {dag.py:4180} INFO - Setting next_dagrun for climate_data_pipeline to 2025-03-07T00:00:00+00:00, run_after=2026-03-07T00:00:00+00:00
[2025-03-07T16:19:13.807+0100] {processor.py:208} INFO - Processing /Users/gabi/codes/climate_trace/climate_data_pipeline/dags/climate-data-dag.py took 0.985 seconds
[2025-03-07T16:21:27.444+0100] {processor.py:186} INFO - Started process (PID=15670) to work on /Users/gabi/codes/climate_trace/climate_data_pipeline/dags/climate-data-dag.py
[2025-03-07T16:21:27.448+0100] {processor.py:914} INFO - Processing file /Users/gabi/codes/climate_trace/climate_data_pipeline/dags/climate-data-dag.py for tasks to queue
[2025-03-07T16:21:27.449+0100] {logging_mixin.py:190} INFO - [2025-03-07T16:21:27.448+0100] {dagbag.py:588} INFO - Filling up the DagBag from /Users/gabi/codes/climate_trace/climate_data_pipeline/dags/climate-data-dag.py
[2025-03-07T16:21:28.447+0100] {processor.py:925} INFO - DAG(s) 'climate_data_pipeline' retrieved from /Users/gabi/codes/climate_trace/climate_data_pipeline/dags/climate-data-dag.py
[2025-03-07T16:21:28.458+0100] {logging_mixin.py:190} INFO - [2025-03-07T16:21:28.457+0100] {dag.py:3239} INFO - Sync 1 DAGs
[2025-03-07T16:21:28.470+0100] {logging_mixin.py:190} INFO - [2025-03-07T16:21:28.469+0100] {dag.py:4180} INFO - Setting next_dagrun for climate_data_pipeline to 2025-03-07T00:00:00+00:00, run_after=2026-03-07T00:00:00+00:00
[2025-03-07T16:21:28.483+0100] {processor.py:208} INFO - Processing /Users/gabi/codes/climate_trace/climate_data_pipeline/dags/climate-data-dag.py took 1.041 seconds
[2025-03-07T16:28:17.156+0100] {processor.py:186} INFO - Started process (PID=16106) to work on /Users/gabi/codes/climate_trace/climate_data_pipeline/dags/climate-data-dag.py
[2025-03-07T16:28:17.159+0100] {processor.py:914} INFO - Processing file /Users/gabi/codes/climate_trace/climate_data_pipeline/dags/climate-data-dag.py for tasks to queue
[2025-03-07T16:28:17.160+0100] {logging_mixin.py:190} INFO - [2025-03-07T16:28:17.160+0100] {dagbag.py:588} INFO - Filling up the DagBag from /Users/gabi/codes/climate_trace/climate_data_pipeline/dags/climate-data-dag.py
[2025-03-07T16:28:18.160+0100] {processor.py:925} INFO - DAG(s) 'climate_data_pipeline' retrieved from /Users/gabi/codes/climate_trace/climate_data_pipeline/dags/climate-data-dag.py
[2025-03-07T16:28:18.229+0100] {logging_mixin.py:190} INFO - [2025-03-07T16:28:18.228+0100] {dag.py:3239} INFO - Sync 1 DAGs
[2025-03-07T16:28:18.241+0100] {logging_mixin.py:190} INFO - [2025-03-07T16:28:18.241+0100] {dag.py:4180} INFO - Setting next_dagrun for climate_data_pipeline to 2025-03-07T00:00:00+00:00, run_after=2026-03-07T00:00:00+00:00
[2025-03-07T16:28:18.255+0100] {processor.py:208} INFO - Processing /Users/gabi/codes/climate_trace/climate_data_pipeline/dags/climate-data-dag.py took 1.103 seconds
[2025-03-07T16:31:48.936+0100] {processor.py:186} INFO - Started process (PID=16448) to work on /Users/gabi/codes/climate_trace/climate_data_pipeline/dags/climate-data-dag.py
[2025-03-07T16:31:48.939+0100] {processor.py:914} INFO - Processing file /Users/gabi/codes/climate_trace/climate_data_pipeline/dags/climate-data-dag.py for tasks to queue
[2025-03-07T16:31:48.940+0100] {logging_mixin.py:190} INFO - [2025-03-07T16:31:48.940+0100] {dagbag.py:588} INFO - Filling up the DagBag from /Users/gabi/codes/climate_trace/climate_data_pipeline/dags/climate-data-dag.py
[2025-03-07T16:31:49.866+0100] {processor.py:925} INFO - DAG(s) 'climate_data_pipeline' retrieved from /Users/gabi/codes/climate_trace/climate_data_pipeline/dags/climate-data-dag.py
[2025-03-07T16:31:49.934+0100] {logging_mixin.py:190} INFO - [2025-03-07T16:31:49.934+0100] {dag.py:3239} INFO - Sync 1 DAGs
[2025-03-07T16:31:49.950+0100] {logging_mixin.py:190} INFO - [2025-03-07T16:31:49.950+0100] {dag.py:4180} INFO - Setting next_dagrun for climate_data_pipeline to 2025-03-07T00:00:00+00:00, run_after=2026-03-07T00:00:00+00:00
[2025-03-07T16:31:49.965+0100] {processor.py:208} INFO - Processing /Users/gabi/codes/climate_trace/climate_data_pipeline/dags/climate-data-dag.py took 1.032 seconds
