[2025-03-07T14:10:24.409+0100] {processor.py:186} INFO - Started process (PID=2561) to work on /Users/gabi/codes/climate_trace/climate_data_pipeline/dags/climate-data-dag-v0.py
[2025-03-07T14:10:24.412+0100] {processor.py:914} INFO - Processing file /Users/gabi/codes/climate_trace/climate_data_pipeline/dags/climate-data-dag-v0.py for tasks to queue
[2025-03-07T14:10:24.413+0100] {logging_mixin.py:190} INFO - [2025-03-07T14:10:24.413+0100] {dagbag.py:588} INFO - Filling up the DagBag from /Users/gabi/codes/climate_trace/climate_data_pipeline/dags/climate-data-dag-v0.py
[2025-03-07T14:10:25.286+0100] {processor.py:925} INFO - DAG(s) 'climate_data_pipeline' retrieved from /Users/gabi/codes/climate_trace/climate_data_pipeline/dags/climate-data-dag-v0.py
[2025-03-07T14:10:25.409+0100] {logging_mixin.py:190} INFO - [2025-03-07T14:10:25.408+0100] {override.py:1901} INFO - Created Permission View: can read on DAG:climate_data_pipeline
[2025-03-07T14:10:25.415+0100] {logging_mixin.py:190} INFO - [2025-03-07T14:10:25.415+0100] {override.py:1901} INFO - Created Permission View: can edit on DAG:climate_data_pipeline
[2025-03-07T14:10:25.419+0100] {logging_mixin.py:190} INFO - [2025-03-07T14:10:25.419+0100] {override.py:1901} INFO - Created Permission View: can delete on DAG:climate_data_pipeline
[2025-03-07T14:10:25.424+0100] {logging_mixin.py:190} INFO - [2025-03-07T14:10:25.424+0100] {override.py:1901} INFO - Created Permission View: can delete on DAG Run:climate_data_pipeline
[2025-03-07T14:10:25.428+0100] {logging_mixin.py:190} INFO - [2025-03-07T14:10:25.428+0100] {override.py:1901} INFO - Created Permission View: can read on DAG Run:climate_data_pipeline
[2025-03-07T14:10:25.432+0100] {logging_mixin.py:190} INFO - [2025-03-07T14:10:25.432+0100] {override.py:1901} INFO - Created Permission View: menu access on DAG Run:climate_data_pipeline
[2025-03-07T14:10:25.436+0100] {logging_mixin.py:190} INFO - [2025-03-07T14:10:25.435+0100] {override.py:1901} INFO - Created Permission View: can create on DAG Run:climate_data_pipeline
[2025-03-07T14:10:25.436+0100] {logging_mixin.py:190} INFO - [2025-03-07T14:10:25.436+0100] {dag.py:3239} INFO - Sync 1 DAGs
[2025-03-07T14:10:25.444+0100] {logging_mixin.py:190} INFO - [2025-03-07T14:10:25.444+0100] {dag.py:3262} INFO - Creating ORM DAG for climate_data_pipeline
[2025-03-07T14:10:25.449+0100] {logging_mixin.py:190} INFO - [2025-03-07T14:10:25.448+0100] {dag.py:4180} INFO - Setting next_dagrun for climate_data_pipeline to 2025-03-06T00:00:00+00:00, run_after=2025-03-07T00:00:00+00:00
[2025-03-07T14:10:25.459+0100] {processor.py:208} INFO - Processing /Users/gabi/codes/climate_trace/climate_data_pipeline/dags/climate-data-dag-v0.py took 1.053 seconds
[2025-03-07T14:13:15.394+0100] {processor.py:186} INFO - Started process (PID=2914) to work on /Users/gabi/codes/climate_trace/climate_data_pipeline/dags/climate-data-dag-v0.py
[2025-03-07T14:13:15.397+0100] {processor.py:914} INFO - Processing file /Users/gabi/codes/climate_trace/climate_data_pipeline/dags/climate-data-dag-v0.py for tasks to queue
[2025-03-07T14:13:15.398+0100] {logging_mixin.py:190} INFO - [2025-03-07T14:13:15.398+0100] {dagbag.py:588} INFO - Filling up the DagBag from /Users/gabi/codes/climate_trace/climate_data_pipeline/dags/climate-data-dag-v0.py
[2025-03-07T14:13:16.291+0100] {processor.py:925} INFO - DAG(s) 'climate_data_pipeline' retrieved from /Users/gabi/codes/climate_trace/climate_data_pipeline/dags/climate-data-dag-v0.py
[2025-03-07T14:13:16.359+0100] {logging_mixin.py:190} INFO - [2025-03-07T14:13:16.359+0100] {dag.py:3239} INFO - Sync 1 DAGs
[2025-03-07T14:13:16.371+0100] {logging_mixin.py:190} INFO - [2025-03-07T14:13:16.371+0100] {dag.py:4180} INFO - Setting next_dagrun for climate_data_pipeline to 2025-03-06T00:00:00+00:00, run_after=2025-03-07T00:00:00+00:00
[2025-03-07T14:13:16.383+0100] {processor.py:208} INFO - Processing /Users/gabi/codes/climate_trace/climate_data_pipeline/dags/climate-data-dag-v0.py took 0.992 seconds
[2025-03-07T14:16:05.074+0100] {processor.py:186} INFO - Started process (PID=3185) to work on /Users/gabi/codes/climate_trace/climate_data_pipeline/dags/climate-data-dag-v0.py
[2025-03-07T14:16:05.077+0100] {processor.py:914} INFO - Processing file /Users/gabi/codes/climate_trace/climate_data_pipeline/dags/climate-data-dag-v0.py for tasks to queue
[2025-03-07T14:16:05.078+0100] {logging_mixin.py:190} INFO - [2025-03-07T14:16:05.077+0100] {dagbag.py:588} INFO - Filling up the DagBag from /Users/gabi/codes/climate_trace/climate_data_pipeline/dags/climate-data-dag-v0.py
[2025-03-07T14:16:05.954+0100] {processor.py:925} INFO - DAG(s) 'climate_data_pipeline' retrieved from /Users/gabi/codes/climate_trace/climate_data_pipeline/dags/climate-data-dag-v0.py
[2025-03-07T14:16:06.076+0100] {logging_mixin.py:190} INFO - [2025-03-07T14:16:06.076+0100] {dag.py:3239} INFO - Sync 1 DAGs
[2025-03-07T14:16:06.087+0100] {logging_mixin.py:190} INFO - [2025-03-07T14:16:06.087+0100] {dag.py:4180} INFO - Setting next_dagrun for climate_data_pipeline to 2025-03-07T00:00:00+00:00, run_after=2025-03-08T00:00:00+00:00
[2025-03-07T14:16:06.099+0100] {processor.py:208} INFO - Processing /Users/gabi/codes/climate_trace/climate_data_pipeline/dags/climate-data-dag-v0.py took 1.028 seconds
[2025-03-07T14:18:18.778+0100] {processor.py:186} INFO - Started process (PID=3438) to work on /Users/gabi/codes/climate_trace/climate_data_pipeline/dags/climate-data-dag-v0.py
[2025-03-07T14:18:18.781+0100] {processor.py:914} INFO - Processing file /Users/gabi/codes/climate_trace/climate_data_pipeline/dags/climate-data-dag-v0.py for tasks to queue
[2025-03-07T14:18:18.782+0100] {logging_mixin.py:190} INFO - [2025-03-07T14:18:18.782+0100] {dagbag.py:588} INFO - Filling up the DagBag from /Users/gabi/codes/climate_trace/climate_data_pipeline/dags/climate-data-dag-v0.py
[2025-03-07T14:18:19.662+0100] {processor.py:925} INFO - DAG(s) 'climate_data_pipeline' retrieved from /Users/gabi/codes/climate_trace/climate_data_pipeline/dags/climate-data-dag-v0.py
[2025-03-07T14:18:19.729+0100] {logging_mixin.py:190} INFO - [2025-03-07T14:18:19.728+0100] {dag.py:3239} INFO - Sync 1 DAGs
[2025-03-07T14:18:19.741+0100] {logging_mixin.py:190} INFO - [2025-03-07T14:18:19.740+0100] {dag.py:4180} INFO - Setting next_dagrun for climate_data_pipeline to 2025-03-07T00:00:00+00:00, run_after=2025-03-08T00:00:00+00:00
[2025-03-07T14:18:19.752+0100] {processor.py:208} INFO - Processing /Users/gabi/codes/climate_trace/climate_data_pipeline/dags/climate-data-dag-v0.py took 0.977 seconds
[2025-03-07T14:20:33.552+0100] {processor.py:186} INFO - Started process (PID=3737) to work on /Users/gabi/codes/climate_trace/climate_data_pipeline/dags/climate-data-dag-v0.py
[2025-03-07T14:20:33.555+0100] {processor.py:914} INFO - Processing file /Users/gabi/codes/climate_trace/climate_data_pipeline/dags/climate-data-dag-v0.py for tasks to queue
[2025-03-07T14:20:33.556+0100] {logging_mixin.py:190} INFO - [2025-03-07T14:20:33.555+0100] {dagbag.py:588} INFO - Filling up the DagBag from /Users/gabi/codes/climate_trace/climate_data_pipeline/dags/climate-data-dag-v0.py
[2025-03-07T14:20:34.427+0100] {processor.py:925} INFO - DAG(s) 'climate_data_pipeline' retrieved from /Users/gabi/codes/climate_trace/climate_data_pipeline/dags/climate-data-dag-v0.py
[2025-03-07T14:20:34.546+0100] {logging_mixin.py:190} INFO - [2025-03-07T14:20:34.546+0100] {dag.py:3239} INFO - Sync 1 DAGs
[2025-03-07T14:20:34.557+0100] {logging_mixin.py:190} INFO - [2025-03-07T14:20:34.557+0100] {dag.py:4180} INFO - Setting next_dagrun for climate_data_pipeline to 2025-03-07T00:00:00+00:00, run_after=2025-03-08T00:00:00+00:00
[2025-03-07T14:20:34.569+0100] {processor.py:208} INFO - Processing /Users/gabi/codes/climate_trace/climate_data_pipeline/dags/climate-data-dag-v0.py took 1.020 seconds
[2025-03-07T14:22:53.058+0100] {processor.py:186} INFO - Started process (PID=3971) to work on /Users/gabi/codes/climate_trace/climate_data_pipeline/dags/climate-data-dag-v0.py
[2025-03-07T14:22:53.062+0100] {processor.py:914} INFO - Processing file /Users/gabi/codes/climate_trace/climate_data_pipeline/dags/climate-data-dag-v0.py for tasks to queue
[2025-03-07T14:22:53.062+0100] {logging_mixin.py:190} INFO - [2025-03-07T14:22:53.062+0100] {dagbag.py:588} INFO - Filling up the DagBag from /Users/gabi/codes/climate_trace/climate_data_pipeline/dags/climate-data-dag-v0.py
[2025-03-07T14:22:53.934+0100] {processor.py:925} INFO - DAG(s) 'climate_data_pipeline' retrieved from /Users/gabi/codes/climate_trace/climate_data_pipeline/dags/climate-data-dag-v0.py
[2025-03-07T14:22:54.001+0100] {logging_mixin.py:190} INFO - [2025-03-07T14:22:54.001+0100] {dag.py:3239} INFO - Sync 1 DAGs
[2025-03-07T14:22:54.013+0100] {logging_mixin.py:190} INFO - [2025-03-07T14:22:54.012+0100] {dag.py:4180} INFO - Setting next_dagrun for climate_data_pipeline to 2025-03-07T00:00:00+00:00, run_after=2025-03-08T00:00:00+00:00
[2025-03-07T14:22:54.024+0100] {processor.py:208} INFO - Processing /Users/gabi/codes/climate_trace/climate_data_pipeline/dags/climate-data-dag-v0.py took 0.969 seconds
[2025-03-07T14:25:15.495+0100] {processor.py:186} INFO - Started process (PID=4194) to work on /Users/gabi/codes/climate_trace/climate_data_pipeline/dags/climate-data-dag-v0.py
[2025-03-07T14:25:15.498+0100] {processor.py:914} INFO - Processing file /Users/gabi/codes/climate_trace/climate_data_pipeline/dags/climate-data-dag-v0.py for tasks to queue
[2025-03-07T14:25:15.499+0100] {logging_mixin.py:190} INFO - [2025-03-07T14:25:15.499+0100] {dagbag.py:588} INFO - Filling up the DagBag from /Users/gabi/codes/climate_trace/climate_data_pipeline/dags/climate-data-dag-v0.py
[2025-03-07T14:25:16.394+0100] {processor.py:925} INFO - DAG(s) 'climate_data_pipeline' retrieved from /Users/gabi/codes/climate_trace/climate_data_pipeline/dags/climate-data-dag-v0.py
[2025-03-07T14:25:16.466+0100] {logging_mixin.py:190} INFO - [2025-03-07T14:25:16.465+0100] {dag.py:3239} INFO - Sync 1 DAGs
[2025-03-07T14:25:16.478+0100] {logging_mixin.py:190} INFO - [2025-03-07T14:25:16.478+0100] {dag.py:4180} INFO - Setting next_dagrun for climate_data_pipeline to 2025-03-07T00:00:00+00:00, run_after=2025-03-08T00:00:00+00:00
[2025-03-07T14:25:16.491+0100] {processor.py:208} INFO - Processing /Users/gabi/codes/climate_trace/climate_data_pipeline/dags/climate-data-dag-v0.py took 0.998 seconds
[2025-03-07T14:26:38.383+0100] {processor.py:186} INFO - Started process (PID=4333) to work on /Users/gabi/codes/climate_trace/climate_data_pipeline/dags/climate-data-dag-v0.py
[2025-03-07T14:26:38.386+0100] {processor.py:914} INFO - Processing file /Users/gabi/codes/climate_trace/climate_data_pipeline/dags/climate-data-dag-v0.py for tasks to queue
[2025-03-07T14:26:38.387+0100] {logging_mixin.py:190} INFO - [2025-03-07T14:26:38.387+0100] {dagbag.py:588} INFO - Filling up the DagBag from /Users/gabi/codes/climate_trace/climate_data_pipeline/dags/climate-data-dag-v0.py
[2025-03-07T14:26:39.280+0100] {processor.py:925} INFO - DAG(s) 'climate_data_pipeline' retrieved from /Users/gabi/codes/climate_trace/climate_data_pipeline/dags/climate-data-dag-v0.py
[2025-03-07T14:26:39.348+0100] {logging_mixin.py:190} INFO - [2025-03-07T14:26:39.348+0100] {dag.py:3239} INFO - Sync 1 DAGs
[2025-03-07T14:26:39.360+0100] {logging_mixin.py:190} INFO - [2025-03-07T14:26:39.360+0100] {dag.py:4180} INFO - Setting next_dagrun for climate_data_pipeline to 2025-03-07T00:00:00+00:00, run_after=2025-03-08T00:00:00+00:00
[2025-03-07T14:26:39.372+0100] {processor.py:208} INFO - Processing /Users/gabi/codes/climate_trace/climate_data_pipeline/dags/climate-data-dag-v0.py took 0.992 seconds
[2025-03-07T14:43:22.428+0100] {processor.py:186} INFO - Started process (PID=4850) to work on /Users/gabi/codes/climate_trace/climate_data_pipeline/dags/climate-data-dag-v0.py
[2025-03-07T14:43:22.431+0100] {processor.py:914} INFO - Processing file /Users/gabi/codes/climate_trace/climate_data_pipeline/dags/climate-data-dag-v0.py for tasks to queue
[2025-03-07T14:43:22.432+0100] {logging_mixin.py:190} INFO - [2025-03-07T14:43:22.432+0100] {dagbag.py:588} INFO - Filling up the DagBag from /Users/gabi/codes/climate_trace/climate_data_pipeline/dags/climate-data-dag-v0.py
[2025-03-07T14:43:23.321+0100] {processor.py:925} INFO - DAG(s) 'climate_data_dag_v0' retrieved from /Users/gabi/codes/climate_trace/climate_data_pipeline/dags/climate-data-dag-v0.py
[2025-03-07T14:43:23.444+0100] {logging_mixin.py:190} INFO - [2025-03-07T14:43:23.443+0100] {override.py:1901} INFO - Created Permission View: can read on DAG:climate_data_dag_v0
[2025-03-07T14:43:23.450+0100] {logging_mixin.py:190} INFO - [2025-03-07T14:43:23.450+0100] {override.py:1901} INFO - Created Permission View: can delete on DAG:climate_data_dag_v0
[2025-03-07T14:43:23.456+0100] {logging_mixin.py:190} INFO - [2025-03-07T14:43:23.455+0100] {override.py:1901} INFO - Created Permission View: can edit on DAG:climate_data_dag_v0
[2025-03-07T14:43:23.462+0100] {logging_mixin.py:190} INFO - [2025-03-07T14:43:23.462+0100] {override.py:1901} INFO - Created Permission View: menu access on DAG Run:climate_data_dag_v0
[2025-03-07T14:43:23.466+0100] {logging_mixin.py:190} INFO - [2025-03-07T14:43:23.466+0100] {override.py:1901} INFO - Created Permission View: can read on DAG Run:climate_data_dag_v0
[2025-03-07T14:43:23.471+0100] {logging_mixin.py:190} INFO - [2025-03-07T14:43:23.470+0100] {override.py:1901} INFO - Created Permission View: can create on DAG Run:climate_data_dag_v0
[2025-03-07T14:43:23.475+0100] {logging_mixin.py:190} INFO - [2025-03-07T14:43:23.474+0100] {override.py:1901} INFO - Created Permission View: can delete on DAG Run:climate_data_dag_v0
[2025-03-07T14:43:23.475+0100] {logging_mixin.py:190} INFO - [2025-03-07T14:43:23.475+0100] {dag.py:3239} INFO - Sync 1 DAGs
[2025-03-07T14:43:23.484+0100] {logging_mixin.py:190} INFO - [2025-03-07T14:43:23.483+0100] {dag.py:3262} INFO - Creating ORM DAG for climate_data_dag_v0
[2025-03-07T14:43:23.489+0100] {logging_mixin.py:190} INFO - [2025-03-07T14:43:23.489+0100] {dag.py:4180} INFO - Setting next_dagrun for climate_data_dag_v0 to 2025-03-06T00:00:00+00:00, run_after=2025-03-07T00:00:00+00:00
[2025-03-07T14:43:23.503+0100] {processor.py:208} INFO - Processing /Users/gabi/codes/climate_trace/climate_data_pipeline/dags/climate-data-dag-v0.py took 1.078 seconds
[2025-03-07T14:46:10.648+0100] {processor.py:186} INFO - Started process (PID=5076) to work on /Users/gabi/codes/climate_trace/climate_data_pipeline/dags/climate-data-dag-v0.py
[2025-03-07T14:46:10.651+0100] {processor.py:914} INFO - Processing file /Users/gabi/codes/climate_trace/climate_data_pipeline/dags/climate-data-dag-v0.py for tasks to queue
[2025-03-07T14:46:10.652+0100] {logging_mixin.py:190} INFO - [2025-03-07T14:46:10.652+0100] {dagbag.py:588} INFO - Filling up the DagBag from /Users/gabi/codes/climate_trace/climate_data_pipeline/dags/climate-data-dag-v0.py
[2025-03-07T14:46:11.790+0100] {processor.py:925} INFO - DAG(s) 'climate_data_dag_v0' retrieved from /Users/gabi/codes/climate_trace/climate_data_pipeline/dags/climate-data-dag-v0.py
[2025-03-07T14:46:11.921+0100] {logging_mixin.py:190} INFO - [2025-03-07T14:46:11.921+0100] {dag.py:3239} INFO - Sync 1 DAGs
[2025-03-07T14:46:11.936+0100] {logging_mixin.py:190} INFO - [2025-03-07T14:46:11.936+0100] {dag.py:4180} INFO - Setting next_dagrun for climate_data_dag_v0 to 2025-03-06T00:00:00+00:00, run_after=2025-03-07T00:00:00+00:00
[2025-03-07T14:46:12.001+0100] {processor.py:208} INFO - Processing /Users/gabi/codes/climate_trace/climate_data_pipeline/dags/climate-data-dag-v0.py took 1.358 seconds
[2025-03-07T14:48:30.080+0100] {processor.py:186} INFO - Started process (PID=5332) to work on /Users/gabi/codes/climate_trace/climate_data_pipeline/dags/climate-data-dag-v0.py
[2025-03-07T14:48:30.083+0100] {processor.py:914} INFO - Processing file /Users/gabi/codes/climate_trace/climate_data_pipeline/dags/climate-data-dag-v0.py for tasks to queue
[2025-03-07T14:48:30.084+0100] {logging_mixin.py:190} INFO - [2025-03-07T14:48:30.084+0100] {dagbag.py:588} INFO - Filling up the DagBag from /Users/gabi/codes/climate_trace/climate_data_pipeline/dags/climate-data-dag-v0.py
[2025-03-07T14:48:30.971+0100] {processor.py:925} INFO - DAG(s) 'climate_data_dag_v0' retrieved from /Users/gabi/codes/climate_trace/climate_data_pipeline/dags/climate-data-dag-v0.py
[2025-03-07T14:48:31.040+0100] {logging_mixin.py:190} INFO - [2025-03-07T14:48:31.040+0100] {dag.py:3239} INFO - Sync 1 DAGs
[2025-03-07T14:48:31.052+0100] {logging_mixin.py:190} INFO - [2025-03-07T14:48:31.051+0100] {dag.py:4180} INFO - Setting next_dagrun for climate_data_dag_v0 to 2025-03-06T00:00:00+00:00, run_after=2025-03-07T00:00:00+00:00
[2025-03-07T14:48:31.063+0100] {processor.py:208} INFO - Processing /Users/gabi/codes/climate_trace/climate_data_pipeline/dags/climate-data-dag-v0.py took 0.986 seconds
[2025-03-07T14:49:17.000+0100] {processor.py:186} INFO - Started process (PID=5467) to work on /Users/gabi/codes/climate_trace/climate_data_pipeline/dags/climate-data-dag-v0.py
[2025-03-07T14:49:17.003+0100] {processor.py:914} INFO - Processing file /Users/gabi/codes/climate_trace/climate_data_pipeline/dags/climate-data-dag-v0.py for tasks to queue
[2025-03-07T14:49:17.004+0100] {logging_mixin.py:190} INFO - [2025-03-07T14:49:17.004+0100] {dagbag.py:588} INFO - Filling up the DagBag from /Users/gabi/codes/climate_trace/climate_data_pipeline/dags/climate-data-dag-v0.py
[2025-03-07T14:49:17.912+0100] {processor.py:925} INFO - DAG(s) 'climate_data_dag_v0' retrieved from /Users/gabi/codes/climate_trace/climate_data_pipeline/dags/climate-data-dag-v0.py
[2025-03-07T14:49:17.981+0100] {logging_mixin.py:190} INFO - [2025-03-07T14:49:17.980+0100] {dag.py:3239} INFO - Sync 1 DAGs
[2025-03-07T14:49:17.993+0100] {logging_mixin.py:190} INFO - [2025-03-07T14:49:17.993+0100] {dag.py:4180} INFO - Setting next_dagrun for climate_data_dag_v0 to 2025-03-06T00:00:00+00:00, run_after=2025-03-07T00:00:00+00:00
[2025-03-07T14:49:18.005+0100] {processor.py:208} INFO - Processing /Users/gabi/codes/climate_trace/climate_data_pipeline/dags/climate-data-dag-v0.py took 1.008 seconds
[2025-03-07T14:51:48.327+0100] {processor.py:186} INFO - Started process (PID=5798) to work on /Users/gabi/codes/climate_trace/climate_data_pipeline/dags/climate-data-dag-v0.py
[2025-03-07T14:51:48.330+0100] {processor.py:914} INFO - Processing file /Users/gabi/codes/climate_trace/climate_data_pipeline/dags/climate-data-dag-v0.py for tasks to queue
[2025-03-07T14:51:48.331+0100] {logging_mixin.py:190} INFO - [2025-03-07T14:51:48.331+0100] {dagbag.py:588} INFO - Filling up the DagBag from /Users/gabi/codes/climate_trace/climate_data_pipeline/dags/climate-data-dag-v0.py
[2025-03-07T14:51:49.211+0100] {processor.py:925} INFO - DAG(s) 'climate_data_dag_v0' retrieved from /Users/gabi/codes/climate_trace/climate_data_pipeline/dags/climate-data-dag-v0.py
[2025-03-07T14:51:49.278+0100] {logging_mixin.py:190} INFO - [2025-03-07T14:51:49.278+0100] {dag.py:3239} INFO - Sync 1 DAGs
[2025-03-07T14:51:49.290+0100] {logging_mixin.py:190} INFO - [2025-03-07T14:51:49.290+0100] {dag.py:4180} INFO - Setting next_dagrun for climate_data_dag_v0 to 2025-03-06T00:00:00+00:00, run_after=2025-03-07T00:00:00+00:00
[2025-03-07T14:51:49.301+0100] {processor.py:208} INFO - Processing /Users/gabi/codes/climate_trace/climate_data_pipeline/dags/climate-data-dag-v0.py took 0.977 seconds
[2025-03-07T14:52:45.584+0100] {processor.py:186} INFO - Started process (PID=5928) to work on /Users/gabi/codes/climate_trace/climate_data_pipeline/dags/climate-data-dag-v0.py
[2025-03-07T14:52:45.587+0100] {processor.py:914} INFO - Processing file /Users/gabi/codes/climate_trace/climate_data_pipeline/dags/climate-data-dag-v0.py for tasks to queue
[2025-03-07T14:52:45.588+0100] {logging_mixin.py:190} INFO - [2025-03-07T14:52:45.588+0100] {dagbag.py:588} INFO - Filling up the DagBag from /Users/gabi/codes/climate_trace/climate_data_pipeline/dags/climate-data-dag-v0.py
[2025-03-07T14:52:46.513+0100] {processor.py:925} INFO - DAG(s) 'climate_data_dag_v0' retrieved from /Users/gabi/codes/climate_trace/climate_data_pipeline/dags/climate-data-dag-v0.py
[2025-03-07T14:52:46.584+0100] {logging_mixin.py:190} INFO - [2025-03-07T14:52:46.583+0100] {dag.py:3239} INFO - Sync 1 DAGs
[2025-03-07T14:52:46.600+0100] {logging_mixin.py:190} INFO - [2025-03-07T14:52:46.600+0100] {dag.py:4180} INFO - Setting next_dagrun for climate_data_dag_v0 to 2025-03-06T00:00:00+00:00, run_after=2025-03-07T00:00:00+00:00
[2025-03-07T14:52:46.615+0100] {processor.py:208} INFO - Processing /Users/gabi/codes/climate_trace/climate_data_pipeline/dags/climate-data-dag-v0.py took 1.034 seconds
[2025-03-07T14:55:33.543+0100] {processor.py:186} INFO - Started process (PID=6236) to work on /Users/gabi/codes/climate_trace/climate_data_pipeline/dags/climate-data-dag-v0.py
[2025-03-07T14:55:33.546+0100] {processor.py:914} INFO - Processing file /Users/gabi/codes/climate_trace/climate_data_pipeline/dags/climate-data-dag-v0.py for tasks to queue
[2025-03-07T14:55:33.547+0100] {logging_mixin.py:190} INFO - [2025-03-07T14:55:33.547+0100] {dagbag.py:588} INFO - Filling up the DagBag from /Users/gabi/codes/climate_trace/climate_data_pipeline/dags/climate-data-dag-v0.py
[2025-03-07T14:55:34.409+0100] {processor.py:925} INFO - DAG(s) 'climate_data_dag_v0' retrieved from /Users/gabi/codes/climate_trace/climate_data_pipeline/dags/climate-data-dag-v0.py
[2025-03-07T14:55:34.475+0100] {logging_mixin.py:190} INFO - [2025-03-07T14:55:34.475+0100] {dag.py:3239} INFO - Sync 1 DAGs
[2025-03-07T14:55:34.488+0100] {logging_mixin.py:190} INFO - [2025-03-07T14:55:34.488+0100] {dag.py:4180} INFO - Setting next_dagrun for climate_data_dag_v0 to 2025-03-06T00:00:00+00:00, run_after=2025-03-07T00:00:00+00:00
[2025-03-07T14:55:34.500+0100] {processor.py:208} INFO - Processing /Users/gabi/codes/climate_trace/climate_data_pipeline/dags/climate-data-dag-v0.py took 0.960 seconds
[2025-03-07T14:57:45.950+0100] {processor.py:186} INFO - Started process (PID=6509) to work on /Users/gabi/codes/climate_trace/climate_data_pipeline/dags/climate-data-dag-v0.py
[2025-03-07T14:57:45.953+0100] {processor.py:914} INFO - Processing file /Users/gabi/codes/climate_trace/climate_data_pipeline/dags/climate-data-dag-v0.py for tasks to queue
[2025-03-07T14:57:45.954+0100] {logging_mixin.py:190} INFO - [2025-03-07T14:57:45.954+0100] {dagbag.py:588} INFO - Filling up the DagBag from /Users/gabi/codes/climate_trace/climate_data_pipeline/dags/climate-data-dag-v0.py
[2025-03-07T14:57:46.813+0100] {processor.py:925} INFO - DAG(s) 'climate_data_dag_v0' retrieved from /Users/gabi/codes/climate_trace/climate_data_pipeline/dags/climate-data-dag-v0.py
[2025-03-07T14:57:46.879+0100] {logging_mixin.py:190} INFO - [2025-03-07T14:57:46.879+0100] {dag.py:3239} INFO - Sync 1 DAGs
[2025-03-07T14:57:46.891+0100] {logging_mixin.py:190} INFO - [2025-03-07T14:57:46.890+0100] {dag.py:4180} INFO - Setting next_dagrun for climate_data_dag_v0 to 2025-03-06T00:00:00+00:00, run_after=2025-03-07T00:00:00+00:00
[2025-03-07T14:57:46.902+0100] {processor.py:208} INFO - Processing /Users/gabi/codes/climate_trace/climate_data_pipeline/dags/climate-data-dag-v0.py took 0.954 seconds
[2025-03-07T14:59:55.421+0100] {processor.py:186} INFO - Started process (PID=6790) to work on /Users/gabi/codes/climate_trace/climate_data_pipeline/dags/climate-data-dag-v0.py
[2025-03-07T14:59:55.425+0100] {processor.py:914} INFO - Processing file /Users/gabi/codes/climate_trace/climate_data_pipeline/dags/climate-data-dag-v0.py for tasks to queue
[2025-03-07T14:59:55.426+0100] {logging_mixin.py:190} INFO - [2025-03-07T14:59:55.426+0100] {dagbag.py:588} INFO - Filling up the DagBag from /Users/gabi/codes/climate_trace/climate_data_pipeline/dags/climate-data-dag-v0.py
[2025-03-07T14:59:56.366+0100] {processor.py:925} INFO - DAG(s) 'climate_data_dag_v0' retrieved from /Users/gabi/codes/climate_trace/climate_data_pipeline/dags/climate-data-dag-v0.py
[2025-03-07T14:59:56.437+0100] {logging_mixin.py:190} INFO - [2025-03-07T14:59:56.436+0100] {dag.py:3239} INFO - Sync 1 DAGs
[2025-03-07T14:59:56.449+0100] {logging_mixin.py:190} INFO - [2025-03-07T14:59:56.449+0100] {dag.py:4180} INFO - Setting next_dagrun for climate_data_dag_v0 to 2025-03-06T00:00:00+00:00, run_after=2025-03-07T00:00:00+00:00
[2025-03-07T14:59:56.461+0100] {processor.py:208} INFO - Processing /Users/gabi/codes/climate_trace/climate_data_pipeline/dags/climate-data-dag-v0.py took 1.044 seconds
[2025-03-07T15:02:22.158+0100] {processor.py:186} INFO - Started process (PID=7054) to work on /Users/gabi/codes/climate_trace/climate_data_pipeline/dags/climate-data-dag-v0.py
[2025-03-07T15:02:22.161+0100] {processor.py:914} INFO - Processing file /Users/gabi/codes/climate_trace/climate_data_pipeline/dags/climate-data-dag-v0.py for tasks to queue
[2025-03-07T15:02:22.162+0100] {logging_mixin.py:190} INFO - [2025-03-07T15:02:22.162+0100] {dagbag.py:588} INFO - Filling up the DagBag from /Users/gabi/codes/climate_trace/climate_data_pipeline/dags/climate-data-dag-v0.py
[2025-03-07T15:02:23.061+0100] {processor.py:925} INFO - DAG(s) 'climate_data_dag_v0' retrieved from /Users/gabi/codes/climate_trace/climate_data_pipeline/dags/climate-data-dag-v0.py
[2025-03-07T15:02:23.130+0100] {logging_mixin.py:190} INFO - [2025-03-07T15:02:23.130+0100] {dag.py:3239} INFO - Sync 1 DAGs
[2025-03-07T15:02:23.142+0100] {logging_mixin.py:190} INFO - [2025-03-07T15:02:23.142+0100] {dag.py:4180} INFO - Setting next_dagrun for climate_data_dag_v0 to 2025-03-06T00:00:00+00:00, run_after=2025-03-07T00:00:00+00:00
[2025-03-07T15:02:23.153+0100] {processor.py:208} INFO - Processing /Users/gabi/codes/climate_trace/climate_data_pipeline/dags/climate-data-dag-v0.py took 0.998 seconds
[2025-03-07T15:04:43.653+0100] {processor.py:186} INFO - Started process (PID=7257) to work on /Users/gabi/codes/climate_trace/climate_data_pipeline/dags/climate-data-dag-v0.py
[2025-03-07T15:04:43.657+0100] {processor.py:914} INFO - Processing file /Users/gabi/codes/climate_trace/climate_data_pipeline/dags/climate-data-dag-v0.py for tasks to queue
[2025-03-07T15:04:43.658+0100] {logging_mixin.py:190} INFO - [2025-03-07T15:04:43.657+0100] {dagbag.py:588} INFO - Filling up the DagBag from /Users/gabi/codes/climate_trace/climate_data_pipeline/dags/climate-data-dag-v0.py
[2025-03-07T15:04:44.586+0100] {processor.py:925} INFO - DAG(s) 'climate_data_dag_v0' retrieved from /Users/gabi/codes/climate_trace/climate_data_pipeline/dags/climate-data-dag-v0.py
[2025-03-07T15:04:44.657+0100] {logging_mixin.py:190} INFO - [2025-03-07T15:04:44.657+0100] {dag.py:3239} INFO - Sync 1 DAGs
[2025-03-07T15:04:44.670+0100] {logging_mixin.py:190} INFO - [2025-03-07T15:04:44.670+0100] {dag.py:4180} INFO - Setting next_dagrun for climate_data_dag_v0 to 2025-03-06T00:00:00+00:00, run_after=2025-03-07T00:00:00+00:00
[2025-03-07T15:04:44.682+0100] {processor.py:208} INFO - Processing /Users/gabi/codes/climate_trace/climate_data_pipeline/dags/climate-data-dag-v0.py took 1.031 seconds
[2025-03-07T15:07:07.358+0100] {processor.py:186} INFO - Started process (PID=7552) to work on /Users/gabi/codes/climate_trace/climate_data_pipeline/dags/climate-data-dag-v0.py
[2025-03-07T15:07:07.361+0100] {processor.py:914} INFO - Processing file /Users/gabi/codes/climate_trace/climate_data_pipeline/dags/climate-data-dag-v0.py for tasks to queue
[2025-03-07T15:07:07.362+0100] {logging_mixin.py:190} INFO - [2025-03-07T15:07:07.362+0100] {dagbag.py:588} INFO - Filling up the DagBag from /Users/gabi/codes/climate_trace/climate_data_pipeline/dags/climate-data-dag-v0.py
[2025-03-07T15:07:08.251+0100] {processor.py:925} INFO - DAG(s) 'climate_data_dag_v0' retrieved from /Users/gabi/codes/climate_trace/climate_data_pipeline/dags/climate-data-dag-v0.py
[2025-03-07T15:07:08.319+0100] {logging_mixin.py:190} INFO - [2025-03-07T15:07:08.319+0100] {dag.py:3239} INFO - Sync 1 DAGs
[2025-03-07T15:07:08.332+0100] {logging_mixin.py:190} INFO - [2025-03-07T15:07:08.331+0100] {dag.py:4180} INFO - Setting next_dagrun for climate_data_dag_v0 to 2025-03-06T00:00:00+00:00, run_after=2025-03-07T00:00:00+00:00
[2025-03-07T15:07:08.344+0100] {processor.py:208} INFO - Processing /Users/gabi/codes/climate_trace/climate_data_pipeline/dags/climate-data-dag-v0.py took 0.989 seconds
[2025-03-07T15:09:33.748+0100] {processor.py:186} INFO - Started process (PID=7798) to work on /Users/gabi/codes/climate_trace/climate_data_pipeline/dags/climate-data-dag-v0.py
[2025-03-07T15:09:33.751+0100] {processor.py:914} INFO - Processing file /Users/gabi/codes/climate_trace/climate_data_pipeline/dags/climate-data-dag-v0.py for tasks to queue
[2025-03-07T15:09:33.752+0100] {logging_mixin.py:190} INFO - [2025-03-07T15:09:33.752+0100] {dagbag.py:588} INFO - Filling up the DagBag from /Users/gabi/codes/climate_trace/climate_data_pipeline/dags/climate-data-dag-v0.py
[2025-03-07T15:09:34.647+0100] {processor.py:925} INFO - DAG(s) 'climate_data_dag_v0' retrieved from /Users/gabi/codes/climate_trace/climate_data_pipeline/dags/climate-data-dag-v0.py
[2025-03-07T15:09:34.714+0100] {logging_mixin.py:190} INFO - [2025-03-07T15:09:34.714+0100] {dag.py:3239} INFO - Sync 1 DAGs
[2025-03-07T15:09:34.726+0100] {logging_mixin.py:190} INFO - [2025-03-07T15:09:34.726+0100] {dag.py:4180} INFO - Setting next_dagrun for climate_data_dag_v0 to 2025-03-06T00:00:00+00:00, run_after=2025-03-07T00:00:00+00:00
[2025-03-07T15:09:34.738+0100] {processor.py:208} INFO - Processing /Users/gabi/codes/climate_trace/climate_data_pipeline/dags/climate-data-dag-v0.py took 0.993 seconds
[2025-03-07T15:12:08.489+0100] {processor.py:186} INFO - Started process (PID=8085) to work on /Users/gabi/codes/climate_trace/climate_data_pipeline/dags/climate-data-dag-v0.py
[2025-03-07T15:12:08.492+0100] {processor.py:914} INFO - Processing file /Users/gabi/codes/climate_trace/climate_data_pipeline/dags/climate-data-dag-v0.py for tasks to queue
[2025-03-07T15:12:08.493+0100] {logging_mixin.py:190} INFO - [2025-03-07T15:12:08.493+0100] {dagbag.py:588} INFO - Filling up the DagBag from /Users/gabi/codes/climate_trace/climate_data_pipeline/dags/climate-data-dag-v0.py
[2025-03-07T15:12:09.389+0100] {processor.py:925} INFO - DAG(s) 'climate_data_dag_v0' retrieved from /Users/gabi/codes/climate_trace/climate_data_pipeline/dags/climate-data-dag-v0.py
[2025-03-07T15:12:09.458+0100] {logging_mixin.py:190} INFO - [2025-03-07T15:12:09.457+0100] {dag.py:3239} INFO - Sync 1 DAGs
[2025-03-07T15:12:09.470+0100] {logging_mixin.py:190} INFO - [2025-03-07T15:12:09.470+0100] {dag.py:4180} INFO - Setting next_dagrun for climate_data_dag_v0 to 2025-03-06T00:00:00+00:00, run_after=2025-03-07T00:00:00+00:00
[2025-03-07T15:12:09.483+0100] {processor.py:208} INFO - Processing /Users/gabi/codes/climate_trace/climate_data_pipeline/dags/climate-data-dag-v0.py took 0.998 seconds
[2025-03-07T15:15:12.479+0100] {processor.py:186} INFO - Started process (PID=8442) to work on /Users/gabi/codes/climate_trace/climate_data_pipeline/dags/climate-data-dag-v0.py
[2025-03-07T15:15:12.482+0100] {processor.py:914} INFO - Processing file /Users/gabi/codes/climate_trace/climate_data_pipeline/dags/climate-data-dag-v0.py for tasks to queue
[2025-03-07T15:15:12.483+0100] {logging_mixin.py:190} INFO - [2025-03-07T15:15:12.482+0100] {dagbag.py:588} INFO - Filling up the DagBag from /Users/gabi/codes/climate_trace/climate_data_pipeline/dags/climate-data-dag-v0.py
[2025-03-07T15:15:13.374+0100] {processor.py:925} INFO - DAG(s) 'climate_data_dag_v0' retrieved from /Users/gabi/codes/climate_trace/climate_data_pipeline/dags/climate-data-dag-v0.py
[2025-03-07T15:15:13.442+0100] {logging_mixin.py:190} INFO - [2025-03-07T15:15:13.441+0100] {dag.py:3239} INFO - Sync 1 DAGs
[2025-03-07T15:15:13.454+0100] {logging_mixin.py:190} INFO - [2025-03-07T15:15:13.454+0100] {dag.py:4180} INFO - Setting next_dagrun for climate_data_dag_v0 to 2025-03-06T00:00:00+00:00, run_after=2025-03-07T00:00:00+00:00
[2025-03-07T15:15:13.466+0100] {processor.py:208} INFO - Processing /Users/gabi/codes/climate_trace/climate_data_pipeline/dags/climate-data-dag-v0.py took 0.991 seconds
[2025-03-07T15:17:33.508+0100] {processor.py:186} INFO - Started process (PID=8669) to work on /Users/gabi/codes/climate_trace/climate_data_pipeline/dags/climate-data-dag-v0.py
[2025-03-07T15:17:33.511+0100] {processor.py:914} INFO - Processing file /Users/gabi/codes/climate_trace/climate_data_pipeline/dags/climate-data-dag-v0.py for tasks to queue
[2025-03-07T15:17:33.512+0100] {logging_mixin.py:190} INFO - [2025-03-07T15:17:33.512+0100] {dagbag.py:588} INFO - Filling up the DagBag from /Users/gabi/codes/climate_trace/climate_data_pipeline/dags/climate-data-dag-v0.py
[2025-03-07T15:17:34.398+0100] {processor.py:925} INFO - DAG(s) 'climate_data_dag_v0' retrieved from /Users/gabi/codes/climate_trace/climate_data_pipeline/dags/climate-data-dag-v0.py
[2025-03-07T15:17:34.465+0100] {logging_mixin.py:190} INFO - [2025-03-07T15:17:34.465+0100] {dag.py:3239} INFO - Sync 1 DAGs
[2025-03-07T15:17:34.476+0100] {logging_mixin.py:190} INFO - [2025-03-07T15:17:34.476+0100] {dag.py:4180} INFO - Setting next_dagrun for climate_data_dag_v0 to 2025-03-06T00:00:00+00:00, run_after=2025-03-07T00:00:00+00:00
[2025-03-07T15:17:34.488+0100] {processor.py:208} INFO - Processing /Users/gabi/codes/climate_trace/climate_data_pipeline/dags/climate-data-dag-v0.py took 0.982 seconds
