[0m14:37:35.692291 [debug] [MainThread]: Sending event: {'category': 'dbt', 'action': 'invocation', 'label': 'start', 'context': [<snowplow_tracker.self_describing_json.SelfDescribingJson object at 0x10da388e0>, <snowplow_tracker.self_describing_json.SelfDescribingJson object at 0x10fbebe80>, <snowplow_tracker.self_describing_json.SelfDescribingJson object at 0x10fc13fd0>]}


============================== 14:37:35.696051 | e45afb29-1333-4059-9359-bd120d1fe84a ==============================
[0m14:37:35.696051 [info ] [MainThread]: Running with dbt=1.8.7
[0m14:37:35.696691 [debug] [MainThread]: running dbt with arguments {'printer_width': '80', 'indirect_selection': 'eager', 'write_json': 'True', 'log_cache_events': 'False', 'partial_parse': 'True', 'cache_selected_only': 'False', 'profiles_dir': '/Users/gabi/.dbt', 'debug': 'False', 'warn_error': 'None', 'log_path': 'logs', 'version_check': 'True', 'fail_fast': 'False', 'use_colors': 'True', 'use_experimental_parser': 'False', 'no_print': 'None', 'quiet': 'False', 'empty': 'None', 'warn_error_options': 'WarnErrorOptions(include=[], exclude=[])', 'static_parser': 'True', 'introspect': 'True', 'invocation_command': 'dbt init climate_transforms', 'target_path': 'None', 'log_format': 'default', 'send_anonymous_usage_stats': 'True'}
[0m14:37:35.705185 [debug] [MainThread]: Starter project path: /usr/local/anaconda3/envs/airflow_env/lib/python3.8/site-packages/dbt/include/starter_project
[0m14:37:35.710068 [info ] [MainThread]: 
Your new dbt project "climate_transforms" was created!

For more information on how to configure the profiles.yml file,
please consult the dbt documentation here:

  https://docs.getdbt.com/docs/configure-your-profile

One more thing:

Need help? Don't hesitate to reach out to us via GitHub issues or on Slack:

  https://community.getdbt.com/

Happy modeling!

[0m14:37:35.710565 [info ] [MainThread]: Setting up your profile.
[0m14:38:41.346440 [info ] [MainThread]: Profile climate_transforms written to /Users/gabi/.dbt/profiles.yml using target's profile_template.yml and your supplied values. Run 'dbt debug' to validate the connection.
[0m14:38:41.348611 [debug] [MainThread]: Resource report: {"command_name": "init", "command_success": true, "command_wall_clock_time": 65.72906, "process_user_time": 2.613086, "process_kernel_time": 0.590278, "process_mem_max_rss": "185630720", "process_in_blocks": "0", "process_out_blocks": "0"}
[0m14:38:41.349289 [debug] [MainThread]: Command `dbt init` succeeded at 14:38:41.349164 after 65.73 seconds
[0m14:38:41.349713 [debug] [MainThread]: Sending event: {'category': 'dbt', 'action': 'invocation', 'label': 'end', 'context': [<snowplow_tracker.self_describing_json.SelfDescribingJson object at 0x10da388e0>, <snowplow_tracker.self_describing_json.SelfDescribingJson object at 0x10fc157f0>, <snowplow_tracker.self_describing_json.SelfDescribingJson object at 0x10fd125b0>]}
[0m14:38:41.350214 [debug] [MainThread]: Flushing usage events
[0m14:38:55.842095 [debug] [MainThread]: Sending event: {'category': 'dbt', 'action': 'invocation', 'label': 'start', 'context': [<snowplow_tracker.self_describing_json.SelfDescribingJson object at 0x10c52d850>, <snowplow_tracker.self_describing_json.SelfDescribingJson object at 0x10e6e9f40>, <snowplow_tracker.self_describing_json.SelfDescribingJson object at 0x10e744fd0>]}


============================== 14:38:55.845848 | d9c1845e-1f73-406c-91d5-a7bac4dc578c ==============================
[0m14:38:55.845848 [info ] [MainThread]: Running with dbt=1.8.7
[0m14:38:55.846480 [debug] [MainThread]: running dbt with arguments {'printer_width': '80', 'indirect_selection': 'eager', 'write_json': 'True', 'log_cache_events': 'False', 'partial_parse': 'True', 'cache_selected_only': 'False', 'profiles_dir': '/Users/gabi/.dbt', 'fail_fast': 'False', 'debug': 'False', 'log_path': 'logs', 'version_check': 'True', 'warn_error': 'None', 'use_colors': 'True', 'use_experimental_parser': 'False', 'empty': 'None', 'quiet': 'False', 'no_print': 'None', 'log_format': 'default', 'static_parser': 'True', 'introspect': 'True', 'warn_error_options': 'WarnErrorOptions(include=[], exclude=[])', 'target_path': 'None', 'invocation_command': 'dbt debug', 'send_anonymous_usage_stats': 'True'}
[0m14:38:55.855582 [info ] [MainThread]: dbt version: 1.8.7
[0m14:38:55.856052 [info ] [MainThread]: python version: 3.8.20
[0m14:38:55.856413 [info ] [MainThread]: python path: /usr/local/anaconda3/envs/airflow_env/bin/python
[0m14:38:55.856741 [info ] [MainThread]: os info: macOS-10.16-x86_64-i386-64bit
[0m14:38:56.980070 [info ] [MainThread]: Using profiles dir at /Users/gabi/.dbt
[0m14:38:56.980615 [info ] [MainThread]: Using profiles.yml file at /Users/gabi/.dbt/profiles.yml
[0m14:38:56.980976 [info ] [MainThread]: Using dbt_project.yml file at /Users/gabi/codes/climate_trace/climate_data_pipeline/dbt_climate_data/dbt_project.yml
[0m14:38:56.981325 [info ] [MainThread]: adapter type: bigquery
[0m14:38:56.981650 [info ] [MainThread]: adapter version: 1.8.3
[0m14:38:56.982007 [info ] [MainThread]: Configuration:
[0m14:38:56.982340 [info ] [MainThread]:   profiles.yml file [[32mOK found and valid[0m]
[0m14:38:56.982681 [info ] [MainThread]:   dbt_project.yml file [[31mERROR not found[0m]
[0m14:38:56.983018 [info ] [MainThread]: Required dependencies:
[0m14:38:56.983440 [debug] [MainThread]: Executing "git --help"
[0m14:38:57.012918 [debug] [MainThread]: STDOUT: "b"usage: git [-v | --version] [-h | --help] [-C <path>] [-c <name>=<value>]\n           [--exec-path[=<path>]] [--html-path] [--man-path] [--info-path]\n           [-p | --paginate | -P | --no-pager] [--no-replace-objects] [--bare]\n           [--git-dir=<path>] [--work-tree=<path>] [--namespace=<name>]\n           [--super-prefix=<path>] [--config-env=<name>=<envvar>]\n           <command> [<args>]\n\nThese are common Git commands used in various situations:\n\nstart a working area (see also: git help tutorial)\n   clone     Clone a repository into a new directory\n   init      Create an empty Git repository or reinitialize an existing one\n\nwork on the current change (see also: git help everyday)\n   add       Add file contents to the index\n   mv        Move or rename a file, a directory, or a symlink\n   restore   Restore working tree files\n   rm        Remove files from the working tree and from the index\n\nexamine the history and state (see also: git help revisions)\n   bisect    Use binary search to find the commit that introduced a bug\n   diff      Show changes between commits, commit and working tree, etc\n   grep      Print lines matching a pattern\n   log       Show commit logs\n   show      Show various types of objects\n   status    Show the working tree status\n\ngrow, mark and tweak your common history\n   branch    List, create, or delete branches\n   commit    Record changes to the repository\n   merge     Join two or more development histories together\n   rebase    Reapply commits on top of another base tip\n   reset     Reset current HEAD to the specified state\n   switch    Switch branches\n   tag       Create, list, delete or verify a tag object signed with GPG\n\ncollaborate (see also: git help workflows)\n   fetch     Download objects and refs from another repository\n   pull      Fetch from and integrate with another repository or a local branch\n   push      Update remote refs along with associated objects\n\n'git help -a' and 'git help -g' list available subcommands and some\nconcept guides. See 'git help <command>' or 'git help <concept>'\nto read about a specific subcommand or concept.\nSee 'git help git' for an overview of the system.\n""
[0m14:38:57.013913 [debug] [MainThread]: STDERR: "b''"
[0m14:38:57.014332 [info ] [MainThread]:  - git [[32mOK found[0m]

[0m14:38:57.014729 [info ] [MainThread]: Connection:
[0m14:38:57.015206 [info ] [MainThread]:   method: service-account
[0m14:38:57.015553 [info ] [MainThread]:   database: peppy-plateau-447914-j6
[0m14:38:57.015878 [info ] [MainThread]:   execution_project: peppy-plateau-447914-j6
[0m14:38:57.016222 [info ] [MainThread]:   schema: zoomcamp_climate_dbt
[0m14:38:57.016562 [info ] [MainThread]:   location: US
[0m14:38:57.016920 [info ] [MainThread]:   priority: interactive
[0m14:38:57.017266 [info ] [MainThread]:   maximum_bytes_billed: None
[0m14:38:57.017583 [info ] [MainThread]:   impersonate_service_account: None
[0m14:38:57.017899 [info ] [MainThread]:   job_retry_deadline_seconds: None
[0m14:38:57.018213 [info ] [MainThread]:   job_retries: 1
[0m14:38:57.018526 [info ] [MainThread]:   job_creation_timeout_seconds: None
[0m14:38:57.018840 [info ] [MainThread]:   job_execution_timeout_seconds: 300
[0m14:38:57.019152 [info ] [MainThread]:   timeout_seconds: 300
[0m14:38:57.019466 [info ] [MainThread]:   client_id: None
[0m14:38:57.019809 [info ] [MainThread]:   token_uri: None
[0m14:38:57.020147 [info ] [MainThread]:   dataproc_region: None
[0m14:38:57.020485 [info ] [MainThread]:   dataproc_cluster_name: None
[0m14:38:57.020823 [info ] [MainThread]:   gcs_bucket: None
[0m14:38:57.021162 [info ] [MainThread]:   dataproc_batch: None
[0m14:38:57.021997 [info ] [MainThread]: Registered adapter: bigquery=1.8.3
[0m14:38:57.031506 [debug] [MainThread]: Acquiring new bigquery connection 'debug'
[0m14:38:57.032827 [debug] [MainThread]: Opening a new connection, currently in state init
[0m14:38:57.070801 [debug] [MainThread]: On debug: select 1 as id
[0m14:38:57.909873 [debug] [MainThread]: BigQuery adapter: https://console.cloud.google.com/bigquery?project=peppy-plateau-447914-j6&j=bq:US:0dfe43c3-4209-465c-82fe-cda331dd0896&page=queryresults
[0m14:38:58.529466 [info ] [MainThread]:   Connection test: [[32mOK connection ok[0m]

[0m14:38:58.530017 [info ] [MainThread]: [31m1 check failed:[0m
[0m14:38:58.530369 [info ] [MainThread]: Project loading failed for the following reason:
 project path </Users/gabi/codes/climate_trace/climate_data_pipeline/dbt_climate_data/dbt_project.yml> not found

[0m14:38:58.532429 [debug] [MainThread]: Resource report: {"command_name": "debug", "command_wall_clock_time": 2.76193, "process_user_time": 2.759892, "process_kernel_time": 0.630241, "process_mem_max_rss": "190357504", "command_success": false, "process_in_blocks": "0", "process_out_blocks": "0"}
[0m14:38:58.533134 [debug] [MainThread]: Command `dbt debug` failed at 14:38:58.533018 after 2.76 seconds
[0m14:38:58.533569 [debug] [MainThread]: Connection 'debug' was properly closed.
[0m14:38:58.533980 [debug] [MainThread]: Sending event: {'category': 'dbt', 'action': 'invocation', 'label': 'end', 'context': [<snowplow_tracker.self_describing_json.SelfDescribingJson object at 0x10c52d850>, <snowplow_tracker.self_describing_json.SelfDescribingJson object at 0x12e20fb20>, <snowplow_tracker.self_describing_json.SelfDescribingJson object at 0x10e744820>]}
[0m14:38:58.534405 [debug] [MainThread]: Flushing usage events
