[2025-03-07T14:23:44.485+0100] {local_task_job_runner.py:123} INFO - ::group::Pre task execution logs
[2025-03-07T14:23:44.492+0100] {taskinstance.py:2614} INFO - Dependencies all met for dep_context=non-requeueable deps ti=<TaskInstance: climate_data_pipeline.extract_climate_trace_data manual__2025-03-07T13:23:29.510705+00:00 [queued]>
[2025-03-07T14:23:44.496+0100] {taskinstance.py:2614} INFO - Dependencies all met for dep_context=requeueable deps ti=<TaskInstance: climate_data_pipeline.extract_climate_trace_data manual__2025-03-07T13:23:29.510705+00:00 [queued]>
[2025-03-07T14:23:44.496+0100] {taskinstance.py:2867} INFO - Starting attempt 1 of 2
[2025-03-07T14:23:44.504+0100] {taskinstance.py:2890} INFO - Executing <Task(PythonOperator): extract_climate_trace_data> on 2025-03-07 13:23:29.510705+00:00
[2025-03-07T14:23:44.511+0100] {standard_task_runner.py:72} INFO - Started process 4066 to run task
[2025-03-07T14:23:44.517+0100] {standard_task_runner.py:104} INFO - Running: ['airflow', 'tasks', 'run', 'climate_data_pipeline', 'extract_climate_trace_data', 'manual__2025-03-07T13:23:29.510705+00:00', '--job-id', '7', '--raw', '--subdir', 'DAGS_FOLDER/climate-data-dag-v0.py', '--cfg-path', '/var/folders/55/x1yqz6851xj6j2f0smdhs4jh0000gn/T/tmp969_x3d8']
[2025-03-07T14:23:44.519+0100] {standard_task_runner.py:105} INFO - Job 7: Subtask extract_climate_trace_data
[2025-03-07T14:23:44.551+0100] {task_command.py:467} INFO - Running <TaskInstance: climate_data_pipeline.extract_climate_trace_data manual__2025-03-07T13:23:29.510705+00:00 [running]> on host gabis-imac-pro.local
[2025-03-07T14:23:44.593+0100] {taskinstance.py:3134} INFO - Exporting env vars: AIRFLOW_CTX_DAG_OWNER='airflow' AIRFLOW_CTX_DAG_ID='climate_data_pipeline' AIRFLOW_CTX_TASK_ID='extract_climate_trace_data' AIRFLOW_CTX_EXECUTION_DATE='2025-03-07T13:23:29.510705+00:00' AIRFLOW_CTX_TRY_NUMBER='1' AIRFLOW_CTX_DAG_RUN_ID='manual__2025-03-07T13:23:29.510705+00:00'
[2025-03-07T14:23:44.594+0100] {logging_mixin.py:190} INFO - Task instance is in running state
[2025-03-07T14:23:44.595+0100] {logging_mixin.py:190} INFO -  Previous state of the Task instance: queued
[2025-03-07T14:23:44.595+0100] {logging_mixin.py:190} INFO - Current task name:extract_climate_trace_data state:running start_date:2025-03-07 13:23:44.492947+00:00
[2025-03-07T14:23:44.595+0100] {logging_mixin.py:190} INFO - Dag name:climate_data_pipeline and current dag run status:running
[2025-03-07T14:23:44.596+0100] {taskinstance.py:732} INFO - ::endgroup::
[2025-03-07T14:23:44.749+0100] {logging_mixin.py:190} INFO - Found 252 countries
[2025-03-07T14:23:44.750+0100] {logging_mixin.py:190} INFO - Processing emissions data for year 2020...
[2025-03-07T14:23:44.750+0100] {logging_mixin.py:190} INFO - Processing batch of 20 countries...
[2025-03-07T14:23:44.750+0100] {logging_mixin.py:190} INFO - Full request URL: https://api.climatetrace.org/v6/country/emissions?since=2020&to=2021&countries=ANT,SCG,ABW,AFG,AGO,AIA,ALA,ALB,AND,ARE,ARG,ARM,ASM,ATA,ATF,ATG,AUS,AUT,AZE,BDI
[2025-03-07T14:23:44.846+0100] {logging_mixin.py:190} INFO - Response status: 200
[2025-03-07T14:23:44.847+0100] {logging_mixin.py:190} INFO - Response content: [{"country":"ASM","continent":"null","rank":225,"previousRank":225,"assetCount":null,"emissions":{"co2":650863.9964501355,"ch4":330.03646767010804,"n2o":34.42765749969647,"co2e_100yr":669314.5323311462,"co2e_20yr":686982.817185575},"worldEmissions":{"co2":88098342433.76155,"ch4":757881198.9823462,"n2o":18714377.63893609,"co2e_100yr":117365445676.69862,"co2e_20yr":160171092396.60013},"emissionsChange":{"co2":8669.088046593888,"ch4":-6.022174092030567,"n2o":0.250397190005412,"co2e_100yr":8579.8110...
[2025-03-07T14:23:44.848+0100] {logging_mixin.py:190} INFO - Processing batch of 20 countries...
[2025-03-07T14:23:44.849+0100] {logging_mixin.py:190} INFO - Full request URL: https://api.climatetrace.org/v6/country/emissions?since=2020&to=2021&countries=BEL,BEN,BES,BFA,BGD,BGR,BHR,BHS,BIH,BLM,BLR,BLZ,BMU,BOL,BRA,BRB,BRN,BTN,BVT,BWA
[2025-03-07T14:23:44.942+0100] {logging_mixin.py:190} INFO - Response status: 200
[2025-03-07T14:23:44.942+0100] {logging_mixin.py:190} INFO - Response content: [{"country":"BMU","continent":"null","rank":195,"previousRank":200,"assetCount":null,"emissions":{"co2":1890393.9832135758,"ch4":2378.656968812145,"n2o":37.45314787077843,"co2e_100yr":1965515.2086862805,"co2e_20yr":2092945.9481673846},"worldEmissions":{"co2":88098342433.76155,"ch4":757881198.9823462,"n2o":18714377.63893609,"co2e_100yr":117365445676.69862,"co2e_20yr":160171092396.60013},"emissionsChange":{"co2":73559.46355999784,"ch4":4.174637932203712,"n2o":3.3836587013089314,"co2e_100yr":74622....
[2025-03-07T14:23:44.944+0100] {logging_mixin.py:190} INFO - Processing batch of 20 countries...
[2025-03-07T14:23:44.945+0100] {logging_mixin.py:190} INFO - Full request URL: https://api.climatetrace.org/v6/country/emissions?since=2020&to=2021&countries=CAF,CAN,CCK,CHE,CHL,CHN,CIV,CMR,COD,COG,COK,COL,COM,CPV,CRI,CUB,CUW,CXR,CYM,CYP
[2025-03-07T14:23:45.045+0100] {logging_mixin.py:190} INFO - Response status: 200
[2025-03-07T14:23:45.045+0100] {logging_mixin.py:190} INFO - Response content: [{"country":"COG","continent":"null","rank":120,"previousRank":119,"assetCount":null,"emissions":{"co2":29768104.94287641,"ch4":1107277.9844436555,"n2o":3470.217311087292,"co2e_100yr":62370513.04775686,"co2e_20yr":122280850.73747551},"worldEmissions":{"co2":88098342433.76155,"ch4":757881198.9823462,"n2o":18714377.63893609,"co2e_100yr":117365445676.69862,"co2e_20yr":160171092396.60013},"emissionsChange":{"co2":-457225.08919333643,"ch4":-46703.94050194137,"n2o":-20.010369947956193,"co2e_100yr":-17...
[2025-03-07T14:23:45.047+0100] {logging_mixin.py:190} INFO - Processing batch of 20 countries...
[2025-03-07T14:23:45.047+0100] {logging_mixin.py:190} INFO - Full request URL: https://api.climatetrace.org/v6/country/emissions?since=2020&to=2021&countries=CZE,DEU,DJI,DMA,DNK,DOM,DZA,ECU,EGY,ERI,ESH,ESP,EST,ETH,FIN,FJI,FLK,FRA,FRO,FSM
[2025-03-07T14:23:45.139+0100] {logging_mixin.py:190} INFO - Response status: 200
[2025-03-07T14:23:45.140+0100] {logging_mixin.py:190} INFO - Response content: [{"country":"EST","continent":"null","rank":126,"previousRank":126,"assetCount":null,"emissions":{"co2":42638643.59625365,"ch4":93869.37191851351,"n2o":13654.958226048198,"co2e_100yr":49492909.53237144,"co2e_20yr":54964905.45136758},"worldEmissions":{"co2":88098342433.76155,"ch4":757881198.9823462,"n2o":18714377.63893609,"co2e_100yr":117365445676.69862,"co2e_20yr":160171092396.60013},"emissionsChange":{"co2":776387.6040583089,"ch4":-43.32365768810783,"n2o":25.612075148787206,"co2e_100yr":777678....
[2025-03-07T14:23:45.142+0100] {logging_mixin.py:190} INFO - Processing batch of 20 countries...
[2025-03-07T14:23:45.142+0100] {logging_mixin.py:190} INFO - Full request URL: https://api.climatetrace.org/v6/country/emissions?since=2020&to=2021&countries=GAB,GBR,GEO,GGY,GHA,GIB,GIN,GLP,GMB,GNB,GNQ,GRC,GRD,GRL,GTM,GUF,GUM,GUY,HKG,HMD
[2025-03-07T14:23:45.244+0100] {logging_mixin.py:190} INFO - Response status: 200
[2025-03-07T14:23:45.244+0100] {logging_mixin.py:190} INFO - Response content: [{"country":"GGY","continent":"null","rank":223,"previousRank":232,"assetCount":null,"emissions":{"co2":506004.752072668,"ch4":211.4577029560873,"n2o":42.45913087050379,"co2e_100yr":523389.2493463607,"co2e_20yr":534712.7909077515},"worldEmissions":{"co2":88098342433.76155,"ch4":757881198.9823462,"n2o":18714377.63893609,"co2e_100yr":117365445676.69862,"co2e_20yr":160171092396.60013},"emissionsChange":{"co2":260886.92645243806,"ch4":8.553711640033551,"n2o":6.5058942096267245,"co2e_100yr":262898.42...
[2025-03-07T14:23:45.246+0100] {logging_mixin.py:190} INFO - Processing batch of 20 countries...
[2025-03-07T14:23:45.246+0100] {logging_mixin.py:190} INFO - Full request URL: https://api.climatetrace.org/v6/country/emissions?since=2020&to=2021&countries=HND,HRV,HTI,HUN,IDN,IMN,IND,IOT,IRL,IRN,IRQ,ISL,ISR,ITA,JAM,JEY,JOR,JPN,KAZ,KEN
[2025-03-07T14:23:45.342+0100] {logging_mixin.py:190} INFO - Response status: 200
[2025-03-07T14:23:45.343+0100] {logging_mixin.py:190} INFO - Response content: [{"country":"HUN","continent":"null","rank":74,"previousRank":73,"assetCount":null,"emissions":{"co2":124328951.83879834,"ch4":592933.5390703188,"n2o":55990.83996718268,"co2e_100yr":161736079.72056675,"co2e_20yr":199068789.48126748},"worldEmissions":{"co2":88098342433.76155,"ch4":757881198.9823462,"n2o":18714377.63893609,"co2e_100yr":117365445676.69862,"co2e_20yr":160171092396.60013},"emissionsChange":{"co2":2514087.9805875886,"ch4":-2296.485425149392,"n2o":693.3614734709768,"co2e_100yr":2611923...
[2025-03-07T14:23:45.345+0100] {logging_mixin.py:190} INFO - Processing batch of 20 countries...
[2025-03-07T14:23:45.345+0100] {logging_mixin.py:190} INFO - Full request URL: https://api.climatetrace.org/v6/country/emissions?since=2020&to=2021&countries=KGZ,KHM,KIR,KNA,KOR,XKX,KWT,LAO,LBN,LBR,LBY,LCA,LIE,LKA,LSO,LTU,LUX,LVA,MAC,MAF
[2025-03-07T14:23:45.433+0100] {logging_mixin.py:190} INFO - Response status: 200
[2025-03-07T14:23:45.433+0100] {logging_mixin.py:190} INFO - Response content: [{"country":"MAF","continent":"null","rank":217,"previousRank":220,"assetCount":null,"emissions":{"co2":838292.1123990008,"ch4":91.88405169926823,"n2o":14.747500291632752,"co2e_100yr":844842.7038806527,"co2e_20yr":849758.7402956897},"worldEmissions":{"co2":88098342433.76155,"ch4":757881198.9823462,"n2o":18714377.63893609,"co2e_100yr":117365445676.69862,"co2e_20yr":160171092396.60013},"emissionsChange":{"co2":70317.88404252639,"ch4":0.09788807789575107,"n2o":2.9928612890482147,"co2e_100yr":71139....
[2025-03-07T14:23:45.435+0100] {logging_mixin.py:190} INFO - Processing batch of 20 countries...
[2025-03-07T14:23:45.436+0100] {logging_mixin.py:190} INFO - Full request URL: https://api.climatetrace.org/v6/country/emissions?since=2020&to=2021&countries=MAR,MCO,MDA,MDG,MDV,MEX,MHL,MKD,MLI,MLT,MMR,MNE,MNG,MNP,MOZ,MRT,MSR,MTQ,MUS,MWI
[2025-03-07T14:23:45.538+0100] {logging_mixin.py:190} INFO - Response status: 200
[2025-03-07T14:23:45.538+0100] {logging_mixin.py:190} INFO - Response content: [{"country":"MDG","continent":"null","rank":99,"previousRank":99,"assetCount":null,"emissions":{"co2":34942299.00134437,"ch4":1713908.8070138618,"n2o":34850.84721916241,"co2e_100yr":93626538.72138467,"co2e_20yr":187389853.3277332},"worldEmissions":{"co2":88098342433.76155,"ch4":757881198.9823462,"n2o":18714377.63893609,"co2e_100yr":117365445676.69862,"co2e_20yr":160171092396.60013},"emissionsChange":{"co2":309052.85894979746,"ch4":52533.07910993917,"n2o":-523.2223348295814,"co2e_100yr":1600010.4...
[2025-03-07T14:23:45.541+0100] {logging_mixin.py:190} INFO - Processing batch of 20 countries...
[2025-03-07T14:23:45.541+0100] {logging_mixin.py:190} INFO - Full request URL: https://api.climatetrace.org/v6/country/emissions?since=2020&to=2021&countries=MYS,MYT,NAM,NCL,NER,NFK,NGA,NIC,NIU,NLD,NOR,NPL,NRU,NZL,OMN,PAK,PAN,PCN,PER,PHL
[2025-03-07T14:23:45.642+0100] {logging_mixin.py:190} INFO - Response status: 200
[2025-03-07T14:23:45.642+0100] {logging_mixin.py:190} INFO - Response content: [{"country":"NRU","continent":"null","rank":239,"previousRank":240,"assetCount":null,"emissions":{"co2":109219.16425693822,"ch4":232.80594173785602,"n2o":5.839692848710643,"co2e_100yr":117224.41266521557,"co2e_20yr":129671.51611405228},"worldEmissions":{"co2":88098342433.76155,"ch4":757881198.9823462,"n2o":18714377.63893609,"co2e_100yr":117365445676.69862,"co2e_20yr":160171092396.60013},"emissionsChange":{"co2":7757.427255286586,"ch4":1.8725829634416866,"n2o":0.46947523805313585,"co2e_100yr":794...
[2025-03-07T14:23:45.644+0100] {logging_mixin.py:190} INFO - Processing batch of 20 countries...
[2025-03-07T14:23:45.645+0100] {logging_mixin.py:190} INFO - Full request URL: https://api.climatetrace.org/v6/country/emissions?since=2020&to=2021&countries=PLW,PNG,POL,PRI,PRK,PRT,PRY,PSE,PYF,QAT,REU,ROU,RUS,RWA,SAU,SDN,SEN,SGP,SGS,SHN
[2025-03-07T14:23:45.739+0100] {logging_mixin.py:190} INFO - Response status: 200
[2025-03-07T14:23:45.740+0100] {logging_mixin.py:190} INFO - Response content: [{"country":"PRY","continent":"null","rank":90,"previousRank":93,"assetCount":null,"emissions":{"co2":35459929.36939767,"ch4":2006929.4855896446,"n2o":52451.768923481344,"co2e_100yr":106752636.585125,"co2e_20yr":215450496.6149351},"worldEmissions":{"co2":88098342433.76155,"ch4":757881198.9823462,"n2o":18714377.63893609,"co2e_100yr":117365445676.69862,"co2e_20yr":160171092396.60013},"emissionsChange":{"co2":2133890.810710971,"ch4":48128.516547692976,"n2o":-1031.0149304780687,"co2e_100yr":3209859....
[2025-03-07T14:23:45.741+0100] {logging_mixin.py:190} INFO - Processing batch of 20 countries...
[2025-03-07T14:23:45.742+0100] {logging_mixin.py:190} INFO - Full request URL: https://api.climatetrace.org/v6/country/emissions?since=2020&to=2021&countries=SJM,SLB,SLE,SLV,SMR,SOM,SPM,SRB,SSD,STP,SUR,SVK,SVN,SWE,SWZ,SXM,SYC,SYR,TCA,TCD
[2025-03-07T14:23:45.842+0100] {logging_mixin.py:190} INFO - Response status: 200
[2025-03-07T14:23:45.842+0100] {logging_mixin.py:190} INFO - Response content: [{"country":"SOM","continent":"null","rank":114,"previousRank":113,"assetCount":null,"emissions":{"co2":16401276.470199136,"ch4":1646393.8849687239,"n2o":40395.682041664906,"co2e_100yr":76757996.30401082,"co2e_20yr":168461277.33391264},"worldEmissions":{"co2":88098342433.76155,"ch4":757881198.9823462,"n2o":18714377.63893609,"co2e_100yr":117365445676.69862,"co2e_20yr":160171092396.60013},"emissionsChange":{"co2":157955.15455543387,"ch4":-3624.5661813216993,"n2o":-388.4099008144406,"co2e_100yr":10...
[2025-03-07T14:23:45.844+0100] {logging_mixin.py:190} INFO - Processing batch of 20 countries...
[2025-03-07T14:23:45.845+0100] {logging_mixin.py:190} INFO - Full request URL: https://api.climatetrace.org/v6/country/emissions?since=2020&to=2021&countries=TGO,THA,TJK,TKL,TKM,TLS,TON,TTO,TUN,TUR,TUV,TWN,TZA,UGA,UKR,UMI,URY,USA,UZB,VAT
[2025-03-07T14:23:45.935+0100] {logging_mixin.py:190} INFO - Response status: 200
[2025-03-07T14:23:45.935+0100] {logging_mixin.py:190} INFO - Response content: [{"country":"VAT","continent":"null","rank":245,"previousRank":244,"assetCount":null,"emissions":{"co2":27608.646340654206,"ch4":49.99254579008414,"n2o":0.8619729603453651,"co2e_100yr":29296.21987449649,"co2e_20yr":31943.50340059189},"worldEmissions":{"co2":88098342433.76155,"ch4":757881198.9823462,"n2o":18714377.63893609,"co2e_100yr":117365445676.69862,"co2e_20yr":160171092396.60013},"emissionsChange":{"co2":944.8753895386714,"ch4":0.02686914868823222,"n2o":0.001187844673921776,"co2e_100yr":946...
[2025-03-07T14:23:45.937+0100] {logging_mixin.py:190} INFO - Processing batch of 12 countries...
[2025-03-07T14:23:45.937+0100] {logging_mixin.py:190} INFO - Full request URL: https://api.climatetrace.org/v6/country/emissions?since=2020&to=2021&countries=VCT,VEN,VGB,VIR,VNM,VUT,WLF,WSM,YEM,ZAF,ZMB,ZWE
[2025-03-07T14:23:46.025+0100] {logging_mixin.py:190} INFO - Response status: 200
[2025-03-07T14:23:46.025+0100] {logging_mixin.py:190} INFO - Response content: [{"country":"VCT","continent":"null","rank":209,"previousRank":211,"assetCount":null,"emissions":{"co2":1087755.499162096,"ch4":3393.6316534846355,"n2o":68.7349614780069,"co2e_100yr":1199553.1881929103,"co2e_20yr":1381649.327544894},"worldEmissions":{"co2":88098342433.76155,"ch4":757881198.9823462,"n2o":18714377.63893609,"co2e_100yr":117365445676.69862,"co2e_20yr":160171092396.60013},"emissionsChange":{"co2":-7982.718320164132,"ch4":7.673010037110893,"n2o":-0.3085289523233527,"co2e_100yr":-7856....
[2025-03-07T14:23:46.035+0100] {logging_mixin.py:190} INFO - Saved emissions data for 2020 to /Users/gabi/codes/climate_trace/climate_data_pipeline/data/climate_trace/global_emissions_2020.csv
[2025-03-07T14:23:46.036+0100] {python.py:240} INFO - Done. Returned value was: /Users/gabi/codes/climate_trace/climate_data_pipeline/data/climate_trace/global_emissions_2020.csv
[2025-03-07T14:23:46.045+0100] {taskinstance.py:341} INFO - ::group::Post task execution logs
[2025-03-07T14:23:46.046+0100] {taskinstance.py:353} INFO - Marking task as SUCCESS. dag_id=climate_data_pipeline, task_id=extract_climate_trace_data, run_id=manual__2025-03-07T13:23:29.510705+00:00, execution_date=20250307T132329, start_date=20250307T132344, end_date=20250307T132346
[2025-03-07T14:23:46.055+0100] {logging_mixin.py:190} INFO - Task instance in success state
[2025-03-07T14:23:46.055+0100] {logging_mixin.py:190} INFO -  Previous state of the Task instance: running
[2025-03-07T14:23:46.056+0100] {logging_mixin.py:190} INFO - Dag name:climate_data_pipeline queued_at:2025-03-07 13:23:29.525120+00:00
[2025-03-07T14:23:46.056+0100] {logging_mixin.py:190} INFO - Task hostname:gabis-imac-pro.local operator:PythonOperator
[2025-03-07T14:23:46.084+0100] {local_task_job_runner.py:266} INFO - Task exited with return code 0
[2025-03-07T14:23:46.093+0100] {taskinstance.py:3901} INFO - 0 downstream tasks scheduled from follow-on schedule check
[2025-03-07T14:23:46.094+0100] {local_task_job_runner.py:245} INFO - ::endgroup::
