[2025-03-07T16:29:07.685+0100] {local_task_job_runner.py:123} INFO - ::group::Pre task execution logs
[2025-03-07T16:29:07.692+0100] {taskinstance.py:2614} INFO - Dependencies all met for dep_context=non-requeueable deps ti=<TaskInstance: climate_data_pipeline.extract_climate_trace_data manual__2025-03-07T15:28:51.107561+00:00 [queued]>
[2025-03-07T16:29:07.696+0100] {taskinstance.py:2614} INFO - Dependencies all met for dep_context=requeueable deps ti=<TaskInstance: climate_data_pipeline.extract_climate_trace_data manual__2025-03-07T15:28:51.107561+00:00 [queued]>
[2025-03-07T16:29:07.696+0100] {taskinstance.py:2867} INFO - Starting attempt 1 of 2
[2025-03-07T16:29:07.703+0100] {taskinstance.py:2890} INFO - Executing <Task(PythonOperator): extract_climate_trace_data> on 2025-03-07 15:28:51.107561+00:00
[2025-03-07T16:29:07.710+0100] {standard_task_runner.py:72} INFO - Started process 16187 to run task
[2025-03-07T16:29:07.716+0100] {standard_task_runner.py:104} INFO - Running: ['airflow', 'tasks', 'run', 'climate_data_pipeline', 'extract_climate_trace_data', 'manual__2025-03-07T15:28:51.107561+00:00', '--job-id', '74', '--raw', '--subdir', 'DAGS_FOLDER/climate-data-dag.py', '--cfg-path', '/var/folders/55/x1yqz6851xj6j2f0smdhs4jh0000gn/T/tmpuszio3wz']
[2025-03-07T16:29:07.718+0100] {standard_task_runner.py:105} INFO - Job 74: Subtask extract_climate_trace_data
[2025-03-07T16:29:07.753+0100] {task_command.py:467} INFO - Running <TaskInstance: climate_data_pipeline.extract_climate_trace_data manual__2025-03-07T15:28:51.107561+00:00 [running]> on host gabis-imac-pro.local
[2025-03-07T16:29:07.795+0100] {taskinstance.py:3134} INFO - Exporting env vars: AIRFLOW_CTX_DAG_OWNER='zoomcamp' AIRFLOW_CTX_DAG_ID='climate_data_pipeline' AIRFLOW_CTX_TASK_ID='extract_climate_trace_data' AIRFLOW_CTX_EXECUTION_DATE='2025-03-07T15:28:51.107561+00:00' AIRFLOW_CTX_TRY_NUMBER='1' AIRFLOW_CTX_DAG_RUN_ID='manual__2025-03-07T15:28:51.107561+00:00'
[2025-03-07T16:29:07.797+0100] {logging_mixin.py:190} INFO - Task instance is in running state
[2025-03-07T16:29:07.797+0100] {logging_mixin.py:190} INFO -  Previous state of the Task instance: queued
[2025-03-07T16:29:07.797+0100] {logging_mixin.py:190} INFO - Current task name:extract_climate_trace_data state:running start_date:2025-03-07 15:29:07.692485+00:00
[2025-03-07T16:29:07.798+0100] {logging_mixin.py:190} INFO - Dag name:climate_data_pipeline and current dag run status:running
[2025-03-07T16:29:07.798+0100] {taskinstance.py:732} INFO - ::endgroup::
[2025-03-07T16:29:07.799+0100] {logging_mixin.py:190} INFO - Fetching list of countries from Climate Trace API
[2025-03-07T16:29:07.919+0100] {logging_mixin.py:190} INFO - Processing batch of 10 countries...
[2025-03-07T16:29:08.990+0100] {logging_mixin.py:190} INFO - Processing batch of 10 countries...
[2025-03-07T16:29:10.120+0100] {logging_mixin.py:190} INFO - Processing batch of 10 countries...
[2025-03-07T16:29:10.855+0100] {logging_mixin.py:190} INFO - Processing batch of 10 countries...
[2025-03-07T16:29:11.893+0100] {logging_mixin.py:190} INFO - Processing batch of 10 countries...
[2025-03-07T16:29:12.936+0100] {logging_mixin.py:190} INFO - Processing batch of 10 countries...
[2025-03-07T16:29:13.970+0100] {logging_mixin.py:190} INFO - Processing batch of 10 countries...
[2025-03-07T16:29:15.012+0100] {logging_mixin.py:190} INFO - Processing batch of 10 countries...
[2025-03-07T16:29:16.054+0100] {logging_mixin.py:190} INFO - Processing batch of 10 countries...
[2025-03-07T16:29:17.183+0100] {logging_mixin.py:190} INFO - Processing batch of 10 countries...
[2025-03-07T16:29:18.310+0100] {logging_mixin.py:190} INFO - Processing batch of 10 countries...
[2025-03-07T16:29:19.034+0100] {logging_mixin.py:190} INFO - Processing batch of 10 countries...
[2025-03-07T16:29:19.761+0100] {logging_mixin.py:190} INFO - Processing batch of 10 countries...
[2025-03-07T16:29:20.503+0100] {logging_mixin.py:190} INFO - Processing batch of 10 countries...
[2025-03-07T16:29:21.586+0100] {logging_mixin.py:190} INFO - Processing batch of 10 countries...
[2025-03-07T16:29:22.712+0100] {logging_mixin.py:190} INFO - Processing batch of 10 countries...
[2025-03-07T16:29:23.839+0100] {logging_mixin.py:190} INFO - Processing batch of 10 countries...
[2025-03-07T16:29:24.966+0100] {logging_mixin.py:190} INFO - Processing batch of 10 countries...
[2025-03-07T16:29:26.092+0100] {logging_mixin.py:190} INFO - Processing batch of 10 countries...
[2025-03-07T16:29:27.218+0100] {logging_mixin.py:190} INFO - Processing batch of 10 countries...
[2025-03-07T16:29:28.345+0100] {logging_mixin.py:190} INFO - Processing batch of 10 countries...
[2025-03-07T16:29:29.070+0100] {logging_mixin.py:190} INFO - Processing batch of 10 countries...
[2025-03-07T16:29:30.184+0100] {logging_mixin.py:190} INFO - Processing batch of 10 countries...
[2025-03-07T16:29:30.908+0100] {logging_mixin.py:190} INFO - Processing batch of 10 countries...
[2025-03-07T16:29:32.032+0100] {logging_mixin.py:190} INFO - Processing batch of 10 countries...
[2025-03-07T16:29:33.159+0100] {logging_mixin.py:190} INFO - Processing batch of 2 countries...
[2025-03-07T16:29:33.883+0100] {logging_mixin.py:190} INFO - Saved Climate Trace emissions to: /Users/gabi/codes/climate_trace/climate_data_pipeline/data/climate_trace/global_emissions_2024.csv
[2025-03-07T16:29:33.883+0100] {python.py:240} INFO - Done. Returned value was: /Users/gabi/codes/climate_trace/climate_data_pipeline/data/climate_trace/global_emissions_2024.csv
[2025-03-07T16:29:33.894+0100] {taskinstance.py:341} INFO - ::group::Post task execution logs
[2025-03-07T16:29:33.894+0100] {taskinstance.py:353} INFO - Marking task as SUCCESS. dag_id=climate_data_pipeline, task_id=extract_climate_trace_data, run_id=manual__2025-03-07T15:28:51.107561+00:00, execution_date=20250307T152851, start_date=20250307T152907, end_date=20250307T152933
[2025-03-07T16:29:34.078+0100] {logging_mixin.py:190} INFO - Task instance in success state
[2025-03-07T16:29:34.078+0100] {logging_mixin.py:190} INFO -  Previous state of the Task instance: running
[2025-03-07T16:29:34.079+0100] {logging_mixin.py:190} INFO - Dag name:climate_data_pipeline queued_at:2025-03-07 15:28:51.116964+00:00
[2025-03-07T16:29:34.079+0100] {logging_mixin.py:190} INFO - Task hostname:gabis-imac-pro.local operator:PythonOperator
[2025-03-07T16:29:34.112+0100] {local_task_job_runner.py:266} INFO - Task exited with return code 0
[2025-03-07T16:29:34.126+0100] {taskinstance.py:3901} INFO - 1 downstream tasks scheduled from follow-on schedule check
[2025-03-07T16:29:34.127+0100] {local_task_job_runner.py:245} INFO - ::endgroup::
