[2025-03-07T15:29:17.798+0100] {local_task_job_runner.py:123} INFO - ::group::Pre task execution logs
[2025-03-07T15:29:17.806+0100] {taskinstance.py:2614} INFO - Dependencies all met for dep_context=non-requeueable deps ti=<TaskInstance: climate_data_pipeline.extract_climate_trace_data manual__2025-03-07T14:29:01.335220+00:00 [queued]>
[2025-03-07T15:29:17.811+0100] {taskinstance.py:2614} INFO - Dependencies all met for dep_context=requeueable deps ti=<TaskInstance: climate_data_pipeline.extract_climate_trace_data manual__2025-03-07T14:29:01.335220+00:00 [queued]>
[2025-03-07T15:29:17.811+0100] {taskinstance.py:2867} INFO - Starting attempt 1 of 2
[2025-03-07T15:29:17.821+0100] {taskinstance.py:2890} INFO - Executing <Task(PythonOperator): extract_climate_trace_data> on 2025-03-07 14:29:01.335220+00:00
[2025-03-07T15:29:17.829+0100] {standard_task_runner.py:72} INFO - Started process 10295 to run task
[2025-03-07T15:29:17.835+0100] {standard_task_runner.py:104} INFO - Running: ['airflow', 'tasks', 'run', 'climate_data_pipeline', 'extract_climate_trace_data', 'manual__2025-03-07T14:29:01.335220+00:00', '--job-id', '30', '--raw', '--subdir', 'DAGS_FOLDER/climate-data-dag.py', '--cfg-path', '/var/folders/55/x1yqz6851xj6j2f0smdhs4jh0000gn/T/tmp_a0gepr0']
[2025-03-07T15:29:17.837+0100] {standard_task_runner.py:105} INFO - Job 30: Subtask extract_climate_trace_data
[2025-03-07T15:29:17.871+0100] {task_command.py:467} INFO - Running <TaskInstance: climate_data_pipeline.extract_climate_trace_data manual__2025-03-07T14:29:01.335220+00:00 [running]> on host gabis-imac-pro.local
[2025-03-07T15:29:17.918+0100] {taskinstance.py:3134} INFO - Exporting env vars: AIRFLOW_CTX_DAG_OWNER='zoomcamp' AIRFLOW_CTX_DAG_ID='climate_data_pipeline' AIRFLOW_CTX_TASK_ID='extract_climate_trace_data' AIRFLOW_CTX_EXECUTION_DATE='2025-03-07T14:29:01.335220+00:00' AIRFLOW_CTX_TRY_NUMBER='1' AIRFLOW_CTX_DAG_RUN_ID='manual__2025-03-07T14:29:01.335220+00:00'
[2025-03-07T15:29:17.919+0100] {logging_mixin.py:190} INFO - Task instance is in running state
[2025-03-07T15:29:17.920+0100] {logging_mixin.py:190} INFO -  Previous state of the Task instance: queued
[2025-03-07T15:29:17.920+0100] {logging_mixin.py:190} INFO - Current task name:extract_climate_trace_data state:running start_date:2025-03-07 14:29:17.806802+00:00
[2025-03-07T15:29:17.920+0100] {logging_mixin.py:190} INFO - Dag name:climate_data_pipeline and current dag run status:running
[2025-03-07T15:29:17.921+0100] {taskinstance.py:732} INFO - ::endgroup::
[2025-03-07T15:29:17.922+0100] {logging_mixin.py:190} INFO - Fetching list of countries from Climate Trace API
[2025-03-07T15:29:18.090+0100] {logging_mixin.py:190} INFO - Processing batch of 10 countries...
[2025-03-07T15:29:19.125+0100] {logging_mixin.py:190} INFO - Processing batch of 10 countries...
[2025-03-07T15:29:20.171+0100] {logging_mixin.py:190} INFO - Processing batch of 10 countries...
[2025-03-07T15:29:21.233+0100] {logging_mixin.py:190} INFO - Processing batch of 10 countries...
[2025-03-07T15:29:22.297+0100] {logging_mixin.py:190} INFO - Processing batch of 10 countries...
[2025-03-07T15:29:23.039+0100] {logging_mixin.py:190} INFO - Processing batch of 10 countries...
[2025-03-07T15:29:24.083+0100] {logging_mixin.py:190} INFO - Processing batch of 10 countries...
[2025-03-07T15:29:24.833+0100] {logging_mixin.py:190} INFO - Processing batch of 10 countries...
[2025-03-07T15:29:25.957+0100] {logging_mixin.py:190} INFO - Processing batch of 10 countries...
[2025-03-07T15:29:27.084+0100] {logging_mixin.py:190} INFO - Processing batch of 10 countries...
[2025-03-07T15:29:27.826+0100] {logging_mixin.py:190} INFO - Processing batch of 10 countries...
[2025-03-07T15:29:28.927+0100] {logging_mixin.py:190} INFO - Processing batch of 10 countries...
[2025-03-07T15:29:30.043+0100] {logging_mixin.py:190} INFO - Processing batch of 10 countries...
[2025-03-07T15:29:30.776+0100] {logging_mixin.py:190} INFO - Processing batch of 10 countries...
[2025-03-07T15:29:31.823+0100] {logging_mixin.py:190} INFO - Processing batch of 10 countries...
[2025-03-07T15:29:32.878+0100] {logging_mixin.py:190} INFO - Processing batch of 10 countries...
[2025-03-07T15:29:33.944+0100] {logging_mixin.py:190} INFO - Processing batch of 10 countries...
[2025-03-07T15:29:35.006+0100] {logging_mixin.py:190} INFO - Processing batch of 10 countries...
[2025-03-07T15:29:35.742+0100] {logging_mixin.py:190} INFO - Processing batch of 10 countries...
[2025-03-07T15:29:36.485+0100] {logging_mixin.py:190} INFO - Processing batch of 10 countries...
[2025-03-07T15:29:37.631+0100] {logging_mixin.py:190} INFO - Processing batch of 10 countries...
[2025-03-07T15:29:38.758+0100] {logging_mixin.py:190} INFO - Processing batch of 10 countries...
[2025-03-07T15:29:39.839+0100] {logging_mixin.py:190} INFO - Processing batch of 10 countries...
[2025-03-07T15:29:41.010+0100] {logging_mixin.py:190} INFO - Processing batch of 10 countries...
[2025-03-07T15:29:42.136+0100] {logging_mixin.py:190} INFO - Processing batch of 10 countries...
[2025-03-07T15:29:43.190+0100] {logging_mixin.py:190} INFO - Processing batch of 2 countries...
[2025-03-07T15:29:44.229+0100] {logging_mixin.py:190} INFO - Saved Climate Trace emissions to: /Users/gabi/codes/climate_trace/climate_data_pipeline/data/climate_trace/global_emissions_2016.csv
[2025-03-07T15:29:44.230+0100] {python.py:240} INFO - Done. Returned value was: /Users/gabi/codes/climate_trace/climate_data_pipeline/data/climate_trace/global_emissions_2016.csv
[2025-03-07T15:29:44.239+0100] {taskinstance.py:341} INFO - ::group::Post task execution logs
[2025-03-07T15:29:44.240+0100] {taskinstance.py:353} INFO - Marking task as SUCCESS. dag_id=climate_data_pipeline, task_id=extract_climate_trace_data, run_id=manual__2025-03-07T14:29:01.335220+00:00, execution_date=20250307T142901, start_date=20250307T142917, end_date=20250307T142944
[2025-03-07T15:29:44.249+0100] {logging_mixin.py:190} INFO - Task instance in success state
[2025-03-07T15:29:44.250+0100] {logging_mixin.py:190} INFO -  Previous state of the Task instance: running
[2025-03-07T15:29:44.250+0100] {logging_mixin.py:190} INFO - Dag name:climate_data_pipeline queued_at:2025-03-07 14:29:01.346752+00:00
[2025-03-07T15:29:44.251+0100] {logging_mixin.py:190} INFO - Task hostname:gabis-imac-pro.local operator:PythonOperator
[2025-03-07T15:29:44.266+0100] {local_task_job_runner.py:266} INFO - Task exited with return code 0
[2025-03-07T15:29:44.281+0100] {taskinstance.py:3901} INFO - 1 downstream tasks scheduled from follow-on schedule check
[2025-03-07T15:29:44.282+0100] {local_task_job_runner.py:245} INFO - ::endgroup::
